============================= test session starts =============================
platform win32 -- Python 3.11.9, pytest-9.0.3, pluggy-1.6.0 -- C:\Users\arger\AppData\Local\Programs\Python\Python311\python.exe
cachedir: .pytest_cache
rootdir: C:\Users\arger\code\algo
collecting ... collected 41 items

tests/backtest/test_backtest_regression.py::test_orchestrator_imports PASSED [  2%]
tests/backtest/test_backtest_regression.py::test_orchestrator_initialization PASSED [  4%]
tests/backtest/test_backtest_regression.py::test_orchestrator_phases_defined PASSED [  7%]
tests/backtest/test_backtest_regression.py::test_config_loading PASSED   [  9%]
tests/backtest/test_backtest_regression.py::test_trade_executor_imports PASSED [ 12%]
tests/backtest/test_backtest_regression.py::test_filter_pipeline_imports PASSED [ 14%]
tests/backtest/test_backtest_regression.py::test_circuit_breaker_imports PASSED [ 17%]
tests/backtest/test_backtest_regression.py::test_position_scaling[0] PASSED [ 19%]
tests/backtest/test_backtest_regression.py::test_position_scaling[1] PASSED [ 21%]
tests/backtest/test_backtest_regression.py::test_position_scaling[5] PASSED [ 24%]
tests/backtest/test_backtest_regression.py::test_position_scaling[10] PASSED [ 26%]
tests/backtest/test_backtest_regression.py::test_dry_run_mode PASSED     [ 29%]
tests/backtest/test_backtest_regression.py::test_signal_generation_ranking PASSED [ 31%]
tests/backtest/test_backtest_regression.py::test_market_calendar_initialized PASSED [ 34%]
tests/backtest/test_backtest_regression.py::test_alert_manager_initialized PASSED [ 36%]
tests/edge_cases/test_edge_cases.py::TestEdgeCases::test_empty_data_handling PASSED [ 39%]
tests/edge_cases/test_edge_cases.py::TestEdgeCases::test_extreme_values PASSED [ 41%]
tests/edge_cases/test_edge_cases.py::TestEdgeCases::test_null_handling PASSED [ 43%]
tests/integration/test_integration.py::TestIntegration::test_end_to_end_signal_generation PASSED [ 46%]
tests/integration/test_integration.py::TestIntegration::test_live_data_pipeline PASSED [ 48%]
tests/integration/test_integration.py::TestIntegration::test_placeholder PASSED [ 51%]
tests/test_api_lambda.py::test_api_lambda SKIPPED (AWS credentials n...) [ 53%]
tests/unit/test_circuit_breaker.py::TestCircuitBreakerInit::test_init_with_config PASSED [ 56%]
tests/unit/test_circuit_breaker.py::TestCircuitBreakerBasic::test_check_all PASSED [ 58%]
tests/unit/test_circuit_breaker.py::TestCircuitBreakerVIX::test_vix_spike_check PASSED [ 60%]
tests/unit/test_circuit_breaker.py::TestCircuitBreakerAll::test_all_breakers_integration PASSED [ 63%]
tests/unit/test_filter_pipeline.py::TestFilterPipelineInit::test_init_with_multiplier PASSED [ 65%]
tests/unit/test_filter_pipeline.py::TestFilterPipelineBasic::test_pipeline_creation PASSED [ 68%]
tests/unit/test_filter_pipeline.py::TestFilterPipelineBasic::test_apply_filters_empty_universe PASSED [ 70%]
tests/unit/test_filter_pipeline.py::TestFilterPipelineStages::test_liquidity_filter PASSED [ 73%]
tests/unit/test_filter_pipeline.py::TestFilterPipelineStages::test_technical_filter PASSED [ 75%]
tests/unit/test_filter_pipeline.py::TestFilterPipelineStages::test_fundamental_filter PASSED [ 78%]
tests/unit/test_filter_pipeline.py::TestFilterPipelineEdgeCases::test_handle_missing_data PASSED [ 80%]
tests/unit/test_filter_pipeline.py::TestFilterPipelineEdgeCases::test_handle_extreme_values PASSED [ 82%]
tests/unit/test_position_sizer.py::TestPositionSizerInit::test_init_with_config PASSED [ 85%]
tests/unit/test_position_sizer.py::TestPositionSizerInit::test_init_with_connection PASSED [ 87%]
tests/unit/test_position_sizer.py::TestPositionSizerBasic::test_get_position_count_no_positions PASSED [ 90%]
tests/unit/test_position_sizer.py::TestPositionSizerBasic::test_get_current_drawdown PASSED [ 92%]
tests/unit/test_position_sizer.py::TestPositionSizerCalculations::test_calculate_position_size PASSED [ 95%]
tests/unit/test_position_sizer.py::TestPositionSizerRiskAdjustment::test_get_risk_adjustment PASSED [ 97%]
tests/unit/test_position_sizer.py::TestPositionSizerRiskAdjustment::test_get_vix_caution_multiplier PASSED [100%]

======================= 40 passed, 1 skipped in 12.38s ========================
