============================= test session starts =============================
platform win32 -- Python 3.11.9, pytest-9.0.3, pluggy-1.6.0 -- C:\Users\arger\AppData\Local\Programs\Python\Python311\python.exe
cachedir: .pytest_cache
rootdir: C:\Users\arger\code\algo
configfile: pyproject.toml
plugins: cov-7.1.0
collecting ... collected 1482 items / 3 skipped

tests/api/test_null_sanitization.py::test_sanitize_nested_dict_with_nulls PASSED [  0%]
tests/api/test_null_sanitization.py::test_sanitize_list_with_nulls PASSED [  0%]
tests/api/test_null_sanitization.py::test_success_response_sanitizes PASSED [  0%]
tests/api/test_null_sanitization.py::test_list_response_sanitizes PASSED [  0%]
tests/api/test_null_sanitization.py::test_validate_no_nulls PASSED       [  0%]
tests/api/test_null_sanitization.py::test_json_serializable PASSED       [  0%]
tests/api/test_null_sanitization.py::test_json_response_sanitizes_success PASSED [  0%]
tests/api/test_null_sanitization.py::test_json_response_sanitizes_errors PASSED [  0%]
tests/api/test_null_sanitization.py::test_null_in_json_output PASSED     [  0%]
tests/edge_cases/test_edge_cases.py::TestEdgeCases::test_empty_data_handling PASSED [  0%]
tests/edge_cases/test_edge_cases.py::TestEdgeCases::test_extreme_values PASSED [  0%]
tests/edge_cases/test_edge_cases.py::TestEdgeCases::test_null_handling PASSED [  0%]
tests/infrastructure/test_untracked_positions_sync.py::TestUntrackedPositionsSync::test_empty_alpaca_positions_handling PASSED [  0%]
tests/infrastructure/test_untracked_positions_sync.py::TestUntrackedPositionsSync::test_orphan_detection_basic PASSED [  0%]
tests/infrastructure/test_untracked_positions_sync.py::TestUntrackedPositionsSync::test_position_value_calculation PASSED [  1%]
tests/infrastructure/test_untracked_positions_sync.py::TestUntrackedPositionsSync::test_quantity_validation PASSED [  1%]
tests/infrastructure/test_untracked_positions_sync.py::TestUntrackedPositionsSync::test_untracked_position_fields PASSED [  1%]
tests/integration/test_aws_lambda_execution_flow.py::TestAWSLambdaOrchestrationFlow::test_lambda_event_parser_extracts_execution_mode PASSED [  1%]
tests/integration/test_aws_lambda_execution_flow.py::TestAWSLambdaOrchestrationFlow::test_orchestrator_skip_phases_only_on_non_trading_days PASSED [  1%]
tests/integration/test_aws_lambda_execution_flow.py::TestAWSLambdaOrchestrationFlow::test_orchestrator_halts_when_phase_1_fails PASSED [  1%]
tests/integration/test_aws_lambda_execution_flow.py::TestAWSLambdaOrchestrationFlow::test_growth_scores_available_in_phase_5_signal_generation PASSED [  1%]
tests/integration/test_aws_lambda_execution_flow.py::TestAWSLambdaOrchestrationFlow::test_phase_8_entry_execution_requires_phase_7_signals PASSED [  1%]
tests/integration/test_aws_lambda_execution_flow.py::TestAWSLambdaOrchestrationFlow::test_paper_trading_mode_entry_execution_path PASSED [  1%]
tests/integration/test_aws_lambda_execution_flow.py::TestAWSLambdaOrchestrationFlow::test_phase_9_reconciliation_always_runs PASSED [  1%]
tests/integration/test_aws_lambda_execution_flow.py::TestAWSLambdaOrchestrationFlow::test_dashboard_can_display_paper_trading_positions PASSED [  1%]
tests/integration/test_aws_lambda_execution_flow.py::TestAWSLambdaOrchestrationFlow::test_metric_loaders_run_before_stock_scores_in_pipeline PASSED [  1%]
tests/integration/test_aws_lambda_execution_flow.py::TestAWSCostOptimizationVerification::test_rds_proxy_reduces_connection_overhead PASSED [  1%]
tests/integration/test_aws_lambda_execution_flow.py::TestAWSCostOptimizationVerification::test_vpc_endpoints_enabled_for_aws_services PASSED [  1%]
tests/integration/test_cognito_endpoints.py::TestAdminEndpointProtection::test_api_algo_status_admin_allowed PASSED [  1%]
tests/integration/test_cognito_endpoints.py::TestAdminEndpointProtection::test_api_algo_status_trader_denied PASSED [  2%]
tests/integration/test_cognito_endpoints.py::TestAdminEndpointProtection::test_api_algo_performance_admin_allowed PASSED [  2%]
tests/integration/test_cognito_endpoints.py::TestAdminEndpointProtection::test_api_algo_performance_trader_denied PASSED [  2%]
tests/integration/test_cognito_endpoints.py::TestAdminEndpointProtection::test_api_algo_positions_admin_allowed PASSED [  2%]
tests/integration/test_cognito_endpoints.py::TestAdminEndpointProtection::test_api_algo_positions_trader_denied PASSED [  2%]
tests/integration/test_cognito_endpoints.py::TestAdminEndpointProtection::test_api_algo_circuit_breakers_admin_allowed PASSED [  2%]
tests/integration/test_cognito_endpoints.py::TestAdminEndpointProtection::test_api_algo_circuit_breakers_trader_denied PASSED [  2%]
tests/integration/test_cognito_endpoints.py::TestAdminEndpointProtection::test_api_algo_config_admin_allowed PASSED [  2%]
tests/integration/test_cognito_endpoints.py::TestAdminEndpointProtection::test_api_algo_config_trader_denied PASSED [  2%]
tests/integration/test_cognito_endpoints.py::TestAdminEndpointProtection::test_api_algo_last_run_admin_allowed PASSED [  2%]
tests/integration/test_cognito_endpoints.py::TestAdminEndpointProtection::test_api_algo_last_run_trader_denied PASSED [  2%]
tests/integration/test_cognito_endpoints.py::TestAdminEndpointProtection::test_api_algo_data_status_admin_allowed PASSED [  2%]
tests/integration/test_cognito_endpoints.py::TestAdminEndpointProtection::test_api_algo_data_status_trader_denied PASSED [  2%]
tests/integration/test_cognito_endpoints.py::TestPublicEndpointAccess::test_api_health_allows_all PASSED [  2%]
tests/integration/test_cognito_endpoints.py::TestPublicEndpointAccess::test_api_algo_markets_allows_all PASSED [  2%]
tests/integration/test_cognito_endpoints.py::TestPublicEndpointAccess::test_api_scores_allows_all PASSED [  3%]
tests/integration/test_cognito_endpoints.py::TestPublicEndpointAccess::test_api_prices_allows_all PASSED [  3%]
tests/integration/test_cognito_endpoints.py::TestLiveEndpointAccess::test_manual_admin_login_required SKIPPED [  3%]
tests/integration/test_cognito_endpoints.py::TestLiveEndpointAccess::test_manual_trader_login_required SKIPPED [  3%]
tests/integration/test_complete_aws_deployment.py::TestCompleteAWSDeployment::test_all_9_phases_can_execute PASSED [  3%]
tests/integration/test_complete_aws_deployment.py::TestCompleteAWSDeployment::test_dashboard_api_includes_growth_score PASSED [  3%]
tests/integration/test_complete_aws_deployment.py::TestCompleteAWSDeployment::test_paper_trading_execution_mode PASSED [  3%]
tests/integration/test_complete_aws_deployment.py::TestCompleteAWSDeployment::test_growth_score_calculation_logic PASSED [  3%]
tests/integration/test_complete_aws_deployment.py::TestCompleteAWSDeployment::test_growth_metrics_marked_enrichment PASSED [  3%]
tests/integration/test_complete_aws_deployment.py::TestCompleteAWSDeployment::test_growth_score_coverage_requirement PASSED [  3%]
tests/integration/test_complete_aws_deployment.py::TestCompleteAWSDeployment::test_data_freshness_includes_growth_metrics PASSED [  3%]
tests/integration/test_complete_aws_deployment.py::TestCompleteAWSDeployment::test_api_response_includes_completeness_markers PASSED [  3%]
tests/integration/test_complete_aws_deployment.py::TestCompleteAWSDeployment::test_phase_dependency_chain PASSED [  3%]
tests/integration/test_complete_aws_deployment.py::TestDashboardAPIVerification::test_dashboard_positions_endpoint_has_growth_score PASSED [  3%]
tests/integration/test_complete_aws_deployment.py::TestDashboardAPIVerification::test_scores_endpoint_sorting_by_growth_score PASSED [  3%]
tests/integration/test_complete_aws_deployment.py::TestPaperTradingFlow::test_paper_trading_phase_3_returns_ok PASSED [  4%]
tests/integration/test_complete_aws_deployment.py::TestPaperTradingFlow::test_paper_trading_does_not_require_live_broker PASSED [  4%]
tests/integration/test_end_to_end_trading_workflow.py::TestEndToEndTradingWorkflow::test_dashboard_fetches_all_data_endpoints PASSED [  4%]
tests/integration/test_end_to_end_trading_workflow.py::TestEndToEndTradingWorkflow::test_orchestrator_can_execute_all_phases PASSED [  4%]
tests/integration/test_end_to_end_trading_workflow.py::TestEndToEndTradingWorkflow::test_alpaca_integration_points PASSED [  4%]
tests/integration/test_end_to_end_trading_workflow.py::TestEndToEndTradingWorkflow::test_data_flow_from_loaders_to_dashboard PASSED [  4%]
tests/integration/test_end_to_end_trading_workflow.py::TestEndToEndTradingWorkflow::test_trading_safety_gates_active PASSED [  4%]
tests/integration/test_end_to_end_trading_workflow.py::TestEndToEndTradingWorkflow::test_paper_trading_mode_enabled PASSED [  4%]
tests/integration/test_end_to_end_trading_workflow.py::TestEndToEndTradingWorkflow::test_authentication_flow PASSED [  4%]
tests/integration/test_end_to_end_trading_workflow.py::TestEndToEndTradingWorkflow::test_github_actions_deployment_workflow_exists PASSED [  4%]
tests/integration/test_end_to_end_trading_workflow.py::TestEndToEndTradingWorkflow::test_database_schema_migration_exists PASSED [  4%]
tests/integration/test_end_to_end_trading_workflow.py::TestEndToEndTradingWorkflow::test_orchestrator_entry_point_wired PASSED [  4%]
tests/integration/test_end_to_end_trading_workflow.py::TestEndToEndTradingWorkflow::test_api_router_wired_to_all_endpoints PASSED [  4%]
tests/integration/test_end_to_end_trading_workflow.py::TestEndToEndTradingWorkflow::test_system_startup_validation PASSED [  4%]
tests/integration/test_endpoints_missing_data.py::TestEndpointsMissingData::test_positions_handles_db_error PASSED [  4%]
tests/integration/test_endpoints_missing_data.py::TestEndpointsMissingData::test_trades_handles_db_error PASSED [  5%]
tests/integration/test_endpoints_missing_data.py::TestEndpointsMissingData::test_circuit_breakers_handles_db_error PASSED [  5%]
tests/integration/test_endpoints_missing_data.py::TestEndpointsMissingData::test_dashboard_signals_handles_db_error PASSED [  5%]
tests/integration/test_endpoints_missing_data.py::TestEndpointsMissingData::test_empty_data_positions_returns_success PASSED [  5%]
tests/integration/test_endpoints_missing_data.py::TestEndpointsMissingData::test_empty_data_trades_returns_success PASSED [  5%]
tests/integration/test_endpoints_missing_data.py::TestEndpointsMissingData::test_pagination_offset_correct_format PASSED [  5%]
tests/integration/test_error_response_format.py::TestErrorResponseFormat::test_error_response_format PASSED [  5%]
tests/integration/test_error_response_format.py::TestErrorResponseFormat::test_error_response_500 PASSED [  5%]
tests/integration/test_error_response_format.py::TestErrorResponseFormat::test_error_response_503 PASSED [  5%]
tests/integration/test_error_response_format.py::TestErrorResponseFormat::test_error_response_504 PASSED [  5%]
tests/integration/test_error_response_format.py::TestErrorResponseFormat::test_json_response_success_format PASSED [  5%]
tests/integration/test_error_response_format.py::TestErrorResponseFormat::test_json_response_error_with_message PASSED [  5%]
tests/integration/test_error_response_format.py::TestErrorResponseFormat::test_json_response_error_with_explicit_error_field PASSED [  5%]
tests/integration/test_error_response_format.py::TestErrorResponseFormat::test_success_response_format PASSED [  5%]
tests/integration/test_error_response_format.py::TestErrorResponseFormat::test_list_response_format PASSED [  6%]
tests/integration/test_error_response_format.py::TestErrorResponseFormat::test_error_response_consistency_across_codes PASSED [  6%]
tests/integration/test_error_response_format.py::TestErrorResponseInConsistentScenarios::test_json_response_with_none_message PASSED [  6%]
tests/integration/test_error_response_format.py::TestErrorResponseInConsistentScenarios::test_json_response_missing_message_field PASSED [  6%]
tests/integration/test_error_response_format.py::TestErrorResponseInConsistentScenarios::test_error_response_special_characters PASSED [  6%]
tests/integration/test_error_response_format.py::TestErrorResponseInConsistentScenarios::test_error_response_unicode_characters PASSED [  6%]
tests/integration/test_error_response_format.py::TestErrorResponseFormatWithMalformedData::test_error_response_with_int_statuscode PASSED [  6%]
tests/integration/test_error_response_format.py::TestErrorResponseFormatWithMalformedData::test_error_response_with_none_message PASSED [  6%]
tests/integration/test_error_response_format.py::TestErrorResponseFormatWithMalformedData::test_error_response_with_dict_message PASSED [  6%]
tests/integration/test_error_response_format.py::TestErrorResponseFormatWithMalformedData::test_error_response_with_negative_statuscode PASSED [  6%]
tests/integration/test_error_response_format.py::TestErrorResponseFormatWithMalformedData::test_error_response_with_none_errortype PASSED [  6%]
tests/integration/test_error_response_format.py::TestErrorResponseFormatWithMalformedData::test_json_response_with_none_code PASSED [  6%]
tests/integration/test_error_response_format.py::TestErrorResponseFormatWithMalformedData::test_json_response_with_malformed_data PASSED [  6%]
tests/integration/test_error_response_format.py::TestErrorResponseFormatWithMalformedData::test_success_response_with_none_data PASSED [  6%]
tests/integration/test_error_response_format.py::TestErrorResponseFormatWithMalformedData::test_success_response_with_string_data PASSED [  6%]
tests/integration/test_error_response_format.py::TestErrorResponseFormatWithMalformedData::test_list_response_with_non_list_items PASSED [  7%]
tests/integration/test_error_response_format.py::TestErrorResponseFormatWithMalformedData::test_list_response_with_negative_total PASSED [  7%]
tests/integration/test_error_response_format.py::TestErrorResponseFormatWithMalformedData::test_error_response_with_very_long_message PASSED [  7%]
tests/integration/test_error_response_format.py::TestErrorResponseFormatWithMalformedData::test_error_response_with_null_bytes PASSED [  7%]
tests/integration/test_integration.py::TestIntegration::test_end_to_end_signal_generation PASSED [  7%]
tests/integration/test_integration.py::TestIntegration::test_live_data_pipeline PASSED [  7%]
tests/integration/test_integration.py::TestIntegration::test_database_context_available PASSED [  7%]
tests/manual/test_db.py::test_db_connection SKIPPED (Manual database...) [  7%]
tests/test_503_cache_refresh.py::test_stale_cache_not_cached_in_memory PASSED [  7%]
tests/test_503_fallback.py::test_api_call_marks_503_as_transient PASSED  [  7%]
tests/test_503_fallback.py::test_markets_cached_fails_fast_on_503 PASSED [  7%]
tests/test_503_fallback.py::test_optional_fetcher_skips_retry_on_503 PASSED [  7%]
tests/test_503_fallback.py::test_critical_fetcher_still_retries_on_503 PASSED [  7%]
tests/test_503_integration.py::test_dashboard_survives_mkt_503_with_stale_fallback PASSED [  7%]
tests/test_503_integration.py::test_exp_factors_skips_retry_on_503 PASSED [  7%]
tests/test_503_integration.py::test_mkt_critical_fetcher_still_retries PASSED [  8%]
tests/test_api_response_consistency.py::test_unwrap_single_object_response PASSED [  8%]
tests/test_api_response_consistency.py::test_unwrap_list_response PASSED [  8%]
tests/test_api_response_consistency.py::test_unwrap_direct_fields_response PASSED [  8%]
tests/test_api_response_consistency.py::test_unwrap_preserves_metadata PASSED [  8%]
tests/test_api_response_consistency.py::test_unwrap_empty_response PASSED [  8%]
tests/test_api_response_consistency.py::test_data_fetcher_error_detection PASSED [  8%]
tests/test_api_response_consistency.py::TestUnwrapWithMalformedData::test_statuscode_as_string PASSED [  8%]
tests/test_api_response_consistency.py::TestUnwrapWithMalformedData::test_data_as_string_instead_of_dict PASSED [  8%]
tests/test_api_response_consistency.py::TestUnwrapWithMalformedData::test_items_as_string_instead_of_list PASSED [  8%]
tests/test_api_response_consistency.py::TestUnwrapWithMalformedData::test_nested_dict_is_string PASSED [  8%]
tests/test_api_response_consistency.py::TestUnwrapWithMalformedData::test_pagination_missing PASSED [  8%]
tests/test_api_response_consistency.py::TestUnwrapWithMalformedData::test_response_not_dict PASSED [  8%]
tests/test_api_response_consistency.py::TestUnwrapWithMalformedData::test_response_is_none PASSED [  8%]
tests/test_circuit_breaker_contract.py::test_circuit_breaker_response_schema PASSED [  8%]
tests/test_circuit_breaker_contract.py::test_circuit_breaker_response_no_field_mismatch PASSED [  9%]
tests/test_circuit_breaker_contract.py::test_circuit_breaker_field_types PASSED [  9%]
tests/test_circuit_breaker_contract.py::TestCircuitBreakerWithMalformedData::test_fired_as_string_instead_of_bool PASSED [  9%]
tests/test_circuit_breaker_contract.py::TestCircuitBreakerWithMalformedData::test_cur_as_string_instead_of_float PASSED [  9%]
tests/test_circuit_breaker_contract.py::TestCircuitBreakerWithMalformedData::test_thr_as_dict_instead_of_float PASSED [  9%]
tests/test_circuit_breaker_contract.py::TestCircuitBreakerWithMalformedData::test_all_fields_as_wrong_types PASSED [  9%]
tests/test_circuit_breaker_contract.py::TestCircuitBreakerWithMalformedData::test_breaker_completely_empty PASSED [  9%]
tests/test_circuit_breaker_contract.py::TestCircuitBreakerWithMalformedData::test_breaker_missing_required_field PASSED [  9%]
tests/test_config_startup_validation.py::TestConfigCriticalThresholds::test_valid_config_loads_without_error PASSED [  9%]
tests/test_config_startup_validation.py::TestConfigCriticalThresholds::test_critical_threshold_validation_catches_zero_signal_quality PASSED [  9%]
tests/test_config_startup_validation.py::TestConfigCriticalThresholds::test_critical_threshold_validation_catches_zero_completeness_score PASSED [  9%]
tests/test_config_startup_validation.py::TestConfigCriticalThresholds::test_critical_threshold_validation_catches_zero_halt_drawdown PASSED [  9%]
tests/test_config_startup_validation.py::TestConfigCriticalThresholds::test_critical_threshold_validation_catches_zero_max_daily_loss PASSED [  9%]
tests/test_config_startup_validation.py::TestConfigCriticalThresholds::test_critical_threshold_validation_catches_zero_vix_threshold PASSED [  9%]
tests/test_config_startup_validation.py::TestConfigCriticalThresholds::test_critical_threshold_validation_catches_missing_thresholds PASSED [  9%]
tests/test_config_startup_validation.py::TestConfigCriticalThresholds::test_critical_threshold_validation_error_message_is_informative PASSED [ 10%]
tests/test_config_startup_validation.py::TestConfigCriticalThresholds::test_all_critical_thresholds_listed_in_validation PASSED [ 10%]
tests/test_config_startup_validation.py::TestConfigValidationSchema::test_schema_and_defaults_are_consistent PASSED [ 10%]
tests/test_config_startup_validation.py::TestConfigValidationSchema::test_critical_keys_have_fail_closed_defaults PASSED [ 10%]
tests/test_config_startup_validation.py::TestConfigValidationSchema::test_validation_rejects_zero_signal_quality PASSED [ 10%]
tests/test_config_startup_validation.py::TestConfigValidationSchema::test_validation_rejects_negative_min_completeness_score PASSED [ 10%]
tests/test_config_startup_validation.py::TestConfigValidationSchema::test_validation_rejects_halt_drawdown_positive PASSED [ 10%]
tests/test_config_startup_validation.py::TestConfigValidationSchema::test_validation_rejects_sector_drawdown_positive PASSED [ 10%]
tests/test_config_startup_validation.py::TestConfigValidationSchema::test_validation_accepts_valid_percentages PASSED [ 10%]
tests/test_config_startup_validation.py::TestConfigValidationSchema::test_validation_rejects_percentage_over_100 PASSED [ 10%]
tests/test_config_startup_validation.py::TestConfigValidationSchema::test_validation_accepts_valid_negative_drawdown PASSED [ 10%]
tests/test_config_startup_validation.py::TestConfigFailClosedBehavior::test_set_invalid_critical_value_uses_fail_closed_default PASSED [ 10%]
tests/test_config_startup_validation.py::TestConfigFailClosedBehavior::test_set_out_of_range_critical_value_uses_fail_closed_default PASSED [ 10%]
tests/test_config_startup_validation.py::TestConfigFailClosedBehavior::test_set_valid_critical_value_succeeds PASSED [ 10%]
tests/test_config_startup_validation.py::TestConfigFailClosedBehavior::test_set_non_critical_invalid_value_fails_cleanly PASSED [ 10%]
tests/test_config_startup_validation.py::TestConfigCriticalThresholdsSummary::test_get_critical_thresholds_summary_includes_all_critical_keys PASSED [ 11%]
tests/test_config_startup_validation.py::TestConfigCriticalThresholdsSummary::test_critical_thresholds_summary_format PASSED [ 11%]
tests/test_credential_manager_fixes.py::test_db_credentials_requires_all_fields_in_aws_secret PASSED [ 11%]
tests/test_credential_manager_fixes.py::test_db_credentials_requires_port_is_valid_integer PASSED [ 11%]
tests/test_credential_manager_fixes.py::test_db_credentials_local_requires_all_env_vars PASSED [ 11%]
tests/test_credential_manager_fixes.py::test_fetch_secrets_manager_requires_secret_string_or_binary PASSED [ 11%]
tests/test_credential_manager_fixes.py::test_alpaca_secrets_validate_all_required_fields PASSED [ 11%]
tests/test_credential_manager_fixes.py::test_smtp_credentials_requires_all_fields_if_any_set PASSED [ 11%]
tests/test_credential_manager_fixes.py::test_smtp_credentials_port_must_be_valid_integer PASSED [ 11%]
tests/test_credential_manager_fixes.py::test_db_credentials_aws_requires_secret_string PASSED [ 11%]
tests/test_dashboard_error_handling.py::test_dashboard_handles_api_error_in_portfolio PASSED [ 11%]
tests/test_dashboard_error_handling.py::test_dashboard_handles_all_api_errors PASSED [ 11%]
tests/test_dashboard_error_handling.py::test_dashboard_shows_error_panel_when_data_broken PASSED [ 11%]
tests/test_dashboard_error_handling.py::test_error_panel_handles_bracket_chars_in_error_message PASSED [ 11%]
tests/test_dashboard_error_handling.py::test_errors_view_mode_renders_with_bracket_error_messages PASSED [ 12%]
tests/test_dashboard_error_handling.py::test_circuit_breaker_cascade_collapsed_in_error_panel PASSED [ 12%]
tests/test_dashboard_error_handling.py::test_fetch_perf_analytics_none_fields_fail_fast PASSED [ 12%]
tests/test_dashboard_error_handling.py::test_fetch_risk_metrics_rejects_missing_required_fields PASSED [ 12%]
tests/test_dashboard_error_handling.py::test_fetch_signal_eval_none_fields_do_not_crash PASSED [ 12%]
tests/test_dashboard_error_handling.py::test_empty_optional_data_not_treated_as_error PASSED [ 12%]
tests/test_dashboard_error_handling.py::test_error_message_fallback_for_missing_error_details PASSED [ 12%]
tests/test_dashboard_exposure_hardening.py::TestExposureCompactMissingFields::test_missing_factors_field PASSED [ 12%]
tests/test_dashboard_exposure_hardening.py::TestExposureCompactMissingFields::test_factors_field_is_not_dict PASSED [ 12%]
tests/test_dashboard_exposure_hardening.py::TestExposureCompactMissingFields::test_missing_regime_field PASSED [ 12%]
tests/test_dashboard_exposure_hardening.py::TestExposureCompactMissingFields::test_missing_factor_in_list PASSED [ 12%]
tests/test_dashboard_exposure_hardening.py::TestExposureCompactInvalidFactorData::test_factor_is_not_dict PASSED [ 12%]
tests/test_dashboard_exposure_hardening.py::TestExposureCompactInvalidFactorData::test_missing_pts_field_in_factor PASSED [ 12%]
tests/test_dashboard_exposure_hardening.py::TestExposureCompactOptionalFactors::test_optional_factor_not_available PASSED [ 12%]
tests/test_dashboard_exposure_hardening.py::TestExposureCompactOptionalFactors::test_optional_factor_invalid_type PASSED [ 12%]
tests/test_dashboard_exposure_hardening.py::TestExposureExpandedMissingFields::test_missing_factors_field PASSED [ 13%]
tests/test_dashboard_exposure_hardening.py::TestExposureExpandedMissingFields::test_missing_raw_score PASSED [ 13%]
tests/test_dashboard_exposure_hardening.py::TestExposureExpandedMissingFields::test_missing_exposure_pct PASSED [ 13%]
tests/test_dashboard_exposure_hardening.py::TestExposureExpandedMissingFields::test_missing_regime_field PASSED [ 13%]
tests/test_dashboard_exposure_hardening.py::TestExposureExpandedMalformedFactorData::test_factor_missing_pts PASSED [ 13%]
tests/test_dashboard_exposure_hardening.py::TestExposureExpandedMalformedFactorData::test_stale_data_marker PASSED [ 13%]
tests/test_dashboard_exposure_hardening.py::TestExposureExpandedMalformedFactorData::test_factor_invalid_type PASSED [ 13%]
tests/test_dashboard_exposure_hardening.py::TestExposureExpandedOptionalAdjustments::test_naaim_missing_pts PASSED [ 13%]
tests/test_dashboard_exposure_hardening.py::TestExposureExpandedOptionalAdjustments::test_aaii_sentiment_missing_pts PASSED [ 13%]
tests/test_dashboard_exposure_hardening.py::TestExposureNoSilentEmptyReturns::test_compact_never_returns_empty_list PASSED [ 13%]
tests/test_dashboard_exposure_hardening.py::TestExposureNoSilentEmptyReturns::test_expanded_never_returns_empty_list PASSED [ 13%]
tests/test_dashboard_exposure_hardening.py::TestExposureNoSilentEmptyReturns::test_compact_never_returns_empty_dict PASSED [ 13%]
tests/test_dashboard_exposure_hardening.py::TestExposureNoSilentEmptyReturns::test_expanded_never_returns_empty_dict PASSED [ 13%]
tests/test_dashboard_malformed_data.py::TestPanelWithMalformedRiskData::test_var95_as_dict_instead_of_float PASSED [ 13%]
tests/test_dashboard_malformed_data.py::TestPanelWithMalformedRiskData::test_beta_as_list_instead_of_float PASSED [ 13%]
tests/test_dashboard_malformed_data.py::TestPanelWithMalformedRiskData::test_conc5_as_string_instead_of_float PASSED [ 14%]
tests/test_dashboard_malformed_data.py::TestPanelWithMalformedRiskData::test_svar_as_dict_instead_of_float PASSED [ 14%]
tests/test_dashboard_malformed_data.py::TestBuildResultsPanelWithMalformedData::test_all_risk_metrics_as_dicts PASSED [ 14%]
tests/test_dashboard_malformed_data.py::TestPanelWithMalformedHealthData::test_age_hours_as_dict PASSED [ 14%]
tests/test_dashboard_malformed_data.py::TestPanelWithMalformedHealthData::test_row_count_as_string PASSED [ 14%]
tests/test_dashboard_malformed_data.py::TestSignalQualityScoreWithMalformedData::test_signal_quality_score_as_dict PASSED [ 14%]
tests/test_dashboard_malformed_data.py::TestSignalQualityScoreWithMalformedData::test_signal_quality_score_as_list PASSED [ 14%]
tests/test_dashboard_malformed_data.py::TestMarketDataWithMalformedPercentages::test_pct_change_as_dict PASSED [ 14%]
tests/test_dashboard_malformed_data.py::TestMarketDataWithMalformedPercentages::test_avg_return_as_string PASSED [ 14%]
tests/test_dashboard_malformed_data.py::TestComparisonSafetyPatterns::test_safe_float_before_comparison PASSED [ 14%]
tests/test_dashboard_malformed_data.py::TestComparisonSafetyPatterns::test_safe_int_before_comparison PASSED [ 14%]
tests/test_dashboard_panel_rendering.py::TestPanelCircuitBreaker::test_panel_renders_with_valid_data PASSED [ 14%]
tests/test_dashboard_panel_rendering.py::TestPanelCircuitBreaker::test_panel_handles_missing_data PASSED [ 14%]
tests/test_dashboard_panel_rendering.py::TestPanelCircuitBreaker::test_panel_handles_empty_data PASSED [ 14%]
tests/test_dashboard_panel_rendering.py::TestPanelEconomic::test_panel_renders_with_valid_data PASSED [ 14%]
tests/test_dashboard_panel_rendering.py::TestPanelEconomic::test_panel_handles_missing_fields PASSED [ 15%]
tests/test_dashboard_panel_rendering.py::TestPanelEconomic::test_panel_handles_none PASSED [ 15%]
tests/test_dashboard_panel_rendering.py::TestPanelExposure::test_panel_renders_with_valid_data PASSED [ 15%]
tests/test_dashboard_panel_rendering.py::TestPanelExposure::test_panel_uses_correct_endpoint PASSED [ 15%]
tests/test_dashboard_panel_rendering.py::TestPanelExposure::test_panel_handles_missing_factors PASSED [ 15%]
tests/test_dashboard_panel_rendering.py::TestPanelMarket::test_header_panel_renders PASSED [ 15%]
tests/test_dashboard_panel_rendering.py::TestPanelMarket::test_market_panel_renders PASSED [ 15%]
tests/test_dashboard_panel_rendering.py::TestPanelMarket::test_panel_requires_market_data PASSED [ 15%]
tests/test_dashboard_panel_rendering.py::TestPanelPortfolio::test_portfolio_panel_renders PASSED [ 15%]
tests/test_dashboard_panel_rendering.py::TestPanelPortfolio::test_portfolio_panel_handles_missing_values PASSED [ 15%]
tests/test_dashboard_panel_rendering.py::TestPanelPortfolio::test_portfolio_panel_uses_data_age_seconds_not_midnight_of_snapshot_date PASSED [ 15%]
tests/test_dashboard_panel_rendering.py::TestPanelPortfolio::test_portfolio_panel_flags_stale_from_data_age_seconds PASSED [ 15%]
tests/test_dashboard_panel_rendering.py::TestPanelPositions::test_positions_panel_renders PASSED [ 15%]
tests/test_dashboard_panel_rendering.py::TestPanelPositions::test_positions_panel_handles_no_positions PASSED [ 15%]
tests/test_dashboard_panel_rendering.py::TestPanelPositions::test_positions_panel_flags_stale_from_data_freshness PASSED [ 15%]
tests/test_dashboard_panel_rendering.py::TestPanelPositions::test_positions_panel_no_false_stale_warning PASSED [ 16%]
tests/test_dashboard_panel_rendering.py::TestPanelSignals::test_signals_panel_renders PASSED [ 16%]
tests/test_dashboard_panel_rendering.py::TestPanelSignals::test_signals_panel_handles_empty_signals PASSED [ 16%]
tests/test_dashboard_panel_rendering.py::TestPanelTrades::test_trades_panel_renders PASSED [ 16%]
tests/test_dashboard_panel_rendering.py::TestPanelTrades::test_trades_panel_handles_no_trades PASSED [ 16%]
tests/test_dashboard_panel_rendering.py::TestPanelSectors::test_sectors_panel_renders PASSED [ 16%]
tests/test_dashboard_panel_rendering.py::TestPanelSectors::test_sectors_panel_handles_one_sided_rotation_scores PASSED [ 16%]
tests/test_dashboard_panel_rendering.py::TestPanelScores::test_scores_panel_renders PASSED [ 16%]
tests/test_dashboard_panel_rendering.py::TestPanelScores::test_scores_panel_handles_null_sector PASSED [ 16%]
tests/test_dashboard_panel_rendering.py::TestPanelScores::test_scores_panel_handles_top_level_list PASSED [ 16%]
tests/test_dashboard_panel_rendering.py::TestPanelIntegration::test_all_panels_render_with_complete_data PASSED [ 16%]
tests/test_dashboard_panel_rendering.py::TestPanelIntegration::test_dashboard_recovers_from_partial_data PASSED [ 16%]
tests/test_dashboard_panel_rendering.py::TestPanelIntegration::test_dashboard_metrics PASSED [ 16%]
tests/test_dashboard_panel_strict_validation.py::TestDataValidationChain::test_fetcher_none_propagates_to_panel PASSED [ 16%]
tests/test_dashboard_panel_strict_validation.py::TestDataValidationChain::test_fetcher_invalid_data_caught PASSED [ 17%]
tests/test_dashboard_panel_strict_validation.py::TestPrevalidationBeforeStrict::test_should_validate_at_data_source PASSED [ 17%]
tests/test_dashboard_panel_strict_validation.py::TestFetcherValidationPatterns::test_fetcher_should_validate_dict_get PASSED [ 17%]
tests/test_dashboard_panel_strict_validation.py::TestFetcherValidationPatterns::test_fetcher_should_validate_list_access PASSED [ 17%]
tests/test_dashboard_panel_strict_validation.py::TestCIDetectionOfValidationGaps::test_all_strict_calls_have_field_names PASSED [ 17%]
tests/test_dashboard_panel_strict_validation.py::TestCIDetectionOfValidationGaps::test_error_messages_guide_debugging PASSED [ 17%]
tests/test_data_extraction_errors.py::TestExtractField::test_raises_on_error_response PASSED [ 17%]
tests/test_data_extraction_errors.py::TestExtractField::test_returns_default_on_missing_field PASSED [ 17%]
tests/test_data_extraction_errors.py::TestExtractField::test_returns_field_value PASSED [ 17%]
tests/test_data_extraction_errors.py::TestExtractField::test_handles_non_dict_input PASSED [ 17%]
tests/test_data_extraction_errors.py::TestExtractItemsList::test_raises_on_error_response PASSED [ 17%]
tests/test_data_extraction_errors.py::TestExtractItemsList::test_raises_on_missing_items PASSED [ 17%]
tests/test_data_extraction_errors.py::TestExtractItemsList::test_returns_items_when_present PASSED [ 17%]
tests/test_data_extraction_errors.py::TestExtractItemsList::test_raises_for_non_list_items PASSED [ 17%]
tests/test_data_extraction_errors.py::TestExtractItemsList::test_raises_on_non_dict_input PASSED [ 17%]
tests/test_data_extraction_errors.py::TestExtractDataOrEmpty::test_raises_on_error_response_dict PASSED [ 18%]
tests/test_data_extraction_errors.py::TestExtractDataOrEmpty::test_raises_on_missing_data_even_with_allow_empty PASSED [ 18%]
tests/test_data_extraction_errors.py::TestExtractDataOrEmpty::test_returns_data_when_present PASSED [ 18%]
tests/test_data_extraction_errors.py::TestExtractDataOrEmpty::test_raises_on_missing_list_data PASSED [ 18%]
tests/test_data_extraction_errors.py::TestExtractDataOrEmpty::test_returns_list_data_when_present PASSED [ 18%]
tests/test_data_extraction_errors.py::TestExtractDataOrEmpty::test_raises_for_wrong_type PASSED [ 18%]
tests/test_data_patrol_modular.py::test_imports PASSED                   [ 18%]
tests/test_data_patrol_modular.py::test_check_result PASSED              [ 18%]
tests/test_data_patrol_modular.py::test_patrol_config PASSED             [ 18%]
tests/test_data_patrol_modular.py::test_check_instantiation PASSED       [ 18%]
tests/test_data_patrol_modular.py::test_data_patrol_instantiation PASSED [ 18%]
tests/test_data_patrol_modular.py::test_checker_logging PASSED           [ 18%]
tests/test_data_patrol_modular.py::test_severity_constants PASSED        [ 18%]
tests/test_data_patrol_modular.py::test_architecture_benefits PASSED     [ 18%]
tests/test_data_unavailable_propagation.py::TestDataUnavailableMarkers::test_optional_loader_returns_marker_not_empty PASSED [ 18%]
tests/test_data_unavailable_propagation.py::TestDataUnavailableMarkers::test_critical_loader_raises_on_missing_data PASSED [ 19%]
tests/test_data_unavailable_propagation.py::TestDataUnavailableMarkers::test_position_sizer_distinguishes_zero_from_error PASSED [ 19%]
tests/test_data_unavailable_propagation.py::TestDataUnavailableMarkers::test_exit_engine_zero_is_count_not_error PASSED [ 19%]
tests/test_data_unavailable_propagation.py::TestDataUnavailableMarkers::test_vix_placeholder_validation_rejects_zero PASSED [ 19%]
tests/test_data_unavailable_propagation.py::TestDataUnavailableMarkers::test_breadth_data_missing_fails_fast PASSED [ 19%]
tests/test_data_unavailable_propagation.py::TestDataPropagation::test_loader_output_used_by_orchestrator PASSED [ 19%]
tests/test_data_unavailable_propagation.py::TestDataPropagation::test_score_unavailable_blocks_trading PASSED [ 19%]
tests/test_data_unavailable_propagation.py::TestDataPropagation::test_enrichment_unavailable_degrades_gracefully PASSED [ 19%]
tests/test_data_unavailable_propagation.py::TestErrorPropagation::test_database_error_not_hidden_behind_zero PASSED [ 19%]
tests/test_data_unavailable_propagation.py::TestErrorPropagation::test_missing_critical_data_raises_not_continues PASSED [ 19%]
tests/test_data_unavailable_propagation.py::TestErrorPropagation::test_validation_failure_not_silenced PASSED [ 19%]
tests/test_data_unavailable_propagation.py::TestSilentFallbackPrevention::test_no_return_empty_array_fallback PASSED [ 19%]
tests/test_data_unavailable_propagation.py::TestSilentFallbackPrevention::test_no_return_zero_for_missing_data PASSED [ 19%]
tests/test_data_unavailable_propagation.py::TestSilentFallbackPrevention::test_no_silent_none_returns PASSED [ 19%]
tests/test_data_unavailable_propagation.py::TestSilentFallbackPrevention::test_no_or_default_fallbacks PASSED [ 19%]
tests/test_data_unavailable_propagation.py::TestCircuitBreakerProtection::test_circuit_breaker_halts_on_data_error PASSED [ 20%]
tests/test_data_unavailable_propagation.py::TestCircuitBreakerProtection::test_position_sizing_stops_on_error PASSED [ 20%]
tests/test_distributed_lock_race_condition.py::test_get_lock_manager_always_returns_dynamodb PASSED [ 20%]
tests/test_distributed_lock_race_condition.py::test_get_lock_manager_falls_back_to_rds_if_dynamodb_unavailable PASSED [ 20%]
tests/test_distributed_lock_race_condition.py::test_get_lock_manager_fails_fast_if_both_dynamodb_and_rds_unavailable PASSED [ 20%]
tests/test_distributed_lock_race_condition.py::test_local_mode_env_var_ignored_for_orchestrator PASSED [ 20%]
tests/test_distributed_lock_race_condition.py::test_orchestrator_fails_fast_if_lock_manager_unavailable PASSED [ 20%]
tests/test_distributed_lock_race_condition.py::test_loader_fail_fast_on_ddb_error PASSED [ 20%]
tests/test_error_standardization_suite.py::TestExceptionHierarchy::test_database_connection_error_returns_503 PASSED [ 20%]
tests/test_error_standardization_suite.py::TestExceptionHierarchy::test_database_query_timeout_returns_504 PASSED [ 20%]
tests/test_error_standardization_suite.py::TestExceptionHierarchy::test_input_validation_error_returns_400 PASSED [ 20%]
tests/test_error_standardization_suite.py::TestExceptionHierarchy::test_rate_limited_error_returns_429 PASSED [ 20%]
tests/test_error_standardization_suite.py::TestExceptionHierarchy::test_external_api_error_returns_502 PASSED [ 20%]
tests/test_error_standardization_suite.py::TestExceptionHierarchy::test_exception_response_format PASSED [ 20%]
tests/test_error_standardization_suite.py::TestErrorClassification::test_classify_database_error PASSED [ 20%]
tests/test_error_standardization_suite.py::TestErrorClassification::test_classify_timeout_error PASSED [ 21%]
tests/test_error_standardization_suite.py::TestErrorClassification::test_classify_validation_error PASSED [ 21%]
tests/test_error_standardization_suite.py::TestErrorClassification::test_classify_generic_exception PASSED [ 21%]
tests/test_error_standardization_suite.py::TestMessageSanitization::test_sanitize_removes_password PASSED [ 21%]
tests/test_error_standardization_suite.py::TestMessageSanitization::test_sanitize_removes_api_key PASSED [ 21%]
tests/test_error_standardization_suite.py::TestMessageSanitization::test_sanitize_removes_file_paths PASSED [ 21%]
tests/test_error_standardization_suite.py::TestAPIRouteErrorFormat::test_error_response_has_required_fields PASSED [ 21%]
tests/test_error_standardization_suite.py::TestAPIRouteErrorFormat::test_error_response_never_200 PASSED [ 21%]
tests/test_error_standardization_suite.py::TestImportAvailability::test_import_exception_hierarchy PASSED [ 21%]
tests/test_error_standardization_suite.py::TestImportAvailability::test_import_error_handlers PASSED [ 21%]
tests/test_error_standardization_suite.py::TestImportAvailability::test_import_decorators PASSED [ 21%]
tests/test_error_standardization_suite.py::TestImportAvailability::test_import_contexts PASSED [ 21%]
tests/test_error_standardization_suite.py::TestFileStandardization::test_route_files_have_error_handling PASSED [ 21%]
tests/test_error_standardization_suite.py::TestFileStandardization::test_loaders_have_context_imports PASSED [ 21%]
tests/test_error_standardization_suite.py::TestFileStandardization::test_database_ops_have_transactional_imports PASSED [ 21%]
tests/test_error_standardization_suite.py::TestIntegration::test_exception_to_error_response_flow PASSED [ 22%]
tests/test_error_standardization_suite.py::TestIntegration::test_decorator_applied_functions PASSED [ 22%]
tests/test_error_standardization_suite.py::TestIntegration::test_make_error_response_function PASSED [ 22%]
tests/test_fail_fast_finance_validation.py::TestStrictGetDict::test_returns_value_when_key_exists PASSED [ 22%]
tests/test_fail_fast_finance_validation.py::TestStrictGetDict::test_raises_when_data_is_none PASSED [ 22%]
tests/test_fail_fast_finance_validation.py::TestStrictGetDict::test_raises_when_key_missing PASSED [ 22%]
tests/test_fail_fast_finance_validation.py::TestStrictGetDict::test_raises_when_value_is_none PASSED [ 22%]
tests/test_fail_fast_finance_validation.py::TestStrictGetList::test_returns_list_when_not_none PASSED [ 22%]
tests/test_fail_fast_finance_validation.py::TestStrictGetList::test_returns_empty_list_when_empty PASSED [ 22%]
tests/test_fail_fast_finance_validation.py::TestStrictGetList::test_raises_when_none PASSED [ 22%]
tests/test_fail_fast_finance_validation.py::TestStrictGetFloat::test_parses_float_strings PASSED [ 22%]
tests/test_fail_fast_finance_validation.py::TestStrictGetFloat::test_accepts_float_values PASSED [ 22%]
tests/test_fail_fast_finance_validation.py::TestStrictGetFloat::test_raises_when_none PASSED [ 22%]
tests/test_fail_fast_finance_validation.py::TestStrictGetFloat::test_raises_when_zero PASSED [ 22%]
tests/test_fail_fast_finance_validation.py::TestStrictGetFloat::test_raises_when_invalid_format PASSED [ 23%]
tests/test_fail_fast_finance_validation.py::TestStrictGetFloat::test_allows_negative_for_pnl PASSED [ 23%]
tests/test_fail_fast_finance_validation.py::TestStrictGetFloat::test_raises_negative_for_price PASSED [ 23%]
tests/test_fail_fast_finance_validation.py::TestStrictGetInt::test_parses_int_strings PASSED [ 23%]
tests/test_fail_fast_finance_validation.py::TestStrictGetInt::test_accepts_int_values PASSED [ 23%]
tests/test_fail_fast_finance_validation.py::TestStrictGetInt::test_raises_when_none PASSED [ 23%]
tests/test_fail_fast_finance_validation.py::TestStrictGetInt::test_raises_when_zero_without_flag PASSED [ 23%]
tests/test_fail_fast_finance_validation.py::TestStrictGetInt::test_allows_zero_with_flag PASSED [ 23%]
tests/test_fail_fast_finance_validation.py::TestStrictGetInt::test_raises_when_negative PASSED [ 23%]
tests/test_fail_fast_finance_validation.py::TestRequireNonEmptyDict::test_returns_dict_when_valid PASSED [ 23%]
tests/test_fail_fast_finance_validation.py::TestRequireNonEmptyDict::test_raises_when_none PASSED [ 23%]
tests/test_fail_fast_finance_validation.py::TestRequireNonEmptyDict::test_raises_when_empty PASSED [ 23%]
tests/test_fail_fast_finance_validation.py::TestRequireNonEmptyList::test_returns_list_when_valid PASSED [ 23%]
tests/test_fail_fast_finance_validation.py::TestRequireNonEmptyList::test_raises_when_none PASSED [ 23%]
tests/test_fail_fast_finance_validation.py::TestRequireNonEmptyList::test_raises_when_empty PASSED [ 23%]
tests/test_fail_fast_finance_validation.py::TestFinanceValidationError::test_is_runtime_error PASSED [ 24%]
tests/test_fail_fast_finance_validation.py::TestFinanceValidationError::test_preserves_message PASSED [ 24%]
tests/test_fail_fast_finance_validation.py::TestEconomicMetricsFailFast::test_missing_cpi_data_raises PASSED [ 24%]
tests/test_fail_fast_finance_validation.py::TestEconomicMetricsFailFast::test_missing_spy_price_raises PASSED [ 24%]
tests/test_fail_fast_finance_validation.py::TestEconomicMetricsFailFast::test_missing_yield_curve_raises PASSED [ 24%]
tests/test_fail_fast_finance_validation.py::TestSignalProcessingFailFast::test_missing_buy_signals_raises PASSED [ 24%]
tests/test_fail_fast_finance_validation.py::TestSignalProcessingFailFast::test_missing_phase_results_raises PASSED [ 24%]
tests/test_fail_fast_finance_validation.py::TestPriceValidationFailFast::test_zero_price_raises PASSED [ 24%]
tests/test_fail_fast_finance_validation.py::TestPriceValidationFailFast::test_negative_price_raises PASSED [ 24%]
tests/test_fail_fast_finance_validation.py::TestPriceValidationFailFast::test_missing_price_raises PASSED [ 24%]
tests/test_fail_fast_finance_validation.py::TestPositionSizingValidation::test_zero_position_size_raises PASSED [ 24%]
tests/test_fail_fast_finance_validation.py::TestPositionSizingValidation::test_negative_position_size_raises PASSED [ 24%]
tests/test_fail_fast_finance_validation.py::TestPositionSizingValidation::test_valid_position_size_accepted PASSED [ 24%]
tests/test_fail_fast_finance_validation.py::TestDataAvailabilityVsZero::test_none_vs_zero_dividend PASSED [ 24%]
tests/test_fail_fast_finance_validation.py::TestDataAvailabilityVsZero::test_none_vs_zero_count PASSED [ 24%]
tests/test_fail_fast_patterns.py::TestVIXFetcherFailFast::test_vix_database_error_raises PASSED [ 25%]
tests/test_fail_fast_patterns.py::TestVIXFetcherFailFast::test_vix_no_data_raises PASSED [ 25%]
tests/test_fail_fast_patterns.py::TestMarketHealthDailyFailFast::test_fetch_incremental_returns_list_not_none PASSED [ 25%]
tests/test_fail_fast_patterns.py::TestDashboardKeyPressFailFast::test_keypress_terminal_error_raises SKIPPED [ 25%]
tests/test_fail_fast_patterns.py::TestDashboardResponseHandling::test_critical_errors_mapped_to_503 PASSED [ 25%]
tests/test_fail_fast_patterns.py::TestDashboardResponseHandling::test_optional_errors_mapped_to_206 PASSED [ 25%]
tests/test_fail_fast_patterns.py::TestDashboardResponseHandling::test_all_ok_mapped_to_200 PASSED [ 25%]
tests/test_fail_fast_patterns.py::TestErrorBoundary::test_error_detection PASSED [ 25%]
tests/test_fail_fast_patterns.py::TestErrorBoundary::test_malformed_data_raises PASSED [ 25%]
tests/test_fail_fast_patterns.py::TestPositionMonitorSectorTrendFailFast::test_sector_trend_missing_historical_data_raises PASSED [ 25%]
tests/test_fail_fast_patterns.py::TestHaltFlagManagerFailFast::test_halt_flag_missing_reason_raises PASSED [ 25%]
tests/test_fallback_audit_verification.py::TestSignalGeneratorFallbacks::test_market_stage_ambiguous_sma_returns_marker PASSED [ 25%]
tests/test_fallback_audit_verification.py::TestSignalGeneratorFallbacks::test_market_stage_missing_fields_returns_marker PASSED [ 25%]
tests/test_fallback_audit_verification.py::TestSignalGeneratorFallbacks::test_market_stage_valid_returns_stage_string PASSED [ 25%]
tests/test_fallback_audit_verification.py::TestBuySignalGeneratorFallbacks::test_insufficient_data_raises_error PASSED [ 25%]
tests/test_fallback_audit_verification.py::TestBuySignalGeneratorFallbacks::test_poor_data_quality_raises_error PASSED [ 26%]
tests/test_fallback_fixes.py::TestTradesExtractItems::test_extract_items_raises_on_malformed_dict PASSED [ 26%]
tests/test_fallback_fixes.py::TestTradesExtractItems::test_extract_items_raises_on_unexpected_type PASSED [ 26%]
tests/test_fallback_fixes.py::TestTradesExtractItems::test_extract_items_propagates_error_dict PASSED [ 26%]
tests/test_fallback_fixes.py::TestTradesExtractItems::test_extract_items_returns_list PASSED [ 26%]
tests/test_fallback_fixes.py::TestTradesExtractItems::test_extract_items_returns_items_from_dict PASSED [ 26%]
tests/test_fallback_fixes.py::TestTradesExtractItems::test_extract_items_returns_trades_from_dict PASSED [ 26%]
tests/test_fallback_fixes.py::TestMarketHalts::test_get_market_halts_raises_on_missing_halts PASSED [ 26%]
tests/test_fallback_fixes.py::TestMarketHalts::test_get_market_halts_raises_on_invalid_halts PASSED [ 26%]
tests/test_fallback_fixes.py::TestMarketHalts::test_get_market_halts_returns_empty_list_if_no_active PASSED [ 26%]
tests/test_fallback_fixes.py::TestMarketHalts::test_get_market_halts_returns_halts_list PASSED [ 26%]
tests/test_fallback_fixes.py::TestYieldCurveFetcher::test_yield_curve_gracefully_degrades_on_circuit_breaker PASSED [ 26%]
tests/test_fallback_fixes.py::TestYieldCurveFetcher::test_yield_curve_gracefully_degrades_on_invalid_response PASSED [ 26%]
tests/test_fallback_fixes.py::TestYieldCurveFetcher::test_yield_curve_gracefully_degrades_on_error PASSED [ 26%]
tests/test_fallback_fixes.py::TestBreadthFetcher::test_breadth_fetcher_fails_fast_on_unavailable_data PASSED [ 26%]
tests/test_fallback_fixes.py::TestAPIDataLayer::test_api_url_validation_startup_module_loaded PASSED [ 27%]
tests/test_fallback_fixes.py::TestAPIDataLayer::test_api_url_validation_allows_localhost_in_dev PASSED [ 27%]
tests/test_fallback_fixes.py::TestDashboardExtractors::test_extract_config_params_raises_on_error_dict PASSED [ 27%]
tests/test_fallback_fixes.py::TestDashboardExtractors::test_extract_config_params_raises_on_missing_fields PASSED [ 27%]
tests/test_fallback_fixes.py::TestDashboardExtractors::test_extract_risk_metrics_raises_on_error_dict PASSED [ 27%]
tests/test_fallback_fixes.py::TestDashboardExtractors::test_extract_run_info_raises_on_error_dict PASSED [ 27%]
tests/test_fallback_fixes.py::TestDashboardExtractors::test_extract_signal_overview_raises_on_error_dict PASSED [ 27%]
tests/test_fallback_fixes.py::TestDashboardExtractors::test_extract_eval_funnel_raises_on_none PASSED [ 27%]
tests/test_fallback_fixes.py::TestDashboardExtractors::test_extract_portfolio_metrics_raises_on_error_dict PASSED [ 27%]
tests/test_fallback_fixes.py::TestDashboardExtractors::test_extract_performance_metrics_raises_on_error_dict PASSED [ 27%]
tests/test_fallback_fixes.py::TestDashboardExtractors::test_extract_risk_data_raises_on_error_dict PASSED [ 27%]
tests/test_fallback_fixes.py::TestDashboardExtractors::test_extract_economic_indicators_raises_on_error_dict PASSED [ 27%]
tests/test_fallback_fixes.py::TestOptionsLoader::test_options_loader_raises_on_first_symbol_error XFAIL [ 27%]
tests/test_fallback_fixes.py::TestIndustryRankingLoader::test_industry_ranking_returns_data_unavailable_on_empty_data XFAIL [ 27%]
tests/test_fallback_fixes.py::TestSentimentLoaders::test_aaii_sentiment_returns_data_unavailable_on_network_error XPASS [ 28%]
tests/test_fallback_fixes.py::TestSentimentLoaders::test_sentiment_data_consistency_both_return_none PASSED [ 28%]
tests/test_fallback_fixes.py::TestSummary::test_all_critical_paths_fail_fast PASSED [ 28%]
tests/test_fetcher_strict_validation.py::TestFetchEconomicPulseStrictValidation::test_fetch_economic_pulse_missing_yield_10y_raises PASSED [ 28%]
tests/test_fetcher_strict_validation.py::TestFetchEconomicPulseStrictValidation::test_fetch_economic_pulse_missing_spread_raises PASSED [ 28%]
tests/test_fetcher_strict_validation.py::TestFetchEconomicPulseStrictValidation::test_fetch_economic_pulse_with_invalid_spread_type_raises PASSED [ 28%]
tests/test_fetcher_strict_validation.py::TestFetchPerfAnalyticsStrictValidation::test_fetch_perf_analytics_missing_sharpe_raises PASSED [ 28%]
tests/test_fetcher_strict_validation.py::TestFetchPerfAnalyticsStrictValidation::test_fetch_perf_analytics_all_valid_succeeds PASSED [ 28%]
tests/test_fetcher_strict_validation.py::TestFetchSignalEvalStrictValidation::test_fetch_signal_eval_none_total_returns_none PASSED [ 28%]
tests/test_fetcher_strict_validation.py::TestFetchSignalEvalStrictValidation::test_fetch_signal_eval_invalid_int_raises PASSED [ 28%]
tests/test_formula_accuracy.py::TestVolatilityCalculation::test_volatility_annualization_factor PASSED [ 28%]
tests/test_formula_accuracy.py::TestVolatilityCalculation::test_daily_volatility_to_annualized PASSED [ 28%]
tests/test_formula_accuracy.py::TestVolatilityCalculation::test_volatility_calculation_sample_data PASSED [ 28%]
tests/test_formula_accuracy.py::TestCAGRCalculation::test_cagr_formula_correctness PASSED [ 28%]
tests/test_formula_accuracy.py::TestCAGRCalculation::test_cagr_five_year_example PASSED [ 28%]
tests/test_formula_accuracy.py::TestCAGRCalculation::test_cagr_negative_value_handling PASSED [ 29%]
tests/test_formula_accuracy.py::TestCAGRCalculation::test_cagr_zero_beginning_rejected PASSED [ 29%]
tests/test_formula_accuracy.py::TestBetaCalculation::test_beta_perfect_correlation PASSED [ 29%]
tests/test_formula_accuracy.py::TestBetaCalculation::test_beta_inverse_correlation PASSED [ 29%]
tests/test_formula_accuracy.py::TestDrawdownCalculation::test_drawdown_formula PASSED [ 29%]
tests/test_formula_accuracy.py::TestDrawdownCalculation::test_drawdown_no_loss PASSED [ 29%]
tests/test_formula_accuracy.py::TestDrawdownCalculation::test_drawdown_total_loss PASSED [ 29%]
tests/test_formula_accuracy.py::TestDrawdownCalculation::test_drawdown_various_levels PASSED [ 29%]
tests/test_formula_accuracy.py::TestPEScoring::test_pe_scoring_continuity PASSED [ 29%]
tests/test_formula_accuracy.py::TestPEScoring::test_pe_scoring_ranges PASSED [ 29%]
tests/test_formula_accuracy.py::TestPBScoring::test_pb_scoring_continuity PASSED [ 29%]
tests/test_formula_accuracy.py::TestPBScoring::test_pb_scoring_ranges PASSED [ 29%]
tests/test_formula_accuracy.py::TestDividendYieldScoring::test_dividend_yield_max_6_percent PASSED [ 29%]
tests/test_formula_accuracy.py::TestDividendYieldScoring::test_dividend_yield_scoring_formula PASSED [ 29%]
tests/test_formula_accuracy.py::TestFCFYieldScoring::test_fcf_yield_five_percent PASSED [ 29%]
tests/test_formula_accuracy.py::TestFCFYieldScoring::test_fcf_yield_capped_at_100 PASSED [ 30%]
tests/test_formula_accuracy.py::TestFCFYieldScoring::test_fcf_yield_formula_linearity PASSED [ 30%]
tests/test_formula_accuracy.py::TestMarketExposureWeights::test_factor_weights_sum_to_100 PASSED [ 30%]
tests/test_formula_accuracy.py::TestStockScoreWeights::test_base_weights_sum_to_100 PASSED [ 30%]
tests/test_formula_accuracy.py::TestStockScoreWeights::test_value_component_weights PASSED [ 30%]
tests/test_formula_accuracy.py::TestStockScoreWeights::test_positioning_component_weights PASSED [ 30%]
tests/test_formula_accuracy.py::TestStockScoreWeights::test_stability_component_weights PASSED [ 30%]
tests/test_formula_accuracy.py::TestStockScoreWeights::test_growth_component_weights PASSED [ 30%]
tests/test_formula_accuracy.py::TestStockScoreWeights::test_momentum_component_weights PASSED [ 30%]
tests/test_formula_accuracy.py::TestMomentumCalculation::test_momentum_formula PASSED [ 30%]
tests/test_formula_accuracy.py::TestMomentumCalculation::test_momentum_negative PASSED [ 30%]
tests/test_formula_accuracy.py::TestMomentumCalculation::test_momentum_weak_filter PASSED [ 30%]
tests/test_formula_accuracy.py::TestROECalculation::test_roe_formula PASSED [ 30%]
tests/test_formula_accuracy.py::TestROECalculation::test_roe_percentage_scaling PASSED [ 30%]
tests/test_formula_accuracy.py::TestRebalanceLogic::test_weight_redistribution_three_of_six_metrics PASSED [ 30%]
tests/test_formula_accuracy.py::TestRebalanceLogic::test_minimum_completeness_threshold PASSED [ 31%]
tests/test_health_panel_helpers.py::TestFormatPhaseBadge::test_success_status_returns_green_checkmark PASSED [ 31%]
tests/test_health_panel_helpers.py::TestFormatPhaseBadge::test_completed_status_returns_green_checkmark PASSED [ 31%]
tests/test_health_panel_helpers.py::TestFormatPhaseBadge::test_ok_status_returns_green_checkmark PASSED [ 31%]
tests/test_health_panel_helpers.py::TestFormatPhaseBadge::test_halted_status_returns_yellow_tilde PASSED [ 31%]
tests/test_health_panel_helpers.py::TestFormatPhaseBadge::test_warn_status_returns_yellow_tilde PASSED [ 31%]
tests/test_health_panel_helpers.py::TestFormatPhaseBadge::test_degraded_status_returns_yellow_tilde PASSED [ 31%]
tests/test_health_panel_helpers.py::TestFormatPhaseBadge::test_error_status_returns_red_x PASSED [ 31%]
tests/test_health_panel_helpers.py::TestFormatPhaseBadge::test_failed_status_returns_red_x PASSED [ 31%]
tests/test_health_panel_helpers.py::TestFormatPhaseBadge::test_empty_status_returns_red_x PASSED [ 31%]
tests/test_health_panel_helpers.py::TestFormatPhaseBadge::test_none_status_returns_red_x PASSED [ 31%]
tests/test_health_panel_helpers.py::TestFormatPhaseBadge::test_case_insensitive PASSED [ 31%]
tests/test_health_panel_helpers.py::TestFormatExecHistorySummary::test_empty_history_returns_empty_list PASSED [ 31%]
tests/test_health_panel_helpers.py::TestFormatExecHistorySummary::test_none_history_returns_empty_list PASSED [ 31%]
tests/test_health_panel_helpers.py::TestFormatExecHistorySummary::test_single_success_run PASSED [ 31%]
tests/test_health_panel_helpers.py::TestFormatExecHistorySummary::test_mixed_results PASSED [ 32%]
tests/test_health_panel_helpers.py::TestFormatExecHistorySummary::test_last_halt_shown_in_details PASSED [ 32%]
tests/test_health_panel_helpers.py::TestFormatDataHealthSummary::test_empty_health_items_returns_empty_list PASSED [ 32%]
tests/test_health_panel_helpers.py::TestFormatDataHealthSummary::test_all_healthy_tables PASSED [ 32%]
tests/test_health_panel_helpers.py::TestFormatDataHealthSummary::test_stale_tables_shown PASSED [ 32%]
tests/test_health_panel_helpers.py::TestFormatDataHealthSummary::test_critical_stale_highlighted PASSED [ 32%]
tests/test_health_panel_helpers.py::TestFormatNotificationsSummary::test_empty_notifications_returns_empty_list PASSED [ 32%]
tests/test_health_panel_helpers.py::TestFormatNotificationsSummary::test_single_critical_notification PASSED [ 32%]
tests/test_health_panel_helpers.py::TestFormatNotificationsSummary::test_notification_age_formatting PASSED [ 32%]
tests/test_health_panel_helpers.py::TestFormatNotificationsSummary::test_unread_indicator_shown PASSED [ 32%]
tests/test_health_panel_helpers.py::TestFormatLoaderStatus::test_empty_loader_returns_empty_list PASSED [ 32%]
tests/test_health_panel_helpers.py::TestFormatLoaderStatus::test_healthy_loaders_shown PASSED [ 32%]
tests/test_health_panel_helpers.py::TestFormatLoaderStatus::test_problem_loaders_shown PASSED [ 32%]
tests/test_health_panel_helpers.py::TestFormatLoaderStatus::test_loading_loaders_shown PASSED [ 32%]
tests/test_health_panel_helpers.py::TestFormatDailyMetricsSummary::test_empty_metrics_returns_empty_list PASSED [ 32%]
tests/test_health_panel_helpers.py::TestFormatDailyMetricsSummary::test_single_day_metrics PASSED [ 33%]
tests/test_health_panel_helpers.py::TestFormatDailyMetricsSummary::test_multiple_days_metrics PASSED [ 33%]
tests/test_health_panel_helpers.py::TestFormatRecentTradeEvents::test_empty_activity_returns_empty_list PASSED [ 33%]
tests/test_health_panel_helpers.py::TestFormatRecentTradeEvents::test_no_recent_actions PASSED [ 33%]
tests/test_health_panel_helpers.py::TestFormatRecentTradeEvents::test_trade_event_formatted PASSED [ 33%]
tests/test_health_panel_helpers.py::TestFormatRecentTradeEvents::test_exit_event_formatted PASSED [ 33%]
tests/test_health_panel_helpers.py::TestFormatAuditLogSummary::test_empty_audit_returns_empty_list PASSED [ 33%]
tests/test_health_panel_helpers.py::TestFormatAuditLogSummary::test_notable_actions_filtered PASSED [ 33%]
tests/test_health_panel_helpers.py::TestFormatAuditLogSummary::test_halt_action_shown PASSED [ 33%]
tests/test_health_panel_helpers.py::TestConstants::test_success_states_defined PASSED [ 33%]
tests/test_health_panel_helpers.py::TestConstants::test_halted_states_defined PASSED [ 33%]
tests/test_health_panel_helpers.py::TestConstants::test_error_states_defined PASSED [ 33%]
tests/test_health_panel_helpers.py::TestHealthPanelHelpersWithMalformedData::test_format_phase_badge_with_int PASSED [ 33%]
tests/test_health_panel_helpers.py::TestHealthPanelHelpersWithMalformedData::test_format_phase_badge_with_list PASSED [ 33%]
tests/test_health_panel_helpers.py::TestHealthPanelHelpersWithMalformedData::test_format_phase_badge_with_dict PASSED [ 34%]
tests/test_health_panel_helpers.py::TestHealthPanelHelpersWithMalformedData::test_format_exec_history_with_malformed_items PASSED [ 34%]
tests/test_health_panel_helpers.py::TestHealthPanelHelpersWithMalformedData::test_format_exec_history_with_wrong_type_timestamp PASSED [ 34%]
tests/test_health_panel_helpers.py::TestHealthPanelHelpersWithMalformedData::test_format_data_health_with_none_metrics PASSED [ 34%]
tests/test_health_panel_helpers.py::TestHealthPanelHelpersWithMalformedData::test_format_data_health_with_string_metrics PASSED [ 34%]
tests/test_health_panel_helpers.py::TestHealthPanelHelpersWithMalformedData::test_format_loader_status_with_none PASSED [ 34%]
tests/test_health_panel_helpers.py::TestHealthPanelHelpersWithMalformedData::test_format_loader_status_with_int PASSED [ 34%]
tests/test_health_panel_helpers.py::TestHealthPanelHelpersWithMalformedData::test_format_notifications_with_non_list PASSED [ 34%]
tests/test_health_panel_helpers.py::TestHealthPanelHelpersWithMalformedData::test_format_daily_metrics_with_malformed_data PASSED [ 34%]
tests/test_health_panel_helpers.py::TestHealthPanelHelpersWithMalformedData::test_format_recent_trades_with_non_list PASSED [ 34%]
tests/test_health_panel_helpers.py::TestHealthPanelHelpersWithMalformedData::test_format_audit_log_with_non_list PASSED [ 34%]
tests/test_health_panel_helpers.py::TestHealthPanelHelpersWithMalformedData::test_format_audit_log_with_malformed_items PASSED [ 34%]
tests/test_intraday_pipelines.py::test_morning_pipeline_timing PASSED    [ 34%]
tests/test_intraday_pipelines.py::test_afternoon_update_pipeline PASSED  [ 34%]
tests/test_intraday_pipelines.py::test_preclose_update_pipeline PASSED   [ 34%]
tests/test_intraday_pipelines.py::test_fresh_scores_used_by_orchestrator PASSED [ 35%]
tests/test_intraday_pipelines.py::test_no_database_conflicts PASSED      [ 35%]
tests/test_intraday_pipelines.py::test_failure_scenarios PASSED          [ 35%]
tests/test_malformed_data_downstream.py::TestCircuitBreakerPanelWithMalformedData::test_cur_as_string_crashes_format PASSED [ 35%]
tests/test_malformed_data_downstream.py::TestCircuitBreakerPanelWithMalformedData::test_statuscode_comparison_crashes_type_error PASSED [ 35%]
tests/test_malformed_data_downstream.py::TestApiResponseBoundaryValidation::test_response_validators_convert_valid_strings PASSED [ 35%]
tests/test_malformed_data_downstream.py::TestApiResponseBoundaryValidation::test_response_validators_reject_invalid_strings PASSED [ 35%]
tests/test_malformed_data_downstream.py::TestApiResponseBoundaryValidation::test_unwrap_detects_malformed_data_field PASSED [ 35%]
tests/test_malformed_data_downstream.py::TestDataTypeValidationAtBoundaries::test_api_call_catches_malformed_response PASSED [ 35%]
tests/test_malformed_data_downstream.py::TestSafeTypeConversions::test_safe_float_rejects_malformed PASSED [ 35%]
tests/test_malformed_data_downstream.py::TestSafeTypeConversions::test_safe_int_rejects_malformed PASSED [ 35%]
tests/test_malformed_data_downstream.py::TestFullStackWithMalformedData::test_api_response_propagates_error PASSED [ 35%]
tests/test_market_health_fetchers_comprehensive.py::TestBreadthFetcherNewHighsLows::test_compute_new_highs_lows_returns_dict_with_tuple_values PASSED [ 35%]
tests/test_market_health_fetchers_comprehensive.py::TestBreadthFetcherNewHighsLows::test_compute_new_highs_lows_with_empty_result XFAIL [ 35%]
tests/test_market_health_fetchers_comprehensive.py::TestBreadthFetcherNewHighsLows::test_compute_new_highs_lows_converts_null_counts_to_zero XFAIL [ 35%]
tests/test_market_health_fetchers_comprehensive.py::TestBreadthFetcherNewHighsLows::test_compute_new_highs_lows_handles_date_objects_and_strings PASSED [ 36%]
tests/test_market_health_fetchers_comprehensive.py::TestBreadthFetcherNewHighsLows::test_compute_new_highs_lows_executes_sql_with_correct_params XFAIL [ 36%]
tests/test_market_health_fetchers_comprehensive.py::TestBreadthFetcherFullIntegration::test_fetch_returns_advances_declines_and_new_highs_lows XPASS [ 36%]
tests/test_market_health_fetchers_comprehensive.py::TestBreadthFetcherFullIntegration::test_fetch_with_missing_new_highs_lows_data XFAIL [ 36%]
tests/test_market_health_fetchers_comprehensive.py::TestBreadthFetcherFullIntegration::test_fetch_skips_rows_with_zero_declines XFAIL [ 36%]
tests/test_market_health_fetchers_comprehensive.py::TestBreadthFetcherFullIntegration::test_fetch_handles_missing_advances_or_declines XFAIL [ 36%]
tests/test_market_health_fetchers_comprehensive.py::TestBreadthFetcherFullIntegration::test_fetch_rounds_ad_ratio_to_3_decimals XFAIL [ 36%]
tests/test_market_health_fetchers_comprehensive.py::TestBreadthFetcherFullIntegration::test_fetch_gracefully_returns_empty_on_no_advance_decline_data XFAIL [ 36%]
tests/test_market_health_fetchers_comprehensive.py::TestBreadthFetcherFullIntegration::test_fetch_gracefully_handles_database_exception XFAIL [ 36%]
tests/test_market_health_fetchers_comprehensive.py::TestBreadthFetcherFullIntegration::test_fetch_returns_none_for_missing_new_highs_lows XFAIL [ 36%]
tests/test_market_health_fetchers_comprehensive.py::TestBreadthFetcherEdgeCases::test_fetch_with_zero_advances_and_declines XFAIL [ 36%]
tests/test_market_health_fetchers_comprehensive.py::TestBreadthFetcherEdgeCases::test_fetch_with_large_ad_ratio XFAIL [ 36%]
tests/test_market_health_fetchers_comprehensive.py::TestBreadthFetcherEdgeCases::test_fetch_multiple_dates_in_date_range XPASS [ 36%]
tests/test_market_metrics_fixes.py::TestBreadthFetcherValidation::test_fails_when_price_daily_empty PASSED [ 36%]
tests/test_market_metrics_fixes.py::TestBreadthFetcherValidation::test_fails_when_window_function_returns_nothing PASSED [ 36%]
tests/test_market_metrics_fixes.py::TestBreadthFetcherValidation::test_succeeds_with_valid_data PASSED [ 37%]
tests/test_market_metrics_fixes.py::TestBreadthFetcherValidation::test_handles_null_values_in_counts XFAIL [ 37%]
tests/test_market_metrics_fixes.py::TestDashboardMetricsDisplay::test_placeholder_shown_when_nh_is_none PASSED [ 37%]
tests/test_market_metrics_fixes.py::TestDashboardMetricsDisplay::test_placeholder_shown_when_nl_is_none PASSED [ 37%]
tests/test_market_metrics_fixes.py::TestDashboardMetricsDisplay::test_actual_values_shown_when_available PASSED [ 37%]
tests/test_market_metrics_fixes.py::TestDashboardMetricsDisplay::test_both_missing_shows_both_placeholders PASSED [ 37%]
tests/test_market_metrics_fixes.py::TestBreadthFetcherFetch::test_fetch_propagates_validation_error PASSED [ 37%]
tests/test_market_metrics_fixes.py::TestErrorMessages::test_empty_price_daily_error_is_helpful PASSED [ 37%]
tests/test_market_metrics_fixes.py::TestErrorMessages::test_insufficient_history_error_is_helpful PASSED [ 37%]
tests/test_market_panel.py::TestMarketPanelValidation::test_panel_market_full_missing_critical_vix PASSED [ 37%]
tests/test_market_panel.py::TestMarketPanelValidation::test_panel_market_full_missing_critical_spy PASSED [ 37%]
tests/test_market_panel.py::TestMarketPanelValidation::test_panel_market_full_vix_as_string_coerced PASSED [ 37%]
tests/test_market_panel.py::TestMarketPanelValidation::test_panel_market_full_spy_as_dict_invalid PASSED [ 37%]
tests/test_market_panel.py::TestMarketPanelValidation::test_panel_market_full_spy_as_list_invalid PASSED [ 37%]
tests/test_market_panel.py::TestMarketPanelValidation::test_panel_market_full_pct_as_string_allowed PASSED [ 37%]
tests/test_market_panel.py::TestMarketPanelValidation::test_panel_market_full_pct_none_allowed PASSED [ 38%]
tests/test_market_panel.py::TestMarketPanelValidation::test_panel_market_full_upvol_none_allowed PASSED [ 38%]
tests/test_market_panel.py::TestMarketPanelValidation::test_panel_market_full_halts_as_string_raises_error PASSED [ 38%]
tests/test_market_panel.py::TestMarketPanelValidation::test_panel_market_full_vix_comparison_safe PASSED [ 38%]
tests/test_market_panel.py::TestMarketExpandedPanelValidation::test_panel_market_expanded_all_optional_fields_missing PASSED [ 38%]
tests/test_market_panel.py::TestMarketExpandedPanelValidation::test_panel_market_expanded_nh_nl_calculation_strict_validation PASSED [ 38%]
tests/test_market_panel.py::TestMarketExpandedPanelValidation::test_panel_market_expanded_breadth_momentum_strict_validation PASSED [ 38%]
tests/test_market_panel.py::TestMarketHeaderPanelValidation::test_header_panel_missing_all_mkt_data PASSED [ 38%]
tests/test_market_panel.py::TestMarketHeaderPanelValidation::test_header_panel_mkt_with_errors PASSED [ 38%]
tests/test_market_panel.py::TestMarketHeaderPanelValidation::test_header_panel_sentiment_incomplete PASSED [ 38%]
tests/test_market_panel.py::TestMarketHeaderPanelValidation::test_header_panel_config_mode_none PASSED [ 38%]
tests/test_market_panel.py::TestMarketHeaderPanelValidation::test_header_panel_config_enabled_none PASSED [ 38%]
tests/test_market_panel.py::TestMarketPanelDataTypeCoercion::test_vix_color_coding_with_safe_float PASSED [ 38%]
tests/test_market_panel.py::TestMarketPanelDataTypeCoercion::test_market_panel_uses_safe_coercion PASSED [ 38%]
tests/test_market_panel.py::TestMarketPanelOutputFormat::test_panel_market_full_returns_rich_panel PASSED [ 39%]
tests/test_market_panel.py::TestMarketPanelOutputFormat::test_panel_market_full_content_has_key_fields PASSED [ 39%]
tests/test_market_panel.py::TestMarketPanelOutputFormat::test_panel_market_expanded_returns_rich_panel PASSED [ 39%]
tests/test_market_panel.py::TestMarketPanelOutputFormat::test_panel_market_expanded_content_has_sections PASSED [ 39%]
tests/test_market_panel.py::TestMarketPanelOutputFormat::test_header_panel_returns_rich_panel PASSED [ 39%]
tests/test_market_panel.py::TestMarketPanelOutputFormat::test_header_panel_includes_timestamp PASSED [ 39%]
tests/test_mock_data_isolation.py::TestMockDataDetection::test_detector_identifies_mock_data_markers PASSED [ 39%]
tests/test_mock_data_isolation.py::TestMockDataDetection::test_detector_ignores_real_data PASSED [ 39%]
tests/test_mock_data_isolation.py::TestMockDataDetection::test_detector_gets_markers PASSED [ 39%]
tests/test_mock_data_isolation.py::TestMockDataDetection::test_detector_assert_raises_on_mock_data PASSED [ 39%]
tests/test_mock_data_isolation.py::TestMockDataDetection::test_detector_assert_passes_on_real_data PASSED [ 39%]
tests/test_mock_data_isolation.py::TestDryRunBrokerAdapter::test_dry_run_requires_environment_flag PASSED [ 39%]
tests/test_mock_data_isolation.py::TestDryRunBrokerAdapter::test_dry_run_requires_dev_environment PASSED [ 39%]
tests/test_mock_data_isolation.py::TestDryRunBrokerAdapter::test_dry_run_succeeds_with_proper_setup PASSED [ 39%]
tests/test_mock_data_isolation.py::TestDryRunBrokerAdapter::test_dry_run_marks_data_as_mock PASSED [ 39%]
tests/test_mock_data_isolation.py::TestPositionSizerSafeguards::test_position_sizer_rejects_mock_portfolio PASSED [ 40%]
tests/test_mock_data_isolation.py::TestPositionSizerSafeguards::test_position_sizer_accepts_real_portfolio PASSED [ 40%]
tests/test_mock_data_isolation.py::TestTradeExecutorSafeguards::test_executor_rejects_mock_context SKIPPED [ 40%]
tests/test_mock_data_isolation.py::TestTradeExecutorSafeguards::test_executor_validates_exit_price SKIPPED [ 40%]
tests/test_mock_data_isolation.py::TestEnableTestMode::test_enable_test_mode_sets_flags PASSED [ 40%]
tests/test_mock_data_isolation.py::TestEnableTestMode::test_enable_test_mode_validates_environment PASSED [ 40%]
tests/test_mock_data_isolation.py::TestTestDataRegistry::test_registry_lists_dry_run_broker PASSED [ 40%]
tests/test_mock_data_isolation.py::TestTestDataRegistry::test_registry_shows_hardened_entries PASSED [ 40%]
tests/test_phase_dependency_validation.py::test_phase_5_constraints_validation PASSED [ 40%]
tests/test_phase_dependency_validation.py::test_phase7_dependency_validation PASSED [ 40%]
tests/test_phase_dependency_validation.py::test_phase7_data_extraction PASSED [ 40%]
tests/test_phase_executor_dependency_validation.py::test_executor_detects_missing_dependency PASSED [ 40%]
tests/test_phase_executor_dependency_validation.py::test_executor_detects_failed_dependency PASSED [ 40%]
tests/test_phase_executor_dependency_validation.py::test_executor_detects_invalid_dependency_data PASSED [ 40%]
tests/test_phase_executor_dependency_validation.py::test_executor_allows_valid_dependency PASSED [ 40%]
tests/test_phase_executor_dependency_validation.py::test_executor_validates_all_dependencies PASSED [ 41%]
tests/test_pooled_connections.py::TestPoolSemaphore::test_semaphore_acquire_release PASSED [ 41%]
tests/test_pooled_connections.py::TestPoolSemaphore::test_semaphore_concurrent_access PASSED [ 41%]
tests/test_pooled_connections.py::TestPoolSemaphore::test_semaphore_status PASSED [ 41%]
tests/test_pooled_connections.py::TestPooledConnectionManager::test_manager_acquire_release PASSED [ 41%]
tests/test_pooled_connections.py::TestPooledConnectionManager::test_manager_double_acquire_error PASSED [ 41%]
tests/test_pooled_connections.py::TestPooledConnectionManager::test_manager_idempotent_release PASSED [ 41%]
tests/test_pooled_connections.py::TestPooledContextVar::test_context_isolation PASSED [ 41%]
tests/test_pooled_connections.py::TestPooledContextVar::test_set_get_pooled_connection PASSED [ 41%]
tests/test_pooled_connections.py::TestDatabaseContextIntegration::test_context_acquires_new_if_no_pooled PASSED [ 41%]
tests/test_pooled_connections.py::TestDatabaseContextIntegration::test_context_reuses_pooled_connection PASSED [ 41%]
tests/test_pooled_connections.py::TestConnectionChurnReduction::test_loader_pattern_single_connection PASSED [ 41%]
tests/test_pooled_connections.py::TestPooledConnectionsWithMalformedData::test_context_var_with_dict_instead_of_connection PASSED [ 41%]
tests/test_pooled_connections.py::TestPooledConnectionsWithMalformedData::test_context_var_with_none_connection PASSED [ 41%]
tests/test_pooled_connections.py::TestPooledConnectionsWithMalformedData::test_manager_acquire_with_broken_pool PASSED [ 41%]
tests/test_pooled_connections.py::TestPooledConnectionsWithMalformedData::test_manager_with_negative_timeout PASSED [ 42%]
tests/test_pooled_connections.py::TestPooledConnectionsWithMalformedData::test_manager_with_none_loader_name PASSED [ 42%]
tests/test_pooled_connections.py::TestPooledConnectionsWithMalformedData::test_pool_semaphore_acquire_with_int_name PASSED [ 42%]
tests/test_pooled_connections.py::TestPooledConnectionsWithMalformedData::test_pool_semaphore_acquire_with_none_name PASSED [ 42%]
tests/test_pooled_connections.py::TestPooledConnectionsWithMalformedData::test_pool_semaphore_release_without_acquire PASSED [ 42%]
tests/test_pooled_connections.py::TestPooledConnectionsWithMalformedData::test_pool_semaphore_with_negative_max_concurrent PASSED [ 42%]
tests/test_pooled_connections.py::TestPooledConnectionsWithMalformedData::test_pool_semaphore_with_zero_timeout PASSED [ 42%]
tests/test_property_based_malformed_data.py::TestPortfolioValidatorWithMalformedData::test_with_null_values PASSED [ 42%]
tests/test_property_based_malformed_data.py::TestPortfolioValidatorWithMalformedData::test_with_wrong_numeric_types PASSED [ 42%]
tests/test_property_based_malformed_data.py::TestPortfolioValidatorWithMalformedData::test_with_extreme_numeric_values PASSED [ 42%]
tests/test_property_based_malformed_data.py::TestPortfolioValidatorWithMalformedData::test_with_empty_strings PASSED [ 42%]
tests/test_property_based_malformed_data.py::TestPortfolioValidatorWithMalformedData::test_with_missing_required_fields PASSED [ 42%]
tests/test_property_based_malformed_data.py::TestConfigValidatorWithMalformedData::test_with_negative_values PASSED [ 42%]
tests/test_property_based_malformed_data.py::TestConfigValidatorWithMalformedData::test_with_zero_values PASSED [ 42%]
tests/test_property_based_malformed_data.py::TestConfigValidatorWithMalformedData::test_with_extreme_float_values PASSED [ 42%]
tests/test_property_based_malformed_data.py::TestConfigValidatorWithMalformedData::test_with_mixed_type_fields PASSED [ 43%]
tests/test_property_based_malformed_data.py::TestValidatorGeneralRobustness::test_portfolio_validator_with_non_dict_input PASSED [ 43%]
tests/test_property_based_malformed_data.py::TestValidatorGeneralRobustness::test_config_validator_with_non_dict_input PASSED [ 43%]
tests/test_property_based_malformed_data.py::TestValidatorGeneralRobustness::test_validators_with_very_large_dict PASSED [ 43%]
tests/test_property_based_malformed_data.py::TestValidatorGeneralRobustness::test_validators_with_special_characters_in_keys PASSED [ 43%]
tests/test_put_call_ratio_yfinance.py::test_put_call_ratio_always_unavailable PASSED [ 43%]
tests/test_rate_limiting.py::test_admin_rate_limit_basic PASSED          [ 43%]
tests/test_rate_limiting.py::test_public_rate_limit_basic PASSED         [ 43%]
tests/test_rate_limiting.py::test_admin_rate_limits_configured PASSED    [ 43%]
tests/test_rate_limiting.py::test_public_rate_limits_configured PASSED   [ 43%]
tests/test_rate_limiting.py::test_different_users_independent PASSED     [ 43%]
tests/test_rate_limiting.py::test_admin_rate_limit_with_malformed_user_id PASSED [ 43%]
tests/test_rate_limiting.py::test_admin_rate_limit_with_malformed_endpoint PASSED [ 43%]
tests/test_rate_limiting.py::test_admin_rate_limit_with_negative_values PASSED [ 43%]
tests/test_rate_limiting.py::test_public_rate_limit_with_malformed_endpoint PASSED [ 43%]
tests/test_rate_limiting.py::test_public_rate_limit_with_string_limits PASSED [ 44%]
tests/test_recovery_and_failure_handling.py::TestDatabaseAvailabilityRecovery::test_database_connection_refused_immediate_retry PASSED [ 44%]
tests/test_recovery_and_failure_handling.py::TestDatabaseAvailabilityRecovery::test_database_partial_write_rollback PASSED [ 44%]
tests/test_recovery_and_failure_handling.py::TestDatabaseAvailabilityRecovery::test_database_recovery_after_restart PASSED [ 44%]
tests/test_recovery_and_failure_handling.py::TestDatabaseAvailabilityRecovery::test_database_timeout_mid_operation PASSED [ 44%]
tests/test_recovery_and_failure_handling.py::TestAPIFailureRecovery::test_api_500_error_transient_retry PASSED [ 44%]
tests/test_recovery_and_failure_handling.py::TestAPIFailureRecovery::test_api_503_service_unavailable PASSED [ 44%]
tests/test_recovery_and_failure_handling.py::TestAPIFailureRecovery::test_api_timeout_and_retry PASSED [ 44%]
tests/test_recovery_and_failure_handling.py::TestNetworkFailureRecovery::test_connection_reset_by_peer PASSED [ 44%]
tests/test_recovery_and_failure_handling.py::TestNetworkFailureRecovery::test_dns_resolution_failure PASSED [ 44%]
tests/test_recovery_and_failure_handling.py::TestNetworkFailureRecovery::test_network_timeout_during_loader PASSED [ 44%]
tests/test_recovery_and_failure_handling.py::TestDiskAndResourceFailures::test_disk_full_during_database_write PASSED [ 44%]
tests/test_recovery_and_failure_handling.py::TestDiskAndResourceFailures::test_disk_full_during_log_rotation PASSED [ 44%]
tests/test_recovery_and_failure_handling.py::TestProcessTerminationRecovery::test_out_of_memory_during_orchestration PASSED [ 44%]
tests/test_recovery_and_failure_handling.py::TestProcessTerminationRecovery::test_sigterm_during_critical_section PASSED [ 45%]
tests/test_recovery_and_failure_handling.py::TestLockManagementRecovery::test_lock_acquisition_timeout PASSED [ 45%]
tests/test_recovery_and_failure_handling.py::TestLockManagementRecovery::test_lock_cleanup_on_recovery PASSED [ 45%]
tests/test_recovery_and_failure_handling.py::TestLockManagementRecovery::test_stale_lock_from_crashed_process PASSED [ 45%]
tests/test_recovery_and_failure_handling.py::TestHaltFlagRecovery::test_halt_flag_clear_recovery PASSED [ 45%]
tests/test_recovery_and_failure_handling.py::TestHaltFlagRecovery::test_halt_flag_dynamodb_unavailable PASSED [ 45%]
tests/test_recovery_and_failure_handling.py::TestPartialWriteRecovery::test_corrupted_json_in_database PASSED [ 45%]
tests/test_recovery_and_failure_handling.py::TestPartialWriteRecovery::test_partial_position_write_recovery PASSED [ 45%]
tests/test_recovery_and_failure_handling.py::TestCircuitBreakerRecovery::test_circuit_breaker_triggered_recovery PASSED [ 45%]
tests/test_recovery_and_failure_handling.py::TestMemoryPressureRecovery::test_gc_pause_during_phase_execution PASSED [ 45%]
tests/test_recovery_and_failure_handling.py::TestMemoryPressureRecovery::test_memory_limit_enforced PASSED [ 45%]
tests/test_recovery_and_failure_handling.py::TestDataConsistencyAfterFailure::test_portfolio_consistency_after_crash PASSED [ 45%]
tests/test_recovery_and_failure_handling.py::TestDataConsistencyAfterFailure::test_trade_log_consistency PASSED [ 45%]
tests/test_recovery_and_failure_handling.py::TestAlarmRecovery::test_alarm_cleared_after_recovery PASSED [ 45%]
tests/test_recovery_and_failure_handling.py::TestAlarmRecovery::test_duplicate_alarms_not_created PASSED [ 45%]
tests/test_recovery_and_failure_handling.py::TestRecoveryIntegration::test_database_failover_recovery SKIPPED [ 46%]
tests/test_recovery_and_failure_handling.py::TestRecoveryIntegration::test_orchestrator_crash_and_recovery SKIPPED [ 46%]
tests/test_response_validation_fixes.py::TestResponseValidatorLeniency::test_extra_fields_with_warning PASSED [ 46%]
tests/test_response_validation_fixes.py::TestResponseValidatorLeniency::test_nested_schema_allows_dynamic_fields PASSED [ 46%]
tests/test_response_validation_fixes.py::TestResponseValidatorLeniency::test_missing_required_fields_still_fail PASSED [ 46%]
[...]
tests/test_sec_xml_parser.py::TestSchedule13GParser::test_parse_schedule13g_amendment_flag PASSED [ 48%]
tests/test_session_281_critical_fixes.py::TestFileLockManagerAtomicity::test_acquire_uses_os_open_with_o_excl PASSED [ 48%]
tests/test_session_281_critical_fixes.py::TestFileLockManagerAtomicity::test_lock_file_creation_is_atomic PASSED [ 48%]
tests/test_session_281_critical_fixes.py::TestDevModeSecurityBypass::test_dev_server_only_enables_in_main PASSED [ 48%]
tests/test_session_281_critical_fixes.py::TestDevModeSecurityBypass::test_dev_server_fails_if_imported_with_dev_tokens_enabled PASSED [ 48%]
tests/test_session_281_critical_fixes.py::TestPositionCreationValidation::test_position_creation_requires_stop_price PASSED [ 48%]
tests/test_session_281_critical_fixes.py::TestPositionCreationValidation::test_database_should_enforce_not_null_on_stop_price PASSED [ 48%]
tests/test_session_281_critical_fixes.py::TestBuySellSignalForeignKeyValidation::test_price_filter_failure_raises_error PASSED [ 48%]
tests/test_session_281_critical_fixes.py::TestPartialFillHandling::test_partial_fill_status_tracked PASSED [ 48%]
tests/test_session_281_critical_fixes.py::TestPartialFillHandling::test_reconciliation_must_handle_partial_fills SKIPPED [ 48%]
tests/test_session_281_critical_fixes.py::TestOrchhestratorLockingFailsClosed::test_orchestrator_lock_no_failopen_in_local_mode PASSED [ 48%]
tests/test_session_282_integration.py::TestPartialFillReconciliation::test_partial_fill_detection_and_correction SKIPPED [ 49%]
tests/test_session_282_integration.py::TestPartialFillReconciliation::test_partial_fill_scenario_60_of_100 SKIPPED [ 49%]
tests/test_session_282_integration.py::TestPartialFillReconciliation::test_partial_fill_notification_sent SKIPPED [ 49%]
tests/test_session_282_integration.py::TestDistributedLockingConcurrency::test_two_orchestrators_cannot_run_simultaneously SKIPPED [ 49%]
tests/test_session_282_integration.py::TestDistributedLockingConcurrency::test_lock_released_after_orchestrator_completes SKIPPED [ 49%]
tests/test_session_282_integration.py::TestDistributedLockingConcurrency::test_lock_timeout_recovery SKIPPED [ 49%]
tests/test_session_282_integration.py::TestPositionCreationFieldValidation::test_position_requires_stop_price SKIPPED [ 49%]
tests/test_session_282_integration.py::TestPositionCreationFieldValidation::test_position_initializes_target_levels_hit_to_zero SKIPPED [ 49%]
tests/test_session_282_integration.py::TestPositionCreationFieldValidation::test_position_requires_entry_price SKIPPED [ 49%]
tests/test_session_282_integration.py::TestPositionCreationFieldValidation::test_position_requires_entry_date SKIPPED [ 49%]
tests/test_session_282_integration.py::TestHaltFlagFailClosedBehavior::test_halt_flag_fails_when_dynamodb_unavailable SKIPPED [ 49%]
tests/test_session_282_integration.py::TestHaltFlagFailClosedBehavior::test_halt_flag_no_failopen_in_local_mode SKIPPED [ 49%]
tests/test_session_282_integration.py::TestBuyerSellSignalForignKeyProtection::test_signal_generation_fails_if_prices_missing SKIPPED [ 49%]
tests/test_session_282_integration.py::TestBuyerSellSignalForignKeyProtection::test_signal_generation_succeeds_with_prices SKIPPED [ 49%]
tests/test_session_282_integration.py::TestPhaseExecutionIntegrity::test_phases_execute_in_sequence SKIPPED [ 50%]
tests/test_session_282_integration.py::TestPhaseExecutionIntegrity::test_phase_failures_halt_subsequent_phases SKIPPED [ 50%]
tests/test_session_282_integration.py::TestPhaseExecutionIntegrity::test_phase_6_always_runs_on_halt SKIPPED [ 50%]
tests/test_session_282_integration.py::TestPhaseExecutionIntegrity::test_phase_9_always_runs SKIPPED [ 50%]
tests/test_session_282_integration.py::TestDataIntegrityUnderLoad::test_multiple_loaders_dont_corrupt_data SKIPPED [ 50%]
tests/test_session_282_integration.py::TestDataIntegrityUnderLoad::test_price_loader_and_signal_generation_concurrent SKIPPED [ 50%]
tests/test_session_282_integration.py::TestErrorRecovery::test_orchestrator_recovers_from_broker_timeout SKIPPED [ 50%]
tests/test_session_282_integration.py::TestErrorRecovery::test_orchestrator_recovers_from_database_disconnect SKIPPED [ 50%]
tests/test_session_282_integration.py::TestErrorRecovery::test_orchestrator_recovers_from_dynamodb_unavailable SKIPPED [ 50%]
tests/test_session_282_integration.py::TestErrorRecovery::test_loader_recovers_from_api_timeout SKIPPED [ 50%]
tests/test_session_282_integration.py::TestBasicValidation::test_import_all_critical_modules PASSED [ 50%]
tests/test_session_282_integration.py::TestBasicValidation::test_database_schema_has_required_columns SKIPPED [ 50%]
tests/test_session_282_integration.py::TestBasicValidation::test_config_validation_passes SKIPPED [ 50%]
tests/test_session_283_fallback_fixes.py::TestDashboardDataUnavailableMarker::test_render_dashboard_with_data_unavailable_shows_error PASSED [ 50%]
tests/test_session_283_fallback_fixes.py::TestDashboardDataUnavailableMarker::test_render_dashboard_normal_data_renders_full_ui PASSED [ 50%]
tests/test_session_283_fallback_fixes.py::TestDashboardLoadTimeout::test_run_once_timeout_sets_explicit_marker PASSED [ 51%]
tests/test_session_283_fallback_fixes.py::TestDashboardExceptionHandling::test_exception_sets_explicit_marker_not_empty_dict PASSED [ 51%]
tests/test_session_283_fallback_fixes.py::TestFetchersFailFast::test_critical_fetcher_timeout_raises_exception PASSED [ 51%]
tests/test_session_283_fallback_fixes.py::TestWatchModePreservesState::test_watch_mode_timeout_preserves_previous_state PASSED [ 51%]
tests/test_session_283_fallback_fixes.py::TestRecoveryLayerFailFast::test_recovery_failure_does_not_fallback_to_direct_render PASSED [ 51%]
tests/test_session_283_fallback_fixes.py::TestDataAvailabilityPropagation::test_load_all_timeout_propagates_unavailable_marker PASSED [ 51%]
tests/test_session_283_fallback_fixes.py::TestEndToEndDataAvailability::test_empty_dict_never_rendered_as_valid_data PASSED [ 51%]
tests/test_stock_scores_marker_propagation.py::TestMarkerPropagation::test_clamp_score_preserves_markers PASSED [ 51%]
tests/test_stock_scores_marker_propagation.py::TestMarkerPropagation::test_composite_score_handles_markers PASSED [ 51%]
tests/test_stock_scores_marker_propagation.py::TestMarkerPropagation::test_marker_reason_propagates_to_api_response PASSED [ 51%]
tests/test_strict_validation_error_detection.py::TestStrictFloatNoneDetection::test_none_raises_strict_validation_error PASSED [ 51%]
tests/test_strict_validation_error_detection.py::TestStrictFloatNoneDetection::test_none_strict_without_field_name PASSED [ 51%]
tests/test_strict_validation_error_detection.py::TestStrictFloatNoneDetection::test_none_strict_with_context PASSED [ 51%]
tests/test_strict_validation_error_detection.py::TestStrictFloatNoneDetection::test_invalid_string_raises_strict_validation_error PASSED [ 51%]
tests/test_strict_validation_error_detection.py::TestStrictFloatNoneDetection::test_bool_raises_strict_validation_error PASSED [ 51%]
tests/test_strict_validation_error_detection.py::TestStrictFloatNoneDetection::test_valid_float_passes_strict PASSED [ 52%]
tests/test_strict_validation_error_detection.py::TestStrictFloatNoneDetection::test_valid_int_passes_strict PASSED [ 52%]
tests/test_strict_validation_error_detection.py::TestStrictFloatNoneDetection::test_valid_string_number_passes_strict PASSED [ 52%]
tests/test_strict_validation_error_detection.py::TestStrictIntNoneDetection::test_none_raises_strict_validation_error PASSED [ 52%]
tests/test_strict_validation_error_detection.py::TestStrictIntNoneDetection::test_invalid_string_raises_strict_validation_error PASSED [ 52%]
tests/test_strict_validation_error_detection.py::TestStrictIntNoneDetection::test_bool_raises_strict_validation_error PASSED [ 52%]
tests/test_strict_validation_error_detection.py::TestStrictIntNoneDetection::test_valid_int_passes_strict PASSED [ 52%]
tests/test_strict_validation_error_detection.py::TestStrictIntNoneDetection::test_valid_string_number_passes_strict PASSED [ 52%]
tests/test_strict_validation_error_detection.py::TestDashboardPanelDataValidation::test_market_panel_none_vix_raises PASSED [ 52%]
tests/test_strict_validation_error_detection.py::TestDashboardPanelDataValidation::test_portfolio_panel_none_portfolio_value_raises PASSED [ 52%]
tests/test_strict_validation_error_detection.py::TestDashboardPanelDataValidation::test_portfolio_panel_none_cash_raises PASSED [ 52%]
tests/test_strict_validation_error_detection.py::TestDashboardPanelDataValidation::test_portfolio_panel_none_position_count_raises PASSED [ 52%]
tests/test_strict_validation_error_detection.py::TestDashboardPanelDataValidation::test_signal_panel_none_score_raises PASSED [ 52%]
tests/test_strict_validation_error_detection.py::TestFetcherDataValidation::test_external_fetcher_none_yield_curve_raises PASSED [ 52%]
tests/test_strict_validation_error_detection.py::TestFetcherDataValidation::test_portfolio_fetcher_none_sharpe_raises PASSED [ 52%]
tests/test_strict_validation_error_detection.py::TestFetcherDataValidation::test_signals_fetcher_none_total_raises PASSED [ 53%]
tests/test_strict_validation_error_detection.py::TestStrictModeDataFlow::test_error_not_swallowed_in_strict_mode PASSED [ 53%]
tests/test_strict_validation_error_detection.py::TestStrictModeDataFlow::test_error_contains_field_context PASSED [ 53%]
tests/test_strict_validation_error_detection.py::TestStrictModeDataFlow::test_error_distinguishes_none_from_invalid PASSED [ 53%]
tests/test_strict_validation_error_detection.py::TestIntegrationWithRealDataPatterns::test_dict_get_returns_none_with_strict_float PASSED [ 53%]
tests/test_strict_validation_error_detection.py::TestIntegrationWithRealDataPatterns::test_chained_getattr_returns_none_with_strict_float PASSED [ 53%]
tests/test_strict_validation_error_detection.py::TestIntegrationWithRealDataPatterns::test_list_index_out_of_bounds_pattern PASSED [ 53%]
tests/test_strict_validation_error_detection.py::TestCIDetectionCapability::test_strict_validation_error_is_exception PASSED [ 53%]
tests/test_strict_validation_error_detection.py::TestCIDetectionCapability::test_error_message_is_meaningful PASSED [ 53%]
tests/test_strict_validation_error_detection.py::TestCIDetectionCapability::test_multiple_errors_can_be_collected PASSED [ 53%]
tests/test_unrealized_pnl_dollars_type_fix.py::TestUnrealizedPNLDollarsContract::test_unrealized_pnl_dollars_in_optional_fields PASSED [ 53%]
tests/test_unrealized_pnl_dollars_type_fix.py::TestUnrealizedPNLDollarsContract::test_unrealized_pnl_dollars_in_field_types PASSED [ 53%]
tests/test_unrealized_pnl_dollars_type_fix.py::TestUnrealizedPNLDollarsContract::test_unrealized_pnl_dollars_type_is_numeric_or_none PASSED [ 53%]
tests/test_unrealized_pnl_dollars_type_fix.py::TestUnrealizedPNLDollarsValue::test_round_function_produces_correct_output PASSED [ 53%]
tests/test_unrealized_pnl_dollars_type_fix.py::TestUnrealizedPNLDollarsValue::test_not_string_format PASSED [ 53%]
tests/test_unrealized_pnl_dollars_type_fix.py::TestUnrealizedPNLDollarsValue::test_precision_maintained PASSED [ 54%]
tests/test_unrealized_pnl_dollars_type_fix.py::TestUnrealizedPNLDollarsFrontendCompatibility::test_frontend_handles_numeric_response PASSED [ 54%]
tests/test_unrealized_pnl_dollars_type_fix.py::TestUnrealizedPNLDollarsFrontendCompatibility::test_frontend_handles_string_response PASSED [ 54%]
tests/test_unrealized_pnl_dollars_type_fix.py::TestUnrealizedPNLDollarsFrontendCompatibility::test_frontend_handles_none_response PASSED [ 54%]
tests/test_unrealized_pnl_dollars_type_fix.py::TestUnrealizedPNLDollarsFrontendCompatibility::test_both_types_produce_same_calculation_result PASSED [ 54%]
tests/test_unrealized_pnl_dollars_type_fix.py::TestDataTypeConsistency::test_database_to_api_type_consistency PASSED [ 54%]
tests/test_unrealized_pnl_dollars_type_fix.py::TestDataTypeConsistency::test_json_serialization_preserves_type PASSED [ 54%]
tests/test_unrealized_pnl_dollars_type_fix.py::TestDataTypeConsistency::test_other_percentage_fields_still_allowed_string PASSED [ 54%]
tests/test_watermark_consolidation.py::TestWatermarkConsolidation::test_freshness_rules_defined PASSED [ 54%]
tests/test_watermark_consolidation.py::TestWatermarkConsolidation::test_critical_table_detection PASSED [ 54%]
tests/test_watermark_consolidation.py::TestWatermarkConsolidation::test_freshness_rule_thresholds PASSED [ 54%]
tests/test_watermark_consolidation.py::TestWatermarkConsolidation::test_no_hardcoded_thresholds PASSED [ 54%]
tests/test_watermark_consolidation.py::TestWatermarkConsolidation::test_weekday_adjustment PASSED [ 54%]
tests/test_watermark_consolidation.py::TestWatermarkConsolidation::test_backwards_compat_is_fresh PASSED [ 54%]
tests/test_watermark_consolidation.py::TestWatermarkConsolidation::test_backwards_compat_check_freshness PASSED [ 54%]
tests/test_watermark_consolidation.py::TestDataAgeValidator::test_check_method_returns_complete_dict PASSED [ 55%]
tests/test_watermark_consolidation.py::TestDataAgeValidator::test_validator_handles_missing_tables PASSED [ 55%]
tests/test_watermark_consolidation.py::TestDataAgeValidator::test_multiple_tables_check PASSED [ 55%]
tests/test_watermark_consolidation.py::TestConsolidationRemovesRedundancy::test_no_duplicate_configs PASSED [ 55%]
tests/test_watermark_consolidation.py::TestConsolidationRemovesRedundancy::test_watermark_integration PASSED [ 55%]
tests/test_watermark_consolidation.py::TestWatermarkValidationWithMalformedData::test_get_freshness_rule_with_none_table PASSED [ 55%]
tests/test_watermark_consolidation.py::TestWatermarkValidationWithMalformedData::test_get_freshness_rule_with_int_table PASSED [ 55%]
tests/test_watermark_consolidation.py::TestWatermarkValidationWithMalformedData::test_is_critical_table_with_none PASSED [ 55%]
tests/test_watermark_consolidation.py::TestWatermarkValidationWithMalformedData::test_is_critical_table_with_dict PASSED [ 55%]
tests/test_watermark_consolidation.py::TestWatermarkValidationWithMalformedData::test_freshness_rule_with_malformed_dates PASSED [ 55%]
tests/test_watermark_consolidation.py::TestWatermarkValidationWithMalformedData::test_freshness_rules_dict_integrity PASSED [ 55%]
tests/unit/external/test_form4_plaintext_parser.py::TestForm4PlaintextParser::test_extract_insider_name PASSED [ 55%]
tests/unit/external/test_form4_plaintext_parser.py::TestForm4PlaintextParser::test_extract_insider_title PASSED [ 55%]
tests/unit/external/test_form4_plaintext_parser.py::TestForm4PlaintextParser::test_extract_ownership_pct PASSED [ 55%]
tests/unit/external/test_form4_plaintext_parser.py::TestForm4PlaintextParser::test_extract_shares_owned PASSED [ 56%]
tests/unit/external/test_form4_plaintext_parser.py::TestForm4PlaintextParser::test_extract_shares_owned_with_decimals PASSED [ 56%]
tests/unit/external/test_form4_plaintext_parser.py::TestForm4PlaintextParser::test_extract_transactions PASSED [ 56%]
tests/unit/external/test_form4_plaintext_parser.py::TestForm4PlaintextParser::test_extract_transactions_no_section PASSED [ 56%]
tests/unit/external/test_form4_plaintext_parser.py::TestForm4PlaintextParser::test_find_transaction_section PASSED [ 56%]
tests/unit/external/test_form4_plaintext_parser.py::TestForm4PlaintextParser::test_parse_complete_form4 PASSED [ 56%]
tests/unit/external/test_form4_plaintext_parser.py::TestForm4PlaintextParser::test_parse_form4_case_insensitive_transactions PASSED [ 56%]
tests/unit/external/test_form4_plaintext_parser.py::TestForm4PlaintextParser::test_parse_html_embedded_form4 PASSED [ 56%]
tests/unit/external/test_form4_plaintext_parser.py::TestForm4PlaintextParser::test_parse_invalid_content PASSED [ 56%]
tests/unit/external/test_form4_plaintext_parser.py::TestForm4PlaintextParser::test_parse_missing_required_fields PASSED [ 56%]
tests/unit/external/test_form4_plaintext_parser.py::TestForm4PlaintextParser::test_strip_html PASSED [ 56%]
tests/unit/external/test_form4_plaintext_parser.py::TestForm4PlaintextParser::test_strip_html_entities PASSED [ 56%]
tests/unit/loaders/test_exception_handler.py::TestExceptionClassification::test_classify_timeout_error PASSED [ 56%]
tests/unit/loaders/test_exception_handler.py::TestExceptionClassification::test_classify_socket_timeout PASSED [ 56%]
tests/unit/loaders/test_exception_handler.py::TestExceptionClassification::test_classify_connection_error PASSED [ 56%]
tests/unit/loaders/test_exception_handler.py::TestExceptionClassification::test_classify_key_error PASSED [ 57%]
tests/unit/loaders/test_exception_handler.py::TestExceptionClassification::test_classify_value_error PASSED [ 57%]
tests/unit/loaders/test_exception_handler.py::TestExceptionClassification::test_classify_unexpected_error PASSED [ 57%]
tests/unit/loaders/test_exception_handler.py::TestTransientErrorHandlers::test_handle_timeout_error PASSED [ 57%]
tests/unit/loaders/test_exception_handler.py::TestTransientErrorHandlers::test_handle_connection_error PASSED [ 57%]
tests/unit/loaders/test_exception_handler.py::TestTransientErrorHandlers::test_handle_rate_limit_error PASSED [ 57%]
tests/unit/loaders/test_exception_handler.py::TestTransientErrorHandlers::test_handle_no_data_found PASSED [ 57%]
tests/unit/loaders/test_exception_handler.py::TestPermanentErrorHandlers::test_handle_schema_mismatch PASSED [ 57%]
tests/unit/loaders/test_exception_handler.py::TestPermanentErrorHandlers::test_handle_invalid_data PASSED [ 57%]
tests/unit/loaders/test_exception_handler.py::TestPermanentErrorHandlers::test_handle_resource_not_found PASSED [ 57%]
tests/unit/loaders/test_exception_handler.py::TestExceptionRouting::test_route_timeout_error PASSED [ 57%]
tests/unit/loaders/test_exception_handler.py::TestExceptionRouting::test_route_connection_error PASSED [ 57%]
tests/unit/loaders/test_exception_handler.py::TestExceptionRouting::test_route_key_error PASSED [ 57%]
tests/unit/loaders/test_exception_handler.py::TestExceptionRouting::test_route_value_error PASSED [ 57%]
tests/unit/loaders/test_exception_handler.py::TestExceptionRouting::test_unexpected_error_raises PASSED [ 57%]
tests/unit/loaders/test_exception_handler.py::TestErrorMarkerStructure::test_marker_has_required_fields PASSED [ 58%]
tests/unit/loaders/test_exception_handler.py::TestErrorMarkerStructure::test_reason_types_are_valid PASSED [ 58%]
tests/unit/loaders/test_phase2_loaders_integration.py::TestPhase2LoadersGovernance::test_form4_plaintext_parser_handles_malformed_input PASSED [ 58%]
tests/unit/loaders/test_phase2_loaders_integration.py::TestPhase2LoadersGovernance::test_form4_plaintext_parser_robustness PASSED [ 58%]
tests/unit/loaders/test_phase2_loaders_integration.py::TestPhase2LoadersGovernance::test_insider_loader_explicit_failure_reason PASSED [ 58%]
tests/unit/loaders/test_phase2_loaders_integration.py::TestPhase2LoadersGovernance::test_insider_loader_returns_data_unavailable_on_no_filings PASSED [ 58%]
tests/unit/loaders/test_phase2_loaders_integration.py::TestPhase2LoadersGovernance::test_institutional_loader_explicit_failure_reason PASSED [ 58%]
tests/unit/loaders/test_phase2_loaders_integration.py::TestPhase2LoadersGovernance::test_institutional_loader_returns_data_unavailable_on_no_filings PASSED [ 58%]
tests/unit/loaders/test_phase2_loaders_integration.py::TestPhase2LoadersGovernance::test_loaders_never_silent_fail PASSED [ 58%]
tests/unit/loaders/test_phase2_loaders_integration.py::TestPhase2DataQuality::test_form4_parser_returns_correct_types PASSED [ 58%]
tests/unit/loaders/test_phase2_loaders_integration.py::TestPhase2DataQuality::test_insider_loader_field_validation PASSED [ 58%]
tests/unit/loaders/test_phase2_loaders_integration.py::TestPhase2DataQuality::test_loaders_include_data_source_field PASSED [ 58%]
tests/unit/monitoring/test_form4_parsing_metrics.py::TestForm4ParsingMetrics::test_aws_mode_emits_metric PASSED [ 58%]
tests/unit/monitoring/test_form4_parsing_metrics.py::TestForm4ParsingMetrics::test_local_mode_disabled 
