<?xml version="1.0" encoding="UTF-8"?>
<testsuites name="jest tests" tests="769" failures="599" errors="0" time="992.252">
  <testsuite name="Financial Calculations Integration Tests" errors="0" failures="19" skipped="0" timestamp="2025-07-21T02:54:57" time="1.831" tests="19">
    <testcase classname="Financial Calculations Integration Tests › Value at Risk (VaR) Calculations" name="calculates parametric VaR for individual positions" time="0.001">
      <failure>Error: connect ECONNREFUSED ::1:5432
    at /home/runner/work/algo/algo/webapp/lambda/node_modules/pg-pool/index.js:45:11
    at processTicksAndRejections (node:internal/process/task_queues:95:5)
    at DatabaseTestUtils.initialize (/home/runner/work/algo/algo/webapp/lambda/tests/utils/database-test-utils.js:45:22)
    at Object.&lt;anonymous&gt; (/home/runner/work/algo/algo/webapp/lambda/tests/integration/financial-calculations-integration.test.js:17:5)</failure>
    </testcase>
    <testcase classname="Financial Calculations Integration Tests › Value at Risk (VaR) Calculations" name="calculates portfolio-level VaR with correlation matrix" time="0">
      <failure>Error: connect ECONNREFUSED ::1:5432
    at /home/runner/work/algo/algo/webapp/lambda/node_modules/pg-pool/index.js:45:11
    at processTicksAndRejections (node:internal/process/task_queues:95:5)
    at DatabaseTestUtils.initialize (/home/runner/work/algo/algo/webapp/lambda/tests/utils/database-test-utils.js:45:22)
    at Object.&lt;anonymous&gt; (/home/runner/work/algo/algo/webapp/lambda/tests/integration/financial-calculations-integration.test.js:17:5)</failure>
    </testcase>
    <testcase classname="Financial Calculations Integration Tests › Value at Risk (VaR) Calculations" name="calculates historical VaR using market data" time="0.001">
      <failure>Error: connect ECONNREFUSED ::1:5432
    at /home/runner/work/algo/algo/webapp/lambda/node_modules/pg-pool/index.js:45:11
    at processTicksAndRejections (node:internal/process/task_queues:95:5)
    at DatabaseTestUtils.initialize (/home/runner/work/algo/algo/webapp/lambda/tests/utils/database-test-utils.js:45:22)
    at Object.&lt;anonymous&gt; (/home/runner/work/algo/algo/webapp/lambda/tests/integration/financial-calculations-integration.test.js:17:5)</failure>
    </testcase>
    <testcase classname="Financial Calculations Integration Tests › Value at Risk (VaR) Calculations" name="handles edge cases in VaR calculations" time="0">
      <failure>Error: connect ECONNREFUSED ::1:5432
    at /home/runner/work/algo/algo/webapp/lambda/node_modules/pg-pool/index.js:45:11
    at processTicksAndRejections (node:internal/process/task_queues:95:5)
    at DatabaseTestUtils.initialize (/home/runner/work/algo/algo/webapp/lambda/tests/utils/database-test-utils.js:45:22)
    at Object.&lt;anonymous&gt; (/home/runner/work/algo/algo/webapp/lambda/tests/integration/financial-calculations-integration.test.js:17:5)</failure>
    </testcase>
    <testcase classname="Financial Calculations Integration Tests › Modern Portfolio Theory Calculations" name="calculates efficient frontier" time="0">
      <failure>Error: connect ECONNREFUSED ::1:5432
    at /home/runner/work/algo/algo/webapp/lambda/node_modules/pg-pool/index.js:45:11
    at processTicksAndRejections (node:internal/process/task_queues:95:5)
    at DatabaseTestUtils.initialize (/home/runner/work/algo/algo/webapp/lambda/tests/utils/database-test-utils.js:45:22)
    at Object.&lt;anonymous&gt; (/home/runner/work/algo/algo/webapp/lambda/tests/integration/financial-calculations-integration.test.js:17:5)</failure>
    </testcase>
    <testcase classname="Financial Calculations Integration Tests › Modern Portfolio Theory Calculations" name="optimizes portfolio for maximum Sharpe ratio" time="0">
      <failure>Error: connect ECONNREFUSED ::1:5432
    at /home/runner/work/algo/algo/webapp/lambda/node_modules/pg-pool/index.js:45:11
    at processTicksAndRejections (node:internal/process/task_queues:95:5)
    at DatabaseTestUtils.initialize (/home/runner/work/algo/algo/webapp/lambda/tests/utils/database-test-utils.js:45:22)
    at Object.&lt;anonymous&gt; (/home/runner/work/algo/algo/webapp/lambda/tests/integration/financial-calculations-integration.test.js:17:5)</failure>
    </testcase>
    <testcase classname="Financial Calculations Integration Tests › Modern Portfolio Theory Calculations" name="calculates portfolio risk metrics" time="0">
      <failure>Error: connect ECONNREFUSED ::1:5432
    at /home/runner/work/algo/algo/webapp/lambda/node_modules/pg-pool/index.js:45:11
    at processTicksAndRejections (node:internal/process/task_queues:95:5)
    at DatabaseTestUtils.initialize (/home/runner/work/algo/algo/webapp/lambda/tests/utils/database-test-utils.js:45:22)
    at Object.&lt;anonymous&gt; (/home/runner/work/algo/algo/webapp/lambda/tests/integration/financial-calculations-integration.test.js:17:5)</failure>
    </testcase>
    <testcase classname="Financial Calculations Integration Tests › Modern Portfolio Theory Calculations" name="validates covariance matrix calculations" time="0.001">
      <failure>Error: connect ECONNREFUSED ::1:5432
    at /home/runner/work/algo/algo/webapp/lambda/node_modules/pg-pool/index.js:45:11
    at processTicksAndRejections (node:internal/process/task_queues:95:5)
    at DatabaseTestUtils.initialize (/home/runner/work/algo/algo/webapp/lambda/tests/utils/database-test-utils.js:45:22)
    at Object.&lt;anonymous&gt; (/home/runner/work/algo/algo/webapp/lambda/tests/integration/financial-calculations-integration.test.js:17:5)</failure>
    </testcase>
    <testcase classname="Financial Calculations Integration Tests › Performance Analytics Calculations" name="calculates time-weighted returns" time="0">
      <failure>Error: connect ECONNREFUSED ::1:5432
    at /home/runner/work/algo/algo/webapp/lambda/node_modules/pg-pool/index.js:45:11
    at processTicksAndRejections (node:internal/process/task_queues:95:5)
    at DatabaseTestUtils.initialize (/home/runner/work/algo/algo/webapp/lambda/tests/utils/database-test-utils.js:45:22)
    at Object.&lt;anonymous&gt; (/home/runner/work/algo/algo/webapp/lambda/tests/integration/financial-calculations-integration.test.js:17:5)</failure>
    </testcase>
    <testcase classname="Financial Calculations Integration Tests › Performance Analytics Calculations" name="calculates money-weighted returns (IRR)" time="0.001">
      <failure>Error: connect ECONNREFUSED ::1:5432
    at /home/runner/work/algo/algo/webapp/lambda/node_modules/pg-pool/index.js:45:11
    at processTicksAndRejections (node:internal/process/task_queues:95:5)
    at DatabaseTestUtils.initialize (/home/runner/work/algo/algo/webapp/lambda/tests/utils/database-test-utils.js:45:22)
    at Object.&lt;anonymous&gt; (/home/runner/work/algo/algo/webapp/lambda/tests/integration/financial-calculations-integration.test.js:17:5)</failure>
    </testcase>
    <testcase classname="Financial Calculations Integration Tests › Performance Analytics Calculations" name="calculates rolling performance metrics" time="0">
      <failure>Error: connect ECONNREFUSED ::1:5432
    at /home/runner/work/algo/algo/webapp/lambda/node_modules/pg-pool/index.js:45:11
    at processTicksAndRejections (node:internal/process/task_queues:95:5)
    at DatabaseTestUtils.initialize (/home/runner/work/algo/algo/webapp/lambda/tests/utils/database-test-utils.js:45:22)
    at Object.&lt;anonymous&gt; (/home/runner/work/algo/algo/webapp/lambda/tests/integration/financial-calculations-integration.test.js:17:5)</failure>
    </testcase>
    <testcase classname="Financial Calculations Integration Tests › Performance Analytics Calculations" name="validates benchmark comparison calculations" time="0.001">
      <failure>Error: connect ECONNREFUSED ::1:5432
    at /home/runner/work/algo/algo/webapp/lambda/node_modules/pg-pool/index.js:45:11
    at processTicksAndRejections (node:internal/process/task_queues:95:5)
    at DatabaseTestUtils.initialize (/home/runner/work/algo/algo/webapp/lambda/tests/utils/database-test-utils.js:45:22)
    at Object.&lt;anonymous&gt; (/home/runner/work/algo/algo/webapp/lambda/tests/integration/financial-calculations-integration.test.js:17:5)</failure>
    </testcase>
    <testcase classname="Financial Calculations Integration Tests › Options Pricing and Greeks Calculations" name="calculates Black-Scholes option prices" time="0">
      <failure>Error: connect ECONNREFUSED ::1:5432
    at /home/runner/work/algo/algo/webapp/lambda/node_modules/pg-pool/index.js:45:11
    at processTicksAndRejections (node:internal/process/task_queues:95:5)
    at DatabaseTestUtils.initialize (/home/runner/work/algo/algo/webapp/lambda/tests/utils/database-test-utils.js:45:22)
    at Object.&lt;anonymous&gt; (/home/runner/work/algo/algo/webapp/lambda/tests/integration/financial-calculations-integration.test.js:17:5)</failure>
    </testcase>
    <testcase classname="Financial Calculations Integration Tests › Options Pricing and Greeks Calculations" name="calculates put option prices and put-call parity" time="0">
      <failure>Error: connect ECONNREFUSED ::1:5432
    at /home/runner/work/algo/algo/webapp/lambda/node_modules/pg-pool/index.js:45:11
    at processTicksAndRejections (node:internal/process/task_queues:95:5)
    at DatabaseTestUtils.initialize (/home/runner/work/algo/algo/webapp/lambda/tests/utils/database-test-utils.js:45:22)
    at Object.&lt;anonymous&gt; (/home/runner/work/algo/algo/webapp/lambda/tests/integration/financial-calculations-integration.test.js:17:5)</failure>
    </testcase>
    <testcase classname="Financial Calculations Integration Tests › Options Pricing and Greeks Calculations" name="calculates implied volatility" time="0">
      <failure>Error: connect ECONNREFUSED ::1:5432
    at /home/runner/work/algo/algo/webapp/lambda/node_modules/pg-pool/index.js:45:11
    at processTicksAndRejections (node:internal/process/task_queues:95:5)
    at DatabaseTestUtils.initialize (/home/runner/work/algo/algo/webapp/lambda/tests/utils/database-test-utils.js:45:22)
    at Object.&lt;anonymous&gt; (/home/runner/work/algo/algo/webapp/lambda/tests/integration/financial-calculations-integration.test.js:17:5)</failure>
    </testcase>
    <testcase classname="Financial Calculations Integration Tests › Stress Testing and Scenario Analysis" name="performs portfolio stress testing" time="0">
      <failure>Error: connect ECONNREFUSED ::1:5432
    at /home/runner/work/algo/algo/webapp/lambda/node_modules/pg-pool/index.js:45:11
    at processTicksAndRejections (node:internal/process/task_queues:95:5)
    at DatabaseTestUtils.initialize (/home/runner/work/algo/algo/webapp/lambda/tests/utils/database-test-utils.js:45:22)
    at Object.&lt;anonymous&gt; (/home/runner/work/algo/algo/webapp/lambda/tests/integration/financial-calculations-integration.test.js:17:5)</failure>
    </testcase>
    <testcase classname="Financial Calculations Integration Tests › Stress Testing and Scenario Analysis" name="performs Monte Carlo simulation" time="0">
      <failure>Error: connect ECONNREFUSED ::1:5432
    at /home/runner/work/algo/algo/webapp/lambda/node_modules/pg-pool/index.js:45:11
    at processTicksAndRejections (node:internal/process/task_queues:95:5)
    at DatabaseTestUtils.initialize (/home/runner/work/algo/algo/webapp/lambda/tests/utils/database-test-utils.js:45:22)
    at Object.&lt;anonymous&gt; (/home/runner/work/algo/algo/webapp/lambda/tests/integration/financial-calculations-integration.test.js:17:5)</failure>
    </testcase>
    <testcase classname="Financial Calculations Integration Tests › Currency and Multi-Asset Calculations" name="handles multi-currency portfolio calculations" time="0">
      <failure>Error: connect ECONNREFUSED ::1:5432
    at /home/runner/work/algo/algo/webapp/lambda/node_modules/pg-pool/index.js:45:11
    at processTicksAndRejections (node:internal/process/task_queues:95:5)
    at DatabaseTestUtils.initialize (/home/runner/work/algo/algo/webapp/lambda/tests/utils/database-test-utils.js:45:22)
    at Object.&lt;anonymous&gt; (/home/runner/work/algo/algo/webapp/lambda/tests/integration/financial-calculations-integration.test.js:17:5)</failure>
    </testcase>
    <testcase classname="Financial Calculations Integration Tests › Currency and Multi-Asset Calculations" name="calculates commodity and alternative asset correlations" time="0">
      <failure>Error: connect ECONNREFUSED ::1:5432
    at /home/runner/work/algo/algo/webapp/lambda/node_modules/pg-pool/index.js:45:11
    at processTicksAndRejections (node:internal/process/task_queues:95:5)
    at DatabaseTestUtils.initialize (/home/runner/work/algo/algo/webapp/lambda/tests/utils/database-test-utils.js:45:22)
    at Object.&lt;anonymous&gt; (/home/runner/work/algo/algo/webapp/lambda/tests/integration/financial-calculations-integration.test.js:17:5)</failure>
    </testcase>
  </testsuite>
  <testsuite name="Error Handling Integration Tests" errors="0" failures="1" skipped="0" timestamp="2025-07-21T02:54:58" time="20.694" tests="12">
    <testcase classname="Error Handling Integration Tests › Database Circuit Breaker Testing" name="Database circuit breaker opens after consecutive failures" time="2.4">
    </testcase>
    <testcase classname="Error Handling Integration Tests › Database Circuit Breaker Testing" name="Database circuit breaker recovery after timeout" time="2.064">
    </testcase>
    <testcase classname="Error Handling Integration Tests › Database Circuit Breaker Testing" name="Database connection pool exhaustion handling" time="0.468">
    </testcase>
    <testcase classname="Error Handling Integration Tests › External API Circuit Breaker Testing" name="External API circuit breaker functionality" time="3.374">
    </testcase>
    <testcase classname="Error Handling Integration Tests › External API Circuit Breaker Testing" name="API key validation error handling" time="0.025">
      <failure>Error: expect(received).toContain(expected) // indexOf

Expected value: 429
Received array: [400, 401, 403, 503]
    at Object.toContain (/home/runner/work/algo/algo/webapp/lambda/tests/integration/error-handling-integration.test.js:266:38)
    at processTicksAndRejections (node:internal/process/task_queues:95:5)</failure>
    </testcase>
    <testcase classname="Error Handling Integration Tests › External API Circuit Breaker Testing" name="External service timeout handling" time="0.086">
    </testcase>
    <testcase classname="Error Handling Integration Tests › System-Wide Error Resilience" name="Cascading failure prevention" time="0.122">
    </testcase>
    <testcase classname="Error Handling Integration Tests › System-Wide Error Resilience" name="Memory leak prevention during error conditions" time="0.498">
    </testcase>
    <testcase classname="Error Handling Integration Tests › System-Wide Error Resilience" name="Error propagation and logging validation" time="0.078">
    </testcase>
    <testcase classname="Error Handling Integration Tests › Recovery and Fallback Mechanisms" name="Service degradation with fallback responses" time="0.081">
    </testcase>
    <testcase classname="Error Handling Integration Tests › Recovery and Fallback Mechanisms" name="Circuit breaker half-open state testing" time="3.073">
    </testcase>
    <testcase classname="Error Handling Integration Tests › Error Handling Integration Test Summary" name="Complete error handling integration test summary" time="0.013">
    </testcase>
  </testsuite>
  <testsuite name="Alpaca API Integration Tests" errors="0" failures="26" skipped="0" timestamp="2025-07-21T02:55:19" time="1.265" tests="26">
    <testcase classname="Alpaca API Integration Tests › Alpaca Authentication and Connection" name="validates Alpaca API key format" time="0.001">
      <failure>Error: connect ECONNREFUSED ::1:5432
    at /home/runner/work/algo/algo/webapp/lambda/node_modules/pg-pool/index.js:45:11
    at processTicksAndRejections (node:internal/process/task_queues:95:5)
    at DatabaseTestUtils.initialize (/home/runner/work/algo/algo/webapp/lambda/tests/utils/database-test-utils.js:45:22)
    at Object.&lt;anonymous&gt; (/home/runner/work/algo/algo/webapp/lambda/tests/integration/alpaca-api-integration.test.js:17:5)</failure>
    </testcase>
    <testcase classname="Alpaca API Integration Tests › Alpaca Authentication and Connection" name="rejects invalid Alpaca API key format" time="0">
      <failure>Error: connect ECONNREFUSED ::1:5432
    at /home/runner/work/algo/algo/webapp/lambda/node_modules/pg-pool/index.js:45:11
    at processTicksAndRejections (node:internal/process/task_queues:95:5)
    at DatabaseTestUtils.initialize (/home/runner/work/algo/algo/webapp/lambda/tests/utils/database-test-utils.js:45:22)
    at Object.&lt;anonymous&gt; (/home/runner/work/algo/algo/webapp/lambda/tests/integration/alpaca-api-integration.test.js:17:5)</failure>
    </testcase>
    <testcase classname="Alpaca API Integration Tests › Alpaca Authentication and Connection" name="tests Alpaca API connection" time="0">
      <failure>Error: connect ECONNREFUSED ::1:5432
    at /home/runner/work/algo/algo/webapp/lambda/node_modules/pg-pool/index.js:45:11
    at processTicksAndRejections (node:internal/process/task_queues:95:5)
    at DatabaseTestUtils.initialize (/home/runner/work/algo/algo/webapp/lambda/tests/utils/database-test-utils.js:45:22)
    at Object.&lt;anonymous&gt; (/home/runner/work/algo/algo/webapp/lambda/tests/integration/alpaca-api-integration.test.js:17:5)</failure>
    </testcase>
    <testcase classname="Alpaca API Integration Tests › Alpaca Authentication and Connection" name="handles Alpaca API connection failures gracefully" time="0">
      <failure>Error: connect ECONNREFUSED ::1:5432
    at /home/runner/work/algo/algo/webapp/lambda/node_modules/pg-pool/index.js:45:11
    at processTicksAndRejections (node:internal/process/task_queues:95:5)
    at DatabaseTestUtils.initialize (/home/runner/work/algo/algo/webapp/lambda/tests/utils/database-test-utils.js:45:22)
    at Object.&lt;anonymous&gt; (/home/runner/work/algo/algo/webapp/lambda/tests/integration/alpaca-api-integration.test.js:17:5)</failure>
    </testcase>
    <testcase classname="Alpaca API Integration Tests › Alpaca Account Information" name="retrieves Alpaca account information" time="0">
      <failure>Error: connect ECONNREFUSED ::1:5432
    at /home/runner/work/algo/algo/webapp/lambda/node_modules/pg-pool/index.js:45:11
    at processTicksAndRejections (node:internal/process/task_queues:95:5)
    at DatabaseTestUtils.initialize (/home/runner/work/algo/algo/webapp/lambda/tests/utils/database-test-utils.js:45:22)
    at Object.&lt;anonymous&gt; (/home/runner/work/algo/algo/webapp/lambda/tests/integration/alpaca-api-integration.test.js:17:5)</failure>
    </testcase>
    <testcase classname="Alpaca API Integration Tests › Alpaca Account Information" name="retrieves Alpaca portfolio positions" time="0.001">
      <failure>Error: connect ECONNREFUSED ::1:5432
    at /home/runner/work/algo/algo/webapp/lambda/node_modules/pg-pool/index.js:45:11
    at processTicksAndRejections (node:internal/process/task_queues:95:5)
    at DatabaseTestUtils.initialize (/home/runner/work/algo/algo/webapp/lambda/tests/utils/database-test-utils.js:45:22)
    at Object.&lt;anonymous&gt; (/home/runner/work/algo/algo/webapp/lambda/tests/integration/alpaca-api-integration.test.js:17:5)</failure>
    </testcase>
    <testcase classname="Alpaca API Integration Tests › Alpaca Account Information" name="handles account retrieval with invalid credentials" time="0">
      <failure>Error: connect ECONNREFUSED ::1:5432
    at /home/runner/work/algo/algo/webapp/lambda/node_modules/pg-pool/index.js:45:11
    at processTicksAndRejections (node:internal/process/task_queues:95:5)
    at DatabaseTestUtils.initialize (/home/runner/work/algo/algo/webapp/lambda/tests/utils/database-test-utils.js:45:22)
    at Object.&lt;anonymous&gt; (/home/runner/work/algo/algo/webapp/lambda/tests/integration/alpaca-api-integration.test.js:17:5)</failure>
    </testcase>
    <testcase classname="Alpaca API Integration Tests › Alpaca Market Data Integration" name="retrieves real-time quotes from Alpaca" time="0">
      <failure>Error: connect ECONNREFUSED ::1:5432
    at /home/runner/work/algo/algo/webapp/lambda/node_modules/pg-pool/index.js:45:11
    at processTicksAndRejections (node:internal/process/task_queues:95:5)
    at DatabaseTestUtils.initialize (/home/runner/work/algo/algo/webapp/lambda/tests/utils/database-test-utils.js:45:22)
    at Object.&lt;anonymous&gt; (/home/runner/work/algo/algo/webapp/lambda/tests/integration/alpaca-api-integration.test.js:17:5)</failure>
    </testcase>
    <testcase classname="Alpaca API Integration Tests › Alpaca Market Data Integration" name="retrieves historical data from Alpaca" time="0">
      <failure>Error: connect ECONNREFUSED ::1:5432
    at /home/runner/work/algo/algo/webapp/lambda/node_modules/pg-pool/index.js:45:11
    at processTicksAndRejections (node:internal/process/task_queues:95:5)
    at DatabaseTestUtils.initialize (/home/runner/work/algo/algo/webapp/lambda/tests/utils/database-test-utils.js:45:22)
    at Object.&lt;anonymous&gt; (/home/runner/work/algo/algo/webapp/lambda/tests/integration/alpaca-api-integration.test.js:17:5)</failure>
    </testcase>
    <testcase classname="Alpaca API Integration Tests › Alpaca Market Data Integration" name="validates market hours and trading status" time="0">
      <failure>Error: connect ECONNREFUSED ::1:5432
    at /home/runner/work/algo/algo/webapp/lambda/node_modules/pg-pool/index.js:45:11
    at processTicksAndRejections (node:internal/process/task_queues:95:5)
    at DatabaseTestUtils.initialize (/home/runner/work/algo/algo/webapp/lambda/tests/utils/database-test-utils.js:45:22)
    at Object.&lt;anonymous&gt; (/home/runner/work/algo/algo/webapp/lambda/tests/integration/alpaca-api-integration.test.js:17:5)</failure>
    </testcase>
    <testcase classname="Alpaca API Integration Tests › Alpaca Trading Operations" name="validates order parameters before submission" time="0">
      <failure>Error: connect ECONNREFUSED ::1:5432
    at /home/runner/work/algo/algo/webapp/lambda/node_modules/pg-pool/index.js:45:11
    at processTicksAndRejections (node:internal/process/task_queues:95:5)
    at DatabaseTestUtils.initialize (/home/runner/work/algo/algo/webapp/lambda/tests/utils/database-test-utils.js:45:22)
    at Object.&lt;anonymous&gt; (/home/runner/work/algo/algo/webapp/lambda/tests/integration/alpaca-api-integration.test.js:17:5)</failure>
    </testcase>
    <testcase classname="Alpaca API Integration Tests › Alpaca Trading Operations" name="submits paper trading order to Alpaca" time="0">
      <failure>Error: connect ECONNREFUSED ::1:5432
    at /home/runner/work/algo/algo/webapp/lambda/node_modules/pg-pool/index.js:45:11
    at processTicksAndRejections (node:internal/process/task_queues:95:5)
    at DatabaseTestUtils.initialize (/home/runner/work/algo/algo/webapp/lambda/tests/utils/database-test-utils.js:45:22)
    at Object.&lt;anonymous&gt; (/home/runner/work/algo/algo/webapp/lambda/tests/integration/alpaca-api-integration.test.js:17:5)</failure>
    </testcase>
    <testcase classname="Alpaca API Integration Tests › Alpaca Trading Operations" name="retrieves order history from Alpaca" time="0">
      <failure>Error: connect ECONNREFUSED ::1:5432
    at /home/runner/work/algo/algo/webapp/lambda/node_modules/pg-pool/index.js:45:11
    at processTicksAndRejections (node:internal/process/task_queues:95:5)
    at DatabaseTestUtils.initialize (/home/runner/work/algo/algo/webapp/lambda/tests/utils/database-test-utils.js:45:22)
    at Object.&lt;anonymous&gt; (/home/runner/work/algo/algo/webapp/lambda/tests/integration/alpaca-api-integration.test.js:17:5)</failure>
    </testcase>
    <testcase classname="Alpaca API Integration Tests › Alpaca Trading Operations" name="cancels pending order" time="0">
      <failure>Error: connect ECONNREFUSED ::1:5432
    at /home/runner/work/algo/algo/webapp/lambda/node_modules/pg-pool/index.js:45:11
    at processTicksAndRejections (node:internal/process/task_queues:95:5)
    at DatabaseTestUtils.initialize (/home/runner/work/algo/algo/webapp/lambda/tests/utils/database-test-utils.js:45:22)
    at Object.&lt;anonymous&gt; (/home/runner/work/algo/algo/webapp/lambda/tests/integration/alpaca-api-integration.test.js:17:5)</failure>
    </testcase>
    <testcase classname="Alpaca API Integration Tests › Alpaca Trading Operations" name="handles invalid order submission gracefully" time="0">
      <failure>Error: connect ECONNREFUSED ::1:5432
    at /home/runner/work/algo/algo/webapp/lambda/node_modules/pg-pool/index.js:45:11
    at processTicksAndRejections (node:internal/process/task_queues:95:5)
    at DatabaseTestUtils.initialize (/home/runner/work/algo/algo/webapp/lambda/tests/utils/database-test-utils.js:45:22)
    at Object.&lt;anonymous&gt; (/home/runner/work/algo/algo/webapp/lambda/tests/integration/alpaca-api-integration.test.js:17:5)</failure>
    </testcase>
    <testcase classname="Alpaca API Integration Tests › Alpaca WebSocket Streaming" name="establishes WebSocket connection to Alpaca" time="0">
      <failure>Error: connect ECONNREFUSED ::1:5432
    at /home/runner/work/algo/algo/webapp/lambda/node_modules/pg-pool/index.js:45:11
    at processTicksAndRejections (node:internal/process/task_queues:95:5)
    at DatabaseTestUtils.initialize (/home/runner/work/algo/algo/webapp/lambda/tests/utils/database-test-utils.js:45:22)
    at Object.&lt;anonymous&gt; (/home/runner/work/algo/algo/webapp/lambda/tests/integration/alpaca-api-integration.test.js:17:5)</failure>
    </testcase>
    <testcase classname="Alpaca API Integration Tests › Alpaca WebSocket Streaming" name="subscribes to real-time data streams" time="0">
      <failure>Error: connect ECONNREFUSED ::1:5432
    at /home/runner/work/algo/algo/webapp/lambda/node_modules/pg-pool/index.js:45:11
    at processTicksAndRejections (node:internal/process/task_queues:95:5)
    at DatabaseTestUtils.initialize (/home/runner/work/algo/algo/webapp/lambda/tests/utils/database-test-utils.js:45:22)
    at Object.&lt;anonymous&gt; (/home/runner/work/algo/algo/webapp/lambda/tests/integration/alpaca-api-integration.test.js:17:5)</failure>
    </testcase>
    <testcase classname="Alpaca API Integration Tests › Alpaca WebSocket Streaming" name="handles WebSocket connection errors" time="0">
      <failure>Error: connect ECONNREFUSED ::1:5432
    at /home/runner/work/algo/algo/webapp/lambda/node_modules/pg-pool/index.js:45:11
    at processTicksAndRejections (node:internal/process/task_queues:95:5)
    at DatabaseTestUtils.initialize (/home/runner/work/algo/algo/webapp/lambda/tests/utils/database-test-utils.js:45:22)
    at Object.&lt;anonymous&gt; (/home/runner/work/algo/algo/webapp/lambda/tests/integration/alpaca-api-integration.test.js:17:5)</failure>
    </testcase>
    <testcase classname="Alpaca API Integration Tests › Alpaca Circuit Breaker Integration" name="implements circuit breaker for Alpaca API failures" time="0">
      <failure>Error: connect ECONNREFUSED ::1:5432
    at /home/runner/work/algo/algo/webapp/lambda/node_modules/pg-pool/index.js:45:11
    at processTicksAndRejections (node:internal/process/task_queues:95:5)
    at DatabaseTestUtils.initialize (/home/runner/work/algo/algo/webapp/lambda/tests/utils/database-test-utils.js:45:22)
    at Object.&lt;anonymous&gt; (/home/runner/work/algo/algo/webapp/lambda/tests/integration/alpaca-api-integration.test.js:17:5)</failure>
    </testcase>
    <testcase classname="Alpaca API Integration Tests › Alpaca Circuit Breaker Integration" name="circuit breaker recovery after timeout" time="0">
      <failure>Error: connect ECONNREFUSED ::1:5432
    at /home/runner/work/algo/algo/webapp/lambda/node_modules/pg-pool/index.js:45:11
    at processTicksAndRejections (node:internal/process/task_queues:95:5)
    at DatabaseTestUtils.initialize (/home/runner/work/algo/algo/webapp/lambda/tests/utils/database-test-utils.js:45:22)
    at Object.&lt;anonymous&gt; (/home/runner/work/algo/algo/webapp/lambda/tests/integration/alpaca-api-integration.test.js:17:5)</failure>
    </testcase>
    <testcase classname="Alpaca API Integration Tests › Alpaca Circuit Breaker Integration" name="monitors Alpaca API performance metrics" time="0.001">
      <failure>Error: connect ECONNREFUSED ::1:5432
    at /home/runner/work/algo/algo/webapp/lambda/node_modules/pg-pool/index.js:45:11
    at processTicksAndRejections (node:internal/process/task_queues:95:5)
    at DatabaseTestUtils.initialize (/home/runner/work/algo/algo/webapp/lambda/tests/utils/database-test-utils.js:45:22)
    at Object.&lt;anonymous&gt; (/home/runner/work/algo/algo/webapp/lambda/tests/integration/alpaca-api-integration.test.js:17:5)</failure>
    </testcase>
    <testcase classname="Alpaca API Integration Tests › Alpaca Error Handling and Logging" name="logs Alpaca API interactions securely" time="0">
      <failure>Error: connect ECONNREFUSED ::1:5432
    at /home/runner/work/algo/algo/webapp/lambda/node_modules/pg-pool/index.js:45:11
    at processTicksAndRejections (node:internal/process/task_queues:95:5)
    at DatabaseTestUtils.initialize (/home/runner/work/algo/algo/webapp/lambda/tests/utils/database-test-utils.js:45:22)
    at Object.&lt;anonymous&gt; (/home/runner/work/algo/algo/webapp/lambda/tests/integration/alpaca-api-integration.test.js:17:5)</failure>
    </testcase>
    <testcase classname="Alpaca API Integration Tests › Alpaca Error Handling and Logging" name="handles rate limiting from Alpaca gracefully" time="0">
      <failure>Error: connect ECONNREFUSED ::1:5432
    at /home/runner/work/algo/algo/webapp/lambda/node_modules/pg-pool/index.js:45:11
    at processTicksAndRejections (node:internal/process/task_queues:95:5)
    at DatabaseTestUtils.initialize (/home/runner/work/algo/algo/webapp/lambda/tests/utils/database-test-utils.js:45:22)
    at Object.&lt;anonymous&gt; (/home/runner/work/algo/algo/webapp/lambda/tests/integration/alpaca-api-integration.test.js:17:5)</failure>
    </testcase>
    <testcase classname="Alpaca API Integration Tests › Alpaca Error Handling and Logging" name="handles Alpaca API maintenance periods" time="0">
      <failure>Error: connect ECONNREFUSED ::1:5432
    at /home/runner/work/algo/algo/webapp/lambda/node_modules/pg-pool/index.js:45:11
    at processTicksAndRejections (node:internal/process/task_queues:95:5)
    at DatabaseTestUtils.initialize (/home/runner/work/algo/algo/webapp/lambda/tests/utils/database-test-utils.js:45:22)
    at Object.&lt;anonymous&gt; (/home/runner/work/algo/algo/webapp/lambda/tests/integration/alpaca-api-integration.test.js:17:5)</failure>
    </testcase>
    <testcase classname="Alpaca API Integration Tests › Data Consistency and Validation" name="validates data consistency between account and positions" time="0">
      <failure>Error: connect ECONNREFUSED ::1:5432
    at /home/runner/work/algo/algo/webapp/lambda/node_modules/pg-pool/index.js:45:11
    at processTicksAndRejections (node:internal/process/task_queues:95:5)
    at DatabaseTestUtils.initialize (/home/runner/work/algo/algo/webapp/lambda/tests/utils/database-test-utils.js:45:22)
    at Object.&lt;anonymous&gt; (/home/runner/work/algo/algo/webapp/lambda/tests/integration/alpaca-api-integration.test.js:17:5)</failure>
    </testcase>
    <testcase classname="Alpaca API Integration Tests › Data Consistency and Validation" name="validates order execution and position updates" time="0">
      <failure>Error: connect ECONNREFUSED ::1:5432
    at /home/runner/work/algo/algo/webapp/lambda/node_modules/pg-pool/index.js:45:11
    at processTicksAndRejections (node:internal/process/task_queues:95:5)
    at DatabaseTestUtils.initialize (/home/runner/work/algo/algo/webapp/lambda/tests/utils/database-test-utils.js:45:22)
    at Object.&lt;anonymous&gt; (/home/runner/work/algo/algo/webapp/lambda/tests/integration/alpaca-api-integration.test.js:17:5)</failure>
    </testcase>
  </testsuite>
  <testsuite name="Portfolio API Integration Tests" errors="0" failures="25" skipped="0" timestamp="2025-07-21T02:55:20" time="519.665" tests="26">
    <testcase classname="Portfolio API Integration Tests › GET /api/portfolio/holdings" name="returns portfolio holdings with real data structure" time="30.002">
      <failure>TypeError: res.serverError is not a function
    at serverError (/home/runner/work/algo/algo/webapp/lambda/routes/portfolio.js:1265:9)
    at processTicksAndRejections (node:internal/process/task_queues:95:5)</failure>
      <failure>Error: thrown: &quot;Exceeded timeout of 30000 ms for a test.
Add a timeout value to this test to increase the timeout, if this is a long-running test. See https://jestjs.io/docs/api#testname-fn-timeout.&quot;
    at test (/home/runner/work/algo/algo/webapp/lambda/tests/integration/portfolio-api.test.js:74:5)
    at _dispatchDescribe (/home/runner/work/algo/algo/webapp/lambda/node_modules/jest-circus/build/index.js:91:26)
    at describe (/home/runner/work/algo/algo/webapp/lambda/node_modules/jest-circus/build/index.js:55:5)
    at describe (/home/runner/work/algo/algo/webapp/lambda/tests/integration/portfolio-api.test.js:73:3)
    at _dispatchDescribe (/home/runner/work/algo/algo/webapp/lambda/node_modules/jest-circus/build/index.js:91:26)
    at describe (/home/runner/work/algo/algo/webapp/lambda/node_modules/jest-circus/build/index.js:55:5)
    at Object.describe (/home/runner/work/algo/algo/webapp/lambda/tests/integration/portfolio-api.test.js:26:1)
    at Runtime._execModule (/home/runner/work/algo/algo/webapp/lambda/node_modules/jest-runtime/build/index.js:1439:24)
    at Runtime._loadModule (/home/runner/work/algo/algo/webapp/lambda/node_modules/jest-runtime/build/index.js:1022:12)
    at Runtime.requireModule (/home/runner/work/algo/algo/webapp/lambda/node_modules/jest-runtime/build/index.js:882:12)
    at jestAdapter (/home/runner/work/algo/algo/webapp/lambda/node_modules/jest-circus/build/legacy-code-todo-rewrite/jestAdapter.js:77:13)
    at runTestInternal (/home/runner/work/algo/algo/webapp/lambda/node_modules/jest-runner/build/runTest.js:367:16)
    at runTest (/home/runner/work/algo/algo/webapp/lambda/node_modules/jest-runner/build/runTest.js:444:34)</failure>
    </testcase>
    <testcase classname="Portfolio API Integration Tests › GET /api/portfolio/holdings" name="handles authentication errors correctly" time="30.003">
      <failure>TypeError: res.serverError is not a function
    at serverError (/home/runner/work/algo/algo/webapp/lambda/routes/portfolio.js:1265:9)
    at processTicksAndRejections (node:internal/process/task_queues:95:5)</failure>
      <failure>Error: thrown: &quot;Exceeded timeout of 30000 ms for a test.
Add a timeout value to this test to increase the timeout, if this is a long-running test. See https://jestjs.io/docs/api#testname-fn-timeout.&quot;
    at test (/home/runner/work/algo/algo/webapp/lambda/tests/integration/portfolio-api.test.js:114:5)
    at _dispatchDescribe (/home/runner/work/algo/algo/webapp/lambda/node_modules/jest-circus/build/index.js:91:26)
    at describe (/home/runner/work/algo/algo/webapp/lambda/node_modules/jest-circus/build/index.js:55:5)
    at describe (/home/runner/work/algo/algo/webapp/lambda/tests/integration/portfolio-api.test.js:73:3)
    at _dispatchDescribe (/home/runner/work/algo/algo/webapp/lambda/node_modules/jest-circus/build/index.js:91:26)
    at describe (/home/runner/work/algo/algo/webapp/lambda/node_modules/jest-circus/build/index.js:55:5)
    at Object.describe (/home/runner/work/algo/algo/webapp/lambda/tests/integration/portfolio-api.test.js:26:1)
    at Runtime._execModule (/home/runner/work/algo/algo/webapp/lambda/node_modules/jest-runtime/build/index.js:1439:24)
    at Runtime._loadModule (/home/runner/work/algo/algo/webapp/lambda/node_modules/jest-runtime/build/index.js:1022:12)
    at Runtime.requireModule (/home/runner/work/algo/algo/webapp/lambda/node_modules/jest-runtime/build/index.js:882:12)
    at jestAdapter (/home/runner/work/algo/algo/webapp/lambda/node_modules/jest-circus/build/legacy-code-todo-rewrite/jestAdapter.js:77:13)
    at runTestInternal (/home/runner/work/algo/algo/webapp/lambda/node_modules/jest-runner/build/runTest.js:367:16)
    at runTest (/home/runner/work/algo/algo/webapp/lambda/node_modules/jest-runner/build/runTest.js:444:34)</failure>
    </testcase>
    <testcase classname="Portfolio API Integration Tests › GET /api/portfolio/holdings" name="validates query parameters correctly" time="30.002">
      <failure>TypeError: res.serverError is not a function
    at serverError (/home/runner/work/algo/algo/webapp/lambda/routes/portfolio.js:1265:9)
    at processTicksAndRejections (node:internal/process/task_queues:95:5)</failure>
      <failure>Error: thrown: &quot;Exceeded timeout of 30000 ms for a test.
Add a timeout value to this test to increase the timeout, if this is a long-running test. See https://jestjs.io/docs/api#testname-fn-timeout.&quot;
    at test (/home/runner/work/algo/algo/webapp/lambda/tests/integration/portfolio-api.test.js:125:5)
    at _dispatchDescribe (/home/runner/work/algo/algo/webapp/lambda/node_modules/jest-circus/build/index.js:91:26)
    at describe (/home/runner/work/algo/algo/webapp/lambda/node_modules/jest-circus/build/index.js:55:5)
    at describe (/home/runner/work/algo/algo/webapp/lambda/tests/integration/portfolio-api.test.js:73:3)
    at _dispatchDescribe (/home/runner/work/algo/algo/webapp/lambda/node_modules/jest-circus/build/index.js:91:26)
    at describe (/home/runner/work/algo/algo/webapp/lambda/node_modules/jest-circus/build/index.js:55:5)
    at Object.describe (/home/runner/work/algo/algo/webapp/lambda/tests/integration/portfolio-api.test.js:26:1)
    at Runtime._execModule (/home/runner/work/algo/algo/webapp/lambda/node_modules/jest-runtime/build/index.js:1439:24)
    at Runtime._loadModule (/home/runner/work/algo/algo/webapp/lambda/node_modules/jest-runtime/build/index.js:1022:12)
    at Runtime.requireModule (/home/runner/work/algo/algo/webapp/lambda/node_modules/jest-runtime/build/index.js:882:12)
    at jestAdapter (/home/runner/work/algo/algo/webapp/lambda/node_modules/jest-circus/build/legacy-code-todo-rewrite/jestAdapter.js:77:13)
    at runTestInternal (/home/runner/work/algo/algo/webapp/lambda/node_modules/jest-runner/build/runTest.js:367:16)
    at runTest (/home/runner/work/algo/algo/webapp/lambda/node_modules/jest-runner/build/runTest.js:444:34)</failure>
    </testcase>
    <testcase classname="Portfolio API Integration Tests › GET /api/portfolio/holdings" name="handles database connection errors gracefully" time="30.001">
      <failure>TypeError: res.serverError is not a function
    at serverError (/home/runner/work/algo/algo/webapp/lambda/routes/portfolio.js:1265:9)
    at processTicksAndRejections (node:internal/process/task_queues:95:5)</failure>
      <failure>Error: thrown: &quot;Exceeded timeout of 30000 ms for a test.
Add a timeout value to this test to increase the timeout, if this is a long-running test. See https://jestjs.io/docs/api#testname-fn-timeout.&quot;
    at test (/home/runner/work/algo/algo/webapp/lambda/tests/integration/portfolio-api.test.js:141:5)
    at _dispatchDescribe (/home/runner/work/algo/algo/webapp/lambda/node_modules/jest-circus/build/index.js:91:26)
    at describe (/home/runner/work/algo/algo/webapp/lambda/node_modules/jest-circus/build/index.js:55:5)
    at describe (/home/runner/work/algo/algo/webapp/lambda/tests/integration/portfolio-api.test.js:73:3)
    at _dispatchDescribe (/home/runner/work/algo/algo/webapp/lambda/node_modules/jest-circus/build/index.js:91:26)
    at describe (/home/runner/work/algo/algo/webapp/lambda/node_modules/jest-circus/build/index.js:55:5)
    at Object.describe (/home/runner/work/algo/algo/webapp/lambda/tests/integration/portfolio-api.test.js:26:1)
    at Runtime._execModule (/home/runner/work/algo/algo/webapp/lambda/node_modules/jest-runtime/build/index.js:1439:24)
    at Runtime._loadModule (/home/runner/work/algo/algo/webapp/lambda/node_modules/jest-runtime/build/index.js:1022:12)
    at Runtime.requireModule (/home/runner/work/algo/algo/webapp/lambda/node_modules/jest-runtime/build/index.js:882:12)
    at jestAdapter (/home/runner/work/algo/algo/webapp/lambda/node_modules/jest-circus/build/legacy-code-todo-rewrite/jestAdapter.js:77:13)
    at runTestInternal (/home/runner/work/algo/algo/webapp/lambda/node_modules/jest-runner/build/runTest.js:367:16)
    at runTest (/home/runner/work/algo/algo/webapp/lambda/node_modules/jest-runner/build/runTest.js:444:34)</failure>
    </testcase>
    <testcase classname="Portfolio API Integration Tests › GET /api/portfolio/holdings" name="implements proper pagination" time="30.002">
      <failure>TypeError: res.serverError is not a function
    at serverError (/home/runner/work/algo/algo/webapp/lambda/routes/portfolio.js:1265:9)
    at processTicksAndRejections (node:internal/process/task_queues:95:5)</failure>
      <failure>Error: thrown: &quot;Exceeded timeout of 30000 ms for a test.
Add a timeout value to this test to increase the timeout, if this is a long-running test. See https://jestjs.io/docs/api#testname-fn-timeout.&quot;
    at test (/home/runner/work/algo/algo/webapp/lambda/tests/integration/portfolio-api.test.js:158:5)
    at _dispatchDescribe (/home/runner/work/algo/algo/webapp/lambda/node_modules/jest-circus/build/index.js:91:26)
    at describe (/home/runner/work/algo/algo/webapp/lambda/node_modules/jest-circus/build/index.js:55:5)
    at describe (/home/runner/work/algo/algo/webapp/lambda/tests/integration/portfolio-api.test.js:73:3)
    at _dispatchDescribe (/home/runner/work/algo/algo/webapp/lambda/node_modules/jest-circus/build/index.js:91:26)
    at describe (/home/runner/work/algo/algo/webapp/lambda/node_modules/jest-circus/build/index.js:55:5)
    at Object.describe (/home/runner/work/algo/algo/webapp/lambda/tests/integration/portfolio-api.test.js:26:1)
    at Runtime._execModule (/home/runner/work/algo/algo/webapp/lambda/node_modules/jest-runtime/build/index.js:1439:24)
    at Runtime._loadModule (/home/runner/work/algo/algo/webapp/lambda/node_modules/jest-runtime/build/index.js:1022:12)
    at Runtime.requireModule (/home/runner/work/algo/algo/webapp/lambda/node_modules/jest-runtime/build/index.js:882:12)
    at jestAdapter (/home/runner/work/algo/algo/webapp/lambda/node_modules/jest-circus/build/legacy-code-todo-rewrite/jestAdapter.js:77:13)
    at runTestInternal (/home/runner/work/algo/algo/webapp/lambda/node_modules/jest-runner/build/runTest.js:367:16)
    at runTest (/home/runner/work/algo/algo/webapp/lambda/node_modules/jest-runner/build/runTest.js:444:34)</failure>
    </testcase>
    <testcase classname="Portfolio API Integration Tests › GET /api/portfolio/holdings" name="filters out mock data indicators" time="30.002">
      <failure>TypeError: res.serverError is not a function
    at serverError (/home/runner/work/algo/algo/webapp/lambda/routes/portfolio.js:1265:9)
    at processTicksAndRejections (node:internal/process/task_queues:95:5)</failure>
      <failure>Error: thrown: &quot;Exceeded timeout of 30000 ms for a test.
Add a timeout value to this test to increase the timeout, if this is a long-running test. See https://jestjs.io/docs/api#testname-fn-timeout.&quot;
    at test (/home/runner/work/algo/algo/webapp/lambda/tests/integration/portfolio-api.test.js:179:5)
    at _dispatchDescribe (/home/runner/work/algo/algo/webapp/lambda/node_modules/jest-circus/build/index.js:91:26)
    at describe (/home/runner/work/algo/algo/webapp/lambda/node_modules/jest-circus/build/index.js:55:5)
    at describe (/home/runner/work/algo/algo/webapp/lambda/tests/integration/portfolio-api.test.js:73:3)
    at _dispatchDescribe (/home/runner/work/algo/algo/webapp/lambda/node_modules/jest-circus/build/index.js:91:26)
    at describe (/home/runner/work/algo/algo/webapp/lambda/node_modules/jest-circus/build/index.js:55:5)
    at Object.describe (/home/runner/work/algo/algo/webapp/lambda/tests/integration/portfolio-api.test.js:26:1)
    at Runtime._execModule (/home/runner/work/algo/algo/webapp/lambda/node_modules/jest-runtime/build/index.js:1439:24)
    at Runtime._loadModule (/home/runner/work/algo/algo/webapp/lambda/node_modules/jest-runtime/build/index.js:1022:12)
    at Runtime.requireModule (/home/runner/work/algo/algo/webapp/lambda/node_modules/jest-runtime/build/index.js:882:12)
    at jestAdapter (/home/runner/work/algo/algo/webapp/lambda/node_modules/jest-circus/build/legacy-code-todo-rewrite/jestAdapter.js:77:13)
    at runTestInternal (/home/runner/work/algo/algo/webapp/lambda/node_modules/jest-runner/build/runTest.js:367:16)
    at runTest (/home/runner/work/algo/algo/webapp/lambda/node_modules/jest-runner/build/runTest.js:444:34)</failure>
    </testcase>
    <testcase classname="Portfolio API Integration Tests › GET /api/portfolio/performance" name="returns performance metrics with real calculations" time="0.122">
      <failure>Error: expected 200 &quot;OK&quot;, got 500 &quot;Internal Server Error&quot;
    at Object.expect (/home/runner/work/algo/algo/webapp/lambda/tests/integration/portfolio-api.test.js:205:10)
    at Promise.then.completed (/home/runner/work/algo/algo/webapp/lambda/node_modules/jest-circus/build/utils.js:298:28)
    at new Promise (&lt;anonymous&gt;)
    at callAsyncCircusFn (/home/runner/work/algo/algo/webapp/lambda/node_modules/jest-circus/build/utils.js:231:10)
    at _callCircusTest (/home/runner/work/algo/algo/webapp/lambda/node_modules/jest-circus/build/run.js:316:40)
    at _runTest (/home/runner/work/algo/algo/webapp/lambda/node_modules/jest-circus/build/run.js:252:3)
    at _runTestsForDescribeBlock (/home/runner/work/algo/algo/webapp/lambda/node_modules/jest-circus/build/run.js:126:9)
    at _runTestsForDescribeBlock (/home/runner/work/algo/algo/webapp/lambda/node_modules/jest-circus/build/run.js:121:9)
    at _runTestsForDescribeBlock (/home/runner/work/algo/algo/webapp/lambda/node_modules/jest-circus/build/run.js:121:9)
    at run (/home/runner/work/algo/algo/webapp/lambda/node_modules/jest-circus/build/run.js:71:3)
    at runAndTransformResultsToJestFormat (/home/runner/work/algo/algo/webapp/lambda/node_modules/jest-circus/build/legacy-code-todo-rewrite/jestAdapterInit.js:122:21)
    at jestAdapter (/home/runner/work/algo/algo/webapp/lambda/node_modules/jest-circus/build/legacy-code-todo-rewrite/jestAdapter.js:79:19)
    at runTestInternal (/home/runner/work/algo/algo/webapp/lambda/node_modules/jest-runner/build/runTest.js:367:16)
    at runTest (/home/runner/work/algo/algo/webapp/lambda/node_modules/jest-runner/build/runTest.js:444:34)
----
    at Test._assertStatus (/home/runner/work/algo/algo/webapp/lambda/node_modules/supertest/lib/test.js:252:14)
    at /home/runner/work/algo/algo/webapp/lambda/node_modules/supertest/lib/test.js:308:13
    at Test._assertFunction (/home/runner/work/algo/algo/webapp/lambda/node_modules/supertest/lib/test.js:285:13)
    at Test.assert (/home/runner/work/algo/algo/webapp/lambda/node_modules/supertest/lib/test.js:164:23)
    at Server.localAssert (/home/runner/work/algo/algo/webapp/lambda/node_modules/supertest/lib/test.js:120:14)
    at Object.onceWrapper (node:events:631:28)
    at Server.emit (node:events:517:28)
    at emitCloseNT (node:net:2221:8)
    at processTicksAndRejections (node:internal/process/task_queues:81:21)</failure>
    </testcase>
    <testcase classname="Portfolio API Integration Tests › GET /api/portfolio/performance" name="validates period parameter" time="0.053">
    </testcase>
    <testcase classname="Portfolio API Integration Tests › GET /api/portfolio/performance" name="calculates risk metrics accurately" time="0.092">
      <failure>Error: expected 200 &quot;OK&quot;, got 500 &quot;Internal Server Error&quot;
    at Object.expect (/home/runner/work/algo/algo/webapp/lambda/tests/integration/portfolio-api.test.js:255:10)
    at Promise.then.completed (/home/runner/work/algo/algo/webapp/lambda/node_modules/jest-circus/build/utils.js:298:28)
    at new Promise (&lt;anonymous&gt;)
    at callAsyncCircusFn (/home/runner/work/algo/algo/webapp/lambda/node_modules/jest-circus/build/utils.js:231:10)
    at _callCircusTest (/home/runner/work/algo/algo/webapp/lambda/node_modules/jest-circus/build/run.js:316:40)
    at processTicksAndRejections (node:internal/process/task_queues:95:5)
    at _runTest (/home/runner/work/algo/algo/webapp/lambda/node_modules/jest-circus/build/run.js:252:3)
    at _runTestsForDescribeBlock (/home/runner/work/algo/algo/webapp/lambda/node_modules/jest-circus/build/run.js:126:9)
    at _runTestsForDescribeBlock (/home/runner/work/algo/algo/webapp/lambda/node_modules/jest-circus/build/run.js:121:9)
    at _runTestsForDescribeBlock (/home/runner/work/algo/algo/webapp/lambda/node_modules/jest-circus/build/run.js:121:9)
    at run (/home/runner/work/algo/algo/webapp/lambda/node_modules/jest-circus/build/run.js:71:3)
    at runAndTransformResultsToJestFormat (/home/runner/work/algo/algo/webapp/lambda/node_modules/jest-circus/build/legacy-code-todo-rewrite/jestAdapterInit.js:122:21)
    at jestAdapter (/home/runner/work/algo/algo/webapp/lambda/node_modules/jest-circus/build/legacy-code-todo-rewrite/jestAdapter.js:79:19)
    at runTestInternal (/home/runner/work/algo/algo/webapp/lambda/node_modules/jest-runner/build/runTest.js:367:16)
    at runTest (/home/runner/work/algo/algo/webapp/lambda/node_modules/jest-runner/build/runTest.js:444:34)
----
    at Test._assertStatus (/home/runner/work/algo/algo/webapp/lambda/node_modules/supertest/lib/test.js:252:14)
    at /home/runner/work/algo/algo/webapp/lambda/node_modules/supertest/lib/test.js:308:13
    at Test._assertFunction (/home/runner/work/algo/algo/webapp/lambda/node_modules/supertest/lib/test.js:285:13)
    at Test.assert (/home/runner/work/algo/algo/webapp/lambda/node_modules/supertest/lib/test.js:164:23)
    at Server.localAssert (/home/runner/work/algo/algo/webapp/lambda/node_modules/supertest/lib/test.js:120:14)
    at Object.onceWrapper (node:events:631:28)
    at Server.emit (node:events:517:28)
    at emitCloseNT (node:net:2221:8)
    at processTicksAndRejections (node:internal/process/task_queues:81:21)</failure>
    </testcase>
    <testcase classname="Portfolio API Integration Tests › GET /api/portfolio/available-accounts" name="returns only real broker accounts" time="0.043">
      <failure>Error: expected 200 &quot;OK&quot;, got 404 &quot;Not Found&quot;
    at Object.expect (/home/runner/work/algo/algo/webapp/lambda/tests/integration/portfolio-api.test.js:282:10)
    at Promise.then.completed (/home/runner/work/algo/algo/webapp/lambda/node_modules/jest-circus/build/utils.js:298:28)
    at new Promise (&lt;anonymous&gt;)
    at callAsyncCircusFn (/home/runner/work/algo/algo/webapp/lambda/node_modules/jest-circus/build/utils.js:231:10)
    at _callCircusTest (/home/runner/work/algo/algo/webapp/lambda/node_modules/jest-circus/build/run.js:316:40)
    at processTicksAndRejections (node:internal/process/task_queues:95:5)
    at _runTest (/home/runner/work/algo/algo/webapp/lambda/node_modules/jest-circus/build/run.js:252:3)
    at _runTestsForDescribeBlock (/home/runner/work/algo/algo/webapp/lambda/node_modules/jest-circus/build/run.js:126:9)
    at _runTestsForDescribeBlock (/home/runner/work/algo/algo/webapp/lambda/node_modules/jest-circus/build/run.js:121:9)
    at _runTestsForDescribeBlock (/home/runner/work/algo/algo/webapp/lambda/node_modules/jest-circus/build/run.js:121:9)
    at run (/home/runner/work/algo/algo/webapp/lambda/node_modules/jest-circus/build/run.js:71:3)
    at runAndTransformResultsToJestFormat (/home/runner/work/algo/algo/webapp/lambda/node_modules/jest-circus/build/legacy-code-todo-rewrite/jestAdapterInit.js:122:21)
    at jestAdapter (/home/runner/work/algo/algo/webapp/lambda/node_modules/jest-circus/build/legacy-code-todo-rewrite/jestAdapter.js:79:19)
    at runTestInternal (/home/runner/work/algo/algo/webapp/lambda/node_modules/jest-runner/build/runTest.js:367:16)
    at runTest (/home/runner/work/algo/algo/webapp/lambda/node_modules/jest-runner/build/runTest.js:444:34)
----
    at Test._assertStatus (/home/runner/work/algo/algo/webapp/lambda/node_modules/supertest/lib/test.js:252:14)
    at /home/runner/work/algo/algo/webapp/lambda/node_modules/supertest/lib/test.js:308:13
    at Test._assertFunction (/home/runner/work/algo/algo/webapp/lambda/node_modules/supertest/lib/test.js:285:13)
    at Test.assert (/home/runner/work/algo/algo/webapp/lambda/node_modules/supertest/lib/test.js:164:23)
    at Server.localAssert (/home/runner/work/algo/algo/webapp/lambda/node_modules/supertest/lib/test.js:120:14)
    at Object.onceWrapper (node:events:631:28)
    at Server.emit (node:events:517:28)
    at emitCloseNT (node:net:2221:8)
    at processTicksAndRejections (node:internal/process/task_queues:81:21)</failure>
    </testcase>
    <testcase classname="Portfolio API Integration Tests › GET /api/portfolio/available-accounts" name="handles missing API keys correctly" time="0.048">
      <failure>Error: expected 200 &quot;OK&quot;, got 404 &quot;Not Found&quot;
    at Object.expect (/home/runner/work/algo/algo/webapp/lambda/tests/integration/portfolio-api.test.js:319:10)
    at Promise.then.completed (/home/runner/work/algo/algo/webapp/lambda/node_modules/jest-circus/build/utils.js:298:28)
    at new Promise (&lt;anonymous&gt;)
    at callAsyncCircusFn (/home/runner/work/algo/algo/webapp/lambda/node_modules/jest-circus/build/utils.js:231:10)
    at _callCircusTest (/home/runner/work/algo/algo/webapp/lambda/node_modules/jest-circus/build/run.js:316:40)
    at processTicksAndRejections (node:internal/process/task_queues:95:5)
    at _runTest (/home/runner/work/algo/algo/webapp/lambda/node_modules/jest-circus/build/run.js:252:3)
    at _runTestsForDescribeBlock (/home/runner/work/algo/algo/webapp/lambda/node_modules/jest-circus/build/run.js:126:9)
    at _runTestsForDescribeBlock (/home/runner/work/algo/algo/webapp/lambda/node_modules/jest-circus/build/run.js:121:9)
    at _runTestsForDescribeBlock (/home/runner/work/algo/algo/webapp/lambda/node_modules/jest-circus/build/run.js:121:9)
    at run (/home/runner/work/algo/algo/webapp/lambda/node_modules/jest-circus/build/run.js:71:3)
    at runAndTransformResultsToJestFormat (/home/runner/work/algo/algo/webapp/lambda/node_modules/jest-circus/build/legacy-code-todo-rewrite/jestAdapterInit.js:122:21)
    at jestAdapter (/home/runner/work/algo/algo/webapp/lambda/node_modules/jest-circus/build/legacy-code-todo-rewrite/jestAdapter.js:79:19)
    at runTestInternal (/home/runner/work/algo/algo/webapp/lambda/node_modules/jest-runner/build/runTest.js:367:16)
    at runTest (/home/runner/work/algo/algo/webapp/lambda/node_modules/jest-runner/build/runTest.js:444:34)
----
    at Test._assertStatus (/home/runner/work/algo/algo/webapp/lambda/node_modules/supertest/lib/test.js:252:14)
    at /home/runner/work/algo/algo/webapp/lambda/node_modules/supertest/lib/test.js:308:13
    at Test._assertFunction (/home/runner/work/algo/algo/webapp/lambda/node_modules/supertest/lib/test.js:285:13)
    at Test.assert (/home/runner/work/algo/algo/webapp/lambda/node_modules/supertest/lib/test.js:164:23)
    at Server.localAssert (/home/runner/work/algo/algo/webapp/lambda/node_modules/supertest/lib/test.js:120:14)
    at Object.onceWrapper (node:events:631:28)
    at Server.emit (node:events:517:28)
    at emitCloseNT (node:net:2221:8)
    at processTicksAndRejections (node:internal/process/task_queues:81:21)</failure>
    </testcase>
    <testcase classname="Portfolio API Integration Tests › POST /api/portfolio/import" name="imports portfolio from real broker API" time="0.031">
      <failure>Error: expected 200 &quot;OK&quot;, got 404 &quot;Not Found&quot;
    at Object.expect (/home/runner/work/algo/algo/webapp/lambda/tests/integration/portfolio-api.test.js:341:10)
    at Promise.then.completed (/home/runner/work/algo/algo/webapp/lambda/node_modules/jest-circus/build/utils.js:298:28)
    at new Promise (&lt;anonymous&gt;)
    at callAsyncCircusFn (/home/runner/work/algo/algo/webapp/lambda/node_modules/jest-circus/build/utils.js:231:10)
    at _callCircusTest (/home/runner/work/algo/algo/webapp/lambda/node_modules/jest-circus/build/run.js:316:40)
    at processTicksAndRejections (node:internal/process/task_queues:95:5)
    at _runTest (/home/runner/work/algo/algo/webapp/lambda/node_modules/jest-circus/build/run.js:252:3)
    at _runTestsForDescribeBlock (/home/runner/work/algo/algo/webapp/lambda/node_modules/jest-circus/build/run.js:126:9)
    at _runTestsForDescribeBlock (/home/runner/work/algo/algo/webapp/lambda/node_modules/jest-circus/build/run.js:121:9)
    at _runTestsForDescribeBlock (/home/runner/work/algo/algo/webapp/lambda/node_modules/jest-circus/build/run.js:121:9)
    at run (/home/runner/work/algo/algo/webapp/lambda/node_modules/jest-circus/build/run.js:71:3)
    at runAndTransformResultsToJestFormat (/home/runner/work/algo/algo/webapp/lambda/node_modules/jest-circus/build/legacy-code-todo-rewrite/jestAdapterInit.js:122:21)
    at jestAdapter (/home/runner/work/algo/algo/webapp/lambda/node_modules/jest-circus/build/legacy-code-todo-rewrite/jestAdapter.js:79:19)
    at runTestInternal (/home/runner/work/algo/algo/webapp/lambda/node_modules/jest-runner/build/runTest.js:367:16)
    at runTest (/home/runner/work/algo/algo/webapp/lambda/node_modules/jest-runner/build/runTest.js:444:34)
----
    at Test._assertStatus (/home/runner/work/algo/algo/webapp/lambda/node_modules/supertest/lib/test.js:252:14)
    at /home/runner/work/algo/algo/webapp/lambda/node_modules/supertest/lib/test.js:308:13
    at Test._assertFunction (/home/runner/work/algo/algo/webapp/lambda/node_modules/supertest/lib/test.js:285:13)
    at Test.assert (/home/runner/work/algo/algo/webapp/lambda/node_modules/supertest/lib/test.js:164:23)
    at Server.localAssert (/home/runner/work/algo/algo/webapp/lambda/node_modules/supertest/lib/test.js:120:14)
    at Object.onceWrapper (node:events:631:28)
    at Server.emit (node:events:517:28)
    at emitCloseNT (node:net:2221:8)
    at processTicksAndRejections (node:internal/process/task_queues:81:21)</failure>
    </testcase>
    <testcase classname="Portfolio API Integration Tests › POST /api/portfolio/import" name="validates broker parameter" time="0.02">
      <failure>Error: expected 400 &quot;Bad Request&quot;, got 404 &quot;Not Found&quot;
    at Object.expect (/home/runner/work/algo/algo/webapp/lambda/tests/integration/portfolio-api.test.js:369:10)
    at Promise.then.completed (/home/runner/work/algo/algo/webapp/lambda/node_modules/jest-circus/build/utils.js:298:28)
    at new Promise (&lt;anonymous&gt;)
    at callAsyncCircusFn (/home/runner/work/algo/algo/webapp/lambda/node_modules/jest-circus/build/utils.js:231:10)
    at _callCircusTest (/home/runner/work/algo/algo/webapp/lambda/node_modules/jest-circus/build/run.js:316:40)
    at processTicksAndRejections (node:internal/process/task_queues:95:5)
    at _runTest (/home/runner/work/algo/algo/webapp/lambda/node_modules/jest-circus/build/run.js:252:3)
    at _runTestsForDescribeBlock (/home/runner/work/algo/algo/webapp/lambda/node_modules/jest-circus/build/run.js:126:9)
    at _runTestsForDescribeBlock (/home/runner/work/algo/algo/webapp/lambda/node_modules/jest-circus/build/run.js:121:9)
    at _runTestsForDescribeBlock (/home/runner/work/algo/algo/webapp/lambda/node_modules/jest-circus/build/run.js:121:9)
    at run (/home/runner/work/algo/algo/webapp/lambda/node_modules/jest-circus/build/run.js:71:3)
    at runAndTransformResultsToJestFormat (/home/runner/work/algo/algo/webapp/lambda/node_modules/jest-circus/build/legacy-code-todo-rewrite/jestAdapterInit.js:122:21)
    at jestAdapter (/home/runner/work/algo/algo/webapp/lambda/node_modules/jest-circus/build/legacy-code-todo-rewrite/jestAdapter.js:79:19)
    at runTestInternal (/home/runner/work/algo/algo/webapp/lambda/node_modules/jest-runner/build/runTest.js:367:16)
    at runTest (/home/runner/work/algo/algo/webapp/lambda/node_modules/jest-runner/build/runTest.js:444:34)
----
    at Test._assertStatus (/home/runner/work/algo/algo/webapp/lambda/node_modules/supertest/lib/test.js:252:14)
    at /home/runner/work/algo/algo/webapp/lambda/node_modules/supertest/lib/test.js:308:13
    at Test._assertFunction (/home/runner/work/algo/algo/webapp/lambda/node_modules/supertest/lib/test.js:285:13)
    at Test.assert (/home/runner/work/algo/algo/webapp/lambda/node_modules/supertest/lib/test.js:164:23)
    at Server.localAssert (/home/runner/work/algo/algo/webapp/lambda/node_modules/supertest/lib/test.js:120:14)
    at Object.onceWrapper (node:events:631:28)
    at Server.emit (node:events:517:28)
    at emitCloseNT (node:net:2221:8)
    at processTicksAndRejections (node:internal/process/task_queues:81:21)</failure>
    </testcase>
    <testcase classname="Portfolio API Integration Tests › POST /api/portfolio/import" name="handles broker API errors gracefully" time="0.018">
      <failure>Error: expected 503 &quot;Service Unavailable&quot;, got 404 &quot;Not Found&quot;
    at Object.expect (/home/runner/work/algo/algo/webapp/lambda/tests/integration/portfolio-api.test.js:388:10)
    at Promise.then.completed (/home/runner/work/algo/algo/webapp/lambda/node_modules/jest-circus/build/utils.js:298:28)
    at new Promise (&lt;anonymous&gt;)
    at callAsyncCircusFn (/home/runner/work/algo/algo/webapp/lambda/node_modules/jest-circus/build/utils.js:231:10)
    at _callCircusTest (/home/runner/work/algo/algo/webapp/lambda/node_modules/jest-circus/build/run.js:316:40)
    at processTicksAndRejections (node:internal/process/task_queues:95:5)
    at _runTest (/home/runner/work/algo/algo/webapp/lambda/node_modules/jest-circus/build/run.js:252:3)
    at _runTestsForDescribeBlock (/home/runner/work/algo/algo/webapp/lambda/node_modules/jest-circus/build/run.js:126:9)
    at _runTestsForDescribeBlock (/home/runner/work/algo/algo/webapp/lambda/node_modules/jest-circus/build/run.js:121:9)
    at _runTestsForDescribeBlock (/home/runner/work/algo/algo/webapp/lambda/node_modules/jest-circus/build/run.js:121:9)
    at run (/home/runner/work/algo/algo/webapp/lambda/node_modules/jest-circus/build/run.js:71:3)
    at runAndTransformResultsToJestFormat (/home/runner/work/algo/algo/webapp/lambda/node_modules/jest-circus/build/legacy-code-todo-rewrite/jestAdapterInit.js:122:21)
    at jestAdapter (/home/runner/work/algo/algo/webapp/lambda/node_modules/jest-circus/build/legacy-code-todo-rewrite/jestAdapter.js:79:19)
    at runTestInternal (/home/runner/work/algo/algo/webapp/lambda/node_modules/jest-runner/build/runTest.js:367:16)
    at runTest (/home/runner/work/algo/algo/webapp/lambda/node_modules/jest-runner/build/runTest.js:444:34)
----
    at Test._assertStatus (/home/runner/work/algo/algo/webapp/lambda/node_modules/supertest/lib/test.js:252:14)
    at /home/runner/work/algo/algo/webapp/lambda/node_modules/supertest/lib/test.js:308:13
    at Test._assertFunction (/home/runner/work/algo/algo/webapp/lambda/node_modules/supertest/lib/test.js:285:13)
    at Test.assert (/home/runner/work/algo/algo/webapp/lambda/node_modules/supertest/lib/test.js:164:23)
    at Server.localAssert (/home/runner/work/algo/algo/webapp/lambda/node_modules/supertest/lib/test.js:120:14)
    at Object.onceWrapper (node:events:631:28)
    at Server.emit (node:events:517:28)
    at emitCloseNT (node:net:2221:8)
    at processTicksAndRejections (node:internal/process/task_queues:81:21)</failure>
    </testcase>
    <testcase classname="Portfolio API Integration Tests › Portfolio Data Quality and Validation" name="ensures all portfolio data has real data flags" time="30.001">
      <failure>TypeError: res.serverError is not a function
    at serverError (/home/runner/work/algo/algo/webapp/lambda/routes/portfolio.js:1265:9)
    at processTicksAndRejections (node:internal/process/task_queues:95:5)</failure>
      <failure>Error: thrown: &quot;Exceeded timeout of 30000 ms for a test.
Add a timeout value to this test to increase the timeout, if this is a long-running test. See https://jestjs.io/docs/api#testname-fn-timeout.&quot;
    at test (/home/runner/work/algo/algo/webapp/lambda/tests/integration/portfolio-api.test.js:399:5)
    at _dispatchDescribe (/home/runner/work/algo/algo/webapp/lambda/node_modules/jest-circus/build/index.js:91:26)
    at describe (/home/runner/work/algo/algo/webapp/lambda/node_modules/jest-circus/build/index.js:55:5)
    at describe (/home/runner/work/algo/algo/webapp/lambda/tests/integration/portfolio-api.test.js:398:3)
    at _dispatchDescribe (/home/runner/work/algo/algo/webapp/lambda/node_modules/jest-circus/build/index.js:91:26)
    at describe (/home/runner/work/algo/algo/webapp/lambda/node_modules/jest-circus/build/index.js:55:5)
    at Object.describe (/home/runner/work/algo/algo/webapp/lambda/tests/integration/portfolio-api.test.js:26:1)
    at Runtime._execModule (/home/runner/work/algo/algo/webapp/lambda/node_modules/jest-runtime/build/index.js:1439:24)
    at Runtime._loadModule (/home/runner/work/algo/algo/webapp/lambda/node_modules/jest-runtime/build/index.js:1022:12)
    at Runtime.requireModule (/home/runner/work/algo/algo/webapp/lambda/node_modules/jest-runtime/build/index.js:882:12)
    at jestAdapter (/home/runner/work/algo/algo/webapp/lambda/node_modules/jest-circus/build/legacy-code-todo-rewrite/jestAdapter.js:77:13)
    at runTestInternal (/home/runner/work/algo/algo/webapp/lambda/node_modules/jest-runner/build/runTest.js:367:16)
    at runTest (/home/runner/work/algo/algo/webapp/lambda/node_modules/jest-runner/build/runTest.js:444:34)</failure>
    </testcase>
    <testcase classname="Portfolio API Integration Tests › Portfolio Data Quality and Validation" name="validates numeric data ranges and types" time="30">
      <failure>TypeError: res.serverError is not a function
    at serverError (/home/runner/work/algo/algo/webapp/lambda/routes/portfolio.js:1265:9)
    at processTicksAndRejections (node:internal/process/task_queues:95:5)</failure>
      <failure>Error: thrown: &quot;Exceeded timeout of 30000 ms for a test.
Add a timeout value to this test to increase the timeout, if this is a long-running test. See https://jestjs.io/docs/api#testname-fn-timeout.&quot;
    at test (/home/runner/work/algo/algo/webapp/lambda/tests/integration/portfolio-api.test.js:448:5)
    at _dispatchDescribe (/home/runner/work/algo/algo/webapp/lambda/node_modules/jest-circus/build/index.js:91:26)
    at describe (/home/runner/work/algo/algo/webapp/lambda/node_modules/jest-circus/build/index.js:55:5)
    at describe (/home/runner/work/algo/algo/webapp/lambda/tests/integration/portfolio-api.test.js:398:3)
    at _dispatchDescribe (/home/runner/work/algo/algo/webapp/lambda/node_modules/jest-circus/build/index.js:91:26)
    at describe (/home/runner/work/algo/algo/webapp/lambda/node_modules/jest-circus/build/index.js:55:5)
    at Object.describe (/home/runner/work/algo/algo/webapp/lambda/tests/integration/portfolio-api.test.js:26:1)
    at Runtime._execModule (/home/runner/work/algo/algo/webapp/lambda/node_modules/jest-runtime/build/index.js:1439:24)
    at Runtime._loadModule (/home/runner/work/algo/algo/webapp/lambda/node_modules/jest-runtime/build/index.js:1022:12)
    at Runtime.requireModule (/home/runner/work/algo/algo/webapp/lambda/node_modules/jest-runtime/build/index.js:882:12)
    at jestAdapter (/home/runner/work/algo/algo/webapp/lambda/node_modules/jest-circus/build/legacy-code-todo-rewrite/jestAdapter.js:77:13)
    at runTestInternal (/home/runner/work/algo/algo/webapp/lambda/node_modules/jest-runner/build/runTest.js:367:16)
    at runTest (/home/runner/work/algo/algo/webapp/lambda/node_modules/jest-runner/build/runTest.js:444:34)</failure>
    </testcase>
    <testcase classname="Portfolio API Integration Tests › Portfolio Data Quality and Validation" name="checks response times for performance" time="30">
      <failure>TypeError: res.serverError is not a function
    at serverError (/home/runner/work/algo/algo/webapp/lambda/routes/portfolio.js:1265:9)
    at processTicksAndRejections (node:internal/process/task_queues:95:5)</failure>
      <failure>Error: thrown: &quot;Exceeded timeout of 30000 ms for a test.
Add a timeout value to this test to increase the timeout, if this is a long-running test. See https://jestjs.io/docs/api#testname-fn-timeout.&quot;
    at test (/home/runner/work/algo/algo/webapp/lambda/tests/integration/portfolio-api.test.js:487:5)
    at _dispatchDescribe (/home/runner/work/algo/algo/webapp/lambda/node_modules/jest-circus/build/index.js:91:26)
    at describe (/home/runner/work/algo/algo/webapp/lambda/node_modules/jest-circus/build/index.js:55:5)
    at describe (/home/runner/work/algo/algo/webapp/lambda/tests/integration/portfolio-api.test.js:398:3)
    at _dispatchDescribe (/home/runner/work/algo/algo/webapp/lambda/node_modules/jest-circus/build/index.js:91:26)
    at describe (/home/runner/work/algo/algo/webapp/lambda/node_modules/jest-circus/build/index.js:55:5)
    at Object.describe (/home/runner/work/algo/algo/webapp/lambda/tests/integration/portfolio-api.test.js:26:1)
    at Runtime._execModule (/home/runner/work/algo/algo/webapp/lambda/node_modules/jest-runtime/build/index.js:1439:24)
    at Runtime._loadModule (/home/runner/work/algo/algo/webapp/lambda/node_modules/jest-runtime/build/index.js:1022:12)
    at Runtime.requireModule (/home/runner/work/algo/algo/webapp/lambda/node_modules/jest-runtime/build/index.js:882:12)
    at jestAdapter (/home/runner/work/algo/algo/webapp/lambda/node_modules/jest-circus/build/legacy-code-todo-rewrite/jestAdapter.js:77:13)
    at runTestInternal (/home/runner/work/algo/algo/webapp/lambda/node_modules/jest-runner/build/runTest.js:367:16)
    at runTest (/home/runner/work/algo/algo/webapp/lambda/node_modules/jest-runner/build/runTest.js:444:34)</failure>
    </testcase>
    <testcase classname="Portfolio API Integration Tests › Portfolio Data Quality and Validation" name="validates correlation IDs in responses" time="30.001">
      <failure>TypeError: res.serverError is not a function
    at serverError (/home/runner/work/algo/algo/webapp/lambda/routes/portfolio.js:1265:9)
    at processTicksAndRejections (node:internal/process/task_queues:95:5)</failure>
      <failure>Error: thrown: &quot;Exceeded timeout of 30000 ms for a test.
Add a timeout value to this test to increase the timeout, if this is a long-running test. See https://jestjs.io/docs/api#testname-fn-timeout.&quot;
    at test (/home/runner/work/algo/algo/webapp/lambda/tests/integration/portfolio-api.test.js:502:5)
    at _dispatchDescribe (/home/runner/work/algo/algo/webapp/lambda/node_modules/jest-circus/build/index.js:91:26)
    at describe (/home/runner/work/algo/algo/webapp/lambda/node_modules/jest-circus/build/index.js:55:5)
    at describe (/home/runner/work/algo/algo/webapp/lambda/tests/integration/portfolio-api.test.js:398:3)
    at _dispatchDescribe (/home/runner/work/algo/algo/webapp/lambda/node_modules/jest-circus/build/index.js:91:26)
    at describe (/home/runner/work/algo/algo/webapp/lambda/node_modules/jest-circus/build/index.js:55:5)
    at Object.describe (/home/runner/work/algo/algo/webapp/lambda/tests/integration/portfolio-api.test.js:26:1)
    at Runtime._execModule (/home/runner/work/algo/algo/webapp/lambda/node_modules/jest-runtime/build/index.js:1439:24)
    at Runtime._loadModule (/home/runner/work/algo/algo/webapp/lambda/node_modules/jest-runtime/build/index.js:1022:12)
    at Runtime.requireModule (/home/runner/work/algo/algo/webapp/lambda/node_modules/jest-runtime/build/index.js:882:12)
    at jestAdapter (/home/runner/work/algo/algo/webapp/lambda/node_modules/jest-circus/build/legacy-code-todo-rewrite/jestAdapter.js:77:13)
    at runTestInternal (/home/runner/work/algo/algo/webapp/lambda/node_modules/jest-runner/build/runTest.js:367:16)
    at runTest (/home/runner/work/algo/algo/webapp/lambda/node_modules/jest-runner/build/runTest.js:444:34)</failure>
    </testcase>
    <testcase classname="Portfolio API Integration Tests › Error Handling and Recovery" name="handles circuit breaker scenarios" time="30.001">
      <failure>TypeError: res.serverError is not a function
    at serverError (/home/runner/work/algo/algo/webapp/lambda/routes/portfolio.js:1265:9)
    at processTicksAndRejections (node:internal/process/task_queues:95:5)</failure>
      <failure>Error: thrown: &quot;Exceeded timeout of 30000 ms for a test.
Add a timeout value to this test to increase the timeout, if this is a long-running test. See https://jestjs.io/docs/api#testname-fn-timeout.&quot;
    at test (/home/runner/work/algo/algo/webapp/lambda/tests/integration/portfolio-api.test.js:515:5)
    at _dispatchDescribe (/home/runner/work/algo/algo/webapp/lambda/node_modules/jest-circus/build/index.js:91:26)
    at describe (/home/runner/work/algo/algo/webapp/lambda/node_modules/jest-circus/build/index.js:55:5)
    at describe (/home/runner/work/algo/algo/webapp/lambda/tests/integration/portfolio-api.test.js:514:3)
    at _dispatchDescribe (/home/runner/work/algo/algo/webapp/lambda/node_modules/jest-circus/build/index.js:91:26)
    at describe (/home/runner/work/algo/algo/webapp/lambda/node_modules/jest-circus/build/index.js:55:5)
    at Object.describe (/home/runner/work/algo/algo/webapp/lambda/tests/integration/portfolio-api.test.js:26:1)
    at Runtime._execModule (/home/runner/work/algo/algo/webapp/lambda/node_modules/jest-runtime/build/index.js:1439:24)
    at Runtime._loadModule (/home/runner/work/algo/algo/webapp/lambda/node_modules/jest-runtime/build/index.js:1022:12)
    at Runtime.requireModule (/home/runner/work/algo/algo/webapp/lambda/node_modules/jest-runtime/build/index.js:882:12)
    at jestAdapter (/home/runner/work/algo/algo/webapp/lambda/node_modules/jest-circus/build/legacy-code-todo-rewrite/jestAdapter.js:77:13)
    at runTestInternal (/home/runner/work/algo/algo/webapp/lambda/node_modules/jest-runner/build/runTest.js:367:16)
    at runTest (/home/runner/work/algo/algo/webapp/lambda/node_modules/jest-runner/build/runTest.js:444:34)</failure>
    </testcase>
    <testcase classname="Portfolio API Integration Tests › Error Handling and Recovery" name="handles concurrent request limits" time="30">
      <failure>TypeError: res.serverError is not a function
    at serverError (/home/runner/work/algo/algo/webapp/lambda/routes/portfolio.js:1265:9)
    at processTicksAndRejections (node:internal/process/task_queues:95:5)</failure>
      <failure>TypeError: res.serverError is not a function
    at serverError (/home/runner/work/algo/algo/webapp/lambda/routes/portfolio.js:1265:9)
    at runNextTicks (node:internal/process/task_queues:60:5)
    at processTimers (node:internal/timers:509:9)</failure>
      <failure>TypeError: res.serverError is not a function
    at serverError (/home/runner/work/algo/algo/webapp/lambda/routes/portfolio.js:1265:9)</failure>
      <failure>TypeError: res.serverError is not a function
    at serverError (/home/runner/work/algo/algo/webapp/lambda/routes/portfolio.js:1265:9)
    at runNextTicks (node:internal/process/task_queues:60:5)
    at processTimers (node:internal/timers:509:9)</failure>
      <failure>TypeError: res.serverError is not a function
    at serverError (/home/runner/work/algo/algo/webapp/lambda/routes/portfolio.js:1265:9)
    at runNextTicks (node:internal/process/task_queues:60:5)
    at processTimers (node:internal/timers:509:9)</failure>
      <failure>TypeError: res.serverError is not a function
    at serverError (/home/runner/work/algo/algo/webapp/lambda/routes/portfolio.js:1265:9)</failure>
      <failure>TypeError: res.serverError is not a function
    at serverError (/home/runner/work/algo/algo/webapp/lambda/routes/portfolio.js:1265:9)
    at runNextTicks (node:internal/process/task_queues:60:5)
    at processTimers (node:internal/timers:509:9)</failure>
      <failure>TypeError: res.serverError is not a function
    at serverError (/home/runner/work/algo/algo/webapp/lambda/routes/portfolio.js:1265:9)
    at runNextTicks (node:internal/process/task_queues:60:5)
    at processTimers (node:internal/timers:509:9)</failure>
      <failure>TypeError: res.serverError is not a function
    at serverError (/home/runner/work/algo/algo/webapp/lambda/routes/portfolio.js:1265:9)</failure>
      <failure>TypeError: res.serverError is not a function
    at serverError (/home/runner/work/algo/algo/webapp/lambda/routes/portfolio.js:1265:9)
    at runNextTicks (node:internal/process/task_queues:60:5)
    at processTimers (node:internal/timers:509:9)</failure>
      <failure>Error: thrown: &quot;Exceeded timeout of 30000 ms for a test.
Add a timeout value to this test to increase the timeout, if this is a long-running test. See https://jestjs.io/docs/api#testname-fn-timeout.&quot;
    at test (/home/runner/work/algo/algo/webapp/lambda/tests/integration/portfolio-api.test.js:538:5)
    at _dispatchDescribe (/home/runner/work/algo/algo/webapp/lambda/node_modules/jest-circus/build/index.js:91:26)
    at describe (/home/runner/work/algo/algo/webapp/lambda/node_modules/jest-circus/build/index.js:55:5)
    at describe (/home/runner/work/algo/algo/webapp/lambda/tests/integration/portfolio-api.test.js:514:3)
    at _dispatchDescribe (/home/runner/work/algo/algo/webapp/lambda/node_modules/jest-circus/build/index.js:91:26)
    at describe (/home/runner/work/algo/algo/webapp/lambda/node_modules/jest-circus/build/index.js:55:5)
    at Object.describe (/home/runner/work/algo/algo/webapp/lambda/tests/integration/portfolio-api.test.js:26:1)
    at Runtime._execModule (/home/runner/work/algo/algo/webapp/lambda/node_modules/jest-runtime/build/index.js:1439:24)
    at Runtime._loadModule (/home/runner/work/algo/algo/webapp/lambda/node_modules/jest-runtime/build/index.js:1022:12)
    at Runtime.requireModule (/home/runner/work/algo/algo/webapp/lambda/node_modules/jest-runtime/build/index.js:882:12)
    at jestAdapter (/home/runner/work/algo/algo/webapp/lambda/node_modules/jest-circus/build/legacy-code-todo-rewrite/jestAdapter.js:77:13)
    at runTestInternal (/home/runner/work/algo/algo/webapp/lambda/node_modules/jest-runner/build/runTest.js:367:16)
    at runTest (/home/runner/work/algo/algo/webapp/lambda/node_modules/jest-runner/build/runTest.js:444:34)</failure>
    </testcase>
    <testcase classname="Portfolio API Integration Tests › Error Handling and Recovery" name="provides proper error context in failures" time="30.001">
      <failure>TypeError: res.serverError is not a function
    at serverError (/home/runner/work/algo/algo/webapp/lambda/routes/portfolio.js:1265:9)
    at processTicksAndRejections (node:internal/process/task_queues:95:5)</failure>
      <failure>Error: thrown: &quot;Exceeded timeout of 30000 ms for a test.
Add a timeout value to this test to increase the timeout, if this is a long-running test. See https://jestjs.io/docs/api#testname-fn-timeout.&quot;
    at test (/home/runner/work/algo/algo/webapp/lambda/tests/integration/portfolio-api.test.js:558:5)
    at _dispatchDescribe (/home/runner/work/algo/algo/webapp/lambda/node_modules/jest-circus/build/index.js:91:26)
    at describe (/home/runner/work/algo/algo/webapp/lambda/node_modules/jest-circus/build/index.js:55:5)
    at describe (/home/runner/work/algo/algo/webapp/lambda/tests/integration/portfolio-api.test.js:514:3)
    at _dispatchDescribe (/home/runner/work/algo/algo/webapp/lambda/node_modules/jest-circus/build/index.js:91:26)
    at describe (/home/runner/work/algo/algo/webapp/lambda/node_modules/jest-circus/build/index.js:55:5)
[...]
    at next (/home/runner/work/algo/algo/webapp/lambda/node_modules/express/lib/router/route.js:149:13)
    at next (/home/runner/work/algo/algo/webapp/lambda/middleware/validation.js:298:9)
    at Layer.handle [as handle_request] (/home/runner/work/algo/algo/webapp/lambda/node_modules/express/lib/router/layer.js:95:5)
    at next (/home/runner/work/algo/algo/webapp/lambda/node_modules/express/lib/router/route.js:149:13)
    at next (/home/runner/work/algo/algo/webapp/lambda/middleware/auth.js:277:16)
    at processTicksAndRejections (node:internal/process/task_queues:95:5)</failure>
      <failure>Error: thrown: &quot;Exceeded timeout of 30000 ms for a test.
Add a timeout value to this test to increase the timeout, if this is a long-running test. See https://jestjs.io/docs/api#testname-fn-timeout.&quot;
    at test (/home/runner/work/algo/algo/webapp/lambda/tests/integration/routes/performance-analytics.test.js:73:5)
    at _dispatchDescribe (/home/runner/work/algo/algo/webapp/lambda/node_modules/jest-circus/build/index.js:91:26)
    at describe (/home/runner/work/algo/algo/webapp/lambda/node_modules/jest-circus/build/index.js:55:5)
    at describe (/home/runner/work/algo/algo/webapp/lambda/tests/integration/routes/performance-analytics.test.js:30:3)
    at _dispatchDescribe (/home/runner/work/algo/algo/webapp/lambda/node_modules/jest-circus/build/index.js:91:26)
    at describe (/home/runner/work/algo/algo/webapp/lambda/node_modules/jest-circus/build/index.js:55:5)
    at Object.describe (/home/runner/work/algo/algo/webapp/lambda/tests/integration/routes/performance-analytics.test.js:9:1)
    at Runtime._execModule (/home/runner/work/algo/algo/webapp/lambda/node_modules/jest-runtime/build/index.js:1439:24)
    at Runtime._loadModule (/home/runner/work/algo/algo/webapp/lambda/node_modules/jest-runtime/build/index.js:1022:12)
    at Runtime.requireModule (/home/runner/work/algo/algo/webapp/lambda/node_modules/jest-runtime/build/index.js:882:12)
    at jestAdapter (/home/runner/work/algo/algo/webapp/lambda/node_modules/jest-circus/build/legacy-code-todo-rewrite/jestAdapter.js:77:13)
    at runTestInternal (/home/runner/work/algo/algo/webapp/lambda/node_modules/jest-runner/build/runTest.js:367:16)
    at runTest (/home/runner/work/algo/algo/webapp/lambda/node_modules/jest-runner/build/runTest.js:444:34)</failure>
    </testcase>
    <testcase classname="Performance Analytics API Routes › GET /api/performance-analytics/report" name="generates performance report" time="30.001">
      <failure>TypeError: Cannot read properties of undefined (reading &apos;substring&apos;)
    at substring (/home/runner/work/algo/algo/webapp/lambda/routes/performance-analytics.js:148:25)
    at Layer.handle [as handle_request] (/home/runner/work/algo/algo/webapp/lambda/node_modules/express/lib/router/layer.js:95:5)
    at next (/home/runner/work/algo/algo/webapp/lambda/node_modules/express/lib/router/route.js:149:13)
    at next (/home/runner/work/algo/algo/webapp/lambda/middleware/validation.js:298:9)
    at Layer.handle [as handle_request] (/home/runner/work/algo/algo/webapp/lambda/node_modules/express/lib/router/layer.js:95:5)
    at next (/home/runner/work/algo/algo/webapp/lambda/node_modules/express/lib/router/route.js:149:13)
    at next (/home/runner/work/algo/algo/webapp/lambda/middleware/auth.js:277:16)
    at processTicksAndRejections (node:internal/process/task_queues:95:5)</failure>
      <failure>Error: thrown: &quot;Exceeded timeout of 30000 ms for a test.
Add a timeout value to this test to increase the timeout, if this is a long-running test. See https://jestjs.io/docs/api#testname-fn-timeout.&quot;
    at test (/home/runner/work/algo/algo/webapp/lambda/tests/integration/routes/performance-analytics.test.js:92:5)
    at _dispatchDescribe (/home/runner/work/algo/algo/webapp/lambda/node_modules/jest-circus/build/index.js:91:26)
    at describe (/home/runner/work/algo/algo/webapp/lambda/node_modules/jest-circus/build/index.js:55:5)
    at describe (/home/runner/work/algo/algo/webapp/lambda/tests/integration/routes/performance-analytics.test.js:91:3)
    at _dispatchDescribe (/home/runner/work/algo/algo/webapp/lambda/node_modules/jest-circus/build/index.js:91:26)
    at describe (/home/runner/work/algo/algo/webapp/lambda/node_modules/jest-circus/build/index.js:55:5)
    at Object.describe (/home/runner/work/algo/algo/webapp/lambda/tests/integration/routes/performance-analytics.test.js:9:1)
    at Runtime._execModule (/home/runner/work/algo/algo/webapp/lambda/node_modules/jest-runtime/build/index.js:1439:24)
    at Runtime._loadModule (/home/runner/work/algo/algo/webapp/lambda/node_modules/jest-runtime/build/index.js:1022:12)
    at Runtime.requireModule (/home/runner/work/algo/algo/webapp/lambda/node_modules/jest-runtime/build/index.js:882:12)
    at jestAdapter (/home/runner/work/algo/algo/webapp/lambda/node_modules/jest-circus/build/legacy-code-todo-rewrite/jestAdapter.js:77:13)
    at runTestInternal (/home/runner/work/algo/algo/webapp/lambda/node_modules/jest-runner/build/runTest.js:367:16)
    at runTest (/home/runner/work/algo/algo/webapp/lambda/node_modules/jest-runner/build/runTest.js:444:34)</failure>
    </testcase>
    <testcase classname="Performance Analytics API Routes › GET /api/performance-analytics/attribution" name="returns attribution analysis" time="30">
      <failure>TypeError: Cannot read properties of undefined (reading &apos;substring&apos;)
    at substring (/home/runner/work/algo/algo/webapp/lambda/routes/performance-analytics.js:195:25)
    at Layer.handle [as handle_request] (/home/runner/work/algo/algo/webapp/lambda/node_modules/express/lib/router/layer.js:95:5)
    at next (/home/runner/work/algo/algo/webapp/lambda/node_modules/express/lib/router/route.js:149:13)
    at next (/home/runner/work/algo/algo/webapp/lambda/middleware/validation.js:298:9)
    at Layer.handle [as handle_request] (/home/runner/work/algo/algo/webapp/lambda/node_modules/express/lib/router/layer.js:95:5)
    at next (/home/runner/work/algo/algo/webapp/lambda/node_modules/express/lib/router/route.js:149:13)
    at next (/home/runner/work/algo/algo/webapp/lambda/middleware/auth.js:277:16)
    at processTicksAndRejections (node:internal/process/task_queues:95:5)</failure>
      <failure>Error: thrown: &quot;Exceeded timeout of 30000 ms for a test.
Add a timeout value to this test to increase the timeout, if this is a long-running test. See https://jestjs.io/docs/api#testname-fn-timeout.&quot;
    at test (/home/runner/work/algo/algo/webapp/lambda/tests/integration/routes/performance-analytics.test.js:112:5)
    at _dispatchDescribe (/home/runner/work/algo/algo/webapp/lambda/node_modules/jest-circus/build/index.js:91:26)
    at describe (/home/runner/work/algo/algo/webapp/lambda/node_modules/jest-circus/build/index.js:55:5)
    at describe (/home/runner/work/algo/algo/webapp/lambda/tests/integration/routes/performance-analytics.test.js:111:3)
    at _dispatchDescribe (/home/runner/work/algo/algo/webapp/lambda/node_modules/jest-circus/build/index.js:91:26)
    at describe (/home/runner/work/algo/algo/webapp/lambda/node_modules/jest-circus/build/index.js:55:5)
    at Object.describe (/home/runner/work/algo/algo/webapp/lambda/tests/integration/routes/performance-analytics.test.js:9:1)
    at Runtime._execModule (/home/runner/work/algo/algo/webapp/lambda/node_modules/jest-runtime/build/index.js:1439:24)
    at Runtime._loadModule (/home/runner/work/algo/algo/webapp/lambda/node_modules/jest-runtime/build/index.js:1022:12)
    at Runtime.requireModule (/home/runner/work/algo/algo/webapp/lambda/node_modules/jest-runtime/build/index.js:882:12)
    at jestAdapter (/home/runner/work/algo/algo/webapp/lambda/node_modules/jest-circus/build/legacy-code-todo-rewrite/jestAdapter.js:77:13)
    at runTestInternal (/home/runner/work/algo/algo/webapp/lambda/node_modules/jest-runner/build/runTest.js:367:16)
    at runTest (/home/runner/work/algo/algo/webapp/lambda/node_modules/jest-runner/build/runTest.js:444:34)</failure>
    </testcase>
    <testcase classname="Performance Analytics API Routes › GET /api/performance-analytics/risk-metrics" name="returns comprehensive risk metrics" time="30.001">
      <failure>TypeError: Cannot read properties of undefined (reading &apos;substring&apos;)
    at substring (/home/runner/work/algo/algo/webapp/lambda/routes/performance-analytics.js:257:25)
    at Layer.handle [as handle_request] (/home/runner/work/algo/algo/webapp/lambda/node_modules/express/lib/router/layer.js:95:5)
    at next (/home/runner/work/algo/algo/webapp/lambda/node_modules/express/lib/router/route.js:149:13)
    at next (/home/runner/work/algo/algo/webapp/lambda/middleware/validation.js:298:9)
    at Layer.handle [as handle_request] (/home/runner/work/algo/algo/webapp/lambda/node_modules/express/lib/router/layer.js:95:5)
    at next (/home/runner/work/algo/algo/webapp/lambda/node_modules/express/lib/router/route.js:149:13)
    at next (/home/runner/work/algo/algo/webapp/lambda/middleware/auth.js:277:16)
    at processTicksAndRejections (node:internal/process/task_queues:95:5)</failure>
      <failure>Error: thrown: &quot;Exceeded timeout of 30000 ms for a test.
Add a timeout value to this test to increase the timeout, if this is a long-running test. See https://jestjs.io/docs/api#testname-fn-timeout.&quot;
    at test (/home/runner/work/algo/algo/webapp/lambda/tests/integration/routes/performance-analytics.test.js:130:5)
    at _dispatchDescribe (/home/runner/work/algo/algo/webapp/lambda/node_modules/jest-circus/build/index.js:91:26)
    at describe (/home/runner/work/algo/algo/webapp/lambda/node_modules/jest-circus/build/index.js:55:5)
    at describe (/home/runner/work/algo/algo/webapp/lambda/tests/integration/routes/performance-analytics.test.js:129:3)
    at _dispatchDescribe (/home/runner/work/algo/algo/webapp/lambda/node_modules/jest-circus/build/index.js:91:26)
    at describe (/home/runner/work/algo/algo/webapp/lambda/node_modules/jest-circus/build/index.js:55:5)
    at Object.describe (/home/runner/work/algo/algo/webapp/lambda/tests/integration/routes/performance-analytics.test.js:9:1)
    at Runtime._execModule (/home/runner/work/algo/algo/webapp/lambda/node_modules/jest-runtime/build/index.js:1439:24)
    at Runtime._loadModule (/home/runner/work/algo/algo/webapp/lambda/node_modules/jest-runtime/build/index.js:1022:12)
    at Runtime.requireModule (/home/runner/work/algo/algo/webapp/lambda/node_modules/jest-runtime/build/index.js:882:12)
    at jestAdapter (/home/runner/work/algo/algo/webapp/lambda/node_modules/jest-circus/build/legacy-code-todo-rewrite/jestAdapter.js:77:13)
    at runTestInternal (/home/runner/work/algo/algo/webapp/lambda/node_modules/jest-runner/build/runTest.js:367:16)
    at runTest (/home/runner/work/algo/algo/webapp/lambda/node_modules/jest-runner/build/runTest.js:444:34)</failure>
    </testcase>
    <testcase classname="Performance Analytics API Routes › GET /api/performance-analytics/sector-analysis" name="returns sector analysis" time="30.001">
      <failure>TypeError: Cannot read properties of undefined (reading &apos;substring&apos;)
    at substring (/home/runner/work/algo/algo/webapp/lambda/routes/performance-analytics.js:300:25)
    at Layer.handle [as handle_request] (/home/runner/work/algo/algo/webapp/lambda/node_modules/express/lib/router/layer.js:95:5)
    at next (/home/runner/work/algo/algo/webapp/lambda/node_modules/express/lib/router/route.js:149:13)
    at next (/home/runner/work/algo/algo/webapp/lambda/middleware/validation.js:298:9)
    at Layer.handle [as handle_request] (/home/runner/work/algo/algo/webapp/lambda/node_modules/express/lib/router/layer.js:95:5)
    at next (/home/runner/work/algo/algo/webapp/lambda/node_modules/express/lib/router/route.js:149:13)
    at next (/home/runner/work/algo/algo/webapp/lambda/middleware/auth.js:277:16)
    at processTicksAndRejections (node:internal/process/task_queues:95:5)</failure>
      <failure>Error: thrown: &quot;Exceeded timeout of 30000 ms for a test.
Add a timeout value to this test to increase the timeout, if this is a long-running test. See https://jestjs.io/docs/api#testname-fn-timeout.&quot;
    at test (/home/runner/work/algo/algo/webapp/lambda/tests/integration/routes/performance-analytics.test.js:151:5)
    at _dispatchDescribe (/home/runner/work/algo/algo/webapp/lambda/node_modules/jest-circus/build/index.js:91:26)
    at describe (/home/runner/work/algo/algo/webapp/lambda/node_modules/jest-circus/build/index.js:55:5)
    at describe (/home/runner/work/algo/algo/webapp/lambda/tests/integration/routes/performance-analytics.test.js:150:3)
    at _dispatchDescribe (/home/runner/work/algo/algo/webapp/lambda/node_modules/jest-circus/build/index.js:91:26)
    at describe (/home/runner/work/algo/algo/webapp/lambda/node_modules/jest-circus/build/index.js:55:5)
    at Object.describe (/home/runner/work/algo/algo/webapp/lambda/tests/integration/routes/performance-analytics.test.js:9:1)
    at Runtime._execModule (/home/runner/work/algo/algo/webapp/lambda/node_modules/jest-runtime/build/index.js:1439:24)
    at Runtime._loadModule (/home/runner/work/algo/algo/webapp/lambda/node_modules/jest-runtime/build/index.js:1022:12)
    at Runtime.requireModule (/home/runner/work/algo/algo/webapp/lambda/node_modules/jest-runtime/build/index.js:882:12)
    at jestAdapter (/home/runner/work/algo/algo/webapp/lambda/node_modules/jest-circus/build/legacy-code-todo-rewrite/jestAdapter.js:77:13)
    at runTestInternal (/home/runner/work/algo/algo/webapp/lambda/node_modules/jest-runner/build/runTest.js:367:16)
    at runTest (/home/runner/work/algo/algo/webapp/lambda/node_modules/jest-runner/build/runTest.js:444:34)</failure>
    </testcase>
    <testcase classname="Performance Analytics API Routes › GET /api/performance-analytics/factor-exposure" name="returns factor exposure analysis" time="30.001">
      <failure>TypeError: Cannot read properties of undefined (reading &apos;substring&apos;)
    at substring (/home/runner/work/algo/algo/webapp/lambda/routes/performance-analytics.js:343:25)
    at Layer.handle [as handle_request] (/home/runner/work/algo/algo/webapp/lambda/node_modules/express/lib/router/layer.js:95:5)
    at next (/home/runner/work/algo/algo/webapp/lambda/node_modules/express/lib/router/route.js:149:13)
    at next (/home/runner/work/algo/algo/webapp/lambda/middleware/validation.js:298:9)
    at Layer.handle [as handle_request] (/home/runner/work/algo/algo/webapp/lambda/node_modules/express/lib/router/layer.js:95:5)
    at next (/home/runner/work/algo/algo/webapp/lambda/node_modules/express/lib/router/route.js:149:13)
    at next (/home/runner/work/algo/algo/webapp/lambda/middleware/auth.js:277:16)
    at processTicksAndRejections (node:internal/process/task_queues:95:5)</failure>
      <failure>Error: thrown: &quot;Exceeded timeout of 30000 ms for a test.
Add a timeout value to this test to increase the timeout, if this is a long-running test. See https://jestjs.io/docs/api#testname-fn-timeout.&quot;
    at test (/home/runner/work/algo/algo/webapp/lambda/tests/integration/routes/performance-analytics.test.js:169:5)
    at _dispatchDescribe (/home/runner/work/algo/algo/webapp/lambda/node_modules/jest-circus/build/index.js:91:26)
    at describe (/home/runner/work/algo/algo/webapp/lambda/node_modules/jest-circus/build/index.js:55:5)
    at describe (/home/runner/work/algo/algo/webapp/lambda/tests/integration/routes/performance-analytics.test.js:168:3)
    at _dispatchDescribe (/home/runner/work/algo/algo/webapp/lambda/node_modules/jest-circus/build/index.js:91:26)
    at describe (/home/runner/work/algo/algo/webapp/lambda/node_modules/jest-circus/build/index.js:55:5)
    at Object.describe (/home/runner/work/algo/algo/webapp/lambda/tests/integration/routes/performance-analytics.test.js:9:1)
    at Runtime._execModule (/home/runner/work/algo/algo/webapp/lambda/node_modules/jest-runtime/build/index.js:1439:24)
    at Runtime._loadModule (/home/runner/work/algo/algo/webapp/lambda/node_modules/jest-runtime/build/index.js:1022:12)
    at Runtime.requireModule (/home/runner/work/algo/algo/webapp/lambda/node_modules/jest-runtime/build/index.js:882:12)
    at jestAdapter (/home/runner/work/algo/algo/webapp/lambda/node_modules/jest-circus/build/legacy-code-todo-rewrite/jestAdapter.js:77:13)
    at runTestInternal (/home/runner/work/algo/algo/webapp/lambda/node_modules/jest-runner/build/runTest.js:367:16)
    at runTest (/home/runner/work/algo/algo/webapp/lambda/node_modules/jest-runner/build/runTest.js:444:34)</failure>
    </testcase>
    <testcase classname="Performance Analytics API Routes › Error Handling" name="handles invalid date ranges" time="30">
      <failure>TypeError: Cannot read properties of undefined (reading &apos;substring&apos;)
    at substring (/home/runner/work/algo/algo/webapp/lambda/routes/performance-analytics.js:99:25)
    at Layer.handle [as handle_request] (/home/runner/work/algo/algo/webapp/lambda/node_modules/express/lib/router/layer.js:95:5)
    at next (/home/runner/work/algo/algo/webapp/lambda/node_modules/express/lib/router/route.js:149:13)
    at next (/home/runner/work/algo/algo/webapp/lambda/middleware/validation.js:298:9)
    at Layer.handle [as handle_request] (/home/runner/work/algo/algo/webapp/lambda/node_modules/express/lib/router/layer.js:95:5)
    at next (/home/runner/work/algo/algo/webapp/lambda/node_modules/express/lib/router/route.js:149:13)
    at next (/home/runner/work/algo/algo/webapp/lambda/middleware/auth.js:277:16)
    at processTicksAndRejections (node:internal/process/task_queues:95:5)</failure>
      <failure>Error: thrown: &quot;Exceeded timeout of 30000 ms for a test.
Add a timeout value to this test to increase the timeout, if this is a long-running test. See https://jestjs.io/docs/api#testname-fn-timeout.&quot;
    at test (/home/runner/work/algo/algo/webapp/lambda/tests/integration/routes/performance-analytics.test.js:187:5)
    at _dispatchDescribe (/home/runner/work/algo/algo/webapp/lambda/node_modules/jest-circus/build/index.js:91:26)
    at describe (/home/runner/work/algo/algo/webapp/lambda/node_modules/jest-circus/build/index.js:55:5)
    at describe (/home/runner/work/algo/algo/webapp/lambda/tests/integration/routes/performance-analytics.test.js:186:3)
    at _dispatchDescribe (/home/runner/work/algo/algo/webapp/lambda/node_modules/jest-circus/build/index.js:91:26)
    at describe (/home/runner/work/algo/algo/webapp/lambda/node_modules/jest-circus/build/index.js:55:5)
    at Object.describe (/home/runner/work/algo/algo/webapp/lambda/tests/integration/routes/performance-analytics.test.js:9:1)
    at Runtime._execModule (/home/runner/work/algo/algo/webapp/lambda/node_modules/jest-runtime/build/index.js:1439:24)
    at Runtime._loadModule (/home/runner/work/algo/algo/webapp/lambda/node_modules/jest-runtime/build/index.js:1022:12)
    at Runtime.requireModule (/home/runner/work/algo/algo/webapp/lambda/node_modules/jest-runtime/build/index.js:882:12)
    at jestAdapter (/home/runner/work/algo/algo/webapp/lambda/node_modules/jest-circus/build/legacy-code-todo-rewrite/jestAdapter.js:77:13)
    at runTestInternal (/home/runner/work/algo/algo/webapp/lambda/node_modules/jest-runner/build/runTest.js:367:16)
    at runTest (/home/runner/work/algo/algo/webapp/lambda/node_modules/jest-runner/build/runTest.js:444:34)</failure>
    </testcase>
    <testcase classname="Performance Analytics API Routes › Error Handling" name="handles missing required parameters" time="0.026">
      <failure>Error: expect(received).toContain(expected) // indexOf

Expected substring: &quot;required&quot;
Received string:    &quot;Validation failed&quot;
    at Object.toContain (/home/runner/work/algo/algo/webapp/lambda/tests/integration/routes/performance-analytics.test.js:206:35)
    at processTicksAndRejections (node:internal/process/task_queues:95:5)</failure>
    </testcase>
  </testsuite>
</testsuites>