<?xml version="1.0" encoding="UTF-8"?>
<testsuites name="Unit Tests" tests="413" failures="58" errors="0" time="37.429">
  <testsuite name="Risk Manager Unit Tests" errors="0" failures="11" skipped="0" timestamp="2025-07-22T18:30:03" time="2.13" tests="34">
    <testcase classname="Risk Manager Unit Tests › Service Initialization" name="initializes risk manager correctly" time="0.018">
    </testcase>
    <testcase classname="Risk Manager Unit Tests › Service Initialization" name="has default risk parameters" time="0.004">
    </testcase>
    <testcase classname="Risk Manager Unit Tests › Position Size Calculation Logic" name="handles database connection failures gracefully" time="0.137">
    </testcase>
    <testcase classname="Risk Manager Unit Tests › Position Size Calculation Logic" name="validates input parameters thoroughly" time="0.276">
    </testcase>
    <testcase classname="Risk Manager Unit Tests › Position Size Calculation Logic" name="calculates signal-based adjustments correctly" time="0.063">
    </testcase>
    <testcase classname="Risk Manager Unit Tests › Position Size Calculation Logic" name="calculates real position size mathematics" time="0.002">
    </testcase>
    <testcase classname="Risk Manager Unit Tests › Position Size Calculation Logic" name="respects maximum position size limits" time="0.033">
    </testcase>
    <testcase classname="Risk Manager Unit Tests › Position Size Calculation Logic" name="applies position size bounds correctly" time="0.002">
    </testcase>
    <testcase classname="Risk Manager Unit Tests › Position Size Calculation Logic" name="handles missing signal data gracefully" time="0.2">
    </testcase>
    <testcase classname="Risk Manager Unit Tests › Base Position Size Mathematics" name="calculates position size from risk parameters" time="0.002">
    </testcase>
    <testcase classname="Risk Manager Unit Tests › Base Position Size Mathematics" name="applies confidence-based adjustments" time="0.002">
    </testcase>
    <testcase classname="Risk Manager Unit Tests › Base Position Size Mathematics" name="applies strength-based adjustments" time="0.002">
    </testcase>
    <testcase classname="Risk Manager Unit Tests › Base Position Size Mathematics" name="enforces maximum position size bounds" time="0.002">
    </testcase>
    <testcase classname="Risk Manager Unit Tests › Volatility Adjustment" name="reduces position size for high volatility assets" time="0.002">
      <failure>ReferenceError: mockQuery is not defined
    at Object.mockQuery (/home/stocks/algo/webapp/lambda/tests/unit/risk-manager.test.js:303:7)
    at Promise.then.completed (/home/stocks/algo/webapp/lambda/node_modules/jest-circus/build/utils.js:298:28)
    at new Promise (&lt;anonymous&gt;)
    at callAsyncCircusFn (/home/stocks/algo/webapp/lambda/node_modules/jest-circus/build/utils.js:231:10)
    at _callCircusTest (/home/stocks/algo/webapp/lambda/node_modules/jest-circus/build/run.js:316:40)
    at processTicksAndRejections (node:internal/process/task_queues:95:5)
    at _runTest (/home/stocks/algo/webapp/lambda/node_modules/jest-circus/build/run.js:252:3)
    at _runTestsForDescribeBlock (/home/stocks/algo/webapp/lambda/node_modules/jest-circus/build/run.js:126:9)
    at _runTestsForDescribeBlock (/home/stocks/algo/webapp/lambda/node_modules/jest-circus/build/run.js:121:9)
    at _runTestsForDescribeBlock (/home/stocks/algo/webapp/lambda/node_modules/jest-circus/build/run.js:121:9)
    at run (/home/stocks/algo/webapp/lambda/node_modules/jest-circus/build/run.js:71:3)
    at runAndTransformResultsToJestFormat (/home/stocks/algo/webapp/lambda/node_modules/jest-circus/build/legacy-code-todo-rewrite/jestAdapterInit.js:122:21)
    at jestAdapter (/home/stocks/algo/webapp/lambda/node_modules/jest-circus/build/legacy-code-todo-rewrite/jestAdapter.js:79:19)
    at runTestInternal (/home/stocks/algo/webapp/lambda/node_modules/jest-runner/build/runTest.js:367:16)
    at runTest (/home/stocks/algo/webapp/lambda/node_modules/jest-runner/build/runTest.js:444:34)</failure>
    </testcase>
    <testcase classname="Risk Manager Unit Tests › Volatility Adjustment" name="allows larger position size for low volatility assets" time="0.002">
      <failure>ReferenceError: mockQuery is not defined
    at Object.mockQuery (/home/stocks/algo/webapp/lambda/tests/unit/risk-manager.test.js:315:7)
    at Promise.then.completed (/home/stocks/algo/webapp/lambda/node_modules/jest-circus/build/utils.js:298:28)
    at new Promise (&lt;anonymous&gt;)
    at callAsyncCircusFn (/home/stocks/algo/webapp/lambda/node_modules/jest-circus/build/utils.js:231:10)
    at _callCircusTest (/home/stocks/algo/webapp/lambda/node_modules/jest-circus/build/run.js:316:40)
    at processTicksAndRejections (node:internal/process/task_queues:95:5)
    at _runTest (/home/stocks/algo/webapp/lambda/node_modules/jest-circus/build/run.js:252:3)
    at _runTestsForDescribeBlock (/home/stocks/algo/webapp/lambda/node_modules/jest-circus/build/run.js:126:9)
    at _runTestsForDescribeBlock (/home/stocks/algo/webapp/lambda/node_modules/jest-circus/build/run.js:121:9)
    at _runTestsForDescribeBlock (/home/stocks/algo/webapp/lambda/node_modules/jest-circus/build/run.js:121:9)
    at run (/home/stocks/algo/webapp/lambda/node_modules/jest-circus/build/run.js:71:3)
    at runAndTransformResultsToJestFormat (/home/stocks/algo/webapp/lambda/node_modules/jest-circus/build/legacy-code-todo-rewrite/jestAdapterInit.js:122:21)
    at jestAdapter (/home/stocks/algo/webapp/lambda/node_modules/jest-circus/build/legacy-code-todo-rewrite/jestAdapter.js:79:19)
    at runTestInternal (/home/stocks/algo/webapp/lambda/node_modules/jest-runner/build/runTest.js:367:16)
    at runTest (/home/stocks/algo/webapp/lambda/node_modules/jest-runner/build/runTest.js:444:34)</failure>
    </testcase>
    <testcase classname="Risk Manager Unit Tests › Volatility Adjustment" name="handles missing volatility data gracefully" time="0.002">
      <failure>ReferenceError: mockQuery is not defined
    at Object.mockQuery (/home/stocks/algo/webapp/lambda/tests/unit/risk-manager.test.js:327:7)
    at Promise.then.completed (/home/stocks/algo/webapp/lambda/node_modules/jest-circus/build/utils.js:298:28)
    at new Promise (&lt;anonymous&gt;)
    at callAsyncCircusFn (/home/stocks/algo/webapp/lambda/node_modules/jest-circus/build/utils.js:231:10)
    at _callCircusTest (/home/stocks/algo/webapp/lambda/node_modules/jest-circus/build/run.js:316:40)
    at processTicksAndRejections (node:internal/process/task_queues:95:5)
    at _runTest (/home/stocks/algo/webapp/lambda/node_modules/jest-circus/build/run.js:252:3)
    at _runTestsForDescribeBlock (/home/stocks/algo/webapp/lambda/node_modules/jest-circus/build/run.js:126:9)
    at _runTestsForDescribeBlock (/home/stocks/algo/webapp/lambda/node_modules/jest-circus/build/run.js:121:9)
    at _runTestsForDescribeBlock (/home/stocks/algo/webapp/lambda/node_modules/jest-circus/build/run.js:121:9)
    at run (/home/stocks/algo/webapp/lambda/node_modules/jest-circus/build/run.js:71:3)
    at runAndTransformResultsToJestFormat (/home/stocks/algo/webapp/lambda/node_modules/jest-circus/build/legacy-code-todo-rewrite/jestAdapterInit.js:122:21)
    at jestAdapter (/home/stocks/algo/webapp/lambda/node_modules/jest-circus/build/legacy-code-todo-rewrite/jestAdapter.js:79:19)
    at runTestInternal (/home/stocks/algo/webapp/lambda/node_modules/jest-runner/build/runTest.js:367:16)
    at runTest (/home/stocks/algo/webapp/lambda/node_modules/jest-runner/build/runTest.js:444:34)</failure>
    </testcase>
    <testcase classname="Risk Manager Unit Tests › Volatility Adjustment" name="applies volatility adjustment bounds" time="0.002">
      <failure>ReferenceError: mockQuery is not defined
    at Object.mockQuery (/home/stocks/algo/webapp/lambda/tests/unit/risk-manager.test.js:344:7)
    at Promise.then.completed (/home/stocks/algo/webapp/lambda/node_modules/jest-circus/build/utils.js:298:28)
    at new Promise (&lt;anonymous&gt;)
    at callAsyncCircusFn (/home/stocks/algo/webapp/lambda/node_modules/jest-circus/build/utils.js:231:10)
    at _callCircusTest (/home/stocks/algo/webapp/lambda/node_modules/jest-circus/build/run.js:316:40)
    at processTicksAndRejections (node:internal/process/task_queues:95:5)
    at _runTest (/home/stocks/algo/webapp/lambda/node_modules/jest-circus/build/run.js:252:3)
    at _runTestsForDescribeBlock (/home/stocks/algo/webapp/lambda/node_modules/jest-circus/build/run.js:126:9)
    at _runTestsForDescribeBlock (/home/stocks/algo/webapp/lambda/node_modules/jest-circus/build/run.js:121:9)
    at _runTestsForDescribeBlock (/home/stocks/algo/webapp/lambda/node_modules/jest-circus/build/run.js:121:9)
    at run (/home/stocks/algo/webapp/lambda/node_modules/jest-circus/build/run.js:71:3)
    at runAndTransformResultsToJestFormat (/home/stocks/algo/webapp/lambda/node_modules/jest-circus/build/legacy-code-todo-rewrite/jestAdapterInit.js:122:21)
    at jestAdapter (/home/stocks/algo/webapp/lambda/node_modules/jest-circus/build/legacy-code-todo-rewrite/jestAdapter.js:79:19)
    at runTestInternal (/home/stocks/algo/webapp/lambda/node_modules/jest-runner/build/runTest.js:367:16)
    at runTest (/home/stocks/algo/webapp/lambda/node_modules/jest-runner/build/runTest.js:444:34)</failure>
    </testcase>
    <testcase classname="Risk Manager Unit Tests › Portfolio Risk Assessment" name="calculates comprehensive risk metrics" time="0.003">
      <failure>ReferenceError: mockQuery is not defined
    at Object.mockQuery (/home/stocks/algo/webapp/lambda/tests/unit/risk-manager.test.js:370:7)
    at Promise.then.completed (/home/stocks/algo/webapp/lambda/node_modules/jest-circus/build/utils.js:298:28)
    at new Promise (&lt;anonymous&gt;)
    at callAsyncCircusFn (/home/stocks/algo/webapp/lambda/node_modules/jest-circus/build/utils.js:231:10)
    at _callCircusTest (/home/stocks/algo/webapp/lambda/node_modules/jest-circus/build/run.js:316:40)
    at processTicksAndRejections (node:internal/process/task_queues:95:5)
    at _runTest (/home/stocks/algo/webapp/lambda/node_modules/jest-circus/build/run.js:252:3)
    at _runTestsForDescribeBlock (/home/stocks/algo/webapp/lambda/node_modules/jest-circus/build/run.js:126:9)
    at _runTestsForDescribeBlock (/home/stocks/algo/webapp/lambda/node_modules/jest-circus/build/run.js:121:9)
    at _runTestsForDescribeBlock (/home/stocks/algo/webapp/lambda/node_modules/jest-circus/build/run.js:121:9)
    at run (/home/stocks/algo/webapp/lambda/node_modules/jest-circus/build/run.js:71:3)
    at runAndTransformResultsToJestFormat (/home/stocks/algo/webapp/lambda/node_modules/jest-circus/build/legacy-code-todo-rewrite/jestAdapterInit.js:122:21)
    at jestAdapter (/home/stocks/algo/webapp/lambda/node_modules/jest-circus/build/legacy-code-todo-rewrite/jestAdapter.js:79:19)
    at runTestInternal (/home/stocks/algo/webapp/lambda/node_modules/jest-runner/build/runTest.js:367:16)
    at runTest (/home/stocks/algo/webapp/lambda/node_modules/jest-runner/build/runTest.js:444:34)</failure>
    </testcase>
    <testcase classname="Risk Manager Unit Tests › Portfolio Risk Assessment" name="identifies high concentration risk" time="0.012">
    </testcase>
    <testcase classname="Risk Manager Unit Tests › Portfolio Risk Assessment" name="identifies high correlation risk" time="0.001">
      <failure>ReferenceError: mockQuery is not defined
    at Object.mockQuery (/home/stocks/algo/webapp/lambda/tests/unit/risk-manager.test.js:423:7)
    at Promise.then.completed (/home/stocks/algo/webapp/lambda/node_modules/jest-circus/build/utils.js:298:28)
    at new Promise (&lt;anonymous&gt;)
    at callAsyncCircusFn (/home/stocks/algo/webapp/lambda/node_modules/jest-circus/build/utils.js:231:10)
    at _callCircusTest (/home/stocks/algo/webapp/lambda/node_modules/jest-circus/build/run.js:316:40)
    at processTicksAndRejections (node:internal/process/task_queues:95:5)
    at _runTest (/home/stocks/algo/webapp/lambda/node_modules/jest-circus/build/run.js:252:3)
    at _runTestsForDescribeBlock (/home/stocks/algo/webapp/lambda/node_modules/jest-circus/build/run.js:126:9)
    at _runTestsForDescribeBlock (/home/stocks/algo/webapp/lambda/node_modules/jest-circus/build/run.js:121:9)
    at _runTestsForDescribeBlock (/home/stocks/algo/webapp/lambda/node_modules/jest-circus/build/run.js:121:9)
    at run (/home/stocks/algo/webapp/lambda/node_modules/jest-circus/build/run.js:71:3)
    at runAndTransformResultsToJestFormat (/home/stocks/algo/webapp/lambda/node_modules/jest-circus/build/legacy-code-todo-rewrite/jestAdapterInit.js:122:21)
    at jestAdapter (/home/stocks/algo/webapp/lambda/node_modules/jest-circus/build/legacy-code-todo-rewrite/jestAdapter.js:79:19)
    at runTestInternal (/home/stocks/algo/webapp/lambda/node_modules/jest-runner/build/runTest.js:367:16)
    at runTest (/home/stocks/algo/webapp/lambda/node_modules/jest-runner/build/runTest.js:444:34)</failure>
    </testcase>
    <testcase classname="Risk Manager Unit Tests › Concentration Limits" name="applies concentration limits correctly" time="0.002">
    </testcase>
    <testcase classname="Risk Manager Unit Tests › Concentration Limits" name="allows position when concentration is within limits" time="0.002">
    </testcase>
    <testcase classname="Risk Manager Unit Tests › Concentration Limits" name="handles new positions correctly" time="0.001">
    </testcase>
    <testcase classname="Risk Manager Unit Tests › Sector Limits" name="applies sector concentration limits" time="0.003">
      <failure>ReferenceError: mockQuery is not defined
    at Object.mockQuery (/home/stocks/algo/webapp/lambda/tests/unit/risk-manager.test.js:499:7)
    at Promise.then.completed (/home/stocks/algo/webapp/lambda/node_modules/jest-circus/build/utils.js:298:28)
    at new Promise (&lt;anonymous&gt;)
    at callAsyncCircusFn (/home/stocks/algo/webapp/lambda/node_modules/jest-circus/build/utils.js:231:10)
    at _callCircusHook (/home/stocks/algo/webapp/lambda/node_modules/jest-circus/build/run.js:281:40)
    at processTicksAndRejections (node:internal/process/task_queues:95:5)
    at _runTest (/home/stocks/algo/webapp/lambda/node_modules/jest-circus/build/run.js:246:5)
    at _runTestsForDescribeBlock (/home/stocks/algo/webapp/lambda/node_modules/jest-circus/build/run.js:126:9)
    at _runTestsForDescribeBlock (/home/stocks/algo/webapp/lambda/node_modules/jest-circus/build/run.js:121:9)
    at _runTestsForDescribeBlock (/home/stocks/algo/webapp/lambda/node_modules/jest-circus/build/run.js:121:9)
    at run (/home/stocks/algo/webapp/lambda/node_modules/jest-circus/build/run.js:71:3)
    at runAndTransformResultsToJestFormat (/home/stocks/algo/webapp/lambda/node_modules/jest-circus/build/legacy-code-todo-rewrite/jestAdapterInit.js:122:21)
    at jestAdapter (/home/stocks/algo/webapp/lambda/node_modules/jest-circus/build/legacy-code-todo-rewrite/jestAdapter.js:79:19)
    at runTestInternal (/home/stocks/algo/webapp/lambda/node_modules/jest-runner/build/runTest.js:367:16)
    at runTest (/home/stocks/algo/webapp/lambda/node_modules/jest-runner/build/runTest.js:444:34)</failure>
    </testcase>
    <testcase classname="Risk Manager Unit Tests › Sector Limits" name="allows position in underweight sectors" time="0.002">
      <failure>ReferenceError: mockQuery is not defined
    at Object.mockQuery (/home/stocks/algo/webapp/lambda/tests/unit/risk-manager.test.js:499:7)
    at Promise.then.completed (/home/stocks/algo/webapp/lambda/node_modules/jest-circus/build/utils.js:298:28)
    at new Promise (&lt;anonymous&gt;)
    at callAsyncCircusFn (/home/stocks/algo/webapp/lambda/node_modules/jest-circus/build/utils.js:231:10)
    at _callCircusHook (/home/stocks/algo/webapp/lambda/node_modules/jest-circus/build/run.js:281:40)
    at processTicksAndRejections (node:internal/process/task_queues:95:5)
    at _runTest (/home/stocks/algo/webapp/lambda/node_modules/jest-circus/build/run.js:246:5)
    at _runTestsForDescribeBlock (/home/stocks/algo/webapp/lambda/node_modules/jest-circus/build/run.js:126:9)
    at _runTestsForDescribeBlock (/home/stocks/algo/webapp/lambda/node_modules/jest-circus/build/run.js:121:9)
    at _runTestsForDescribeBlock (/home/stocks/algo/webapp/lambda/node_modules/jest-circus/build/run.js:121:9)
    at run (/home/stocks/algo/webapp/lambda/node_modules/jest-circus/build/run.js:71:3)
    at runAndTransformResultsToJestFormat (/home/stocks/algo/webapp/lambda/node_modules/jest-circus/build/legacy-code-todo-rewrite/jestAdapterInit.js:122:21)
    at jestAdapter (/home/stocks/algo/webapp/lambda/node_modules/jest-circus/build/legacy-code-todo-rewrite/jestAdapter.js:79:19)
    at runTestInternal (/home/stocks/algo/webapp/lambda/node_modules/jest-runner/build/runTest.js:367:16)
    at runTest (/home/stocks/algo/webapp/lambda/node_modules/jest-runner/build/runTest.js:444:34)</failure>
    </testcase>
    <testcase classname="Risk Manager Unit Tests › Risk Recommendation Generation" name="generates conservative recommendation for high risk" time="0.002">
    </testcase>
    <testcase classname="Risk Manager Unit Tests › Risk Recommendation Generation" name="generates positive recommendation for low risk" time="0.002">
    </testcase>
    <testcase classname="Risk Manager Unit Tests › Risk Recommendation Generation" name="provides actionable recommendations" time="0.001">
    </testcase>
    <testcase classname="Risk Manager Unit Tests › Error Handling" name="handles database errors gracefully" time="0.001">
      <failure>ReferenceError: mockQuery is not defined
    at Object.mockQuery (/home/stocks/algo/webapp/lambda/tests/unit/risk-manager.test.js:606:7)
    at Promise.then.completed (/home/stocks/algo/webapp/lambda/node_modules/jest-circus/build/utils.js:298:28)
    at new Promise (&lt;anonymous&gt;)
    at callAsyncCircusFn (/home/stocks/algo/webapp/lambda/node_modules/jest-circus/build/utils.js:231:10)
    at _callCircusTest (/home/stocks/algo/webapp/lambda/node_modules/jest-circus/build/run.js:316:40)
    at processTicksAndRejections (node:internal/process/task_queues:95:5)
    at _runTest (/home/stocks/algo/webapp/lambda/node_modules/jest-circus/build/run.js:252:3)
    at _runTestsForDescribeBlock (/home/stocks/algo/webapp/lambda/node_modules/jest-circus/build/run.js:126:9)
    at _runTestsForDescribeBlock (/home/stocks/algo/webapp/lambda/node_modules/jest-circus/build/run.js:121:9)
    at _runTestsForDescribeBlock (/home/stocks/algo/webapp/lambda/node_modules/jest-circus/build/run.js:121:9)
    at run (/home/stocks/algo/webapp/lambda/node_modules/jest-circus/build/run.js:71:3)
    at runAndTransformResultsToJestFormat (/home/stocks/algo/webapp/lambda/node_modules/jest-circus/build/legacy-code-todo-rewrite/jestAdapterInit.js:122:21)
    at jestAdapter (/home/stocks/algo/webapp/lambda/node_modules/jest-circus/build/legacy-code-todo-rewrite/jestAdapter.js:79:19)
    at runTestInternal (/home/stocks/algo/webapp/lambda/node_modules/jest-runner/build/runTest.js:367:16)
    at runTest (/home/stocks/algo/webapp/lambda/node_modules/jest-runner/build/runTest.js:444:34)</failure>
    </testcase>
    <testcase classname="Risk Manager Unit Tests › Error Handling" name="handles invalid volatility data" time="0.002">
      <failure>ReferenceError: mockQuery is not defined
    at Object.mockQuery (/home/stocks/algo/webapp/lambda/tests/unit/risk-manager.test.js:627:7)
    at Promise.then.completed (/home/stocks/algo/webapp/lambda/node_modules/jest-circus/build/utils.js:298:28)
    at new Promise (&lt;anonymous&gt;)
    at callAsyncCircusFn (/home/stocks/algo/webapp/lambda/node_modules/jest-circus/build/utils.js:231:10)
    at _callCircusTest (/home/stocks/algo/webapp/lambda/node_modules/jest-circus/build/run.js:316:40)
    at processTicksAndRejections (node:internal/process/task_queues:95:5)
    at _runTest (/home/stocks/algo/webapp/lambda/node_modules/jest-circus/build/run.js:252:3)
    at _runTestsForDescribeBlock (/home/stocks/algo/webapp/lambda/node_modules/jest-circus/build/run.js:126:9)
    at _runTestsForDescribeBlock (/home/stocks/algo/webapp/lambda/node_modules/jest-circus/build/run.js:121:9)
    at _runTestsForDescribeBlock (/home/stocks/algo/webapp/lambda/node_modules/jest-circus/build/run.js:121:9)
    at run (/home/stocks/algo/webapp/lambda/node_modules/jest-circus/build/run.js:71:3)
    at runAndTransformResultsToJestFormat (/home/stocks/algo/webapp/lambda/node_modules/jest-circus/build/legacy-code-todo-rewrite/jestAdapterInit.js:122:21)
    at jestAdapter (/home/stocks/algo/webapp/lambda/node_modules/jest-circus/build/legacy-code-todo-rewrite/jestAdapter.js:79:19)
    at runTestInternal (/home/stocks/algo/webapp/lambda/node_modules/jest-runner/build/runTest.js:367:16)
    at runTest (/home/stocks/algo/webapp/lambda/node_modules/jest-runner/build/runTest.js:444:34)</failure>
    </testcase>
    <testcase classname="Risk Manager Unit Tests › Error Handling" name="handles empty portfolio composition" time="0.002">
      <failure>ReferenceError: mockQuery is not defined
    at Object.mockQuery (/home/stocks/algo/webapp/lambda/tests/unit/risk-manager.test.js:637:7)
    at Promise.then.completed (/home/stocks/algo/webapp/lambda/node_modules/jest-circus/build/utils.js:298:28)
    at new Promise (&lt;anonymous&gt;)
    at callAsyncCircusFn (/home/stocks/algo/webapp/lambda/node_modules/jest-circus/build/utils.js:231:10)
    at _callCircusTest (/home/stocks/algo/webapp/lambda/node_modules/jest-circus/build/run.js:316:40)
    at processTicksAndRejections (node:internal/process/task_queues:95:5)
    at _runTest (/home/stocks/algo/webapp/lambda/node_modules/jest-circus/build/run.js:252:3)
    at _runTestsForDescribeBlock (/home/stocks/algo/webapp/lambda/node_modules/jest-circus/build/run.js:126:9)
    at _runTestsForDescribeBlock (/home/stocks/algo/webapp/lambda/node_modules/jest-circus/build/run.js:121:9)
    at _runTestsForDescribeBlock (/home/stocks/algo/webapp/lambda/node_modules/jest-circus/build/run.js:121:9)
    at run (/home/stocks/algo/webapp/lambda/node_modules/jest-circus/build/run.js:71:3)
    at runAndTransformResultsToJestFormat (/home/stocks/algo/webapp/lambda/node_modules/jest-circus/build/legacy-code-todo-rewrite/jestAdapterInit.js:122:21)
    at jestAdapter (/home/stocks/algo/webapp/lambda/node_modules/jest-circus/build/legacy-code-todo-rewrite/jestAdapter.js:79:19)
    at runTestInternal (/home/stocks/algo/webapp/lambda/node_modules/jest-runner/build/runTest.js:367:16)
    at runTest (/home/stocks/algo/webapp/lambda/node_modules/jest-runner/build/runTest.js:444:34)</failure>
    </testcase>
    <testcase classname="Risk Manager Unit Tests › Performance and Edge Cases" name="completes position sizing calculation within reasonable time" time="0.03">
    </testcase>
    <testcase classname="Risk Manager Unit Tests › Performance and Edge Cases" name="handles very small portfolio values" time="0.032">
    </testcase>
    <testcase classname="Risk Manager Unit Tests › Performance and Edge Cases" name="handles very large portfolio values" time="0.032">
    </testcase>
  </testsuite>
  <testsuite name="Portfolio Service Pure Unit Tests" errors="0" failures="1" skipped="0" timestamp="2025-07-22T18:30:05" time="1.146" tests="11">
    <testcase classname="Portfolio Service Pure Unit Tests › Service Initialization" name="should initialize without AlpacaService API keys" time="0.004">
    </testcase>
    <testcase classname="Portfolio Service Pure Unit Tests › Service Initialization" name="should initialize AlpacaService on demand" time="0.003">
    </testcase>
    <testcase classname="Portfolio Service Pure Unit Tests › Service Initialization" name="should not initialize AlpacaService without API keys" time="0.004">
    </testcase>
    <testcase classname="Portfolio Service Pure Unit Tests › Database Operations (Mocked)" name="should retrieve user portfolio with mocked database" time="0.003">
    </testcase>
    <testcase classname="Portfolio Service Pure Unit Tests › Database Operations (Mocked)" name="should update portfolio holdings with mocked database" time="0.004">
    </testcase>
    <testcase classname="Portfolio Service Pure Unit Tests › Database Operations (Mocked)" name="should save portfolio metadata with mocked database" time="0.002">
    </testcase>
    <testcase classname="Portfolio Service Pure Unit Tests › Database Operations (Mocked)" name="should return health check status" time="0.002">
    </testcase>
    <testcase classname="Portfolio Service Pure Unit Tests › AlpacaService Integration" name="should sync portfolio from broker with valid API keys" time="0.024">
      <failure>Error: Failed to sync portfolio from broker: alpacaService.getPositions is not a function
    at PortfolioService.syncPortfolioFromBroker (/home/stocks/algo/webapp/lambda/services/portfolioService.js:336:13)
    at Object.&lt;anonymous&gt; (/home/stocks/algo/webapp/lambda/tests/unit/portfolio-service-unit.test.js:202:22)</failure>
    </testcase>
    <testcase classname="Portfolio Service Pure Unit Tests › AlpacaService Integration" name="should fail to sync portfolio without API keys" time="0.003">
    </testcase>
    <testcase classname="Portfolio Service Pure Unit Tests › Error Handling" name="should handle database errors gracefully" time="0.005">
    </testcase>
    <testcase classname="Portfolio Service Pure Unit Tests › Error Handling" name="should handle transaction errors gracefully" time="0.004">
    </testcase>
  </testsuite>
  <testsuite name="Optimization Engine Unit Tests" errors="0" failures="28" skipped="0" timestamp="2025-07-22T18:30:06" time="1.296" tests="36">
    <testcase classname="Optimization Engine Unit Tests › Service Initialization" name="initializes with default risk-free rate" time="0.004">
    </testcase>
    <testcase classname="Optimization Engine Unit Tests › Service Initialization" name="has all required methods" time="0.002">
    </testcase>
    <testcase classname="Optimization Engine Unit Tests › Current Portfolio Retrieval" name="retrieves portfolio from database successfully" time="0.021">
    </testcase>
    <testcase classname="Optimization Engine Unit Tests › Current Portfolio Retrieval" name="returns demo portfolio when database query fails" time="0.01">
    </testcase>
    <testcase classname="Optimization Engine Unit Tests › Current Portfolio Retrieval" name="returns demo portfolio when no holdings found" time="0.008">
    </testcase>
    <testcase classname="Optimization Engine Unit Tests › Current Portfolio Retrieval" name="calculates portfolio weights correctly" time="0.007">
    </testcase>
    <testcase classname="Optimization Engine Unit Tests › Demo Portfolio" name="generates consistent demo portfolio" time="0.003">
    </testcase>
    <testcase classname="Optimization Engine Unit Tests › Demo Portfolio" name="demo portfolio weights sum to 1" time="0.002">
    </testcase>
    <testcase classname="Optimization Engine Unit Tests › Optimization Universe" name="creates universe from current holdings" time="0.003">
      <failure>Error: expect(received).toBe(expected) // Object.is equality

Expected: true
Received: false
    at Object.toBe (/home/stocks/algo/webapp/lambda/tests/unit/optimization-engine.test.js:102:39)
    at Promise.then.completed (/home/stocks/algo/webapp/lambda/node_modules/jest-circus/build/utils.js:298:28)
    at new Promise (&lt;anonymous&gt;)
    at callAsyncCircusFn (/home/stocks/algo/webapp/lambda/node_modules/jest-circus/build/utils.js:231:10)
    at _callCircusTest (/home/stocks/algo/webapp/lambda/node_modules/jest-circus/build/run.js:316:40)
    at processTicksAndRejections (node:internal/process/task_queues:95:5)
    at _runTest (/home/stocks/algo/webapp/lambda/node_modules/jest-circus/build/run.js:252:3)
    at _runTestsForDescribeBlock (/home/stocks/algo/webapp/lambda/node_modules/jest-circus/build/run.js:126:9)
    at _runTestsForDescribeBlock (/home/stocks/algo/webapp/lambda/node_modules/jest-circus/build/run.js:121:9)
    at _runTestsForDescribeBlock (/home/stocks/algo/webapp/lambda/node_modules/jest-circus/build/run.js:121:9)
    at run (/home/stocks/algo/webapp/lambda/node_modules/jest-circus/build/run.js:71:3)
    at runAndTransformResultsToJestFormat (/home/stocks/algo/webapp/lambda/node_modules/jest-circus/build/legacy-code-todo-rewrite/jestAdapterInit.js:122:21)
    at jestAdapter (/home/stocks/algo/webapp/lambda/node_modules/jest-circus/build/legacy-code-todo-rewrite/jestAdapter.js:79:19)
    at runTestInternal (/home/stocks/algo/webapp/lambda/node_modules/jest-runner/build/runTest.js:367:16)
    at runTest (/home/stocks/algo/webapp/lambda/node_modules/jest-runner/build/runTest.js:444:34)</failure>
    </testcase>
    <testcase classname="Optimization Engine Unit Tests › Optimization Universe" name="includes additional assets for diversification" time="0.002">
      <failure>Error: expect(received).toBeGreaterThan(expected)

Matcher error: received value must be a number or bigint

Received has value: undefined
    at Object.toBeGreaterThan (/home/stocks/algo/webapp/lambda/tests/unit/optimization-engine.test.js:116:31)
    at Promise.then.completed (/home/stocks/algo/webapp/lambda/node_modules/jest-circus/build/utils.js:298:28)
    at new Promise (&lt;anonymous&gt;)
    at callAsyncCircusFn (/home/stocks/algo/webapp/lambda/node_modules/jest-circus/build/utils.js:231:10)
    at _callCircusTest (/home/stocks/algo/webapp/lambda/node_modules/jest-circus/build/run.js:316:40)
    at processTicksAndRejections (node:internal/process/task_queues:95:5)
    at _runTest (/home/stocks/algo/webapp/lambda/node_modules/jest-circus/build/run.js:252:3)
    at _runTestsForDescribeBlock (/home/stocks/algo/webapp/lambda/node_modules/jest-circus/build/run.js:126:9)
    at _runTestsForDescribeBlock (/home/stocks/algo/webapp/lambda/node_modules/jest-circus/build/run.js:121:9)
    at _runTestsForDescribeBlock (/home/stocks/algo/webapp/lambda/node_modules/jest-circus/build/run.js:121:9)
    at run (/home/stocks/algo/webapp/lambda/node_modules/jest-circus/build/run.js:71:3)
    at runAndTransformResultsToJestFormat (/home/stocks/algo/webapp/lambda/node_modules/jest-circus/build/legacy-code-todo-rewrite/jestAdapterInit.js:122:21)
    at jestAdapter (/home/stocks/algo/webapp/lambda/node_modules/jest-circus/build/legacy-code-todo-rewrite/jestAdapter.js:79:19)
    at runTestInternal (/home/stocks/algo/webapp/lambda/node_modules/jest-runner/build/runTest.js:367:16)
    at runTest (/home/stocks/algo/webapp/lambda/node_modules/jest-runner/build/runTest.js:444:34)</failure>
    </testcase>
    <testcase classname="Optimization Engine Unit Tests › Optimization Universe" name="respects include and exclude assets" time="0.002">
      <failure>Error: expect(received).toContain(expected) // indexOf

Expected value:  &quot;MSFT&quot;
Received object: {Symbol(async_id_symbol): 25122, Symbol(trigger_async_id_symbol): 25110}
    at toContain (/home/stocks/algo/webapp/lambda/tests/unit/optimization-engine.test.js:132:26)
    at Array.forEach (&lt;anonymous&gt;)
    at Object.forEach (/home/stocks/algo/webapp/lambda/tests/unit/optimization-engine.test.js:131:21)
    at Promise.then.completed (/home/stocks/algo/webapp/lambda/node_modules/jest-circus/build/utils.js:298:28)
    at new Promise (&lt;anonymous&gt;)
    at callAsyncCircusFn (/home/stocks/algo/webapp/lambda/node_modules/jest-circus/build/utils.js:231:10)
    at _callCircusTest (/home/stocks/algo/webapp/lambda/node_modules/jest-circus/build/run.js:316:40)
    at processTicksAndRejections (node:internal/process/task_queues:95:5)
    at _runTest (/home/stocks/algo/webapp/lambda/node_modules/jest-circus/build/run.js:252:3)
    at _runTestsForDescribeBlock (/home/stocks/algo/webapp/lambda/node_modules/jest-circus/build/run.js:126:9)
    at _runTestsForDescribeBlock (/home/stocks/algo/webapp/lambda/node_modules/jest-circus/build/run.js:121:9)
    at _runTestsForDescribeBlock (/home/stocks/algo/webapp/lambda/node_modules/jest-circus/build/run.js:121:9)
    at run (/home/stocks/algo/webapp/lambda/node_modules/jest-circus/build/run.js:71:3)
    at runAndTransformResultsToJestFormat (/home/stocks/algo/webapp/lambda/node_modules/jest-circus/build/legacy-code-todo-rewrite/jestAdapterInit.js:122:21)
    at jestAdapter (/home/stocks/algo/webapp/lambda/node_modules/jest-circus/build/legacy-code-todo-rewrite/jestAdapter.js:79:19)
    at runTestInternal (/home/stocks/algo/webapp/lambda/node_modules/jest-runner/build/runTest.js:367:16)
    at runTest (/home/stocks/algo/webapp/lambda/node_modules/jest-runner/build/runTest.js:444:34)</failure>
    </testcase>
    <testcase classname="Optimization Engine Unit Tests › Optimization Universe" name="limits universe size to 20 assets" time="0.003">
      <failure>Error: expect(received).toBeLessThanOrEqual(expected)

Matcher error: received value must be a number or bigint

Received has value: undefined
    at Object.toBeLessThanOrEqual (/home/stocks/algo/webapp/lambda/tests/unit/optimization-engine.test.js:149:31)
    at Promise.then.completed (/home/stocks/algo/webapp/lambda/node_modules/jest-circus/build/utils.js:298:28)
    at new Promise (&lt;anonymous&gt;)
    at callAsyncCircusFn (/home/stocks/algo/webapp/lambda/node_modules/jest-circus/build/utils.js:231:10)
    at _callCircusTest (/home/stocks/algo/webapp/lambda/node_modules/jest-circus/build/run.js:316:40)
    at processTicksAndRejections (node:internal/process/task_queues:95:5)
    at _runTest (/home/stocks/algo/webapp/lambda/node_modules/jest-circus/build/run.js:252:3)
    at _runTestsForDescribeBlock (/home/stocks/algo/webapp/lambda/node_modules/jest-circus/build/run.js:126:9)
    at _runTestsForDescribeBlock (/home/stocks/algo/webapp/lambda/node_modules/jest-circus/build/run.js:121:9)
    at _runTestsForDescribeBlock (/home/stocks/algo/webapp/lambda/node_modules/jest-circus/build/run.js:121:9)
    at run (/home/stocks/algo/webapp/lambda/node_modules/jest-circus/build/run.js:71:3)
    at runAndTransformResultsToJestFormat (/home/stocks/algo/webapp/lambda/node_modules/jest-circus/build/legacy-code-todo-rewrite/jestAdapterInit.js:122:21)
    at jestAdapter (/home/stocks/algo/webapp/lambda/node_modules/jest-circus/build/legacy-code-todo-rewrite/jestAdapter.js:79:19)
    at runTestInternal (/home/stocks/algo/webapp/lambda/node_modules/jest-runner/build/runTest.js:367:16)
    at runTest (/home/stocks/algo/webapp/lambda/node_modules/jest-runner/build/runTest.js:444:34)</failure>
    </testcase>
    <testcase classname="Optimization Engine Unit Tests › Historical Price Data" name="generates mock price data for symbols" time="0.002">
      <failure>Error: expect(received).toBe(expected) // Object.is equality

Expected: 252
Received: 0
    at Object.toBe (/home/stocks/algo/webapp/lambda/tests/unit/optimization-engine.test.js:159:32)
    at Promise.then.completed (/home/stocks/algo/webapp/lambda/node_modules/jest-circus/build/utils.js:298:28)
    at new Promise (&lt;anonymous&gt;)
    at callAsyncCircusFn (/home/stocks/algo/webapp/lambda/node_modules/jest-circus/build/utils.js:231:10)
    at _callCircusTest (/home/stocks/algo/webapp/lambda/node_modules/jest-circus/build/run.js:316:40)
    at processTicksAndRejections (node:internal/process/task_queues:95:5)
    at _runTest (/home/stocks/algo/webapp/lambda/node_modules/jest-circus/build/run.js:252:3)
    at _runTestsForDescribeBlock (/home/stocks/algo/webapp/lambda/node_modules/jest-circus/build/run.js:126:9)
    at _runTestsForDescribeBlock (/home/stocks/algo/webapp/lambda/node_modules/jest-circus/build/run.js:121:9)
    at _runTestsForDescribeBlock (/home/stocks/algo/webapp/lambda/node_modules/jest-circus/build/run.js:121:9)
    at run (/home/stocks/algo/webapp/lambda/node_modules/jest-circus/build/run.js:71:3)
    at runAndTransformResultsToJestFormat (/home/stocks/algo/webapp/lambda/node_modules/jest-circus/build/legacy-code-todo-rewrite/jestAdapterInit.js:122:21)
    at jestAdapter (/home/stocks/algo/webapp/lambda/node_modules/jest-circus/build/legacy-code-todo-rewrite/jestAdapter.js:79:19)
    at runTestInternal (/home/stocks/algo/webapp/lambda/node_modules/jest-runner/build/runTest.js:367:16)
    at runTest (/home/stocks/algo/webapp/lambda/node_modules/jest-runner/build/runTest.js:444:34)</failure>
    </testcase>
    <testcase classname="Optimization Engine Unit Tests › Historical Price Data" name="generates realistic price movements" time="0.002">
      <failure>TypeError: Cannot read properties of undefined (reading &apos;AAPL&apos;)
    at Object.AAPL (/home/stocks/algo/webapp/lambda/tests/unit/optimization-engine.test.js:171:41)
    at Promise.then.completed (/home/stocks/algo/webapp/lambda/node_modules/jest-circus/build/utils.js:298:28)
    at new Promise (&lt;anonymous&gt;)
    at callAsyncCircusFn (/home/stocks/algo/webapp/lambda/node_modules/jest-circus/build/utils.js:231:10)
    at _callCircusTest (/home/stocks/algo/webapp/lambda/node_modules/jest-circus/build/run.js:316:40)
    at processTicksAndRejections (node:internal/process/task_queues:95:5)
    at _runTest (/home/stocks/algo/webapp/lambda/node_modules/jest-circus/build/run.js:252:3)
    at _runTestsForDescribeBlock (/home/stocks/algo/webapp/lambda/node_modules/jest-circus/build/run.js:126:9)
    at _runTestsForDescribeBlock (/home/stocks/algo/webapp/lambda/node_modules/jest-circus/build/run.js:121:9)
    at _runTestsForDescribeBlock (/home/stocks/algo/webapp/lambda/node_modules/jest-circus/build/run.js:121:9)
    at run (/home/stocks/algo/webapp/lambda/node_modules/jest-circus/build/run.js:71:3)
    at runAndTransformResultsToJestFormat (/home/stocks/algo/webapp/lambda/node_modules/jest-circus/build/legacy-code-todo-rewrite/jestAdapterInit.js:122:21)
    at jestAdapter (/home/stocks/algo/webapp/lambda/node_modules/jest-circus/build/legacy-code-todo-rewrite/jestAdapter.js:79:19)
    at runTestInternal (/home/stocks/algo/webapp/lambda/node_modules/jest-runner/build/runTest.js:367:16)
    at runTest (/home/stocks/algo/webapp/lambda/node_modules/jest-runner/build/runTest.js:444:34)</failure>
    </testcase>
    <testcase classname="Optimization Engine Unit Tests › Returns Matrix Calculation" name="calculates returns matrix from price data" time="0.002">
      <failure>Error: expect(received).toBe(expected) // Object.is equality

Expected: true
Received: false
    at Object.toBe (/home/stocks/algo/webapp/lambda/tests/unit/optimization-engine.test.js:190:38)
    at Promise.then.completed (/home/stocks/algo/webapp/lambda/node_modules/jest-circus/build/utils.js:298:28)
    at new Promise (&lt;anonymous&gt;)
    at callAsyncCircusFn (/home/stocks/algo/webapp/lambda/node_modules/jest-circus/build/utils.js:231:10)
    at _callCircusTest (/home/stocks/algo/webapp/lambda/node_modules/jest-circus/build/run.js:316:40)
    at processTicksAndRejections (node:internal/process/task_queues:95:5)
    at _runTest (/home/stocks/algo/webapp/lambda/node_modules/jest-circus/build/run.js:252:3)
    at _runTestsForDescribeBlock (/home/stocks/algo/webapp/lambda/node_modules/jest-circus/build/run.js:126:9)
    at _runTestsForDescribeBlock (/home/stocks/algo/webapp/lambda/node_modules/jest-circus/build/run.js:121:9)
    at _runTestsForDescribeBlock (/home/stocks/algo/webapp/lambda/node_modules/jest-circus/build/run.js:121:9)
    at run (/home/stocks/algo/webapp/lambda/node_modules/jest-circus/build/run.js:71:3)
    at runAndTransformResultsToJestFormat (/home/stocks/algo/webapp/lambda/node_modules/jest-circus/build/legacy-code-todo-rewrite/jestAdapterInit.js:122:21)
    at jestAdapter (/home/stocks/algo/webapp/lambda/node_modules/jest-circus/build/legacy-code-todo-rewrite/jestAdapter.js:79:19)
    at runTestInternal (/home/stocks/algo/webapp/lambda/node_modules/jest-runner/build/runTest.js:367:16)
    at runTest (/home/stocks/algo/webapp/lambda/node_modules/jest-runner/build/runTest.js:444:34)</failure>
    </testcase>
    <testcase classname="Optimization Engine Unit Tests › Returns Matrix Calculation" name="handles empty price data" time="0.003">
      <failure>Error: expect(received).toBe(expected) // Object.is equality

Expected: true
Received: false
    at Object.toBe (/home/stocks/algo/webapp/lambda/tests/unit/optimization-engine.test.js:201:38)
    at Promise.then.completed (/home/stocks/algo/webapp/lambda/node_modules/jest-circus/build/utils.js:298:28)
    at new Promise (&lt;anonymous&gt;)
    at callAsyncCircusFn (/home/stocks/algo/webapp/lambda/node_modules/jest-circus/build/utils.js:231:10)
    at _callCircusTest (/home/stocks/algo/webapp/lambda/node_modules/jest-circus/build/run.js:316:40)
    at processTicksAndRejections (node:internal/process/task_queues:95:5)
    at _runTest (/home/stocks/algo/webapp/lambda/node_modules/jest-circus/build/run.js:252:3)
    at _runTestsForDescribeBlock (/home/stocks/algo/webapp/lambda/node_modules/jest-circus/build/run.js:126:9)
    at _runTestsForDescribeBlock (/home/stocks/algo/webapp/lambda/node_modules/jest-circus/build/run.js:121:9)
    at _runTestsForDescribeBlock (/home/stocks/algo/webapp/lambda/node_modules/jest-circus/build/run.js:121:9)
    at run (/home/stocks/algo/webapp/lambda/node_modules/jest-circus/build/run.js:71:3)
    at runAndTransformResultsToJestFormat (/home/stocks/algo/webapp/lambda/node_modules/jest-circus/build/legacy-code-todo-rewrite/jestAdapterInit.js:122:21)
    at jestAdapter (/home/stocks/algo/webapp/lambda/node_modules/jest-circus/build/legacy-code-todo-rewrite/jestAdapter.js:79:19)
    at runTestInternal (/home/stocks/algo/webapp/lambda/node_modules/jest-runner/build/runTest.js:367:16)
    at runTest (/home/stocks/algo/webapp/lambda/node_modules/jest-runner/build/runTest.js:444:34)</failure>
    </testcase>
    <testcase classname="Optimization Engine Unit Tests › Returns Matrix Calculation" name="handles single price point" time="0.002">
      <failure>Error: expect(received).toBe(expected) // Object.is equality

Expected: 0
Received: undefined
    at Object.toBe (/home/stocks/algo/webapp/lambda/tests/unit/optimization-engine.test.js:208:30)
    at Promise.then.completed (/home/stocks/algo/webapp/lambda/node_modules/jest-circus/build/utils.js:298:28)
    at new Promise (&lt;anonymous&gt;)
    at callAsyncCircusFn (/home/stocks/algo/webapp/lambda/node_modules/jest-circus/build/utils.js:231:10)
    at _callCircusTest (/home/stocks/algo/webapp/lambda/node_modules/jest-circus/build/run.js:316:40)
    at processTicksAndRejections (node:internal/process/task_queues:95:5)
    at _runTest (/home/stocks/algo/webapp/lambda/node_modules/jest-circus/build/run.js:252:3)
    at _runTestsForDescribeBlock (/home/stocks/algo/webapp/lambda/node_modules/jest-circus/build/run.js:126:9)
    at _runTestsForDescribeBlock (/home/stocks/algo/webapp/lambda/node_modules/jest-circus/build/run.js:121:9)
    at _runTestsForDescribeBlock (/home/stocks/algo/webapp/lambda/node_modules/jest-circus/build/run.js:121:9)
    at run (/home/stocks/algo/webapp/lambda/node_modules/jest-circus/build/run.js:71:3)
    at runAndTransformResultsToJestFormat (/home/stocks/algo/webapp/lambda/node_modules/jest-circus/build/legacy-code-todo-rewrite/jestAdapterInit.js:122:21)
    at jestAdapter (/home/stocks/algo/webapp/lambda/node_modules/jest-circus/build/legacy-code-todo-rewrite/jestAdapter.js:79:19)
    at runTestInternal (/home/stocks/algo/webapp/lambda/node_modules/jest-runner/build/runTest.js:367:16)
    at runTest (/home/stocks/algo/webapp/lambda/node_modules/jest-runner/build/runTest.js:444:34)</failure>
    </testcase>
    <testcase classname="Optimization Engine Unit Tests › Rebalancing Calculations" name="calculates rebalancing trades correctly" time="0.002">
      <failure>Error: expect(received).toBe(expected) // Object.is equality

Expected: true
Received: false
    at Object.toBe (/home/stocks/algo/webapp/lambda/tests/unit/optimization-engine.test.js:226:37)
    at Promise.then.completed (/home/stocks/algo/webapp/lambda/node_modules/jest-circus/build/utils.js:298:28)
    at new Promise (&lt;anonymous&gt;)
    at callAsyncCircusFn (/home/stocks/algo/webapp/lambda/node_modules/jest-circus/build/utils.js:231:10)
    at _callCircusTest (/home/stocks/algo/webapp/lambda/node_modules/jest-circus/build/run.js:316:40)
    at processTicksAndRejections (node:internal/process/task_queues:95:5)
    at _runTest (/home/stocks/algo/webapp/lambda/node_modules/jest-circus/build/run.js:252:3)
    at _runTestsForDescribeBlock (/home/stocks/algo/webapp/lambda/node_modules/jest-circus/build/run.js:126:9)
    at _runTestsForDescribeBlock (/home/stocks/algo/webapp/lambda/node_modules/jest-circus/build/run.js:121:9)
    at _runTestsForDescribeBlock (/home/stocks/algo/webapp/lambda/node_modules/jest-circus/build/run.js:121:9)
    at run (/home/stocks/algo/webapp/lambda/node_modules/jest-circus/build/run.js:71:3)
    at runAndTransformResultsToJestFormat (/home/stocks/algo/webapp/lambda/node_modules/jest-circus/build/legacy-code-todo-rewrite/jestAdapterInit.js:122:21)
    at jestAdapter (/home/stocks/algo/webapp/lambda/node_modules/jest-circus/build/legacy-code-todo-rewrite/jestAdapter.js:79:19)
    at runTestInternal (/home/stocks/algo/webapp/lambda/node_modules/jest-runner/build/runTest.js:367:16)
    at runTest (/home/stocks/algo/webapp/lambda/node_modules/jest-runner/build/runTest.js:444:34)</failure>
    </testcase>
    <testcase classname="Optimization Engine Unit Tests › Rebalancing Calculations" name="ignores small weight differences" time="0.002">
      <failure>Error: expect(received).toBe(expected) // Object.is equality

Expected: 0
Received: undefined
    at Object.toBe (/home/stocks/algo/webapp/lambda/tests/unit/optimization-engine.test.js:249:29)
    at Promise.then.completed (/home/stocks/algo/webapp/lambda/node_modules/jest-circus/build/utils.js:298:28)
    at new Promise (&lt;anonymous&gt;)
    at callAsyncCircusFn (/home/stocks/algo/webapp/lambda/node_modules/jest-circus/build/utils.js:231:10)
    at _callCircusTest (/home/stocks/algo/webapp/lambda/node_modules/jest-circus/build/run.js:316:40)
    at processTicksAndRejections (node:internal/process/task_queues:95:5)
    at _runTest (/home/stocks/algo/webapp/lambda/node_modules/jest-circus/build/run.js:252:3)
    at _runTestsForDescribeBlock (/home/stocks/algo/webapp/lambda/node_modules/jest-circus/build/run.js:126:9)
    at _runTestsForDescribeBlock (/home/stocks/algo/webapp/lambda/node_modules/jest-circus/build/run.js:121:9)
    at _runTestsForDescribeBlock (/home/stocks/algo/webapp/lambda/node_modules/jest-circus/build/run.js:121:9)
    at run (/home/stocks/algo/webapp/lambda/node_modules/jest-circus/build/run.js:71:3)
    at runAndTransformResultsToJestFormat (/home/stocks/algo/webapp/lambda/node_modules/jest-circus/build/legacy-code-todo-rewrite/jestAdapterInit.js:122:21)
    at jestAdapter (/home/stocks/algo/webapp/lambda/node_modules/jest-circus/build/legacy-code-todo-rewrite/jestAdapter.js:79:19)
    at runTestInternal (/home/stocks/algo/webapp/lambda/node_modules/jest-runner/build/runTest.js:367:16)
    at runTest (/home/stocks/algo/webapp/lambda/node_modules/jest-runner/build/runTest.js:444:34)</failure>
    </testcase>
    <testcase classname="Optimization Engine Unit Tests › Rebalancing Calculations" name="sorts trades by priority and value" time="0.002">
      <failure>TypeError: Cannot read properties of undefined (reading &apos;symbol&apos;)
    at Object.symbol (/home/stocks/algo/webapp/lambda/tests/unit/optimization-engine.test.js:267:24)
    at Promise.then.completed (/home/stocks/algo/webapp/lambda/node_modules/jest-circus/build/utils.js:298:28)
    at new Promise (&lt;anonymous&gt;)
    at callAsyncCircusFn (/home/stocks/algo/webapp/lambda/node_modules/jest-circus/build/utils.js:231:10)
    at _callCircusTest (/home/stocks/algo/webapp/lambda/node_modules/jest-circus/build/run.js:316:40)
    at processTicksAndRejections (node:internal/process/task_queues:95:5)
    at _runTest (/home/stocks/algo/webapp/lambda/node_modules/jest-circus/build/run.js:252:3)
    at _runTestsForDescribeBlock (/home/stocks/algo/webapp/lambda/node_modules/jest-circus/build/run.js:126:9)
    at _runTestsForDescribeBlock (/home/stocks/algo/webapp/lambda/node_modules/jest-circus/build/run.js:121:9)
    at _runTestsForDescribeBlock (/home/stocks/algo/webapp/lambda/node_modules/jest-circus/build/run.js:121:9)
    at run (/home/stocks/algo/webapp/lambda/node_modules/jest-circus/build/run.js:71:3)
    at runAndTransformResultsToJestFormat (/home/stocks/algo/webapp/lambda/node_modules/jest-circus/build/legacy-code-todo-rewrite/jestAdapterInit.js:122:21)
    at jestAdapter (/home/stocks/algo/webapp/lambda/node_modules/jest-circus/build/legacy-code-todo-rewrite/jestAdapter.js:79:19)
    at runTestInternal (/home/stocks/algo/webapp/lambda/node_modules/jest-runner/build/runTest.js:367:16)
    at runTest (/home/stocks/algo/webapp/lambda/node_modules/jest-runner/build/runTest.js:444:34)</failure>
    </testcase>
    <testcase classname="Optimization Engine Unit Tests › Optimization Insights" name="generates risk warning for high volatility" time="0.002">
      <failure>TypeError: Cannot read properties of undefined (reading &apos;volatility&apos;)
    at OptimizationEngine.volatility [as generateOptimizationInsights] (/home/stocks/algo/webapp/lambda/services/optimizationEngine.js:386:21)
    at Object.generateOptimizationInsights (/home/stocks/algo/webapp/lambda/tests/unit/optimization-engine.test.js:280:43)
    at Promise.then.completed (/home/stocks/algo/webapp/lambda/node_modules/jest-circus/build/utils.js:298:28)
    at new Promise (&lt;anonymous&gt;)
    at callAsyncCircusFn (/home/stocks/algo/webapp/lambda/node_modules/jest-circus/build/utils.js:231:10)
    at _callCircusTest (/home/stocks/algo/webapp/lambda/node_modules/jest-circus/build/run.js:316:40)
    at processTicksAndRejections (node:internal/process/task_queues:95:5)
    at _runTest (/home/stocks/algo/webapp/lambda/node_modules/jest-circus/build/run.js:252:3)
    at _runTestsForDescribeBlock (/home/stocks/algo/webapp/lambda/node_modules/jest-circus/build/run.js:126:9)
    at _runTestsForDescribeBlock (/home/stocks/algo/webapp/lambda/node_modules/jest-circus/build/run.js:121:9)
    at _runTestsForDescribeBlock (/home/stocks/algo/webapp/lambda/node_modules/jest-circus/build/run.js:121:9)
    at run (/home/stocks/algo/webapp/lambda/node_modules/jest-circus/build/run.js:71:3)
    at runAndTransformResultsToJestFormat (/home/stocks/algo/webapp/lambda/node_modules/jest-circus/build/legacy-code-todo-rewrite/jestAdapterInit.js:122:21)
    at jestAdapter (/home/stocks/algo/webapp/lambda/node_modules/jest-circus/build/legacy-code-todo-rewrite/jestAdapter.js:79:19)
    at runTestInternal (/home/stocks/algo/webapp/lambda/node_modules/jest-runner/build/runTest.js:367:16)
    at runTest (/home/stocks/algo/webapp/lambda/node_modules/jest-runner/build/runTest.js:444:34)</failure>
    </testcase>
    <testcase classname="Optimization Engine Unit Tests › Optimization Insights" name="generates diversification insight for small portfolios" time="0.002">
      <failure>TypeError: Cannot read properties of undefined (reading &apos;volatility&apos;)
    at OptimizationEngine.volatility [as generateOptimizationInsights] (/home/stocks/algo/webapp/lambda/services/optimizationEngine.js:386:21)
    at Object.generateOptimizationInsights (/home/stocks/algo/webapp/lambda/tests/unit/optimization-engine.test.js:294:43)
    at Promise.then.completed (/home/stocks/algo/webapp/lambda/node_modules/jest-circus/build/utils.js:298:28)
    at new Promise (&lt;anonymous&gt;)
    at callAsyncCircusFn (/home/stocks/algo/webapp/lambda/node_modules/jest-circus/build/utils.js:231:10)
    at _callCircusTest (/home/stocks/algo/webapp/lambda/node_modules/jest-circus/build/run.js:316:40)
    at processTicksAndRejections (node:internal/process/task_queues:95:5)
    at _runTest (/home/stocks/algo/webapp/lambda/node_modules/jest-circus/build/run.js:252:3)
    at _runTestsForDescribeBlock (/home/stocks/algo/webapp/lambda/node_modules/jest-circus/build/run.js:126:9)
    at _runTestsForDescribeBlock (/home/stocks/algo/webapp/lambda/node_modules/jest-circus/build/run.js:121:9)
    at _runTestsForDescribeBlock (/home/stocks/algo/webapp/lambda/node_modules/jest-circus/build/run.js:121:9)
    at run (/home/stocks/algo/webapp/lambda/node_modules/jest-circus/build/run.js:71:3)
    at runAndTransformResultsToJestFormat (/home/stocks/algo/webapp/lambda/node_modules/jest-circus/build/legacy-code-todo-rewrite/jestAdapterInit.js:122:21)
    at jestAdapter (/home/stocks/algo/webapp/lambda/node_modules/jest-circus/build/legacy-code-todo-rewrite/jestAdapter.js:79:19)
    at runTestInternal (/home/stocks/algo/webapp/lambda/node_modules/jest-runner/build/runTest.js:367:16)
    at runTest (/home/stocks/algo/webapp/lambda/node_modules/jest-runner/build/runTest.js:444:34)</failure>
    </testcase>
    <testcase classname="Optimization Engine Unit Tests › Optimization Insights" name="generates positive insight for high Sharpe ratio" time="0.002">
      <failure>TypeError: Cannot read properties of undefined (reading &apos;volatility&apos;)
    at OptimizationEngine.volatility [as generateOptimizationInsights] (/home/stocks/algo/webapp/lambda/services/optimizationEngine.js:386:21)
    at Object.generateOptimizationInsights (/home/stocks/algo/webapp/lambda/tests/unit/optimization-engine.test.js:306:43)
    at Promise.then.completed (/home/stocks/algo/webapp/lambda/node_modules/jest-circus/build/utils.js:298:28)
    at new Promise (&lt;anonymous&gt;)
    at callAsyncCircusFn (/home/stocks/algo/webapp/lambda/node_modules/jest-circus/build/utils.js:231:10)
    at _callCircusTest (/home/stocks/algo/webapp/lambda/node_modules/jest-circus/build/run.js:316:40)
    at processTicksAndRejections (node:internal/process/task_queues:95:5)
    at _runTest (/home/stocks/algo/webapp/lambda/node_modules/jest-circus/build/run.js:252:3)
    at _runTestsForDescribeBlock (/home/stocks/algo/webapp/lambda/node_modules/jest-circus/build/run.js:126:9)
    at _runTestsForDescribeBlock (/home/stocks/algo/webapp/lambda/node_modules/jest-circus/build/run.js:121:9)
    at _runTestsForDescribeBlock (/home/stocks/algo/webapp/lambda/node_modules/jest-circus/build/run.js:121:9)
    at run (/home/stocks/algo/webapp/lambda/node_modules/jest-circus/build/run.js:71:3)
    at runAndTransformResultsToJestFormat (/home/stocks/algo/webapp/lambda/node_modules/jest-circus/build/legacy-code-todo-rewrite/jestAdapterInit.js:122:21)
    at jestAdapter (/home/stocks/algo/webapp/lambda/node_modules/jest-circus/build/legacy-code-todo-rewrite/jestAdapter.js:79:19)
    at runTestInternal (/home/stocks/algo/webapp/lambda/node_modules/jest-runner/build/runTest.js:367:16)
    at runTest (/home/stocks/algo/webapp/lambda/node_modules/jest-runner/build/runTest.js:444:34)</failure>
    </testcase>
    <testcase classname="Optimization Engine Unit Tests › Optimization Insights" name="generates concentration warning for large positions" time="0.002">
      <failure>TypeError: Cannot read properties of undefined (reading &apos;volatility&apos;)
    at OptimizationEngine.volatility [as generateOptimizationInsights] (/home/stocks/algo/webapp/lambda/services/optimizationEngine.js:386:21)
    at Object.generateOptimizationInsights (/home/stocks/algo/webapp/lambda/tests/unit/optimization-engine.test.js:315:43)
    at Promise.then.completed (/home/stocks/algo/webapp/lambda/node_modules/jest-circus/build/utils.js:298:28)
    at new Promise (&lt;anonymous&gt;)
    at callAsyncCircusFn (/home/stocks/algo/webapp/lambda/node_modules/jest-circus/build/utils.js:231:10)
    at _callCircusTest (/home/stocks/algo/webapp/lambda/node_modules/jest-circus/build/run.js:316:40)
    at processTicksAndRejections (node:internal/process/task_queues:95:5)
    at _runTest (/home/stocks/algo/webapp/lambda/node_modules/jest-circus/build/run.js:252:3)
    at _runTestsForDescribeBlock (/home/stocks/algo/webapp/lambda/node_modules/jest-circus/build/run.js:126:9)
    at _runTestsForDescribeBlock (/home/stocks/algo/webapp/lambda/node_modules/jest-circus/build/run.js:121:9)
    at _runTestsForDescribeBlock (/home/stocks/algo/webapp/lambda/node_modules/jest-circus/build/run.js:121:9)
    at run (/home/stocks/algo/webapp/lambda/node_modules/jest-circus/build/run.js:71:3)
    at runAndTransformResultsToJestFormat (/home/stocks/algo/webapp/lambda/node_modules/jest-circus/build/legacy-code-todo-rewrite/jestAdapterInit.js:122:21)
    at jestAdapter (/home/stocks/algo/webapp/lambda/node_modules/jest-circus/build/legacy-code-todo-rewrite/jestAdapter.js:79:19)
    at runTestInternal (/home/stocks/algo/webapp/lambda/node_modules/jest-runner/build/runTest.js:367:16)
    at runTest (/home/stocks/algo/webapp/lambda/node_modules/jest-runner/build/runTest.js:444:34)</failure>
    </testcase>
    <testcase classname="Optimization Engine Unit Tests › Formatting Functions" name="formats weights correctly" time="0.003">
      <failure>TypeError: universe.map is not a function
    at OptimizationEngine.map [as formatWeights] (/home/stocks/algo/webapp/lambda/services/optimizationEngine.js:446:21)
    at Object.formatWeights (/home/stocks/algo/webapp/lambda/tests/unit/optimization-engine.test.js:324:44)
    at Promise.then.completed (/home/stocks/algo/webapp/lambda/node_modules/jest-circus/build/utils.js:298:28)
    at new Promise (&lt;anonymous&gt;)
    at callAsyncCircusFn (/home/stocks/algo/webapp/lambda/node_modules/jest-circus/build/utils.js:231:10)
    at _callCircusTest (/home/stocks/algo/webapp/lambda/node_modules/jest-circus/build/run.js:316:40)
    at processTicksAndRejections (node:internal/process/task_queues:95:5)
    at _runTest (/home/stocks/algo/webapp/lambda/node_modules/jest-circus/build/run.js:252:3)
    at _runTestsForDescribeBlock (/home/stocks/algo/webapp/lambda/node_modules/jest-circus/build/run.js:126:9)
    at _runTestsForDescribeBlock (/home/stocks/algo/webapp/lambda/node_modules/jest-circus/build/run.js:121:9)
    at _runTestsForDescribeBlock (/home/stocks/algo/webapp/lambda/node_modules/jest-circus/build/run.js:121:9)
    at run (/home/stocks/algo/webapp/lambda/node_modules/jest-circus/build/run.js:71:3)
    at runAndTransformResultsToJestFormat (/home/stocks/algo/webapp/lambda/node_modules/jest-circus/build/legacy-code-todo-rewrite/jestAdapterInit.js:122:21)
    at jestAdapter (/home/stocks/algo/webapp/lambda/node_modules/jest-circus/build/legacy-code-todo-rewrite/jestAdapter.js:79:19)
    at runTestInternal (/home/stocks/algo/webapp/lambda/node_modules/jest-runner/build/runTest.js:367:16)
    at runTest (/home/stocks/algo/webapp/lambda/node_modules/jest-runner/build/runTest.js:444:34)</failure>
    </testcase>
    <testcase classname="Optimization Engine Unit Tests › Formatting Functions" name="formats portfolio summary correctly" time="0.002">
      <failure>TypeError: Cannot read properties of undefined (reading &apos;slice&apos;)
    at OptimizationEngine.slice [as formatPortfolioSummary] (/home/stocks/algo/webapp/lambda/services/optimizationEngine.js:460:39)
    at Object.formatPortfolioSummary (/home/stocks/algo/webapp/lambda/tests/unit/optimization-engine.test.js:337:42)
    at Promise.then.completed (/home/stocks/algo/webapp/lambda/node_modules/jest-circus/build/utils.js:298:28)
    at new Promise (&lt;anonymous&gt;)
    at callAsyncCircusFn (/home/stocks/algo/webapp/lambda/node_modules/jest-circus/build/utils.js:231:10)
    at _callCircusTest (/home/stocks/algo/webapp/lambda/node_modules/jest-circus/build/run.js:316:40)
    at processTicksAndRejections (node:internal/process/task_queues:95:5)
    at _runTest (/home/stocks/algo/webapp/lambda/node_modules/jest-circus/build/run.js:252:3)
    at _runTestsForDescribeBlock (/home/stocks/algo/webapp/lambda/node_modules/jest-circus/build/run.js:126:9)
    at _runTestsForDescribeBlock (/home/stocks/algo/webapp/lambda/node_modules/jest-circus/build/run.js:121:9)
    at _runTestsForDescribeBlock (/home/stocks/algo/webapp/lambda/node_modules/jest-circus/build/run.js:121:9)
    at run (/home/stocks/algo/webapp/lambda/node_modules/jest-circus/build/run.js:71:3)
    at runAndTransformResultsToJestFormat (/home/stocks/algo/webapp/lambda/node_modules/jest-circus/build/legacy-code-todo-rewrite/jestAdapterInit.js:122:21)
    at jestAdapter (/home/stocks/algo/webapp/lambda/node_modules/jest-circus/build/legacy-code-todo-rewrite/jestAdapter.js:79:19)
    at runTestInternal (/home/stocks/algo/webapp/lambda/node_modules/jest-runner/build/runTest.js:367:16)
    at runTest (/home/stocks/algo/webapp/lambda/node_modules/jest-runner/build/runTest.js:444:34)</failure>
    </testcase>
    <testcase classname="Optimization Engine Unit Tests › Formatting Functions" name="formats correlation matrix correctly" time="0.002">
      <failure>TypeError: corrMatrix.get is not a function
    at OptimizationEngine.get [as formatCorrelationMatrix] (/home/stocks/algo/webapp/lambda/services/optimizationEngine.js:478:40)
    at Object.formatCorrelationMatrix (/home/stocks/algo/webapp/lambda/tests/unit/optimization-engine.test.js:348:44)
    at Promise.then.completed (/home/stocks/algo/webapp/lambda/node_modules/jest-circus/build/utils.js:298:28)
    at new Promise (&lt;anonymous&gt;)
    at callAsyncCircusFn (/home/stocks/algo/webapp/lambda/node_modules/jest-circus/build/utils.js:231:10)
    at _callCircusTest (/home/stocks/algo/webapp/lambda/node_modules/jest-circus/build/run.js:316:40)
    at processTicksAndRejections (node:internal/process/task_queues:95:5)
    at _runTest (/home/stocks/algo/webapp/lambda/node_modules/jest-circus/build/run.js:252:3)
    at _runTestsForDescribeBlock (/home/stocks/algo/webapp/lambda/node_modules/jest-circus/build/run.js:126:9)
    at _runTestsForDescribeBlock (/home/stocks/algo/webapp/lambda/node_modules/jest-circus/build/run.js:121:9)
    at _runTestsForDescribeBlock (/home/stocks/algo/webapp/lambda/node_modules/jest-circus/build/run.js:121:9)
    at run (/home/stocks/algo/webapp/lambda/node_modules/jest-circus/build/run.js:71:3)
    at runAndTransformResultsToJestFormat (/home/stocks/algo/webapp/lambda/node_modules/jest-circus/build/legacy-code-todo-rewrite/jestAdapterInit.js:122:21)
    at jestAdapter (/home/stocks/algo/webapp/lambda/node_modules/jest-circus/build/legacy-code-todo-rewrite/jestAdapter.js:79:19)
    at runTestInternal (/home/stocks/algo/webapp/lambda/node_modules/jest-runner/build/runTest.js:367:16)
    at runTest (/home/stocks/algo/webapp/lambda/node_modules/jest-runner/build/runTest.js:444:34)</failure>
    </testcase>
    <testcase classname="Optimization Engine Unit Tests › Data Quality Assessment" name="assesses high-quality data correctly" time="0.003">
      <failure>TypeError: prices.forEach is not a function
    at forEach (/home/stocks/algo/webapp/lambda/services/optimizationEngine.js:506:14)
    at Array.forEach (&lt;anonymous&gt;)
    at OptimizationEngine.forEach [as assessDataQuality] (/home/stocks/algo/webapp/lambda/services/optimizationEngine.js:501:13)
    at Object.assessDataQuality (/home/stocks/algo/webapp/lambda/tests/unit/optimization-engine.test.js:364:45)
    at Promise.then.completed (/home/stocks/algo/webapp/lambda/node_modules/jest-circus/build/utils.js:298:28)
    at new Promise (&lt;anonymous&gt;)
    at callAsyncCircusFn (/home/stocks/algo/webapp/lambda/node_modules/jest-circus/build/utils.js:231:10)
    at _callCircusTest (/home/stocks/algo/webapp/lambda/node_modules/jest-circus/build/run.js:316:40)
    at processTicksAndRejections (node:internal/process/task_queues:95:5)
    at _runTest (/home/stocks/algo/webapp/lambda/node_modules/jest-circus/build/run.js:252:3)
    at _runTestsForDescribeBlock (/home/stocks/algo/webapp/lambda/node_modules/jest-circus/build/run.js:126:9)
    at _runTestsForDescribeBlock (/home/stocks/algo/webapp/lambda/node_modules/jest-circus/build/run.js:121:9)
    at _runTestsForDescribeBlock (/home/stocks/algo/webapp/lambda/node_modules/jest-circus/build/run.js:121:9)
    at run (/home/stocks/algo/webapp/lambda/node_modules/jest-circus/build/run.js:71:3)
    at runAndTransformResultsToJestFormat (/home/stocks/algo/webapp/lambda/node_modules/jest-circus/build/legacy-code-todo-rewrite/jestAdapterInit.js:122:21)
    at jestAdapter (/home/stocks/algo/webapp/lambda/node_modules/jest-circus/build/legacy-code-todo-rewrite/jestAdapter.js:79:19)
    at runTestInternal (/home/stocks/algo/webapp/lambda/node_modules/jest-runner/build/runTest.js:367:16)
    at runTest (/home/stocks/algo/webapp/lambda/node_modules/jest-runner/build/runTest.js:444:34)</failure>
    </testcase>
    <testcase classname="Optimization Engine Unit Tests › Data Quality Assessment" name="identifies missing data points" time="0.001">
      <failure>TypeError: prices.forEach is not a function
    at forEach (/home/stocks/algo/webapp/lambda/services/optimizationEngine.js:506:14)
    at Array.forEach (&lt;anonymous&gt;)
    at OptimizationEngine.forEach [as assessDataQuality] (/home/stocks/algo/webapp/lambda/services/optimizationEngine.js:501:13)
    at Object.assessDataQuality (/home/stocks/algo/webapp/lambda/tests/unit/optimization-engine.test.js:377:45)
    at Promise.then.completed (/home/stocks/algo/webapp/lambda/node_modules/jest-circus/build/utils.js:298:28)
    at new Promise (&lt;anonymous&gt;)
    at callAsyncCircusFn (/home/stocks/algo/webapp/lambda/node_modules/jest-circus/build/utils.js:231:10)
    at _callCircusTest (/home/stocks/algo/webapp/lambda/node_modules/jest-circus/build/run.js:316:40)
    at processTicksAndRejections (node:internal/process/task_queues:95:5)
    at _runTest (/home/stocks/algo/webapp/lambda/node_modules/jest-circus/build/run.js:252:3)
    at _runTestsForDescribeBlock (/home/stocks/algo/webapp/lambda/node_modules/jest-circus/build/run.js:126:9)
    at _runTestsForDescribeBlock (/home/stocks/algo/webapp/lambda/node_modules/jest-circus/build/run.js:121:9)
    at _runTestsForDescribeBlock (/home/stocks/algo/webapp/lambda/node_modules/jest-circus/build/run.js:121:9)
    at run (/home/stocks/algo/webapp/lambda/node_modules/jest-circus/build/run.js:71:3)
    at runAndTransformResultsToJestFormat (/home/stocks/algo/webapp/lambda/node_modules/jest-circus/build/legacy-code-todo-rewrite/jestAdapterInit.js:122:21)
    at jestAdapter (/home/stocks/algo/webapp/lambda/node_modules/jest-circus/build/legacy-code-todo-rewrite/jestAdapter.js:79:19)
    at runTestInternal (/home/stocks/algo/webapp/lambda/node_modules/jest-runner/build/runTest.js:367:16)
    at runTest (/home/stocks/algo/webapp/lambda/node_modules/jest-runner/build/runTest.js:444:34)</failure>
    </testcase>
    <testcase classname="Optimization Engine Unit Tests › Fallback Optimization" name="generates fallback optimization with demo data" time="0.003">
      <failure>Error: expect(received).toHaveProperty(path)

Expected path: &quot;weights&quot;
Received path: []

Received value: {&quot;correlationMatrix&quot;: [], &quot;currentPortfolio&quot;: {&quot;numPositions&quot;: 4, &quot;topHoldings&quot;: [{&quot;marketValue&quot;: 17500, &quot;pnl&quot;: 2500, &quot;pnlPercent&quot;: 16.7, &quot;symbol&quot;: &quot;AAPL&quot;, &quot;weight&quot;: 35}, {&quot;marketValue&quot;: 15000, &quot;pnl&quot;: 1500, &quot;pnlPercent&quot;: 11.1, &quot;symbol&quot;: &quot;MSFT&quot;, &quot;weight&quot;: 30}, {&quot;marketValue&quot;: 10000, &quot;pnl&quot;: 500, &quot;pnlPercent&quot;: 5.3, &quot;symbol&quot;: &quot;GOOGL&quot;, &quot;weight&quot;: 20}, {&quot;marketValue&quot;: 7500, &quot;pnl&quot;: 500, &quot;pnlPercent&quot;: 7.1, &quot;symbol&quot;: &quot;AMZN&quot;, &quot;weight&quot;: 15}], &quot;totalValue&quot;: 50000}, &quot;efficientFrontier&quot;: [{&quot;expectedReturn&quot;: 0.05, &quot;sharpeRatio&quot;: 0.5, &quot;volatility&quot;: 0.1}, {&quot;expectedReturn&quot;: 0.05526315789473685, &quot;sharpeRatio&quot;: 0.48837209302325585, &quot;volatility&quot;: 0.11315789473684211}, {&quot;expectedReturn&quot;: 0.060526315789473685, &quot;sharpeRatio&quot;: 0.4791666666666667, &quot;volatility&quot;: 0.12631578947368421}, {&quot;expectedReturn&quot;: 0.06578947368421052, &quot;sharpeRatio&quot;: 0.4716981132075472, &quot;volatility&quot;: 0.1394736842105263}, {&quot;expectedReturn&quot;: 0.07105263157894737, &quot;sharpeRatio&quot;: 0.46551724137931033, &quot;volatility&quot;: 0.15263157894736842}, {&quot;expectedReturn&quot;: 0.07631578947368423, &quot;sharpeRatio&quot;: 0.46031746031746035, &quot;volatility&quot;: 0.16578947368421054}, {&quot;expectedReturn&quot;: 0.08157894736842106, &quot;sharpeRatio&quot;: 0.4558823529411765, &quot;volatility&quot;: 0.17894736842105263}, {&quot;expectedReturn&quot;: 0.08684210526315789, &quot;sharpeRatio&quot;: 0.4520547945205479, &quot;volatility&quot;: 0.19210526315789472}, {&quot;expectedReturn&quot;: 0.09210526315789475, &quot;sharpeRatio&quot;: 0.44871794871794873, &quot;volatility&quot;: 0.20526315789473684}, {&quot;expectedReturn&quot;: 0.09736842105263159, &quot;sharpeRatio&quot;: 0.44578313253012053, &quot;volatility&quot;: 0.21842105263157896}, …], &quot;insights&quot;: [{&quot;category&quot;: &quot;Data&quot;, &quot;message&quot;: &quot;Optimization results based on simulated portfolio data.&quot;, &quot;recommendation&quot;: &quot;Connect real portfolio data for accurate optimization&quot;, &quot;title&quot;: &quot;Using Demo Data&quot;, &quot;type&quot;: &quot;info&quot;}], &quot;metadata&quot;: {&quot;dataQuality&quot;: {&quot;assessment&quot;: &quot;Demo Data&quot;, &quot;score&quot;: 100}, &quot;lookbackDays&quot;: 252, &quot;optimizationDate&quot;: &quot;2025-07-22T18:30:06.930Z&quot;, &quot;universeSize&quot;: 5}, &quot;optimization&quot;: {&quot;expectedReturn&quot;: 0.12, &quot;objective&quot;: undefined, &quot;sharpeRatio&quot;: 0.89, &quot;volatility&quot;: 0.18, &quot;weights&quot;: [{&quot;allocation&quot;: 0.3, &quot;symbol&quot;: &quot;AAPL&quot;, &quot;weight&quot;: 30}, {&quot;allocation&quot;: 0.25, &quot;symbol&quot;: &quot;MSFT&quot;, &quot;weight&quot;: 25}, {&quot;allocation&quot;: 0.2, &quot;symbol&quot;: &quot;GOOGL&quot;, &quot;weight&quot;: 20}, {&quot;allocation&quot;: 0.15, &quot;symbol&quot;: &quot;AMZN&quot;, &quot;weight&quot;: 15}, {&quot;allocation&quot;: 0.1, &quot;symbol&quot;: &quot;TSLA&quot;, &quot;weight&quot;: 10}]}, &quot;rebalancing&quot;: [{&quot;action&quot;: &quot;SELL&quot;, &quot;currentWeight&quot;: 35, &quot;priority&quot;: &quot;Medium&quot;, &quot;symbol&quot;: &quot;AAPL&quot;, &quot;targetWeight&quot;: 30, &quot;tradeValue&quot;: -2500}], &quot;riskMetrics&quot;: {&quot;beta&quot;: 1.05, &quot;expectedReturn&quot;: 0.12, &quot;sharpeRatio&quot;: 0.67, &quot;volatility&quot;: 0.18}, &quot;success&quot;: true}
    at Object.toHaveProperty (/home/stocks/algo/webapp/lambda/tests/unit/optimization-engine.test.js:388:22)
    at Promise.then.completed (/home/stocks/algo/webapp/lambda/node_modules/jest-circus/build/utils.js:298:28)
    at new Promise (&lt;anonymous&gt;)
    at callAsyncCircusFn (/home/stocks/algo/webapp/lambda/node_modules/jest-circus/build/utils.js:231:10)
    at _callCircusTest (/home/stocks/algo/webapp/lambda/node_modules/jest-circus/build/run.js:316:40)
    at processTicksAndRejections (node:internal/process/task_queues:95:5)
    at _runTest (/home/stocks/algo/webapp/lambda/node_modules/jest-circus/build/run.js:252:3)
    at _runTestsForDescribeBlock (/home/stocks/algo/webapp/lambda/node_modules/jest-circus/build/run.js:126:9)
    at _runTestsForDescribeBlock (/home/stocks/algo/webapp/lambda/node_modules/jest-circus/build/run.js:121:9)
    at _runTestsForDescribeBlock (/home/stocks/algo/webapp/lambda/node_modules/jest-circus/build/run.js:121:9)
    at run (/home/stocks/algo/webapp/lambda/node_modules/jest-circus/build/run.js:71:3)
    at runAndTransformResultsToJestFormat (/home/stocks/algo/webapp/lambda/node_modules/jest-circus/build/legacy-code-todo-rewrite/jestAdapterInit.js:122:21)
    at jestAdapter (/home/stocks/algo/webapp/lambda/node_modules/jest-circus/build/legacy-code-todo-rewrite/jestAdapter.js:79:19)
    at runTestInternal (/home/stocks/algo/webapp/lambda/node_modules/jest-runner/build/runTest.js:367:16)
    at runTest (/home/stocks/algo/webapp/lambda/node_modules/jest-runner/build/runTest.js:444:34)</failure>
    </testcase>
    <testcase classname="Optimization Engine Unit Tests › Fallback Optimization" name="uses equal weights for equalWeight objective" time="0.001">
      <failure>TypeError: Cannot convert undefined or null to object
    at Function.values (&lt;anonymous&gt;)
    at Object.values (/home/stocks/algo/webapp/lambda/tests/unit/optimization-engine.test.js:398:30)
    at Promise.then.completed (/home/stocks/algo/webapp/lambda/node_modules/jest-circus/build/utils.js:298:28)
    at new Promise (&lt;anonymous&gt;)
    at callAsyncCircusFn (/home/stocks/algo/webapp/lambda/node_modules/jest-circus/build/utils.js:231:10)
    at _callCircusTest (/home/stocks/algo/webapp/lambda/node_modules/jest-circus/build/run.js:316:40)
    at processTicksAndRejections (node:internal/process/task_queues:95:5)
    at _runTest (/home/stocks/algo/webapp/lambda/node_modules/jest-circus/build/run.js:252:3)
    at _runTestsForDescribeBlock (/home/stocks/algo/webapp/lambda/node_modules/jest-circus/build/run.js:126:9)
    at _runTestsForDescribeBlock (/home/stocks/algo/webapp/lambda/node_modules/jest-circus/build/run.js:121:9)
    at _runTestsForDescribeBlock (/home/stocks/algo/webapp/lambda/node_modules/jest-circus/build/run.js:121:9)
    at run (/home/stocks/algo/webapp/lambda/node_modules/jest-circus/build/run.js:71:3)
    at runAndTransformResultsToJestFormat (/home/stocks/algo/webapp/lambda/node_modules/jest-circus/build/legacy-code-todo-rewrite/jestAdapterInit.js:122:21)
    at jestAdapter (/home/stocks/algo/webapp/lambda/node_modules/jest-circus/build/legacy-code-todo-rewrite/jestAdapter.js:79:19)
    at runTestInternal (/home/stocks/algo/webapp/lambda/node_modules/jest-runner/build/runTest.js:367:16)
    at runTest (/home/stocks/algo/webapp/lambda/node_modules/jest-runner/build/runTest.js:444:34)</failure>
    </testcase>
    <testcase classname="Optimization Engine Unit Tests › Fallback Optimization" name="generates mock efficient frontier" time="0.001">
      <failure>Error: expect(received).toHaveProperty(path)

Expected path: &quot;risk&quot;
Received path: []

Received value: {&quot;expectedReturn&quot;: 0.05, &quot;sharpeRatio&quot;: 0.5, &quot;volatility&quot;: 0.1}
    at toHaveProperty (/home/stocks/algo/webapp/lambda/tests/unit/optimization-engine.test.js:413:23)
    at Array.forEach (&lt;anonymous&gt;)
    at Object.forEach (/home/stocks/algo/webapp/lambda/tests/unit/optimization-engine.test.js:412:16)
    at Promise.then.completed (/home/stocks/algo/webapp/lambda/node_modules/jest-circus/build/utils.js:298:28)
    at new Promise (&lt;anonymous&gt;)
    at callAsyncCircusFn (/home/stocks/algo/webapp/lambda/node_modules/jest-circus/build/utils.js:231:10)
    at _callCircusTest (/home/stocks/algo/webapp/lambda/node_modules/jest-circus/build/run.js:316:40)
    at processTicksAndRejections (node:internal/process/task_queues:95:5)
    at _runTest (/home/stocks/algo/webapp/lambda/node_modules/jest-circus/build/run.js:252:3)
    at _runTestsForDescribeBlock (/home/stocks/algo/webapp/lambda/node_modules/jest-circus/build/run.js:126:9)
    at _runTestsForDescribeBlock (/home/stocks/algo/webapp/lambda/node_modules/jest-circus/build/run.js:121:9)
    at _runTestsForDescribeBlock (/home/stocks/algo/webapp/lambda/node_modules/jest-circus/build/run.js:121:9)
    at run (/home/stocks/algo/webapp/lambda/node_modules/jest-circus/build/run.js:71:3)
    at runAndTransformResultsToJestFormat (/home/stocks/algo/webapp/lambda/node_modules/jest-circus/build/legacy-code-todo-rewrite/jestAdapterInit.js:122:21)
    at jestAdapter (/home/stocks/algo/webapp/lambda/node_modules/jest-circus/build/legacy-code-todo-rewrite/jestAdapter.js:79:19)
    at runTestInternal (/home/stocks/algo/webapp/lambda/node_modules/jest-runner/build/runTest.js:367:16)
    at runTest (/home/stocks/algo/webapp/lambda/node_modules/jest-runner/build/runTest.js:444:34)</failure>
    </testcase>
    <testcase classname="Optimization Engine Unit Tests › Full Optimization Integration" name="runs complete optimization successfully" time="0.026">
      <failure>Error: expect(received).toHaveProperty(path)

Expected path: &quot;weights&quot;
Received path: []

Received value: {&quot;correlationMatrix&quot;: [], &quot;currentPortfolio&quot;: {&quot;numPositions&quot;: 4, &quot;topHoldings&quot;: [{&quot;marketValue&quot;: 17500, &quot;pnl&quot;: 2500, &quot;pnlPercent&quot;: 16.7, &quot;symbol&quot;: &quot;AAPL&quot;, &quot;weight&quot;: 35}, {&quot;marketValue&quot;: 15000, &quot;pnl&quot;: 1500, &quot;pnlPercent&quot;: 11.1, &quot;symbol&quot;: &quot;MSFT&quot;, &quot;weight&quot;: 30}, {&quot;marketValue&quot;: 10000, &quot;pnl&quot;: 500, &quot;pnlPercent&quot;: 5.3, &quot;symbol&quot;: &quot;GOOGL&quot;, &quot;weight&quot;: 20}, {&quot;marketValue&quot;: 7500, &quot;pnl&quot;: 500, &quot;pnlPercent&quot;: 7.1, &quot;symbol&quot;: &quot;AMZN&quot;, &quot;weight&quot;: 15}], &quot;totalValue&quot;: 50000}, &quot;efficientFrontier&quot;: [{&quot;expectedReturn&quot;: 0.026448011417781844, &quot;sharpeRatio&quot;: 4.280113396391099, &quot;volatility&quot;: 0.0061792782032556075, &quot;weights&quot;: [0.08165331725534682, 0.06678221712600643, 0.05011114474701765, 0.06057759605997301, 0.18202208302675116, 0.17380153845060864, 0.20892999116088548, 0.0386681220079705, 0.05689903589785671, 0.08055495426758374]}, {&quot;expectedReturn&quot;: 0.027980354480166284, &quot;sharpeRatio&quot;: 4.273494139280981, &quot;volatility&quot;: 0.006547418474961102, &quot;weights&quot;: [0.07735577424190751, 0.06326736359305873, 0.04747371607612199, 0.11002088047786915, 0.17244197339376427, 0.16465408905847134, 0.19793367583662835, 0.036632957691761524, 0.05390434979796952, 0.07631521983244777]}, {&quot;expectedReturn&quot;: 0.029512697542550724, &quot;sharpeRatio&quot;: 4.1765415467487115, &quot;volatility&quot;: 0.00706630048144147, &quot;weights&quot;: [0.07305823122846822, 0.05975251006011103, 0.04483628740522633, 0.15946416489576526, 0.16286186376077738, 0.15550663966633407, 0.18693736051237125, 0.034597793375552556, 0.05090966369808233, 0.07207548539731178]}, {&quot;expectedReturn&quot;: 0.031045040604935167, &quot;sharpeRatio&quot;: 4.02892900247929, &quot;volatility&quot;: 0.007705531813995956, &quot;weights&quot;: [0.0687606882150289, 0.05623765652716331, 0.04219885873433065, 0.2089074493136615, 0.15328175412779044, 0.14635919027419675, 0.17594104518811407, 0.032562629059343574, 0.04791497759819512, 0.06783575096217578]}, {&quot;expectedReturn&quot;: 0.032577383667319604, &quot;sharpeRatio&quot;: 3.8608839677698845, &quot;volatility&quot;: 0.008437804383470473, &quot;weights&quot;: [0.0644631452015896, 0.05272280299421561, 0.039561430063434995, 0.25835073373155754, 0.14370164449480358, 0.13721174088205948, 0.164944729863857, 0.03052746474313461, 0.04492029149830794, 0.0635960165270398]}, {&quot;expectedReturn&quot;: 0.03410972672970405, &quot;sharpeRatio&quot;: 3.6911188404123787, &quot;volatility&quot;: 0.009241026421650853, &quot;weights&quot;: [0.06016560218815029, 0.0492079494612679, 0.036924001392539325, 0.3077940181494538, 0.13412153486181666, 0.12806429148992216, 0.15394841453959984, 0.028492300426925632, 0.04192560539842074, 0.059356282091903814]}, {&quot;expectedReturn&quot;: 0.03564206979208849, &quot;sharpeRatio&quot;: 3.529518156269058, &quot;volatility&quot;: 0.010098282035688575, &quot;weights&quot;: [0.05586805917471097, 0.04569309592832019, 0.03428657272164365, 0.35723730256735, 0.12454142522882972, 0.11891684209778484, 0.1429520992153427, 0.026457136110716654, 0.03893091929853353, 0.055116547656767816]}, {&quot;expectedReturn&quot;: 0.03717441285447293, &quot;sharpeRatio&q
[...]
    </testcase>
    <testcase classname="BacktestingService REAL Implementation Tests › Real Backtest Execution" name="runs complete backtest with YOUR actual implementation" time="0.014">
    </testcase>
    <testcase classname="BacktestingService REAL Implementation Tests › Real Backtest Execution" name="validates input parameters according to YOUR implementation" time="0.031">
    </testcase>
    <testcase classname="BacktestingService REAL Implementation Tests › Real Backtest Execution" name="processes trade execution with YOUR actual logic" time="0.004">
    </testcase>
    <testcase classname="BacktestingService REAL Implementation Tests › Real Portfolio History Tracking" name="tracks portfolio value changes through YOUR implementation" time="0.006">
    </testcase>
    <testcase classname="BacktestingService REAL Implementation Tests › Real Filter Data by Date" name="filters data by date range using YOUR implementation" time="0.003">
    </testcase>
    <testcase classname="BacktestingService REAL Implementation Tests › Real Strategy Descriptions" name="provides accurate strategy descriptions matching YOUR implementation" time="0.002">
    </testcase>
    <testcase classname="BacktestingService REAL Implementation Tests › Real Multi-Indicator Strategy Implementation" name="Multi-indicator strategy combines YOUR real technical analysis" time="0.003">
    </testcase>
    <testcase classname="BacktestingService REAL Implementation Tests › Real Trade Execution Logic" name="executeEntry creates positions according to YOUR implementation" time="0.002">
    </testcase>
    <testcase classname="BacktestingService REAL Implementation Tests › Real Trade Execution Logic" name="executeExit closes positions and records trades per YOUR implementation" time="0.004">
    </testcase>
    <testcase classname="BacktestingService REAL Implementation Tests › Real Exit Conditions Logic" name="checkExitConditions triggers stop loss per YOUR implementation" time="0.002">
    </testcase>
    <testcase classname="BacktestingService REAL Implementation Tests › Real Exit Conditions Logic" name="checkExitConditions triggers take profit per YOUR implementation" time="0.001">
    </testcase>
    <testcase classname="BacktestingService REAL Implementation Tests › Real Portfolio Value Calculation" name="calculatePortfolioValue computes correctly per YOUR implementation" time="0.002">
    </testcase>
    <testcase classname="BacktestingService REAL Implementation Tests › Real Portfolio Value Calculation" name="calculatePortfolioValue handles short positions per YOUR implementation" time="0.002">
    </testcase>
  </testsuite>
  <testsuite name="Circuit Breaker Utilities Unit Tests" errors="0" failures="0" skipped="0" timestamp="2025-07-22T18:30:32" time="1.209" tests="19">
    <testcase classname="Circuit Breaker Utilities Unit Tests › TimeoutHelper Circuit Breaker" name="should initialize with production-ready thresholds" time="0.026">
    </testcase>
    <testcase classname="Circuit Breaker Utilities Unit Tests › TimeoutHelper Circuit Breaker" name="should track failure counts correctly" time="0.006">
    </testcase>
    <testcase classname="Circuit Breaker Utilities Unit Tests › TimeoutHelper Circuit Breaker" name="should transition states correctly (closed -&gt; open -&gt; half-open -&gt; closed)" time="0.006">
    </testcase>
    <testcase classname="Circuit Breaker Utilities Unit Tests › TimeoutHelper Circuit Breaker" name="should record event history correctly" time="0.003">
    </testcase>
    <testcase classname="Circuit Breaker Utilities Unit Tests › TimeoutHelper Circuit Breaker" name="should calculate metrics correctly" time="0.003">
    </testcase>
    <testcase classname="Circuit Breaker Utilities Unit Tests › TimeoutHelper Circuit Breaker" name="should handle recent activity tracking" time="0.002">
    </testcase>
    <testcase classname="Circuit Breaker Utilities Unit Tests › TimeoutHelper Circuit Breaker" name="should calculate risk levels accurately" time="0.006">
    </testcase>
    <testcase classname="Circuit Breaker Utilities Unit Tests › DatabaseCircuitBreaker Class" name="should initialize with correct production configuration" time="0.004">
    </testcase>
    <testcase classname="Circuit Breaker Utilities Unit Tests › DatabaseCircuitBreaker Class" name="should execute operations and track results" time="0.003">
    </testcase>
    <testcase classname="Circuit Breaker Utilities Unit Tests › DatabaseCircuitBreaker Class" name="should handle operation failures correctly" time="0.003">
    </testcase>
    <testcase classname="Circuit Breaker Utilities Unit Tests › DatabaseCircuitBreaker Class" name="should open circuit after threshold failures" time="0.011">
    </testcase>
    <testcase classname="Circuit Breaker Utilities Unit Tests › DatabaseCircuitBreaker Class" name="should provide detailed status information" time="0.004">
    </testcase>
    <testcase classname="Circuit Breaker Utilities Unit Tests › DatabaseCircuitBreaker Class" name="should force reset correctly" time="0.018">
    </testcase>
    <testcase classname="Circuit Breaker Utilities Unit Tests › Circuit Breaker Reset Utilities" name="should reset all circuit breakers" time="0.011">
    </testcase>
    <testcase classname="Circuit Breaker Utilities Unit Tests › Circuit Breaker Reset Utilities" name="should reset specific circuit breaker" time="0.006">
    </testcase>
    <testcase classname="Circuit Breaker Utilities Unit Tests › Circuit Breaker Reset Utilities" name="should get comprehensive circuit breaker status" time="0.005">
    </testcase>
    <testcase classname="Circuit Breaker Utilities Unit Tests › Circuit Breaker Reset Utilities" name="should handle non-existent circuit breaker reset gracefully" time="0.003">
    </testcase>
    <testcase classname="Circuit Breaker Utilities Unit Tests › Performance and Memory Management" name="should limit history size to prevent memory leaks" time="0.003">
    </testcase>
    <testcase classname="Circuit Breaker Utilities Unit Tests › Performance and Memory Management" name="should handle rapid state changes efficiently" time="0.004">
    </testcase>
  </testsuite>
  <testsuite name="PortfolioService REAL Implementation Tests" errors="0" failures="0" skipped="0" timestamp="2025-07-22T18:30:33" time="1.16" tests="14">
    <testcase classname="PortfolioService REAL Implementation Tests › Real Database Portfolio Operations" name="getUserPortfolio returns correct structure for YOUR implementation" time="0.004">
    </testcase>
    <testcase classname="PortfolioService REAL Implementation Tests › Real Database Portfolio Operations" name="updatePortfolioHoldings performs real UPSERT operations per YOUR implementation" time="0.004">
    </testcase>
    <testcase classname="PortfolioService REAL Implementation Tests › Real Database Portfolio Operations" name="real portfolio calculations match YOUR mathematical implementation" time="0.003">
    </testcase>
    <testcase classname="PortfolioService REAL Implementation Tests › Real Portfolio Performance Calculations" name="getPortfolioPerformance calculates real financial metrics per YOUR implementation" time="0.002">
    </testcase>
    <testcase classname="PortfolioService REAL Implementation Tests › Real Portfolio Performance Calculations" name="real volatility and Sharpe ratio calculations match financial formulas" time="0.003">
    </testcase>
    <testcase classname="PortfolioService REAL Implementation Tests › Real Portfolio Optimization Integration" name="getPortfolioForOptimization formats data correctly for YOUR optimization algorithms" time="0.002">
    </testcase>
    <testcase classname="PortfolioService REAL Implementation Tests › Real Portfolio Optimization Integration" name="saveOptimizationResults stores real optimization data per YOUR implementation" time="0.002">
    </testcase>
    <testcase classname="PortfolioService REAL Implementation Tests › Real AlpacaService Integration Logic" name="getAlpacaService initializes correctly with YOUR implementation" time="0.005">
    </testcase>
    <testcase classname="PortfolioService REAL Implementation Tests › Real AlpacaService Integration Logic" name="syncPortfolioFromBroker handles broker data transformation per YOUR implementation" time="0.002">
    </testcase>
    <testcase classname="PortfolioService REAL Implementation Tests › Real AlpacaService Integration Logic" name="syncPortfolioFromBroker handles broker API errors per YOUR error handling" time="0.004">
    </testcase>
    <testcase classname="PortfolioService REAL Implementation Tests › Real Portfolio History and Analysis" name="getPortfolioHistory returns real database historical data per YOUR implementation" time="0.002">
    </testcase>
    <testcase classname="PortfolioService REAL Implementation Tests › Real Error Handling and Edge Cases" name="handles invalid user ID gracefully per YOUR implementation" time="0.002">
    </testcase>
    <testcase classname="PortfolioService REAL Implementation Tests › Real Error Handling and Edge Cases" name="validates required portfolio fields per YOUR validation logic" time="0.002">
    </testcase>
    <testcase classname="PortfolioService REAL Implementation Tests › Real Health Check Implementation" name="healthCheck returns correct status per YOUR implementation" time="0.002">
    </testcase>
  </testsuite>
  <testsuite name="PortfolioMath REAL Financial Calculations" errors="0" failures="0" skipped="0" timestamp="2025-07-22T18:30:34" time="1.148" tests="10">
    <testcase classname="PortfolioMath REAL Financial Calculations › Real Covariance Matrix Calculations" name="calculates covariance matrix from real return data" time="0.027">
    </testcase>
    <testcase classname="PortfolioMath REAL Financial Calculations › Real Covariance Matrix Calculations" name="handles edge cases in real covariance calculation" time="0.002">
    </testcase>
    <testcase classname="PortfolioMath REAL Financial Calculations › Real Covariance Matrix Calculations" name="throws real error for invalid input" time="0.021">
    </testcase>
    <testcase classname="PortfolioMath REAL Financial Calculations › Real Expected Returns Calculations" name="calculates simple average expected returns from real data" time="0.003">
    </testcase>
    <testcase classname="PortfolioMath REAL Financial Calculations › Real Expected Returns Calculations" name="calculates EWMA expected returns with real decay" time="0.004">
    </testcase>
    <testcase classname="PortfolioMath REAL Financial Calculations › Real Correlation Matrix Calculations" name="calculates real correlation from covariance matrix" time="0.002">
    </testcase>
    <testcase classname="PortfolioMath REAL Financial Calculations › Real Mean Variance Optimization" name="performs real portfolio optimization with actual constraints" time="0.003">
    </testcase>
    <testcase classname="PortfolioMath REAL Financial Calculations › Real Mean Variance Optimization" name="handles different optimization objectives" time="0.002">
    </testcase>
    <testcase classname="PortfolioMath REAL Financial Calculations › Real Risk Metrics Calculations" name="calculates real portfolio risk metrics" time="0.002">
    </testcase>
    <testcase classname="PortfolioMath REAL Financial Calculations › Real Efficient Frontier Generation" name="generates real efficient frontier points" time="0.008">
    </testcase>
  </testsuite>
  <testsuite name="OptimizationEngine REAL Tests" errors="0" failures="0" skipped="0" timestamp="2025-07-22T18:30:35" time="1.145" tests="8">
    <testcase classname="OptimizationEngine REAL Tests › Real Portfolio Math Integration" name="generates realistic mock price data with proper format" time="0.011">
    </testcase>
    <testcase classname="OptimizationEngine REAL Tests › Real Portfolio Math Integration" name="calculates returns matrix from real price data" time="0.005">
    </testcase>
    <testcase classname="OptimizationEngine REAL Tests › Real Portfolio Math Integration" name="REAL covariance matrix calculation with actual data" time="0.003">
    </testcase>
    <testcase classname="OptimizationEngine REAL Tests › Real Rebalancing Calculations" name="calculates real rebalancing with actual portfolio data" time="0.003">
    </testcase>
    <testcase classname="OptimizationEngine REAL Tests › Real Portfolio Insights Generation" name="generates real insights from actual optimization data" time="0.004">
    </testcase>
    <testcase classname="OptimizationEngine REAL Tests › Real Demo Portfolio Logic" name="demo portfolio has realistic financial data structure" time="0.004">
    </testcase>
    <testcase classname="OptimizationEngine REAL Tests › Real Data Quality Assessment" name="assesses actual price data quality correctly" time="0.002">
    </testcase>
    <testcase classname="OptimizationEngine REAL Tests › Real Error Handling" name="handles missing portfolio data gracefully with real fallback" time="0.016">
    </testcase>
  </testsuite>
  <testsuite name="AdvancedPerformanceAnalytics" errors="0" failures="0" skipped="0" timestamp="2025-07-22T18:30:37" time="1.137" tests="11">
    <testcase classname="AdvancedPerformanceAnalytics › calculateBaseMetrics" name="calculates basic performance metrics correctly" time="0.023">
    </testcase>
    <testcase classname="AdvancedPerformanceAnalytics › calculateBaseMetrics" name="handles empty portfolio history" time="0.002">
    </testcase>
    <testcase classname="AdvancedPerformanceAnalytics › calculateRiskMetrics" name="calculates risk metrics correctly" time="0.003">
    </testcase>
    <testcase classname="AdvancedPerformanceAnalytics › calculateMaxDrawdown" name="calculates maximum drawdown correctly" time="0.002">
    </testcase>
    <testcase classname="AdvancedPerformanceAnalytics › calculateAttributionAnalysis" name="calculates attribution analysis correctly" time="0.002">
    </testcase>
    <testcase classname="AdvancedPerformanceAnalytics › calculateSectorAnalysis" name="calculates sector analysis correctly" time="0.002">
    </testcase>
    <testcase classname="AdvancedPerformanceAnalytics › calculateDiversificationScore" name="calculates diversification score correctly" time="0.003">
    </testcase>
    <testcase classname="AdvancedPerformanceAnalytics › generatePerformanceReport" name="generates comprehensive performance report" time="0.01">
    </testcase>
    <testcase classname="AdvancedPerformanceAnalytics › getPerformanceGrade" name="assigns correct performance grades" time="0.002">
    </testcase>
    <testcase classname="AdvancedPerformanceAnalytics › assessRiskProfile" name="assesses risk profile correctly" time="0.002">
    </testcase>
    <testcase classname="AdvancedPerformanceAnalytics › calculateDaysInPeriod" name="calculates days in period correctly" time="0.002">
    </testcase>
  </testsuite>
  <testsuite name="Database Utilities Unit Tests" errors="0" failures="0" skipped="0" timestamp="2025-07-22T18:30:38" time="1.134" tests="17">
    <testcase classname="Database Utilities Unit Tests › Database Configuration Management" name="handles missing database configuration gracefully" time="0.006">
    </testcase>
    <testcase classname="Database Utilities Unit Tests › Database Configuration Management" name="validates SSL configuration settings" time="0.002">
    </testcase>
    <testcase classname="Database Utilities Unit Tests › Connection Pool Management" name="handles pool warming for Lambda optimization" time="0.001">
    </testcase>
    <testcase classname="Database Utilities Unit Tests › Query Execution and Management" name="extracts table names from SQL queries correctly" time="0.002">
    </testcase>
    <testcase classname="Database Utilities Unit Tests › Query Execution and Management" name="handles safe queries with table existence validation" time="0.002">
    </testcase>
    <testcase classname="Database Utilities Unit Tests › Query Execution and Management" name="rejects safe queries when required tables are missing" time="0.004">
    </testcase>
    <testcase classname="Database Utilities Unit Tests › Transaction Management" name="rolls back transactions on errors" time="0.001">
    </testcase>
    <testcase classname="Database Utilities Unit Tests › Schema Validation and Table Management" name="checks multiple table existence efficiently" time="0.002">
    </testcase>
    <testcase classname="Database Utilities Unit Tests › Schema Validation and Table Management" name="provides database schema functions" time="0.003">
    </testcase>
    <testcase classname="Database Utilities Unit Tests › Health Checks and Monitoring" name="performs comprehensive health checks" time="0.002">
    </testcase>
    <testcase classname="Database Utilities Unit Tests › Health Checks and Monitoring" name="handles circuit breaker open state in health checks" time="0.001">
    </testcase>
    <testcase classname="Database Utilities Unit Tests › Health Checks and Monitoring" name="reports unhealthy state for database connection failures" time="0.002">
    </testcase>
    <testcase classname="Database Utilities Unit Tests › Lambda Optimization Features" name="calculates appropriate pool sizes for Lambda concurrency" time="0.002">
    </testcase>
    <testcase classname="Database Utilities Unit Tests › Connection Cleanup and Resource Management" name="handles connection cleanup errors gracefully" time="0.002">
    </testcase>
    <testcase classname="Database Utilities Unit Tests › Edge Cases and Error Scenarios" name="handles malformed SQL queries gracefully" time="0.003">
    </testcase>
    <testcase classname="Database Utilities Unit Tests › Edge Cases and Error Scenarios" name="validates environment variable data types" time="0.004">
    </testcase>
    <testcase classname="Database Utilities Unit Tests › Edge Cases and Error Scenarios" name="handles missing optional configuration gracefully" time="0.002">
    </testcase>
  </testsuite>
  <testsuite name="Database Utilities Unit Tests (Industry Standard)" errors="0" failures="0" skipped="0" timestamp="2025-07-22T18:30:39" time="1.113" tests="9">
    <testcase classname="Database Utilities Unit Tests (Industry Standard) › Table Name Extraction" name="extracts table names from simple SELECT queries" time="0.005">
    </testcase>
    <testcase classname="Database Utilities Unit Tests (Industry Standard) › Table Name Extraction" name="extracts table names from INSERT queries" time="0.002">
    </testcase>
    <testcase classname="Database Utilities Unit Tests (Industry Standard) › Table Name Extraction" name="extracts table names from CTE queries" time="0.002">
    </testcase>
    <testcase classname="Database Utilities Unit Tests (Industry Standard) › Table Name Extraction" name="returns &quot;unknown&quot; for malformed queries" time="0.002">
    </testcase>
    <testcase classname="Database Utilities Unit Tests (Industry Standard) › Connection Pool Configuration" name="calculates optimal pool size for Lambda environment" time="0.003">
    </testcase>
    <testcase classname="Database Utilities Unit Tests (Industry Standard) › Connection Pool Configuration" name="uses production configuration for non-Lambda environment" time="0.005">
    </testcase>
    <testcase classname="Database Utilities Unit Tests (Industry Standard) › Connection Pool Configuration" name="uses development configuration by default" time="0.002">
    </testcase>
    <testcase classname="Database Utilities Unit Tests (Industry Standard) › Function Exports" name="exports all required database functions" time="0.002">
    </testcase>
    <testcase classname="Database Utilities Unit Tests (Industry Standard) › Database Exports" name="exports core database functions" time="0.002">
    </testcase>
  </testsuite>
</testsuites>