TN:
SF:middleware/auth.js
FN:10,(anonymous_0)
FN:34,(anonymous_1)
FN:124,(anonymous_2)
FN:324,(anonymous_3)
FN:325,(anonymous_4)
FN:340,(anonymous_5)
FN:359,(anonymous_6)
FN:390,(anonymous_7)
FN:391,(anonymous_8)
FN:431,(anonymous_9)
FN:461,(anonymous_10)
FN:464,(anonymous_11)
FN:501,(anonymous_12)
FN:511,(anonymous_13)
FNF:14
FNH:3
FNDA:42,(anonymous_0)
FNDA:68,(anonymous_1)
FNDA:0,(anonymous_2)
FNDA:2,(anonymous_3)
FNDA:0,(anonymous_4)
FNDA:0,(anonymous_5)
FNDA:0,(anonymous_6)
FNDA:0,(anonymous_7)
FNDA:0,(anonymous_8)
FNDA:0,(anonymous_9)
FNDA:0,(anonymous_10)
FNDA:0,(anonymous_11)
FNDA:0,(anonymous_12)
FNDA:0,(anonymous_13)
DA:1,1
DA:10,1
DA:12,42
DA:13,42
DA:15,42
DA:16,8
DA:23,34
DA:27,0
DA:34,68
DA:35,34
DA:37,34
DA:38,0
DA:45,34
DA:47,34
DA:48,0
DA:55,34
DA:56,33
DA:57,33
DA:64,33
DA:65,33
DA:69,1
DA:72,1
DA:73,0
DA:76,1
DA:78,1
DA:79,0
DA:85,1
DA:86,1
DA:87,1
DA:89,0
DA:90,0
DA:92,0
DA:94,1
DA:95,0
DA:100,1
DA:101,1
DA:106,0
DA:112,0
DA:120,0
DA:124,1
DA:125,0
DA:127,0
DA:132,0
DA:133,0
DA:136,0
DA:137,0
DA:138,0
DA:145,0
DA:146,0
DA:151,0
DA:157,0
DA:164,0
DA:165,0
DA:168,0
DA:169,0
DA:171,0
DA:172,0
DA:187,0
DA:190,0
DA:192,0
DA:193,0
DA:210,0
DA:227,0
DA:230,0
DA:231,0
DA:232,0
DA:235,0
DA:240,0
DA:242,0
DA:245,0
DA:246,0
DA:269,0
DA:273,0
DA:289,0
DA:293,0
DA:308,0
DA:324,1
DA:325,2
DA:326,0
DA:327,0
DA:335,0
DA:336,0
DA:339,0
DA:340,0
DA:342,0
DA:343,0
DA:354,0
DA:359,1
DA:360,0
DA:361,0
DA:362,0
DA:364,0
DA:365,0
DA:366,0
DA:367,0
DA:368,0
DA:369,0
DA:370,0
DA:371,0
DA:378,0
DA:383,0
DA:386,0
DA:390,1
DA:391,0
DA:392,0
DA:393,0
DA:394,0
DA:402,0
DA:403,0
DA:405,0
DA:406,0
DA:417,0
DA:418,0
DA:420,0
DA:422,0
DA:423,0
DA:431,1
DA:432,0
DA:433,0
DA:434,0
DA:437,0
DA:438,0
DA:441,0
DA:442,0
DA:443,0
DA:447,0
DA:448,0
DA:450,0
DA:453,0
DA:455,0
DA:456,0
DA:461,1
DA:462,0
DA:464,0
DA:465,0
DA:466,0
DA:467,0
DA:469,0
DA:470,0
DA:473,0
DA:476,0
DA:477,0
DA:481,0
DA:482,0
DA:493,0
DA:494,0
DA:496,0
DA:501,1
DA:502,0
DA:505,0
DA:510,0
DA:511,0
DA:512,0
DA:513,0
DA:518,0
DA:521,0
DA:524,1
LF:157
LH:36
BRDA:12,0,0,42
BRDA:12,0,1,0
BRDA:15,1,0,8
BRDA:15,1,1,34
BRDA:23,2,0,0
BRDA:23,2,1,34
BRDA:24,3,0,34
BRDA:24,3,1,0
BRDA:37,4,0,0
BRDA:37,4,1,34
BRDA:47,5,0,0
BRDA:47,5,1,34
BRDA:55,6,0,33
BRDA:55,6,1,1
BRDA:72,7,0,0
BRDA:72,7,1,1
BRDA:72,8,0,1
BRDA:72,8,1,1
BRDA:78,9,0,0
BRDA:78,9,1,1
BRDA:86,10,0,1
BRDA:86,10,1,0
BRDA:94,11,0,0
BRDA:94,11,1,1
BRDA:100,12,0,1
BRDA:100,12,1,0
BRDA:127,13,0,0
BRDA:127,13,1,0
BRDA:128,14,0,0
BRDA:128,14,1,0
BRDA:128,14,2,0
BRDA:132,15,0,0
BRDA:132,15,1,0
BRDA:133,16,0,0
BRDA:133,16,1,0
BRDA:136,17,0,0
BRDA:136,17,1,0
BRDA:136,18,0,0
BRDA:136,18,1,0
BRDA:136,18,2,0
BRDA:145,19,0,0
BRDA:145,19,1,0
BRDA:151,20,0,0
BRDA:151,20,1,0
BRDA:152,21,0,0
BRDA:152,21,1,0
BRDA:152,21,2,0
BRDA:152,21,3,0
BRDA:169,22,0,0
BRDA:169,22,1,0
BRDA:171,23,0,0
BRDA:171,23,1,0
BRDA:190,24,0,0
BRDA:190,24,1,0
BRDA:192,25,0,0
BRDA:192,25,1,0
BRDA:192,26,0,0
BRDA:192,26,1,0
BRDA:211,27,0,0
BRDA:211,27,1,0
BRDA:236,28,0,0
BRDA:236,28,1,0
BRDA:245,29,0,0
BRDA:245,29,1,0
BRDA:269,30,0,0
BRDA:269,30,1,0
BRDA:270,31,0,0
BRDA:270,31,1,0
BRDA:289,32,0,0
BRDA:289,32,1,0
BRDA:290,33,0,0
BRDA:290,33,1,0
BRDA:326,34,0,0
BRDA:326,34,1,0
BRDA:336,35,0,0
BRDA:336,35,1,0
BRDA:342,36,0,0
BRDA:342,36,1,0
BRDA:342,37,0,0
BRDA:342,37,1,0
BRDA:362,38,0,0
BRDA:362,38,1,0
BRDA:364,39,0,0
BRDA:364,39,1,0
BRDA:367,40,0,0
BRDA:367,40,1,0
BRDA:367,41,0,0
BRDA:367,41,1,0
BRDA:372,42,0,0
BRDA:372,42,1,0
BRDA:393,43,0,0
BRDA:393,43,1,0
BRDA:393,44,0,0
BRDA:393,44,1,0
BRDA:405,45,0,0
BRDA:405,45,1,0
BRDA:433,46,0,0
BRDA:433,46,1,0
BRDA:441,47,0,0
BRDA:441,47,1,0
BRDA:448,48,0,0
BRDA:448,48,1,0
BRDA:461,49,0,0
BRDA:465,50,0,0
BRDA:465,50,1,0
BRDA:469,51,0,0
BRDA:469,51,1,0
BRDA:476,52,0,0
BRDA:476,52,1,0
BRDA:481,53,0,0
BRDA:481,53,1,0
BRDA:506,54,0,0
BRDA:506,54,1,0
BRF:113
BRH:16
end_of_record
TN:
SF:middleware/errorHandler.js
FN:1,(anonymous_0)
FNF:1
FNH:0
FNDA:0,(anonymous_0)
DA:1,1
DA:2,0
DA:11,0
DA:12,0
DA:13,0
DA:16,0
DA:17,0
DA:18,0
DA:19,0
DA:20,0
DA:22,0
DA:23,0
DA:24,0
DA:25,0
DA:27,0
DA:28,0
DA:29,0
DA:30,0
DA:32,0
DA:33,0
DA:34,0
DA:35,0
DA:37,0
DA:38,0
DA:41,0
DA:52,0
DA:53,0
DA:56,0
DA:59,1
LF:29
LH:2
BRDA:16,0,0,0
BRDA:16,0,1,0
BRDA:20,1,0,0
BRDA:20,1,1,0
BRDA:25,2,0,0
BRDA:25,2,1,0
BRDA:30,3,0,0
BRDA:30,3,1,0
BRDA:35,4,0,0
BRDA:35,4,1,0
BRDA:37,5,0,0
BRDA:37,5,1,0
BRDA:52,6,0,0
BRDA:52,6,1,0
BRDA:52,7,0,0
BRDA:52,7,1,0
BRF:16
BRH:0
end_of_record
TN:
SF:middleware/responseFormatter.js
FN:14,(anonymous_0)
FN:19,(anonymous_1)
FN:25,(anonymous_2)
FN:31,(anonymous_3)
FN:37,(anonymous_4)
FN:43,(anonymous_5)
FN:49,(anonymous_6)
FN:55,(anonymous_7)
FN:61,(anonymous_8)
FNF:9
FNH:1
FNDA:42,(anonymous_0)
FNDA:0,(anonymous_1)
FNDA:0,(anonymous_2)
FNDA:0,(anonymous_3)
FNDA:0,(anonymous_4)
FNDA:0,(anonymous_5)
FNDA:0,(anonymous_6)
FNDA:0,(anonymous_7)
FNDA:0,(anonymous_8)
DA:6,1
DA:14,1
DA:16,42
DA:19,42
DA:20,0
DA:21,0
DA:25,42
DA:26,0
DA:27,0
DA:31,42
DA:32,0
DA:33,0
DA:37,42
DA:38,0
DA:39,0
DA:43,42
DA:44,0
DA:45,0
DA:49,42
DA:50,0
DA:51,0
DA:55,42
DA:56,0
DA:57,0
DA:61,42
DA:62,0
DA:63,0
DA:66,42
DA:69,1
LF:29
LH:13
BRDA:19,0,0,0
BRDA:19,1,0,0
BRDA:25,2,0,0
BRDA:25,3,0,0
BRDA:31,4,0,0
BRDA:43,5,0,0
BRDA:49,6,0,0
BRDA:55,7,0,0
BRDA:61,8,0,0
BRDA:61,9,0,0
BRF:10
BRH:0
end_of_record
TN:
SF:middleware/validation.js
FN:11,sanitizeString
FN:19,sanitizeNumber
FN:30,sanitizeInteger
FN:41,sanitizeArray
FN:49,isValidEmail
FN:57,isValidSymbol
FN:65,isValidDate
FN:78,(anonymous_7)
FN:85,(anonymous_8)
FN:93,(anonymous_9)
FN:97,(anonymous_10)
FN:103,(anonymous_11)
FN:107,(anonymous_12)
FN:113,(anonymous_13)
FN:124,(anonymous_14)
FN:125,(anonymous_15)
FN:134,(anonymous_16)
FN:135,(anonymous_17)
FN:144,(anonymous_18)
FN:149,(anonymous_19)
FN:157,(anonymous_20)
FN:158,(anonymous_21)
FN:165,(anonymous_22)
FN:166,(anonymous_23)
FN:174,(anonymous_24)
FN:175,(anonymous_25)
FN:182,(anonymous_26)
FN:183,(anonymous_27)
FN:191,(anonymous_28)
FN:192,(anonymous_29)
FN:200,(anonymous_30)
FN:201,(anonymous_31)
FN:209,(anonymous_32)
FN:210,(anonymous_33)
FN:236,(anonymous_34)
FN:240,(anonymous_35)
FN:249,(anonymous_36)
FN:250,(anonymous_37)
FN:271,createValidationMiddleware
FN:272,(anonymous_39)
FN:339,validateBody
FN:340,(anonymous_41)
FN:388,validateQuery
FN:389,(anonymous_43)
FN:484,(anonymous_44)
FNF:45
FNH:1
FNDA:0,sanitizeString
FNDA:0,sanitizeNumber
FNDA:0,sanitizeInteger
FNDA:0,sanitizeArray
FNDA:0,isValidEmail
FNDA:0,isValidSymbol
FNDA:0,isValidDate
FNDA:0,(anonymous_7)
FNDA:0,(anonymous_8)
FNDA:0,(anonymous_9)
FNDA:0,(anonymous_10)
FNDA:0,(anonymous_11)
FNDA:0,(anonymous_12)
FNDA:0,(anonymous_13)
FNDA:0,(anonymous_14)
FNDA:0,(anonymous_15)
FNDA:0,(anonymous_16)
FNDA:0,(anonymous_17)
FNDA:0,(anonymous_18)
FNDA:0,(anonymous_19)
FNDA:0,(anonymous_20)
FNDA:0,(anonymous_21)
FNDA:0,(anonymous_22)
FNDA:0,(anonymous_23)
FNDA:0,(anonymous_24)
FNDA:0,(anonymous_25)
FNDA:0,(anonymous_26)
FNDA:0,(anonymous_27)
FNDA:0,(anonymous_28)
FNDA:0,(anonymous_29)
FNDA:0,(anonymous_30)
FNDA:0,(anonymous_31)
FNDA:0,(anonymous_32)
FNDA:0,(anonymous_33)
FNDA:0,(anonymous_34)
FNDA:0,(anonymous_35)
FNDA:0,(anonymous_36)
FNDA:0,(anonymous_37)
FNDA:6,createValidationMiddleware
FNDA:0,(anonymous_39)
FNDA:0,validateBody
FNDA:0,(anonymous_41)
FNDA:0,validateQuery
FNDA:0,(anonymous_43)
FNDA:0,(anonymous_44)
DA:6,1
DA:12,0
DA:13,0
DA:20,0
DA:21,0
DA:22,0
DA:23,0
DA:24,0
DA:31,0
DA:32,0
DA:33,0
DA:34,0
DA:35,0
DA:42,0
DA:43,0
DA:50,0
DA:51,0
DA:58,0
DA:59,0
DA:66,0
DA:67,0
DA:73,1
DA:79,0
DA:80,0
DA:85,0
DA:94,0
DA:95,0
DA:98,0
DA:103,0
DA:108,0
DA:109,0
DA:110,0
DA:113,0
DA:124,0
DA:125,0
DA:134,0
DA:135,0
DA:145,0
DA:146,0
DA:147,0
DA:149,0
DA:157,0
DA:158,0
DA:165,0
DA:166,0
DA:174,0
DA:175,0
DA:182,0
DA:183,0
DA:191,0
DA:192,0
DA:200,0
DA:201,0
DA:209,0
DA:211,0
DA:212,0
DA:227,0
DA:237,0
DA:238,0
DA:240,0
DA:249,0
DA:251,0
DA:252,0
DA:261,0
DA:272,6
DA:273,0
DA:274,0
DA:277,0
DA:279,0
DA:282,0
DA:286,0
DA:291,0
DA:295,0
DA:296,0
DA:297,0
DA:298,0
DA:299,0
DA:304,0
DA:305,0
DA:309,0
DA:310,0
DA:311,0
DA:317,0
DA:322,0
DA:326,0
DA:327,0
DA:331,0
DA:332,0
DA:340,0
DA:341,0
DA:342,0
DA:344,0
DA:345,0
DA:347,0
DA:348,0
DA:353,0
DA:356,0
DA:357,0
DA:358,0
DA:360,0
DA:363,0
DA:367,0
DA:376,0
DA:377,0
DA:380,0
DA:381,0
DA:389,0
DA:390,0
DA:391,0
DA:393,0
DA:394,0
DA:396,0
DA:400,0
DA:405,0
DA:408,0
DA:409,0
DA:410,0
DA:413,0
DA:414,0
DA:420,0
DA:423,0
DA:424,0
DA:425,0
DA:429,0
DA:430,0
DA:433,0
DA:434,0
DA:441,1
DA:483,1
DA:485,0
DA:487,0
DA:490,0
DA:491,0
DA:495,0
DA:496,0
DA:500,0
DA:501,0
DA:509,0
DA:517,1
LF:139
LH:6
BRDA:11,0,0,0
BRDA:12,1,0,0
BRDA:12,1,1,0
BRDA:19,2,0,0
BRDA:19,3,0,0
BRDA:21,4,0,0
BRDA:21,4,1,0
BRDA:22,5,0,0
BRDA:22,5,1,0
BRDA:22,6,0,0
BRDA:22,6,1,0
BRDA:23,7,0,0
BRDA:23,7,1,0
BRDA:23,8,0,0
BRDA:23,8,1,0
BRDA:30,9,0,0
BRDA:30,10,0,0
BRDA:32,11,0,0
BRDA:32,11,1,0
BRDA:33,12,0,0
BRDA:33,12,1,0
BRDA:33,13,0,0
BRDA:33,13,1,0
BRDA:34,14,0,0
BRDA:34,14,1,0
BRDA:34,15,0,0
BRDA:34,15,1,0
BRDA:41,16,0,0
BRDA:42,17,0,0
BRDA:42,17,1,0
BRDA:58,18,0,0
BRDA:58,18,1,0
BRDA:79,19,0,0
BRDA:79,19,1,0
BRDA:94,20,0,0
BRDA:94,20,1,0
BRDA:108,21,0,0
BRDA:108,21,1,0
BRDA:111,22,0,0
BRDA:111,22,1,0
BRDA:111,22,2,0
BRDA:125,23,0,0
BRDA:125,23,1,0
BRDA:145,24,0,0
BRDA:145,24,1,0
BRDA:147,25,0,0
BRDA:147,25,1,0
BRDA:149,26,0,0
BRDA:149,26,1,0
BRDA:192,27,0,0
BRDA:192,27,1,0
BRDA:201,28,0,0
BRDA:201,28,1,0
BRDA:211,29,0,0
BRDA:211,29,1,0
BRDA:237,30,0,0
BRDA:237,30,1,0
BRDA:238,31,0,0
BRDA:238,31,1,0
BRDA:251,32,0,0
BRDA:251,32,1,0
BRDA:279,33,0,0
BRDA:279,33,1,0
BRDA:279,33,2,0
BRDA:282,34,0,0
BRDA:282,34,1,0
BRDA:283,35,0,0
BRDA:283,35,1,0
BRDA:283,35,2,0
BRDA:283,35,3,0
BRDA:288,36,0,0
BRDA:288,36,1,0
BRDA:295,37,0,0
BRDA:295,37,1,0
BRDA:295,38,0,0
BRDA:295,38,1,0
BRDA:295,38,2,0
BRDA:296,39,0,0
BRDA:296,39,1,0
BRDA:298,40,0,0
BRDA:298,40,1,0
BRDA:304,41,0,0
BRDA:304,41,1,0
BRDA:304,42,0,0
BRDA:304,42,1,0
BRDA:309,43,0,0
BRDA:309,43,1,0
BRDA:309,44,0,0
BRDA:309,44,1,0
BRDA:310,45,0,0
BRDA:310,45,1,0
BRDA:313,46,0,0
BRDA:313,46,1,0
BRDA:326,47,0,0
BRDA:326,47,1,0
BRDA:347,48,0,0
BRDA:347,48,1,0
BRDA:347,49,0,0
BRDA:347,49,1,0
BRDA:347,49,2,0
BRDA:356,50,0,0
BRDA:356,50,1,0
BRDA:356,51,0,0
BRDA:356,51,1,0
BRDA:357,52,0,0
BRDA:357,52,1,0
BRDA:363,53,0,0
BRDA:363,53,1,0
BRDA:364,54,0,0
BRDA:364,54,1,0
BRDA:369,55,0,0
BRDA:369,55,1,0
BRDA:376,56,0,0
BRDA:376,56,1,0
BRDA:396,57,0,0
BRDA:396,57,1,0
BRDA:397,58,0,0
BRDA:397,58,1,0
BRDA:397,58,2,0
BRDA:397,58,3,0
BRDA:408,59,0,0
BRDA:408,59,1,0
BRDA:408,60,0,0
BRDA:408,60,1,0
BRDA:408,60,2,0
BRDA:409,61,0,0
BRDA:409,61,1,0
BRDA:413,62,0,0
BRDA:413,62,1,0
BRDA:413,63,0,0
BRDA:413,63,1,0
BRDA:416,64,0,0
BRDA:416,64,1,0
BRDA:424,65,0,0
BRDA:424,65,1,0
BRDA:429,66,0,0
BRDA:429,66,1,0
BRDA:484,67,0,0
BRDA:485,68,0,0
BRDA:485,68,1,0
BRDA:490,69,0,0
BRDA:490,69,1,0
BRDA:495,70,0,0
BRDA:495,70,1,0
BRDA:500,71,0,0
BRDA:500,71,1,0
BRF:146
BRH:0
end_of_record
TN:
SF:routes/alerts.js
FN:9,(anonymous_0)
FN:13,(anonymous_1)
FN:26,(anonymous_2)
FN:191,(anonymous_3)
FN:237,(anonymous_4)
FN:238,(anonymous_5)
FN:240,(anonymous_6)
FN:254,(anonymous_7)
FN:257,(anonymous_8)
FN:261,(anonymous_9)
FN:262,(anonymous_10)
FN:264,(anonymous_11)
FN:303,(anonymous_12)
FN:338,(anonymous_13)
FN:370,(anonymous_14)
FN:407,(anonymous_15)
FN:454,(anonymous_16)
FN:737,(anonymous_17)
FN:926,(anonymous_18)
FN:929,(anonymous_19)
FN:999,(anonymous_20)
FN:1067,(anonymous_21)
FN:1086,(anonymous_22)
FN:1100,(anonymous_23)
FN:1101,(anonymous_24)
FN:1102,(anonymous_25)
FN:1124,(anonymous_26)
FN:1157,(anonymous_27)
FN:1158,(anonymous_28)
FN:1172,(anonymous_29)
FN:1194,(anonymous_30)
FN:1336,(anonymous_31)
FN:1341,(anonymous_32)
FN:1351,(anonymous_33)
FN:1352,(anonymous_34)
FN:1354,(anonymous_35)
FN:1358,(anonymous_36)
FN:1362,(anonymous_37)
FN:1502,(anonymous_38)
FN:1569,(anonymous_39)
FN:1618,(anonymous_40)
FN:1670,(anonymous_41)
FN:1672,(anonymous_42)
FN:1689,(anonymous_43)
FN:1695,(anonymous_44)
FN:1765,(anonymous_45)
FN:1767,(anonymous_46)
FN:1769,(anonymous_47)
FN:1787,(anonymous_48)
FN:1903,(anonymous_49)
FN:1959,checkAlertTrigger
FN:1978,updateAlertStatus
FN:1991,(anonymous_52)
FN:2043,(anonymous_53)
FN:2097,(anonymous_54)
FN:2138,(anonymous_55)
FN:2262,(anonymous_56)
FN:2270,(anonymous_57)
FN:2340,(anonymous_58)
FN:2409,(anonymous_59)
FN:2478,(anonymous_60)
FN:2481,(anonymous_61)
FN:2484,(anonymous_62)
FN:2487,(anonymous_63)
FNF:64
FNH:0
FNDA:0,(anonymous_0)
FNDA:0,(anonymous_1)
FNDA:0,(anonymous_2)
FNDA:0,(anonymous_3)
FNDA:0,(anonymous_4)
FNDA:0,(anonymous_5)
FNDA:0,(anonymous_6)
FNDA:0,(anonymous_7)
FNDA:0,(anonymous_8)
FNDA:0,(anonymous_9)
FNDA:0,(anonymous_10)
FNDA:0,(anonymous_11)
FNDA:0,(anonymous_12)
FNDA:0,(anonymous_13)
FNDA:0,(anonymous_14)
FNDA:0,(anonymous_15)
FNDA:0,(anonymous_16)
FNDA:0,(anonymous_17)
FNDA:0,(anonymous_18)
FNDA:0,(anonymous_19)
FNDA:0,(anonymous_20)
FNDA:0,(anonymous_21)
FNDA:0,(anonymous_22)
FNDA:0,(anonymous_23)
FNDA:0,(anonymous_24)
FNDA:0,(anonymous_25)
FNDA:0,(anonymous_26)
FNDA:0,(anonymous_27)
FNDA:0,(anonymous_28)
FNDA:0,(anonymous_29)
FNDA:0,(anonymous_30)
FNDA:0,(anonymous_31)
FNDA:0,(anonymous_32)
FNDA:0,(anonymous_33)
FNDA:0,(anonymous_34)
FNDA:0,(anonymous_35)
FNDA:0,(anonymous_36)
FNDA:0,(anonymous_37)
FNDA:0,(anonymous_38)
FNDA:0,(anonymous_39)
FNDA:0,(anonymous_40)
FNDA:0,(anonymous_41)
FNDA:0,(anonymous_42)
FNDA:0,(anonymous_43)
FNDA:0,(anonymous_44)
FNDA:0,(anonymous_45)
FNDA:0,(anonymous_46)
FNDA:0,(anonymous_47)
FNDA:0,(anonymous_48)
FNDA:0,(anonymous_49)
FNDA:0,checkAlertTrigger
FNDA:0,updateAlertStatus
FNDA:0,(anonymous_52)
FNDA:0,(anonymous_53)
FNDA:0,(anonymous_54)
FNDA:0,(anonymous_55)
FNDA:0,(anonymous_56)
FNDA:0,(anonymous_57)
FNDA:0,(anonymous_58)
FNDA:0,(anonymous_59)
FNDA:0,(anonymous_60)
FNDA:0,(anonymous_61)
FNDA:0,(anonymous_62)
FNDA:0,(anonymous_63)
DA:1,1
DA:3,1
DA:4,1
DA:6,1
DA:9,1
DA:11,0
DA:12,0
DA:13,0
DA:16,0
DA:18,0
DA:22,0
DA:26,1
DA:27,0
DA:28,0
DA:36,0
DA:38,0
DA:43,0
DA:128,0
DA:129,0
DA:132,0
DA:133,0
DA:134,0
DA:135,0
DA:138,0
DA:139,0
DA:140,0
DA:141,0
DA:144,0
DA:145,0
DA:146,0
DA:147,0
DA:150,0
DA:151,0
DA:152,0
DA:153,0
DA:157,0
DA:165,0
DA:166,0
DA:168,0
DA:171,0
DA:172,0
DA:191,0
DA:192,0
DA:193,0
DA:195,0
DA:236,0
DA:237,0
DA:238,0
DA:239,0
DA:240,0
DA:243,0
DA:254,0
DA:257,0
DA:261,0
DA:262,0
DA:264,0
DA:285,0
DA:286,0
DA:303,1
DA:304,0
DA:305,0
DA:306,0
DA:308,0
DA:313,0
DA:314,0
DA:317,0
DA:328,0
DA:329,0
DA:338,1
DA:339,0
DA:340,0
DA:341,0
DA:342,0
DA:344,0
DA:347,0
DA:360,0
DA:361,0
DA:370,1
DA:371,0
DA:372,0
DA:373,0
DA:374,0
DA:376,0
DA:380,0
DA:384,0
DA:397,0
DA:398,0
DA:407,1
DA:408,0
DA:409,0
DA:417,0
DA:419,0
DA:423,0
DA:437,0
DA:444,0
DA:445,0
DA:454,1
DA:455,0
DA:456,0
DA:461,0
DA:463,0
DA:468,0
DA:469,0
DA:470,0
DA:479,0
DA:487,0
DA:488,0
DA:491,0
DA:510,0
DA:511,0
DA:513,0
DA:514,0
DA:519,0
DA:526,0
DA:541,0
DA:542,0
DA:558,0
DA:560,0
DA:564,0
DA:568,0
DA:573,0
DA:574,0
DA:575,0
DA:585,0
DA:586,0
DA:587,0
DA:604,0
DA:704,0
DA:705,0
DA:708,0
DA:709,0
DA:712,0
DA:720,0
DA:726,0
DA:727,0
DA:737,1
DA:738,0
DA:739,0
DA:740,0
DA:744,0
DA:745,0
DA:751,0
DA:752,0
DA:753,0
DA:755,0
DA:759,0
DA:761,0
DA:764,0
DA:924,0
DA:926,0
DA:927,0
DA:929,0
DA:930,0
DA:934,0
DA:988,0
DA:989,0
DA:999,1
DA:1000,0
DA:1001,0
DA:1008,0
DA:1009,0
DA:1012,0
DA:1013,0
DA:1014,0
DA:1017,0
DA:1018,0
DA:1019,0
DA:1020,0
DA:1023,0
DA:1024,0
DA:1025,0
DA:1026,0
DA:1029,0
DA:1030,0
DA:1031,0
DA:1032,0
DA:1035,0
DA:1036,0
DA:1037,0
DA:1038,0
DA:1041,0
DA:1061,0
DA:1063,0
DA:1066,0
DA:1067,0
DA:1086,0
DA:1087,0
DA:1088,0
DA:1089,0
DA:1092,0
DA:1100,0
DA:1101,0
DA:1102,0
DA:1115,0
DA:1124,1
DA:1125,0
DA:1126,0
DA:1127,0
DA:1129,0
DA:1152,0
DA:1157,0
DA:1158,0
DA:1163,0
DA:1172,1
DA:1173,0
DA:1174,0
DA:1180,0
DA:1182,0
DA:1188,0
DA:1190,0
DA:1194,0
DA:1195,0
DA:1196,0
DA:1199,0
DA:1200,0
DA:1201,0
DA:1202,0
DA:1205,0
DA:1210,0
DA:1226,0
DA:1231,0
DA:1247,0
DA:1252,0
DA:1257,0
DA:1262,0
DA:1267,0
DA:1289,0
DA:1290,0
DA:1306,0
DA:1308,0
DA:1312,0
DA:1331,0
DA:1334,0
DA:1336,0
DA:1339,0
DA:1342,0
DA:1345,0
DA:1351,0
DA:1352,0
DA:1354,0
DA:1358,0
DA:1362,0
DA:1381,0
DA:1383,0
DA:1385,0
DA:1386,0
DA:1395,0
DA:1396,0
DA:1398,0
DA:1407,0
DA:1408,0
DA:1409,0
DA:1418,0
DA:1420,0
DA:1423,0
DA:1438,0
DA:1449,0
DA:1451,0
DA:1452,0
DA:1454,0
DA:1457,0
DA:1467,0
DA:1469,0
DA:1471,0
DA:1474,0
DA:1485,0
DA:1492,0
DA:1493,0
DA:1502,1
DA:1503,0
DA:1504,0
DA:1513,0
DA:1515,0
DA:1517,0
DA:1518,0
DA:1526,0
DA:1528,0
DA:1545,0
DA:1559,0
DA:1560,0
DA:1569,1
DA:1570,0
DA:1571,0
DA:1572,0
DA:1573,0
DA:1575,0
DA:1577,0
DA:1578,0
DA:1586,0
DA:1594,0
DA:1608,0
DA:1609,0
DA:1618,1
DA:1619,0
DA:1620,0
DA:1628,0
DA:1630,0
DA:1635,0
DA:1636,0
DA:1637,0
DA:1639,0
DA:1640,0
DA:1641,0
DA:1642,0
DA:1645,0
DA:1646,0
DA:1647,0
DA:1648,0
DA:1652,0
DA:1664,0
DA:1666,0
DA:1669,0
DA:1670,0
DA:1672,0
DA:1674,0
DA:1675,0
DA:1676,0
DA:1689,0
DA:1690,0
DA:1695,0
DA:1696,0
DA:1698,0
DA:1699,0
DA:1702,0
DA:1703,0
DA:1710,0
DA:1711,0
DA:1713,0
DA:1714,0
DA:1717,0
DA:1721,0
DA:1741,0
DA:1747,0
DA:1751,0
DA:1753,0
DA:1765,0
DA:1767,0
DA:1769,0
DA:1776,0
DA:1777,0
DA:1787,1
DA:1788,0
DA:1789,0
DA:1790,0
DA:1791,0
DA:1806,0
DA:1809,0
DA:1810,0
DA:1817,0
DA:1823,0
DA:1824,0
DA:1831,0
DA:1842,0
DA:1845,0
DA:1853,0
DA:1866,0
DA:1868,0
DA:1872,0
DA:1892,0
DA:1893,0
DA:1903,1
DA:1904,0
DA:1905,0
DA:1906,0
DA:1908,0
DA:1909,0
DA:1916,0
DA:1925,0
DA:1926,0
DA:1932,0
DA:1934,0
DA:1938,0
DA:1948,0
DA:1949,0
DA:1960,0
DA:1962,0
DA:1964,0
DA:1966,0
DA:1969,0
DA:1972,0
DA:1974,0
DA:1979,0
DA:1980,0
DA:1985,0
DA:1987,0
DA:1991,1
DA:1992,0
DA:1993,0
DA:1994,0
DA:1995,0
DA:1997,0
DA:1999,0
DA:2000,0
DA:2007,0
DA:2022,0
DA:2033,0
DA:2034,0
DA:2043,1
DA:2044,0
DA:2045,0
DA:2046,0
DA:2047,0
DA:2049,0
DA:2054,0
DA:2055,0
DA:2056,0
DA:2063,0
DA:2071,0
DA:2072,0
DA:2078,0
DA:2087,0
DA:2088,0
DA:2097,1
DA:2098,0
DA:2099,0
DA:2100,0
DA:2102,0
DA:2105,0
DA:2112,0
DA:2113,0
DA:2119,0
DA:2128,0
DA:2129,0
DA:2138,1
DA:2139,0
DA:2140,0
DA:2143,0
DA:2149,0
DA:2151,0
DA:2178,0
DA:2181,0
DA:2209,0
DA:2213,0
DA:2224,0
DA:2225,0
DA:2227,0
DA:2231,0
DA:2238,0
DA:2239,0
DA:2240,0
DA:2246,0
DA:2249,0
DA:2256,0
DA:2257,0
DA:2262,1
DA:2263,0
DA:2264,0
DA:2265,0
DA:2267,0
DA:2270,0
DA:2271,0
DA:2272,0
DA:2274,0
DA:2275,0
DA:2276,0
DA:2277,0
DA:2279,0
DA:2284,0
DA:2293,0
DA:2298,0
DA:2307,0
DA:2312,0
DA:2313,0
DA:2318,0
DA:2323,0
DA:2333,0
DA:2335,0
DA:2339,0
DA:2340,0
DA:2342,0
DA:2343,0
DA:2346,0
DA:2347,0
DA:2351,0
DA:2366,0
DA:2368,0
DA:2369,0
DA:2382,0
DA:2396,0
DA:2397,0
DA:2409,1
DA:2410,0
DA:2411,0
DA:2413,0
DA:2414,0
DA:2420,0
DA:2473,0
DA:2476,0
DA:2477,0
DA:2478,0
DA:2480,0
DA:2481,0
DA:2483,0
DA:2484,0
DA:2486,0
DA:2487,0
DA:2490,0
DA:2505,0
DA:2506,0
DA:2513,0
DA:2518,0
DA:2519,0
DA:2523,0
DA:2530,1
LF:504
LH:27
BRDA:13,0,0,0
BRDA:13,0,1,0
BRDA:16,1,0,0
BRDA:16,1,1,0
BRDA:28,2,0,0
BRDA:28,2,1,0
BRDA:30,3,0,0
BRDA:31,4,0,0
BRDA:32,5,0,0
BRDA:34,6,0,0
BRDA:35,7,0,0
BRDA:132,8,0,0
BRDA:132,8,1,0
BRDA:138,9,0,0
BRDA:138,9,1,0
BRDA:144,10,0,0
BRDA:144,10,1,0
BRDA:150,11,0,0
BRDA:150,11,1,0
BRDA:171,12,0,0
BRDA:171,12,1,0
BRDA:171,13,0,0
BRDA:171,13,1,0
BRDA:171,13,2,0
BRDA:193,14,0,0
BRDA:193,14,1,0
BRDA:200,15,0,0
BRDA:200,15,1,0
BRDA:202,16,0,0
BRDA:202,16,1,0
BRDA:202,16,2,0
BRDA:212,17,0,0
BRDA:212,17,1,0
BRDA:215,18,0,0
BRDA:215,18,1,0
BRDA:221,19,0,0
BRDA:221,19,1,0
BRDA:223,20,0,0
BRDA:223,20,1,0
BRDA:271,21,0,0
BRDA:271,21,1,0
BRDA:295,22,0,0
BRDA:295,22,1,0
BRDA:305,23,0,0
BRDA:305,23,1,0
BRDA:306,24,0,0
BRDA:306,25,0,0
BRDA:306,26,0,0
BRDA:323,27,0,0
BRDA:323,27,1,0
BRDA:339,28,0,0
BRDA:341,29,0,0
BRDA:341,29,1,0
BRDA:372,30,0,0
BRDA:372,30,1,0
BRDA:374,31,0,0
BRDA:409,32,0,0
BRDA:409,32,1,0
BRDA:415,33,0,0
BRDA:416,34,0,0
BRDA:456,35,0,0
BRDA:456,35,1,0
BRDA:458,36,0,0
BRDA:459,37,0,0
BRDA:460,38,0,0
BRDA:469,39,0,0
BRDA:469,39,1,0
BRDA:519,40,0,0
BRDA:519,40,1,0
BRDA:520,41,0,0
BRDA:520,41,1,0
BRDA:520,41,2,0
BRDA:520,41,3,0
BRDA:560,42,0,0
BRDA:560,42,1,0
BRDA:564,43,0,0
BRDA:564,43,1,0
BRDA:568,44,0,0
BRDA:568,44,1,0
BRDA:574,45,0,0
BRDA:574,45,1,0
BRDA:586,46,0,0
BRDA:586,46,1,0
BRDA:620,47,0,0
BRDA:620,47,1,0
BRDA:629,48,0,0
BRDA:629,48,1,0
BRDA:638,49,0,0
BRDA:638,49,1,0
BRDA:647,50,0,0
BRDA:647,50,1,0
BRDA:658,51,0,0
BRDA:658,51,1,0
BRDA:667,52,0,0
BRDA:667,52,1,0
BRDA:676,53,0,0
BRDA:676,53,1,0
BRDA:704,54,0,0
BRDA:704,54,1,0
BRDA:708,55,0,0
BRDA:708,55,1,0
BRDA:713,56,0,0
BRDA:713,56,1,0
BRDA:739,57,0,0
BRDA:739,57,1,0
BRDA:751,58,0,0
BRDA:751,58,1,0
BRDA:759,59,0,0
BRDA:759,59,1,0
BRDA:766,60,0,0
BRDA:766,60,1,0
BRDA:1001,61,0,0
BRDA:1001,61,1,0
BRDA:1003,62,0,0
BRDA:1004,63,0,0
BRDA:1005,64,0,0
BRDA:1017,65,0,0
BRDA:1017,65,1,0
BRDA:1017,66,0,0
BRDA:1017,66,1,0
BRDA:1023,67,0,0
BRDA:1023,67,1,0
BRDA:1023,68,0,0
BRDA:1023,68,1,0
BRDA:1029,69,0,0
BRDA:1029,69,1,0
BRDA:1035,70,0,0
BRDA:1035,70,1,0
BRDA:1066,71,0,0
BRDA:1066,71,1,0
BRDA:1066,72,0,0
BRDA:1066,72,1,0
BRDA:1073,73,0,0
BRDA:1073,73,1,0
BRDA:1087,74,0,0
BRDA:1087,74,1,0
BRDA:1126,75,0,0
BRDA:1126,75,1,0
BRDA:1174,76,0,0
BRDA:1174,76,1,0
BRDA:1176,77,0,0
BRDA:1177,78,0,0
BRDA:1178,79,0,0
BRDA:1179,80,0,0
BRDA:1188,81,0,0
BRDA:1188,81,1,0
BRDA:1205,82,0,0
BRDA:1205,82,1,0
BRDA:1206,83,0,0
BRDA:1206,83,1,0
BRDA:1206,83,2,0
BRDA:1226,84,0,0
BRDA:1226,84,1,0
BRDA:1227,85,0,0
BRDA:1227,85,1,0
BRDA:1227,85,2,0
BRDA:1247,86,0,0
BRDA:1247,86,1,0
BRDA:1248,87,0,0
BRDA:1248,87,1,0
BRDA:1248,87,2,0
BRDA:1257,88,0,0
BRDA:1257,88,1,0
BRDA:1258,89,0,0
BRDA:1258,89,1,0
BRDA:1258,89,2,0
BRDA:1262,90,0,0
BRDA:1262,90,1,0
BRDA:1289,91,0,0
BRDA:1289,91,1,0
BRDA:1334,92,0,0
BRDA:1334,92,1,0
BRDA:1339,93,0,0
BRDA:1339,93,1,0
BRDA:1342,94,0,0
BRDA:1342,94,1,0
BRDA:1381,95,0,0
BRDA:1381,95,1,0
BRDA:1385,96,0,0
BRDA:1385,96,1,0
BRDA:1385,97,0,0
BRDA:1385,97,1,0
BRDA:1385,97,2,0
BRDA:1408,98,0,0
BRDA:1408,98,1,0
BRDA:1428,99,0,0
BRDA:1428,99,1,0
BRDA:1435,100,0,0
BRDA:1435,100,1,0
BRDA:1449,101,0,0
BRDA:1449,101,1,0
BRDA:1449,102,0,0
BRDA:1449,102,1,0
BRDA:1467,103,0,0
BRDA:1467,103,1,0
BRDA:1504,104,0,0
BRDA:1504,104,1,0
BRDA:1507,105,0,0
BRDA:1508,106,0,0
BRDA:1510,107,0,0
BRDA:1511,108,0,0
BRDA:1512,109,0,0
BRDA:1517,110,0,0
BRDA:1517,110,1,0
BRDA:1517,111,0,0
BRDA:1517,111,1,0
BRDA:1571,112,0,0
BRDA:1571,112,1,0
BRDA:1573,113,0,0
BRDA:1577,114,0,0
BRDA:1577,114,1,0
BRDA:1620,115,0,0
BRDA:1620,115,1,0
BRDA:1622,116,0,0
BRDA:1624,117,0,0
BRDA:1625,118,0,0
BRDA:1626,119,0,0
BRDA:1627,120,0,0
BRDA:1639,121,0,0
BRDA:1639,121,1,0
BRDA:1639,122,0,0
BRDA:1639,122,1,0
BRDA:1645,123,0,0
BRDA:1645,123,1,0
BRDA:1675,124,0,0
BRDA:1675,124,1,0
BRDA:1698,125,0,0
BRDA:1698,125,1,0
BRDA:1698,126,0,0
BRDA:1698,126,1,0
BRDA:1702,127,0,0
BRDA:1702,127,1,0
BRDA:1711,128,0,0
BRDA:1711,128,1,0
BRDA:1711,129,0,0
BRDA:1711,129,1,0
BRDA:1789,130,0,0
BRDA:1789,130,1,0
BRDA:1790,131,0,0
BRDA:1790,131,1,0
BRDA:1801,132,0,0
BRDA:1802,133,0,0
BRDA:1803,134,0,0
BRDA:1809,135,0,0
BRDA:1809,135,1,0
BRDA:1809,136,0,0
BRDA:1809,136,1,0
BRDA:1809,136,2,0
BRDA:1823,137,0,0
BRDA:1823,137,1,0
BRDA:1842,138,0,0
BRDA:1842,138,1,0
BRDA:1863,139,0,0
BRDA:1863,139,1,0
BRDA:1905,140,0,0
BRDA:1905,140,1,0
BRDA:1908,141,0,0
BRDA:1908,141,1,0
BRDA:1925,142,0,0
BRDA:1925,142,1,0
BRDA:1962,143,0,0
BRDA:1962,143,1,0
BRDA:1962,143,2,0
BRDA:1962,143,3,0
BRDA:1962,143,4,0
BRDA:1978,144,0,0
BRDA:1993,145,0,0
BRDA:1993,145,1,0
BRDA:1999,146,0,0
BRDA:1999,146,1,0
BRDA:2010,147,0,0
BRDA:2010,147,1,0
BRDA:2011,148,0,0
BRDA:2011,148,1,0
BRDA:2012,149,0,0
BRDA:2012,149,1,0
BRDA:2013,150,0,0
BRDA:2013,150,1,0
BRDA:2014,151,0,0
BRDA:2014,151,1,0
BRDA:2015,152,0,0
BRDA:2015,152,1,0
BRDA:2016,153,0,0
BRDA:2016,153,1,0
BRDA:2019,154,0,0
BRDA:2019,154,1,0
BRDA:2045,155,0,0
BRDA:2045,155,1,0
BRDA:2055,156,0,0
BRDA:2055,156,1,0
BRDA:2055,157,0,0
BRDA:2055,157,1,0
BRDA:2071,158,0,0
BRDA:2071,158,1,0
BRDA:2071,159,0,0
BRDA:2071,159,1,0
BRDA:2071,159,2,0
BRDA:2099,160,0,0
BRDA:2099,160,1,0
BRDA:2112,161,0,0
BRDA:2112,161,1,0
BRDA:2112,162,0,0
BRDA:2112,162,1,0
BRDA:2112,162,2,0
BRDA:2149,163,0,0
BRDA:2149,163,1,0
BRDA:2149,163,2,0
BRDA:2149,163,3,0
BRDA:2156,164,0,0
BRDA:2156,164,1,0
BRDA:2158,165,0,0
BRDA:2158,165,1,0
BRDA:2187,166,0,0
BRDA:2187,166,1,0
BRDA:2189,167,0,0
BRDA:2189,167,1,0
BRDA:2220,168,0,0
BRDA:2220,168,1,0
BRDA:2224,169,0,0
BRDA:2224,169,1,0
BRDA:2238,170,0,0
BRDA:2238,170,1,0
BRDA:2265,171,0,0
BRDA:2265,171,1,0
BRDA:2279,172,0,0
BRDA:2279,172,1,0
BRDA:2280,173,0,0
BRDA:2280,173,1,0
BRDA:2280,173,2,0
BRDA:2293,174,0,0
BRDA:2293,174,1,0
BRDA:2294,175,0,0
BRDA:2294,175,1,0
BRDA:2294,175,2,0
BRDA:2307,176,0,0
BRDA:2307,176,1,0
BRDA:2308,177,0,0
BRDA:2308,177,1,0
BRDA:2308,177,2,0
BRDA:2313,178,0,0
BRDA:2313,178,1,0
BRDA:2314,179,0,0
BRDA:2314,179,1,0
BRDA:2314,179,2,0
BRDA:2318,180,0,0
BRDA:2318,180,1,0
BRDA:2342,181,0,0
BRDA:2342,181,1,0
BRDA:2346,182,0,0
BRDA:2346,182,1,0
BRDA:2368,183,0,0
BRDA:2368,183,1,0
BRDA:2411,184,0,0
BRDA:2411,184,1,0
BRDA:2476,185,0,0
BRDA:2476,185,1,0
BRF:356
BRH:0
end_of_record
TN:
SF:routes/analysts.js
FN:8,(anonymous_0)
FN:29,(anonymous_1)
FN:94,(anonymous_2)
FN:122,(anonymous_3)
FN:155,(anonymous_4)
FN:188,(anonymous_5)
FN:221,(anonymous_6)
FN:262,(anonymous_7)
FN:305,(anonymous_8)
FN:358,(anonymous_9)
FN:372,(anonymous_10)
FN:383,(anonymous_11)
FN:389,(anonymous_12)
FN:393,(anonymous_13)
FN:415,(anonymous_14)
FN:422,(anonymous_15)
FN:428,(anonymous_16)
FN:432,(anonymous_17)
FN:451,(anonymous_18)
FN:454,(anonymous_19)
FN:457,(anonymous_20)
FN:466,(anonymous_21)
FN:472,(anonymous_22)
FN:490,(anonymous_23)
FN:501,(anonymous_24)
FN:574,(anonymous_25)
FN:639,(anonymous_26)
FN:648,(anonymous_27)
FN:685,(anonymous_28)
FN:752,(anonymous_29)
FN:755,(anonymous_30)
FN:758,(anonymous_31)
FN:786,(anonymous_32)
FN:811,(anonymous_33)
FN:812,(anonymous_34)
FN:813,(anonymous_35)
FN:814,(anonymous_36)
FN:815,(anonymous_37)
FN:827,(anonymous_38)
FN:835,(anonymous_39)
FN:839,(anonymous_40)
FN:846,(anonymous_41)
FN:851,(anonymous_42)
FN:889,(anonymous_43)
FN:939,(anonymous_44)
FN:955,(anonymous_45)
FN:1130,(anonymous_46)
FN:1141,(anonymous_47)
FN:1169,(anonymous_48)
FN:1174,(anonymous_49)
FN:1179,(anonymous_50)
FN:1185,(anonymous_51)
FN:1194,(anonymous_52)
FN:1199,(anonymous_53)
FN:1203,(anonymous_54)
FN:1218,(anonymous_55)
FN:1221,(anonymous_56)
FN:1264,(anonymous_57)
FN:1305,(anonymous_58)
FN:1343,(anonymous_59)
FN:1402,(anonymous_60)
FN:1465,(anonymous_61)
FNF:62
FNH:0
FNDA:0,(anonymous_0)
FNDA:0,(anonymous_1)
FNDA:0,(anonymous_2)
FNDA:0,(anonymous_3)
FNDA:0,(anonymous_4)
FNDA:0,(anonymous_5)
FNDA:0,(anonymous_6)
FNDA:0,(anonymous_7)
FNDA:0,(anonymous_8)
FNDA:0,(anonymous_9)
FNDA:0,(anonymous_10)
FNDA:0,(anonymous_11)
FNDA:0,(anonymous_12)
FNDA:0,(anonymous_13)
FNDA:0,(anonymous_14)
FNDA:0,(anonymous_15)
FNDA:0,(anonymous_16)
FNDA:0,(anonymous_17)
FNDA:0,(anonymous_18)
FNDA:0,(anonymous_19)
FNDA:0,(anonymous_20)
FNDA:0,(anonymous_21)
FNDA:0,(anonymous_22)
FNDA:0,(anonymous_23)
FNDA:0,(anonymous_24)
FNDA:0,(anonymous_25)
FNDA:0,(anonymous_26)
FNDA:0,(anonymous_27)
FNDA:0,(anonymous_28)
FNDA:0,(anonymous_29)
FNDA:0,(anonymous_30)
FNDA:0,(anonymous_31)
FNDA:0,(anonymous_32)
FNDA:0,(anonymous_33)
FNDA:0,(anonymous_34)
FNDA:0,(anonymous_35)
FNDA:0,(anonymous_36)
FNDA:0,(anonymous_37)
FNDA:0,(anonymous_38)
FNDA:0,(anonymous_39)
FNDA:0,(anonymous_40)
FNDA:0,(anonymous_41)
FNDA:0,(anonymous_42)
FNDA:0,(anonymous_43)
FNDA:0,(anonymous_44)
FNDA:0,(anonymous_45)
FNDA:0,(anonymous_46)
FNDA:0,(anonymous_47)
FNDA:0,(anonymous_48)
FNDA:0,(anonymous_49)
FNDA:0,(anonymous_50)
FNDA:0,(anonymous_51)
FNDA:0,(anonymous_52)
FNDA:0,(anonymous_53)
FNDA:0,(anonymous_54)
FNDA:0,(anonymous_55)
FNDA:0,(anonymous_56)
FNDA:0,(anonymous_57)
FNDA:0,(anonymous_58)
FNDA:0,(anonymous_59)
FNDA:0,(anonymous_60)
FNDA:0,(anonymous_61)
DA:1,1
DA:3,1
DA:5,1
DA:8,1
DA:9,0
DA:29,1
DA:30,0
DA:31,0
DA:32,0
DA:33,0
DA:34,0
DA:55,0
DA:61,0
DA:67,0
DA:73,0
DA:76,0
DA:94,0
DA:99,0
DA:100,0
DA:102,0
DA:114,0
DA:115,0
DA:122,1
DA:123,0
DA:124,0
DA:126,0
DA:140,0
DA:142,0
DA:147,0
DA:148,0
DA:155,1
DA:156,0
DA:157,0
DA:159,0
DA:173,0
DA:175,0
DA:180,0
DA:181,0
DA:188,1
DA:189,0
DA:190,0
DA:192,0
DA:206,0
DA:208,0
DA:213,0
DA:214,0
DA:221,1
DA:222,0
DA:223,0
DA:225,0
DA:240,0
DA:242,0
DA:252,0
DA:253,0
DA:262,1
DA:263,0
DA:264,0
DA:267,0
DA:283,0
DA:285,0
DA:295,0
DA:296,0
DA:305,1
DA:306,0
DA:307,0
DA:308,0
DA:310,0
DA:314,0
DA:329,0
DA:344,0
DA:349,0
DA:350,0
DA:352,0
DA:353,0
DA:354,0
DA:358,0
DA:359,0
DA:360,0
DA:363,0
DA:364,0
DA:365,0
DA:366,0
DA:369,0
DA:371,0
DA:372,0
DA:373,0
DA:374,0
DA:375,0
DA:377,0
DA:383,0
DA:384,0
DA:385,0
DA:386,0
DA:388,0
DA:389,0
DA:392,0
DA:393,0
DA:397,0
DA:399,0
DA:400,0
DA:412,0
DA:414,0
DA:415,0
DA:416,0
DA:417,0
DA:418,0
DA:422,0
DA:423,0
DA:424,0
DA:425,0
DA:427,0
DA:428,0
DA:431,0
DA:432,0
DA:436,0
DA:438,0
DA:439,0
DA:449,0
DA:451,0
DA:453,0
DA:454,0
DA:456,0
DA:457,0
DA:460,0
DA:466,0
DA:467,0
DA:468,0
DA:470,0
DA:472,0
DA:475,0
DA:476,0
DA:477,0
DA:478,0
DA:479,0
DA:482,0
DA:483,0
DA:487,0
DA:490,0
DA:499,0
DA:501,0
DA:507,0
DA:551,0
DA:555,0
DA:562,0
DA:563,0
DA:574,1
DA:575,0
DA:576,0
DA:579,0
DA:633,0
DA:639,0
DA:648,0
DA:675,0
DA:676,0
DA:685,1
DA:686,0
DA:687,0
DA:690,0
DA:698,0
DA:700,0
DA:701,0
DA:714,0
DA:717,0
DA:744,0
DA:750,0
DA:751,0
DA:752,0
DA:754,0
DA:755,0
DA:757,0
DA:758,0
DA:761,0
DA:775,0
DA:776,0
DA:786,1
DA:787,0
DA:788,0
DA:789,0
DA:792,0
DA:797,0
DA:798,0
DA:807,0
DA:808,0
DA:810,0
DA:811,0
DA:812,0
DA:813,0
DA:814,0
DA:815,0
DA:819,0
DA:826,0
DA:827,0
DA:831,0
DA:834,0
DA:835,0
DA:838,0
DA:839,0
DA:844,0
DA:847,0
DA:851,0
DA:860,0
DA:873,0
DA:879,0
DA:880,0
DA:889,1
DA:890,0
DA:891,0
DA:892,0
DA:894,0
DA:917,0
DA:929,0
DA:930,0
DA:939,1
DA:940,0
DA:948,0
DA:950,0
DA:955,0
DA:962,0
DA:985,0
DA:1008,0
DA:1014,0
DA:1029,0
DA:1030,0
DA:1032,0
DA:1040,0
DA:1042,0
DA:1045,0
DA:1047,0
DA:1048,0
DA:1051,0
DA:1052,0
DA:1055,0
DA:1056,0
DA:1059,0
DA:1064,0
DA:1066,0
DA:1069,0
DA:1070,0
DA:1074,0
DA:1075,0
DA:1076,0
DA:1078,0
DA:1130,0
DA:1132,0
DA:1133,0
DA:1134,0
DA:1141,0
DA:1142,0
DA:1154,0
DA:1157,0
DA:1166,0
DA:1170,0
DA:1171,0
DA:1175,0
DA:1176,0
DA:1179,0
DA:1186,0
DA:1195,0
DA:1196,0
DA:1199,0
DA:1203,0
DA:1209,0
DA:1218,0
DA:1221,0
DA:1253,0
DA:1254,0
DA:1264,1
DA:1265,0
DA:1266,0
DA:1267,0
DA:1269,0
DA:1289,0
DA:1295,0
DA:1296,0
DA:1305,1
DA:1306,0
DA:1307,0
DA:1308,0
DA:1310,0
DA:1333,0
DA:1334,0
DA:1343,1
DA:1344,0
DA:1345,0
DA:1346,0
DA:1348,0
DA:1392,0
DA:1393,0
DA:1402,1
DA:1403,0
DA:1404,0
DA:1406,0
DA:1454,0
DA:1455,0
DA:1465,1
DA:1466,0
DA:1467,0
DA:1475,0
DA:1484,1
LF:299
LH:22
BRDA:31,0,0,0
BRDA:31,0,1,0
BRDA:32,1,0,0
BRDA:32,1,1,0
BRDA:67,2,0,0
BRDA:67,2,1,0
BRDA:68,3,0,0
BRDA:68,3,1,0
BRDA:68,3,2,0
BRDA:68,3,3,0
BRDA:352,4,0,0
BRDA:352,4,1,0
BRDA:352,5,0,0
BRDA:352,5,1,0
BRDA:359,6,0,0
BRDA:359,6,1,0
BRDA:359,7,0,0
BRDA:359,7,1,0
BRDA:369,8,0,0
BRDA:369,8,1,0
BRDA:374,9,0,0
BRDA:374,9,1,0
BRDA:378,10,0,0
BRDA:378,10,1,0
BRDA:399,11,0,0
BRDA:399,11,1,0
BRDA:412,12,0,0
BRDA:412,12,1,0
BRDA:417,13,0,0
BRDA:417,13,1,0
BRDA:418,14,0,0
BRDA:418,14,1,0
BRDA:438,15,0,0
BRDA:438,15,1,0
BRDA:449,16,0,0
BRDA:449,16,1,0
BRDA:467,17,0,0
BRDA:467,17,1,0
BRDA:468,18,0,0
BRDA:468,18,1,0
BRDA:475,19,0,0
BRDA:475,19,1,0
BRDA:476,20,0,0
BRDA:476,20,1,0
BRDA:477,21,0,0
BRDA:477,21,1,0
BRDA:478,22,0,0
BRDA:478,22,1,0
BRDA:487,23,0,0
BRDA:487,23,1,0
BRDA:499,24,0,0
BRDA:499,24,1,0
BRDA:526,25,0,0
BRDA:526,25,1,0
BRDA:526,26,0,0
BRDA:526,26,1,0
BRDA:528,27,0,0
BRDA:528,27,1,0
BRDA:528,28,0,0
BRDA:528,28,1,0
BRDA:536,29,0,0
BRDA:536,29,1,0
BRDA:536,30,0,0
BRDA:536,30,1,0
BRDA:538,31,0,0
BRDA:538,31,1,0
BRDA:538,32,0,0
BRDA:538,32,1,0
BRDA:687,33,0,0
BRDA:687,33,1,0
BRDA:700,34,0,0
BRDA:700,34,1,0
BRDA:700,35,0,0
BRDA:700,35,1,0
BRDA:797,36,0,0
BRDA:797,36,1,0
BRDA:797,37,0,0
BRDA:797,37,1,0
BRDA:827,38,0,0
BRDA:827,38,1,0
BRDA:831,39,0,0
BRDA:831,39,1,0
BRDA:835,40,0,0
BRDA:835,40,1,0
BRDA:838,41,0,0
BRDA:838,41,1,0
BRDA:847,42,0,0
BRDA:847,42,1,0
BRDA:852,43,0,0
BRDA:852,43,1,0
BRDA:854,44,0,0
BRDA:854,44,1,0
BRDA:856,45,0,0
BRDA:856,45,1,0
BRDA:865,46,0,0
BRDA:865,46,1,0
BRDA:942,47,0,0
BRDA:943,48,0,0
BRDA:944,49,0,0
BRDA:945,50,0,0
BRDA:946,51,0,0
BRDA:947,52,0,0
BRDA:1032,53,0,0
BRDA:1032,53,1,0
BRDA:1034,54,0,0
BRDA:1034,54,1,0
BRDA:1036,55,0,0
BRDA:1036,55,1,0
BRDA:1042,56,0,0
BRDA:1042,56,1,0
BRDA:1045,57,0,0
BRDA:1045,57,1,0
BRDA:1051,58,0,0
BRDA:1051,58,1,0
BRDA:1051,59,0,0
BRDA:1051,59,1,0
BRDA:1069,60,0,0
BRDA:1069,60,1,0
BRDA:1115,61,0,0
BRDA:1115,61,1,0
BRDA:1124,62,0,0
BRDA:1124,62,1,0
BRDA:1133,63,0,0
BRDA:1133,63,1,0
BRDA:1154,64,0,0
BRDA:1154,64,1,0
BRDA:1170,65,0,0
BRDA:1170,65,1,0
BRDA:1175,66,0,0
BRDA:1175,66,1,0
BRDA:1182,67,0,0
BRDA:1182,67,1,0
BRDA:1195,68,0,0
BRDA:1195,68,1,0
BRDA:1217,69,0,0
BRDA:1217,69,1,0
BRDA:1218,70,0,0
BRDA:1218,70,1,0
BRDA:1221,71,0,0
BRDA:1221,71,1,0
BRDA:1227,72,0,0
BRDA:1227,72,1,0
BRDA:1229,73,0,0
BRDA:1229,73,1,0
BRDA:1238,74,0,0
BRDA:1238,74,1,0
BRDA:1239,75,0,0
BRDA:1239,75,1,0
BRDA:1404,76,0,0
BRDA:1411,77,0,0
BRDA:1411,77,1,0
BRDA:1412,78,0,0
BRDA:1412,78,1,0
BRDA:1423,79,0,0
BRDA:1423,79,1,0
BRDA:1424,80,0,0
BRDA:1424,80,1,0
BRDA:1435,81,0,0
BRDA:1435,81,1,0
BRDA:1436,82,0,0
BRDA:1436,82,1,0
BRF:161
BRH:0
end_of_record
TN:
SF:routes/analytics.js
FN:9,(anonymous_0)
FN:21,calculateCorrelation
FN:27,(anonymous_2)
FN:28,(anonymous_3)
FN:29,(anonymous_4)
FN:30,(anonymous_5)
FN:31,(anonymous_6)
FN:46,(anonymous_7)
FN:56,(anonymous_8)
FN:99,(anonymous_9)
FN:139,(anonymous_10)
FN:219,(anonymous_11)
FN:229,(anonymous_12)
FN:246,(anonymous_13)
FN:251,(anonymous_14)
FN:272,(anonymous_15)
FN:281,(anonymous_16)
FN:289,(anonymous_17)
FN:297,(anonymous_18)
FN:299,(anonymous_19)
FN:325,(anonymous_20)
FN:331,(anonymous_21)
FN:352,(anonymous_22)
FN:411,(anonymous_23)
FN:416,(anonymous_24)
FN:418,(anonymous_25)
FN:428,(anonymous_26)
FN:436,(anonymous_27)
FN:462,(anonymous_28)
FN:465,(anonymous_29)
FN:513,(anonymous_30)
FN:570,(anonymous_31)
FN:571,(anonymous_32)
FN:596,(anonymous_33)
FN:610,(anonymous_34)
FN:612,(anonymous_35)
FN:633,(anonymous_36)
FN:637,(anonymous_37)
FN:642,(anonymous_38)
FN:647,(anonymous_39)
FN:706,(anonymous_40)
FN:745,(anonymous_41)
FN:750,(anonymous_42)
FN:769,(anonymous_43)
FN:781,(anonymous_44)
FN:792,(anonymous_45)
FN:822,(anonymous_46)
FN:860,(anonymous_47)
FN:867,(anonymous_48)
FN:875,(anonymous_49)
FN:880,(anonymous_50)
FN:917,(anonymous_51)
FN:938,(anonymous_52)
FN:943,(anonymous_53)
FN:971,(anonymous_54)
FN:982,(anonymous_55)
FN:1011,(anonymous_56)
FN:1051,(anonymous_57)
FN:1054,(anonymous_58)
FN:1056,(anonymous_59)
FN:1075,(anonymous_60)
FN:1094,(anonymous_61)
FN:1132,(anonymous_62)
FN:1137,(anonymous_63)
FN:1138,(anonymous_64)
FN:1167,(anonymous_65)
FN:1187,(anonymous_66)
FN:1257,(anonymous_67)
FN:1357,(anonymous_68)
FN:1385,(anonymous_69)
FN:1389,(anonymous_70)
FN:1395,(anonymous_71)
FN:1411,(anonymous_72)
FN:1459,(anonymous_73)
FN:1498,(anonymous_74)
FN:1511,(anonymous_75)
FN:1534,(anonymous_76)
FN:1538,(anonymous_77)
FN:1539,(anonymous_78)
FN:1540,(anonymous_79)
FN:1541,(anonymous_80)
FN:1542,(anonymous_81)
FN:1556,(anonymous_82)
FN:1560,(anonymous_83)
FN:1561,(anonymous_84)
FN:1563,(anonymous_85)
FN:1569,(anonymous_86)
FN:1570,(anonymous_87)
FN:1586,(anonymous_88)
FN:1590,(anonymous_89)
FN:1594,(anonymous_90)
FN:1598,(anonymous_91)
FN:1631,(anonymous_92)
FNF:93
FNH:0
FNDA:0,(anonymous_0)
FNDA:0,calculateCorrelation
FNDA:0,(anonymous_2)
FNDA:0,(anonymous_3)
FNDA:0,(anonymous_4)
FNDA:0,(anonymous_5)
FNDA:0,(anonymous_6)
FNDA:0,(anonymous_7)
FNDA:0,(anonymous_8)
FNDA:0,(anonymous_9)
FNDA:0,(anonymous_10)
FNDA:0,(anonymous_11)
FNDA:0,(anonymous_12)
FNDA:0,(anonymous_13)
FNDA:0,(anonymous_14)
FNDA:0,(anonymous_15)
FNDA:0,(anonymous_16)
FNDA:0,(anonymous_17)
FNDA:0,(anonymous_18)
FNDA:0,(anonymous_19)
FNDA:0,(anonymous_20)
FNDA:0,(anonymous_21)
FNDA:0,(anonymous_22)
FNDA:0,(anonymous_23)
FNDA:0,(anonymous_24)
FNDA:0,(anonymous_25)
FNDA:0,(anonymous_26)
FNDA:0,(anonymous_27)
FNDA:0,(anonymous_28)
FNDA:0,(anonymous_29)
FNDA:0,(anonymous_30)
FNDA:0,(anonymous_31)
FNDA:0,(anonymous_32)
FNDA:0,(anonymous_33)
FNDA:0,(anonymous_34)
FNDA:0,(anonymous_35)
FNDA:0,(anonymous_36)
FNDA:0,(anonymous_37)
FNDA:0,(anonymous_38)
FNDA:0,(anonymous_39)
FNDA:0,(anonymous_40)
FNDA:0,(anonymous_41)
FNDA:0,(anonymous_42)
FNDA:0,(anonymous_43)
FNDA:0,(anonymous_44)
FNDA:0,(anonymous_45)
FNDA:0,(anonymous_46)
FNDA:0,(anonymous_47)
FNDA:0,(anonymous_48)
FNDA:0,(anonymous_49)
FNDA:0,(anonymous_50)
FNDA:0,(anonymous_51)
FNDA:0,(anonymous_52)
FNDA:0,(anonymous_53)
FNDA:0,(anonymous_54)
FNDA:0,(anonymous_55)
FNDA:0,(anonymous_56)
FNDA:0,(anonymous_57)
FNDA:0,(anonymous_58)
FNDA:0,(anonymous_59)
FNDA:0,(anonymous_60)
FNDA:0,(anonymous_61)
FNDA:0,(anonymous_62)
FNDA:0,(anonymous_63)
FNDA:0,(anonymous_64)
FNDA:0,(anonymous_65)
FNDA:0,(anonymous_66)
FNDA:0,(anonymous_67)
FNDA:0,(anonymous_68)
FNDA:0,(anonymous_69)
FNDA:0,(anonymous_70)
FNDA:0,(anonymous_71)
FNDA:0,(anonymous_72)
FNDA:0,(anonymous_73)
FNDA:0,(anonymous_74)
FNDA:0,(anonymous_75)
FNDA:0,(anonymous_76)
FNDA:0,(anonymous_77)
FNDA:0,(anonymous_78)
FNDA:0,(anonymous_79)
FNDA:0,(anonymous_80)
FNDA:0,(anonymous_81)
FNDA:0,(anonymous_82)
FNDA:0,(anonymous_83)
FNDA:0,(anonymous_84)
FNDA:0,(anonymous_85)
FNDA:0,(anonymous_86)
FNDA:0,(anonymous_87)
FNDA:0,(anonymous_88)
FNDA:0,(anonymous_89)
FNDA:0,(anonymous_90)
FNDA:0,(anonymous_91)
FNDA:0,(anonymous_92)
DA:1,1
DA:3,1
DA:4,1
DA:6,1
DA:9,1
DA:10,0
DA:22,0
DA:23,0
DA:26,0
DA:27,0
DA:28,0
DA:29,0
DA:30,0
DA:31,0
DA:33,0
DA:34,0
DA:38,0
DA:39,0
DA:42,0
DA:46,1
DA:47,0
DA:56,1
DA:57,0
DA:96,1
DA:99,1
DA:100,0
DA:101,0
DA:104,0
DA:129,0
DA:130,0
DA:139,1
DA:140,0
DA:141,0
DA:142,0
DA:144,0
DA:149,0
DA:158,0
DA:161,0
DA:176,0
DA:177,0
DA:178,0
DA:189,0
DA:190,0
DA:205,0
DA:219,0
DA:229,0
DA:230,0
DA:231,0
DA:232,0
DA:233,0
DA:234,0
DA:236,0
DA:244,0
DA:245,0
DA:246,0
DA:251,0
DA:252,0
DA:253,0
DA:254,0
DA:256,0
DA:257,0
DA:260,0
DA:261,0
DA:265,0
DA:267,0
DA:271,0
DA:272,0
DA:274,0
DA:275,0
DA:279,0
DA:281,0
DA:287,0
DA:288,0
DA:289,0
DA:290,0
DA:291,0
DA:292,0
DA:297,0
DA:299,0
DA:301,0
DA:304,0
DA:306,0
DA:325,0
DA:331,0
DA:342,0
DA:343,0
DA:352,1
DA:353,0
DA:354,0
DA:355,0
DA:356,0
DA:361,0
DA:362,0
DA:370,0
DA:385,0
DA:399,0
DA:408,0
DA:410,0
DA:411,0
DA:412,0
DA:416,0
DA:418,0
DA:420,0
DA:421,0
DA:424,0
DA:425,0
DA:426,0
DA:428,0
DA:429,0
DA:430,0
DA:431,0
DA:432,0
DA:436,0
DA:437,0
DA:438,0
DA:441,0
DA:442,0
DA:444,0
DA:460,0
DA:461,0
DA:462,0
DA:465,0
DA:475,0
DA:503,0
DA:504,0
DA:513,1
DA:514,0
DA:515,0
DA:516,0
DA:523,0
DA:524,0
DA:525,0
DA:530,0
DA:547,0
DA:548,0
DA:549,0
DA:550,0
DA:552,0
DA:554,0
DA:555,0
DA:570,0
DA:571,0
DA:572,0
DA:573,0
DA:582,0
DA:584,0
DA:585,0
DA:589,0
DA:592,0
DA:593,0
DA:596,0
DA:597,0
DA:598,0
DA:599,0
DA:600,0
DA:601,0
DA:602,0
DA:603,0
DA:609,0
DA:610,0
DA:611,0
DA:612,0
DA:613,0
DA:614,0
DA:615,0
DA:617,0
DA:618,0
DA:625,0
DA:632,0
DA:633,0
DA:636,0
DA:637,0
DA:641,0
DA:642,0
DA:646,0
DA:647,0
DA:652,0
DA:659,0
DA:663,0
DA:694,0
DA:695,0
DA:696,0
DA:706,1
DA:707,0
DA:708,0
DA:709,0
DA:710,0
DA:715,0
DA:728,0
DA:729,0
DA:743,0
DA:744,0
DA:745,0
DA:750,0
DA:751,0
DA:752,0
DA:754,0
DA:755,0
DA:758,0
DA:759,0
DA:763,0
DA:765,0
DA:769,0
DA:779,0
DA:780,0
DA:781,0
DA:783,0
DA:788,0
DA:792,0
DA:812,0
DA:813,0
DA:822,1
DA:823,0
DA:824,0
DA:825,0
DA:826,0
DA:831,0
DA:846,0
DA:860,0
DA:867,0
DA:875,0
DA:876,0
DA:879,0
DA:880,0
DA:883,0
DA:890,0
DA:907,0
DA:908,0
DA:917,1
DA:918,0
DA:919,0
DA:920,0
DA:923,0
DA:936,0
DA:937,0
DA:938,0
DA:943,0
DA:944,0
DA:945,0
DA:946,0
DA:948,0
DA:949,0
DA:958,0
DA:959,0
DA:965,0
DA:967,0
DA:971,0
DA:972,0
DA:973,0
DA:977,0
DA:978,0
DA:982,0
DA:989,0
DA:1001,0
DA:1002,0
DA:1011,1
DA:1012,0
DA:1013,0
DA:1014,0
DA:1015,0
DA:1020,0
DA:1034,0
DA:1035,0
DA:1051,0
DA:1052,0
DA:1054,0
DA:1056,0
DA:1058,0
DA:1059,0
DA:1062,0
DA:1063,0
DA:1064,0
DA:1066,0
DA:1075,0
DA:1084,0
DA:1085,0
DA:1094,1
DA:1095,0
DA:1096,0
DA:1097,0
DA:1098,0
DA:1103,0
DA:1116,0
DA:1117,0
DA:1131,0
DA:1132,0
DA:1135,0
DA:1136,0
DA:1137,0
DA:1138,0
DA:1139,0
DA:1141,0
DA:1144,0
DA:1145,0
DA:1147,0
DA:1148,0
DA:1149,0
DA:1150,0
DA:1151,0
DA:1152,0
DA:1153,0
DA:1154,0
DA:1155,0
DA:1158,0
DA:1167,0
DA:1177,0
DA:1178,0
DA:1187,1
DA:1188,0
DA:1189,0
DA:1190,0
DA:1191,0
DA:1195,0
DA:1196,0
DA:1204,0
DA:1206,0
DA:1208,0
DA:1209,0
DA:1221,0
DA:1222,0
DA:1232,0
DA:1233,0
DA:1243,0
DA:1247,0
DA:1248,0
DA:1255,0
DA:1256,0
DA:1258,0
DA:1276,0
DA:1277,0
DA:1278,0
DA:1288,0
DA:1298,0
DA:1299,0
DA:1312,0
DA:1319,0
DA:1320,0
DA:1330,0
DA:1334,0
DA:1341,0
DA:1347,0
DA:1348,0
DA:1357,1
DA:1358,0
DA:1359,0
DA:1360,0
DA:1365,0
DA:1383,0
DA:1384,0
DA:1385,0
DA:1388,0
DA:1389,0
DA:1393,0
DA:1395,0
DA:1400,0
DA:1413,0
DA:1419,0
DA:1443,0
DA:1449,0
DA:1450,0
DA:1459,1
DA:1460,0
DA:1462,0
DA:1464,0
DA:1474,0
DA:1483,0
DA:1484,0
DA:1498,0
DA:1500,0
DA:1501,0
DA:1510,0
DA:1512,0
DA:1522,0
DA:1523,0
DA:1526,0
DA:1529,0
DA:1534,0
DA:1535,0
DA:1537,0
DA:1538,0
DA:1539,0
DA:1540,0
DA:1541,0
DA:1542,0
DA:1544,0
DA:1545,0
DA:1549,0
DA:1553,0
DA:1554,0
DA:1556,0
DA:1557,0
DA:1559,0
DA:1560,0
DA:1561,0
DA:1563,0
DA:1564,0
DA:1565,0
DA:1568,0
DA:1569,0
DA:1570,0
DA:1571,0
DA:1572,0
DA:1573,0
DA:1575,0
DA:1585,0
DA:1586,0
DA:1589,0
DA:1590,0
DA:1593,0
DA:1594,0
DA:1597,0
DA:1598,0
DA:1602,0
DA:1614,0
DA:1620,0
DA:1621,0
DA:1631,1
DA:1632,0
DA:1633,0
DA:1647,0
DA:1656,1
LF:421
LH:22
BRDA:22,0,0,0
BRDA:22,0,1,0
BRDA:22,1,0,0
BRDA:22,1,1,0
BRDA:22,1,2,0
BRDA:22,1,3,0
BRDA:38,2,0,0
BRDA:38,2,1,0
BRDA:142,3,0,0
BRDA:142,4,0,0
BRDA:158,5,0,0
BRDA:158,5,1,0
BRDA:221,6,0,0
BRDA:221,6,1,0
BRDA:222,7,0,0
BRDA:222,7,1,0
BRDA:223,8,0,0
BRDA:223,8,1,0
BRDA:224,9,0,0
BRDA:224,9,1,0
BRDA:225,10,0,0
BRDA:225,10,1,0
BRDA:231,11,0,0
BRDA:231,11,1,0
BRDA:252,12,0,0
BRDA:252,12,1,0
BRDA:256,13,0,0
BRDA:256,13,1,0
BRDA:279,14,0,0
BRDA:279,14,1,0
BRDA:288,15,0,0
BRDA:288,15,1,0
BRDA:292,16,0,0
BRDA:292,16,1,0
BRDA:304,17,0,0
BRDA:304,17,1,0
BRDA:354,18,0,0
BRDA:354,18,1,0
BRDA:355,19,0,0
BRDA:361,20,0,0
BRDA:361,20,1,0
BRDA:361,21,0,0
BRDA:361,21,1,0
BRDA:410,22,0,0
BRDA:410,22,1,0
BRDA:412,23,0,0
BRDA:412,23,1,0
BRDA:430,24,0,0
BRDA:430,24,1,0
BRDA:432,25,0,0
BRDA:432,25,1,0
BRDA:438,26,0,0
BRDA:438,26,1,0
BRDA:442,27,0,0
BRDA:442,27,1,0
BRDA:451,28,0,0
BRDA:451,28,1,0
BRDA:453,29,0,0
BRDA:453,29,1,0
BRDA:472,30,0,0
BRDA:472,30,1,0
BRDA:484,31,0,0
BRDA:484,31,1,0
BRDA:489,32,0,0
BRDA:489,32,1,0
BRDA:491,33,0,0
BRDA:491,33,1,0
BRDA:496,34,0,0
BRDA:496,34,1,0
BRDA:515,35,0,0
BRDA:515,35,1,0
BRDA:515,36,0,0
BRDA:515,36,1,0
BRDA:524,37,0,0
BRDA:524,38,0,0
BRDA:548,39,0,0
BRDA:548,39,1,0
BRDA:554,40,0,0
BRDA:554,40,1,0
BRDA:597,41,0,0
BRDA:597,41,1,0
BRDA:613,42,0,0
BRDA:613,42,1,0
BRDA:613,43,0,0
BRDA:613,43,1,0
BRDA:617,44,0,0
BRDA:617,44,1,0
BRDA:617,45,0,0
BRDA:617,45,1,0
BRDA:626,46,0,0
BRDA:626,46,1,0
BRDA:633,47,0,0
BRDA:633,47,1,0
BRDA:636,48,0,0
BRDA:636,48,1,0
BRDA:642,49,0,0
BRDA:642,49,1,0
BRDA:647,50,0,0
BRDA:647,50,1,0
BRDA:671,51,0,0
BRDA:671,51,1,0
BRDA:678,52,0,0
BRDA:678,52,1,0
BRDA:700,53,0,0
BRDA:700,53,1,0
BRDA:709,54,0,0
BRDA:728,55,0,0
BRDA:728,55,1,0
BRDA:751,56,0,0
BRDA:751,56,1,0
BRDA:754,57,0,0
BRDA:754,57,1,0
BRDA:772,58,0,0
BRDA:772,58,1,0
BRDA:825,59,0,0
BRDA:862,60,0,0
BRDA:862,60,1,0
BRDA:863,61,0,0
BRDA:863,61,1,0
BRDA:864,62,0,0
BRDA:864,62,1,0
BRDA:870,63,0,0
BRDA:870,63,1,0
BRDA:871,64,0,0
BRDA:871,64,1,0
BRDA:876,65,0,0
BRDA:876,65,1,0
BRDA:879,66,0,0
BRDA:879,66,1,0
BRDA:883,67,0,0
BRDA:883,67,1,0
BRDA:885,68,0,0
BRDA:885,68,1,0
BRDA:944,69,0,0
BRDA:944,69,1,0
BRDA:946,70,0,0
BRDA:946,70,1,0
BRDA:948,71,0,0
BRDA:948,71,1,0
BRDA:979,72,0,0
BRDA:979,72,1,0
BRDA:1014,73,0,0
BRDA:1034,74,0,0
BRDA:1034,74,1,0
BRDA:1052,75,0,0
BRDA:1052,75,1,0
BRDA:1063,76,0,0
BRDA:1063,76,1,0
BRDA:1064,77,0,0
BRDA:1064,77,1,0
BRDA:1077,78,0,0
BRDA:1077,78,1,0
BRDA:1097,79,0,0
BRDA:1116,80,0,0
BRDA:1116,80,1,0
BRDA:1132,81,0,0
BRDA:1132,81,1,0
BRDA:1147,82,0,0
BRDA:1147,82,1,0
BRDA:1149,83,0,0
BRDA:1149,83,1,0
BRDA:1150,84,0,0
BRDA:1150,84,1,0
BRDA:1152,85,0,0
BRDA:1152,85,1,0
BRDA:1153,86,0,0
BRDA:1153,86,1,0
BRDA:1155,87,0,0
BRDA:1155,87,1,0
BRDA:1169,88,0,0
BRDA:1169,88,1,0
BRDA:1170,89,0,0
BRDA:1170,89,1,0
BRDA:1190,90,0,0
BRDA:1190,91,0,0
BRDA:1195,92,0,0
BRDA:1195,92,1,0
BRDA:1206,93,0,0
BRDA:1206,93,1,0
BRDA:1206,93,2,0
BRDA:1218,94,0,0
BRDA:1218,94,1,0
BRDA:1218,94,2,0
BRDA:1225,95,0,0
BRDA:1225,95,1,0
BRDA:1226,96,0,0
BRDA:1226,96,1,0
BRDA:1227,97,0,0
BRDA:1227,97,1,0
BRDA:1238,98,0,0
BRDA:1238,98,1,0
BRDA:1247,99,0,0
BRDA:1247,99,1,0
BRDA:1272,100,0,0
BRDA:1272,100,1,0
BRDA:1272,100,2,0
BRDA:1276,101,0,0
BRDA:1276,101,1,0
BRDA:1280,102,0,0
BRDA:1280,102,1,0
BRDA:1281,103,0,0
BRDA:1281,103,1,0
BRDA:1282,104,0,0
BRDA:1282,104,1,0
BRDA:1283,105,0,0
BRDA:1283,105,1,0
BRDA:1284,106,0,0
BRDA:1284,106,1,0
BRDA:1298,107,0,0
BRDA:1298,107,1,0
BRDA:1302,108,0,0
BRDA:1302,108,1,0
BRDA:1325,109,0,0
BRDA:1325,109,1,0
BRDA:1359,110,0,0
BRDA:1359,111,0,0
BRDA:1380,112,0,0
BRDA:1380,112,1,0
BRDA:1380,112,2,0
BRDA:1385,113,0,0
BRDA:1385,113,1,0
BRDA:1389,114,0,0
BRDA:1389,114,1,0
BRDA:1393,115,0,0
BRDA:1393,115,1,0
BRDA:1395,116,0,0
BRDA:1395,116,1,0
BRDA:1413,117,0,0
BRDA:1413,117,1,0
BRDA:1415,118,0,0
BRDA:1415,118,1,0
BRDA:1422,119,0,0
BRDA:1422,119,1,0
BRDA:1423,120,0,0
BRDA:1423,120,1,0
BRDA:1424,121,0,0
BRDA:1424,121,1,0
BRDA:1426,122,0,0
BRDA:1426,122,1,0
BRDA:1462,123,0,0
BRDA:1462,123,1,0
BRDA:1464,124,0,0
BRDA:1464,124,1,0
BRDA:1466,125,0,0
BRDA:1466,125,1,0
BRDA:1468,126,0,0
BRDA:1468,126,1,0
BRDA:1470,127,0,0
BRDA:1470,127,1,0
BRDA:1480,128,0,0
BRDA:1480,128,1,0
BRDA:1480,128,2,0
BRDA:1483,129,0,0
BRDA:1483,129,1,0
BRDA:1500,130,0,0
BRDA:1500,130,1,0
BRDA:1522,131,0,0
BRDA:1522,131,1,0
BRDA:1535,132,0,0
BRDA:1535,132,1,0
BRDA:1535,133,0,0
BRDA:1535,133,1,0
BRDA:1549,134,0,0
BRDA:1549,134,1,0
BRDA:1559,135,0,0
BRDA:1559,135,1,0
BRDA:1564,136,0,0
BRDA:1564,136,1,0
BRDA:1568,137,0,0
BRDA:1568,137,1,0
BRDA:1573,138,0,0
BRDA:1573,138,1,0
BRDA:1586,139,0,0
BRDA:1586,139,1,0
BRDA:1589,140,0,0
BRDA:1589,140,1,0
BRDA:1594,141,0,0
BRDA:1594,141,1,0
BRDA:1598,142,0,0
BRDA:1598,142,1,0
BRF:280
BRH:0
end_of_record
TN:
SF:routes/auth.js
FN:23,(anonymous_0)
FN:127,(anonymous_1)
FN:216,(anonymous_2)
FN:318,(anonymous_3)
FN:368,(anonymous_4)
FN:409,(anonymous_5)
FN:467,(anonymous_6)
FN:522,(anonymous_7)
FN:625,(anonymous_8)
FN:632,(anonymous_9)
FN:650,(anonymous_10)
FN:668,(anonymous_11)
FNF:12
FNH:0
FNDA:0,(anonymous_0)
FNDA:0,(anonymous_1)
FNDA:0,(anonymous_2)
FNDA:0,(anonymous_3)
FNDA:0,(anonymous_4)
FNDA:0,(anonymous_5)
FNDA:0,(anonymous_6)
FNDA:0,(anonymous_7)
FNDA:0,(anonymous_8)
FNDA:0,(anonymous_9)
FNDA:0,(anonymous_10)
FNDA:0,(anonymous_11)
DA:1,1
DA:10,1
DA:12,1
DA:14,1
DA:17,1
DA:23,1
DA:24,0
DA:25,0
DA:27,0
DA:28,0
DA:34,0
DA:35,0
DA:38,0
DA:42,0
DA:43,0
DA:45,0
DA:56,0
DA:62,0
DA:76,0
DA:81,0
DA:90,0
DA:92,0
DA:94,0
DA:102,0
DA:110,0
DA:112,0
DA:113,0
DA:116,0
DA:117,0
DA:120,0
DA:127,1
DA:128,0
DA:130,0
DA:131,0
DA:134,0
DA:136,0
DA:140,0
DA:141,0
DA:143,0
DA:155,0
DA:161,0
DA:174,0
DA:181,0
DA:183,0
DA:190,0
DA:192,0
DA:194,0
DA:202,0
DA:210,0
DA:211,0
DA:216,1
DA:217,0
DA:218,0
DA:220,0
DA:221,0
DA:227,0
DA:228,0
DA:233,0
DA:234,0
DA:235,0
DA:243,0
DA:244,0
DA:252,0
DA:253,0
DA:256,0
DA:260,0
DA:261,0
DA:269,0
DA:272,0
DA:280,0
DA:291,0
DA:293,0
DA:299,0
DA:301,0
DA:302,0
DA:305,0
DA:306,0
DA:311,0
DA:318,1
DA:319,0
DA:320,0
DA:322,0
DA:323,0
DA:329,0
DA:330,0
DA:333,0
DA:334,0
DA:339,0
DA:343,0
DA:349,0
DA:351,0
DA:355,0
DA:357,0
DA:358,0
DA:361,0
DA:368,1
DA:369,0
DA:370,0
DA:372,0
DA:373,0
DA:379,0
DA:380,0
DA:383,0
DA:389,0
DA:394,0
DA:396,0
DA:401,0
DA:402,0
DA:409,1
DA:410,0
DA:412,0
DA:413,0
DA:416,0
DA:418,0
DA:419,0
DA:424,0
DA:425,0
DA:430,0
DA:438,0
DA:440,0
DA:441,0
DA:446,0
DA:453,0
DA:455,0
DA:459,0
DA:460,0
DA:467,1
DA:469,0
DA:470,0
DA:473,0
DA:475,0
DA:476,0
DA:481,0
DA:482,0
DA:487,0
DA:496,0
DA:498,0
DA:499,0
DA:504,0
DA:505,0
DA:512,0
DA:513,0
DA:517,0
DA:518,0
DA:522,1
DA:524,0
DA:525,0
DA:528,0
DA:530,0
DA:534,0
DA:535,0
DA:537,0
DA:549,0
DA:555,0
DA:572,0
DA:580,0
DA:582,0
DA:583,0
DA:588,0
DA:589,0
DA:596,0
DA:598,0
DA:599,0
DA:607,0
DA:608,0
DA:614,0
DA:619,0
DA:620,0
DA:625,1
DA:626,0
DA:632,1
DA:633,0
DA:650,1
DA:651,0
DA:668,1
DA:669,0
DA:683,1
LF:177
LH:18
BRDA:19,0,0,1
BRDA:19,0,1,0
BRDA:19,0,2,0
BRDA:27,1,0,0
BRDA:27,1,1,0
BRDA:27,2,0,0
BRDA:27,2,1,0
BRDA:34,3,0,0
BRDA:34,3,1,0
BRDA:38,4,0,0
BRDA:38,4,1,0
BRDA:39,5,0,0
BRDA:39,5,1,0
BRDA:39,5,2,0
BRDA:43,6,0,0
BRDA:43,6,1,0
BRDA:48,7,0,0
BRDA:48,7,1,0
BRDA:92,8,0,0
BRDA:92,8,1,0
BRDA:112,9,0,0
BRDA:112,9,1,0
BRDA:116,10,0,0
BRDA:116,10,1,0
BRDA:130,11,0,0
BRDA:130,11,1,0
BRDA:136,12,0,0
BRDA:136,12,1,0
BRDA:137,13,0,0
BRDA:137,13,1,0
BRDA:141,14,0,0
BRDA:141,14,1,0
BRDA:192,15,0,0
BRDA:192,15,1,0
BRDA:220,16,0,0
BRDA:220,16,1,0
BRDA:220,17,0,0
BRDA:220,17,1,0
BRDA:220,17,2,0
BRDA:227,18,0,0
BRDA:227,18,1,0
BRDA:234,19,0,0
BRDA:234,19,1,0
BRDA:243,20,0,0
BRDA:243,20,1,0
BRDA:252,21,0,0
BRDA:252,21,1,0
BRDA:260,22,0,0
BRDA:260,22,1,0
BRDA:286,23,0,0
BRDA:286,23,1,0
BRDA:287,24,0,0
BRDA:287,24,1,0
BRDA:301,25,0,0
BRDA:301,25,1,0
BRDA:305,26,0,0
BRDA:305,26,1,0
BRDA:322,27,0,0
BRDA:322,27,1,0
BRDA:322,28,0,0
BRDA:322,28,1,0
BRDA:329,29,0,0
BRDA:329,29,1,0
BRDA:333,30,0,0
BRDA:333,30,1,0
BRDA:357,31,0,0
BRDA:357,31,1,0
BRDA:372,32,0,0
BRDA:372,32,1,0
BRDA:379,33,0,0
BRDA:379,33,1,0
BRDA:412,34,0,0
BRDA:412,34,1,0
BRDA:418,35,0,0
BRDA:418,35,1,0
BRDA:418,36,0,0
BRDA:418,36,1,0
BRDA:418,36,2,0
BRDA:424,37,0,0
BRDA:424,37,1,0
BRDA:440,38,0,0
BRDA:440,38,1,0
BRDA:440,39,0,0
BRDA:440,39,1,0
BRDA:440,39,2,0
BRDA:469,40,0,0
BRDA:469,40,1,0
BRDA:475,41,0,0
BRDA:475,41,1,0
BRDA:475,42,0,0
BRDA:475,42,1,0
BRDA:475,42,2,0
BRDA:481,43,0,0
BRDA:481,43,1,0
BRDA:498,44,0,0
BRDA:498,44,1,0
BRDA:498,45,0,0
BRDA:498,45,1,0
BRDA:498,45,2,0
BRDA:518,46,0,0
BRDA:518,46,1,0
BRDA:524,47,0,0
BRDA:524,47,1,0
BRDA:530,48,0,0
BRDA:530,48,1,0
BRDA:531,49,0,0
BRDA:531,49,1,0
BRDA:535,50,0,0
BRDA:535,50,1,0
BRDA:582,51,0,0
BRDA:582,51,1,0
BRDA:582,52,0,0
BRDA:582,52,1,0
BRDA:593,53,0,0
BRDA:593,53,1,0
BRDA:598,54,0,0
BRDA:598,54,1,0
BRDA:605,55,0,0
BRDA:605,55,1,0
BRDA:607,56,0,0
BRDA:607,56,1,0
BRDA:620,57,0,0
BRDA:620,57,1,0
BRDA:638,58,0,0
BRDA:638,58,1,0
BRDA:641,59,0,0
BRDA:641,59,1,0
BRDA:643,60,0,0
BRDA:643,60,1,0
BRDA:643,60,2,0
BRDA:673,61,0,0
BRDA:673,61,1,0
BRDA:676,62,0,0
BRDA:676,62,1,0
BRDA:678,63,0,0
BRDA:678,63,1,0
BRDA:678,63,2,0
BRF:137
BRH:1
end_of_record
TN:
SF:routes/backtest.js
FN:16,(anonymous_0)
FN:81,(anonymous_1)
FN:158,(anonymous_2)
FN:181,(anonymous_3)
FN:219,(anonymous_4)
FN:274,(anonymous_5)
FN:311,(anonymous_6)
FN:329,(anonymous_7)
FN:334,(anonymous_8)
FN:353,(anonymous_9)
FN:359,(anonymous_10)
FN:370,(anonymous_11)
FN:372,(anonymous_12)
FN:394,(anonymous_13)
FN:395,(anonymous_14)
FN:401,(anonymous_15)
FN:405,(anonymous_16)
FN:434,(anonymous_17)
FN:464,(anonymous_18)
FN:504,(anonymous_19)
FN:512,(anonymous_20)
FN:518,(anonymous_21)
FN:519,(anonymous_22)
FN:532,(anonymous_23)
FN:533,(anonymous_24)
FN:563,(anonymous_25)
FN:578,(anonymous_26)
FN:593,(anonymous_27)
FN:606,(anonymous_28)
FN:613,(anonymous_29)
FN:623,(anonymous_30)
FN:629,(anonymous_31)
FN:635,getHistoricalData
FN:664,(anonymous_33)
FN:692,(anonymous_34)
FN:813,(anonymous_35)
FN:846,(anonymous_36)
FN:902,(anonymous_37)
FN:917,(anonymous_38)
FN:924,(anonymous_39)
FN:932,(anonymous_40)
FN:971,(anonymous_41)
FN:997,(anonymous_42)
FN:1037,(anonymous_43)
FN:1068,(anonymous_44)
FN:1099,(anonymous_45)
FN:1137,(anonymous_46)
FN:1179,(anonymous_47)
FN:1187,(anonymous_48)
FN:1223,(anonymous_49)
FN:1257,(anonymous_50)
FNF:51
FNH:0
FNDA:0,(anonymous_0)
FNDA:0,(anonymous_1)
FNDA:0,(anonymous_2)
FNDA:0,(anonymous_3)
FNDA:0,(anonymous_4)
FNDA:0,(anonymous_5)
FNDA:0,(anonymous_6)
FNDA:0,(anonymous_7)
FNDA:0,(anonymous_8)
FNDA:0,(anonymous_9)
FNDA:0,(anonymous_10)
FNDA:0,(anonymous_11)
FNDA:0,(anonymous_12)
FNDA:0,(anonymous_13)
FNDA:0,(anonymous_14)
FNDA:0,(anonymous_15)
FNDA:0,(anonymous_16)
FNDA:0,(anonymous_17)
FNDA:0,(anonymous_18)
FNDA:0,(anonymous_19)
FNDA:0,(anonymous_20)
FNDA:0,(anonymous_21)
FNDA:0,(anonymous_22)
FNDA:0,(anonymous_23)
FNDA:0,(anonymous_24)
FNDA:0,(anonymous_25)
FNDA:0,(anonymous_26)
FNDA:0,(anonymous_27)
FNDA:0,(anonymous_28)
FNDA:0,(anonymous_29)
FNDA:0,(anonymous_30)
FNDA:0,(anonymous_31)
FNDA:0,getHistoricalData
FNDA:0,(anonymous_33)
FNDA:0,(anonymous_34)
FNDA:0,(anonymous_35)
FNDA:0,(anonymous_36)
FNDA:0,(anonymous_37)
FNDA:0,(anonymous_38)
FNDA:0,(anonymous_39)
FNDA:0,(anonymous_40)
FNDA:0,(anonymous_41)
FNDA:0,(anonymous_42)
FNDA:0,(anonymous_43)
FNDA:0,(anonymous_44)
FNDA:0,(anonymous_45)
FNDA:0,(anonymous_46)
FNDA:0,(anonymous_47)
FNDA:0,(anonymous_48)
FNDA:0,(anonymous_49)
FNDA:0,(anonymous_50)
DA:1,1
DA:2,1
DA:4,1
DA:6,1
DA:7,1
DA:8,1
DA:10,1
DA:13,1
DA:16,1
DA:17,0
DA:18,0
DA:20,0
DA:23,0
DA:26,0
DA:27,0
DA:76,0
DA:77,0
DA:81,0
DA:86,0
DA:87,0
DA:101,0
DA:102,0
DA:111,0
DA:146,0
DA:147,0
DA:159,0
DA:170,0
DA:171,0
DA:172,0
DA:175,0
DA:176,0
DA:177,0
DA:183,0
DA:200,0
DA:203,0
DA:212,0
DA:214,0
DA:220,0
DA:221,0
DA:225,0
DA:227,0
DA:228,0
DA:231,0
DA:232,0
DA:234,0
DA:236,0
DA:240,0
DA:248,0
DA:258,0
DA:260,0
DA:270,0
DA:275,0
DA:276,0
DA:278,0
DA:279,0
DA:280,0
DA:283,0
DA:284,0
DA:286,0
DA:288,0
DA:289,0
DA:291,0
DA:296,0
DA:307,0
DA:312,0
DA:313,0
DA:314,0
DA:315,0
DA:316,0
DA:318,0
DA:319,0
DA:320,0
DA:321,0
DA:322,0
DA:323,0
DA:330,0
DA:335,0
DA:336,0
DA:337,0
DA:338,0
DA:339,0
DA:340,0
DA:341,0
DA:344,0
DA:354,0
DA:355,0
DA:358,0
DA:359,0
DA:361,0
DA:362,0
DA:363,0
DA:366,0
DA:368,0
DA:370,0
DA:372,0
DA:374,0
DA:377,0
DA:380,0
DA:381,0
DA:382,0
DA:384,0
DA:385,0
DA:386,0
DA:388,0
DA:389,0
DA:390,0
DA:394,0
DA:395,0
DA:396,0
DA:397,0
DA:400,0
DA:401,0
DA:404,0
DA:405,0
DA:407,0
DA:409,0
DA:434,1
DA:435,0
DA:464,1
DA:465,0
DA:472,0
DA:475,0
DA:476,0
DA:481,0
DA:482,0
DA:487,0
DA:488,0
DA:494,0
DA:501,0
DA:504,0
DA:505,0
DA:508,0
DA:509,0
DA:512,0
DA:513,0
DA:517,0
DA:518,0
DA:519,0
DA:522,0
DA:525,0
DA:526,0
DA:529,0
DA:530,0
DA:532,0
DA:533,0
DA:534,0
DA:535,0
DA:536,0
DA:541,0
DA:542,0
DA:544,0
DA:550,0
DA:554,0
DA:557,0
DA:563,0
DA:570,0
DA:571,0
DA:578,1
DA:579,0
DA:580,0
DA:581,0
DA:586,0
DA:587,0
DA:589,0
DA:594,0
DA:595,0
DA:596,0
DA:600,0
DA:606,1
DA:607,0
DA:613,1
DA:614,0
DA:615,0
DA:616,0
DA:619,0
DA:620,0
DA:623,1
DA:624,0
DA:625,0
DA:626,0
DA:629,1
DA:630,0
DA:631,0
DA:636,0
DA:637,0
DA:652,0
DA:653,0
DA:654,0
DA:656,0
DA:658,0
DA:659,0
DA:664,1
DA:665,0
DA:666,0
DA:668,0
DA:676,0
DA:678,0
DA:679,0
DA:682,0
DA:686,0
DA:687,0
DA:692,1
DA:693,0
DA:694,0
DA:805,0
DA:807,0
DA:808,0
DA:813,1
DA:814,0
DA:815,0
DA:817,0
DA:818,0
DA:824,0
DA:826,0
DA:827,0
DA:833,0
DA:840,0
DA:841,0
DA:846,1
DA:847,0
DA:848,0
DA:851,0
DA:885,0
DA:892,0
DA:893,0
DA:902,1
DA:903,0
DA:904,0
DA:905,0
DA:910,0
DA:912,0
DA:915,0
DA:916,0
DA:917,0
DA:922,0
DA:923,0
DA:924,0
DA:929,0
DA:932,0
DA:948,0
DA:961,0
DA:962,0
DA:971,1
DA:972,0
DA:973,0
DA:976,0
DA:978,0
DA:985,0
DA:986,0
DA:997,1
DA:998,0
DA:999,0
DA:1001,0
DA:1004,0
DA:1005,0
DA:1017,0
DA:1019,0
DA:1025,0
DA:1026,0
DA:1037,1
DA:1038,0
DA:1039,0
DA:1040,0
DA:1043,0
DA:1045,0
DA:1046,0
DA:1051,0
DA:1056,0
DA:1057,0
DA:1068,1
DA:1069,0
DA:1070,0
DA:1071,0
DA:1074,0
DA:1076,0
DA:1077,0
DA:1085,0
DA:1087,0
DA:1088,0
DA:1099,1
DA:1100,0
DA:1108,0
DA:1110,0
DA:1114,0
DA:1115,0
DA:1125,0
DA:1126,0
DA:1128,0
DA:1137,0
DA:1143,0
DA:1151,0
DA:1162,0
DA:1163,0
DA:1173,0
DA:1174,0
DA:1176,0
DA:1178,0
DA:1179,0
DA:1180,0
DA:1181,0
DA:1182,0
DA:1186,0
DA:1187,0
DA:1188,0
DA:1189,0
DA:1193,0
DA:1194,0
DA:1197,0
DA:1199,0
DA:1203,0
DA:1204,0
DA:1205,0
DA:1208,0
DA:1223,0
DA:1224,0
DA:1225,0
DA:1227,0
DA:1230,0
DA:1257,0
DA:1286,0
DA:1293,0
DA:1305,0
DA:1306,0
DA:1315,1
LF:324
LH:27
BRDA:26,0,0,0
BRDA:26,0,1,0
BRDA:26,1,0,0
BRDA:26,1,1,0
BRDA:76,2,0,0
BRDA:76,2,1,0
BRDA:86,3,0,0
BRDA:86,3,1,0
BRDA:92,4,0,0
BRDA:92,4,1,0
BRDA:101,5,0,0
BRDA:101,5,1,0
BRDA:118,6,0,0
BRDA:118,6,1,0
BRDA:119,7,0,0
BRDA:119,7,1,0
BRDA:120,8,0,0
BRDA:120,8,1,0
BRDA:121,9,0,0
BRDA:121,9,1,0
BRDA:122,10,0,0
BRDA:122,10,1,0
BRDA:125,11,0,0
BRDA:125,11,1,0
BRDA:127,12,0,0
BRDA:127,12,1,0
BRDA:128,13,0,0
BRDA:128,13,1,0
BRDA:129,14,0,0
BRDA:129,14,1,0
BRDA:130,15,0,0
BRDA:130,15,1,0
BRDA:131,16,0,0
BRDA:131,16,1,0
BRDA:160,17,0,0
BRDA:160,17,1,0
BRDA:161,18,0,0
BRDA:161,18,1,0
BRDA:162,19,0,0
BRDA:162,19,1,0
BRDA:163,20,0,0
BRDA:163,20,1,0
BRDA:219,21,0,0
BRDA:219,22,0,0
BRDA:219,23,0,0
BRDA:220,24,0,0
BRDA:220,24,1,0
BRDA:227,25,0,0
BRDA:227,25,1,0
BRDA:232,26,0,0
BRDA:232,26,1,0
BRDA:244,27,0,0
BRDA:244,27,1,0
BRDA:245,28,0,0
BRDA:245,28,1,0
BRDA:274,29,0,0
BRDA:274,30,0,0
BRDA:275,31,0,0
BRDA:275,31,1,0
BRDA:279,32,0,0
BRDA:279,32,1,0
BRDA:279,33,0,0
BRDA:279,33,1,0
BRDA:288,34,0,0
BRDA:288,34,1,0
BRDA:305,35,0,0
BRDA:305,35,1,0
BRDA:316,36,0,0
BRDA:316,36,1,0
BRDA:319,37,0,0
BRDA:319,37,1,0
BRDA:319,38,0,0
BRDA:319,38,1,0
BRDA:321,39,0,0
BRDA:321,39,1,0
BRDA:321,40,0,0
BRDA:321,40,1,0
BRDA:330,41,0,0
BRDA:330,41,1,0
BRDA:339,42,0,0
BRDA:339,42,1,0
BRDA:354,43,0,0
BRDA:354,43,1,0
BRDA:377,44,0,0
BRDA:377,44,1,0
BRDA:385,45,0,0
BRDA:385,45,1,0
BRDA:394,46,0,0
BRDA:394,46,1,0
BRDA:395,47,0,0
BRDA:395,47,1,0
BRDA:397,48,0,0
BRDA:397,48,1,0
BRDA:401,49,0,0
BRDA:401,49,1,0
BRDA:405,50,0,0
BRDA:405,50,1,0
BRDA:407,51,0,0
BRDA:407,51,1,0
BRDA:468,52,0,0
BRDA:469,53,0,0
BRDA:475,54,0,0
BRDA:475,54,1,0
BRDA:481,55,0,0
BRDA:481,55,1,0
BRDA:481,56,0,0
BRDA:481,56,1,0
BRDA:487,57,0,0
BRDA:487,57,1,0
BRDA:534,58,0,0
BRDA:534,58,1,0
BRDA:580,59,0,0
BRDA:580,59,1,0
BRDA:595,60,0,0
BRDA:595,60,1,0
BRDA:615,61,0,0
BRDA:615,61,1,0
BRDA:615,62,0,0
BRDA:615,62,1,0
BRDA:625,63,0,0
BRDA:625,63,1,0
BRDA:653,64,0,0
BRDA:653,64,1,0
BRDA:653,65,0,0
BRDA:653,65,1,0
BRDA:653,65,2,0
BRDA:666,66,0,0
BRDA:666,67,0,0
BRDA:678,68,0,0
BRDA:678,68,1,0
BRDA:678,69,0,0
BRDA:678,69,1,0
BRDA:678,69,2,0
BRDA:817,70,0,0
BRDA:817,70,1,0
BRDA:904,71,0,0
BRDA:906,72,0,0
BRDA:906,72,1,0
BRDA:915,73,0,0
BRDA:915,73,1,0
BRDA:917,74,0,0
BRDA:917,74,1,0
BRDA:922,75,0,0
BRDA:922,75,1,0
BRDA:935,76,0,0
BRDA:935,76,1,0
BRDA:936,77,0,0
BRDA:936,77,1,0
BRDA:937,78,0,0
BRDA:937,78,1,0
BRDA:938,79,0,0
BRDA:938,79,1,0
BRDA:939,80,0,0
BRDA:939,80,1,0
BRDA:940,81,0,0
BRDA:940,81,1,0
BRDA:941,82,0,0
BRDA:941,82,1,0
BRDA:944,83,0,0
BRDA:944,83,1,0
BRDA:944,83,2,0
BRDA:945,84,0,0
BRDA:945,84,1,0
BRDA:954,85,0,0
BRDA:954,85,1,0
BRDA:955,86,0,0
BRDA:955,86,1,0
BRDA:1007,87,0,0
BRDA:1007,87,1,0
BRDA:1008,88,0,0
BRDA:1008,88,1,0
BRDA:1009,89,0,0
BRDA:1009,89,1,0
BRDA:1010,90,0,0
BRDA:1010,90,1,0
BRDA:1011,91,0,0
BRDA:1011,91,1,0
BRDA:1045,92,0,0
BRDA:1045,92,1,0
BRDA:1076,93,0,0
BRDA:1076,93,1,0
BRDA:1103,94,0,0
BRDA:1104,95,0,0
BRDA:1105,96,0,0
BRDA:1106,97,0,0
BRDA:1107,98,0,0
BRDA:1114,99,0,0
BRDA:1114,99,1,0
BRDA:1199,100,0,0
BRDA:1199,100,1,0
BRDA:1203,101,0,0
BRDA:1203,101,1,0
BRDA:1224,102,0,0
BRDA:1224,102,1,0
BRDA:1239,103,0,0
BRDA:1239,103,1,0
BRDA:1240,104,0,0
BRDA:1240,104,1,0
BRDA:1243,105,0,0
BRDA:1243,105,1,0
BRDA:1266,106,0,0
BRDA:1266,106,1,0
BRF:202
BRH:0
end_of_record
TN:
SF:routes/calendar.js
FN:8,(anonymous_0)
FN:19,(anonymous_1)
FN:29,(anonymous_2)
FN:117,(anonymous_3)
FN:149,(anonymous_4)
FN:193,(anonymous_5)
FN:219,(anonymous_6)
FN:227,(anonymous_7)
FN:236,(anonymous_8)
FN:250,(anonymous_9)
FN:261,(anonymous_10)
FN:264,(anonymous_11)
FN:266,(anonymous_12)
FN:297,(anonymous_13)
FN:355,(anonymous_14)
FN:394,(anonymous_15)
FN:522,(anonymous_16)
FN:556,(anonymous_17)
FN:616,(anonymous_18)
FN:624,(anonymous_19)
FN:666,(anonymous_20)
FN:724,(anonymous_21)
FN:732,(anonymous_22)
FN:777,(anonymous_23)
FN:852,(anonymous_24)
FN:860,(anonymous_25)
FN:906,(anonymous_26)
FN:921,(anonymous_27)
FN:1039,(anonymous_28)
FN:1055,(anonymous_29)
FN:1109,(anonymous_30)
FN:1123,(anonymous_31)
FN:1127,(anonymous_32)
FN:1130,(anonymous_33)
FN:1134,(anonymous_34)
FN:1176,(anonymous_35)
FN:1214,(anonymous_36)
FN:1397,(anonymous_37)
FN:1407,(anonymous_38)
FN:1417,(anonymous_39)
FN:1510,(anonymous_40)
FN:1511,(anonymous_41)
FN:1512,(anonymous_42)
FN:1514,(anonymous_43)
FN:1518,(anonymous_44)
FN:1520,(anonymous_45)
FN:1528,(anonymous_46)
FN:1588,(anonymous_47)
FN:1603,(anonymous_48)
FN:1727,(anonymous_49)
FN:1732,(anonymous_50)
FN:1774,(anonymous_51)
FN:1801,(anonymous_52)
FN:1802,(anonymous_53)
FN:1803,(anonymous_54)
FN:1805,(anonymous_55)
FNF:56
FNH:0
FNDA:0,(anonymous_0)
FNDA:0,(anonymous_1)
FNDA:0,(anonymous_2)
FNDA:0,(anonymous_3)
FNDA:0,(anonymous_4)
FNDA:0,(anonymous_5)
FNDA:0,(anonymous_6)
FNDA:0,(anonymous_7)
FNDA:0,(anonymous_8)
FNDA:0,(anonymous_9)
FNDA:0,(anonymous_10)
FNDA:0,(anonymous_11)
FNDA:0,(anonymous_12)
FNDA:0,(anonymous_13)
FNDA:0,(anonymous_14)
FNDA:0,(anonymous_15)
FNDA:0,(anonymous_16)
FNDA:0,(anonymous_17)
FNDA:0,(anonymous_18)
FNDA:0,(anonymous_19)
FNDA:0,(anonymous_20)
FNDA:0,(anonymous_21)
FNDA:0,(anonymous_22)
FNDA:0,(anonymous_23)
FNDA:0,(anonymous_24)
FNDA:0,(anonymous_25)
FNDA:0,(anonymous_26)
FNDA:0,(anonymous_27)
FNDA:0,(anonymous_28)
FNDA:0,(anonymous_29)
FNDA:0,(anonymous_30)
FNDA:0,(anonymous_31)
FNDA:0,(anonymous_32)
FNDA:0,(anonymous_33)
FNDA:0,(anonymous_34)
FNDA:0,(anonymous_35)
FNDA:0,(anonymous_36)
FNDA:0,(anonymous_37)
FNDA:0,(anonymous_38)
FNDA:0,(anonymous_39)
FNDA:0,(anonymous_40)
FNDA:0,(anonymous_41)
FNDA:0,(anonymous_42)
FNDA:0,(anonymous_43)
FNDA:0,(anonymous_44)
FNDA:0,(anonymous_45)
FNDA:0,(anonymous_46)
FNDA:0,(anonymous_47)
FNDA:0,(anonymous_48)
FNDA:0,(anonymous_49)
FNDA:0,(anonymous_50)
FNDA:0,(anonymous_51)
FNDA:0,(anonymous_52)
FNDA:0,(anonymous_53)
FNDA:0,(anonymous_54)
FNDA:0,(anonymous_55)
DA:1,1
DA:3,1
DA:5,1
DA:8,1
DA:9,0
DA:19,1
DA:20,0
DA:29,1
DA:30,0
DA:37,0
DA:40,0
DA:41,0
DA:43,0
DA:48,0
DA:55,0
DA:56,0
DA:64,0
DA:65,0
DA:72,0
DA:73,0
DA:80,0
DA:84,0
DA:85,0
DA:86,0
DA:89,0
DA:90,0
DA:91,0
DA:92,0
DA:96,0
DA:97,0
DA:98,0
DA:99,0
DA:102,0
DA:105,0
DA:106,0
DA:110,0
DA:111,0
DA:117,0
DA:118,0
DA:120,0
DA:124,0
DA:130,0
DA:131,0
DA:149,0
DA:150,0
DA:151,0
DA:152,0
DA:156,0
DA:163,0
DA:165,0
DA:174,0
DA:175,0
DA:193,0
DA:218,0
DA:219,0
DA:220,0
DA:221,0
DA:226,0
DA:227,0
DA:228,0
DA:236,0
DA:237,0
DA:238,0
DA:239,0
DA:240,0
DA:245,0
DA:250,0
DA:251,0
DA:252,0
DA:253,0
DA:255,0
DA:256,0
DA:260,0
DA:261,0
DA:263,0
DA:264,0
DA:266,0
DA:268,0
DA:287,0
DA:288,0
DA:297,1
DA:298,0
DA:299,0
DA:302,0
DA:310,0
DA:311,0
DA:313,0
DA:315,0
DA:316,0
DA:317,0
DA:320,0
DA:328,0
DA:329,0
DA:331,0
DA:340,0
DA:347,0
DA:348,0
DA:355,1
DA:356,0
DA:357,0
DA:359,0
DA:373,0
DA:375,0
DA:376,0
DA:379,0
DA:387,0
DA:388,0
DA:394,1
DA:395,0
DA:396,0
DA:398,0
DA:399,0
DA:400,0
DA:401,0
DA:403,0
DA:404,0
DA:405,0
DA:407,0
DA:408,0
DA:410,0
DA:411,0
DA:413,0
DA:414,0
DA:417,0
DA:418,0
DA:421,0
DA:423,0
DA:441,0
DA:446,0
DA:448,0
DA:454,0
DA:460,0
DA:463,0
DA:478,0
DA:485,0
DA:486,0
DA:489,0
DA:490,0
DA:496,0
DA:513,0
DA:514,0
DA:515,0
DA:522,1
DA:523,0
DA:524,0
DA:534,0
DA:536,0
DA:537,0
DA:543,0
DA:548,0
DA:549,0
DA:556,1
DA:557,0
DA:558,0
DA:559,0
DA:560,0
DA:562,0
DA:582,0
DA:588,0
DA:605,0
DA:611,0
DA:612,0
DA:615,0
DA:616,0
DA:617,0
DA:618,0
DA:619,0
DA:623,0
DA:624,0
DA:625,0
DA:634,0
DA:639,0
DA:645,0
DA:658,0
DA:659,0
DA:666,1
DA:667,0
DA:668,0
DA:669,0
DA:670,0
DA:672,0
DA:691,0
DA:697,0
DA:713,0
DA:719,0
DA:720,0
DA:723,0
DA:724,0
DA:725,0
DA:726,0
DA:727,0
DA:731,0
DA:732,0
DA:733,0
DA:745,0
DA:750,0
DA:756,0
DA:769,0
DA:770,0
DA:777,1
DA:778,0
DA:779,0
DA:780,0
DA:781,0
DA:784,0
DA:814,0
DA:820,0
DA:841,0
DA:847,0
DA:848,0
DA:851,0
DA:852,0
DA:853,0
DA:854,0
DA:855,0
DA:859,0
DA:860,0
DA:861,0
DA:873,0
DA:887,0
DA:888,0
DA:906,1
DA:907,0
DA:914,0
DA:916,0
DA:921,0
DA:922,0
DA:923,0
DA:924,0
DA:928,0
DA:1036,0
DA:1037,0
DA:1038,0
DA:1039,0
DA:1041,0
DA:1043,0
DA:1055,0
DA:1057,0
DA:1058,0
DA:1062,0
DA:1064,0
DA:1067,0
DA:1070,0
DA:1072,0
DA:1074,0
DA:1075,0
DA:1078,0
DA:1082,0
DA:1108,0
DA:1109,0
DA:1113,0
DA:1120,0
DA:1122,0
DA:1123,0
DA:1126,0
DA:1127,0
DA:1130,0
DA:1134,0
DA:1135,0
DA:1136,0
DA:1139,0
DA:1166,0
DA:1167,0
DA:1176,1
DA:1177,0
DA:1183,0
DA:1185,0
DA:1190,0
DA:1191,0
DA:1193,0
DA:1198,0
DA:1205,0
DA:1206,0
DA:1214,0
DA:1220,0
DA:1221,0
DA:1224,0
DA:1384,0
DA:1387,0
DA:1388,0
DA:1389,0
DA:1392,0
DA:1393,0
DA:1397,0
DA:1399,0
DA:1400,0
DA:1401,0
DA:1402,0
DA:1404,0
DA:1407,0
DA:1409,0
DA:1413,0
DA:1417,0
DA:1418,0
DA:1420,0
DA:1422,0
DA:1424,0
DA:1426,0
DA:1428,0
DA:1430,0
DA:1432,0
DA:1434,0
DA:1436,0
DA:1440,0
DA:1441,0
DA:1442,0
DA:1444,0
DA:1483,0
DA:1484,0
DA:1488,0
DA:1491,0
DA:1499,0
DA:1510,0
DA:1511,0
DA:1512,0
DA:1515,0
DA:1516,0
DA:1518,0
DA:1521,0
DA:1522,0
DA:1523,0
DA:1524,0
DA:1529,0
DA:1530,0
DA:1531,0
DA:1532,0
DA:1536,0
DA:1577,0
DA:1578,0
DA:1588,1
DA:1589,0
DA:1596,0
DA:1598,0
DA:1603,0
DA:1610,0
DA:1611,0
DA:1613,0
DA:1721,0
DA:1724,0
DA:1725,0
DA:1726,0
DA:1727,0
DA:1730,0
DA:1731,0
DA:1732,0
DA:1737,0
DA:1738,0
DA:1741,0
DA:1743,0
DA:1747,0
DA:1751,0
DA:1753,0
DA:1774,0
DA:1777,0
DA:1785,0
DA:1801,0
DA:1802,0
DA:1803,0
DA:1806,0
DA:1807,0
DA:1813,0
DA:1814,0
DA:1828,1
LF:363
LH:17
BRDA:35,0,0,0
BRDA:36,1,0,0
BRDA:43,2,0,0
BRDA:43,2,1,0
BRDA:44,3,0,0
BRDA:44,3,1,0
BRDA:44,3,2,0
BRDA:55,4,0,0
BRDA:55,4,1,0
BRDA:55,5,0,0
BRDA:55,5,1,0
BRDA:55,5,2,0
BRDA:64,6,0,0
BRDA:64,6,1,0
BRDA:64,7,0,0
BRDA:64,7,1,0
BRDA:72,8,0,0
BRDA:72,8,1,0
BRDA:72,9,0,0
BRDA:72,9,1,0
BRDA:81,10,0,0
BRDA:81,10,1,0
BRDA:89,11,0,0
BRDA:89,11,1,0
BRDA:96,12,0,0
BRDA:96,12,1,0
BRDA:96,13,0,0
BRDA:96,13,1,0
BRDA:150,14,0,0
BRDA:150,14,1,0
BRDA:152,15,0,0
BRDA:152,15,1,0
BRDA:153,16,0,0
BRDA:153,16,1,0
BRDA:157,17,0,0
BRDA:157,17,1,0
BRDA:174,18,0,0
BRDA:174,18,1,0
BRDA:199,19,0,0
BRDA:199,19,1,0
BRDA:200,20,0,0
BRDA:200,20,1,0
BRDA:201,21,0,0
BRDA:201,21,1,0
BRDA:201,22,0,0
BRDA:201,22,1,0
BRDA:202,23,0,0
BRDA:202,23,1,0
BRDA:205,24,0,0
BRDA:205,24,1,0
BRDA:206,25,0,0
BRDA:206,25,1,0
BRDA:209,26,0,0
BRDA:209,26,1,0
BRDA:210,27,0,0
BRDA:210,27,1,0
BRDA:220,28,0,0
BRDA:220,28,1,0
BRDA:237,29,0,0
BRDA:237,29,1,0
BRDA:252,30,0,0
BRDA:252,30,1,0
BRDA:279,31,0,0
BRDA:279,31,1,0
BRDA:280,32,0,0
BRDA:280,32,1,0
BRDA:313,33,0,0
BRDA:313,33,1,0
BRDA:375,34,0,0
BRDA:375,34,1,0
BRDA:375,35,0,0
BRDA:375,35,1,0
BRDA:375,35,2,0
BRDA:398,36,0,0
BRDA:398,36,1,0
BRDA:399,37,0,0
BRDA:399,37,1,0
BRDA:401,38,0,0
BRDA:401,38,1,0
BRDA:405,39,0,0
BRDA:405,39,1,0
BRDA:405,39,2,0
BRDA:405,39,3,0
BRDA:405,39,4,0
BRDA:454,40,0,0
BRDA:454,40,1,0
BRDA:455,41,0,0
BRDA:455,41,1,0
BRDA:455,41,2,0
BRDA:455,41,3,0
BRDA:489,42,0,0
BRDA:489,42,1,0
BRDA:489,43,0,0
BRDA:489,43,1,0
BRDA:536,44,0,0
BRDA:536,44,1,0
BRDA:536,45,0,0
BRDA:536,45,1,0
BRDA:536,45,2,0
BRDA:558,46,0,0
BRDA:558,46,1,0
BRDA:559,47,0,0
BRDA:559,47,1,0
BRDA:617,48,0,0
BRDA:617,48,1,0
BRDA:634,49,0,0
BRDA:634,49,1,0
BRDA:635,50,0,0
BRDA:635,50,1,0
BRDA:635,50,2,0
BRDA:668,51,0,0
BRDA:668,51,1,0
BRDA:669,52,0,0
BRDA:669,52,1,0
BRDA:725,53,0,0
BRDA:725,53,1,0
BRDA:745,54,0,0
BRDA:745,54,1,0
BRDA:746,55,0,0
BRDA:746,55,1,0
BRDA:746,55,2,0
BRDA:779,56,0,0
BRDA:779,56,1,0
BRDA:780,57,0,0
BRDA:780,57,1,0
BRDA:853,58,0,0
BRDA:853,58,1,0
BRDA:912,59,0,0
BRDA:913,60,0,0
BRDA:917,61,0,0
BRDA:917,61,1,0
BRDA:1037,62,0,0
BRDA:1037,62,1,0
BRDA:1041,63,0,0
BRDA:1041,63,1,0
BRDA:1062,64,0,0
BRDA:1062,64,1,0
BRDA:1067,65,0,0
BRDA:1067,65,1,0
BRDA:1122,66,0,0
BRDA:1122,66,1,0
BRDA:1135,67,0,0
BRDA:1135,67,1,0
BRDA:1159,68,0,0
BRDA:1159,68,1,0
BRDA:1179,69,0,0
BRDA:1180,70,0,0
BRDA:1181,71,0,0
BRDA:1182,72,0,0
BRDA:1193,73,0,0
BRDA:1193,73,1,0
BRDA:1194,74,0,0
BRDA:1194,74,1,0
BRDA:1194,74,2,0
BRDA:1205,75,0,0
BRDA:1205,75,1,0
BRDA:1205,76,0,0
BRDA:1205,76,1,0
BRDA:1205,76,2,0
BRDA:1384,77,0,0
BRDA:1384,77,1,0
BRDA:1392,78,0,0
BRDA:1392,78,1,0
BRDA:1392,79,0,0
BRDA:1392,79,1,0
BRDA:1400,80,0,0
BRDA:1400,80,1,0
BRDA:1401,81,0,0
BRDA:1401,81,1,0
BRDA:1402,82,0,0
BRDA:1402,82,1,0
BRDA:1409,83,0,0
BRDA:1409,83,1,0
BRDA:1410,84,0,0
BRDA:1410,84,1,0
BRDA:1418,85,0,0
BRDA:1418,85,1,0
BRDA:1418,85,2,0
BRDA:1418,85,3,0
BRDA:1418,85,4,0
BRDA:1418,85,5,0
BRDA:1418,85,6,0
BRDA:1418,85,7,0
BRDA:1418,85,8,0
BRDA:1459,86,0,0
BRDA:1459,86,1,0
BRDA:1461,87,0,0
BRDA:1461,87,1,0
BRDA:1463,88,0,0
BRDA:1463,88,1,0
BRDA:1463,89,0,0
BRDA:1463,89,1,0
BRDA:1468,90,0,0
BRDA:1468,90,1,0
BRDA:1470,91,0,0
BRDA:1470,91,1,0
BRDA:1475,92,0,0
BRDA:1475,92,1,0
BRDA:1477,93,0,0
BRDA:1477,93,1,0
BRDA:1483,94,0,0
BRDA:1483,94,1,0
BRDA:1515,95,0,0
BRDA:1515,95,1,0
BRDA:1525,96,0,0
BRDA:1525,96,1,0
BRDA:1532,97,0,0
BRDA:1532,97,1,0
BRDA:1568,98,0,0
BRDA:1568,98,1,0
BRDA:1570,99,0,0
BRDA:1570,99,1,0
BRDA:1591,100,0,0
BRDA:1592,101,0,0
BRDA:1593,102,0,0
BRDA:1594,103,0,0
BRDA:1595,104,0,0
BRDA:1721,105,0,0
BRDA:1721,105,1,0
BRDA:1725,106,0,0
BRDA:1725,106,1,0
BRDA:1730,107,0,0
BRDA:1730,107,1,0
BRDA:1738,108,0,0
BRDA:1738,108,1,0
BRDA:1741,109,0,0
BRDA:1741,109,1,0
BRDA:1751,110,0,0
BRDA:1751,110,1,0
BRDA:1806,111,0,0
BRDA:1806,111,1,0
BRF:231
BRH:0
end_of_record
TN:
SF:routes/commodities.js
FN:7,(anonymous_0)
FN:17,(anonymous_1)
FN:37,(anonymous_2)
FN:133,(anonymous_3)
FN:215,(anonymous_4)
FN:220,(anonymous_5)
FN:247,(anonymous_6)
FN:297,(anonymous_7)
FN:377,(anonymous_8)
FN:456,(anonymous_9)
FN:490,(anonymous_10)
FN:494,(anonymous_11)
FN:500,(anonymous_12)
FN:501,(anonymous_13)
FN:536,(anonymous_14)
FN:618,(anonymous_15)
FN:642,(anonymous_16)
FN:644,(anonymous_17)
FN:652,(anonymous_18)
FN:654,(anonymous_19)
FN:715,(anonymous_20)
FNF:21
FNH:0
FNDA:0,(anonymous_0)
FNDA:0,(anonymous_1)
FNDA:0,(anonymous_2)
FNDA:0,(anonymous_3)
FNDA:0,(anonymous_4)
FNDA:0,(anonymous_5)
FNDA:0,(anonymous_6)
FNDA:0,(anonymous_7)
FNDA:0,(anonymous_8)
FNDA:0,(anonymous_9)
FNDA:0,(anonymous_10)
FNDA:0,(anonymous_11)
FNDA:0,(anonymous_12)
FNDA:0,(anonymous_13)
FNDA:0,(anonymous_14)
FNDA:0,(anonymous_15)
FNDA:0,(anonymous_16)
FNDA:0,(anonymous_17)
FNDA:0,(anonymous_18)
FNDA:0,(anonymous_19)
FNDA:0,(anonymous_20)
DA:1,1
DA:3,1
DA:4,1
DA:7,1
DA:8,0
DA:17,1
DA:18,0
DA:37,1
DA:38,0
DA:39,0
DA:112,0
DA:123,0
DA:124,0
DA:133,1
DA:134,0
DA:135,0
DA:136,0
DA:138,0
DA:214,0
DA:215,0
DA:219,0
DA:220,0
DA:223,0
DA:237,0
DA:238,0
DA:247,1
DA:248,0
DA:249,0
DA:281,0
DA:287,0
DA:288,0
DA:297,1
DA:298,0
DA:299,0
DA:336,0
DA:362,0
DA:367,0
DA:368,0
DA:377,1
DA:378,0
DA:379,0
DA:380,0
DA:385,0
DA:388,0
DA:389,0
DA:390,0
DA:392,0
DA:393,0
DA:394,0
DA:395,0
DA:398,0
DA:399,0
DA:400,0
DA:401,0
DA:404,0
DA:433,0
DA:435,0
DA:436,0
DA:456,0
DA:489,0
DA:490,0
DA:493,0
DA:494,0
DA:497,0
DA:500,0
DA:501,0
DA:505,0
DA:519,0
DA:526,0
DA:527,0
DA:536,1
DA:537,0
DA:538,0
DA:539,0
DA:544,0
DA:547,0
DA:554,0
DA:556,0
DA:558,0
DA:573,0
DA:574,0
DA:577,0
DA:591,0
DA:595,0
DA:597,0
DA:618,0
DA:619,0
DA:621,0
DA:627,0
DA:640,0
DA:641,0
DA:642,0
DA:644,0
DA:651,0
DA:652,0
DA:654,0
DA:661,0
DA:674,0
DA:686,0
DA:687,0
DA:705,0
DA:706,0
DA:715,1
DA:716,0
DA:717,0
DA:718,0
DA:721,0
DA:738,0
DA:741,0
DA:742,0
DA:743,0
DA:746,0
DA:747,0
DA:757,0
DA:758,0
DA:760,0
DA:762,0
DA:763,0
DA:770,0
DA:781,0
DA:782,0
DA:790,1
LF:122
LH:13
BRDA:214,0,0,0
BRDA:214,0,1,0
BRDA:219,1,0,0
BRDA:219,1,1,0
BRDA:227,2,0,0
BRDA:227,2,1,0
BRDA:228,3,0,0
BRDA:228,3,1,0
BRDA:379,4,0,0
BRDA:379,5,0,0
BRDA:379,6,0,0
BRDA:392,7,0,0
BRDA:392,7,1,0
BRDA:398,8,0,0
BRDA:398,8,1,0
BRDA:435,9,0,0
BRDA:435,9,1,0
BRDA:435,10,0,0
BRDA:435,10,1,0
BRDA:435,10,2,0
BRDA:465,11,0,0
BRDA:465,11,1,0
BRDA:466,12,0,0
BRDA:466,12,1,0
BRDA:467,13,0,0
BRDA:467,13,1,0
BRDA:468,14,0,0
BRDA:468,14,1,0
BRDA:469,15,0,0
BRDA:469,15,1,0
BRDA:470,16,0,0
BRDA:470,16,1,0
BRDA:471,17,0,0
BRDA:471,17,1,0
BRDA:472,18,0,0
BRDA:472,18,1,0
BRDA:473,19,0,0
BRDA:473,19,1,0
BRDA:477,20,0,0
BRDA:477,20,1,0
BRDA:478,21,0,0
BRDA:478,21,1,0
BRDA:479,22,0,0
BRDA:479,22,1,0
BRDA:481,23,0,0
BRDA:481,23,1,0
BRDA:482,24,0,0
BRDA:482,24,1,0
BRDA:510,25,0,0
BRDA:510,25,1,0
BRDA:515,26,0,0
BRDA:515,26,1,0
BRDA:538,27,0,0
BRDA:538,28,0,0
BRDA:554,29,0,0
BRDA:554,29,1,0
BRDA:568,30,0,0
BRDA:568,30,1,0
BRDA:573,31,0,0
BRDA:573,31,1,0
BRDA:595,32,0,0
BRDA:595,32,1,0
BRDA:595,33,0,0
BRDA:595,33,1,0
BRDA:621,34,0,0
BRDA:621,34,1,0
BRDA:623,35,0,0
BRDA:623,35,1,0
BRDA:630,36,0,0
BRDA:630,36,1,0
BRDA:631,37,0,0
BRDA:631,37,1,0
BRDA:632,38,0,0
BRDA:632,38,1,0
BRDA:633,39,0,0
BRDA:633,39,1,0
BRDA:634,40,0,0
BRDA:634,40,1,0
BRDA:640,41,0,0
BRDA:640,41,1,0
BRDA:640,42,0,0
BRDA:640,42,1,0
BRDA:642,43,0,0
BRDA:642,43,1,0
BRDA:646,44,0,0
BRDA:646,44,1,0
BRDA:647,45,0,0
BRDA:647,45,1,0
BRDA:648,46,0,0
BRDA:648,46,1,0
BRDA:652,47,0,0
BRDA:652,47,1,0
BRDA:656,48,0,0
BRDA:656,48,1,0
BRDA:657,49,0,0
BRDA:657,49,1,0
BRDA:658,50,0,0
BRDA:658,50,1,0
BRDA:680,51,0,0
BRDA:680,51,1,0
BRDA:717,52,0,0
BRDA:718,53,0,0
BRDA:718,53,1,0
BRDA:741,54,0,0
BRDA:741,54,1,0
BRDA:762,55,0,0
BRDA:762,55,1,0
BRDA:762,56,0,0
BRDA:762,56,1,0
BRF:109
BRH:0
end_of_record
TN:
SF:routes/dashboard.js
FN:9,(anonymous_0)
FN:22,(anonymous_1)
FN:48,(anonymous_2)
FN:267,(anonymous_3)
FN:268,(anonymous_4)
FN:270,(anonymous_5)
FN:327,(anonymous_6)
FN:380,(anonymous_7)
FN:448,(anonymous_8)
FN:517,(anonymous_9)
FN:559,(anonymous_10)
FN:627,(anonymous_11)
FN:656,(anonymous_12)
FN:818,(anonymous_13)
FN:954,(anonymous_14)
FN:962,(anonymous_15)
FN:963,(anonymous_16)
FN:974,(anonymous_17)
FN:979,(anonymous_18)
FN:985,(anonymous_19)
FN:1017,(anonymous_20)
FN:1108,(anonymous_21)
FN:1176,(anonymous_22)
FN:1203,(anonymous_23)
FN:1276,getIndexName
FN:1285,calculateMarketSentiment
FN:1289,(anonymous_26)
FN:1298,generateDashboardInsights
FN:1350,(anonymous_28)
FN:1380,(anonymous_29)
FNF:30
FNH:0
FNDA:0,(anonymous_0)
FNDA:0,(anonymous_1)
FNDA:0,(anonymous_2)
FNDA:0,(anonymous_3)
FNDA:0,(anonymous_4)
FNDA:0,(anonymous_5)
FNDA:0,(anonymous_6)
FNDA:0,(anonymous_7)
FNDA:0,(anonymous_8)
FNDA:0,(anonymous_9)
FNDA:0,(anonymous_10)
FNDA:0,(anonymous_11)
FNDA:0,(anonymous_12)
FNDA:0,(anonymous_13)
FNDA:0,(anonymous_14)
FNDA:0,(anonymous_15)
FNDA:0,(anonymous_16)
FNDA:0,(anonymous_17)
FNDA:0,(anonymous_18)
FNDA:0,(anonymous_19)
FNDA:0,(anonymous_20)
FNDA:0,(anonymous_21)
FNDA:0,(anonymous_22)
FNDA:0,(anonymous_23)
FNDA:0,getIndexName
FNDA:0,calculateMarketSentiment
FNDA:0,(anonymous_26)
FNDA:0,generateDashboardInsights
FNDA:0,(anonymous_28)
FNDA:0,(anonymous_29)
DA:1,1
DA:3,1
DA:4,1
DA:6,1
DA:9,1
DA:10,0
DA:22,1
DA:23,0
DA:48,1
DA:49,0
DA:50,0
DA:53,0
DA:80,0
DA:104,0
DA:128,0
DA:153,0
DA:169,0
DA:180,0
DA:200,0
DA:219,0
DA:230,0
DA:242,0
DA:252,0
DA:255,0
DA:262,0
DA:267,0
DA:268,0
DA:269,0
DA:270,0
DA:271,0
DA:272,0
DA:275,0
DA:279,0
DA:300,0
DA:301,0
DA:307,0
DA:313,0
DA:314,0
DA:327,1
DA:328,0
DA:329,0
DA:330,0
DA:332,0
DA:333,0
DA:340,0
DA:358,0
DA:369,0
DA:370,0
DA:375,0
DA:380,0
DA:391,0
DA:405,0
DA:410,0
DA:416,0
DA:421,0
DA:425,0
DA:435,0
DA:436,0
DA:448,1
DA:449,0
DA:450,0
DA:451,0
DA:453,0
DA:454,0
DA:457,0
DA:471,0
DA:482,0
DA:483,0
DA:488,0
DA:492,0
DA:497,0
DA:504,0
DA:509,0
DA:517,0
DA:527,0
DA:536,0
DA:546,0
DA:547,0
DA:559,1
DA:560,0
DA:561,0
DA:562,0
DA:564,0
DA:565,0
DA:568,0
DA:586,0
DA:596,0
DA:597,0
DA:602,0
DA:606,0
DA:607,0
DA:614,0
DA:619,0
DA:626,0
DA:627,0
DA:633,0
DA:643,0
DA:644,0
DA:656,1
DA:657,0
DA:658,0
DA:661,0
DA:662,0
DA:663,0
DA:677,0
DA:679,0
DA:680,0
DA:690,0
DA:709,0
DA:744,0
DA:745,0
DA:750,0
DA:755,0
DA:756,0
DA:773,0
DA:774,0
DA:791,0
DA:792,0
DA:793,0
DA:795,0
DA:805,0
DA:806,0
DA:818,1
DA:819,0
DA:820,0
DA:823,0
DA:843,0
DA:882,0
DA:903,0
DA:904,0
DA:910,0
DA:915,0
DA:936,0
DA:937,0
DA:944,0
DA:945,0
DA:953,0
DA:954,0
DA:955,0
DA:962,0
DA:963,0
DA:965,0
DA:974,0
DA:979,0
DA:985,0
DA:998,0
DA:1004,0
DA:1005,0
DA:1017,1
DA:1018,0
DA:1019,0
DA:1021,0
DA:1028,0
DA:1029,0
DA:1030,0
DA:1032,0
DA:1036,0
DA:1048,0
DA:1049,0
DA:1050,0
DA:1053,0
DA:1055,0
DA:1060,0
DA:1061,0
DA:1068,0
DA:1070,0
DA:1073,0
DA:1075,0
DA:1080,0
DA:1082,0
DA:1087,0
DA:1093,0
DA:1098,0
DA:1099,0
DA:1108,1
DA:1109,0
DA:1114,0
DA:1116,0
DA:1121,0
DA:1127,0
DA:1130,0
DA:1140,0
DA:1152,0
DA:1159,0
DA:1160,0
DA:1161,0
DA:1175,0
DA:1176,0
DA:1188,0
DA:1189,0
DA:1191,0
DA:1202,0
DA:1203,0
DA:1217,0
DA:1218,0
DA:1219,0
DA:1221,0
DA:1260,0
DA:1266,0
DA:1267,0
DA:1277,0
DA:1282,0
DA:1286,0
DA:1289,0
DA:1292,0
DA:1293,0
DA:1294,0
DA:1295,0
DA:1299,0
DA:1302,0
DA:1304,0
DA:1305,0
DA:1309,0
DA:1310,0
DA:1317,0
DA:1318,0
DA:1320,0
DA:1321,0
DA:1322,0
DA:1326,0
DA:1327,0
DA:1335,0
DA:1336,0
DA:1343,0
DA:1350,1
DA:1351,0
DA:1352,0
DA:1355,0
DA:1369,0
DA:1378,0
DA:1380,0
DA:1383,0
DA:1384,0
DA:1386,0
DA:1410,0
DA:1411,0
DA:1420,1
LF:237
LH:16
BRDA:242,0,0,0
BRDA:242,0,1,0
BRDA:243,1,0,0
BRDA:243,1,1,0
BRDA:243,1,2,0
BRDA:243,1,3,0
BRDA:243,1,4,0
BRDA:243,1,5,0
BRDA:243,1,6,0
BRDA:243,1,7,0
BRDA:271,2,0,0
BRDA:271,2,1,0
BRDA:271,3,0,0
BRDA:271,3,1,0
BRDA:285,4,0,0
BRDA:285,4,1,0
BRDA:290,5,0,0
BRDA:290,5,1,0
BRDA:300,6,0,0
BRDA:300,6,1,0
BRDA:300,7,0,0
BRDA:300,7,1,0
BRDA:332,8,0,0
BRDA:332,8,1,0
BRDA:382,9,0,0
BRDA:382,9,1,0
BRDA:383,10,0,0
BRDA:383,10,1,0
BRDA:384,11,0,0
BRDA:384,11,1,0
BRDA:385,12,0,0
BRDA:385,12,1,0
BRDA:386,13,0,0
BRDA:386,13,1,0
BRDA:387,14,0,0
BRDA:387,14,1,0
BRDA:391,15,0,0
BRDA:391,15,1,0
BRDA:394,16,0,0
BRDA:394,16,1,0
BRDA:396,17,0,0
BRDA:396,17,1,0
BRDA:398,18,0,0
BRDA:398,18,1,0
BRDA:400,19,0,0
BRDA:400,19,1,0
BRDA:401,20,0,0
BRDA:401,20,1,0
BRDA:405,21,0,0
BRDA:405,21,1,0
BRDA:406,22,0,0
BRDA:406,22,1,0
BRDA:406,22,2,0
BRDA:416,23,0,0
BRDA:416,23,1,0
BRDA:417,24,0,0
BRDA:417,24,1,0
BRDA:417,24,2,0
BRDA:453,25,0,0
BRDA:453,25,1,0
BRDA:492,26,0,0
BRDA:492,26,1,0
BRDA:493,27,0,0
BRDA:493,27,1,0
BRDA:493,27,2,0
BRDA:504,28,0,0
BRDA:504,28,1,0
BRDA:505,29,0,0
BRDA:505,29,1,0
BRDA:505,29,2,0
BRDA:519,30,0,0
BRDA:519,30,1,0
BRDA:520,31,0,0
BRDA:520,31,1,0
BRDA:521,32,0,0
BRDA:521,32,1,0
BRDA:522,33,0,0
BRDA:522,33,1,0
BRDA:523,34,0,0
BRDA:523,34,1,0
BRDA:529,35,0,0
BRDA:529,35,1,0
BRDA:530,36,0,0
BRDA:530,36,1,0
BRDA:531,37,0,0
BRDA:531,37,1,0
BRDA:532,38,0,0
BRDA:532,38,1,0
BRDA:533,39,0,0
BRDA:533,39,1,0
BRDA:564,40,0,0
BRDA:564,40,1,0
BRDA:606,41,0,0
BRDA:606,41,1,0
BRDA:606,42,0,0
BRDA:606,42,1,0
BRDA:606,42,2,0
BRDA:614,43,0,0
BRDA:614,43,1,0
BRDA:615,44,0,0
BRDA:615,44,1,0
BRDA:615,44,2,0
BRDA:755,45,0,0
BRDA:755,45,1,0
BRDA:755,46,0,0
BRDA:755,46,1,0
BRDA:773,47,0,0
BRDA:773,47,1,0
BRDA:773,48,0,0
BRDA:773,48,1,0
BRDA:910,49,0,0
BRDA:910,49,1,0
BRDA:911,50,0,0
BRDA:911,50,1,0
BRDA:911,50,2,0
BRDA:921,51,0,0
BRDA:921,51,1,0
BRDA:936,52,0,0
BRDA:936,52,1,0
BRDA:936,53,0,0
BRDA:936,53,1,0
BRDA:936,53,2,0
BRDA:944,54,0,0
BRDA:944,54,1,0
BRDA:944,55,0,0
BRDA:944,55,1,0
BRDA:944,55,2,0
BRDA:956,56,0,0
BRDA:956,56,1,0
BRDA:957,57,0,0
BRDA:957,57,1,0
BRDA:958,58,0,0
BRDA:958,58,1,0
BRDA:967,59,0,0
BRDA:967,59,1,0
BRDA:976,60,0,0
BRDA:976,60,1,0
BRDA:977,61,0,0
BRDA:977,61,1,0
BRDA:981,62,0,0
BRDA:981,62,1,0
BRDA:982,63,0,0
BRDA:982,63,1,0
BRDA:987,64,0,0
BRDA:987,64,1,0
BRDA:988,65,0,0
BRDA:988,65,1,0
BRDA:1075,66,0,0
BRDA:1075,66,1,0
BRDA:1076,67,0,0
BRDA:1076,67,1,0
BRDA:1076,67,2,0
BRDA:1082,68,0,0
BRDA:1082,68,1,0
BRDA:1083,69,0,0
BRDA:1083,69,1,0
BRDA:1083,69,2,0
BRDA:1111,70,0,0
BRDA:1112,71,0,0
BRDA:1113,72,0,0
BRDA:1127,73,0,0
BRDA:1127,73,1,0
BRDA:1160,74,0,0
BRDA:1160,74,1,0
BRDA:1176,75,0,0
BRDA:1176,75,1,0
BRDA:1179,76,0,0
BRDA:1179,76,1,0
BRDA:1181,77,0,0
BRDA:1181,77,1,0
BRDA:1184,78,0,0
BRDA:1184,78,1,0
BRDA:1184,79,0,0
BRDA:1184,79,1,0
BRDA:1189,80,0,0
BRDA:1189,80,1,0
BRDA:1203,81,0,0
BRDA:1203,81,1,0
BRDA:1211,82,0,0
BRDA:1211,82,1,0
BRDA:1217,83,0,0
BRDA:1217,83,1,0
BRDA:1218,84,0,0
BRDA:1218,84,1,0
BRDA:1219,85,0,0
BRDA:1219,85,1,0
BRDA:1223,86,0,0
BRDA:1223,86,1,0
BRDA:1224,87,0,0
BRDA:1224,87,1,0
BRDA:1225,88,0,0
BRDA:1225,88,1,0
BRDA:1229,89,0,0
BRDA:1229,89,1,0
BRDA:1230,90,0,0
BRDA:1230,90,1,0
BRDA:1235,91,0,0
BRDA:1235,91,1,0
BRDA:1236,92,0,0
BRDA:1236,92,1,0
BRDA:1237,93,0,0
BRDA:1237,93,1,0
BRDA:1238,94,0,0
BRDA:1238,94,1,0
BRDA:1240,95,0,0
BRDA:1240,95,1,0
BRDA:1243,96,0,0
BRDA:1243,96,1,0
BRDA:1243,97,0,0
BRDA:1243,97,1,0
BRDA:1282,98,0,0
BRDA:1282,98,1,0
BRDA:1286,99,0,0
BRDA:1286,99,1,0
BRDA:1286,100,0,0
BRDA:1286,100,1,0
BRDA:1289,101,0,0
BRDA:1289,101,1,0
BRDA:1292,102,0,0
BRDA:1292,102,1,0
BRDA:1293,103,0,0
BRDA:1293,103,1,0
BRDA:1294,104,0,0
BRDA:1294,104,1,0
BRDA:1302,105,0,0
BRDA:1302,105,1,0
BRDA:1304,106,0,0
BRDA:1304,106,1,0
BRDA:1309,107,0,0
BRDA:1309,107,1,0
BRDA:1317,108,0,0
BRDA:1317,108,1,0
BRDA:1318,109,0,0
BRDA:1318,109,1,0
BRDA:1320,110,0,0
BRDA:1320,110,1,0
BRDA:1321,111,0,0
BRDA:1321,111,1,0
BRDA:1326,112,0,0
BRDA:1326,112,1,0
BRDA:1335,113,0,0
BRDA:1335,113,1,0
BRDA:1335,114,0,0
BRDA:1335,114,1,0
BRDA:1383,115,0,0
BRDA:1383,115,1,0
BRDA:1384,116,0,0
BRDA:1384,116,1,0
BRDA:1390,117,0,0
BRDA:1390,117,1,0
BRDA:1391,118,0,0
BRDA:1391,118,1,0
BRDA:1392,119,0,0
BRDA:1392,119,1,0
BRDA:1393,120,0,0
BRDA:1393,120,1,0
BRDA:1394,121,0,0
BRDA:1394,121,1,0
BRDA:1397,122,0,0
BRDA:1397,122,1,0
BRDA:1398,123,0,0
BRDA:1398,123,1,0
BRDA:1399,124,0,0
BRDA:1399,124,1,0
BRF:264
BRH:0
end_of_record
TN:
SF:routes/data.js
FN:16,(anonymous_0)
FN:57,(anonymous_1)
[...]
BRDA:902,88,1,0
BRDA:903,89,0,0
BRDA:903,89,1,0
BRDA:904,90,0,0
BRDA:904,90,1,0
BRDA:913,91,0,0
BRDA:913,91,1,0
BRDA:913,91,2,0
BRDA:919,92,0,0
BRDA:919,92,1,0
BRDA:919,92,2,0
BRDA:920,93,0,0
BRDA:920,93,1,0
BRDA:922,94,0,0
BRDA:922,94,1,0
BRDA:938,95,0,0
BRDA:938,95,1,0
BRDA:939,96,0,0
BRDA:939,96,1,0
BRDA:939,96,2,0
BRDA:940,97,0,0
BRDA:940,97,1,0
BRDA:943,98,0,0
BRDA:943,98,1,0
BRDA:950,99,0,0
BRDA:950,99,1,0
BRDA:952,100,0,0
BRDA:952,100,1,0
BRDA:952,101,0,0
BRDA:952,101,1,0
BRDA:967,102,0,0
BRDA:967,102,1,0
BRDA:983,103,0,0
BRDA:983,103,1,0
BRDA:987,104,0,0
BRDA:987,104,1,0
BRDA:1007,105,0,0
BRDA:1009,106,0,0
BRDA:1009,106,1,0
BRDA:1009,107,0,0
BRDA:1009,107,1,0
BRDA:1020,108,0,0
BRDA:1020,108,1,0
BRDA:1027,109,0,0
BRDA:1027,109,1,0
BRDA:1030,110,0,0
BRDA:1030,110,1,0
BRDA:1033,111,0,0
BRDA:1033,111,1,0
BRDA:1064,112,0,0
BRDA:1066,113,0,0
BRDA:1066,113,1,0
BRDA:1066,114,0,0
BRDA:1066,114,1,0
BRDA:1080,115,0,0
BRDA:1080,115,1,0
BRDA:1081,116,0,0
BRDA:1081,116,1,0
BRDA:1083,117,0,0
BRDA:1083,117,1,0
BRDA:1091,118,0,0
BRDA:1091,118,1,0
BRDA:1091,119,0,0
BRDA:1091,119,1,0
BRDA:1104,120,0,0
BRDA:1104,120,1,0
BRDA:1104,121,0,0
BRDA:1104,121,1,0
BRDA:1107,122,0,0
BRDA:1107,122,1,0
BRDA:1107,123,0,0
BRDA:1107,123,1,0
BRDA:1110,124,0,0
BRDA:1110,124,1,0
BRDA:1142,125,0,0
BRDA:1144,126,0,0
BRDA:1144,126,1,0
BRDA:1144,127,0,0
BRDA:1144,127,1,0
BRDA:1147,128,0,0
BRDA:1147,128,1,0
BRDA:1153,129,0,0
BRDA:1153,129,1,0
BRDA:1153,130,0,0
BRDA:1153,130,1,0
BRDA:1153,130,2,0
BRDA:1181,131,0,0
BRDA:1181,131,1,0
BRDA:1194,132,0,0
BRDA:1196,133,0,0
BRDA:1196,133,1,0
BRDA:1196,134,0,0
BRDA:1196,134,1,0
BRDA:1199,135,0,0
BRDA:1199,135,1,0
BRDA:1199,136,0,0
BRDA:1199,136,1,0
BRDA:1225,137,0,0
BRDA:1227,138,0,0
BRDA:1227,138,1,0
BRDA:1227,139,0,0
BRDA:1227,139,1,0
BRDA:1230,140,0,0
BRDA:1230,140,1,0
BRDA:1243,141,0,0
BRDA:1243,141,1,0
BRDA:1243,142,0,0
BRDA:1243,142,1,0
BRDA:1252,143,0,0
BRDA:1252,143,1,0
BRDA:1254,144,0,0
BRDA:1254,144,1,0
BRDA:1271,145,0,0
BRDA:1271,145,1,0
BRDA:1275,146,0,0
BRDA:1275,146,1,0
BRDA:1288,147,0,0
BRDA:1288,147,1,0
BRDA:1288,148,0,0
BRDA:1288,148,1,0
BRDA:1292,149,0,0
BRDA:1292,149,1,0
BRDA:1298,150,0,0
BRDA:1298,150,1,0
BRDA:1303,151,0,0
BRDA:1303,151,1,0
BRDA:1304,152,0,0
BRDA:1304,152,1,0
BRDA:1326,153,0,0
BRDA:1326,153,1,0
BRDA:1339,154,0,0
BRDA:1339,154,1,0
BRDA:1339,155,0,0
BRDA:1339,155,1,0
BRDA:1347,156,0,0
BRDA:1347,156,1,0
BRDA:1367,157,0,0
BRDA:1367,157,1,0
BRDA:1368,158,0,0
BRDA:1368,158,1,0
BRDA:1391,159,0,0
BRDA:1391,159,1,0
BRDA:1395,160,0,0
BRDA:1395,160,1,0
BRDA:1396,161,0,0
BRDA:1396,161,1,0
BRDA:1398,162,0,0
BRDA:1398,162,1,0
BRDA:1425,163,0,0
BRDA:1425,163,1,0
BRDA:1426,164,0,0
BRDA:1426,164,1,0
BRDA:1427,165,0,0
BRDA:1427,165,1,0
BRDA:1429,166,0,0
BRDA:1429,166,1,0
BRDA:1451,167,0,0
BRDA:1451,167,1,0
BRDA:1458,168,0,0
BRDA:1458,168,1,0
BRDA:1459,169,0,0
BRDA:1459,169,1,0
BRDA:1461,170,0,0
BRDA:1461,170,1,0
BRDA:1463,171,0,0
BRDA:1463,171,1,0
BRDA:1491,172,0,0
BRDA:1491,172,1,0
BRDA:1496,173,0,0
BRDA:1496,173,1,0
BRDA:1497,174,0,0
BRDA:1497,174,1,0
BRDA:1497,175,0,0
BRDA:1497,175,1,0
BRDA:1528,176,0,0
BRDA:1528,176,1,0
BRDA:1529,177,0,0
BRDA:1529,177,1,0
BRDA:1530,178,0,0
BRDA:1530,178,1,0
BRDA:1538,179,0,0
BRDA:1538,179,1,0
BRDA:1539,180,0,0
BRDA:1539,180,1,0
BRDA:1540,181,0,0
BRDA:1540,181,1,0
BRDA:1555,182,0,0
BRDA:1555,182,1,0
BRDA:1557,183,0,0
BRDA:1557,183,1,0
BRDA:1558,184,0,0
BRDA:1558,184,1,0
BRDA:1592,185,0,0
BRDA:1592,185,1,0
BRDA:1593,186,0,0
BRDA:1593,186,1,0
BRDA:1599,187,0,0
BRDA:1599,187,1,0
BRDA:1623,188,0,0
BRDA:1625,189,0,0
BRDA:1625,189,1,0
BRDA:1625,190,0,0
BRDA:1625,190,1,0
BRDA:1634,191,0,0
BRDA:1634,191,1,0
BRDA:1644,192,0,0
BRDA:1644,192,1,0
BRDA:1648,193,0,0
BRDA:1648,193,1,0
BRDA:1673,194,0,0
BRDA:1673,194,1,0
BRDA:1674,195,0,0
BRDA:1674,195,1,0
BRDA:1675,196,0,0
BRDA:1675,196,1,0
BRDA:1679,197,0,0
BRDA:1679,197,1,0
BRDA:1726,198,0,0
BRDA:1726,198,1,0
BRDA:1726,199,0,0
BRDA:1726,199,1,0
BRDA:1727,200,0,0
BRDA:1727,200,1,0
BRDA:1739,201,0,0
BRDA:1739,201,1,0
BRDA:1739,202,0,0
BRDA:1739,202,1,0
BRDA:1740,203,0,0
BRDA:1740,203,1,0
BRDA:1752,204,0,0
BRDA:1752,204,1,0
BRDA:1753,205,0,0
BRDA:1753,205,1,0
BRDA:1759,206,0,0
BRDA:1759,206,1,0
BRDA:1785,207,0,0
BRDA:1785,207,1,0
BRDA:1786,208,0,0
BRDA:1786,208,1,0
BRDA:1790,209,0,0
BRDA:1790,209,1,0
BRDA:1798,210,0,0
BRDA:1798,210,1,0
BRDA:1822,211,0,0
BRDA:1822,211,1,0
BRDA:1823,212,0,0
BRDA:1823,212,1,0
BRDA:1826,213,0,0
BRDA:1826,213,1,0
BRDA:1829,214,0,0
BRDA:1829,214,1,0
BRDA:1856,215,0,0
BRDA:1856,215,1,0
BRDA:1863,216,0,0
BRDA:1863,216,1,0
BRDA:1870,217,0,0
BRDA:1870,217,1,0
BRF:423
BRH:0
end_of_record
TN:
SF:utils/schemaValidator.js
FN:616,(anonymous_0)
FN:623,(anonymous_1)
FN:675,(anonymous_2)
FN:684,(anonymous_3)
FN:856,(anonymous_4)
FN:892,(anonymous_5)
FN:929,(anonymous_6)
FN:970,(anonymous_7)
FN:1002,(anonymous_8)
FN:1081,(anonymous_9)
FN:1088,(anonymous_10)
FN:1095,(anonymous_11)
FN:1101,(anonymous_12)
FN:1131,(anonymous_13)
FN:1149,(anonymous_14)
FN:1165,(anonymous_15)
FN:1179,(anonymous_16)
FN:1237,(anonymous_17)
FN:1249,(anonymous_18)
FN:1250,(anonymous_19)
FN:1257,(anonymous_20)
FN:1258,(anonymous_21)
FN:1282,(anonymous_22)
FN:1302,(anonymous_23)
FN:1304,(anonymous_24)
FN:1306,(anonymous_25)
FN:1307,(anonymous_26)
FN:1309,(anonymous_27)
FN:1310,(anonymous_28)
FN:1311,(anonymous_29)
FN:1312,(anonymous_30)
FN:1314,(anonymous_31)
FN:1315,(anonymous_32)
FN:1316,(anonymous_33)
FNF:34
FNH:1
FNDA:1,(anonymous_0)
FNDA:0,(anonymous_1)
FNDA:0,(anonymous_2)
FNDA:0,(anonymous_3)
FNDA:0,(anonymous_4)
FNDA:0,(anonymous_5)
FNDA:0,(anonymous_6)
FNDA:0,(anonymous_7)
FNDA:0,(anonymous_8)
FNDA:0,(anonymous_9)
FNDA:0,(anonymous_10)
FNDA:0,(anonymous_11)
FNDA:0,(anonymous_12)
FNDA:0,(anonymous_13)
FNDA:0,(anonymous_14)
FNDA:0,(anonymous_15)
FNDA:0,(anonymous_16)
FNDA:0,(anonymous_17)
FNDA:0,(anonymous_18)
FNDA:0,(anonymous_19)
FNDA:0,(anonymous_20)
FNDA:0,(anonymous_21)
FNDA:0,(anonymous_22)
FNDA:0,(anonymous_23)
FNDA:0,(anonymous_24)
FNDA:0,(anonymous_25)
FNDA:0,(anonymous_26)
FNDA:0,(anonymous_27)
FNDA:0,(anonymous_28)
FNDA:0,(anonymous_29)
FNDA:0,(anonymous_30)
FNDA:0,(anonymous_31)
FNDA:0,(anonymous_32)
FNDA:0,(anonymous_33)
DA:6,1
DA:7,1
DA:12,1
DA:617,1
DA:624,0
DA:625,0
DA:626,0
DA:635,0
DA:636,0
DA:639,0
DA:640,0
DA:641,0
DA:650,0
DA:651,0
DA:652,0
DA:653,0
DA:658,0
DA:661,0
DA:662,0
DA:664,0
DA:665,0
DA:672,0
DA:675,0
DA:685,0
DA:688,0
DA:689,0
DA:693,0
DA:695,0
DA:696,0
DA:701,0
DA:702,0
DA:708,0
DA:712,0
DA:713,0
DA:719,0
DA:720,0
DA:721,0
DA:727,0
DA:728,0
DA:735,0
DA:738,0
DA:739,0
DA:744,0
DA:748,0
DA:754,0
DA:757,0
DA:758,0
DA:764,0
DA:765,0
DA:766,0
DA:772,0
DA:773,0
DA:781,0
DA:782,0
DA:783,0
DA:784,0
DA:785,0
DA:787,0
DA:789,0
DA:793,0
DA:801,0
DA:804,0
DA:811,0
DA:817,0
DA:820,0
DA:821,0
DA:827,0
DA:830,0
DA:831,0
DA:837,0
DA:840,0
DA:841,0
DA:847,0
DA:850,0
DA:857,0
DA:858,0
DA:861,0
DA:864,0
DA:869,0
DA:872,0
DA:875,0
DA:876,0
DA:877,0
DA:878,0
DA:882,0
DA:885,0
DA:893,0
DA:894,0
DA:895,0
DA:896,0
DA:900,0
DA:911,0
DA:912,0
DA:919,0
DA:929,0
DA:930,0
DA:932,0
DA:935,0
DA:936,0
DA:937,0
DA:944,0
DA:945,0
DA:946,0
DA:952,0
DA:959,0
DA:960,0
DA:971,0
DA:972,0
DA:974,0
DA:975,0
DA:976,0
DA:977,0
DA:979,0
DA:980,0
DA:983,0
DA:987,0
DA:991,0
DA:1003,0
DA:1004,0
DA:1005,0
DA:1008,0
DA:1009,0
DA:1011,0
DA:1012,0
DA:1014,0
DA:1015,0
DA:1018,0
DA:1019,0
DA:1022,0
DA:1023,0
DA:1026,0
DA:1030,0
DA:1033,0
DA:1034,0
DA:1037,0
DA:1038,0
DA:1039,0
DA:1041,0
DA:1046,0
DA:1052,0
DA:1055,0
DA:1058,0
DA:1061,0
DA:1062,0
DA:1065,0
DA:1068,0
DA:1069,0
DA:1070,0
DA:1071,0
DA:1075,0
DA:1082,0
DA:1089,0
DA:1096,0
DA:1097,0
DA:1100,0
DA:1101,0
DA:1104,0
DA:1105,0
DA:1106,0
DA:1107,0
DA:1109,0
DA:1112,0
DA:1114,0
DA:1125,0
DA:1132,0
DA:1143,0
DA:1150,0
DA:1151,0
DA:1155,0
DA:1157,0
DA:1158,0
DA:1166,0
DA:1167,0
DA:1168,0
DA:1171,0
DA:1172,0
DA:1179,0
DA:1180,0
DA:1181,0
DA:1182,0
DA:1183,0
DA:1186,0
DA:1187,0
DA:1188,0
DA:1193,0
DA:1194,0
DA:1198,0
DA:1203,0
DA:1204,0
DA:1205,0
DA:1206,0
DA:1209,0
DA:1210,0
DA:1219,0
DA:1229,0
DA:1230,0
DA:1238,0
DA:1239,0
DA:1240,0
DA:1243,0
DA:1244,0
DA:1249,0
DA:1250,0
DA:1251,0
DA:1256,0
DA:1258,0
DA:1259,0
DA:1265,0
DA:1273,0
DA:1274,0
DA:1283,0
DA:1284,0
DA:1285,0
DA:1287,0
DA:1293,0
DA:1299,1
DA:1301,1
DA:1303,0
DA:1305,0
DA:1306,0
DA:1308,0
DA:1309,0
DA:1310,0
DA:1311,0
DA:1313,0
DA:1314,0
DA:1315,0
DA:1317,0
LF:228
LH:6
BRDA:625,0,0,0
BRDA:625,0,1,0
BRDA:640,1,0,0
BRDA:640,1,1,0
BRDA:640,2,0,0
BRDA:640,2,1,0
BRDA:652,3,0,0
BRDA:652,3,1,0
BRDA:664,4,0,0
BRDA:664,4,1,0
BRDA:688,5,0,0
BRDA:688,5,1,0
BRDA:688,6,0,0
BRDA:688,6,1,0
BRDA:693,7,0,0
BRDA:693,7,1,0
BRDA:693,7,2,0
BRDA:693,7,3,0
BRDA:693,7,4,0
BRDA:693,7,5,0
BRDA:693,7,6,0
BRDA:693,7,7,0
BRDA:693,7,8,0
BRDA:695,8,0,0
BRDA:695,8,1,0
BRDA:701,9,0,0
BRDA:701,9,1,0
BRDA:701,10,0,0
BRDA:701,10,1,0
BRDA:712,11,0,0
BRDA:712,11,1,0
BRDA:720,12,0,0
BRDA:720,12,1,0
BRDA:720,13,0,0
BRDA:720,13,1,0
BRDA:727,14,0,0
BRDA:727,14,1,0
BRDA:727,15,0,0
BRDA:727,15,1,0
BRDA:738,16,0,0
BRDA:738,16,1,0
BRDA:744,17,0,0
BRDA:744,17,1,0
BRDA:745,18,0,0
BRDA:745,18,1,0
BRDA:757,19,0,0
BRDA:757,19,1,0
BRDA:765,20,0,0
BRDA:765,20,1,0
BRDA:765,21,0,0
BRDA:765,21,1,0
BRDA:772,22,0,0
BRDA:772,22,1,0
BRDA:772,23,0,0
BRDA:772,23,1,0
BRDA:781,24,0,0
BRDA:781,24,1,0
BRDA:781,25,0,0
BRDA:781,25,1,0
BRDA:785,26,0,0
BRDA:785,26,1,0
BRDA:789,27,0,0
BRDA:789,27,1,0
BRDA:790,28,0,0
BRDA:790,28,1,0
BRDA:804,29,0,0
BRDA:804,29,1,0
BRDA:805,30,0,0
BRDA:805,30,1,0
BRDA:805,30,2,0
BRDA:805,30,3,0
BRDA:805,30,4,0
BRDA:820,31,0,0
BRDA:820,31,1,0
BRDA:830,32,0,0
BRDA:830,32,1,0
BRDA:840,33,0,0
BRDA:840,33,1,0
BRDA:857,34,0,0
BRDA:857,34,1,0
BRDA:857,35,0,0
BRDA:857,35,1,0
BRDA:861,36,0,0
BRDA:861,36,1,0
BRDA:861,36,2,0
BRDA:861,36,3,0
BRDA:861,36,4,0
BRDA:861,36,5,0
BRDA:861,36,6,0
BRDA:861,36,7,0
BRDA:861,36,8,0
BRDA:861,36,9,0
BRDA:875,37,0,0
BRDA:875,37,1,0
BRDA:876,38,0,0
BRDA:876,38,1,0
BRDA:876,39,0,0
BRDA:876,39,1,0
BRDA:877,40,0,0
BRDA:877,40,1,0
BRDA:877,41,0,0
BRDA:877,41,1,0
BRDA:895,42,0,0
BRDA:895,42,1,0
BRDA:911,43,0,0
BRDA:911,43,1,0
BRDA:936,44,0,0
BRDA:936,44,1,0
BRDA:945,45,0,0
BRDA:945,45,1,0
BRDA:945,46,0,0
BRDA:945,46,1,0
BRDA:979,47,0,0
BRDA:979,47,1,0
BRDA:1004,48,0,0
BRDA:1004,48,1,0
BRDA:1014,49,0,0
BRDA:1014,49,1,0
BRDA:1014,50,0,0
BRDA:1014,50,1,0
BRDA:1018,51,0,0
BRDA:1018,51,1,0
BRDA:1018,52,0,0
BRDA:1018,52,1,0
BRDA:1019,53,0,0
BRDA:1019,53,1,0
BRDA:1022,54,0,0
BRDA:1022,54,1,0
BRDA:1026,55,0,0
BRDA:1026,55,1,0
BRDA:1027,56,0,0
BRDA:1027,56,1,0
BRDA:1027,56,2,0
BRDA:1027,56,3,0
BRDA:1033,57,0,0
BRDA:1033,57,1,0
BRDA:1037,58,0,0
BRDA:1037,58,1,0
BRDA:1038,59,0,0
BRDA:1038,59,1,0
BRDA:1046,60,0,0
BRDA:1046,60,1,0
BRDA:1047,61,0,0
BRDA:1047,61,1,0
BRDA:1047,61,2,0
BRDA:1047,61,3,0
BRDA:1061,62,0,0
BRDA:1061,62,1,0
BRDA:1061,63,0,0
BRDA:1061,63,1,0
BRDA:1068,64,0,0
BRDA:1068,64,1,0
BRDA:1070,65,0,0
BRDA:1070,65,1,0
BRDA:1082,66,0,0
BRDA:1082,66,1,0
BRDA:1096,67,0,0
BRDA:1096,67,1,0
BRDA:1096,68,0,0
BRDA:1096,68,1,0
BRDA:1100,69,0,0
BRDA:1100,69,1,0
BRDA:1104,70,0,0
BRDA:1104,70,1,0
BRDA:1112,71,0,0
BRDA:1112,71,1,0
BRDA:1167,72,0,0
BRDA:1167,72,1,0
BRDA:1187,73,0,0
BRDA:1187,73,1,0
BRDA:1194,74,0,0
BRDA:1194,74,1,0
BRDA:1195,75,0,0
BRDA:1195,75,1,0
BRDA:1205,76,0,0
BRDA:1205,76,1,0
BRDA:1209,77,0,0
BRDA:1209,77,1,0
BRDA:1209,78,0,0
BRDA:1209,78,1,0
BRDA:1220,79,0,0
BRDA:1220,79,1,0
BRDA:1221,80,0,0
BRDA:1221,80,1,0
BRDA:1239,81,0,0
BRDA:1239,81,1,0
BRDA:1239,82,0,0
BRDA:1239,82,1,0
BRDA:1251,83,0,0
BRDA:1251,83,1,0
BRDA:1282,84,0,0
BRDA:1290,85,0,0
BRDA:1290,85,1,0
BRF:193
BRH:0
end_of_record
TN:
SF:utils/scoringHelpers.js
FN:13,calculateComprehensiveScores
FN:78,storeComprehensiveScores
FN:118,getBasicInfo
FN:131,getFinancialMetrics
FN:151,getTechnicalIndicators
FN:164,getSentimentData
FN:178,calculateQualityScore
FN:206,calculateGrowthScore
FN:231,calculateValueScore
FN:258,calculateMomentumScore
FN:285,calculateSentimentScore
FN:302,calculatePositioningScore
FN:319,calculateCompositeScore
FN:332,(anonymous_13)
FN:351,assessDataQuality
FNF:15
FNH:0
FNDA:0,calculateComprehensiveScores
FNDA:0,storeComprehensiveScores
FNDA:0,getBasicInfo
FNDA:0,getFinancialMetrics
FNDA:0,getTechnicalIndicators
FNDA:0,getSentimentData
FNDA:0,calculateQualityScore
FNDA:0,calculateGrowthScore
FNDA:0,calculateValueScore
FNDA:0,calculateMomentumScore
FNDA:0,calculateSentimentScore
FNDA:0,calculatePositioningScore
FNDA:0,calculateCompositeScore
FNDA:0,(anonymous_13)
FNDA:0,assessDataQuality
DA:5,1
DA:6,1
DA:14,0
DA:17,0
DA:24,0
DA:25,0
DA:26,0
DA:30,0
DA:31,0
DA:32,0
DA:33,0
DA:34,0
DA:35,0
DA:41,0
DA:50,0
DA:68,0
DA:69,0
DA:79,0
DA:80,0
DA:112,0
DA:113,0
DA:119,0
DA:120,0
DA:124,0
DA:126,0
DA:127,0
DA:132,0
DA:134,0
DA:139,0
DA:140,0
DA:141,0
DA:144,0
DA:146,0
DA:147,0
DA:152,0
DA:153,0
DA:157,0
DA:159,0
DA:160,0
DA:165,0
DA:166,0
DA:170,0
DA:172,0
DA:173,0
DA:179,0
DA:180,0
DA:182,0
DA:184,0
DA:185,0
DA:186,0
DA:187,0
DA:191,0
DA:192,0
DA:193,0
DA:194,0
DA:199,0
DA:200,0
DA:203,0
DA:207,0
DA:208,0
DA:210,0
DA:212,0
DA:216,0
DA:217,0
DA:218,0
DA:219,0
DA:224,0
DA:225,0
DA:228,0
DA:232,0
DA:233,0
DA:235,0
DA:237,0
DA:241,0
DA:242,0
DA:243,0
DA:244,0
DA:245,0
DA:251,0
DA:252,0
DA:255,0
DA:259,0
DA:260,0
DA:262,0
DA:264,0
DA:265,0
DA:267,0
DA:272,0
DA:273,0
DA:278,0
DA:279,0
DA:282,0
DA:286,0
DA:288,0
DA:290,0
DA:294,0
DA:295,0
DA:299,0
DA:303,0
DA:306,0
DA:307,0
DA:311,0
DA:312,0
DA:316,0
DA:320,0
DA:329,0
DA:330,0
DA:332,0
DA:333,0
DA:338,0
DA:339,0
DA:344,0
DA:345,0
DA:348,0
DA:357,0
DA:358,0
DA:360,0
DA:361,0
DA:362,0
DA:363,0
DA:365,0
DA:368,1
LF:122
LH:3
BRDA:24,0,0,0
BRDA:24,0,1,0
BRDA:124,1,0,0
BRDA:124,1,1,0
BRDA:140,2,0,0
BRDA:140,2,1,0
BRDA:144,3,0,0
BRDA:144,3,1,0
BRDA:157,4,0,0
BRDA:157,4,1,0
BRDA:170,5,0,0
BRDA:170,5,1,0
BRDA:182,6,0,0
BRDA:182,6,1,0
BRDA:184,7,0,0
BRDA:184,7,1,0
BRDA:184,8,0,0
BRDA:184,8,1,0
BRDA:191,9,0,0
BRDA:191,9,1,0
BRDA:191,10,0,0
BRDA:191,10,1,0
BRDA:199,11,0,0
BRDA:199,11,1,0
BRDA:199,12,0,0
BRDA:199,12,1,0
BRDA:210,13,0,0
BRDA:210,13,1,0
BRDA:212,14,0,0
BRDA:212,14,1,0
BRDA:213,15,0,0
BRDA:213,15,1,0
BRDA:224,16,0,0
BRDA:224,16,1,0
BRDA:224,17,0,0
BRDA:224,17,1,0
BRDA:235,18,0,0
BRDA:235,18,1,0
BRDA:237,19,0,0
BRDA:237,19,1,0
BRDA:238,20,0,0
BRDA:238,20,1,0
BRDA:242,21,0,0
BRDA:242,21,1,0
BRDA:242,22,0,0
BRDA:242,22,1,0
BRDA:251,23,0,0
BRDA:251,23,1,0
BRDA:251,24,0,0
BRDA:251,24,1,0
BRDA:262,25,0,0
BRDA:262,25,1,0
BRDA:264,26,0,0
BRDA:264,26,1,0
BRDA:264,27,0,0
BRDA:264,27,1,0
BRDA:267,28,0,0
BRDA:267,28,1,0
BRDA:267,29,0,0
BRDA:267,29,1,0
BRDA:269,30,0,0
BRDA:269,30,1,0
BRDA:278,31,0,0
BRDA:278,31,1,0
BRDA:278,32,0,0
BRDA:278,32,1,0
BRDA:288,33,0,0
BRDA:288,33,1,0
BRDA:290,34,0,0
BRDA:290,34,1,0
BRDA:291,35,0,0
BRDA:291,35,1,0
BRDA:306,36,0,0
BRDA:306,36,1,0
BRDA:307,37,0,0
BRDA:307,37,1,0
BRDA:308,38,0,0
BRDA:308,38,1,0
BRDA:312,39,0,0
BRDA:312,39,1,0
BRDA:333,40,0,0
BRDA:333,40,1,0
BRDA:334,41,0,0
BRDA:334,41,1,0
BRDA:334,41,2,0
BRDA:344,42,0,0
BRDA:344,42,1,0
BRDA:344,43,0,0
BRDA:344,43,1,0
BRDA:360,44,0,0
BRDA:360,44,1,0
BRDA:361,45,0,0
BRDA:361,45,1,0
BRDA:361,46,0,0
BRDA:361,46,1,0
BRDA:362,47,0,0
BRDA:362,47,1,0
BRDA:362,48,0,0
BRDA:362,48,1,0
BRDA:363,49,0,0
BRDA:363,49,1,0
BRDA:363,50,0,0
BRDA:363,50,1,0
BRF:103
BRH:0
end_of_record
TN:
SF:utils/sentimentEngine.js
FN:4,(anonymous_0)
FN:28,(anonymous_1)
FN:54,(anonymous_2)
FN:88,(anonymous_3)
FN:89,(anonymous_4)
FN:92,(anonymous_5)
FNF:6
FNH:0
FNDA:0,(anonymous_0)
FNDA:0,(anonymous_1)
FNDA:0,(anonymous_2)
FNDA:0,(anonymous_3)
FNDA:0,(anonymous_4)
FNDA:0,(anonymous_5)
DA:1,1
DA:5,0
DA:6,0
DA:13,0
DA:14,0
DA:29,0
DA:30,0
DA:31,0
DA:35,0
DA:36,0
DA:37,0
DA:38,0
DA:40,0
DA:43,0
DA:44,0
DA:55,0
DA:56,0
DA:57,0
DA:61,0
DA:72,0
DA:84,0
DA:85,0
DA:86,0
DA:88,0
DA:89,0
DA:90,0
DA:92,0
DA:93,0
DA:97,0
DA:98,0
DA:99,0
DA:101,0
DA:102,0
DA:103,0
DA:106,0
DA:108,0
DA:119,0
DA:120,0
DA:132,1
LF:39
LH:2
BRDA:4,0,0,0
BRDA:30,1,0,0
BRDA:30,1,1,0
BRDA:30,2,0,0
BRDA:30,2,1,0
BRDA:35,3,0,0
BRDA:35,3,1,0
BRDA:37,4,0,0
BRDA:37,4,1,0
BRDA:54,5,0,0
BRDA:56,6,0,0
BRDA:56,6,1,0
BRDA:56,7,0,0
BRDA:56,7,1,0
BRDA:89,8,0,0
BRDA:89,8,1,0
BRDA:92,9,0,0
BRDA:92,9,1,0
BRDA:101,10,0,0
BRDA:101,10,1,0
BRDA:112,11,0,0
BRDA:112,11,1,0
BRDA:124,12,0,0
BRDA:124,12,1,0
BRF:24
BRH:0
end_of_record
TN:
SF:utils/tradingModeHelper.js
FN:15,getUserTradingMode
FN:58,addTradingModeContext
FN:85,validateTradingOperation
FN:145,checkLiveTradingRequirements
FN:154,(anonymous_4)
FN:169,getTradingModeTable
FN:191,executeWithTradingMode
FN:258,formatPortfolioWithMode
FN:276,getCurrentMode
FN:281,switchMode
FN:324,validateModeRequirements
FN:370,configureTradingEnvironment
FN:392,performEnvironmentHealthCheck
FN:401,(anonymous_13)
FN:420,validateOrderAgainstRiskLimits
FN:455,getPaperTradingPerformance
FN:466,runBacktest
FN:480,validateCredentialSecurity
FN:489,handleSystemFailure
FN:499,checkNetworkConnectivity
FN:508,getComplianceStatus
FN:519,getCurrentRiskLimits
FN:531,processPaperOrder
FN:556,getPerformanceMetrics
FN:566,getAuditLog
FNF:25
FNH:0
FNDA:0,getUserTradingMode
FNDA:0,addTradingModeContext
FNDA:0,validateTradingOperation
FNDA:0,checkLiveTradingRequirements
FNDA:0,(anonymous_4)
FNDA:0,getTradingModeTable
FNDA:0,executeWithTradingMode
FNDA:0,formatPortfolioWithMode
FNDA:0,getCurrentMode
FNDA:0,switchMode
FNDA:0,validateModeRequirements
FNDA:0,configureTradingEnvironment
FNDA:0,performEnvironmentHealthCheck
FNDA:0,(anonymous_13)
FNDA:0,validateOrderAgainstRiskLimits
FNDA:0,getPaperTradingPerformance
FNDA:0,runBacktest
FNDA:0,validateCredentialSecurity
FNDA:0,handleSystemFailure
FNDA:0,checkNetworkConnectivity
FNDA:0,getComplianceStatus
FNDA:0,getCurrentRiskLimits
FNDA:0,processPaperOrder
FNDA:0,getPerformanceMetrics
FNDA:0,getAuditLog
DA:8,1
DA:16,0
DA:18,0
DA:23,0
DA:27,0
DA:28,0
DA:30,0
DA:37,0
DA:43,0
DA:59,0
DA:61,0
DA:86,0
DA:89,0
DA:90,0
DA:98,0
DA:100,0
DA:102,0
DA:103,0
DA:112,0
DA:113,0
DA:116,0
DA:117,0
DA:126,0
DA:133,0
DA:146,0
DA:148,0
DA:154,0
DA:156,0
DA:158,0
DA:159,0
DA:170,0
DA:174,0
DA:176,0
DA:192,0
DA:194,0
DA:196,0
DA:198,0
DA:199,0
DA:201,0
DA:203,0
DA:204,0
DA:205,0
DA:212,0
DA:213,0
DA:216,0
DA:217,0
DA:218,0
DA:225,0
DA:229,0
DA:231,0
DA:234,0
DA:241,0
DA:247,0
DA:248,0
DA:259,0
DA:261,0
DA:277,0
DA:278,0
DA:282,0
DA:283,0
DA:284,0
DA:290,0
DA:291,0
DA:297,0
DA:299,0
DA:310,0
DA:317,0
DA:325,0
DA:326,0
DA:327,0
DA:334,0
DA:345,0
DA:346,0
DA:349,0
DA:351,0
DA:354,0
DA:361,0
DA:371,0
DA:372,0
DA:384,0
DA:393,0
DA:394,0
DA:401,0
DA:403,0
DA:411,0
DA:421,0
DA:422,0
DA:429,0
DA:430,0
DA:431,0
DA:433,0
DA:434,0
DA:437,0
DA:446,0
DA:456,0
DA:467,0
DA:481,0
DA:490,0
DA:500,0
DA:509,0
DA:520,0
DA:522,0
DA:532,0
DA:534,0
DA:535,0
DA:538,0
DA:557,0
DA:567,0
DA:570,0
DA:571,0
DA:572,0
DA:586,0
DA:593,1
LF:113
LH:2
BRDA:28,0,0,0
BRDA:28,0,1,0
BRDA:34,1,0,0
BRDA:34,1,1,0
BRDA:67,2,0,0
BRDA:67,2,1,0
BRDA:70,3,0,0
BRDA:70,3,1,0
BRDA:71,4,0,0
BRDA:71,4,1,0
BRDA:85,5,0,0
BRDA:89,6,0,0
BRDA:89,6,1,0
BRDA:98,7,0,0
BRDA:98,7,1,0
BRDA:102,8,0,0
BRDA:102,8,1,0
BRDA:112,9,0,0
BRDA:112,9,1,0
BRDA:113,10,0,0
BRDA:113,10,1,0
BRDA:113,11,0,0
BRDA:113,11,1,0
BRDA:116,12,0,0
BRDA:116,12,1,0
BRDA:116,13,0,0
BRDA:116,13,1,0
BRDA:196,14,0,0
BRDA:196,14,1,0
BRDA:212,15,0,0
BRDA:212,15,1,0
BRDA:266,16,0,0
BRDA:266,16,1,0
BRDA:269,17,0,0
BRDA:269,17,1,0
BRDA:283,18,0,0
BRDA:283,18,1,0
BRDA:283,19,0,0
BRDA:283,19,1,0
BRDA:290,20,0,0
BRDA:290,20,1,0
BRDA:313,21,0,0
BRDA:313,21,1,0
BRDA:326,22,0,0
BRDA:326,22,1,0
BRDA:345,23,0,0
BRDA:345,23,1,0
BRDA:349,24,0,0
BRDA:349,24,1,0
BRDA:377,25,0,0
BRDA:377,25,1,0
BRDA:378,26,0,0
BRDA:378,26,1,0
BRDA:379,27,0,0
BRDA:379,27,1,0
BRDA:408,28,0,0
BRDA:408,28,1,0
BRDA:423,29,0,0
BRDA:423,29,1,0
BRDA:430,30,0,0
BRDA:430,30,1,0
BRDA:433,31,0,0
BRDA:433,31,1,0
BRDA:476,32,0,0
BRDA:476,32,1,0
BRDA:493,33,0,0
BRDA:493,33,1,0
BRDA:523,34,0,0
BRDA:523,34,1,0
BRDA:524,35,0,0
BRDA:524,35,1,0
BRDA:525,36,0,0
BRDA:525,36,1,0
BRDA:526,37,0,0
BRDA:526,37,1,0
BRDA:534,38,0,0
BRDA:534,38,1,0
BRDA:541,39,0,0
BRDA:541,39,1,0
BRDA:541,39,2,0
BRDA:566,40,0,0
BRDA:567,41,0,0
BRDA:567,41,1,0
BRDA:575,42,0,0
BRDA:575,42,1,0
BRDA:576,43,0,0
BRDA:576,43,1,0
BRDA:577,44,0,0
BRDA:577,44,1,0
BRF:89
BRH:0
end_of_record
