TN:
SF:middleware/auth.js
FN:10,(anonymous_0)
FN:31,(anonymous_1)
FN:121,(anonymous_2)
FN:296,(anonymous_3)
FN:297,(anonymous_4)
FN:309,(anonymous_5)
FN:325,(anonymous_6)
FN:356,(anonymous_7)
FN:357,(anonymous_8)
FN:390,(anonymous_9)
FN:420,(anonymous_10)
FN:423,(anonymous_11)
FN:456,(anonymous_12)
FN:466,(anonymous_13)
FNF:14
FNH:1
FNDA:0,(anonymous_0)
FNDA:0,(anonymous_1)
FNDA:0,(anonymous_2)
FNDA:48,(anonymous_3)
FNDA:0,(anonymous_4)
FNDA:0,(anonymous_5)
FNDA:0,(anonymous_6)
FNDA:0,(anonymous_7)
FNDA:0,(anonymous_8)
FNDA:0,(anonymous_9)
FNDA:0,(anonymous_10)
FNDA:0,(anonymous_11)
FNDA:0,(anonymous_12)
FNDA:0,(anonymous_13)
DA:1,28
DA:10,28
DA:12,0
DA:13,0
DA:15,0
DA:16,0
DA:23,0
DA:24,0
DA:31,0
DA:32,0
DA:34,0
DA:35,0
DA:42,0
DA:44,0
DA:45,0
DA:52,0
DA:53,0
DA:54,0
DA:61,0
DA:62,0
DA:66,0
DA:69,0
DA:70,0
DA:73,0
DA:75,0
DA:76,0
DA:82,0
DA:83,0
DA:84,0
DA:86,0
DA:87,0
DA:89,0
DA:91,0
DA:92,0
DA:97,0
DA:98,0
DA:103,0
DA:109,0
DA:117,0
DA:121,28
DA:122,0
DA:124,0
DA:125,0
DA:126,0
DA:129,0
DA:130,0
DA:131,0
DA:138,0
DA:139,0
DA:144,0
DA:149,0
DA:156,0
DA:157,0
DA:160,0
DA:161,0
DA:163,0
DA:164,0
DA:178,0
DA:181,0
DA:183,0
DA:184,0
DA:197,0
DA:210,0
DA:213,0
DA:214,0
DA:215,0
DA:218,0
DA:223,0
DA:225,0
DA:228,0
DA:229,0
DA:246,0
DA:250,0
DA:263,0
DA:267,0
DA:281,0
DA:296,28
DA:297,48
DA:298,0
DA:299,0
DA:304,0
DA:305,0
DA:308,0
DA:309,0
DA:311,0
DA:312,0
DA:320,0
DA:325,28
DA:326,0
DA:327,0
DA:328,0
DA:330,0
DA:331,0
DA:332,0
DA:333,0
DA:334,0
DA:335,0
DA:336,0
DA:337,0
DA:344,0
DA:349,0
DA:352,0
DA:356,28
DA:357,0
DA:358,0
DA:359,0
DA:360,0
DA:365,0
DA:366,0
DA:368,0
DA:369,0
DA:376,0
DA:377,0
DA:379,0
DA:381,0
DA:382,0
DA:390,28
DA:391,0
DA:392,0
DA:393,0
DA:396,0
DA:397,0
DA:400,0
DA:401,0
DA:402,0
DA:406,0
DA:407,0
DA:409,0
DA:412,0
DA:414,0
DA:415,0
DA:420,28
DA:421,0
DA:423,0
DA:424,0
DA:425,0
DA:426,0
DA:428,0
DA:429,0
DA:432,0
DA:435,0
DA:436,0
DA:440,0
DA:441,0
DA:448,0
DA:449,0
DA:451,0
DA:456,28
DA:457,0
DA:460,0
DA:465,0
DA:466,0
DA:467,0
DA:468,0
DA:473,0
DA:476,0
DA:479,28
LF:157
LH:11
BRDA:12,0,0,0
BRDA:12,0,1,0
BRDA:15,1,0,0
BRDA:15,1,1,0
BRDA:23,2,0,0
BRDA:23,2,1,0
BRDA:23,3,0,0
BRDA:23,3,1,0
BRDA:34,4,0,0
BRDA:34,4,1,0
BRDA:44,5,0,0
BRDA:44,5,1,0
BRDA:52,6,0,0
BRDA:52,6,1,0
BRDA:69,7,0,0
BRDA:69,7,1,0
BRDA:69,8,0,0
BRDA:69,8,1,0
BRDA:75,9,0,0
BRDA:75,9,1,0
BRDA:83,10,0,0
BRDA:83,10,1,0
BRDA:91,11,0,0
BRDA:91,11,1,0
BRDA:97,12,0,0
BRDA:97,12,1,0
BRDA:124,13,0,0
BRDA:124,13,1,0
BRDA:124,14,0,0
BRDA:124,14,1,0
BRDA:125,15,0,0
BRDA:125,15,1,0
BRDA:126,16,0,0
BRDA:126,16,1,0
BRDA:129,17,0,0
BRDA:129,17,1,0
BRDA:129,18,0,0
BRDA:129,18,1,0
BRDA:129,18,2,0
BRDA:138,19,0,0
BRDA:138,19,1,0
BRDA:144,20,0,0
BRDA:144,20,1,0
BRDA:145,21,0,0
BRDA:145,21,1,0
BRDA:145,21,2,0
BRDA:161,22,0,0
BRDA:161,22,1,0
BRDA:163,23,0,0
BRDA:163,23,1,0
BRDA:181,24,0,0
BRDA:181,24,1,0
BRDA:183,25,0,0
BRDA:183,25,1,0
BRDA:183,26,0,0
BRDA:183,26,1,0
BRDA:197,27,0,0
BRDA:197,27,1,0
BRDA:219,28,0,0
BRDA:219,28,1,0
BRDA:228,29,0,0
BRDA:228,29,1,0
BRDA:246,30,0,0
BRDA:246,30,1,0
BRDA:247,31,0,0
BRDA:247,31,1,0
BRDA:263,32,0,0
BRDA:263,32,1,0
BRDA:264,33,0,0
BRDA:264,33,1,0
BRDA:298,34,0,0
BRDA:298,34,1,0
BRDA:305,35,0,0
BRDA:305,35,1,0
BRDA:311,36,0,0
BRDA:311,36,1,0
BRDA:311,37,0,0
BRDA:311,37,1,0
BRDA:328,38,0,0
BRDA:328,38,1,0
BRDA:330,39,0,0
BRDA:330,39,1,0
BRDA:333,40,0,0
BRDA:333,40,1,0
BRDA:333,41,0,0
BRDA:333,41,1,0
BRDA:338,42,0,0
BRDA:338,42,1,0
BRDA:359,43,0,0
BRDA:359,43,1,0
BRDA:359,44,0,0
BRDA:359,44,1,0
BRDA:368,45,0,0
BRDA:368,45,1,0
BRDA:392,46,0,0
BRDA:392,46,1,0
BRDA:400,47,0,0
BRDA:400,47,1,0
BRDA:407,48,0,0
BRDA:407,48,1,0
BRDA:420,49,0,0
BRDA:424,50,0,0
BRDA:424,50,1,0
BRDA:428,51,0,0
BRDA:428,51,1,0
BRDA:435,52,0,0
BRDA:435,52,1,0
BRDA:440,53,0,0
BRDA:440,53,1,0
BRDA:461,54,0,0
BRDA:461,54,1,0
BRF:111
BRH:0
end_of_record
TN:
SF:middleware/errorHandler.js
FN:1,(anonymous_0)
FNF:1
FNH:0
FNDA:0,(anonymous_0)
DA:1,25
DA:2,0
DA:11,0
DA:12,0
DA:13,0
DA:16,0
DA:17,0
DA:18,0
DA:19,0
DA:20,0
DA:22,0
DA:23,0
DA:24,0
DA:25,0
DA:27,0
DA:28,0
DA:29,0
DA:30,0
DA:32,0
DA:33,0
DA:34,0
DA:35,0
DA:37,0
DA:38,0
DA:41,0
DA:50,0
DA:51,0
DA:54,0
DA:57,25
LF:29
LH:2
BRDA:16,0,0,0
BRDA:16,0,1,0
BRDA:20,1,0,0
BRDA:20,1,1,0
BRDA:25,2,0,0
BRDA:25,2,1,0
BRDA:30,3,0,0
BRDA:30,3,1,0
BRDA:35,4,0,0
BRDA:35,4,1,0
BRDA:37,5,0,0
BRDA:37,5,1,0
BRDA:50,6,0,0
BRDA:50,6,1,0
BRDA:50,7,0,0
BRDA:50,7,1,0
BRF:16
BRH:0
end_of_record
TN:
SF:middleware/responseFormatter.js
FN:14,(anonymous_0)
FN:19,(anonymous_1)
FN:25,(anonymous_2)
FN:31,(anonymous_3)
FN:37,(anonymous_4)
FN:43,(anonymous_5)
FN:49,(anonymous_6)
FN:55,(anonymous_7)
FN:61,(anonymous_8)
FNF:9
FNH:0
FNDA:0,(anonymous_0)
FNDA:0,(anonymous_1)
FNDA:0,(anonymous_2)
FNDA:0,(anonymous_3)
FNDA:0,(anonymous_4)
FNDA:0,(anonymous_5)
FNDA:0,(anonymous_6)
FNDA:0,(anonymous_7)
FNDA:0,(anonymous_8)
DA:6,34
DA:14,34
DA:16,0
DA:19,0
DA:20,0
DA:21,0
DA:25,0
DA:26,0
DA:27,0
DA:31,0
DA:32,0
DA:33,0
DA:37,0
DA:38,0
DA:39,0
DA:43,0
DA:44,0
DA:45,0
DA:49,0
DA:50,0
DA:51,0
DA:55,0
DA:56,0
DA:57,0
DA:61,0
DA:62,0
DA:63,0
DA:66,0
DA:69,34
LF:29
LH:3
BRDA:19,0,0,0
BRDA:19,1,0,0
BRDA:25,2,0,0
BRDA:25,3,0,0
BRDA:31,4,0,0
BRDA:43,5,0,0
BRDA:49,6,0,0
BRDA:55,7,0,0
BRDA:61,8,0,0
BRDA:61,9,0,0
BRF:10
BRH:0
end_of_record
TN:
SF:middleware/validation.js
FN:11,sanitizeString
FN:19,sanitizeNumber
FN:30,sanitizeInteger
FN:41,sanitizeArray
FN:49,isValidEmail
FN:57,isValidSymbol
FN:65,isValidDate
FN:78,(anonymous_7)
FN:85,(anonymous_8)
FN:93,(anonymous_9)
FN:97,(anonymous_10)
FN:103,(anonymous_11)
FN:107,(anonymous_12)
FN:113,(anonymous_13)
FN:124,(anonymous_14)
FN:125,(anonymous_15)
FN:134,(anonymous_16)
FN:135,(anonymous_17)
FN:144,(anonymous_18)
FN:149,(anonymous_19)
FN:157,(anonymous_20)
FN:158,(anonymous_21)
FN:165,(anonymous_22)
FN:166,(anonymous_23)
FN:174,(anonymous_24)
FN:175,(anonymous_25)
FN:182,(anonymous_26)
FN:183,(anonymous_27)
FN:191,(anonymous_28)
FN:192,(anonymous_29)
FN:200,(anonymous_30)
FN:201,(anonymous_31)
FN:209,(anonymous_32)
FN:210,(anonymous_33)
FN:236,(anonymous_34)
FN:240,(anonymous_35)
FN:249,(anonymous_36)
FN:250,(anonymous_37)
FN:271,createValidationMiddleware
FN:272,(anonymous_39)
FN:339,validateBody
FN:340,(anonymous_41)
FN:388,validateQuery
FN:389,(anonymous_43)
FN:484,(anonymous_44)
FNF:45
FNH:1
FNDA:0,sanitizeString
FNDA:0,sanitizeNumber
FNDA:0,sanitizeInteger
FNDA:0,sanitizeArray
FNDA:0,isValidEmail
FNDA:0,isValidSymbol
FNDA:0,isValidDate
FNDA:0,(anonymous_7)
FNDA:0,(anonymous_8)
FNDA:0,(anonymous_9)
FNDA:0,(anonymous_10)
FNDA:0,(anonymous_11)
FNDA:0,(anonymous_12)
FNDA:0,(anonymous_13)
FNDA:0,(anonymous_14)
FNDA:0,(anonymous_15)
FNDA:0,(anonymous_16)
FNDA:0,(anonymous_17)
FNDA:0,(anonymous_18)
FNDA:0,(anonymous_19)
FNDA:0,(anonymous_20)
FNDA:0,(anonymous_21)
FNDA:0,(anonymous_22)
FNDA:0,(anonymous_23)
FNDA:0,(anonymous_24)
FNDA:0,(anonymous_25)
FNDA:0,(anonymous_26)
FNDA:0,(anonymous_27)
FNDA:0,(anonymous_28)
FNDA:0,(anonymous_29)
FNDA:0,(anonymous_30)
FNDA:0,(anonymous_31)
FNDA:0,(anonymous_32)
FNDA:0,(anonymous_33)
FNDA:0,(anonymous_34)
FNDA:0,(anonymous_35)
FNDA:0,(anonymous_36)
FNDA:0,(anonymous_37)
FNDA:149,createValidationMiddleware
FNDA:0,(anonymous_39)
FNDA:0,validateBody
FNDA:0,(anonymous_41)
FNDA:0,validateQuery
FNDA:0,(anonymous_43)
FNDA:0,(anonymous_44)
DA:6,25
DA:12,0
DA:13,0
DA:20,0
DA:21,0
DA:22,0
DA:23,0
DA:24,0
DA:31,0
DA:32,0
DA:33,0
DA:34,0
DA:35,0
DA:42,0
DA:43,0
DA:50,0
DA:51,0
DA:58,0
DA:59,0
DA:66,0
DA:67,0
DA:73,25
DA:79,0
DA:80,0
DA:85,0
DA:94,0
DA:95,0
DA:98,0
DA:103,0
DA:108,0
DA:109,0
DA:110,0
DA:113,0
DA:124,0
DA:125,0
DA:134,0
DA:135,0
DA:145,0
DA:146,0
DA:147,0
DA:149,0
DA:157,0
DA:158,0
DA:165,0
DA:166,0
DA:174,0
DA:175,0
DA:182,0
DA:183,0
DA:191,0
DA:192,0
DA:200,0
DA:201,0
DA:209,0
DA:211,0
DA:212,0
DA:227,0
DA:237,0
DA:238,0
DA:240,0
DA:249,0
DA:251,0
DA:252,0
DA:261,0
DA:272,149
DA:273,0
DA:274,0
DA:277,0
DA:279,0
DA:282,0
DA:286,0
DA:291,0
DA:295,0
DA:296,0
DA:297,0
DA:298,0
DA:299,0
DA:304,0
DA:305,0
DA:309,0
DA:310,0
DA:311,0
DA:317,0
DA:322,0
DA:326,0
DA:327,0
DA:331,0
DA:332,0
DA:340,0
DA:341,0
DA:342,0
DA:344,0
DA:345,0
DA:347,0
DA:348,0
DA:353,0
DA:356,0
DA:357,0
DA:358,0
DA:360,0
DA:363,0
DA:367,0
DA:376,0
DA:377,0
DA:380,0
DA:381,0
DA:389,0
DA:390,0
DA:391,0
DA:393,0
DA:394,0
DA:396,0
DA:400,0
DA:405,0
DA:408,0
DA:409,0
DA:410,0
DA:413,0
DA:414,0
DA:420,0
DA:423,0
DA:424,0
DA:425,0
DA:429,0
DA:430,0
DA:433,0
DA:434,0
DA:441,25
DA:483,25
DA:485,0
DA:487,0
DA:490,0
DA:491,0
DA:495,0
DA:496,0
DA:500,0
DA:501,0
DA:509,0
DA:517,25
LF:139
LH:6
BRDA:11,0,0,0
BRDA:12,1,0,0
BRDA:12,1,1,0
BRDA:19,2,0,0
BRDA:19,3,0,0
BRDA:21,4,0,0
BRDA:21,4,1,0
BRDA:22,5,0,0
BRDA:22,5,1,0
BRDA:22,6,0,0
BRDA:22,6,1,0
BRDA:23,7,0,0
BRDA:23,7,1,0
BRDA:23,8,0,0
BRDA:23,8,1,0
BRDA:30,9,0,0
BRDA:30,10,0,0
BRDA:32,11,0,0
BRDA:32,11,1,0
BRDA:33,12,0,0
BRDA:33,12,1,0
BRDA:33,13,0,0
BRDA:33,13,1,0
BRDA:34,14,0,0
BRDA:34,14,1,0
BRDA:34,15,0,0
BRDA:34,15,1,0
BRDA:41,16,0,0
BRDA:42,17,0,0
BRDA:42,17,1,0
BRDA:58,18,0,0
BRDA:58,18,1,0
BRDA:79,19,0,0
BRDA:79,19,1,0
BRDA:94,20,0,0
BRDA:94,20,1,0
BRDA:108,21,0,0
BRDA:108,21,1,0
BRDA:111,22,0,0
BRDA:111,22,1,0
BRDA:111,22,2,0
BRDA:125,23,0,0
BRDA:125,23,1,0
BRDA:145,24,0,0
BRDA:145,24,1,0
BRDA:147,25,0,0
BRDA:147,25,1,0
BRDA:149,26,0,0
BRDA:149,26,1,0
BRDA:192,27,0,0
BRDA:192,27,1,0
BRDA:201,28,0,0
BRDA:201,28,1,0
BRDA:211,29,0,0
BRDA:211,29,1,0
BRDA:237,30,0,0
BRDA:237,30,1,0
BRDA:238,31,0,0
BRDA:238,31,1,0
BRDA:251,32,0,0
BRDA:251,32,1,0
BRDA:279,33,0,0
BRDA:279,33,1,0
BRDA:279,33,2,0
BRDA:282,34,0,0
BRDA:282,34,1,0
BRDA:283,35,0,0
BRDA:283,35,1,0
BRDA:283,35,2,0
BRDA:283,35,3,0
BRDA:288,36,0,0
BRDA:288,36,1,0
BRDA:295,37,0,0
BRDA:295,37,1,0
BRDA:295,38,0,0
BRDA:295,38,1,0
BRDA:295,38,2,0
BRDA:296,39,0,0
BRDA:296,39,1,0
BRDA:298,40,0,0
BRDA:298,40,1,0
BRDA:304,41,0,0
BRDA:304,41,1,0
BRDA:304,42,0,0
BRDA:304,42,1,0
BRDA:309,43,0,0
BRDA:309,43,1,0
BRDA:309,44,0,0
BRDA:309,44,1,0
BRDA:310,45,0,0
BRDA:310,45,1,0
BRDA:313,46,0,0
BRDA:313,46,1,0
BRDA:326,47,0,0
BRDA:326,47,1,0
BRDA:347,48,0,0
BRDA:347,48,1,0
BRDA:347,49,0,0
BRDA:347,49,1,0
BRDA:347,49,2,0
BRDA:356,50,0,0
BRDA:356,50,1,0
BRDA:356,51,0,0
BRDA:356,51,1,0
BRDA:357,52,0,0
BRDA:357,52,1,0
BRDA:363,53,0,0
BRDA:363,53,1,0
BRDA:364,54,0,0
BRDA:364,54,1,0
BRDA:369,55,0,0
BRDA:369,55,1,0
BRDA:376,56,0,0
BRDA:376,56,1,0
BRDA:396,57,0,0
BRDA:396,57,1,0
BRDA:397,58,0,0
BRDA:397,58,1,0
BRDA:397,58,2,0
BRDA:397,58,3,0
BRDA:408,59,0,0
BRDA:408,59,1,0
BRDA:408,60,0,0
BRDA:408,60,1,0
BRDA:408,60,2,0
BRDA:409,61,0,0
BRDA:409,61,1,0
BRDA:413,62,0,0
BRDA:413,62,1,0
BRDA:413,63,0,0
BRDA:413,63,1,0
BRDA:416,64,0,0
BRDA:416,64,1,0
BRDA:424,65,0,0
BRDA:424,65,1,0
BRDA:429,66,0,0
BRDA:429,66,1,0
BRDA:484,67,0,0
BRDA:485,68,0,0
BRDA:485,68,1,0
BRDA:490,69,0,0
BRDA:490,69,1,0
BRDA:495,70,0,0
BRDA:495,70,1,0
BRDA:500,71,0,0
BRDA:500,71,1,0
BRF:146
BRH:0
end_of_record
TN:
SF:routes/alerts.js
FN:9,(anonymous_0)
FN:12,(anonymous_1)
FN:24,(anonymous_2)
FN:187,(anonymous_3)
FN:228,(anonymous_4)
FN:229,(anonymous_5)
FN:230,(anonymous_6)
FN:242,(anonymous_7)
FN:243,(anonymous_8)
FN:246,(anonymous_9)
FN:247,(anonymous_10)
FN:248,(anonymous_11)
FN:286,(anonymous_12)
FN:313,(anonymous_13)
FN:345,(anonymous_14)
FN:378,(anonymous_15)
FN:423,(anonymous_16)
FN:642,(anonymous_17)
FN:821,(anonymous_18)
FN:822,(anonymous_19)
FN:884,(anonymous_20)
FN:944,(anonymous_21)
FN:960,(anonymous_22)
FN:974,(anonymous_23)
FN:975,(anonymous_24)
FN:976,(anonymous_25)
FN:999,(anonymous_26)
FN:1032,(anonymous_27)
FN:1033,(anonymous_28)
FN:1048,(anonymous_29)
FN:1068,(anonymous_30)
FN:1180,(anonymous_31)
FN:1184,(anonymous_32)
FN:1192,(anonymous_33)
FN:1193,(anonymous_34)
FN:1194,(anonymous_35)
FN:1195,(anonymous_36)
FN:1196,(anonymous_37)
FN:1327,(anonymous_38)
FN:1395,(anonymous_39)
FN:1445,(anonymous_40)
FN:1494,(anonymous_41)
FN:1495,(anonymous_42)
FN:1509,(anonymous_43)
FN:1515,(anonymous_44)
FN:1579,(anonymous_45)
FN:1580,(anonymous_46)
FN:1581,(anonymous_47)
FN:1599,(anonymous_48)
FN:1706,(anonymous_49)
FN:1758,checkAlertTrigger
FN:1777,updateAlertStatus
FN:1790,(anonymous_52)
FN:1843,(anonymous_53)
FN:1896,(anonymous_54)
FN:1938,(anonymous_55)
FN:2023,(anonymous_56)
FN:2031,(anonymous_57)
FN:2083,(anonymous_58)
FN:2153,(anonymous_59)
FN:2221,(anonymous_60)
FN:2222,(anonymous_61)
FN:2223,(anonymous_62)
FN:2224,(anonymous_63)
FNF:64
FNH:0
FNDA:0,(anonymous_0)
FNDA:0,(anonymous_1)
FNDA:0,(anonymous_2)
FNDA:0,(anonymous_3)
FNDA:0,(anonymous_4)
FNDA:0,(anonymous_5)
FNDA:0,(anonymous_6)
FNDA:0,(anonymous_7)
FNDA:0,(anonymous_8)
FNDA:0,(anonymous_9)
FNDA:0,(anonymous_10)
FNDA:0,(anonymous_11)
FNDA:0,(anonymous_12)
FNDA:0,(anonymous_13)
FNDA:0,(anonymous_14)
FNDA:0,(anonymous_15)
FNDA:0,(anonymous_16)
FNDA:0,(anonymous_17)
FNDA:0,(anonymous_18)
FNDA:0,(anonymous_19)
FNDA:0,(anonymous_20)
FNDA:0,(anonymous_21)
FNDA:0,(anonymous_22)
FNDA:0,(anonymous_23)
FNDA:0,(anonymous_24)
FNDA:0,(anonymous_25)
FNDA:0,(anonymous_26)
FNDA:0,(anonymous_27)
FNDA:0,(anonymous_28)
FNDA:0,(anonymous_29)
FNDA:0,(anonymous_30)
FNDA:0,(anonymous_31)
FNDA:0,(anonymous_32)
FNDA:0,(anonymous_33)
FNDA:0,(anonymous_34)
FNDA:0,(anonymous_35)
FNDA:0,(anonymous_36)
FNDA:0,(anonymous_37)
FNDA:0,(anonymous_38)
FNDA:0,(anonymous_39)
FNDA:0,(anonymous_40)
FNDA:0,(anonymous_41)
FNDA:0,(anonymous_42)
FNDA:0,(anonymous_43)
FNDA:0,(anonymous_44)
FNDA:0,(anonymous_45)
FNDA:0,(anonymous_46)
FNDA:0,(anonymous_47)
FNDA:0,(anonymous_48)
FNDA:0,(anonymous_49)
FNDA:0,checkAlertTrigger
FNDA:0,updateAlertStatus
FNDA:0,(anonymous_52)
FNDA:0,(anonymous_53)
FNDA:0,(anonymous_54)
FNDA:0,(anonymous_55)
FNDA:0,(anonymous_56)
FNDA:0,(anonymous_57)
FNDA:0,(anonymous_58)
FNDA:0,(anonymous_59)
FNDA:0,(anonymous_60)
FNDA:0,(anonymous_61)
FNDA:0,(anonymous_62)
FNDA:0,(anonymous_63)
DA:1,24
DA:3,24
DA:4,24
DA:6,24
DA:9,24
DA:11,0
DA:12,0
DA:14,0
DA:16,0
DA:20,0
DA:24,24
DA:25,0
DA:26,0
DA:34,0
DA:36,0
DA:39,0
DA:124,0
DA:125,0
DA:128,0
DA:129,0
DA:130,0
DA:131,0
DA:134,0
DA:135,0
DA:136,0
DA:137,0
DA:140,0
DA:141,0
DA:142,0
DA:143,0
DA:146,0
DA:147,0
DA:148,0
DA:149,0
DA:153,0
DA:161,0
DA:162,0
DA:164,0
DA:167,0
DA:168,0
DA:187,0
DA:188,0
DA:189,0
DA:191,0
DA:227,0
DA:228,0
DA:229,0
DA:230,0
DA:232,0
DA:242,0
DA:243,0
DA:246,0
DA:247,0
DA:248,0
DA:270,0
DA:271,0
DA:286,24
DA:287,0
DA:288,0
DA:289,0
DA:291,0
DA:294,0
DA:295,0
DA:298,0
DA:303,0
DA:304,0
DA:313,24
DA:314,0
DA:315,0
DA:316,0
DA:317,0
DA:319,0
DA:322,0
DA:335,0
DA:336,0
DA:345,24
DA:346,0
DA:347,0
DA:348,0
DA:349,0
DA:351,0
DA:353,0
DA:355,0
DA:368,0
DA:369,0
DA:378,24
DA:379,0
DA:380,0
DA:388,0
DA:390,0
DA:392,0
DA:406,0
DA:413,0
DA:414,0
DA:423,24
DA:424,0
DA:425,0
DA:430,0
DA:432,0
DA:435,0
DA:436,0
DA:437,0
DA:445,0
DA:453,0
DA:454,0
DA:457,0
DA:476,0
DA:477,0
DA:479,0
DA:480,0
DA:485,0
DA:487,0
DA:502,0
DA:503,0
DA:519,0
DA:520,0
DA:521,0
DA:522,0
DA:525,0
DA:526,0
DA:527,0
DA:537,0
DA:538,0
DA:539,0
DA:556,0
DA:608,0
DA:609,0
DA:612,0
DA:613,0
DA:616,0
DA:624,0
DA:631,0
DA:632,0
DA:642,24
DA:643,0
DA:644,0
DA:645,0
DA:648,0
DA:653,0
DA:654,0
DA:661,0
DA:821,0
DA:822,0
DA:823,0
DA:825,0
DA:873,0
DA:874,0
DA:884,24
DA:885,0
DA:886,0
DA:887,0
DA:888,0
DA:891,0
DA:892,0
DA:893,0
DA:896,0
DA:897,0
DA:898,0
DA:899,0
DA:902,0
DA:903,0
DA:904,0
DA:905,0
DA:908,0
DA:909,0
DA:910,0
DA:911,0
DA:914,0
DA:915,0
DA:916,0
DA:917,0
DA:920,0
DA:940,0
DA:942,0
DA:944,0
DA:960,0
DA:961,0
DA:962,0
DA:963,0
DA:966,0
DA:974,0
DA:975,0
DA:976,0
DA:990,0
DA:999,24
DA:1000,0
DA:1001,0
DA:1002,0
DA:1004,0
DA:1027,0
DA:1032,0
DA:1033,0
DA:1039,0
DA:1048,24
DA:1049,0
DA:1050,0
DA:1056,0
DA:1058,0
DA:1062,0
DA:1064,0
DA:1068,0
DA:1069,0
DA:1070,0
DA:1073,0
DA:1074,0
DA:1075,0
DA:1076,0
DA:1079,0
DA:1080,0
DA:1096,0
DA:1097,0
DA:1113,0
DA:1114,0
DA:1119,0
DA:1120,0
DA:1123,0
DA:1140,0
DA:1141,0
DA:1156,0
DA:1159,0
DA:1160,0
DA:1176,0
DA:1178,0
DA:1180,0
DA:1182,0
DA:1184,0
DA:1186,0
DA:1192,0
DA:1193,0
DA:1194,0
DA:1195,0
DA:1196,0
DA:1204,0
DA:1206,0
DA:1208,0
DA:1209,0
DA:1218,0
DA:1219,0
DA:1221,0
DA:1230,0
DA:1231,0
DA:1232,0
DA:1241,0
DA:1243,0
DA:1246,0
DA:1261,0
DA:1273,0
DA:1275,0
DA:1276,0
DA:1278,0
DA:1281,0
DA:1292,0
DA:1294,0
DA:1296,0
DA:1299,0
DA:1310,0
DA:1317,0
DA:1318,0
DA:1327,24
DA:1328,0
DA:1329,0
DA:1338,0
DA:1340,0
DA:1342,0
DA:1343,0
DA:1351,0
DA:1353,0
DA:1370,0
DA:1385,0
DA:1386,0
DA:1395,24
DA:1396,0
DA:1397,0
DA:1398,0
DA:1399,0
DA:1401,0
DA:1403,0
DA:1404,0
DA:1412,0
DA:1420,0
DA:1435,0
DA:1436,0
DA:1445,24
DA:1446,0
DA:1447,0
DA:1455,0
DA:1457,0
DA:1460,0
DA:1461,0
DA:1462,0
DA:1464,0
DA:1465,0
DA:1466,0
DA:1467,0
DA:1470,0
DA:1471,0
DA:1472,0
DA:1473,0
DA:1477,0
DA:1489,0
DA:1491,0
DA:1494,0
DA:1495,0
DA:1497,0
DA:1498,0
DA:1499,0
DA:1509,0
DA:1510,0
DA:1515,0
DA:1516,0
DA:1518,0
DA:1519,0
DA:1522,0
DA:1523,0
DA:1527,0
DA:1528,0
DA:1530,0
DA:1531,0
DA:1534,0
DA:1538,0
DA:1558,0
DA:1564,0
DA:1565,0
DA:1567,0
DA:1579,0
DA:1580,0
DA:1581,0
DA:1588,0
DA:1589,0
DA:1599,24
DA:1600,0
DA:1601,0
DA:1602,0
DA:1603,0
DA:1618,0
DA:1621,0
DA:1622,0
DA:1629,0
DA:1630,0
DA:1631,0
DA:1638,0
DA:1646,0
DA:1649,0
DA:1657,0
DA:1670,0
DA:1672,0
DA:1674,0
DA:1695,0
DA:1696,0
DA:1706,24
DA:1707,0
DA:1708,0
DA:1709,0
DA:1711,0
DA:1712,0
DA:1719,0
DA:1725,0
DA:1726,0
DA:1732,0
DA:1734,0
DA:1736,0
DA:1747,0
DA:1748,0
DA:1759,0
DA:1761,0
DA:1763,0
DA:1765,0
DA:1768,0
DA:1771,0
DA:1773,0
DA:1778,0
DA:1779,0
DA:1784,0
DA:1786,0
DA:1790,24
DA:1791,0
DA:1792,0
DA:1793,0
DA:1794,0
DA:1796,0
DA:1798,0
DA:1799,0
DA:1806,0
DA:1821,0
DA:1833,0
DA:1834,0
DA:1843,24
DA:1844,0
DA:1845,0
DA:1846,0
DA:1847,0
DA:1849,0
DA:1852,0
DA:1853,0
DA:1854,0
DA:1861,0
DA:1869,0
DA:1870,0
DA:1876,0
DA:1886,0
DA:1887,0
DA:1896,24
DA:1897,0
DA:1898,0
DA:1899,0
DA:1901,0
DA:1904,0
DA:1911,0
DA:1912,0
DA:1918,0
DA:1928,0
DA:1929,0
DA:1938,24
DA:1939,0
DA:1940,0
DA:1943,0
DA:1949,0
DA:1951,0
DA:1963,0
DA:1966,0
DA:1979,0
DA:1983,0
DA:1994,0
DA:1995,0
DA:1997,0
DA:2001,0
DA:2008,0
DA:2009,0
DA:2010,0
DA:2012,0
DA:2013,0
DA:2017,0
DA:2018,0
DA:2023,24
DA:2024,0
DA:2025,0
DA:2026,0
DA:2028,0
DA:2031,0
DA:2032,0
DA:2033,0
DA:2035,0
DA:2036,0
DA:2037,0
DA:2038,0
DA:2040,0
DA:2041,0
DA:2050,0
DA:2051,0
DA:2060,0
DA:2061,0
DA:2062,0
DA:2063,0
DA:2066,0
DA:2076,0
DA:2078,0
DA:2082,0
DA:2083,0
DA:2085,0
DA:2086,0
DA:2089,0
DA:2090,0
DA:2094,0
DA:2109,0
DA:2111,0
DA:2112,0
DA:2125,0
DA:2140,0
DA:2141,0
DA:2153,24
DA:2154,0
DA:2155,0
DA:2157,0
DA:2158,0
DA:2164,0
DA:2217,0
DA:2220,0
DA:2221,0
DA:2222,0
DA:2223,0
DA:2224,0
DA:2226,0
DA:2241,0
DA:2242,0
DA:2247,0
DA:2253,0
DA:2254,0
DA:2258,0
DA:2265,24
LF:489
LH:27
BRDA:12,0,0,0
BRDA:12,0,1,0
BRDA:14,1,0,0
BRDA:14,1,1,0
BRDA:26,2,0,0
BRDA:26,2,1,0
BRDA:28,3,0,0
BRDA:29,4,0,0
BRDA:30,5,0,0
BRDA:32,6,0,0
BRDA:33,7,0,0
BRDA:128,8,0,0
BRDA:128,8,1,0
BRDA:134,9,0,0
BRDA:134,9,1,0
BRDA:140,10,0,0
BRDA:140,10,1,0
BRDA:146,11,0,0
BRDA:146,11,1,0
BRDA:167,12,0,0
BRDA:167,12,1,0
BRDA:167,13,0,0
BRDA:167,13,1,0
BRDA:167,13,2,0
BRDA:189,14,0,0
BRDA:189,14,1,0
BRDA:196,15,0,0
BRDA:196,15,1,0
BRDA:197,16,0,0
BRDA:197,16,1,0
BRDA:197,16,2,0
BRDA:206,17,0,0
BRDA:206,17,1,0
BRDA:207,18,0,0
BRDA:207,18,1,0
BRDA:213,19,0,0
BRDA:213,19,1,0
BRDA:214,20,0,0
BRDA:214,20,1,0
BRDA:255,21,0,0
BRDA:255,21,1,0
BRDA:278,22,0,0
BRDA:278,22,1,0
BRDA:289,23,0,0
BRDA:289,24,0,0
BRDA:289,25,0,0
BRDA:299,26,0,0
BRDA:299,26,1,0
BRDA:314,27,0,0
BRDA:349,28,0,0
BRDA:386,29,0,0
BRDA:387,30,0,0
BRDA:427,31,0,0
BRDA:428,32,0,0
BRDA:429,33,0,0
BRDA:436,34,0,0
BRDA:436,34,1,0
BRDA:485,35,0,0
BRDA:485,35,1,0
BRDA:485,36,0,0
BRDA:485,36,1,0
BRDA:485,36,2,0
BRDA:485,36,3,0
BRDA:520,37,0,0
BRDA:520,37,1,0
BRDA:521,38,0,0
BRDA:521,38,1,0
BRDA:522,39,0,0
BRDA:522,39,1,0
BRDA:526,40,0,0
BRDA:526,40,1,0
BRDA:538,41,0,0
BRDA:538,41,1,0
BRDA:570,42,0,0
BRDA:570,42,1,0
BRDA:574,43,0,0
BRDA:574,43,1,0
BRDA:578,44,0,0
BRDA:578,44,1,0
BRDA:582,45,0,0
BRDA:582,45,1,0
BRDA:588,46,0,0
BRDA:588,46,1,0
BRDA:592,47,0,0
BRDA:592,47,1,0
BRDA:596,48,0,0
BRDA:596,48,1,0
BRDA:608,49,0,0
BRDA:608,49,1,0
BRDA:612,50,0,0
BRDA:612,50,1,0
BRDA:617,51,0,0
BRDA:617,51,1,0
BRDA:653,52,0,0
BRDA:653,52,1,0
BRDA:663,53,0,0
BRDA:663,53,1,0
BRDA:887,54,0,0
BRDA:887,55,0,0
BRDA:887,56,0,0
BRDA:896,57,0,0
BRDA:896,57,1,0
BRDA:896,58,0,0
BRDA:896,58,1,0
BRDA:902,59,0,0
BRDA:902,59,1,0
BRDA:902,60,0,0
BRDA:902,60,1,0
BRDA:908,61,0,0
BRDA:908,61,1,0
BRDA:914,62,0,0
BRDA:914,62,1,0
BRDA:944,63,0,0
BRDA:944,63,1,0
BRDA:944,64,0,0
BRDA:944,64,1,0
BRDA:950,65,0,0
BRDA:950,65,1,0
BRDA:961,66,0,0
BRDA:961,66,1,0
BRDA:1052,67,0,0
BRDA:1053,68,0,0
BRDA:1054,69,0,0
BRDA:1055,70,0,0
BRDA:1062,71,0,0
BRDA:1062,71,1,0
BRDA:1079,72,0,0
BRDA:1079,72,1,0
BRDA:1079,73,0,0
BRDA:1079,73,1,0
BRDA:1079,73,2,0
BRDA:1096,74,0,0
BRDA:1096,74,1,0
BRDA:1096,75,0,0
BRDA:1096,75,1,0
BRDA:1096,75,2,0
BRDA:1113,76,0,0
BRDA:1113,76,1,0
BRDA:1113,77,0,0
BRDA:1113,77,1,0
BRDA:1113,77,2,0
BRDA:1119,78,0,0
BRDA:1119,78,1,0
BRDA:1119,79,0,0
BRDA:1119,79,1,0
BRDA:1119,79,2,0
BRDA:1120,80,0,0
BRDA:1120,80,1,0
BRDA:1140,81,0,0
BRDA:1140,81,1,0
BRDA:1178,82,0,0
BRDA:1178,82,1,0
BRDA:1182,83,0,0
BRDA:1182,83,1,0
BRDA:1184,84,0,0
BRDA:1184,84,1,0
BRDA:1204,85,0,0
BRDA:1204,85,1,0
BRDA:1208,86,0,0
BRDA:1208,86,1,0
BRDA:1208,87,0,0
BRDA:1208,87,1,0
BRDA:1208,87,2,0
BRDA:1231,88,0,0
BRDA:1231,88,1,0
BRDA:1251,89,0,0
BRDA:1251,89,1,0
BRDA:1258,90,0,0
BRDA:1258,90,1,0
BRDA:1273,91,0,0
BRDA:1273,91,1,0
BRDA:1273,92,0,0
BRDA:1273,92,1,0
BRDA:1292,93,0,0
BRDA:1292,93,1,0
BRDA:1332,94,0,0
BRDA:1333,95,0,0
BRDA:1335,96,0,0
BRDA:1336,97,0,0
BRDA:1337,98,0,0
BRDA:1342,99,0,0
BRDA:1342,99,1,0
BRDA:1342,100,0,0
BRDA:1342,100,1,0
BRDA:1399,101,0,0
BRDA:1403,102,0,0
BRDA:1403,102,1,0
BRDA:1447,103,0,0
BRDA:1447,103,1,0
BRDA:1449,104,0,0
BRDA:1451,105,0,0
BRDA:1452,106,0,0
BRDA:1453,107,0,0
BRDA:1454,108,0,0
BRDA:1464,109,0,0
BRDA:1464,109,1,0
BRDA:1464,110,0,0
BRDA:1464,110,1,0
BRDA:1470,111,0,0
BRDA:1470,111,1,0
BRDA:1498,112,0,0
BRDA:1498,112,1,0
BRDA:1518,113,0,0
BRDA:1518,113,1,0
BRDA:1518,114,0,0
BRDA:1518,114,1,0
BRDA:1522,115,0,0
BRDA:1522,115,1,0
BRDA:1528,116,0,0
BRDA:1528,116,1,0
BRDA:1528,117,0,0
BRDA:1528,117,1,0
BRDA:1602,118,0,0
BRDA:1602,118,1,0
BRDA:1613,119,0,0
BRDA:1614,120,0,0
BRDA:1615,121,0,0
BRDA:1621,122,0,0
BRDA:1621,122,1,0
BRDA:1621,123,0,0
BRDA:1621,123,1,0
BRDA:1621,123,2,0
BRDA:1630,124,0,0
BRDA:1630,124,1,0
BRDA:1646,125,0,0
BRDA:1646,125,1,0
BRDA:1667,126,0,0
BRDA:1667,126,1,0
BRDA:1711,127,0,0
BRDA:1711,127,1,0
BRDA:1725,128,0,0
BRDA:1725,128,1,0
BRDA:1761,129,0,0
BRDA:1761,129,1,0
BRDA:1761,129,2,0
BRDA:1761,129,3,0
BRDA:1761,129,4,0
BRDA:1777,130,0,0
BRDA:1798,131,0,0
BRDA:1798,131,1,0
BRDA:1809,132,0,0
BRDA:1809,132,1,0
BRDA:1810,133,0,0
BRDA:1810,133,1,0
BRDA:1811,134,0,0
BRDA:1811,134,1,0
BRDA:1812,135,0,0
BRDA:1812,135,1,0
BRDA:1813,136,0,0
BRDA:1813,136,1,0
BRDA:1814,137,0,0
BRDA:1814,137,1,0
BRDA:1815,138,0,0
BRDA:1815,138,1,0
BRDA:1818,139,0,0
BRDA:1818,139,1,0
BRDA:1853,140,0,0
BRDA:1853,140,1,0
BRDA:1853,141,0,0
BRDA:1853,141,1,0
BRDA:1869,142,0,0
BRDA:1869,142,1,0
BRDA:1869,143,0,0
BRDA:1869,143,1,0
BRDA:1869,143,2,0
BRDA:1911,144,0,0
BRDA:1911,144,1,0
BRDA:1911,145,0,0
BRDA:1911,145,1,0
BRDA:1911,145,2,0
BRDA:1949,146,0,0
BRDA:1949,146,1,0
BRDA:1949,146,2,0
BRDA:1949,146,3,0
BRDA:1954,147,0,0
BRDA:1954,147,1,0
BRDA:1954,148,0,0
BRDA:1954,148,1,0
BRDA:1970,149,0,0
BRDA:1970,149,1,0
BRDA:1970,150,0,0
BRDA:1970,150,1,0
BRDA:1990,151,0,0
BRDA:1990,151,1,0
BRDA:1994,152,0,0
BRDA:1994,152,1,0
BRDA:2008,153,0,0
BRDA:2008,153,1,0
BRDA:2026,154,0,0
BRDA:2026,154,1,0
BRDA:2040,155,0,0
BRDA:2040,155,1,0
BRDA:2040,156,0,0
BRDA:2040,156,1,0
BRDA:2040,156,2,0
BRDA:2050,157,0,0
BRDA:2050,157,1,0
BRDA:2050,158,0,0
BRDA:2050,158,1,0
BRDA:2050,158,2,0
BRDA:2060,159,0,0
BRDA:2060,159,1,0
BRDA:2060,160,0,0
BRDA:2060,160,1,0
BRDA:2060,160,2,0
BRDA:2062,161,0,0
BRDA:2062,161,1,0
BRDA:2062,162,0,0
BRDA:2062,162,1,0
BRDA:2062,162,2,0
BRDA:2063,163,0,0
BRDA:2063,163,1,0
BRDA:2085,164,0,0
BRDA:2085,164,1,0
BRDA:2089,165,0,0
BRDA:2089,165,1,0
BRDA:2111,166,0,0
BRDA:2111,166,1,0
BRDA:2155,167,0,0
BRDA:2155,167,1,0
BRDA:2220,168,0,0
BRDA:2220,168,1,0
BRF:322
BRH:0
end_of_record
TN:
SF:routes/analysts.js
FN:8,(anonymous_0)
FN:29,(anonymous_1)
FN:86,(anonymous_2)
FN:113,(anonymous_3)
FN:144,(anonymous_4)
FN:175,(anonymous_5)
FN:206,(anonymous_6)
FN:247,(anonymous_7)
FN:290,(anonymous_8)
FN:343,(anonymous_9)
FN:357,(anonymous_10)
FN:366,(anonymous_11)
FN:371,(anonymous_12)
FN:372,(anonymous_13)
FN:392,(anonymous_14)
FN:399,(anonymous_15)
FN:404,(anonymous_16)
FN:405,(anonymous_17)
FN:421,(anonymous_18)
FN:422,(anonymous_19)
FN:423,(anonymous_20)
FN:429,(anonymous_21)
FN:434,(anonymous_22)
FN:448,(anonymous_23)
FN:452,(anonymous_24)
FN:509,(anonymous_25)
FN:577,(anonymous_26)
FN:586,(anonymous_27)
FN:621,(anonymous_28)
FN:688,(anonymous_29)
FN:691,(anonymous_30)
FN:694,(anonymous_31)
FN:718,(anonymous_32)
FN:743,(anonymous_33)
FN:744,(anonymous_34)
FN:745,(anonymous_35)
FN:746,(anonymous_36)
FN:747,(anonymous_37)
FN:752,(anonymous_38)
FN:756,(anonymous_39)
FN:758,(anonymous_40)
FN:763,(anonymous_41)
FN:764,(anonymous_42)
FN:801,(anonymous_43)
FN:852,(anonymous_44)
FN:866,(anonymous_45)
FN:972,(anonymous_46)
FN:979,(anonymous_47)
FN:1007,(anonymous_48)
FN:1012,(anonymous_49)
FN:1016,(anonymous_50)
FN:1018,(anonymous_51)
FN:1020,(anonymous_52)
FN:1024,(anonymous_53)
FN:1026,(anonymous_54)
FN:1038,(anonymous_55)
FN:1039,(anonymous_56)
FN:1073,(anonymous_57)
FN:1115,(anonymous_58)
FN:1154,(anonymous_59)
FN:1199,(anonymous_60)
FNF:61
FNH:0
FNDA:0,(anonymous_0)
FNDA:0,(anonymous_1)
FNDA:0,(anonymous_2)
FNDA:0,(anonymous_3)
FNDA:0,(anonymous_4)
FNDA:0,(anonymous_5)
FNDA:0,(anonymous_6)
FNDA:0,(anonymous_7)
FNDA:0,(anonymous_8)
FNDA:0,(anonymous_9)
FNDA:0,(anonymous_10)
FNDA:0,(anonymous_11)
FNDA:0,(anonymous_12)
FNDA:0,(anonymous_13)
FNDA:0,(anonymous_14)
FNDA:0,(anonymous_15)
FNDA:0,(anonymous_16)
FNDA:0,(anonymous_17)
FNDA:0,(anonymous_18)
FNDA:0,(anonymous_19)
FNDA:0,(anonymous_20)
FNDA:0,(anonymous_21)
FNDA:0,(anonymous_22)
FNDA:0,(anonymous_23)
FNDA:0,(anonymous_24)
FNDA:0,(anonymous_25)
FNDA:0,(anonymous_26)
FNDA:0,(anonymous_27)
FNDA:0,(anonymous_28)
FNDA:0,(anonymous_29)
FNDA:0,(anonymous_30)
FNDA:0,(anonymous_31)
FNDA:0,(anonymous_32)
FNDA:0,(anonymous_33)
FNDA:0,(anonymous_34)
FNDA:0,(anonymous_35)
FNDA:0,(anonymous_36)
FNDA:0,(anonymous_37)
FNDA:0,(anonymous_38)
FNDA:0,(anonymous_39)
FNDA:0,(anonymous_40)
FNDA:0,(anonymous_41)
FNDA:0,(anonymous_42)
FNDA:0,(anonymous_43)
FNDA:0,(anonymous_44)
FNDA:0,(anonymous_45)
FNDA:0,(anonymous_46)
FNDA:0,(anonymous_47)
FNDA:0,(anonymous_48)
FNDA:0,(anonymous_49)
FNDA:0,(anonymous_50)
FNDA:0,(anonymous_51)
FNDA:0,(anonymous_52)
FNDA:0,(anonymous_53)
FNDA:0,(anonymous_54)
FNDA:0,(anonymous_55)
FNDA:0,(anonymous_56)
FNDA:0,(anonymous_57)
FNDA:0,(anonymous_58)
FNDA:0,(anonymous_59)
FNDA:0,(anonymous_60)
DA:1,25
DA:3,25
DA:5,25
DA:8,25
DA:9,0
DA:29,25
DA:30,0
DA:31,0
DA:32,0
DA:33,0
DA:34,0
DA:55,0
DA:61,0
DA:67,0
DA:68,0
DA:69,0
DA:86,0
DA:91,0
DA:92,0
DA:94,0
DA:106,0
DA:107,0
DA:113,25
DA:114,0
DA:115,0
DA:117,0
DA:131,0
DA:133,0
DA:138,0
DA:139,0
DA:144,25
DA:145,0
DA:146,0
DA:148,0
DA:162,0
DA:164,0
DA:169,0
DA:170,0
DA:175,25
DA:176,0
DA:177,0
DA:179,0
DA:193,0
DA:195,0
DA:200,0
DA:201,0
DA:206,25
DA:207,0
DA:208,0
DA:210,0
DA:225,0
DA:227,0
DA:237,0
DA:238,0
DA:247,25
DA:248,0
DA:249,0
DA:252,0
DA:268,0
DA:270,0
DA:280,0
DA:281,0
DA:290,25
DA:291,0
DA:292,0
DA:293,0
DA:295,0
DA:299,0
DA:314,0
DA:329,0
DA:334,0
DA:335,0
DA:337,0
DA:338,0
DA:339,0
DA:343,0
DA:344,0
DA:345,0
DA:348,0
DA:349,0
DA:350,0
DA:351,0
DA:354,0
DA:356,0
DA:357,0
DA:358,0
DA:359,0
DA:360,0
DA:362,0
DA:366,0
DA:367,0
DA:368,0
DA:369,0
DA:371,0
DA:372,0
DA:374,0
DA:376,0
DA:377,0
DA:389,0
DA:391,0
DA:392,0
DA:393,0
DA:394,0
DA:395,0
DA:399,0
DA:400,0
DA:401,0
DA:402,0
DA:404,0
DA:405,0
DA:407,0
DA:409,0
DA:410,0
DA:420,0
DA:421,0
DA:422,0
DA:423,0
DA:424,0
DA:429,0
DA:430,0
DA:431,0
DA:433,0
DA:434,0
DA:436,0
DA:437,0
DA:438,0
DA:439,0
DA:440,0
DA:443,0
DA:444,0
DA:447,0
DA:448,0
DA:451,0
DA:452,0
DA:455,0
DA:487,0
DA:489,0
DA:497,0
DA:498,0
DA:509,25
DA:510,0
DA:511,0
DA:518,0
DA:572,0
DA:577,0
DA:586,0
DA:611,0
DA:612,0
DA:621,25
DA:622,0
DA:623,0
DA:626,0
DA:634,0
DA:636,0
DA:637,0
DA:650,0
DA:653,0
DA:680,0
DA:686,0
DA:687,0
DA:688,0
DA:690,0
DA:691,0
DA:693,0
DA:694,0
DA:697,0
DA:711,0
DA:712,0
DA:718,25
DA:719,0
DA:720,0
DA:721,0
DA:724,0
DA:729,0
DA:730,0
DA:739,0
DA:740,0
DA:742,0
DA:743,0
DA:744,0
DA:745,0
DA:746,0
DA:747,0
DA:751,0
DA:752,0
DA:753,0
DA:756,0
DA:757,0
DA:758,0
DA:762,0
DA:763,0
DA:764,0
DA:773,0
DA:784,0
DA:791,0
DA:792,0
DA:801,25
DA:802,0
DA:803,0
DA:804,0
DA:806,0
DA:829,0
DA:842,0
DA:843,0
DA:852,25
DA:853,0
DA:861,0
DA:863,0
DA:866,0
DA:867,0
DA:874,0
DA:876,0
DA:882,0
DA:897,0
DA:898,0
DA:899,0
DA:901,0
DA:902,0
DA:903,0
DA:904,0
DA:905,0
DA:908,0
DA:909,0
DA:912,0
DA:913,0
DA:916,0
DA:919,0
DA:920,0
DA:923,0
DA:924,0
DA:928,0
DA:929,0
DA:930,0
DA:932,0
DA:972,0
DA:973,0
DA:974,0
DA:975,0
DA:979,0
DA:980,0
DA:992,0
DA:995,0
DA:1004,0
DA:1008,0
DA:1009,0
DA:1013,0
DA:1014,0
DA:1016,0
DA:1018,0
DA:1021,0
DA:1022,0
DA:1024,0
DA:1026,0
DA:1030,0
DA:1038,0
DA:1039,0
DA:1062,0
DA:1063,0
DA:1073,25
DA:1074,0
DA:1075,0
DA:1076,0
DA:1078,0
DA:1098,0
DA:1105,0
DA:1106,0
DA:1115,25
DA:1116,0
DA:1117,0
DA:1118,0
DA:1120,0
DA:1144,0
DA:1145,0
DA:1154,25
DA:1155,0
DA:1156,0
DA:1157,0
DA:1159,0
DA:1189,0
DA:1190,0
DA:1199,25
DA:1200,0
DA:1201,0
DA:1203,0
DA:1249,0
DA:1250,0
DA:1258,25
LF:287
LH:21
BRDA:31,0,0,0
BRDA:31,0,1,0
BRDA:32,1,0,0
BRDA:32,1,1,0
BRDA:67,2,0,0
BRDA:67,2,1,0
BRDA:67,3,0,0
BRDA:67,3,1,0
BRDA:67,3,2,0
BRDA:67,3,3,0
BRDA:337,4,0,0
BRDA:337,4,1,0
BRDA:337,5,0,0
BRDA:337,5,1,0
BRDA:344,6,0,0
BRDA:344,6,1,0
BRDA:344,7,0,0
BRDA:344,7,1,0
BRDA:354,8,0,0
BRDA:354,8,1,0
BRDA:359,9,0,0
BRDA:359,9,1,0
BRDA:362,10,0,0
BRDA:362,10,1,0
BRDA:376,11,0,0
BRDA:376,11,1,0
BRDA:389,12,0,0
BRDA:389,12,1,0
BRDA:394,13,0,0
BRDA:394,13,1,0
BRDA:395,14,0,0
BRDA:395,14,1,0
BRDA:409,15,0,0
BRDA:409,15,1,0
BRDA:420,16,0,0
BRDA:420,16,1,0
BRDA:430,17,0,0
BRDA:430,17,1,0
BRDA:431,18,0,0
BRDA:431,18,1,0
BRDA:436,19,0,0
BRDA:436,19,1,0
BRDA:437,20,0,0
BRDA:437,20,1,0
BRDA:438,21,0,0
BRDA:438,21,1,0
BRDA:439,22,0,0
BRDA:439,22,1,0
BRDA:447,23,0,0
BRDA:447,23,1,0
BRDA:451,24,0,0
BRDA:451,24,1,0
BRDA:473,25,0,0
BRDA:473,25,1,0
BRDA:473,26,0,0
BRDA:473,26,1,0
BRDA:474,27,0,0
BRDA:474,27,1,0
BRDA:474,28,0,0
BRDA:474,28,1,0
BRDA:476,29,0,0
BRDA:476,29,1,0
BRDA:476,30,0,0
BRDA:476,30,1,0
BRDA:477,31,0,0
BRDA:477,31,1,0
BRDA:477,32,0,0
BRDA:477,32,1,0
BRDA:623,33,0,0
BRDA:623,33,1,0
BRDA:636,34,0,0
BRDA:636,34,1,0
BRDA:636,35,0,0
BRDA:636,35,1,0
BRDA:729,36,0,0
BRDA:729,36,1,0
BRDA:729,37,0,0
BRDA:729,37,1,0
BRDA:752,38,0,0
BRDA:752,38,1,0
BRDA:753,39,0,0
BRDA:753,39,1,0
BRDA:756,40,0,0
BRDA:756,40,1,0
BRDA:757,41,0,0
BRDA:757,41,1,0
BRDA:763,42,0,0
BRDA:763,42,1,0
BRDA:765,43,0,0
BRDA:765,43,1,0
BRDA:767,44,0,0
BRDA:767,44,1,0
BRDA:769,45,0,0
BRDA:769,45,1,0
BRDA:778,46,0,0
BRDA:778,46,1,0
BRDA:855,47,0,0
BRDA:856,48,0,0
BRDA:857,49,0,0
BRDA:858,50,0,0
BRDA:859,51,0,0
BRDA:860,52,0,0
BRDA:899,53,0,0
BRDA:899,53,1,0
BRDA:899,54,0,0
BRDA:899,54,1,0
BRDA:899,55,0,0
BRDA:899,55,1,0
BRDA:902,56,0,0
BRDA:902,56,1,0
BRDA:903,57,0,0
BRDA:903,57,1,0
BRDA:908,58,0,0
BRDA:908,58,1,0
BRDA:908,59,0,0
BRDA:908,59,1,0
BRDA:923,60,0,0
BRDA:923,60,1,0
BRDA:959,61,0,0
BRDA:959,61,1,0
BRDA:966,62,0,0
BRDA:966,62,1,0
BRDA:974,63,0,0
BRDA:974,63,1,0
BRDA:992,64,0,0
BRDA:992,64,1,0
BRDA:1008,65,0,0
BRDA:1008,65,1,0
BRDA:1013,66,0,0
BRDA:1013,66,1,0
BRDA:1017,67,0,0
BRDA:1017,67,1,0
BRDA:1021,68,0,0
BRDA:1021,68,1,0
BRDA:1037,69,0,0
BRDA:1037,69,1,0
BRDA:1038,70,0,0
BRDA:1038,70,1,0
BRDA:1039,71,0,0
BRDA:1039,71,1,0
BRDA:1040,72,0,0
BRDA:1040,72,1,0
BRDA:1040,73,0,0
BRDA:1040,73,1,0
BRDA:1047,74,0,0
BRDA:1047,74,1,0
BRDA:1048,75,0,0
BRDA:1048,75,1,0
BRDA:1201,76,0,0
BRDA:1208,77,0,0
BRDA:1208,77,1,0
BRDA:1209,78,0,0
BRDA:1209,78,1,0
BRDA:1219,79,0,0
BRDA:1219,79,1,0
BRDA:1220,80,0,0
BRDA:1220,80,1,0
BRDA:1230,81,0,0
BRDA:1230,81,1,0
BRDA:1231,82,0,0
BRDA:1231,82,1,0
BRF:161
BRH:0
end_of_record
TN:
SF:routes/analytics.js
FN:9,(anonymous_0)
FN:18,calculateCorrelation
FN:24,(anonymous_2)
FN:25,(anonymous_3)
FN:26,(anonymous_4)
FN:27,(anonymous_5)
FN:28,(anonymous_6)
FN:41,(anonymous_7)
FN:51,(anonymous_8)
FN:88,(anonymous_9)
FN:122,(anonymous_10)
FN:199,(anonymous_11)
FN:209,(anonymous_12)
FN:225,(anonymous_13)
FN:228,(anonymous_14)
FN:245,(anonymous_15)
FN:251,(anonymous_16)
FN:256,(anonymous_17)
FN:261,(anonymous_18)
FN:262,(anonymous_19)
FN:287,(anonymous_20)
FN:293,(anonymous_21)
FN:314,(anonymous_22)
FN:371,(anonymous_23)
FN:374,(anonymous_24)
FN:375,(anonymous_25)
FN:384,(anonymous_26)
FN:392,(anonymous_27)
FN:412,(anonymous_28)
FN:413,(anonymous_29)
FN:452,(anonymous_30)
FN:505,(anonymous_31)
FN:506,(anonymous_32)
FN:530,(anonymous_33)
FN:544,(anonymous_34)
FN:546,(anonymous_35)
FN:565,(anonymous_36)
FN:567,(anonymous_37)
FN:569,(anonymous_38)
FN:572,(anonymous_39)
FN:620,(anonymous_40)
FN:656,(anonymous_41)
FN:659,(anonymous_42)
FN:675,(anonymous_43)
FN:686,(anonymous_44)
FN:693,(anonymous_45)
FN:724,(anonymous_46)
FN:760,(anonymous_47)
FN:767,(anonymous_48)
FN:775,(anonymous_49)
FN:776,(anonymous_50)
FN:808,(anonymous_51)
FN:828,(anonymous_52)
FN:831,(anonymous_53)
FN:859,(anonymous_54)
FN:864,(anonymous_55)
FN:891,(anonymous_56)
FN:929,(anonymous_57)
FN:930,(anonymous_58)
FN:931,(anonymous_59)
FN:949,(anonymous_60)
FN:969,(anonymous_61)
FN:1005,(anonymous_62)
FN:1010,(anonymous_63)
FN:1011,(anonymous_64)
FN:1040,(anonymous_65)
FN:1061,(anonymous_66)
FN:1122,(anonymous_67)
FN:1210,(anonymous_68)
FN:1232,(anonymous_69)
FN:1233,(anonymous_70)
FN:1235,(anonymous_71)
FN:1248,(anonymous_72)
FN:1291,(anonymous_73)
FN:1316,(anonymous_74)
FN:1327,(anonymous_75)
FN:1344,(anonymous_76)
FN:1348,(anonymous_77)
FN:1349,(anonymous_78)
FN:1350,(anonymous_79)
FN:1351,(anonymous_80)
FN:1352,(anonymous_81)
FN:1364,(anonymous_82)
FN:1366,(anonymous_83)
FN:1366,(anonymous_84)
FN:1368,(anonymous_85)
FN:1372,(anonymous_86)
FN:1372,(anonymous_87)
FN:1383,(anonymous_88)
FN:1385,(anonymous_89)
FN:1386,(anonymous_90)
FN:1387,(anonymous_91)
FNF:92
FNH:0
FNDA:0,(anonymous_0)
FNDA:0,calculateCorrelation
FNDA:0,(anonymous_2)
FNDA:0,(anonymous_3)
FNDA:0,(anonymous_4)
FNDA:0,(anonymous_5)
FNDA:0,(anonymous_6)
FNDA:0,(anonymous_7)
FNDA:0,(anonymous_8)
FNDA:0,(anonymous_9)
FNDA:0,(anonymous_10)
FNDA:0,(anonymous_11)
FNDA:0,(anonymous_12)
FNDA:0,(anonymous_13)
FNDA:0,(anonymous_14)
FNDA:0,(anonymous_15)
FNDA:0,(anonymous_16)
FNDA:0,(anonymous_17)
FNDA:0,(anonymous_18)
FNDA:0,(anonymous_19)
FNDA:0,(anonymous_20)
FNDA:0,(anonymous_21)
FNDA:0,(anonymous_22)
FNDA:0,(anonymous_23)
FNDA:0,(anonymous_24)
FNDA:0,(anonymous_25)
FNDA:0,(anonymous_26)
FNDA:0,(anonymous_27)
FNDA:0,(anonymous_28)
FNDA:0,(anonymous_29)
FNDA:0,(anonymous_30)
FNDA:0,(anonymous_31)
FNDA:0,(anonymous_32)
FNDA:0,(anonymous_33)
FNDA:0,(anonymous_34)
FNDA:0,(anonymous_35)
FNDA:0,(anonymous_36)
FNDA:0,(anonymous_37)
FNDA:0,(anonymous_38)
FNDA:0,(anonymous_39)
FNDA:0,(anonymous_40)
FNDA:0,(anonymous_41)
FNDA:0,(anonymous_42)
FNDA:0,(anonymous_43)
FNDA:0,(anonymous_44)
FNDA:0,(anonymous_45)
FNDA:0,(anonymous_46)
FNDA:0,(anonymous_47)
FNDA:0,(anonymous_48)
FNDA:0,(anonymous_49)
FNDA:0,(anonymous_50)
FNDA:0,(anonymous_51)
FNDA:0,(anonymous_52)
FNDA:0,(anonymous_53)
FNDA:0,(anonymous_54)
FNDA:0,(anonymous_55)
FNDA:0,(anonymous_56)
FNDA:0,(anonymous_57)
FNDA:0,(anonymous_58)
FNDA:0,(anonymous_59)
FNDA:0,(anonymous_60)
FNDA:0,(anonymous_61)
FNDA:0,(anonymous_62)
FNDA:0,(anonymous_63)
FNDA:0,(anonymous_64)
FNDA:0,(anonymous_65)
FNDA:0,(anonymous_66)
FNDA:0,(anonymous_67)
FNDA:0,(anonymous_68)
FNDA:0,(anonymous_69)
FNDA:0,(anonymous_70)
FNDA:0,(anonymous_71)
FNDA:0,(anonymous_72)
FNDA:0,(anonymous_73)
FNDA:0,(anonymous_74)
FNDA:0,(anonymous_75)
FNDA:0,(anonymous_76)
FNDA:0,(anonymous_77)
FNDA:0,(anonymous_78)
FNDA:0,(anonymous_79)
FNDA:0,(anonymous_80)
FNDA:0,(anonymous_81)
FNDA:0,(anonymous_82)
FNDA:0,(anonymous_83)
FNDA:0,(anonymous_84)
FNDA:0,(anonymous_85)
FNDA:0,(anonymous_86)
FNDA:0,(anonymous_87)
FNDA:0,(anonymous_88)
FNDA:0,(anonymous_89)
FNDA:0,(anonymous_90)
FNDA:0,(anonymous_91)
DA:1,24
DA:3,24
DA:4,24
DA:6,24
DA:9,24
DA:10,0
DA:19,0
DA:20,0
DA:23,0
DA:24,0
DA:25,0
DA:26,0
DA:27,0
DA:28,0
DA:30,0
DA:31,0
DA:33,0
DA:34,0
DA:37,0
DA:41,24
DA:42,0
DA:51,24
DA:52,0
DA:85,24
DA:88,24
DA:89,0
DA:90,0
DA:93,0
DA:112,0
DA:113,0
DA:122,24
DA:123,0
DA:124,0
DA:125,0
DA:127,0
DA:130,0
DA:139,0
DA:142,0
DA:157,0
DA:158,0
DA:159,0
DA:170,0
DA:171,0
DA:185,0
DA:199,0
DA:209,0
DA:210,0
DA:211,0
DA:212,0
DA:213,0
DA:214,0
DA:216,0
DA:224,0
DA:225,0
DA:228,0
DA:229,0
DA:230,0
DA:231,0
DA:233,0
DA:234,0
DA:237,0
DA:238,0
DA:239,0
DA:241,0
DA:245,0
DA:246,0
DA:247,0
DA:250,0
DA:251,0
DA:254,0
DA:255,0
DA:256,0
DA:257,0
DA:258,0
DA:259,0
DA:261,0
DA:262,0
DA:263,0
DA:266,0
DA:268,0
DA:287,0
DA:293,0
DA:304,0
DA:305,0
DA:314,24
DA:315,0
DA:316,0
DA:317,0
DA:318,0
DA:321,0
DA:322,0
DA:330,0
DA:345,0
DA:359,0
DA:368,0
DA:370,0
DA:371,0
DA:374,0
DA:375,0
DA:376,0
DA:377,0
DA:380,0
DA:381,0
DA:382,0
DA:384,0
DA:385,0
DA:386,0
DA:387,0
DA:388,0
DA:392,0
DA:393,0
DA:394,0
DA:397,0
DA:398,0
DA:400,0
DA:411,0
DA:412,0
DA:413,0
DA:420,0
DA:442,0
DA:443,0
DA:452,24
DA:453,0
DA:454,0
DA:455,0
DA:462,0
DA:463,0
DA:464,0
DA:467,0
DA:483,0
DA:484,0
DA:485,0
DA:486,0
DA:488,0
DA:490,0
DA:491,0
DA:505,0
DA:506,0
DA:507,0
DA:508,0
DA:516,0
DA:518,0
DA:519,0
DA:523,0
DA:526,0
DA:527,0
DA:530,0
DA:531,0
DA:532,0
DA:533,0
DA:534,0
DA:535,0
DA:536,0
DA:537,0
DA:543,0
DA:544,0
DA:545,0
DA:546,0
DA:547,0
DA:548,0
DA:549,0
DA:551,0
DA:552,0
DA:559,0
DA:565,0
DA:566,0
DA:567,0
DA:569,0
DA:570,0
DA:572,0
DA:573,0
DA:576,0
DA:580,0
DA:584,0
DA:608,0
DA:609,0
DA:610,0
DA:620,24
DA:621,0
DA:622,0
DA:623,0
DA:624,0
DA:627,0
DA:640,0
DA:641,0
DA:655,0
DA:656,0
DA:659,0
DA:660,0
DA:661,0
DA:663,0
DA:664,0
DA:667,0
DA:668,0
DA:669,0
DA:671,0
DA:675,0
DA:685,0
DA:686,0
DA:687,0
DA:689,0
DA:693,0
DA:714,0
DA:715,0
DA:724,24
DA:725,0
DA:726,0
DA:727,0
DA:728,0
DA:731,0
DA:746,0
DA:760,0
DA:767,0
DA:775,0
DA:776,0
DA:777,0
DA:780,0
DA:798,0
DA:799,0
DA:808,24
DA:809,0
DA:810,0
DA:811,0
DA:814,0
DA:827,0
DA:828,0
DA:831,0
DA:832,0
DA:833,0
DA:834,0
DA:836,0
DA:837,0
DA:846,0
DA:847,0
DA:853,0
DA:855,0
DA:859,0
DA:860,0
DA:861,0
DA:862,0
DA:863,0
DA:864,0
DA:868,0
DA:881,0
DA:882,0
DA:891,24
DA:892,0
DA:893,0
DA:894,0
DA:895,0
DA:898,0
DA:912,0
DA:913,0
DA:929,0
DA:930,0
DA:931,0
DA:932,0
DA:933,0
DA:936,0
DA:937,0
DA:938,0
DA:940,0
DA:949,0
DA:959,0
DA:960,0
DA:969,24
DA:970,0
DA:971,0
DA:972,0
DA:973,0
DA:976,0
DA:989,0
DA:990,0
DA:1004,0
DA:1005,0
DA:1008,0
DA:1009,0
DA:1010,0
DA:1011,0
DA:1012,0
DA:1014,0
DA:1017,0
DA:1018,0
DA:1020,0
DA:1021,0
DA:1022,0
DA:1023,0
DA:1024,0
DA:1025,0
DA:1026,0
DA:1027,0
DA:1028,0
DA:1031,0
DA:1040,0
DA:1051,0
DA:1052,0
DA:1061,24
DA:1062,0
DA:1063,0
DA:1064,0
DA:1065,0
DA:1067,0
DA:1068,0
DA:1076,0
DA:1078,0
DA:1080,0
DA:1081,0
DA:1090,0
DA:1091,0
DA:1101,0
DA:1102,0
DA:1109,0
DA:1113,0
DA:1114,0
DA:1121,0
DA:1122,0
DA:1123,0
DA:1135,0
DA:1136,0
DA:1137,0
DA:1147,0
DA:1154,0
DA:1155,0
DA:1167,0
DA:1174,0
DA:1175,0
DA:1182,0
DA:1186,0
DA:1193,0
DA:1200,0
DA:1201,0
DA:1210,24
DA:1211,0
DA:1212,0
DA:1213,0
DA:1216,0
DA:1231,0
DA:1232,0
DA:1233,0
DA:1234,0
DA:1235,0
DA:1237,0
DA:1249,0
DA:1250,0
DA:1274,0
DA:1281,0
DA:1282,0
DA:1291,24
DA:1292,0
DA:1294,0
DA:1295,0
DA:1297,0
DA:1303,0
DA:1304,0
DA:1316,0
DA:1318,0
DA:1319,0
DA:1327,0
DA:1328,0
DA:1335,0
DA:1336,0
DA:1337,0
DA:1340,0
DA:1344,0
DA:1345,0
DA:1347,0
DA:1348,0
DA:1349,0
DA:1350,0
DA:1351,0
DA:1352,0
DA:1354,0
DA:1355,0
DA:1357,0
DA:1361,0
DA:1362,0
DA:1364,0
DA:1365,0
DA:1366,0
DA:1368,0
DA:1369,0
DA:1370,0
DA:1372,0
DA:1373,0
DA:1374,0
DA:1375,0
DA:1376,0
DA:1383,0
DA:1384,0
DA:1385,0
DA:1386,0
DA:1387,0
DA:1389,0
DA:1401,0
DA:1408,0
DA:1409,0
DA:1417,24
LF:397
LH:21
BRDA:19,0,0,0
BRDA:19,0,1,0
BRDA:19,1,0,0
BRDA:19,1,1,0
BRDA:19,1,2,0
BRDA:19,1,3,0
BRDA:33,2,0,0
BRDA:33,2,1,0
BRDA:125,3,0,0
BRDA:125,4,0,0
BRDA:139,5,0,0
BRDA:139,5,1,0
BRDA:201,6,0,0
BRDA:201,6,1,0
BRDA:202,7,0,0
BRDA:202,7,1,0
BRDA:203,8,0,0
BRDA:203,8,1,0
BRDA:204,9,0,0
BRDA:204,9,1,0
BRDA:205,10,0,0
BRDA:205,10,1,0
BRDA:211,11,0,0
BRDA:211,11,1,0
BRDA:229,12,0,0
BRDA:229,12,1,0
BRDA:233,13,0,0
BRDA:233,13,1,0
BRDA:250,14,0,0
BRDA:250,14,1,0
BRDA:255,15,0,0
BRDA:255,15,1,0
BRDA:259,16,0,0
BRDA:259,16,1,0
BRDA:266,17,0,0
BRDA:266,17,1,0
BRDA:316,18,0,0
BRDA:316,18,1,0
BRDA:317,19,0,0
BRDA:321,20,0,0
BRDA:321,20,1,0
BRDA:321,21,0,0
BRDA:321,21,1,0
BRDA:370,22,0,0
BRDA:370,22,1,0
BRDA:371,23,0,0
BRDA:371,23,1,0
BRDA:386,24,0,0
BRDA:386,24,1,0
BRDA:388,25,0,0
BRDA:388,25,1,0
BRDA:394,26,0,0
BRDA:394,26,1,0
BRDA:398,27,0,0
BRDA:398,27,1,0
BRDA:406,28,0,0
BRDA:406,28,1,0
BRDA:406,29,0,0
BRDA:406,29,1,0
BRDA:417,30,0,0
BRDA:417,30,1,0
BRDA:428,31,0,0
BRDA:428,31,1,0
BRDA:432,32,0,0
BRDA:432,32,1,0
BRDA:432,33,0,0
BRDA:432,33,1,0
BRDA:434,34,0,0
BRDA:434,34,1,0
BRDA:454,35,0,0
BRDA:454,35,1,0
BRDA:454,36,0,0
BRDA:454,36,1,0
BRDA:463,37,0,0
BRDA:463,38,0,0
BRDA:484,39,0,0
BRDA:484,39,1,0
BRDA:490,40,0,0
BRDA:490,40,1,0
BRDA:531,41,0,0
BRDA:531,41,1,0
BRDA:547,42,0,0
BRDA:547,42,1,0
BRDA:547,43,0,0
BRDA:547,43,1,0
BRDA:551,44,0,0
BRDA:551,44,1,0
BRDA:551,45,0,0
BRDA:551,45,1,0
BRDA:559,46,0,0
BRDA:559,46,1,0
BRDA:565,47,0,0
BRDA:565,47,1,0
BRDA:566,48,0,0
BRDA:566,48,1,0
BRDA:570,49,0,0
BRDA:570,49,1,0
BRDA:573,50,0,0
BRDA:573,50,1,0
BRDA:591,51,0,0
BRDA:591,51,1,0
BRDA:594,52,0,0
BRDA:594,52,1,0
BRDA:614,53,0,0
BRDA:614,53,1,0
BRDA:623,54,0,0
BRDA:640,55,0,0
BRDA:640,55,1,0
BRDA:660,56,0,0
BRDA:660,56,1,0
BRDA:663,57,0,0
BRDA:663,57,1,0
BRDA:678,58,0,0
BRDA:678,58,1,0
BRDA:727,59,0,0
BRDA:762,60,0,0
BRDA:762,60,1,0
BRDA:763,61,0,0
BRDA:763,61,1,0
BRDA:764,62,0,0
BRDA:764,62,1,0
BRDA:770,63,0,0
BRDA:770,63,1,0
BRDA:771,64,0,0
BRDA:771,64,1,0
BRDA:775,65,0,0
BRDA:775,65,1,0
BRDA:776,66,0,0
BRDA:776,66,1,0
BRDA:777,67,0,0
BRDA:777,67,1,0
BRDA:778,68,0,0
BRDA:778,68,1,0
BRDA:832,69,0,0
BRDA:832,69,1,0
BRDA:834,70,0,0
BRDA:834,70,1,0
BRDA:836,71,0,0
BRDA:836,71,1,0
BRDA:863,72,0,0
BRDA:863,72,1,0
BRDA:894,73,0,0
BRDA:912,74,0,0
BRDA:912,74,1,0
BRDA:929,75,0,0
BRDA:929,75,1,0
BRDA:937,76,0,0
BRDA:937,76,1,0
BRDA:938,77,0,0
BRDA:938,77,1,0
BRDA:951,78,0,0
BRDA:951,78,1,0
BRDA:972,79,0,0
BRDA:989,80,0,0
BRDA:989,80,1,0
BRDA:1005,81,0,0
BRDA:1005,81,1,0
BRDA:1020,82,0,0
BRDA:1020,82,1,0
BRDA:1022,83,0,0
BRDA:1022,83,1,0
BRDA:1023,84,0,0
BRDA:1023,84,1,0
BRDA:1025,85,0,0
BRDA:1025,85,1,0
BRDA:1026,86,0,0
BRDA:1026,86,1,0
BRDA:1028,87,0,0
BRDA:1028,87,1,0
BRDA:1042,88,0,0
BRDA:1042,88,1,0
BRDA:1043,89,0,0
BRDA:1043,89,1,0
BRDA:1064,90,0,0
BRDA:1064,91,0,0
BRDA:1067,92,0,0
BRDA:1067,92,1,0
BRDA:1078,93,0,0
BRDA:1078,93,1,0
BRDA:1078,93,2,0
BRDA:1088,94,0,0
BRDA:1088,94,1,0
BRDA:1088,94,2,0
BRDA:1094,95,0,0
BRDA:1094,95,1,0
BRDA:1095,96,0,0
BRDA:1095,96,1,0
BRDA:1096,97,0,0
BRDA:1096,97,1,0
BRDA:1106,98,0,0
BRDA:1106,98,1,0
BRDA:1113,99,0,0
BRDA:1113,99,1,0
BRDA:1133,100,0,0
BRDA:1133,100,1,0
BRDA:1133,100,2,0
BRDA:1135,101,0,0
BRDA:1135,101,1,0
BRDA:1139,102,0,0
BRDA:1139,102,1,0
BRDA:1140,103,0,0
BRDA:1140,103,1,0
BRDA:1141,104,0,0
BRDA:1141,104,1,0
BRDA:1142,105,0,0
BRDA:1142,105,1,0
BRDA:1143,106,0,0
BRDA:1143,106,1,0
BRDA:1154,107,0,0
BRDA:1154,107,1,0
BRDA:1158,108,0,0
BRDA:1158,108,1,0
BRDA:1179,109,0,0
BRDA:1179,109,1,0
BRDA:1212,110,0,0
BRDA:1212,111,0,0
BRDA:1229,112,0,0
BRDA:1229,112,1,0
BRDA:1229,112,2,0
BRDA:1232,113,0,0
BRDA:1232,113,1,0
BRDA:1233,114,0,0
BRDA:1233,114,1,0
BRDA:1234,115,0,0
BRDA:1234,115,1,0
BRDA:1235,116,0,0
BRDA:1235,116,1,0
BRDA:1249,117,0,0
BRDA:1249,117,1,0
BRDA:1249,118,0,0
BRDA:1249,118,1,0
BRDA:1253,119,0,0
BRDA:1253,119,1,0
BRDA:1254,120,0,0
BRDA:1254,120,1,0
BRDA:1255,121,0,0
BRDA:1255,121,1,0
BRDA:1257,122,0,0
BRDA:1257,122,1,0
BRDA:1294,123,0,0
BRDA:1294,123,1,0
BRDA:1295,124,0,0
BRDA:1295,124,1,0
BRDA:1295,125,0,0
BRDA:1295,125,1,0
BRDA:1295,126,0,0
BRDA:1295,126,1,0
BRDA:1295,127,0,0
BRDA:1295,127,1,0
BRDA:1301,128,0,0
BRDA:1301,128,1,0
BRDA:1301,128,2,0
BRDA:1303,129,0,0
BRDA:1303,129,1,0
BRDA:1318,130,0,0
BRDA:1318,130,1,0
BRDA:1335,131,0,0
BRDA:1335,131,1,0
BRDA:1345,132,0,0
BRDA:1345,132,1,0
BRDA:1345,133,0,0
BRDA:1345,133,1,0
BRDA:1357,134,0,0
BRDA:1357,134,1,0
BRDA:1366,135,0,0
BRDA:1366,135,1,0
BRDA:1369,136,0,0
BRDA:1369,136,1,0
BRDA:1372,137,0,0
BRDA:1372,137,1,0
BRDA:1375,138,0,0
BRDA:1375,138,1,0
BRDA:1383,139,0,0
BRDA:1383,139,1,0
BRDA:1384,140,0,0
BRDA:1384,140,1,0
BRDA:1386,141,0,0
BRDA:1386,141,1,0
BRDA:1387,142,0,0
BRDA:1387,142,1,0
BRF:280
BRH:0
end_of_record
TN:
SF:routes/auth.js
FN:23,(anonymous_0)
FN:114,(anonymous_1)
FN:196,(anonymous_2)
FN:252,(anonymous_3)
FN:298,(anonymous_4)
FN:335,(anonymous_5)
FN:387,(anonymous_6)
FN:438,(anonymous_7)
FN:532,(anonymous_8)
FN:539,(anonymous_9)
FNF:10
FNH:0
FNDA:0,(anonymous_0)
FNDA:0,(anonymous_1)
FNDA:0,(anonymous_2)
FNDA:0,(anonymous_3)
FNDA:0,(anonymous_4)
FNDA:0,(anonymous_5)
FNDA:0,(anonymous_6)
FNDA:0,(anonymous_7)
FNDA:0,(anonymous_8)
FNDA:0,(anonymous_9)
DA:1,24
DA:10,24
DA:12,24
DA:14,24
DA:17,24
DA:23,24
DA:24,0
DA:25,0
DA:27,0
DA:28,0
DA:32,0
DA:33,0
DA:36,0
DA:37,0
DA:38,0
DA:40,0
DA:51,0
DA:57,0
DA:67,0
DA:70,0
DA:79,0
DA:81,0
DA:83,0
DA:91,0
DA:99,0
DA:101,0
DA:102,0
DA:105,0
DA:106,0
DA:109,0
DA:114,24
DA:115,0
DA:117,0
DA:118,0
DA:121,0
DA:123,0
DA:124,0
DA:125,0
DA:127,0
DA:139,0
DA:145,0
DA:154,0
DA:161,0
DA:163,0
DA:170,0
DA:172,0
DA:174,0
DA:182,0
DA:190,0
DA:191,0
DA:196,24
DA:197,0
DA:198,0
DA:200,0
DA:201,0
DA:205,0
DA:206,0
DA:209,0
DA:217,0
DA:228,0
DA:230,0
DA:236,0
DA:238,0
DA:239,0
DA:242,0
DA:243,0
DA:246,0
DA:252,24
DA:253,0
DA:254,0
DA:256,0
DA:257,0
DA:261,0
DA:262,0
DA:265,0
DA:266,0
DA:271,0
DA:275,0
DA:281,0
DA:283,0
DA:287,0
DA:289,0
DA:290,0
DA:293,0
DA:298,24
DA:299,0
DA:300,0
DA:302,0
DA:303,0
DA:307,0
DA:308,0
DA:311,0
DA:317,0
DA:322,0
DA:324,0
DA:329,0
DA:330,0
DA:335,24
DA:336,0
DA:338,0
DA:339,0
DA:342,0
DA:344,0
DA:345,0
DA:348,0
DA:349,0
DA:354,0
DA:362,0
DA:364,0
DA:365,0
DA:368,0
DA:375,0
DA:377,0
DA:381,0
DA:382,0
DA:387,24
DA:389,0
DA:390,0
DA:393,0
DA:395,0
DA:396,0
DA:399,0
DA:400,0
DA:405,0
DA:414,0
DA:416,0
DA:417,0
DA:420,0
DA:421,0
DA:428,0
DA:429,0
DA:433,0
DA:434,0
DA:438,24
DA:440,0
DA:441,0
DA:444,0
DA:446,0
DA:447,0
DA:448,0
DA:450,0
DA:462,0
DA:468,0
DA:481,0
DA:489,0
DA:491,0
DA:492,0
DA:495,0
DA:496,0
DA:503,0
DA:505,0
DA:506,0
DA:514,0
DA:515,0
DA:521,0
DA:526,0
DA:527,0
DA:532,24
DA:533,0
DA:539,24
DA:540,0
DA:554,24
LF:162
LH:16
BRDA:19,0,0,24
BRDA:19,0,1,0
BRDA:19,0,2,0
BRDA:27,1,0,0
BRDA:27,1,1,0
BRDA:27,2,0,0
BRDA:27,2,1,0
BRDA:32,3,0,0
BRDA:32,3,1,0
BRDA:36,4,0,0
BRDA:36,4,1,0
BRDA:36,5,0,0
BRDA:36,5,1,0
BRDA:36,5,2,0
BRDA:38,6,0,0
BRDA:38,6,1,0
BRDA:43,7,0,0
BRDA:43,7,1,0
BRDA:81,8,0,0
BRDA:81,8,1,0
BRDA:101,9,0,0
BRDA:101,9,1,0
BRDA:105,10,0,0
BRDA:105,10,1,0
BRDA:117,11,0,0
BRDA:117,11,1,0
BRDA:123,12,0,0
BRDA:123,12,1,0
BRDA:123,13,0,0
BRDA:123,13,1,0
BRDA:125,14,0,0
BRDA:125,14,1,0
BRDA:172,15,0,0
BRDA:172,15,1,0
BRDA:200,16,0,0
BRDA:200,16,1,0
BRDA:200,17,0,0
BRDA:200,17,1,0
BRDA:200,17,2,0
BRDA:205,18,0,0
BRDA:205,18,1,0
BRDA:223,19,0,0
BRDA:223,19,1,0
BRDA:224,20,0,0
BRDA:224,20,1,0
BRDA:238,21,0,0
BRDA:238,21,1,0
BRDA:242,22,0,0
BRDA:242,22,1,0
BRDA:256,23,0,0
BRDA:256,23,1,0
BRDA:256,24,0,0
BRDA:256,24,1,0
BRDA:261,25,0,0
BRDA:261,25,1,0
BRDA:265,26,0,0
BRDA:265,26,1,0
BRDA:289,27,0,0
BRDA:289,27,1,0
BRDA:302,28,0,0
BRDA:302,28,1,0
BRDA:307,29,0,0
BRDA:307,29,1,0
BRDA:338,30,0,0
BRDA:338,30,1,0
BRDA:344,31,0,0
BRDA:344,31,1,0
BRDA:344,32,0,0
BRDA:344,32,1,0
BRDA:344,32,2,0
BRDA:348,33,0,0
BRDA:348,33,1,0
BRDA:364,34,0,0
BRDA:364,34,1,0
BRDA:364,35,0,0
BRDA:364,35,1,0
BRDA:364,35,2,0
BRDA:389,36,0,0
BRDA:389,36,1,0
BRDA:395,37,0,0
BRDA:395,37,1,0
BRDA:395,38,0,0
BRDA:395,38,1,0
BRDA:395,38,2,0
BRDA:399,39,0,0
BRDA:399,39,1,0
BRDA:416,40,0,0
BRDA:416,40,1,0
BRDA:416,41,0,0
BRDA:416,41,1,0
BRDA:416,41,2,0
BRDA:434,42,0,0
BRDA:434,42,1,0
BRDA:440,43,0,0
BRDA:440,43,1,0
BRDA:446,44,0,0
BRDA:446,44,1,0
BRDA:446,45,0,0
BRDA:446,45,1,0
BRDA:448,46,0,0
BRDA:448,46,1,0
BRDA:491,47,0,0
BRDA:491,47,1,0
BRDA:491,48,0,0
BRDA:491,48,1,0
BRDA:500,49,0,0
BRDA:500,49,1,0
BRDA:505,50,0,0
BRDA:505,50,1,0
BRDA:512,51,0,0
BRDA:512,51,1,0
BRDA:514,52,0,0
BRDA:514,52,1,0
BRDA:527,53,0,0
BRDA:527,53,1,0
BRDA:544,54,0,0
BRDA:544,54,1,0
BRDA:547,55,0,0
BRDA:547,55,1,0
BRDA:549,56,0,0
BRDA:549,56,1,0
BRDA:549,56,2,0
BRF:122
BRH:1
end_of_record
TN:
SF:routes/backtest.js
FN:16,(anonymous_0)
FN:67,(anonymous_1)
FN:144,(anonymous_2)
FN:167,(anonymous_3)
FN:205,(anonymous_4)
FN:260,(anonymous_5)
FN:297,(anonymous_6)
FN:315,(anonymous_7)
FN:320,(anonymous_8)
FN:339,(anonymous_9)
FN:345,(anonymous_10)
FN:356,(anonymous_11)
FN:358,(anonymous_12)
FN:380,(anonymous_13)
FN:381,(anonymous_14)
FN:387,(anonymous_15)
FN:391,(anonymous_16)
FN:420,(anonymous_17)
FN:449,(anonymous_18)
FN:485,(anonymous_19)
FN:493,(anonymous_20)
FN:499,(anonymous_21)
FN:500,(anonymous_22)
FN:513,(anonymous_23)
FN:514,(anonymous_24)
FN:541,(anonymous_25)
FN:554,(anonymous_26)
FN:567,(anonymous_27)
FN:578,(anonymous_28)
FN:582,(anonymous_29)
FN:590,(anonymous_30)
FN:596,(anonymous_31)
FN:602,getHistoricalData
FN:631,(anonymous_33)
FN:659,(anonymous_34)
FN:780,(anonymous_35)
FN:807,(anonymous_36)
FN:863,(anonymous_37)
FN:875,(anonymous_38)
FN:882,(anonymous_39)
FN:891,(anonymous_40)
FN:929,(anonymous_41)
FN:949,(anonymous_42)
FN:983,(anonymous_43)
FN:1006,(anonymous_44)
FN:1031,(anonymous_45)
FN:1067,(anonymous_46)
FN:1104,(anonymous_47)
FN:1112,(anonymous_48)
FN:1143,(anonymous_49)
FN:1172,(anonymous_50)
FNF:51
FNH:0
FNDA:0,(anonymous_0)
FNDA:0,(anonymous_1)
FNDA:0,(anonymous_2)
FNDA:0,(anonymous_3)
FNDA:0,(anonymous_4)
FNDA:0,(anonymous_5)
FNDA:0,(anonymous_6)
FNDA:0,(anonymous_7)
FNDA:0,(anonymous_8)
FNDA:0,(anonymous_9)
FNDA:0,(anonymous_10)
FNDA:0,(anonymous_11)
FNDA:0,(anonymous_12)
FNDA:0,(anonymous_13)
FNDA:0,(anonymous_14)
FNDA:0,(anonymous_15)
FNDA:0,(anonymous_16)
FNDA:0,(anonymous_17)
FNDA:0,(anonymous_18)
FNDA:0,(anonymous_19)
FNDA:0,(anonymous_20)
FNDA:0,(anonymous_21)
FNDA:0,(anonymous_22)
FNDA:0,(anonymous_23)
FNDA:0,(anonymous_24)
FNDA:0,(anonymous_25)
FNDA:0,(anonymous_26)
FNDA:0,(anonymous_27)
FNDA:0,(anonymous_28)
FNDA:0,(anonymous_29)
FNDA:0,(anonymous_30)
FNDA:0,(anonymous_31)
FNDA:0,getHistoricalData
FNDA:0,(anonymous_33)
FNDA:0,(anonymous_34)
FNDA:0,(anonymous_35)
FNDA:0,(anonymous_36)
FNDA:0,(anonymous_37)
FNDA:0,(anonymous_38)
FNDA:0,(anonymous_39)
FNDA:0,(anonymous_40)
FNDA:0,(anonymous_41)
FNDA:0,(anonymous_42)
FNDA:0,(anonymous_43)
FNDA:0,(anonymous_44)
FNDA:0,(anonymous_45)
FNDA:0,(anonymous_46)
FNDA:0,(anonymous_47)
FNDA:0,(anonymous_48)
FNDA:0,(anonymous_49)
FNDA:0,(anonymous_50)
DA:1,24
DA:2,24
DA:4,24
DA:6,24
DA:7,24
DA:8,24
DA:10,24
DA:13,24
DA:16,24
DA:17,0
DA:18,0
DA:20,0
DA:23,0
DA:26,0
DA:27,0
DA:62,0
DA:63,0
DA:67,0
DA:72,0
DA:73,0
DA:87,0
DA:88,0
DA:97,0
DA:132,0
DA:133,0
DA:145,0
DA:156,0
DA:157,0
DA:158,0
DA:161,0
DA:162,0
DA:163,0
DA:169,0
DA:186,0
DA:189,0
DA:198,0
DA:200,0
DA:206,0
DA:207,0
DA:211,0
DA:213,0
DA:214,0
DA:217,0
DA:218,0
DA:220,0
DA:222,0
DA:226,0
DA:234,0
DA:244,0
DA:246,0
DA:256,0
DA:261,0
DA:262,0
DA:264,0
DA:265,0
DA:266,0
DA:269,0
DA:270,0
DA:272,0
DA:274,0
DA:275,0
DA:277,0
DA:282,0
DA:293,0
DA:298,0
DA:299,0
DA:300,0
DA:301,0
DA:302,0
DA:304,0
DA:305,0
DA:306,0
DA:307,0
DA:308,0
DA:309,0
DA:316,0
DA:321,0
DA:322,0
DA:323,0
DA:324,0
DA:325,0
DA:326,0
DA:327,0
DA:330,0
DA:340,0
DA:341,0
DA:344,0
DA:345,0
DA:347,0
DA:348,0
DA:349,0
DA:352,0
DA:354,0
DA:356,0
DA:358,0
DA:360,0
DA:363,0
DA:366,0
DA:367,0
DA:368,0
DA:370,0
DA:371,0
DA:372,0
DA:374,0
DA:375,0
DA:376,0
DA:380,0
DA:381,0
DA:382,0
DA:383,0
DA:386,0
DA:387,0
DA:390,0
DA:391,0
DA:393,0
DA:395,0
DA:420,24
DA:421,0
DA:449,24
DA:450,0
DA:457,0
DA:460,0
DA:461,0
DA:464,0
DA:465,0
DA:470,0
DA:471,0
DA:475,0
DA:482,0
DA:485,0
DA:486,0
DA:489,0
DA:490,0
DA:493,0
DA:494,0
DA:498,0
DA:499,0
DA:500,0
DA:503,0
DA:506,0
DA:507,0
DA:510,0
DA:511,0
DA:513,0
DA:514,0
DA:515,0
DA:516,0
DA:517,0
DA:522,0
DA:523,0
DA:525,0
DA:529,0
DA:533,0
DA:536,0
DA:541,0
DA:548,0
DA:549,0
DA:554,24
DA:555,0
DA:556,0
DA:557,0
DA:560,0
DA:561,0
DA:563,0
DA:568,0
DA:569,0
DA:570,0
DA:572,0
DA:578,24
DA:579,0
DA:582,24
DA:583,0
DA:584,0
DA:585,0
DA:586,0
DA:587,0
DA:590,24
DA:591,0
DA:592,0
DA:593,0
DA:596,24
DA:597,0
DA:598,0
DA:603,0
DA:604,0
DA:619,0
DA:620,0
DA:621,0
DA:623,0
DA:625,0
DA:626,0
DA:631,24
DA:632,0
DA:633,0
DA:635,0
DA:643,0
DA:645,0
DA:646,0
DA:649,0
DA:653,0
DA:654,0
DA:659,24
DA:660,0
DA:661,0
DA:772,0
DA:774,0
DA:775,0
DA:780,24
DA:781,0
DA:782,0
DA:784,0
DA:785,0
DA:789,0
DA:791,0
DA:792,0
DA:794,0
DA:801,0
DA:802,0
DA:807,24
DA:808,0
DA:809,0
DA:812,0
DA:846,0
DA:853,0
DA:854,0
DA:863,24
DA:864,0
DA:865,0
DA:866,0
DA:869,0
DA:871,0
DA:874,0
DA:875,0
DA:876,0
DA:881,0
DA:882,0
DA:883,0
DA:888,0
DA:891,0
DA:906,0
DA:919,0
DA:920,0
DA:929,24
DA:930,0
DA:931,0
DA:934,0
DA:936,0
DA:943,0
DA:944,0
DA:949,24
DA:950,0
DA:951,0
DA:953,0
DA:956,0
DA:957,0
DA:969,0
DA:971,0
DA:977,0
DA:978,0
DA:983,24
DA:984,0
DA:985,0
DA:986,0
DA:989,0
DA:991,0
DA:992,0
DA:995,0
DA:1000,0
DA:1001,0
DA:1006,24
DA:1007,0
DA:1008,0
DA:1009,0
DA:1012,0
DA:1014,0
DA:1015,0
DA:1021,0
DA:1025,0
DA:1026,0
DA:1031,24
DA:1032,0
DA:1040,0
DA:1042,0
DA:1044,0
DA:1045,0
DA:1055,0
DA:1056,0
DA:1058,0
DA:1067,0
DA:1068,0
DA:1076,0
DA:1087,0
DA:1088,0
DA:1098,0
DA:1099,0
DA:1101,0
DA:1103,0
DA:1104,0
DA:1105,0
DA:1106,0
DA:1107,0
DA:1111,0
DA:1112,0
DA:1113,0
DA:1114,0
DA:1118,0
DA:1119,0
DA:1122,0
DA:1123,0
DA:1127,0
DA:1128,0
DA:1129,0
DA:1132,0
DA:1143,0
DA:1144,0
DA:1145,0
DA:1147,0
DA:1150,0
DA:1172,0
DA:1198,0
DA:1205,0
DA:1218,0
DA:1219,0
DA:1228,24
LF:324
LH:27
BRDA:26,0,0,0
BRDA:26,0,1,0
BRDA:26,1,0,0
BRDA:26,1,1,0
BRDA:62,2,0,0
BRDA:62,2,1,0
BRDA:72,3,0,0
BRDA:72,3,1,0
BRDA:78,4,0,0
BRDA:78,4,1,0
BRDA:87,5,0,0
BRDA:87,5,1,0
BRDA:104,6,0,0
BRDA:104,6,1,0
BRDA:105,7,0,0
BRDA:105,7,1,0
BRDA:106,8,0,0
BRDA:106,8,1,0
BRDA:107,9,0,0
BRDA:107,9,1,0
BRDA:108,10,0,0
BRDA:108,10,1,0
BRDA:111,11,0,0
BRDA:111,11,1,0
BRDA:112,12,0,0
BRDA:112,12,1,0
BRDA:113,13,0,0
BRDA:113,13,1,0
BRDA:114,14,0,0
BRDA:114,14,1,0
BRDA:115,15,0,0
BRDA:115,15,1,0
BRDA:116,16,0,0
BRDA:116,16,1,0
BRDA:146,17,0,0
BRDA:146,17,1,0
BRDA:147,18,0,0
BRDA:147,18,1,0
BRDA:148,19,0,0
BRDA:148,19,1,0
BRDA:149,20,0,0
BRDA:149,20,1,0
BRDA:205,21,0,0
BRDA:205,22,0,0
BRDA:205,23,0,0
BRDA:206,24,0,0
BRDA:206,24,1,0
BRDA:213,25,0,0
BRDA:213,25,1,0
BRDA:218,26,0,0
BRDA:218,26,1,0
BRDA:230,27,0,0
BRDA:230,27,1,0
BRDA:231,28,0,0
BRDA:231,28,1,0
BRDA:260,29,0,0
BRDA:260,30,0,0
BRDA:261,31,0,0
BRDA:261,31,1,0
BRDA:265,32,0,0
BRDA:265,32,1,0
BRDA:265,33,0,0
BRDA:265,33,1,0
BRDA:274,34,0,0
BRDA:274,34,1,0
BRDA:291,35,0,0
BRDA:291,35,1,0
BRDA:302,36,0,0
BRDA:302,36,1,0
BRDA:305,37,0,0
BRDA:305,37,1,0
BRDA:305,38,0,0
BRDA:305,38,1,0
BRDA:307,39,0,0
BRDA:307,39,1,0
BRDA:307,40,0,0
BRDA:307,40,1,0
BRDA:316,41,0,0
BRDA:316,41,1,0
BRDA:325,42,0,0
BRDA:325,42,1,0
BRDA:340,43,0,0
BRDA:340,43,1,0
BRDA:363,44,0,0
BRDA:363,44,1,0
BRDA:371,45,0,0
BRDA:371,45,1,0
BRDA:380,46,0,0
BRDA:380,46,1,0
BRDA:381,47,0,0
BRDA:381,47,1,0
BRDA:383,48,0,0
BRDA:383,48,1,0
BRDA:387,49,0,0
BRDA:387,49,1,0
BRDA:391,50,0,0
BRDA:391,50,1,0
BRDA:393,51,0,0
BRDA:393,51,1,0
BRDA:453,52,0,0
BRDA:454,53,0,0
BRDA:460,54,0,0
BRDA:460,54,1,0
BRDA:464,55,0,0
BRDA:464,55,1,0
BRDA:464,56,0,0
BRDA:464,56,1,0
BRDA:470,57,0,0
BRDA:470,57,1,0
BRDA:515,58,0,0
BRDA:515,58,1,0
BRDA:556,59,0,0
BRDA:556,59,1,0
BRDA:569,60,0,0
BRDA:569,60,1,0
BRDA:584,61,0,0
BRDA:584,61,1,0
BRDA:584,62,0,0
BRDA:584,62,1,0
BRDA:592,63,0,0
BRDA:592,63,1,0
BRDA:620,64,0,0
BRDA:620,64,1,0
BRDA:620,65,0,0
BRDA:620,65,1,0
BRDA:620,65,2,0
BRDA:633,66,0,0
BRDA:633,67,0,0
BRDA:645,68,0,0
BRDA:645,68,1,0
BRDA:645,69,0,0
BRDA:645,69,1,0
BRDA:645,69,2,0
BRDA:784,70,0,0
BRDA:784,70,1,0
BRDA:865,71,0,0
BRDA:866,72,0,0
BRDA:866,72,1,0
BRDA:874,73,0,0
BRDA:874,73,1,0
BRDA:876,74,0,0
BRDA:876,74,1,0
BRDA:881,75,0,0
BRDA:881,75,1,0
BRDA:894,76,0,0
BRDA:894,76,1,0
BRDA:895,77,0,0
BRDA:895,77,1,0
BRDA:896,78,0,0
BRDA:896,78,1,0
BRDA:897,79,0,0
BRDA:897,79,1,0
BRDA:898,80,0,0
BRDA:898,80,1,0
BRDA:899,81,0,0
BRDA:899,81,1,0
BRDA:900,82,0,0
BRDA:900,82,1,0
BRDA:902,83,0,0
BRDA:902,83,1,0
BRDA:902,83,2,0
BRDA:903,84,0,0
BRDA:903,84,1,0
BRDA:912,85,0,0
BRDA:912,85,1,0
BRDA:913,86,0,0
BRDA:913,86,1,0
BRDA:959,87,0,0
BRDA:959,87,1,0
BRDA:960,88,0,0
BRDA:960,88,1,0
BRDA:961,89,0,0
BRDA:961,89,1,0
BRDA:962,90,0,0
BRDA:962,90,1,0
BRDA:963,91,0,0
BRDA:963,91,1,0
BRDA:991,92,0,0
BRDA:991,92,1,0
BRDA:1014,93,0,0
BRDA:1014,93,1,0
BRDA:1035,94,0,0
BRDA:1036,95,0,0
BRDA:1037,96,0,0
BRDA:1038,97,0,0
BRDA:1039,98,0,0
BRDA:1044,99,0,0
BRDA:1044,99,1,0
BRDA:1123,100,0,0
BRDA:1123,100,1,0
BRDA:1127,101,0,0
BRDA:1127,101,1,0
BRDA:1144,102,0,0
BRDA:1144,102,1,0
BRDA:1159,103,0,0
BRDA:1159,103,1,0
BRDA:1160,104,0,0
BRDA:1160,104,1,0
BRDA:1163,105,0,0
BRDA:1163,105,1,0
BRDA:1180,106,0,0
BRDA:1180,106,1,0
BRF:202
BRH:0
end_of_record
TN:
SF:routes/calendar.js
FN:8,(anonymous_0)
FN:19,(anonymous_1)
FN:29,(anonymous_2)
FN:111,(anonymous_3)
FN:138,(anonymous_4)
FN:177,(anonymous_5)
FN:195,(anonymous_6)
FN:203,(anonymous_7)
FN:212,(anonymous_8)
FN:226,(anonymous_9)
FN:236,(anonymous_10)
FN:237,(anonymous_11)
FN:238,(anonymous_12)
FN:269,(anonymous_13)
FN:325,(anonymous_14)
FN:364,(anonymous_15)
FN:488,(anonymous_16)
FN:520,(anonymous_17)
FN:580,(anonymous_18)
FN:588,(anonymous_19)
FN:628,(anonymous_20)
FN:686,(anonymous_21)
FN:694,(anonymous_22)
FN:737,(anonymous_23)
FN:812,(anonymous_24)
FN:820,(anonymous_25)
FN:866,(anonymous_26)
FN:879,(anonymous_27)
FN:904,(anonymous_28)
FN:917,(anonymous_29)
FN:951,(anonymous_30)
FN:963,(anonymous_31)
FN:964,(anonymous_32)
FN:965,(anonymous_33)
FN:968,(anonymous_34)
FN:1007,(anonymous_35)
FN:1039,(anonymous_36)
FN:1216,(anonymous_37)
FN:1226,(anonymous_38)
FN:1233,(anonymous_39)
FN:1294,(anonymous_40)
FN:1295,(anonymous_41)
FN:1296,(anonymous_42)
FN:1298,(anonymous_43)
FN:1302,(anonymous_44)
FN:1303,(anonymous_45)
FN:1309,(anonymous_46)
FN:1356,(anonymous_47)
FN:1369,(anonymous_48)
FN:1486,(anonymous_49)
FN:1489,(anonymous_50)
FN:1525,(anonymous_51)
FN:1546,(anonymous_52)
FN:1547,(anonymous_53)
FN:1548,(anonymous_54)
FN:1550,(anonymous_55)
FNF:56
FNH:0
FNDA:0,(anonymous_0)
FNDA:0,(anonymous_1)
FNDA:0,(anonymous_2)
FNDA:0,(anonymous_3)
FNDA:0,(anonymous_4)
FNDA:0,(anonymous_5)
FNDA:0,(anonymous_6)
FNDA:0,(anonymous_7)
FNDA:0,(anonymous_8)
FNDA:0,(anonymous_9)
FNDA:0,(anonymous_10)
FNDA:0,(anonymous_11)
FNDA:0,(anonymous_12)
FNDA:0,(anonymous_13)
FNDA:0,(anonymous_14)
FNDA:0,(anonymous_15)
FNDA:0,(anonymous_16)
FNDA:0,(anonymous_17)
FNDA:0,(anonymous_18)
FNDA:0,(anonymous_19)
FNDA:0,(anonymous_20)
FNDA:0,(anonymous_21)
FNDA:0,(anonymous_22)
FNDA:0,(anonymous_23)
FNDA:0,(anonymous_24)
FNDA:0,(anonymous_25)
FNDA:0,(anonymous_26)
FNDA:0,(anonymous_27)
FNDA:0,(anonymous_28)
FNDA:0,(anonymous_29)
FNDA:0,(anonymous_30)
FNDA:0,(anonymous_31)
FNDA:0,(anonymous_32)
FNDA:0,(anonymous_33)
FNDA:0,(anonymous_34)
FNDA:0,(anonymous_35)
FNDA:0,(anonymous_36)
FNDA:0,(anonymous_37)
FNDA:0,(anonymous_38)
FNDA:0,(anonymous_39)
FNDA:0,(anonymous_40)
FNDA:0,(anonymous_41)
FNDA:0,(anonymous_42)
FNDA:0,(anonymous_43)
FNDA:0,(anonymous_44)
FNDA:0,(anonymous_45)
FNDA:0,(anonymous_46)
FNDA:0,(anonymous_47)
FNDA:0,(anonymous_48)
FNDA:0,(anonymous_49)
FNDA:0,(anonymous_50)
FNDA:0,(anonymous_51)
FNDA:0,(anonymous_52)
FNDA:0,(anonymous_53)
FNDA:0,(anonymous_54)
FNDA:0,(anonymous_55)
DA:1,24
DA:3,24
DA:5,24
DA:8,24
DA:9,0
DA:19,24
DA:20,0
DA:29,24
DA:30,0
DA:37,0
DA:40,0
DA:41,0
DA:43,0
DA:44,0
DA:51,0
DA:52,0
DA:60,0
DA:61,0
DA:68,0
DA:69,0
DA:76,0
DA:78,0
DA:79,0
DA:80,0
DA:83,0
DA:84,0
DA:85,0
DA:86,0
DA:90,0
DA:91,0
DA:92,0
DA:93,0
DA:96,0
DA:99,0
DA:100,0
DA:104,0
DA:105,0
DA:111,0
DA:112,0
DA:114,0
DA:115,0
DA:119,0
DA:120,0
DA:138,0
DA:139,0
DA:140,0
DA:141,0
DA:142,0
DA:147,0
DA:149,0
DA:158,0
DA:159,0
DA:177,0
DA:194,0
DA:195,0
DA:196,0
DA:197,0
DA:202,0
DA:203,0
DA:204,0
DA:212,0
DA:213,0
DA:214,0
DA:215,0
DA:216,0
DA:221,0
DA:226,0
DA:227,0
DA:228,0
DA:229,0
DA:231,0
DA:232,0
DA:236,0
DA:237,0
DA:238,0
DA:240,0
DA:259,0
DA:260,0
DA:269,24
DA:270,0
DA:271,0
DA:274,0
DA:282,0
DA:283,0
DA:285,0
DA:287,0
DA:288,0
DA:289,0
DA:292,0
DA:300,0
DA:301,0
DA:303,0
DA:312,0
DA:319,0
DA:320,0
DA:325,24
DA:326,0
DA:327,0
DA:329,0
DA:343,0
DA:345,0
DA:346,0
DA:349,0
DA:357,0
DA:358,0
DA:364,24
DA:365,0
DA:366,0
DA:368,0
DA:369,0
DA:370,0
DA:371,0
DA:373,0
DA:374,0
DA:375,0
DA:377,0
DA:378,0
DA:380,0
DA:381,0
DA:383,0
DA:384,0
DA:387,0
DA:388,0
DA:391,0
DA:393,0
DA:411,0
DA:416,0
DA:418,0
DA:424,0
DA:430,0
DA:431,0
DA:445,0
DA:452,0
DA:453,0
DA:456,0
DA:457,0
DA:463,0
DA:480,0
DA:481,0
DA:482,0
DA:488,24
DA:489,0
DA:490,0
DA:500,0
DA:502,0
DA:503,0
DA:509,0
DA:514,0
DA:515,0
DA:520,24
DA:521,0
DA:522,0
DA:523,0
DA:524,0
DA:526,0
DA:546,0
DA:552,0
DA:569,0
DA:575,0
DA:576,0
DA:579,0
DA:580,0
DA:581,0
DA:582,0
DA:583,0
DA:587,0
DA:588,0
DA:589,0
DA:598,0
DA:603,0
DA:609,0
DA:622,0
DA:623,0
DA:628,24
DA:629,0
DA:630,0
DA:631,0
DA:632,0
DA:634,0
DA:653,0
DA:659,0
DA:675,0
DA:681,0
DA:682,0
DA:685,0
DA:686,0
DA:687,0
DA:688,0
DA:689,0
DA:693,0
DA:694,0
DA:695,0
DA:707,0
DA:712,0
DA:718,0
DA:731,0
DA:732,0
DA:737,24
DA:738,0
DA:739,0
DA:740,0
DA:741,0
DA:744,0
DA:774,0
DA:780,0
DA:801,0
DA:807,0
DA:808,0
DA:811,0
DA:812,0
DA:813,0
DA:814,0
DA:815,0
DA:819,0
DA:820,0
DA:821,0
DA:833,0
DA:847,0
DA:848,0
DA:866,24
DA:867,0
DA:874,0
DA:876,0
DA:879,0
DA:880,0
DA:881,0
DA:882,0
DA:884,0
DA:902,0
DA:903,0
DA:904,0
DA:905,0
DA:907,0
DA:917,0
DA:919,0
DA:920,0
DA:922,0
DA:923,0
DA:926,0
DA:927,0
DA:929,0
DA:930,0
DA:931,0
DA:933,0
DA:951,0
DA:954,0
DA:961,0
DA:962,0
DA:963,0
DA:964,0
DA:965,0
DA:968,0
DA:969,0
DA:970,0
DA:973,0
DA:997,0
DA:998,0
DA:1007,24
DA:1008,0
DA:1014,0
DA:1016,0
DA:1019,0
DA:1020,0
DA:1022,0
DA:1023,0
DA:1030,0
DA:1031,0
DA:1039,0
DA:1040,0
DA:1041,0
DA:1044,0
DA:1203,0
DA:1206,0
DA:1207,0
DA:1208,0
DA:1211,0
DA:1212,0
DA:1216,0
DA:1218,0
DA:1219,0
DA:1220,0
DA:1221,0
DA:1223,0
DA:1226,0
DA:1228,0
DA:1229,0
DA:1233,0
DA:1234,0
DA:1235,0
DA:1236,0
DA:1237,0
DA:1238,0
DA:1239,0
DA:1240,0
DA:1241,0
DA:1242,0
DA:1243,0
DA:1247,0
DA:1248,0
DA:1249,0
DA:1251,0
DA:1274,0
DA:1275,0
DA:1279,0
DA:1282,0
DA:1285,0
DA:1294,0
DA:1295,0
DA:1296,0
DA:1299,0
DA:1300,0
DA:1302,0
DA:1304,0
DA:1305,0
DA:1306,0
DA:1307,0
DA:1310,0
DA:1311,0
DA:1312,0
DA:1313,0
DA:1317,0
DA:1345,0
DA:1346,0
DA:1356,24
DA:1357,0
DA:1364,0
DA:1366,0
DA:1369,0
DA:1370,0
DA:1371,0
DA:1373,0
DA:1481,0
DA:1484,0
DA:1485,0
DA:1486,0
DA:1488,0
DA:1489,0
DA:1493,0
DA:1494,0
DA:1497,0
DA:1499,0
DA:1500,0
DA:1502,0
DA:1504,0
DA:1525,0
DA:1528,0
DA:1530,0
DA:1546,0
DA:1547,0
DA:1548,0
DA:1551,0
DA:1552,0
DA:1559,0
DA:1560,0
DA:1574,24
LF:355
LH:17
BRDA:35,0,0,0
BRDA:36,1,0,0
BRDA:43,2,0,0
BRDA:43,2,1,0
BRDA:43,3,0,0
BRDA:43,3,1,0
BRDA:43,3,2,0
BRDA:51,4,0,0
BRDA:51,4,1,0
BRDA:51,5,0,0
BRDA:51,5,1,0
BRDA:51,5,2,0
BRDA:60,6,0,0
BRDA:60,6,1,0
BRDA:60,7,0,0
BRDA:60,7,1,0
BRDA:68,8,0,0
BRDA:68,8,1,0
BRDA:68,9,0,0
BRDA:68,9,1,0
BRDA:76,10,0,0
BRDA:76,10,1,0
BRDA:83,11,0,0
BRDA:83,11,1,0
BRDA:90,12,0,0
BRDA:90,12,1,0
BRDA:90,13,0,0
BRDA:90,13,1,0
BRDA:139,14,0,0
BRDA:139,14,1,0
BRDA:141,15,0,0
BRDA:141,15,1,0
BRDA:141,16,0,0
BRDA:141,16,1,0
BRDA:142,17,0,0
BRDA:142,17,1,0
BRDA:158,18,0,0
BRDA:158,18,1,0
BRDA:183,19,0,0
BRDA:183,19,1,0
BRDA:184,20,0,0
BRDA:184,20,1,0
BRDA:185,21,0,0
BRDA:185,21,1,0
BRDA:185,22,0,0
BRDA:185,22,1,0
BRDA:186,23,0,0
BRDA:186,23,1,0
BRDA:187,24,0,0
BRDA:187,24,1,0
BRDA:188,25,0,0
BRDA:188,25,1,0
BRDA:189,26,0,0
BRDA:189,26,1,0
BRDA:190,27,0,0
BRDA:190,27,1,0
BRDA:196,28,0,0
BRDA:196,28,1,0
BRDA:213,29,0,0
BRDA:213,29,1,0
BRDA:228,30,0,0
BRDA:228,30,1,0
BRDA:251,31,0,0
BRDA:251,31,1,0
BRDA:252,32,0,0
BRDA:252,32,1,0
BRDA:285,33,0,0
BRDA:285,33,1,0
BRDA:345,34,0,0
BRDA:345,34,1,0
BRDA:345,35,0,0
BRDA:345,35,1,0
BRDA:345,35,2,0
BRDA:368,36,0,0
BRDA:368,36,1,0
BRDA:369,37,0,0
BRDA:369,37,1,0
BRDA:371,38,0,0
BRDA:371,38,1,0
BRDA:375,39,0,0
BRDA:375,39,1,0
BRDA:375,39,2,0
BRDA:375,39,3,0
BRDA:375,39,4,0
BRDA:424,40,0,0
BRDA:424,40,1,0
BRDA:425,41,0,0
BRDA:425,41,1,0
BRDA:425,41,2,0
BRDA:425,41,3,0
BRDA:456,42,0,0
BRDA:456,42,1,0
BRDA:456,43,0,0
BRDA:456,43,1,0
BRDA:502,44,0,0
BRDA:502,44,1,0
BRDA:502,45,0,0
BRDA:502,45,1,0
BRDA:502,45,2,0
BRDA:522,46,0,0
BRDA:522,46,1,0
BRDA:523,47,0,0
BRDA:523,47,1,0
BRDA:581,48,0,0
BRDA:581,48,1,0
BRDA:598,49,0,0
BRDA:598,49,1,0
BRDA:599,50,0,0
BRDA:599,50,1,0
BRDA:599,50,2,0
BRDA:630,51,0,0
BRDA:630,51,1,0
BRDA:631,52,0,0
BRDA:631,52,1,0
BRDA:687,53,0,0
BRDA:687,53,1,0
BRDA:707,54,0,0
BRDA:707,54,1,0
BRDA:708,55,0,0
BRDA:708,55,1,0
BRDA:708,55,2,0
BRDA:739,56,0,0
BRDA:739,56,1,0
BRDA:740,57,0,0
BRDA:740,57,1,0
BRDA:813,58,0,0
BRDA:813,58,1,0
BRDA:872,59,0,0
BRDA:873,60,0,0
BRDA:876,61,0,0
BRDA:876,61,1,0
BRDA:903,62,0,0
BRDA:903,62,1,0
BRDA:905,63,0,0
BRDA:905,63,1,0
BRDA:920,64,0,0
BRDA:920,64,1,0
BRDA:923,65,0,0
BRDA:923,65,1,0
BRDA:962,66,0,0
BRDA:962,66,1,0
BRDA:969,67,0,0
BRDA:969,67,1,0
BRDA:989,68,0,0
BRDA:989,68,1,0
BRDA:1010,69,0,0
BRDA:1011,70,0,0
BRDA:1012,71,0,0
BRDA:1013,72,0,0
BRDA:1022,73,0,0
BRDA:1022,73,1,0
BRDA:1022,74,0,0
BRDA:1022,74,1,0
BRDA:1022,74,2,0
BRDA:1030,75,0,0
BRDA:1030,75,1,0
BRDA:1030,76,0,0
BRDA:1030,76,1,0
BRDA:1030,76,2,0
BRDA:1203,77,0,0
BRDA:1203,77,1,0
BRDA:1211,78,0,0
BRDA:1211,78,1,0
BRDA:1211,79,0,0
BRDA:1211,79,1,0
BRDA:1219,80,0,0
BRDA:1219,80,1,0
BRDA:1220,81,0,0
BRDA:1220,81,1,0
BRDA:1221,82,0,0
BRDA:1221,82,1,0
BRDA:1228,83,0,0
BRDA:1228,83,1,0
BRDA:1228,84,0,0
BRDA:1228,84,1,0
BRDA:1234,85,0,0
BRDA:1234,85,1,0
BRDA:1234,85,2,0
BRDA:1234,85,3,0
BRDA:1234,85,4,0
BRDA:1234,85,5,0
BRDA:1234,85,6,0
BRDA:1234,85,7,0
BRDA:1234,85,8,0
BRDA:1266,86,0,0
BRDA:1266,86,1,0
BRDA:1267,87,0,0
BRDA:1267,87,1,0
BRDA:1267,88,0,0
BRDA:1267,88,1,0
BRDA:1267,89,0,0
BRDA:1267,89,1,0
BRDA:1268,90,0,0
BRDA:1268,90,1,0
BRDA:1268,91,0,0
BRDA:1268,91,1,0
BRDA:1270,92,0,0
BRDA:1270,92,1,0
BRDA:1270,93,0,0
BRDA:1270,93,1,0
BRDA:1274,94,0,0
BRDA:1274,94,1,0
BRDA:1299,95,0,0
BRDA:1299,95,1,0
BRDA:1307,96,0,0
BRDA:1307,96,1,0
BRDA:1313,97,0,0
BRDA:1313,97,1,0
BRDA:1339,98,0,0
BRDA:1339,98,1,0
BRDA:1339,99,0,0
BRDA:1339,99,1,0
BRDA:1359,100,0,0
BRDA:1360,101,0,0
BRDA:1361,102,0,0
BRDA:1362,103,0,0
BRDA:1363,104,0,0
BRDA:1481,105,0,0
BRDA:1481,105,1,0
BRDA:1485,106,0,0
BRDA:1485,106,1,0
BRDA:1488,107,0,0
BRDA:1488,107,1,0
BRDA:1494,108,0,0
BRDA:1494,108,1,0
BRDA:1497,109,0,0
BRDA:1497,109,1,0
BRDA:1502,110,0,0
BRDA:1502,110,1,0
BRDA:1551,111,0,0
BRDA:1551,111,1,0
BRF:231
BRH:0
end_of_record
TN:
SF:routes/commodities.js
FN:7,(anonymous_0)
FN:16,(anonymous_1)
FN:36,(anonymous_2)
FN:132,(anonymous_3)
FN:214,(anonymous_4)
FN:219,(anonymous_5)
FN:246,(anonymous_6)
FN:296,(anonymous_7)
FN:372,(anonymous_8)
FN:448,(anonymous_9)
FN:481,(anonymous_10)
FN:482,(anonymous_11)
FN:483,(anonymous_12)
FN:483,(anonymous_13)
FN:514,(anonymous_14)
FN:592,(anonymous_15)
FN:611,(anonymous_16)
FN:613,(anonymous_17)
FN:621,(anonymous_18)
FN:623,(anonymous_19)
FN:685,(anonymous_20)
FNF:21
FNH:0
FNDA:0,(anonymous_0)
FNDA:0,(anonymous_1)
FNDA:0,(anonymous_2)
FNDA:0,(anonymous_3)
FNDA:0,(anonymous_4)
FNDA:0,(anonymous_5)
FNDA:0,(anonymous_6)
FNDA:0,(anonymous_7)
FNDA:0,(anonymous_8)
FNDA:0,(anonymous_9)
FNDA:0,(anonymous_10)
FNDA:0,(anonymous_11)
FNDA:0,(anonymous_12)
FNDA:0,(anonymous_13)
FNDA:0,(anonymous_14)
FNDA:0,(anonymous_15)
FNDA:0,(anonymous_16)
FNDA:0,(anonymous_17)
FNDA:0,(anonymous_18)
FNDA:0,(anonymous_19)
FNDA:0,(anonymous_20)
DA:1,25
DA:3,25
DA:4,25
DA:7,25
DA:8,0
DA:16,25
DA:17,0
DA:36,25
DA:37,0
DA:38,0
DA:111,0
DA:122,0
DA:123,0
DA:132,25
DA:133,0
DA:134,0
DA:135,0
DA:137,0
DA:213,0
DA:214,0
DA:218,0
DA:219,0
DA:222,0
DA:236,0
DA:237,0
DA:246,25
DA:247,0
DA:248,0
DA:280,0
DA:286,0
DA:287,0
DA:296,25
DA:297,0
DA:298,0
DA:331,0
DA:357,0
DA:362,0
DA:363,0
DA:372,25
DA:373,0
DA:374,0
DA:375,0
DA:378,0
DA:381,0
DA:382,0
DA:383,0
DA:385,0
DA:386,0
DA:387,0
DA:388,0
DA:391,0
DA:392,0
DA:393,0
DA:394,0
DA:397,0
DA:426,0
DA:428,0
DA:429,0
DA:448,0
DA:481,0
DA:482,0
DA:483,0
DA:485,0
DA:496,0
DA:504,0
DA:505,0
DA:514,25
DA:515,0
DA:516,0
DA:517,0
DA:520,0
DA:523,0
DA:530,0
DA:532,0
DA:534,0
DA:549,0
DA:550,0
DA:553,0
DA:567,0
DA:571,0
DA:573,0
DA:592,0
DA:593,0
DA:594,0
DA:597,0
DA:609,0
DA:610,0
DA:611,0
DA:613,0
DA:620,0
DA:621,0
DA:623,0
DA:630,0
DA:643,0
DA:655,0
DA:656,0
DA:675,0
DA:676,0
DA:685,25
DA:686,0
DA:687,0
DA:688,0
DA:691,0
DA:708,0
DA:711,0
DA:712,0
DA:713,0
DA:716,0
DA:717,0
DA:720,0
DA:721,0
DA:723,0
DA:725,0
DA:726,0
DA:733,0
DA:745,0
DA:746,0
DA:754,25
LF:118
LH:13
BRDA:213,0,0,0
BRDA:213,0,1,0
BRDA:218,1,0,0
BRDA:218,1,1,0
BRDA:226,2,0,0
BRDA:226,2,1,0
BRDA:227,3,0,0
BRDA:227,3,1,0
BRDA:374,4,0,0
BRDA:374,5,0,0
BRDA:374,6,0,0
BRDA:385,7,0,0
BRDA:385,7,1,0
BRDA:391,8,0,0
BRDA:391,8,1,0
BRDA:428,9,0,0
BRDA:428,9,1,0
BRDA:428,10,0,0
BRDA:428,10,1,0
BRDA:428,10,2,0
BRDA:457,11,0,0
BRDA:457,11,1,0
BRDA:458,12,0,0
BRDA:458,12,1,0
BRDA:459,13,0,0
BRDA:459,13,1,0
BRDA:460,14,0,0
BRDA:460,14,1,0
BRDA:461,15,0,0
BRDA:461,15,1,0
BRDA:462,16,0,0
BRDA:462,16,1,0
BRDA:463,17,0,0
BRDA:463,17,1,0
BRDA:464,18,0,0
BRDA:464,18,1,0
BRDA:465,19,0,0
BRDA:465,19,1,0
BRDA:469,20,0,0
BRDA:469,20,1,0
BRDA:470,21,0,0
BRDA:470,21,1,0
BRDA:471,22,0,0
BRDA:471,22,1,0
BRDA:473,23,0,0
BRDA:473,23,1,0
BRDA:474,24,0,0
BRDA:474,24,1,0
BRDA:489,25,0,0
BRDA:489,25,1,0
BRDA:492,26,0,0
BRDA:492,26,1,0
BRDA:516,27,0,0
BRDA:516,28,0,0
BRDA:530,29,0,0
BRDA:530,29,1,0
BRDA:544,30,0,0
BRDA:544,30,1,0
BRDA:549,31,0,0
BRDA:549,31,1,0
BRDA:571,32,0,0
BRDA:571,32,1,0
BRDA:571,33,0,0
BRDA:571,33,1,0
BRDA:594,34,0,0
BRDA:594,34,1,0
BRDA:595,35,0,0
BRDA:595,35,1,0
BRDA:600,36,0,0
BRDA:600,36,1,0
BRDA:601,37,0,0
BRDA:601,37,1,0
BRDA:602,38,0,0
BRDA:602,38,1,0
BRDA:603,39,0,0
BRDA:603,39,1,0
BRDA:604,40,0,0
BRDA:604,40,1,0
BRDA:609,41,0,0
BRDA:609,41,1,0
BRDA:609,42,0,0
BRDA:609,42,1,0
BRDA:611,43,0,0
BRDA:611,43,1,0
BRDA:615,44,0,0
BRDA:615,44,1,0
BRDA:616,45,0,0
BRDA:616,45,1,0
BRDA:617,46,0,0
BRDA:617,46,1,0
BRDA:621,47,0,0
BRDA:621,47,1,0
BRDA:625,48,0,0
BRDA:625,48,1,0
BRDA:626,49,0,0
BRDA:626,49,1,0
BRDA:627,50,0,0
BRDA:627,50,1,0
BRDA:648,51,0,0
BRDA:648,51,1,0
BRDA:687,52,0,0
BRDA:688,53,0,0
BRDA:688,53,1,0
BRDA:711,54,0,0
BRDA:711,54,1,0
BRDA:725,55,0,0
BRDA:725,55,1,0
BRDA:725,56,0,0
BRDA:725,56,1,0
BRF:109
BRH:0
end_of_record
TN:
SF:routes/dashboard.js
FN:9,(anonymous_0)
FN:19,(anonymous_1)
FN:45,(anonymous_2)
FN:293,(anonymous_3)
FN:346,(anonymous_4)
FN:409,(anonymous_5)
FN:470,(anonymous_6)
FN:512,(anonymous_7)
FN:601,(anonymous_8)
FN:763,(anonymous_9)
FN:892,(anonymous_10)
FN:900,(anonymous_11)
FN:901,(anonymous_12)
FN:912,(anonymous_13)
FN:917,(anonymous_14)
FN:923,(anonymous_15)
FN:956,(anonymous_16)
FN:1047,(anonymous_17)
FN:1113,(anonymous_18)
FN:1138,(anonymous_19)
FN:1199,getIndexName
FN:1208,calculateMarketSentiment
FN:1211,(anonymous_22)
FN:1219,generateDashboardInsights
FNF:24
FNH:0
FNDA:0,(anonymous_0)
FNDA:0,(anonymous_1)
FNDA:0,(anonymous_2)
FNDA:0,(anonymous_3)
FNDA:0,(anonymous_4)
FNDA:0,(anonymous_5)
FNDA:0,(anonymous_6)
FNDA:0,(anonymous_7)
FNDA:0,(anonymous_8)
FNDA:0,(anonymous_9)
FNDA:0,(anonymous_10)
FNDA:0,(anonymous_11)
FNDA:0,(anonymous_12)
FNDA:0,(anonymous_13)
FNDA:0,(anonymous_14)
FNDA:0,(anonymous_15)
FNDA:0,(anonymous_16)
FNDA:0,(anonymous_17)
FNDA:0,(anonymous_18)
FNDA:0,(anonymous_19)
FNDA:0,getIndexName
FNDA:0,calculateMarketSentiment
FNDA:0,(anonymous_22)
FNDA:0,generateDashboardInsights
DA:1,24
DA:3,24
DA:4,24
DA:6,24
DA:9,24
DA:10,0
DA:19,24
DA:20,0
DA:45,24
DA:46,0
DA:47,0
DA:50,0
DA:77,0
DA:101,0
DA:125,0
DA:150,0
DA:166,0
DA:177,0
DA:197,0
DA:216,0
DA:227,0
DA:239,0
DA:241,0
DA:242,0
DA:249,0
DA:253,0
DA:266,0
DA:267,0
DA:273,0
DA:279,0
DA:280,0
DA:293,24
DA:294,0
DA:295,0
DA:296,0
DA:298,0
DA:299,0
DA:306,0
DA:324,0
DA:335,0
DA:336,0
DA:341,0
DA:346,0
DA:357,0
DA:366,0
DA:371,0
DA:377,0
DA:382,0
DA:386,0
DA:396,0
DA:397,0
DA:409,24
DA:410,0
DA:411,0
DA:412,0
DA:414,0
DA:415,0
DA:418,0
DA:432,0
DA:443,0
DA:444,0
DA:449,0
DA:453,0
DA:454,0
DA:461,0
DA:462,0
DA:470,0
DA:480,0
DA:489,0
DA:499,0
DA:500,0
DA:512,24
DA:513,0
DA:514,0
DA:515,0
DA:517,0
DA:518,0
DA:521,0
DA:539,0
DA:549,0
DA:550,0
DA:555,0
DA:559,0
DA:560,0
DA:567,0
DA:568,0
DA:575,0
DA:576,0
DA:578,0
DA:588,0
DA:589,0
DA:601,24
DA:602,0
DA:603,0
DA:606,0
DA:607,0
DA:608,0
DA:622,0
DA:624,0
DA:625,0
DA:635,0
DA:654,0
DA:689,0
DA:690,0
DA:695,0
DA:700,0
DA:701,0
DA:718,0
DA:719,0
DA:736,0
DA:737,0
DA:738,0
DA:740,0
DA:750,0
DA:751,0
DA:763,24
DA:764,0
DA:765,0
DA:768,0
DA:788,0
DA:827,0
DA:848,0
DA:849,0
DA:855,0
DA:856,0
DA:874,0
DA:875,0
DA:882,0
DA:883,0
DA:891,0
DA:892,0
DA:893,0
DA:900,0
DA:901,0
DA:903,0
DA:912,0
DA:917,0
DA:923,0
DA:936,0
DA:943,0
DA:944,0
DA:956,24
DA:957,0
DA:958,0
DA:960,0
DA:967,0
DA:968,0
DA:969,0
DA:971,0
DA:975,0
DA:987,0
DA:988,0
DA:989,0
DA:992,0
DA:994,0
DA:999,0
DA:1000,0
DA:1007,0
DA:1009,0
DA:1012,0
DA:1014,0
DA:1019,0
DA:1021,0
DA:1026,0
DA:1032,0
DA:1037,0
DA:1038,0
DA:1047,24
DA:1048,0
DA:1053,0
DA:1055,0
DA:1058,0
DA:1064,0
DA:1067,0
DA:1077,0
DA:1089,0
DA:1096,0
DA:1097,0
DA:1098,0
DA:1112,0
DA:1113,0
DA:1123,0
DA:1124,0
DA:1126,0
DA:1137,0
DA:1138,0
DA:1150,0
DA:1151,0
DA:1152,0
DA:1154,0
DA:1182,0
DA:1189,0
DA:1190,0
DA:1200,0
DA:1205,0
DA:1209,0
DA:1211,0
DA:1213,0
DA:1214,0
DA:1215,0
DA:1216,0
DA:1220,0
DA:1223,0
DA:1225,0
DA:1226,0
DA:1230,0
DA:1231,0
DA:1238,0
DA:1239,0
DA:1241,0
DA:1242,0
DA:1243,0
DA:1247,0
DA:1248,0
DA:1256,0
DA:1257,0
DA:1263,0
DA:1266,24
LF:218
LH:15
BRDA:239,0,0,0
BRDA:239,0,1,0
BRDA:239,1,0,0
BRDA:239,1,1,0
BRDA:239,1,2,0
BRDA:239,1,3,0
BRDA:239,1,4,0
BRDA:239,1,5,0
BRDA:239,1,6,0
BRDA:239,1,7,0
BRDA:259,2,0,0
BRDA:259,2,1,0
BRDA:261,3,0,0
BRDA:261,3,1,0
BRDA:266,4,0,0
BRDA:266,4,1,0
BRDA:266,5,0,0
BRDA:266,5,1,0
BRDA:298,6,0,0
BRDA:298,6,1,0
BRDA:348,7,0,0
BRDA:348,7,1,0
BRDA:349,8,0,0
BRDA:349,8,1,0
BRDA:350,9,0,0
BRDA:350,9,1,0
BRDA:351,10,0,0
BRDA:351,10,1,0
BRDA:352,11,0,0
BRDA:352,11,1,0
BRDA:353,12,0,0
BRDA:353,12,1,0
BRDA:357,13,0,0
BRDA:357,13,1,0
BRDA:359,14,0,0
BRDA:359,14,1,0
BRDA:360,15,0,0
BRDA:360,15,1,0
BRDA:361,16,0,0
BRDA:361,16,1,0
BRDA:362,17,0,0
BRDA:362,17,1,0
BRDA:363,18,0,0
BRDA:363,18,1,0
BRDA:366,19,0,0
BRDA:366,19,1,0
BRDA:367,20,0,0
BRDA:367,20,1,0
BRDA:367,20,2,0
BRDA:377,21,0,0
BRDA:377,21,1,0
BRDA:378,22,0,0
BRDA:378,22,1,0
BRDA:378,22,2,0
BRDA:414,23,0,0
BRDA:414,23,1,0
BRDA:453,24,0,0
BRDA:453,24,1,0
BRDA:453,25,0,0
BRDA:453,25,1,0
BRDA:453,25,2,0
BRDA:461,26,0,0
BRDA:461,26,1,0
BRDA:461,27,0,0
BRDA:461,27,1,0
BRDA:461,27,2,0
BRDA:472,28,0,0
BRDA:472,28,1,0
BRDA:473,29,0,0
BRDA:473,29,1,0
BRDA:474,30,0,0
BRDA:474,30,1,0
BRDA:475,31,0,0
BRDA:475,31,1,0
BRDA:476,32,0,0
BRDA:476,32,1,0
BRDA:482,33,0,0
BRDA:482,33,1,0
BRDA:483,34,0,0
BRDA:483,34,1,0
BRDA:484,35,0,0
BRDA:484,35,1,0
BRDA:485,36,0,0
BRDA:485,36,1,0
BRDA:486,37,0,0
BRDA:486,37,1,0
BRDA:517,38,0,0
BRDA:517,38,1,0
BRDA:559,39,0,0
BRDA:559,39,1,0
BRDA:559,40,0,0
BRDA:559,40,1,0
BRDA:559,40,2,0
BRDA:567,41,0,0
BRDA:567,41,1,0
BRDA:567,42,0,0
BRDA:567,42,1,0
BRDA:567,42,2,0
BRDA:700,43,0,0
BRDA:700,43,1,0
BRDA:700,44,0,0
BRDA:700,44,1,0
BRDA:718,45,0,0
BRDA:718,45,1,0
BRDA:718,46,0,0
BRDA:718,46,1,0
BRDA:855,47,0,0
BRDA:855,47,1,0
BRDA:855,48,0,0
BRDA:855,48,1,0
BRDA:855,48,2,0
BRDA:862,49,0,0
BRDA:862,49,1,0
BRDA:874,50,0,0
BRDA:874,50,1,0
BRDA:874,51,0,0
BRDA:874,51,1,0
BRDA:874,51,2,0
BRDA:882,52,0,0
BRDA:882,52,1,0
BRDA:882,53,0,0
BRDA:882,53,1,0
BRDA:882,53,2,0
BRDA:894,54,0,0
BRDA:894,54,1,0
BRDA:895,55,0,0
BRDA:895,55,1,0
BRDA:896,56,0,0
BRDA:896,56,1,0
BRDA:905,57,0,0
BRDA:905,57,1,0
BRDA:914,58,0,0
BRDA:914,58,1,0
BRDA:915,59,0,0
BRDA:915,59,1,0
BRDA:919,60,0,0
BRDA:919,60,1,0
BRDA:920,61,0,0
BRDA:920,61,1,0
BRDA:925,62,0,0
BRDA:925,62,1,0
BRDA:926,63,0,0
BRDA:926,63,1,0
BRDA:1014,64,0,0
BRDA:1014,64,1,0
BRDA:1015,65,0,0
BRDA:1015,65,1,0
BRDA:1015,65,2,0
BRDA:1021,66,0,0
BRDA:1021,66,1,0
BRDA:1022,67,0,0
BRDA:1022,67,1,0
BRDA:1022,67,2,0
BRDA:1050,68,0,0
BRDA:1051,69,0,0
BRDA:1052,70,0,0
BRDA:1064,71,0,0
BRDA:1064,71,1,0
BRDA:1097,72,0,0
BRDA:1097,72,1,0
BRDA:1113,73,0,0
BRDA:1113,73,1,0
BRDA:1116,74,0,0
BRDA:1116,74,1,0
BRDA:1117,75,0,0
BRDA:1117,75,1,0
BRDA:1119,76,0,0
BRDA:1119,76,1,0
BRDA:1119,77,0,0
BRDA:1119,77,1,0
BRDA:1124,78,0,0
BRDA:1124,78,1,0
BRDA:1138,79,0,0
BRDA:1138,79,1,0
BRDA:1145,80,0,0
BRDA:1145,80,1,0
BRDA:1150,81,0,0
BRDA:1150,81,1,0
BRDA:1151,82,0,0
BRDA:1151,82,1,0
BRDA:1152,83,0,0
BRDA:1152,83,1,0
BRDA:1156,84,0,0
BRDA:1156,84,1,0
BRDA:1157,85,0,0
BRDA:1157,85,1,0
BRDA:1158,86,0,0
BRDA:1158,86,1,0
BRDA:1159,87,0,0
BRDA:1159,87,1,0
BRDA:1160,88,0,0
BRDA:1160,88,1,0
BRDA:1165,89,0,0
BRDA:1165,89,1,0
BRDA:1166,90,0,0
BRDA:1166,90,1,0
BRDA:1167,91,0,0
BRDA:1167,91,1,0
BRDA:1168,92,0,0
BRDA:1168,92,1,0
BRDA:1169,93,0,0
BRDA:1169,93,1,0
BRDA:1170,94,0,0
BRDA:1170,94,1,0
BRDA:1170,95,0,0
BRDA:1170,95,1,0
BRDA:1205,96,0,0
BRDA:1205,96,1,0
BRDA:1209,97,0,0
BRDA:1209,97,1,0
BRDA:1209,98,0,0
BRDA:1209,98,1,0
BRDA:1211,99,0,0
BRDA:1211,99,1,0
BRDA:1213,100,0,0
BRDA:1213,100,1,0
BRDA:1214,101,0,0
BRDA:1214,101,1,0
BRDA:1215,102,0,0
BRDA:1215,102,1,0
BRDA:1223,103,0,0
BRDA:1223,103,1,0
BRDA:1225,104,0,0
BRDA:1225,104,1,0
BRDA:1230,105,0,0
BRDA:1230,105,1,0
BRDA:1238,106,0,0
BRDA:1238,106,1,0
BRDA:1239,107,0,0
BRDA:1239,107,1,0
BRDA:1241,108,0,0
BRDA:1241,108,1,0
BRDA:1242,109,0,0
BRDA:1242,109,1,0
BRDA:1247,110,0,0
BRDA:1247,110,1,0
BRDA:1256,111,0,0
BRDA:1256,111,1,0
BRDA:1256,112,0,0
BRDA:1256,112,1,0
BRF:240
BRH:0
end_of_record
TN:
SF:routes/data.js
FN:16,(anonymous_0)
FN:57,(anonymous_1)
FN:64,(anonymous_2)
FN:82,(anonymous_3)
FN:117,(anonymous_4)
FN:216,(anonymous_5)
FN:291,(anonymous_6)
FNF:7
FNH:0
FNDA:0,(anonymous_0)
FNDA:0,(anonymous_1)
FNDA:0,(anonymous_2)
FNDA:0,(anonymous_3)
FNDA:0,(anonymous_4)
FNDA:0,(anonymous_5)
FNDA:0,(anonymous_6)
DA:6,24
DA:8,24
DA:9,24
DA:16,24
DA:17,0
DA:18,0
DA:19,0
DA:24,0
DA:36,0
DA:37,0
DA:41,0
DA:42,0
DA:44,0
DA:57,24
DA:58,0
DA:60,0
DA:61,0
DA:64,0
DA:65,0
DA:66,0
DA:71,0
DA:72,0
DA:79,0
DA:81,0
DA:82,0
DA:83,0
DA:86,0
DA:87,0
DA:91,0
DA:99,0
DA:100,0
DA:104,0
DA:117,24
DA:118,0
DA:119,0
DA:121,0
DA:122,0
DA:123,0
DA:129,0
DA:138,0
DA:149,0
DA:154,0
DA:155,0
DA:157,0
DA:158,0
DA:159,0
DA:163,0
DA:164,0
DA:166,0
DA:173,0
DA:180,0
DA:181,0
DA:185,0
DA:188,0
DA:189,0
DA:193,0
DA:194,0
DA:200,0
DA:216,24
DA:217,0
DA:218,0
DA:219,0
DA:221,0
DA:222,0
DA:227,0
DA:228,0
DA:234,0
DA:236,0
DA:237,0
DA:238,0
DA:241,0
DA:242,0
DA:243,0
DA:246,0
DA:247,0
DA:249,0
DA:251,0
DA:252,0
DA:253,0
DA:257,0
DA:260,0
DA:261,0
DA:265,0
DA:273,0
DA:274,0
DA:278,0
DA:291,24
DA:292,0
DA:293,0
DA:294,0
DA:296,0
DA:297,0
DA:302,0
DA:304,0
DA:312,0
DA:314,0
DA:315,0
DA:316,0
DA:320,0
DA:323,0
DA:326,0
DA:327,0
DA:328,0
DA:329,0
DA:330,0
DA:331,0
DA:333,0
DA:334,0
DA:337,0
DA:338,0
DA:339,0
DA:342,0
DA:343,0
DA:346,0
DA:347,0
DA:348,0
DA:351,0
DA:352,0
DA:354,0
DA:372,0
DA:373,0
DA:377,0
DA:385,0
DA:393,0
DA:394,0
DA:398,0
DA:406,0
DA:407,0
DA:411,0
DA:419,24
LF:130
LH:9
BRDA:41,0,0,0
BRDA:41,0,1,0
BRDA:60,1,0,0
BRDA:60,1,1,0
BRDA:154,2,0,0
BRDA:154,2,1,0
BRDA:155,3,0,0
BRDA:155,3,1,0
BRDA:157,4,0,0
BRDA:157,4,1,0
BRDA:157,5,0,0
BRDA:157,5,1,0
BRDA:163,6,0,0
BRDA:163,6,1,0
BRDA:193,7,0,0
BRDA:193,7,1,0
BRDA:218,8,0,0
BRDA:236,9,0,0
BRDA:236,9,1,0
BRDA:241,10,0,0
BRDA:241,10,1,0
BRDA:251,11,0,0
BRDA:251,11,1,0
BRDA:293,12,0,0
BRDA:314,13,0,0
BRDA:314,13,1,0
BRDA:326,14,0,0
BRDA:326,14,1,0
BRDA:333,15,0,0
BRDA:333,15,1,0
BRDA:334,16,0,0
BRDA:334,16,1,0
BRDA:334,16,2,0
BRDA:351,17,0,0
BRDA:351,17,1,0
BRDA:363,18,0,0
BRDA:363,18,1,0
BRDA:380,19,0,0
BRDA:380,19,1,0
BRDA:387,20,0,0
BRDA:387,20,1,0
BRF:41
BRH:0
end_of_record
TN:
SF:routes/diagnostics.js
FN:13,(anonymous_0)
FN:37,(anonymous_1)
FN:61,(anonymous_2)
FN:81,(anonymous_3)
FN:115,(anonymous_4)
FN:152,(anonymous_5)
FN:311,formatUptime
FN:323,calculateSystemScore
FN:345,(anonymous_8)
FN:443,(anonymous_9)
FN:476,(anonymous_10)
FN:486,(anonymous_11)
FN:510,(anonymous_12)
FN:531,(anonymous_13)
FN:757,(anonymous_14)
FN:758,(anonymous_15)
FN:759,(anonymous_16)
FN:760,(anonymous_17)
FN:769,(anonymous_18)
FN:772,(anonymous_19)
FN:773,(anonymous_20)
FN:778,(anonymous_21)
FN:783,(anonymous_22)
FN:788,(anonymous_23)
FN:794,(anonymous_24)
FN:795,(anonymous_25)
FN:796,(anonymous_26)
FN:797,(anonymous_27)
FNF:28
FNH:0
FNDA:0,(anonymous_0)
FNDA:0,(anonymous_1)
[...]
BRDA:461,60,0,0
BRDA:461,60,1,0
BRDA:473,61,0,0
BRDA:473,61,1,0
BRDA:474,62,0,0
BRDA:474,62,1,0
BRDA:493,63,0,0
BRDA:493,63,1,0
BRDA:494,64,0,0
BRDA:494,64,1,0
BRDA:514,65,0,0
BRDA:515,66,0,0
BRDA:516,67,0,0
BRDA:520,68,0,0
BRDA:520,68,1,0
BRDA:550,69,0,0
BRDA:553,70,0,0
BRDA:553,70,1,0
BRDA:553,71,0,0
BRDA:553,71,1,0
BRDA:571,72,0,0
BRDA:571,72,1,0
BRDA:571,73,0,0
BRDA:571,73,1,0
BRDA:584,74,0,0
BRDA:584,74,1,0
BRDA:607,75,0,0
BRDA:607,75,1,0
BRDA:623,76,0,0
BRDA:623,76,1,0
BRDA:638,77,0,0
BRDA:638,77,1,0
BRDA:642,78,0,0
BRDA:642,78,1,0
BRDA:643,79,0,0
BRDA:643,79,1,0
BRDA:690,80,0,0
BRDA:728,81,0,0
BRDA:729,82,0,0
BRDA:802,83,0,0
BRDA:802,84,0,0
BRDA:805,85,0,0
BRDA:805,85,1,0
BRDA:806,86,0,0
BRDA:806,86,1,0
BRDA:807,87,0,0
BRDA:807,87,1,0
BRDA:808,88,0,0
BRDA:808,88,1,0
BRDA:816,89,0,0
BRDA:816,89,1,0
BRDA:816,89,2,0
BRDA:820,90,0,0
BRDA:820,90,1,0
BRDA:820,90,2,0
BRDA:821,91,0,0
BRDA:821,91,1,0
BRDA:823,92,0,0
BRDA:823,92,1,0
BRDA:839,93,0,0
BRDA:839,93,1,0
BRDA:840,94,0,0
BRDA:840,94,1,0
BRDA:840,94,2,0
BRDA:841,95,0,0
BRDA:841,95,1,0
BRDA:843,96,0,0
BRDA:843,96,1,0
BRDA:849,97,0,0
BRDA:849,97,1,0
BRDA:851,98,0,0
BRDA:851,98,1,0
BRDA:851,99,0,0
BRDA:851,99,1,0
BRDA:865,100,0,0
BRDA:865,100,1,0
BRDA:878,101,0,0
BRDA:878,101,1,0
BRDA:880,102,0,0
BRDA:880,102,1,0
BRDA:900,103,0,0
BRDA:902,104,0,0
BRDA:902,104,1,0
BRDA:902,105,0,0
BRDA:902,105,1,0
BRDA:913,106,0,0
BRDA:913,106,1,0
BRDA:919,107,0,0
BRDA:919,107,1,0
BRDA:922,108,0,0
BRDA:922,108,1,0
BRDA:925,109,0,0
BRDA:925,109,1,0
BRDA:954,110,0,0
BRDA:956,111,0,0
BRDA:956,111,1,0
BRDA:956,112,0,0
BRDA:956,112,1,0
BRDA:970,113,0,0
BRDA:970,113,1,0
BRDA:971,114,0,0
BRDA:971,114,1,0
BRDA:973,115,0,0
BRDA:973,115,1,0
BRDA:981,116,0,0
BRDA:981,116,1,0
BRDA:981,117,0,0
BRDA:981,117,1,0
BRDA:994,118,0,0
BRDA:994,118,1,0
BRDA:994,119,0,0
BRDA:994,119,1,0
BRDA:997,120,0,0
BRDA:997,120,1,0
BRDA:997,121,0,0
BRDA:997,121,1,0
BRDA:1000,122,0,0
BRDA:1000,122,1,0
BRDA:1032,123,0,0
BRDA:1034,124,0,0
BRDA:1034,124,1,0
BRDA:1034,125,0,0
BRDA:1034,125,1,0
BRDA:1037,126,0,0
BRDA:1037,126,1,0
BRDA:1043,127,0,0
BRDA:1043,127,1,0
BRDA:1043,128,0,0
BRDA:1043,128,1,0
BRDA:1043,128,2,0
BRDA:1065,129,0,0
BRDA:1065,129,1,0
BRDA:1078,130,0,0
BRDA:1080,131,0,0
BRDA:1080,131,1,0
BRDA:1080,132,0,0
BRDA:1080,132,1,0
BRDA:1083,133,0,0
BRDA:1083,133,1,0
BRDA:1083,134,0,0
BRDA:1083,134,1,0
BRDA:1107,135,0,0
BRDA:1109,136,0,0
BRDA:1109,136,1,0
BRDA:1109,137,0,0
BRDA:1109,137,1,0
BRDA:1112,138,0,0
BRDA:1112,138,1,0
BRDA:1122,139,0,0
BRDA:1122,139,1,0
BRDA:1122,140,0,0
BRDA:1122,140,1,0
BRDA:1131,141,0,0
BRDA:1131,141,1,0
BRDA:1133,142,0,0
BRDA:1133,142,1,0
BRDA:1150,143,0,0
BRDA:1150,143,1,0
BRDA:1153,144,0,0
BRDA:1153,144,1,0
BRDA:1163,145,0,0
BRDA:1163,145,1,0
BRDA:1163,146,0,0
BRDA:1163,146,1,0
BRDA:1167,147,0,0
BRDA:1167,147,1,0
BRDA:1172,148,0,0
BRDA:1172,148,1,0
BRDA:1175,149,0,0
BRDA:1175,149,1,0
BRDA:1176,150,0,0
BRDA:1176,150,1,0
BRDA:1198,151,0,0
BRDA:1198,151,1,0
BRDA:1208,152,0,0
BRDA:1208,152,1,0
BRDA:1208,153,0,0
BRDA:1208,153,1,0
BRDA:1216,154,0,0
BRDA:1216,154,1,0
BRDA:1236,155,0,0
BRDA:1236,155,1,0
BRDA:1237,156,0,0
BRDA:1237,156,1,0
BRDA:1260,157,0,0
BRDA:1260,157,1,0
BRDA:1264,158,0,0
BRDA:1264,158,1,0
BRDA:1265,159,0,0
BRDA:1265,159,1,0
BRDA:1267,160,0,0
BRDA:1267,160,1,0
BRDA:1294,161,0,0
BRDA:1294,161,1,0
BRDA:1295,162,0,0
BRDA:1295,162,1,0
BRDA:1296,163,0,0
BRDA:1296,163,1,0
BRDA:1298,164,0,0
BRDA:1298,164,1,0
BRDA:1320,165,0,0
BRDA:1320,165,1,0
BRDA:1327,166,0,0
BRDA:1327,166,1,0
BRDA:1328,167,0,0
BRDA:1328,167,1,0
BRDA:1330,168,0,0
BRDA:1330,168,1,0
BRDA:1332,169,0,0
BRDA:1332,169,1,0
BRDA:1360,170,0,0
BRDA:1360,170,1,0
BRDA:1365,171,0,0
BRDA:1365,171,1,0
BRDA:1366,172,0,0
BRDA:1366,172,1,0
BRDA:1366,173,0,0
BRDA:1366,173,1,0
BRDA:1397,174,0,0
BRDA:1397,174,1,0
BRDA:1398,175,0,0
BRDA:1398,175,1,0
BRDA:1399,176,0,0
BRDA:1399,176,1,0
BRDA:1407,177,0,0
BRDA:1407,177,1,0
BRDA:1408,178,0,0
BRDA:1408,178,1,0
BRDA:1409,179,0,0
BRDA:1409,179,1,0
BRDA:1423,180,0,0
BRDA:1423,180,1,0
BRDA:1425,181,0,0
BRDA:1425,181,1,0
BRDA:1426,182,0,0
BRDA:1426,182,1,0
BRDA:1459,183,0,0
BRDA:1459,183,1,0
BRDA:1460,184,0,0
BRDA:1460,184,1,0
BRDA:1466,185,0,0
BRDA:1466,185,1,0
BRDA:1490,186,0,0
BRDA:1492,187,0,0
BRDA:1492,187,1,0
BRDA:1492,188,0,0
BRDA:1492,188,1,0
BRDA:1500,189,0,0
BRDA:1500,189,1,0
BRDA:1509,190,0,0
BRDA:1509,190,1,0
BRDA:1512,191,0,0
BRDA:1512,191,1,0
BRDA:1537,192,0,0
BRDA:1537,192,1,0
BRDA:1538,193,0,0
BRDA:1538,193,1,0
BRDA:1539,194,0,0
BRDA:1539,194,1,0
BRDA:1543,195,0,0
BRDA:1543,195,1,0
BRDA:1583,196,0,0
BRDA:1583,196,1,0
BRDA:1583,197,0,0
BRDA:1583,197,1,0
BRDA:1584,198,0,0
BRDA:1584,198,1,0
BRDA:1596,199,0,0
BRDA:1596,199,1,0
BRDA:1596,200,0,0
BRDA:1596,200,1,0
BRDA:1597,201,0,0
BRDA:1597,201,1,0
BRDA:1609,202,0,0
BRDA:1609,202,1,0
BRDA:1609,203,0,0
BRDA:1609,203,1,0
BRDA:1612,204,0,0
BRDA:1612,204,1,0
BRDA:1639,205,0,0
BRDA:1639,205,1,0
BRDA:1654,206,0,0
BRDA:1654,206,1,0
BRDA:1696,207,0,0
BRDA:1696,207,1,0
BRDA:1697,208,0,0
BRDA:1697,208,1,0
BRDA:1701,209,0,0
BRDA:1701,209,1,0
BRDA:1709,210,0,0
BRDA:1709,210,1,0
BRDA:1733,211,0,0
BRDA:1733,211,1,0
BRDA:1734,212,0,0
BRDA:1734,212,1,0
BRDA:1737,213,0,0
BRDA:1737,213,1,0
BRDA:1739,214,0,0
BRDA:1739,214,1,0
BRDA:1766,215,0,0
BRDA:1766,215,1,0
BRDA:1773,216,0,0
BRDA:1773,216,1,0
BRDA:1780,217,0,0
BRDA:1780,217,1,0
BRF:423
BRH:0
end_of_record
TN:
SF:utils/schemaValidator.js
FN:620,(anonymous_0)
FN:627,(anonymous_1)
FN:679,(anonymous_2)
FN:688,(anonymous_3)
FN:857,(anonymous_4)
FN:893,(anonymous_5)
FN:930,(anonymous_6)
FN:971,(anonymous_7)
FN:1003,(anonymous_8)
FN:1074,(anonymous_9)
FN:1081,(anonymous_10)
FN:1088,(anonymous_11)
FN:1094,(anonymous_12)
FN:1121,(anonymous_13)
FN:1139,(anonymous_14)
FN:1155,(anonymous_15)
FN:1169,(anonymous_16)
FN:1223,(anonymous_17)
FN:1235,(anonymous_18)
FN:1236,(anonymous_19)
FN:1240,(anonymous_20)
FN:1241,(anonymous_21)
FN:1261,(anonymous_22)
FN:1280,(anonymous_23)
FN:1282,(anonymous_24)
FN:1284,(anonymous_25)
FN:1285,(anonymous_26)
FN:1287,(anonymous_27)
FN:1288,(anonymous_28)
FN:1289,(anonymous_29)
FN:1290,(anonymous_30)
FN:1291,(anonymous_31)
FN:1292,(anonymous_32)
FN:1293,(anonymous_33)
FNF:34
FNH:1
FNDA:27,(anonymous_0)
FNDA:0,(anonymous_1)
FNDA:0,(anonymous_2)
FNDA:0,(anonymous_3)
FNDA:0,(anonymous_4)
FNDA:0,(anonymous_5)
FNDA:0,(anonymous_6)
FNDA:0,(anonymous_7)
FNDA:0,(anonymous_8)
FNDA:0,(anonymous_9)
FNDA:0,(anonymous_10)
FNDA:0,(anonymous_11)
FNDA:0,(anonymous_12)
FNDA:0,(anonymous_13)
FNDA:0,(anonymous_14)
FNDA:0,(anonymous_15)
FNDA:0,(anonymous_16)
FNDA:0,(anonymous_17)
FNDA:0,(anonymous_18)
FNDA:0,(anonymous_19)
FNDA:0,(anonymous_20)
FNDA:0,(anonymous_21)
FNDA:0,(anonymous_22)
FNDA:0,(anonymous_23)
FNDA:0,(anonymous_24)
FNDA:0,(anonymous_25)
FNDA:0,(anonymous_26)
FNDA:0,(anonymous_27)
FNDA:0,(anonymous_28)
FNDA:0,(anonymous_29)
FNDA:0,(anonymous_30)
FNDA:0,(anonymous_31)
FNDA:0,(anonymous_32)
FNDA:0,(anonymous_33)
DA:6,27
DA:7,27
DA:12,27
DA:621,27
DA:628,0
DA:629,0
DA:630,0
DA:639,0
DA:640,0
DA:643,0
DA:644,0
DA:645,0
DA:654,0
DA:655,0
DA:656,0
DA:657,0
DA:662,0
DA:665,0
DA:666,0
DA:668,0
DA:669,0
DA:676,0
DA:679,0
DA:689,0
DA:692,0
DA:693,0
DA:697,0
DA:699,0
DA:700,0
DA:705,0
DA:706,0
DA:712,0
DA:716,0
DA:717,0
DA:723,0
DA:724,0
DA:725,0
DA:731,0
DA:732,0
DA:739,0
DA:742,0
DA:743,0
DA:748,0
DA:752,0
DA:758,0
DA:761,0
DA:762,0
DA:768,0
DA:769,0
DA:770,0
DA:776,0
DA:777,0
DA:785,0
DA:786,0
DA:787,0
DA:788,0
DA:789,0
DA:791,0
DA:793,0
DA:794,0
DA:802,0
DA:805,0
DA:812,0
DA:818,0
DA:821,0
DA:822,0
DA:828,0
DA:831,0
DA:832,0
DA:838,0
DA:841,0
DA:842,0
DA:848,0
DA:851,0
DA:858,0
DA:859,0
DA:862,0
DA:865,0
DA:870,0
DA:873,0
DA:876,0
DA:877,0
DA:878,0
DA:879,0
DA:883,0
DA:886,0
DA:894,0
DA:895,0
DA:896,0
DA:897,0
DA:901,0
DA:912,0
DA:913,0
DA:920,0
DA:930,0
DA:931,0
DA:933,0
DA:936,0
DA:937,0
DA:938,0
DA:945,0
DA:946,0
DA:947,0
DA:953,0
DA:960,0
DA:961,0
DA:972,0
DA:973,0
DA:975,0
DA:976,0
DA:977,0
DA:978,0
DA:980,0
DA:981,0
DA:984,0
DA:988,0
DA:992,0
DA:1004,0
DA:1005,0
DA:1006,0
DA:1009,0
DA:1010,0
DA:1012,0
DA:1013,0
DA:1015,0
DA:1016,0
DA:1019,0
DA:1020,0
DA:1023,0
DA:1024,0
DA:1027,0
DA:1028,0
DA:1031,0
DA:1032,0
DA:1035,0
DA:1036,0
DA:1037,0
DA:1039,0
DA:1044,0
DA:1045,0
DA:1048,0
DA:1051,0
DA:1054,0
DA:1055,0
DA:1058,0
DA:1061,0
DA:1062,0
DA:1063,0
DA:1064,0
DA:1068,0
DA:1075,0
DA:1082,0
DA:1089,0
DA:1090,0
DA:1093,0
DA:1094,0
DA:1097,0
DA:1098,0
DA:1099,0
DA:1100,0
DA:1102,0
DA:1105,0
DA:1107,0
DA:1115,0
DA:1122,0
DA:1133,0
DA:1140,0
DA:1141,0
DA:1145,0
DA:1147,0
DA:1148,0
DA:1156,0
DA:1157,0
DA:1158,0
DA:1161,0
DA:1162,0
DA:1169,0
DA:1170,0
DA:1171,0
DA:1172,0
DA:1173,0
DA:1176,0
DA:1177,0
DA:1178,0
DA:1183,0
DA:1184,0
DA:1186,0
DA:1191,0
DA:1192,0
DA:1193,0
DA:1194,0
DA:1195,0
DA:1196,0
DA:1205,0
DA:1215,0
DA:1216,0
DA:1224,0
DA:1225,0
DA:1226,0
DA:1229,0
DA:1230,0
DA:1235,0
DA:1236,0
DA:1237,0
DA:1240,0
DA:1241,0
DA:1244,0
DA:1252,0
DA:1253,0
DA:1262,0
DA:1263,0
DA:1264,0
DA:1266,0
DA:1271,0
DA:1277,27
DA:1279,27
DA:1281,0
DA:1283,0
DA:1284,0
DA:1286,0
DA:1287,0
DA:1288,0
DA:1289,0
DA:1290,0
DA:1291,0
DA:1292,0
DA:1293,0
LF:227
LH:6
BRDA:629,0,0,0
BRDA:629,0,1,0
BRDA:644,1,0,0
BRDA:644,1,1,0
BRDA:644,2,0,0
BRDA:644,2,1,0
BRDA:656,3,0,0
BRDA:656,3,1,0
BRDA:668,4,0,0
BRDA:668,4,1,0
BRDA:692,5,0,0
BRDA:692,5,1,0
BRDA:692,6,0,0
BRDA:692,6,1,0
BRDA:697,7,0,0
BRDA:697,7,1,0
BRDA:697,7,2,0
BRDA:697,7,3,0
BRDA:697,7,4,0
BRDA:697,7,5,0
BRDA:697,7,6,0
BRDA:697,7,7,0
BRDA:697,7,8,0
BRDA:699,8,0,0
BRDA:699,8,1,0
BRDA:705,9,0,0
BRDA:705,9,1,0
BRDA:705,10,0,0
BRDA:705,10,1,0
BRDA:716,11,0,0
BRDA:716,11,1,0
BRDA:724,12,0,0
BRDA:724,12,1,0
BRDA:724,13,0,0
BRDA:724,13,1,0
BRDA:731,14,0,0
BRDA:731,14,1,0
BRDA:731,15,0,0
BRDA:731,15,1,0
BRDA:742,16,0,0
BRDA:742,16,1,0
BRDA:748,17,0,0
BRDA:748,17,1,0
BRDA:749,18,0,0
BRDA:749,18,1,0
BRDA:761,19,0,0
BRDA:761,19,1,0
BRDA:769,20,0,0
BRDA:769,20,1,0
BRDA:769,21,0,0
BRDA:769,21,1,0
BRDA:776,22,0,0
BRDA:776,22,1,0
BRDA:776,23,0,0
BRDA:776,23,1,0
BRDA:785,24,0,0
BRDA:785,24,1,0
BRDA:785,25,0,0
BRDA:785,25,1,0
BRDA:789,26,0,0
BRDA:789,26,1,0
BRDA:793,27,0,0
BRDA:793,27,1,0
BRDA:793,28,0,0
BRDA:793,28,1,0
BRDA:805,29,0,0
BRDA:805,29,1,0
BRDA:806,30,0,0
BRDA:806,30,1,0
BRDA:806,30,2,0
BRDA:806,30,3,0
BRDA:806,30,4,0
BRDA:821,31,0,0
BRDA:821,31,1,0
BRDA:831,32,0,0
BRDA:831,32,1,0
BRDA:841,33,0,0
BRDA:841,33,1,0
BRDA:858,34,0,0
BRDA:858,34,1,0
BRDA:858,35,0,0
BRDA:858,35,1,0
BRDA:862,36,0,0
BRDA:862,36,1,0
BRDA:862,36,2,0
BRDA:862,36,3,0
BRDA:862,36,4,0
BRDA:862,36,5,0
BRDA:862,36,6,0
BRDA:862,36,7,0
BRDA:862,36,8,0
BRDA:862,36,9,0
BRDA:876,37,0,0
BRDA:876,37,1,0
BRDA:877,38,0,0
BRDA:877,38,1,0
BRDA:877,39,0,0
BRDA:877,39,1,0
BRDA:878,40,0,0
BRDA:878,40,1,0
BRDA:878,41,0,0
BRDA:878,41,1,0
BRDA:896,42,0,0
BRDA:896,42,1,0
BRDA:912,43,0,0
BRDA:912,43,1,0
BRDA:937,44,0,0
BRDA:937,44,1,0
BRDA:946,45,0,0
BRDA:946,45,1,0
BRDA:946,46,0,0
BRDA:946,46,1,0
BRDA:980,47,0,0
BRDA:980,47,1,0
BRDA:1005,48,0,0
BRDA:1005,48,1,0
BRDA:1015,49,0,0
BRDA:1015,49,1,0
BRDA:1015,50,0,0
BRDA:1015,50,1,0
BRDA:1019,51,0,0
BRDA:1019,51,1,0
BRDA:1019,52,0,0
BRDA:1019,52,1,0
BRDA:1020,53,0,0
BRDA:1020,53,1,0
BRDA:1023,54,0,0
BRDA:1023,54,1,0
BRDA:1027,55,0,0
BRDA:1027,55,1,0
BRDA:1027,56,0,0
BRDA:1027,56,1,0
BRDA:1027,56,2,0
BRDA:1027,56,3,0
BRDA:1031,57,0,0
BRDA:1031,57,1,0
BRDA:1035,58,0,0
BRDA:1035,58,1,0
BRDA:1036,59,0,0
BRDA:1036,59,1,0
BRDA:1044,60,0,0
BRDA:1044,60,1,0
BRDA:1044,61,0,0
BRDA:1044,61,1,0
BRDA:1044,61,2,0
BRDA:1044,61,3,0
BRDA:1054,62,0,0
BRDA:1054,62,1,0
BRDA:1054,63,0,0
BRDA:1054,63,1,0
BRDA:1061,64,0,0
BRDA:1061,64,1,0
BRDA:1063,65,0,0
BRDA:1063,65,1,0
BRDA:1075,66,0,0
BRDA:1075,66,1,0
BRDA:1089,67,0,0
BRDA:1089,67,1,0
BRDA:1089,68,0,0
BRDA:1089,68,1,0
BRDA:1093,69,0,0
BRDA:1093,69,1,0
BRDA:1097,70,0,0
BRDA:1097,70,1,0
BRDA:1105,71,0,0
BRDA:1105,71,1,0
BRDA:1157,72,0,0
BRDA:1157,72,1,0
BRDA:1177,73,0,0
BRDA:1177,73,1,0
BRDA:1184,74,0,0
BRDA:1184,74,1,0
BRDA:1184,75,0,0
BRDA:1184,75,1,0
BRDA:1193,76,0,0
BRDA:1193,76,1,0
BRDA:1195,77,0,0
BRDA:1195,77,1,0
BRDA:1195,78,0,0
BRDA:1195,78,1,0
BRDA:1206,79,0,0
BRDA:1206,79,1,0
BRDA:1207,80,0,0
BRDA:1207,80,1,0
BRDA:1225,81,0,0
BRDA:1225,81,1,0
BRDA:1225,82,0,0
BRDA:1225,82,1,0
BRDA:1237,83,0,0
BRDA:1237,83,1,0
BRDA:1261,84,0,0
BRDA:1268,85,0,0
BRDA:1268,85,1,0
BRF:193
BRH:0
end_of_record
TN:
SF:utils/scoringHelpers.js
FN:13,calculateComprehensiveScores
FN:74,storeComprehensiveScores
FN:114,getBasicInfo
FN:127,getFinancialMetrics
FN:147,getTechnicalIndicators
FN:160,getSentimentData
FN:174,calculateQualityScore
FN:202,calculateGrowthScore
FN:224,calculateValueScore
FN:248,calculateMomentumScore
FN:270,calculateSentimentScore
FN:284,calculatePositioningScore
FN:298,calculateCompositeScore
FN:311,(anonymous_13)
FN:326,assessDataQuality
FNF:15
FNH:0
FNDA:0,calculateComprehensiveScores
FNDA:0,storeComprehensiveScores
FNDA:0,getBasicInfo
FNDA:0,getFinancialMetrics
FNDA:0,getTechnicalIndicators
FNDA:0,getSentimentData
FNDA:0,calculateQualityScore
FNDA:0,calculateGrowthScore
FNDA:0,calculateValueScore
FNDA:0,calculateMomentumScore
FNDA:0,calculateSentimentScore
FNDA:0,calculatePositioningScore
FNDA:0,calculateCompositeScore
FNDA:0,(anonymous_13)
FNDA:0,assessDataQuality
DA:5,25
DA:6,25
DA:14,0
DA:21,0
DA:28,0
DA:29,0
DA:30,0
DA:34,0
DA:35,0
DA:36,0
DA:37,0
DA:38,0
DA:39,0
DA:42,0
DA:51,0
DA:64,0
DA:65,0
DA:75,0
DA:76,0
DA:108,0
DA:109,0
DA:115,0
DA:116,0
DA:120,0
DA:122,0
DA:123,0
DA:128,0
DA:130,0
DA:135,0
DA:136,0
DA:137,0
DA:140,0
DA:142,0
DA:143,0
DA:148,0
DA:149,0
DA:153,0
DA:155,0
DA:156,0
DA:161,0
DA:162,0
DA:166,0
DA:168,0
DA:169,0
DA:175,0
DA:176,0
DA:178,0
DA:180,0
DA:181,0
DA:182,0
DA:183,0
DA:187,0
DA:188,0
DA:189,0
DA:190,0
DA:195,0
DA:196,0
DA:199,0
DA:203,0
DA:204,0
DA:206,0
DA:208,0
DA:209,0
DA:210,0
DA:211,0
DA:212,0
DA:217,0
DA:218,0
DA:221,0
DA:225,0
DA:226,0
DA:228,0
DA:230,0
DA:231,0
DA:232,0
DA:233,0
DA:234,0
DA:235,0
DA:241,0
DA:242,0
DA:245,0
DA:249,0
DA:250,0
DA:252,0
DA:254,0
DA:255,0
DA:256,0
DA:257,0
DA:258,0
DA:263,0
DA:264,0
DA:267,0
DA:271,0
DA:273,0
DA:275,0
DA:276,0
DA:277,0
DA:281,0
DA:285,0
DA:288,0
DA:289,0
DA:290,0
DA:291,0
DA:295,0
DA:299,0
DA:308,0
DA:309,0
DA:311,0
DA:312,0
DA:313,0
DA:314,0
DA:319,0
DA:320,0
DA:323,0
DA:327,0
DA:328,0
DA:330,0
DA:331,0
DA:332,0
DA:333,0
DA:335,0
DA:338,25
LF:122
LH:3
BRDA:28,0,0,0
BRDA:28,0,1,0
BRDA:120,1,0,0
BRDA:120,1,1,0
BRDA:136,2,0,0
BRDA:136,2,1,0
BRDA:140,3,0,0
BRDA:140,3,1,0
BRDA:153,4,0,0
BRDA:153,4,1,0
BRDA:166,5,0,0
BRDA:166,5,1,0
BRDA:178,6,0,0
BRDA:178,6,1,0
BRDA:180,7,0,0
BRDA:180,7,1,0
BRDA:180,8,0,0
BRDA:180,8,1,0
BRDA:187,9,0,0
BRDA:187,9,1,0
BRDA:187,10,0,0
BRDA:187,10,1,0
BRDA:195,11,0,0
BRDA:195,11,1,0
BRDA:195,12,0,0
BRDA:195,12,1,0
BRDA:206,13,0,0
BRDA:206,13,1,0
BRDA:208,14,0,0
BRDA:208,14,1,0
BRDA:208,15,0,0
BRDA:208,15,1,0
BRDA:217,16,0,0
BRDA:217,16,1,0
BRDA:217,17,0,0
BRDA:217,17,1,0
BRDA:228,18,0,0
BRDA:228,18,1,0
BRDA:230,19,0,0
BRDA:230,19,1,0
BRDA:230,20,0,0
BRDA:230,20,1,0
BRDA:232,21,0,0
BRDA:232,21,1,0
BRDA:232,22,0,0
BRDA:232,22,1,0
BRDA:241,23,0,0
BRDA:241,23,1,0
BRDA:241,24,0,0
BRDA:241,24,1,0
BRDA:252,25,0,0
BRDA:252,25,1,0
BRDA:254,26,0,0
BRDA:254,26,1,0
BRDA:254,27,0,0
BRDA:254,27,1,0
BRDA:256,28,0,0
BRDA:256,28,1,0
BRDA:256,29,0,0
BRDA:256,29,1,0
BRDA:256,30,0,0
BRDA:256,30,1,0
BRDA:263,31,0,0
BRDA:263,31,1,0
BRDA:263,32,0,0
BRDA:263,32,1,0
BRDA:273,33,0,0
BRDA:273,33,1,0
BRDA:275,34,0,0
BRDA:275,34,1,0
BRDA:275,35,0,0
BRDA:275,35,1,0
BRDA:288,36,0,0
BRDA:288,36,1,0
BRDA:289,37,0,0
BRDA:289,37,1,0
BRDA:289,38,0,0
BRDA:289,38,1,0
BRDA:291,39,0,0
BRDA:291,39,1,0
BRDA:312,40,0,0
BRDA:312,40,1,0
BRDA:312,41,0,0
BRDA:312,41,1,0
BRDA:312,41,2,0
BRDA:319,42,0,0
BRDA:319,42,1,0
BRDA:319,43,0,0
BRDA:319,43,1,0
BRDA:330,44,0,0
BRDA:330,44,1,0
BRDA:331,45,0,0
BRDA:331,45,1,0
BRDA:331,46,0,0
BRDA:331,46,1,0
BRDA:332,47,0,0
BRDA:332,47,1,0
BRDA:332,48,0,0
BRDA:332,48,1,0
BRDA:333,49,0,0
BRDA:333,49,1,0
BRDA:333,50,0,0
BRDA:333,50,1,0
BRF:103
BRH:0
end_of_record
TN:
SF:utils/sentimentEngine.js
FN:4,(anonymous_0)
FN:28,(anonymous_1)
FN:54,(anonymous_2)
FN:88,(anonymous_3)
FN:89,(anonymous_4)
FN:92,(anonymous_5)
FNF:6
FNH:0
FNDA:0,(anonymous_0)
FNDA:0,(anonymous_1)
FNDA:0,(anonymous_2)
FNDA:0,(anonymous_3)
FNDA:0,(anonymous_4)
FNDA:0,(anonymous_5)
DA:1,27
DA:5,0
DA:6,0
DA:13,0
DA:14,0
DA:29,0
DA:30,0
DA:31,0
DA:35,0
DA:36,0
DA:37,0
DA:38,0
DA:40,0
DA:43,0
DA:44,0
DA:55,0
DA:56,0
DA:57,0
DA:61,0
DA:72,0
DA:84,0
DA:85,0
DA:86,0
DA:88,0
DA:89,0
DA:90,0
DA:92,0
DA:93,0
DA:97,0
DA:98,0
DA:99,0
DA:101,0
DA:102,0
DA:103,0
DA:106,0
DA:108,0
DA:119,0
DA:120,0
DA:132,27
LF:39
LH:2
BRDA:4,0,0,0
BRDA:30,1,0,0
BRDA:30,1,1,0
BRDA:30,2,0,0
BRDA:30,2,1,0
BRDA:35,3,0,0
BRDA:35,3,1,0
BRDA:37,4,0,0
BRDA:37,4,1,0
BRDA:54,5,0,0
BRDA:56,6,0,0
BRDA:56,6,1,0
BRDA:56,7,0,0
BRDA:56,7,1,0
BRDA:89,8,0,0
BRDA:89,8,1,0
BRDA:92,9,0,0
BRDA:92,9,1,0
BRDA:101,10,0,0
BRDA:101,10,1,0
BRDA:112,11,0,0
BRDA:112,11,1,0
BRDA:124,12,0,0
BRDA:124,12,1,0
BRF:24
BRH:0
end_of_record
TN:
SF:utils/tradingModeHelper.js
FN:15,getUserTradingMode
FN:55,addTradingModeContext
FN:82,validateTradingOperation
FN:140,checkLiveTradingRequirements
FN:149,(anonymous_4)
FN:164,getTradingModeTable
FN:186,executeWithTradingMode
FN:229,formatPortfolioWithMode
FN:247,getCurrentMode
FN:252,switchMode
FN:295,validateModeRequirements
FN:335,configureTradingEnvironment
FN:357,performEnvironmentHealthCheck
FN:366,(anonymous_13)
FN:385,validateOrderAgainstRiskLimits
FN:424,getPaperTradingPerformance
FN:435,runBacktest
FN:449,validateCredentialSecurity
FN:458,handleSystemFailure
FN:468,checkNetworkConnectivity
FN:477,getComplianceStatus
FNF:21
FNH:0
FNDA:0,getUserTradingMode
FNDA:0,addTradingModeContext
FNDA:0,validateTradingOperation
FNDA:0,checkLiveTradingRequirements
FNDA:0,(anonymous_4)
FNDA:0,getTradingModeTable
FNDA:0,executeWithTradingMode
FNDA:0,formatPortfolioWithMode
FNDA:0,getCurrentMode
FNDA:0,switchMode
FNDA:0,validateModeRequirements
FNDA:0,configureTradingEnvironment
FNDA:0,performEnvironmentHealthCheck
FNDA:0,(anonymous_13)
FNDA:0,validateOrderAgainstRiskLimits
FNDA:0,getPaperTradingPerformance
FNDA:0,runBacktest
FNDA:0,validateCredentialSecurity
FNDA:0,handleSystemFailure
FNDA:0,checkNetworkConnectivity
FNDA:0,getComplianceStatus
DA:8,28
DA:16,0
DA:18,0
DA:23,0
DA:26,0
DA:27,0
DA:29,0
DA:37,0
DA:40,0
DA:56,0
DA:58,0
DA:83,0
DA:86,0
DA:87,0
DA:95,0
DA:97,0
DA:99,0
DA:100,0
DA:108,0
DA:109,0
DA:112,0
DA:113,0
DA:121,0
DA:128,0
DA:141,0
DA:143,0
DA:149,0
DA:151,0
DA:153,0
DA:154,0
DA:165,0
DA:169,0
DA:171,0
DA:187,0
DA:188,0
DA:191,0
DA:193,0
DA:195,0
DA:196,0
DA:197,0
DA:204,0
DA:205,0
DA:206,0
DA:207,0
DA:208,0
DA:215,0
DA:218,0
DA:219,0
DA:230,0
DA:232,0
DA:248,0
DA:249,0
DA:253,0
DA:254,0
DA:255,0
DA:261,0
DA:262,0
DA:268,0
DA:270,0
DA:281,0
DA:288,0
DA:296,0
DA:297,0
DA:298,0
DA:305,0
DA:310,0
DA:311,0
DA:314,0
DA:316,0
DA:319,0
DA:326,0
DA:336,0
DA:337,0
DA:349,0
DA:358,0
DA:359,0
DA:366,0
DA:368,0
DA:376,0
DA:386,0
DA:387,0
DA:394,0
DA:395,0
DA:396,0
DA:398,0
DA:399,0
DA:402,0
DA:411,0
DA:425,0
DA:436,0
DA:450,0
DA:459,0
DA:469,0
DA:478,0
DA:487,28
LF:95
LH:2
BRDA:27,0,0,0
BRDA:27,0,1,0
BRDA:33,1,0,0
BRDA:33,1,1,0
BRDA:64,2,0,0
BRDA:64,2,1,0
BRDA:67,3,0,0
BRDA:67,3,1,0
BRDA:68,4,0,0
BRDA:68,4,1,0
BRDA:82,5,0,0
BRDA:86,6,0,0
BRDA:86,6,1,0
BRDA:95,7,0,0
BRDA:95,7,1,0
BRDA:99,8,0,0
BRDA:99,8,1,0
BRDA:108,9,0,0
BRDA:108,9,1,0
BRDA:109,10,0,0
BRDA:109,10,1,0
BRDA:109,11,0,0
BRDA:109,11,1,0
BRDA:112,12,0,0
BRDA:112,12,1,0
BRDA:112,13,0,0
BRDA:112,13,1,0
BRDA:204,14,0,0
BRDA:204,14,1,0
BRDA:237,15,0,0
BRDA:237,15,1,0
BRDA:240,16,0,0
BRDA:240,16,1,0
BRDA:254,17,0,0
BRDA:254,17,1,0
BRDA:254,18,0,0
BRDA:254,18,1,0
BRDA:261,19,0,0
BRDA:261,19,1,0
BRDA:284,20,0,0
BRDA:284,20,1,0
BRDA:297,21,0,0
BRDA:297,21,1,0
BRDA:310,22,0,0
BRDA:310,22,1,0
BRDA:314,23,0,0
BRDA:314,23,1,0
BRDA:342,24,0,0
BRDA:342,24,1,0
BRDA:343,25,0,0
BRDA:343,25,1,0
BRDA:344,26,0,0
BRDA:344,26,1,0
BRDA:373,27,0,0
BRDA:373,27,1,0
BRDA:388,28,0,0
BRDA:388,28,1,0
BRDA:395,29,0,0
BRDA:395,29,1,0
BRDA:398,30,0,0
BRDA:398,30,1,0
BRDA:445,31,0,0
BRDA:445,31,1,0
BRDA:462,32,0,0
BRDA:462,32,1,0
BRF:65
BRH:0
end_of_record
