<?xml version="1.0" encoding="UTF-8"?>
<testsuites name="jest tests" tests="30" failures="1" errors="0" time="1.435">
  <testsuite name="Risk Manager Unit Tests" errors="0" failures="1" skipped="0" timestamp="2025-07-21T14:20:07" time="1.41" tests="30">
    <testcase classname="Risk Manager Unit Tests › Position Size Calculation" name="calculates position size with valid parameters" time="0.008">
    </testcase>
    <testcase classname="Risk Manager Unit Tests › Position Size Calculation" name="validates input parameters" time="0.029">
    </testcase>
    <testcase classname="Risk Manager Unit Tests › Position Size Calculation" name="applies signal confidence adjustments correctly" time="0.003">
    </testcase>
    <testcase classname="Risk Manager Unit Tests › Position Size Calculation" name="respects maximum position size limits" time="0.002">
    </testcase>
    <testcase classname="Risk Manager Unit Tests › Position Size Calculation" name="handles missing signal gracefully" time="0.002">
    </testcase>
    <testcase classname="Risk Manager Unit Tests › Base Position Size Calculation" name="calculates base size from risk per trade" time="0.002">
    </testcase>
    <testcase classname="Risk Manager Unit Tests › Base Position Size Calculation" name="adjusts for signal confidence" time="0.002">
    </testcase>
    <testcase classname="Risk Manager Unit Tests › Base Position Size Calculation" name="adjusts for signal strength" time="0.002">
    </testcase>
    <testcase classname="Risk Manager Unit Tests › Base Position Size Calculation" name="respects maximum position size cap" time="0.002">
    </testcase>
    <testcase classname="Risk Manager Unit Tests › Volatility Adjustment" name="reduces position size for high volatility assets" time="0.002">
    </testcase>
    <testcase classname="Risk Manager Unit Tests › Volatility Adjustment" name="allows larger position size for low volatility assets" time="0.002">
    </testcase>
    <testcase classname="Risk Manager Unit Tests › Volatility Adjustment" name="handles missing volatility data gracefully" time="0.002">
    </testcase>
    <testcase classname="Risk Manager Unit Tests › Volatility Adjustment" name="applies volatility adjustment bounds" time="0.001">
    </testcase>
    <testcase classname="Risk Manager Unit Tests › Portfolio Risk Assessment" name="calculates comprehensive risk metrics" time="0.006">
      <failure>Error: expect(received).toBeGreaterThanOrEqual(expected)

Expected: &gt;= 0
Received:    NaN
    at Object.toBeGreaterThanOrEqual (/home/stocks/algo/webapp/lambda/tests/unit/risk-manager.test.js:311:47)
    at processTicksAndRejections (node:internal/process/task_queues:95:5)</failure>
    </testcase>
    <testcase classname="Risk Manager Unit Tests › Portfolio Risk Assessment" name="identifies high concentration risk" time="0.003">
    </testcase>
    <testcase classname="Risk Manager Unit Tests › Portfolio Risk Assessment" name="identifies high correlation risk" time="0.005">
    </testcase>
    <testcase classname="Risk Manager Unit Tests › Concentration Limits" name="applies concentration limits correctly" time="0.002">
    </testcase>
    <testcase classname="Risk Manager Unit Tests › Concentration Limits" name="allows position when concentration is within limits" time="0.001">
    </testcase>
    <testcase classname="Risk Manager Unit Tests › Concentration Limits" name="handles new positions correctly" time="0.002">
    </testcase>
    <testcase classname="Risk Manager Unit Tests › Sector Limits" name="applies sector concentration limits" time="0.001">
    </testcase>
    <testcase classname="Risk Manager Unit Tests › Sector Limits" name="allows position in underweight sectors" time="0.002">
    </testcase>
    <testcase classname="Risk Manager Unit Tests › Risk Recommendation Generation" name="generates conservative recommendation for high risk" time="0.002">
    </testcase>
    <testcase classname="Risk Manager Unit Tests › Risk Recommendation Generation" name="generates positive recommendation for low risk" time="0.001">
    </testcase>
    <testcase classname="Risk Manager Unit Tests › Risk Recommendation Generation" name="provides actionable recommendations" time="0.002">
    </testcase>
    <testcase classname="Risk Manager Unit Tests › Error Handling" name="handles database errors gracefully" time="0.002">
    </testcase>
    <testcase classname="Risk Manager Unit Tests › Error Handling" name="handles invalid volatility data" time="0.002">
    </testcase>
    <testcase classname="Risk Manager Unit Tests › Error Handling" name="handles empty portfolio composition" time="0.002">
    </testcase>
    <testcase classname="Risk Manager Unit Tests › Performance and Edge Cases" name="completes position sizing calculation within reasonable time" time="0.002">
    </testcase>
    <testcase classname="Risk Manager Unit Tests › Performance and Edge Cases" name="handles very small portfolio values" time="0.002">
    </testcase>
    <testcase classname="Risk Manager Unit Tests › Performance and Edge Cases" name="handles very large portfolio values" time="0.001">
    </testcase>
  </testsuite>
</testsuites>