<?xml version="1.0" encoding="UTF-8"?>
<testsuites name="jest tests" tests="6" failures="0" errors="0" time="1.819">
  <testsuite name="Settings API Keys Route" errors="0" failures="0" skipped="5" timestamp="2025-07-23T23:15:22" time="1.794" tests="6">
    <testcase classname="Settings API Keys Route › GET /api/settings/api-keys" name="should return data in correct format expected by frontend" time="0.064">
    </testcase>
    <testcase classname="Settings API Keys Route › GET /api/settings/api-keys" name="should handle API key service disabled gracefully" time="0">
      <skipped/>
    </testcase>
    <testcase classname="Settings API Keys Route › GET /api/settings/api-keys" name="should handle API key service errors gracefully" time="0">
      <skipped/>
    </testcase>
    <testcase classname="Settings API Keys Route › GET /api/settings/api-keys" name="should require authentication" time="0">
      <skipped/>
    </testcase>
    <testcase classname="Settings API Keys Route › GET /api/settings/api-keys" name="should validate user ID from token" time="0">
      <skipped/>
    </testcase>
    <testcase classname="Settings API Keys Route › GET /api/settings/api-keys" name="should call API key service with correct user ID" time="0">
      <skipped/>
    </testcase>
  </testsuite>
</testsuites>