<?xml version="1.0" encoding="UTF-8"?>
<testsuites name="jest tests" tests="39" failures="0" errors="0" time="1.502">
  <testsuite name="Technical Analysis Service Unit Tests" errors="0" failures="0" skipped="0" timestamp="2025-07-21T12:53:49" time="1.477" tests="39">
    <testcase classname="Technical Analysis Service Unit Tests › Service Initialization" name="initializes with correct indicators" time="0.062">
    </testcase>
    <testcase classname="Technical Analysis Service Unit Tests › Service Initialization" name="indicators are callable functions" time="0.002">
    </testcase>
    <testcase classname="Technical Analysis Service Unit Tests › Multiple Indicators Calculation" name="calculates multiple indicators successfully" time="0.002">
    </testcase>
    <testcase classname="Technical Analysis Service Unit Tests › Multiple Indicators Calculation" name="handles invalid data input" time="0.029">
    </testcase>
    <testcase classname="Technical Analysis Service Unit Tests › Multiple Indicators Calculation" name="handles unknown indicators gracefully" time="0.001">
    </testcase>
    <testcase classname="Technical Analysis Service Unit Tests › Multiple Indicators Calculation" name="continues calculation when one indicator fails" time="0.001">
    </testcase>
    <testcase classname="Technical Analysis Service Unit Tests › RSI (Relative Strength Index)" name="calculates RSI with default period" time="0.005">
    </testcase>
    <testcase classname="Technical Analysis Service Unit Tests › RSI (Relative Strength Index)" name="calculates RSI with custom period" time="0.001">
    </testcase>
    <testcase classname="Technical Analysis Service Unit Tests › RSI (Relative Strength Index)" name="generates correct RSI signals" time="0.001">
    </testcase>
    <testcase classname="Technical Analysis Service Unit Tests › RSI (Relative Strength Index)" name="requires sufficient data" time="0.002">
    </testcase>
    <testcase classname="Technical Analysis Service Unit Tests › RSI (Relative Strength Index)" name="handles flat price data" time="0.002">
    </testcase>
    <testcase classname="Technical Analysis Service Unit Tests › MACD (Moving Average Convergence Divergence)" name="calculates MACD with default parameters" time="0.003">
    </testcase>
    <testcase classname="Technical Analysis Service Unit Tests › MACD (Moving Average Convergence Divergence)" name="calculates MACD with custom parameters" time="0.001">
    </testcase>
    <testcase classname="Technical Analysis Service Unit Tests › MACD (Moving Average Convergence Divergence)" name="generates MACD buy/sell signals" time="0.002">
    </testcase>
    <testcase classname="Technical Analysis Service Unit Tests › MACD (Moving Average Convergence Divergence)" name="requires sufficient data for MACD" time="0.001">
    </testcase>
    <testcase classname="Technical Analysis Service Unit Tests › Bollinger Bands" name="calculates Bollinger Bands with default parameters" time="0.004">
    </testcase>
    <testcase classname="Technical Analysis Service Unit Tests › Bollinger Bands" name="validates band relationships" time="0.002">
    </testcase>
    <testcase classname="Technical Analysis Service Unit Tests › Bollinger Bands" name="generates Bollinger Band signals" time="0.001">
    </testcase>
    <testcase classname="Technical Analysis Service Unit Tests › Bollinger Bands" name="calculates with custom standard deviation" time="0.002">
    </testcase>
    <testcase classname="Technical Analysis Service Unit Tests › Simple Moving Average (SMA)" name="calculates SMA correctly" time="0.001">
    </testcase>
    <testcase classname="Technical Analysis Service Unit Tests › Simple Moving Average (SMA)" name="handles period larger than data length" time="0.001">
    </testcase>
    <testcase classname="Technical Analysis Service Unit Tests › Simple Moving Average (SMA)" name="calculates SMA with timestamps" time="0.002">
    </testcase>
    <testcase classname="Technical Analysis Service Unit Tests › Exponential Moving Average (EMA)" name="calculates EMA correctly" time="0.002">
    </testcase>
    <testcase classname="Technical Analysis Service Unit Tests › Exponential Moving Average (EMA)" name="EMA responds faster than SMA to price changes" time="0.001">
    </testcase>
    <testcase classname="Technical Analysis Service Unit Tests › Exponential Moving Average (EMA)" name="requires sufficient data" time="0.001">
    </testcase>
    <testcase classname="Technical Analysis Service Unit Tests › Stochastic Oscillator" name="calculates Stochastic with default parameters" time="0.004">
    </testcase>
    <testcase classname="Technical Analysis Service Unit Tests › Stochastic Oscillator" name="validates Stochastic value ranges" time="0.003">
    </testcase>
    <testcase classname="Technical Analysis Service Unit Tests › Stochastic Oscillator" name="generates overbought/oversold signals" time="0">
    </testcase>
    <testcase classname="Technical Analysis Service Unit Tests › Williams %R" name="calculates Williams %R correctly" time="0.003">
    </testcase>
    <testcase classname="Technical Analysis Service Unit Tests › Williams %R" name="generates Williams %R signals" time="0.002">
    </testcase>
    <testcase classname="Technical Analysis Service Unit Tests › Williams %R" name="requires sufficient data" time="0.001">
    </testcase>
    <testcase classname="Technical Analysis Service Unit Tests › Edge Cases and Error Handling" name="handles missing price data fields" time="0.002">
    </testcase>
    <testcase classname="Technical Analysis Service Unit Tests › Edge Cases and Error Handling" name="handles zero and negative prices" time="0.001">
    </testcase>
    <testcase classname="Technical Analysis Service Unit Tests › Edge Cases and Error Handling" name="handles single data point" time="0.001">
    </testcase>
    <testcase classname="Technical Analysis Service Unit Tests › Edge Cases and Error Handling" name="handles very large datasets efficiently" time="0.003">
    </testcase>
    <testcase classname="Technical Analysis Service Unit Tests › Signal Generation" name="generates consistent signals across indicators" time="0.001">
    </testcase>
    <testcase classname="Technical Analysis Service Unit Tests › Signal Generation" name="signal timestamps match data timestamps" time="0.001">
    </testcase>
    <testcase classname="Technical Analysis Service Unit Tests › Mathematical Accuracy" name="SMA calculation matches manual calculation" time="0.001">
    </testcase>
    <testcase classname="Technical Analysis Service Unit Tests › Mathematical Accuracy" name="RSI boundary conditions" time="0.001">
    </testcase>
  </testsuite>
</testsuites>