<?xml version="1.0" encoding="UTF-8"?>
<testsuites name="jest tests" tests="16" failures="0" errors="0" time="1.674">
  <testsuite name="📊 Market Prices and Metrics Endpoints" errors="0" failures="0" skipped="0" timestamp="2025-07-23T21:09:46" time="1.643" tests="16">
    <testcase classname="📊 Market Prices and Metrics Endpoints › GET /api/market/prices/:symbol" name="should return price data for valid symbol when table exists" time="0.053">
    </testcase>
    <testcase classname="📊 Market Prices and Metrics Endpoints › GET /api/market/prices/:symbol" name="should return 503 when table does not exist (no fallback)" time="0.008">
    </testcase>
    <testcase classname="📊 Market Prices and Metrics Endpoints › GET /api/market/prices/:symbol" name="should return 404 when no price data found (no fallback)" time="0.006">
    </testcase>
    <testcase classname="📊 Market Prices and Metrics Endpoints › GET /api/market/prices/:symbol" name="should validate symbol format" time="0.004">
    </testcase>
    <testcase classname="📊 Market Prices and Metrics Endpoints › GET /api/market/prices/:symbol" name="should handle database errors gracefully" time="0.007">
    </testcase>
    <testcase classname="📊 Market Prices and Metrics Endpoints › GET /api/market/prices/:symbol" name="should handle case-insensitive symbols" time="0.005">
    </testcase>
    <testcase classname="📊 Market Prices and Metrics Endpoints › GET /api/market/metrics/:symbol" name="should return metrics data for valid symbol when table exists" time="0.007">
    </testcase>
    <testcase classname="📊 Market Prices and Metrics Endpoints › GET /api/market/metrics/:symbol" name="should return 503 when table does not exist (no fallback)" time="0.005">
    </testcase>
    <testcase classname="📊 Market Prices and Metrics Endpoints › GET /api/market/metrics/:symbol" name="should return 404 when no metrics data found (no fallback)" time="0.005">
    </testcase>
    <testcase classname="📊 Market Prices and Metrics Endpoints › GET /api/market/metrics/:symbol" name="should validate symbol format for metrics" time="0.005">
    </testcase>
    <testcase classname="📊 Market Prices and Metrics Endpoints › GET /api/market/metrics/:symbol" name="should handle database errors in metrics endpoint" time="0.005">
    </testcase>
    <testcase classname="📊 Market Prices and Metrics Endpoints › GET /api/market/metrics/:symbol" name="should handle null/undefined metric values" time="0.004">
    </testcase>
    <testcase classname="📊 Market Prices and Metrics Endpoints › Symbol validation" name="should properly handle valid symbols when no infrastructure" time="0.013">
    </testcase>
    <testcase classname="📊 Market Prices and Metrics Endpoints › Symbol validation" name="should handle various symbol formats with proper errors" time="0.01">
    </testcase>
    <testcase classname="📊 Market Prices and Metrics Endpoints › Error handling" name="should handle malformed database responses" time="0.005">
    </testcase>
    <testcase classname="📊 Market Prices and Metrics Endpoints › Error handling" name="should handle database query timeout" time="0.005">
    </testcase>
  </testsuite>
</testsuites>