<?xml version="1.0" encoding="UTF-8"?>
<testsuites name="Integration Tests" tests="15" failures="15" errors="0" time="0.933">
  <testsuite name="REAL AWS Infrastructure Integration Tests" errors="0" failures="15" skipped="0" timestamp="2025-07-22T23:56:27" time="0.91" tests="15">
    <testcase classname="Integration.REAL AWS Infrastructure Integration Tests › Real API Gateway Integration" name="API Gateway returns proper CORS headers" time="0">
      <failure>ValidationError: Stack with id stocks-webapp-prod does not exist
    at Request.extractError (/home/stocks/algo/webapp/lambda/node_modules/aws-sdk/lib/protocol/query.js:50:29)
    at Request.callListeners (/home/stocks/algo/webapp/lambda/node_modules/aws-sdk/lib/sequential_executor.js:106:20)
    at Request.emit (/home/stocks/algo/webapp/lambda/node_modules/aws-sdk/lib/sequential_executor.js:78:10)
    at Request.emit (/home/stocks/algo/webapp/lambda/node_modules/aws-sdk/lib/request.js:686:14)
    at Request.transition (/home/stocks/algo/webapp/lambda/node_modules/aws-sdk/lib/request.js:22:10)
    at AcceptorStateMachine.runTo (/home/stocks/algo/webapp/lambda/node_modules/aws-sdk/lib/state_machine.js:14:12)
    at /home/stocks/algo/webapp/lambda/node_modules/aws-sdk/lib/state_machine.js:26:10
    at Request.&lt;anonymous&gt; (/home/stocks/algo/webapp/lambda/node_modules/aws-sdk/lib/request.js:38:9)
    at Request.&lt;anonymous&gt; (/home/stocks/algo/webapp/lambda/node_modules/aws-sdk/lib/request.js:688:12)
    at Request.callListeners (/home/stocks/algo/webapp/lambda/node_modules/aws-sdk/lib/sequential_executor.js:116:18)
    at Request.emit (/home/stocks/algo/webapp/lambda/node_modules/aws-sdk/lib/sequential_executor.js:78:10)
    at Request.emit (/home/stocks/algo/webapp/lambda/node_modules/aws-sdk/lib/request.js:686:14)
    at Request.transition (/home/stocks/algo/webapp/lambda/node_modules/aws-sdk/lib/request.js:22:10)
    at AcceptorStateMachine.runTo (/home/stocks/algo/webapp/lambda/node_modules/aws-sdk/lib/state_machine.js:14:12)
    at /home/stocks/algo/webapp/lambda/node_modules/aws-sdk/lib/state_machine.js:26:10
    at Request.&lt;anonymous&gt; (/home/stocks/algo/webapp/lambda/node_modules/aws-sdk/lib/request.js:38:9)
    at Request.&lt;anonymous&gt; (/home/stocks/algo/webapp/lambda/node_modules/aws-sdk/lib/request.js:688:12)
    at Request.callListeners (/home/stocks/algo/webapp/lambda/node_modules/aws-sdk/lib/sequential_executor.js:116:18)
    at callNextListener (/home/stocks/algo/webapp/lambda/node_modules/aws-sdk/lib/sequential_executor.js:96:12)
    at IncomingMessage.onEnd (/home/stocks/algo/webapp/lambda/node_modules/aws-sdk/lib/event_listeners.js:417:13)
    at IncomingMessage.emit (node:events:529:35)
    at IncomingMessage.emit (node:domain:489:12)
    at endReadableNT (node:internal/streams/readable:1400:12)
    at processTicksAndRejections (node:internal/process/task_queues:82:21)</failure>
    </testcase>
    <testcase classname="Integration.REAL AWS Infrastructure Integration Tests › Real API Gateway Integration" name="Health endpoint returns real status from deployed Lambda" time="0">
      <failure>ValidationError: Stack with id stocks-webapp-prod does not exist
    at Request.extractError (/home/stocks/algo/webapp/lambda/node_modules/aws-sdk/lib/protocol/query.js:50:29)
    at Request.callListeners (/home/stocks/algo/webapp/lambda/node_modules/aws-sdk/lib/sequential_executor.js:106:20)
    at Request.emit (/home/stocks/algo/webapp/lambda/node_modules/aws-sdk/lib/sequential_executor.js:78:10)
    at Request.emit (/home/stocks/algo/webapp/lambda/node_modules/aws-sdk/lib/request.js:686:14)
    at Request.transition (/home/stocks/algo/webapp/lambda/node_modules/aws-sdk/lib/request.js:22:10)
    at AcceptorStateMachine.runTo (/home/stocks/algo/webapp/lambda/node_modules/aws-sdk/lib/state_machine.js:14:12)
    at /home/stocks/algo/webapp/lambda/node_modules/aws-sdk/lib/state_machine.js:26:10
    at Request.&lt;anonymous&gt; (/home/stocks/algo/webapp/lambda/node_modules/aws-sdk/lib/request.js:38:9)
    at Request.&lt;anonymous&gt; (/home/stocks/algo/webapp/lambda/node_modules/aws-sdk/lib/request.js:688:12)
    at Request.callListeners (/home/stocks/algo/webapp/lambda/node_modules/aws-sdk/lib/sequential_executor.js:116:18)
    at Request.emit (/home/stocks/algo/webapp/lambda/node_modules/aws-sdk/lib/sequential_executor.js:78:10)
    at Request.emit (/home/stocks/algo/webapp/lambda/node_modules/aws-sdk/lib/request.js:686:14)
    at Request.transition (/home/stocks/algo/webapp/lambda/node_modules/aws-sdk/lib/request.js:22:10)
    at AcceptorStateMachine.runTo (/home/stocks/algo/webapp/lambda/node_modules/aws-sdk/lib/state_machine.js:14:12)
    at /home/stocks/algo/webapp/lambda/node_modules/aws-sdk/lib/state_machine.js:26:10
    at Request.&lt;anonymous&gt; (/home/stocks/algo/webapp/lambda/node_modules/aws-sdk/lib/request.js:38:9)
    at Request.&lt;anonymous&gt; (/home/stocks/algo/webapp/lambda/node_modules/aws-sdk/lib/request.js:688:12)
    at Request.callListeners (/home/stocks/algo/webapp/lambda/node_modules/aws-sdk/lib/sequential_executor.js:116:18)
    at callNextListener (/home/stocks/algo/webapp/lambda/node_modules/aws-sdk/lib/sequential_executor.js:96:12)
    at IncomingMessage.onEnd (/home/stocks/algo/webapp/lambda/node_modules/aws-sdk/lib/event_listeners.js:417:13)
    at IncomingMessage.emit (node:events:529:35)
    at IncomingMessage.emit (node:domain:489:12)
    at endReadableNT (node:internal/streams/readable:1400:12)
    at processTicksAndRejections (node:internal/process/task_queues:82:21)</failure>
    </testcase>
    <testcase classname="Integration.REAL AWS Infrastructure Integration Tests › Real API Gateway Integration" name="Authentication endpoints work with real AWS infrastructure" time="0">
      <failure>ValidationError: Stack with id stocks-webapp-prod does not exist
    at Request.extractError (/home/stocks/algo/webapp/lambda/node_modules/aws-sdk/lib/protocol/query.js:50:29)
    at Request.callListeners (/home/stocks/algo/webapp/lambda/node_modules/aws-sdk/lib/sequential_executor.js:106:20)
    at Request.emit (/home/stocks/algo/webapp/lambda/node_modules/aws-sdk/lib/sequential_executor.js:78:10)
    at Request.emit (/home/stocks/algo/webapp/lambda/node_modules/aws-sdk/lib/request.js:686:14)
    at Request.transition (/home/stocks/algo/webapp/lambda/node_modules/aws-sdk/lib/request.js:22:10)
    at AcceptorStateMachine.runTo (/home/stocks/algo/webapp/lambda/node_modules/aws-sdk/lib/state_machine.js:14:12)
    at /home/stocks/algo/webapp/lambda/node_modules/aws-sdk/lib/state_machine.js:26:10
    at Request.&lt;anonymous&gt; (/home/stocks/algo/webapp/lambda/node_modules/aws-sdk/lib/request.js:38:9)
    at Request.&lt;anonymous&gt; (/home/stocks/algo/webapp/lambda/node_modules/aws-sdk/lib/request.js:688:12)
    at Request.callListeners (/home/stocks/algo/webapp/lambda/node_modules/aws-sdk/lib/sequential_executor.js:116:18)
    at Request.emit (/home/stocks/algo/webapp/lambda/node_modules/aws-sdk/lib/sequential_executor.js:78:10)
    at Request.emit (/home/stocks/algo/webapp/lambda/node_modules/aws-sdk/lib/request.js:686:14)
    at Request.transition (/home/stocks/algo/webapp/lambda/node_modules/aws-sdk/lib/request.js:22:10)
    at AcceptorStateMachine.runTo (/home/stocks/algo/webapp/lambda/node_modules/aws-sdk/lib/state_machine.js:14:12)
    at /home/stocks/algo/webapp/lambda/node_modules/aws-sdk/lib/state_machine.js:26:10
    at Request.&lt;anonymous&gt; (/home/stocks/algo/webapp/lambda/node_modules/aws-sdk/lib/request.js:38:9)
    at Request.&lt;anonymous&gt; (/home/stocks/algo/webapp/lambda/node_modules/aws-sdk/lib/request.js:688:12)
    at Request.callListeners (/home/stocks/algo/webapp/lambda/node_modules/aws-sdk/lib/sequential_executor.js:116:18)
    at callNextListener (/home/stocks/algo/webapp/lambda/node_modules/aws-sdk/lib/sequential_executor.js:96:12)
    at IncomingMessage.onEnd (/home/stocks/algo/webapp/lambda/node_modules/aws-sdk/lib/event_listeners.js:417:13)
    at IncomingMessage.emit (node:events:529:35)
    at IncomingMessage.emit (node:domain:489:12)
    at endReadableNT (node:internal/streams/readable:1400:12)
    at processTicksAndRejections (node:internal/process/task_queues:82:21)</failure>
    </testcase>
    <testcase classname="Integration.REAL AWS Infrastructure Integration Tests › Real Lambda Function Integration" name="Lambda function exists and is active" time="0">
      <failure>ValidationError: Stack with id stocks-webapp-prod does not exist
    at Request.extractError (/home/stocks/algo/webapp/lambda/node_modules/aws-sdk/lib/protocol/query.js:50:29)
    at Request.callListeners (/home/stocks/algo/webapp/lambda/node_modules/aws-sdk/lib/sequential_executor.js:106:20)
    at Request.emit (/home/stocks/algo/webapp/lambda/node_modules/aws-sdk/lib/sequential_executor.js:78:10)
    at Request.emit (/home/stocks/algo/webapp/lambda/node_modules/aws-sdk/lib/request.js:686:14)
    at Request.transition (/home/stocks/algo/webapp/lambda/node_modules/aws-sdk/lib/request.js:22:10)
    at AcceptorStateMachine.runTo (/home/stocks/algo/webapp/lambda/node_modules/aws-sdk/lib/state_machine.js:14:12)
    at /home/stocks/algo/webapp/lambda/node_modules/aws-sdk/lib/state_machine.js:26:10
    at Request.&lt;anonymous&gt; (/home/stocks/algo/webapp/lambda/node_modules/aws-sdk/lib/request.js:38:9)
    at Request.&lt;anonymous&gt; (/home/stocks/algo/webapp/lambda/node_modules/aws-sdk/lib/request.js:688:12)
    at Request.callListeners (/home/stocks/algo/webapp/lambda/node_modules/aws-sdk/lib/sequential_executor.js:116:18)
    at Request.emit (/home/stocks/algo/webapp/lambda/node_modules/aws-sdk/lib/sequential_executor.js:78:10)
    at Request.emit (/home/stocks/algo/webapp/lambda/node_modules/aws-sdk/lib/request.js:686:14)
    at Request.transition (/home/stocks/algo/webapp/lambda/node_modules/aws-sdk/lib/request.js:22:10)
    at AcceptorStateMachine.runTo (/home/stocks/algo/webapp/lambda/node_modules/aws-sdk/lib/state_machine.js:14:12)
    at /home/stocks/algo/webapp/lambda/node_modules/aws-sdk/lib/state_machine.js:26:10
    at Request.&lt;anonymous&gt; (/home/stocks/algo/webapp/lambda/node_modules/aws-sdk/lib/request.js:38:9)
    at Request.&lt;anonymous&gt; (/home/stocks/algo/webapp/lambda/node_modules/aws-sdk/lib/request.js:688:12)
    at Request.callListeners (/home/stocks/algo/webapp/lambda/node_modules/aws-sdk/lib/sequential_executor.js:116:18)
    at callNextListener (/home/stocks/algo/webapp/lambda/node_modules/aws-sdk/lib/sequential_executor.js:96:12)
    at IncomingMessage.onEnd (/home/stocks/algo/webapp/lambda/node_modules/aws-sdk/lib/event_listeners.js:417:13)
    at IncomingMessage.emit (node:events:529:35)
    at IncomingMessage.emit (node:domain:489:12)
    at endReadableNT (node:internal/streams/readable:1400:12)
    at processTicksAndRejections (node:internal/process/task_queues:82:21)</failure>
    </testcase>
    <testcase classname="Integration.REAL AWS Infrastructure Integration Tests › Real Lambda Function Integration" name="Lambda function responds to direct invocation" time="0">
      <failure>ValidationError: Stack with id stocks-webapp-prod does not exist
    at Request.extractError (/home/stocks/algo/webapp/lambda/node_modules/aws-sdk/lib/protocol/query.js:50:29)
    at Request.callListeners (/home/stocks/algo/webapp/lambda/node_modules/aws-sdk/lib/sequential_executor.js:106:20)
    at Request.emit (/home/stocks/algo/webapp/lambda/node_modules/aws-sdk/lib/sequential_executor.js:78:10)
    at Request.emit (/home/stocks/algo/webapp/lambda/node_modules/aws-sdk/lib/request.js:686:14)
    at Request.transition (/home/stocks/algo/webapp/lambda/node_modules/aws-sdk/lib/request.js:22:10)
    at AcceptorStateMachine.runTo (/home/stocks/algo/webapp/lambda/node_modules/aws-sdk/lib/state_machine.js:14:12)
    at /home/stocks/algo/webapp/lambda/node_modules/aws-sdk/lib/state_machine.js:26:10
    at Request.&lt;anonymous&gt; (/home/stocks/algo/webapp/lambda/node_modules/aws-sdk/lib/request.js:38:9)
    at Request.&lt;anonymous&gt; (/home/stocks/algo/webapp/lambda/node_modules/aws-sdk/lib/request.js:688:12)
    at Request.callListeners (/home/stocks/algo/webapp/lambda/node_modules/aws-sdk/lib/sequential_executor.js:116:18)
    at Request.emit (/home/stocks/algo/webapp/lambda/node_modules/aws-sdk/lib/sequential_executor.js:78:10)
    at Request.emit (/home/stocks/algo/webapp/lambda/node_modules/aws-sdk/lib/request.js:686:14)
    at Request.transition (/home/stocks/algo/webapp/lambda/node_modules/aws-sdk/lib/request.js:22:10)
    at AcceptorStateMachine.runTo (/home/stocks/algo/webapp/lambda/node_modules/aws-sdk/lib/state_machine.js:14:12)
    at /home/stocks/algo/webapp/lambda/node_modules/aws-sdk/lib/state_machine.js:26:10
    at Request.&lt;anonymous&gt; (/home/stocks/algo/webapp/lambda/node_modules/aws-sdk/lib/request.js:38:9)
    at Request.&lt;anonymous&gt; (/home/stocks/algo/webapp/lambda/node_modules/aws-sdk/lib/request.js:688:12)
    at Request.callListeners (/home/stocks/algo/webapp/lambda/node_modules/aws-sdk/lib/sequential_executor.js:116:18)
    at callNextListener (/home/stocks/algo/webapp/lambda/node_modules/aws-sdk/lib/sequential_executor.js:96:12)
    at IncomingMessage.onEnd (/home/stocks/algo/webapp/lambda/node_modules/aws-sdk/lib/event_listeners.js:417:13)
    at IncomingMessage.emit (node:events:529:35)
    at IncomingMessage.emit (node:domain:489:12)
    at endReadableNT (node:internal/streams/readable:1400:12)
    at processTicksAndRejections (node:internal/process/task_queues:82:21)</failure>
    </testcase>
    <testcase classname="Integration.REAL AWS Infrastructure Integration Tests › Real Lambda Function Integration" name="Lambda function logs are accessible" time="0.001">
      <failure>ValidationError: Stack with id stocks-webapp-prod does not exist
    at Request.extractError (/home/stocks/algo/webapp/lambda/node_modules/aws-sdk/lib/protocol/query.js:50:29)
    at Request.callListeners (/home/stocks/algo/webapp/lambda/node_modules/aws-sdk/lib/sequential_executor.js:106:20)
    at Request.emit (/home/stocks/algo/webapp/lambda/node_modules/aws-sdk/lib/sequential_executor.js:78:10)
    at Request.emit (/home/stocks/algo/webapp/lambda/node_modules/aws-sdk/lib/request.js:686:14)
    at Request.transition (/home/stocks/algo/webapp/lambda/node_modules/aws-sdk/lib/request.js:22:10)
    at AcceptorStateMachine.runTo (/home/stocks/algo/webapp/lambda/node_modules/aws-sdk/lib/state_machine.js:14:12)
    at /home/stocks/algo/webapp/lambda/node_modules/aws-sdk/lib/state_machine.js:26:10
    at Request.&lt;anonymous&gt; (/home/stocks/algo/webapp/lambda/node_modules/aws-sdk/lib/request.js:38:9)
    at Request.&lt;anonymous&gt; (/home/stocks/algo/webapp/lambda/node_modules/aws-sdk/lib/request.js:688:12)
    at Request.callListeners (/home/stocks/algo/webapp/lambda/node_modules/aws-sdk/lib/sequential_executor.js:116:18)
    at Request.emit (/home/stocks/algo/webapp/lambda/node_modules/aws-sdk/lib/sequential_executor.js:78:10)
    at Request.emit (/home/stocks/algo/webapp/lambda/node_modules/aws-sdk/lib/request.js:686:14)
    at Request.transition (/home/stocks/algo/webapp/lambda/node_modules/aws-sdk/lib/request.js:22:10)
    at AcceptorStateMachine.runTo (/home/stocks/algo/webapp/lambda/node_modules/aws-sdk/lib/state_machine.js:14:12)
    at /home/stocks/algo/webapp/lambda/node_modules/aws-sdk/lib/state_machine.js:26:10
    at Request.&lt;anonymous&gt; (/home/stocks/algo/webapp/lambda/node_modules/aws-sdk/lib/request.js:38:9)
    at Request.&lt;anonymous&gt; (/home/stocks/algo/webapp/lambda/node_modules/aws-sdk/lib/request.js:688:12)
    at Request.callListeners (/home/stocks/algo/webapp/lambda/node_modules/aws-sdk/lib/sequential_executor.js:116:18)
    at callNextListener (/home/stocks/algo/webapp/lambda/node_modules/aws-sdk/lib/sequential_executor.js:96:12)
    at IncomingMessage.onEnd (/home/stocks/algo/webapp/lambda/node_modules/aws-sdk/lib/event_listeners.js:417:13)
    at IncomingMessage.emit (node:events:529:35)
    at IncomingMessage.emit (node:domain:489:12)
    at endReadableNT (node:internal/streams/readable:1400:12)
    at processTicksAndRejections (node:internal/process/task_queues:82:21)</failure>
    </testcase>
    <testcase classname="Integration.REAL AWS Infrastructure Integration Tests › Real Database Integration" name="Database connection works" time="0">
      <failure>ValidationError: Stack with id stocks-webapp-prod does not exist
    at Request.extractError (/home/stocks/algo/webapp/lambda/node_modules/aws-sdk/lib/protocol/query.js:50:29)
    at Request.callListeners (/home/stocks/algo/webapp/lambda/node_modules/aws-sdk/lib/sequential_executor.js:106:20)
    at Request.emit (/home/stocks/algo/webapp/lambda/node_modules/aws-sdk/lib/sequential_executor.js:78:10)
    at Request.emit (/home/stocks/algo/webapp/lambda/node_modules/aws-sdk/lib/request.js:686:14)
    at Request.transition (/home/stocks/algo/webapp/lambda/node_modules/aws-sdk/lib/request.js:22:10)
    at AcceptorStateMachine.runTo (/home/stocks/algo/webapp/lambda/node_modules/aws-sdk/lib/state_machine.js:14:12)
    at /home/stocks/algo/webapp/lambda/node_modules/aws-sdk/lib/state_machine.js:26:10
    at Request.&lt;anonymous&gt; (/home/stocks/algo/webapp/lambda/node_modules/aws-sdk/lib/request.js:38:9)
    at Request.&lt;anonymous&gt; (/home/stocks/algo/webapp/lambda/node_modules/aws-sdk/lib/request.js:688:12)
    at Request.callListeners (/home/stocks/algo/webapp/lambda/node_modules/aws-sdk/lib/sequential_executor.js:116:18)
    at Request.emit (/home/stocks/algo/webapp/lambda/node_modules/aws-sdk/lib/sequential_executor.js:78:10)
    at Request.emit (/home/stocks/algo/webapp/lambda/node_modules/aws-sdk/lib/request.js:686:14)
    at Request.transition (/home/stocks/algo/webapp/lambda/node_modules/aws-sdk/lib/request.js:22:10)
    at AcceptorStateMachine.runTo (/home/stocks/algo/webapp/lambda/node_modules/aws-sdk/lib/state_machine.js:14:12)
    at /home/stocks/algo/webapp/lambda/node_modules/aws-sdk/lib/state_machine.js:26:10
    at Request.&lt;anonymous&gt; (/home/stocks/algo/webapp/lambda/node_modules/aws-sdk/lib/request.js:38:9)
    at Request.&lt;anonymous&gt; (/home/stocks/algo/webapp/lambda/node_modules/aws-sdk/lib/request.js:688:12)
    at Request.callListeners (/home/stocks/algo/webapp/lambda/node_modules/aws-sdk/lib/sequential_executor.js:116:18)
    at callNextListener (/home/stocks/algo/webapp/lambda/node_modules/aws-sdk/lib/sequential_executor.js:96:12)
    at IncomingMessage.onEnd (/home/stocks/algo/webapp/lambda/node_modules/aws-sdk/lib/event_listeners.js:417:13)
    at IncomingMessage.emit (node:events:529:35)
    at IncomingMessage.emit (node:domain:489:12)
    at endReadableNT (node:internal/streams/readable:1400:12)
    at processTicksAndRejections (node:internal/process/task_queues:82:21)</failure>
    </testcase>
    <testcase classname="Integration.REAL AWS Infrastructure Integration Tests › Real Database Integration" name="Required tables exist" time="0">
      <failure>ValidationError: Stack with id stocks-webapp-prod does not exist
    at Request.extractError (/home/stocks/algo/webapp/lambda/node_modules/aws-sdk/lib/protocol/query.js:50:29)
    at Request.callListeners (/home/stocks/algo/webapp/lambda/node_modules/aws-sdk/lib/sequential_executor.js:106:20)
    at Request.emit (/home/stocks/algo/webapp/lambda/node_modules/aws-sdk/lib/sequential_executor.js:78:10)
    at Request.emit (/home/stocks/algo/webapp/lambda/node_modules/aws-sdk/lib/request.js:686:14)
    at Request.transition (/home/stocks/algo/webapp/lambda/node_modules/aws-sdk/lib/request.js:22:10)
    at AcceptorStateMachine.runTo (/home/stocks/algo/webapp/lambda/node_modules/aws-sdk/lib/state_machine.js:14:12)
    at /home/stocks/algo/webapp/lambda/node_modules/aws-sdk/lib/state_machine.js:26:10
    at Request.&lt;anonymous&gt; (/home/stocks/algo/webapp/lambda/node_modules/aws-sdk/lib/request.js:38:9)
    at Request.&lt;anonymous&gt; (/home/stocks/algo/webapp/lambda/node_modules/aws-sdk/lib/request.js:688:12)
    at Request.callListeners (/home/stocks/algo/webapp/lambda/node_modules/aws-sdk/lib/sequential_executor.js:116:18)
    at Request.emit (/home/stocks/algo/webapp/lambda/node_modules/aws-sdk/lib/sequential_executor.js:78:10)
    at Request.emit (/home/stocks/algo/webapp/lambda/node_modules/aws-sdk/lib/request.js:686:14)
    at Request.transition (/home/stocks/algo/webapp/lambda/node_modules/aws-sdk/lib/request.js:22:10)
    at AcceptorStateMachine.runTo (/home/stocks/algo/webapp/lambda/node_modules/aws-sdk/lib/state_machine.js:14:12)
    at /home/stocks/algo/webapp/lambda/node_modules/aws-sdk/lib/state_machine.js:26:10
    at Request.&lt;anonymous&gt; (/home/stocks/algo/webapp/lambda/node_modules/aws-sdk/lib/request.js:38:9)
    at Request.&lt;anonymous&gt; (/home/stocks/algo/webapp/lambda/node_modules/aws-sdk/lib/request.js:688:12)
    at Request.callListeners (/home/stocks/algo/webapp/lambda/node_modules/aws-sdk/lib/sequential_executor.js:116:18)
    at callNextListener (/home/stocks/algo/webapp/lambda/node_modules/aws-sdk/lib/sequential_executor.js:96:12)
    at IncomingMessage.onEnd (/home/stocks/algo/webapp/lambda/node_modules/aws-sdk/lib/event_listeners.js:417:13)
    at IncomingMessage.emit (node:events:529:35)
    at IncomingMessage.emit (node:domain:489:12)
    at endReadableNT (node:internal/streams/readable:1400:12)
    at processTicksAndRejections (node:internal/process/task_queues:82:21)</failure>
    </testcase>
    <testcase classname="Integration.REAL AWS Infrastructure Integration Tests › Real Database Integration" name="Database performance is acceptable" time="0">
      <failure>ValidationError: Stack with id stocks-webapp-prod does not exist
    at Request.extractError (/home/stocks/algo/webapp/lambda/node_modules/aws-sdk/lib/protocol/query.js:50:29)
    at Request.callListeners (/home/stocks/algo/webapp/lambda/node_modules/aws-sdk/lib/sequential_executor.js:106:20)
    at Request.emit (/home/stocks/algo/webapp/lambda/node_modules/aws-sdk/lib/sequential_executor.js:78:10)
    at Request.emit (/home/stocks/algo/webapp/lambda/node_modules/aws-sdk/lib/request.js:686:14)
    at Request.transition (/home/stocks/algo/webapp/lambda/node_modules/aws-sdk/lib/request.js:22:10)
    at AcceptorStateMachine.runTo (/home/stocks/algo/webapp/lambda/node_modules/aws-sdk/lib/state_machine.js:14:12)
    at /home/stocks/algo/webapp/lambda/node_modules/aws-sdk/lib/state_machine.js:26:10
    at Request.&lt;anonymous&gt; (/home/stocks/algo/webapp/lambda/node_modules/aws-sdk/lib/request.js:38:9)
    at Request.&lt;anonymous&gt; (/home/stocks/algo/webapp/lambda/node_modules/aws-sdk/lib/request.js:688:12)
    at Request.callListeners (/home/stocks/algo/webapp/lambda/node_modules/aws-sdk/lib/sequential_executor.js:116:18)
    at Request.emit (/home/stocks/algo/webapp/lambda/node_modules/aws-sdk/lib/sequential_executor.js:78:10)
    at Request.emit (/home/stocks/algo/webapp/lambda/node_modules/aws-sdk/lib/request.js:686:14)
    at Request.transition (/home/stocks/algo/webapp/lambda/node_modules/aws-sdk/lib/request.js:22:10)
    at AcceptorStateMachine.runTo (/home/stocks/algo/webapp/lambda/node_modules/aws-sdk/lib/state_machine.js:14:12)
    at /home/stocks/algo/webapp/lambda/node_modules/aws-sdk/lib/state_machine.js:26:10
    at Request.&lt;anonymous&gt; (/home/stocks/algo/webapp/lambda/node_modules/aws-sdk/lib/request.js:38:9)
    at Request.&lt;anonymous&gt; (/home/stocks/algo/webapp/lambda/node_modules/aws-sdk/lib/request.js:688:12)
    at Request.callListeners (/home/stocks/algo/webapp/lambda/node_modules/aws-sdk/lib/sequential_executor.js:116:18)
    at callNextListener (/home/stocks/algo/webapp/lambda/node_modules/aws-sdk/lib/sequential_executor.js:96:12)
    at IncomingMessage.onEnd (/home/stocks/algo/webapp/lambda/node_modules/aws-sdk/lib/event_listeners.js:417:13)
    at IncomingMessage.emit (node:events:529:35)
    at IncomingMessage.emit (node:domain:489:12)
    at endReadableNT (node:internal/streams/readable:1400:12)
    at processTicksAndRejections (node:internal/process/task_queues:82:21)</failure>
    </testcase>
    <testcase classname="Integration.REAL AWS Infrastructure Integration Tests › Real External API Integration" name="Can fetch real stock data from external APIs" time="0">
      <failure>ValidationError: Stack with id stocks-webapp-prod does not exist
    at Request.extractError (/home/stocks/algo/webapp/lambda/node_modules/aws-sdk/lib/protocol/query.js:50:29)
    at Request.callListeners (/home/stocks/algo/webapp/lambda/node_modules/aws-sdk/lib/sequential_executor.js:106:20)
    at Request.emit (/home/stocks/algo/webapp/lambda/node_modules/aws-sdk/lib/sequential_executor.js:78:10)
    at Request.emit (/home/stocks/algo/webapp/lambda/node_modules/aws-sdk/lib/request.js:686:14)
    at Request.transition (/home/stocks/algo/webapp/lambda/node_modules/aws-sdk/lib/request.js:22:10)
    at AcceptorStateMachine.runTo (/home/stocks/algo/webapp/lambda/node_modules/aws-sdk/lib/state_machine.js:14:12)
    at /home/stocks/algo/webapp/lambda/node_modules/aws-sdk/lib/state_machine.js:26:10
    at Request.&lt;anonymous&gt; (/home/stocks/algo/webapp/lambda/node_modules/aws-sdk/lib/request.js:38:9)
    at Request.&lt;anonymous&gt; (/home/stocks/algo/webapp/lambda/node_modules/aws-sdk/lib/request.js:688:12)
    at Request.callListeners (/home/stocks/algo/webapp/lambda/node_modules/aws-sdk/lib/sequential_executor.js:116:18)
    at Request.emit (/home/stocks/algo/webapp/lambda/node_modules/aws-sdk/lib/sequential_executor.js:78:10)
    at Request.emit (/home/stocks/algo/webapp/lambda/node_modules/aws-sdk/lib/request.js:686:14)
    at Request.transition (/home/stocks/algo/webapp/lambda/node_modules/aws-sdk/lib/request.js:22:10)
    at AcceptorStateMachine.runTo (/home/stocks/algo/webapp/lambda/node_modules/aws-sdk/lib/state_machine.js:14:12)
    at /home/stocks/algo/webapp/lambda/node_modules/aws-sdk/lib/state_machine.js:26:10
    at Request.&lt;anonymous&gt; (/home/stocks/algo/webapp/lambda/node_modules/aws-sdk/lib/request.js:38:9)
    at Request.&lt;anonymous&gt; (/home/stocks/algo/webapp/lambda/node_modules/aws-sdk/lib/request.js:688:12)
    at Request.callListeners (/home/stocks/algo/webapp/lambda/node_modules/aws-sdk/lib/sequential_executor.js:116:18)
    at callNextListener (/home/stocks/algo/webapp/lambda/node_modules/aws-sdk/lib/sequential_executor.js:96:12)
    at IncomingMessage.onEnd (/home/stocks/algo/webapp/lambda/node_modules/aws-sdk/lib/event_listeners.js:417:13)
    at IncomingMessage.emit (node:events:529:35)
    at IncomingMessage.emit (node:domain:489:12)
    at endReadableNT (node:internal/streams/readable:1400:12)
    at processTicksAndRejections (node:internal/process/task_queues:82:21)</failure>
    </testcase>
    <testcase classname="Integration.REAL AWS Infrastructure Integration Tests › Real Error Handling Integration" name="API handles invalid routes gracefully" time="0">
      <failure>ValidationError: Stack with id stocks-webapp-prod does not exist
    at Request.extractError (/home/stocks/algo/webapp/lambda/node_modules/aws-sdk/lib/protocol/query.js:50:29)
    at Request.callListeners (/home/stocks/algo/webapp/lambda/node_modules/aws-sdk/lib/sequential_executor.js:106:20)
    at Request.emit (/home/stocks/algo/webapp/lambda/node_modules/aws-sdk/lib/sequential_executor.js:78:10)
    at Request.emit (/home/stocks/algo/webapp/lambda/node_modules/aws-sdk/lib/request.js:686:14)
    at Request.transition (/home/stocks/algo/webapp/lambda/node_modules/aws-sdk/lib/request.js:22:10)
    at AcceptorStateMachine.runTo (/home/stocks/algo/webapp/lambda/node_modules/aws-sdk/lib/state_machine.js:14:12)
    at /home/stocks/algo/webapp/lambda/node_modules/aws-sdk/lib/state_machine.js:26:10
    at Request.&lt;anonymous&gt; (/home/stocks/algo/webapp/lambda/node_modules/aws-sdk/lib/request.js:38:9)
    at Request.&lt;anonymous&gt; (/home/stocks/algo/webapp/lambda/node_modules/aws-sdk/lib/request.js:688:12)
    at Request.callListeners (/home/stocks/algo/webapp/lambda/node_modules/aws-sdk/lib/sequential_executor.js:116:18)
    at Request.emit (/home/stocks/algo/webapp/lambda/node_modules/aws-sdk/lib/sequential_executor.js:78:10)
    at Request.emit (/home/stocks/algo/webapp/lambda/node_modules/aws-sdk/lib/request.js:686:14)
    at Request.transition (/home/stocks/algo/webapp/lambda/node_modules/aws-sdk/lib/request.js:22:10)
    at AcceptorStateMachine.runTo (/home/stocks/algo/webapp/lambda/node_modules/aws-sdk/lib/state_machine.js:14:12)
    at /home/stocks/algo/webapp/lambda/node_modules/aws-sdk/lib/state_machine.js:26:10
    at Request.&lt;anonymous&gt; (/home/stocks/algo/webapp/lambda/node_modules/aws-sdk/lib/request.js:38:9)
    at Request.&lt;anonymous&gt; (/home/stocks/algo/webapp/lambda/node_modules/aws-sdk/lib/request.js:688:12)
    at Request.callListeners (/home/stocks/algo/webapp/lambda/node_modules/aws-sdk/lib/sequential_executor.js:116:18)
    at callNextListener (/home/stocks/algo/webapp/lambda/node_modules/aws-sdk/lib/sequential_executor.js:96:12)
    at IncomingMessage.onEnd (/home/stocks/algo/webapp/lambda/node_modules/aws-sdk/lib/event_listeners.js:417:13)
    at IncomingMessage.emit (node:events:529:35)
    at IncomingMessage.emit (node:domain:489:12)
    at endReadableNT (node:internal/streams/readable:1400:12)
    at processTicksAndRejections (node:internal/process/task_queues:82:21)</failure>
    </testcase>
    <testcase classname="Integration.REAL AWS Infrastructure Integration Tests › Real Error Handling Integration" name="API handles malformed requests gracefully" time="0">
      <failure>ValidationError: Stack with id stocks-webapp-prod does not exist
    at Request.extractError (/home/stocks/algo/webapp/lambda/node_modules/aws-sdk/lib/protocol/query.js:50:29)
    at Request.callListeners (/home/stocks/algo/webapp/lambda/node_modules/aws-sdk/lib/sequential_executor.js:106:20)
    at Request.emit (/home/stocks/algo/webapp/lambda/node_modules/aws-sdk/lib/sequential_executor.js:78:10)
    at Request.emit (/home/stocks/algo/webapp/lambda/node_modules/aws-sdk/lib/request.js:686:14)
    at Request.transition (/home/stocks/algo/webapp/lambda/node_modules/aws-sdk/lib/request.js:22:10)
    at AcceptorStateMachine.runTo (/home/stocks/algo/webapp/lambda/node_modules/aws-sdk/lib/state_machine.js:14:12)
    at /home/stocks/algo/webapp/lambda/node_modules/aws-sdk/lib/state_machine.js:26:10
    at Request.&lt;anonymous&gt; (/home/stocks/algo/webapp/lambda/node_modules/aws-sdk/lib/request.js:38:9)
    at Request.&lt;anonymous&gt; (/home/stocks/algo/webapp/lambda/node_modules/aws-sdk/lib/request.js:688:12)
    at Request.callListeners (/home/stocks/algo/webapp/lambda/node_modules/aws-sdk/lib/sequential_executor.js:116:18)
    at Request.emit (/home/stocks/algo/webapp/lambda/node_modules/aws-sdk/lib/sequential_executor.js:78:10)
    at Request.emit (/home/stocks/algo/webapp/lambda/node_modules/aws-sdk/lib/request.js:686:14)
    at Request.transition (/home/stocks/algo/webapp/lambda/node_modules/aws-sdk/lib/request.js:22:10)
    at AcceptorStateMachine.runTo (/home/stocks/algo/webapp/lambda/node_modules/aws-sdk/lib/state_machine.js:14:12)
    at /home/stocks/algo/webapp/lambda/node_modules/aws-sdk/lib/state_machine.js:26:10
    at Request.&lt;anonymous&gt; (/home/stocks/algo/webapp/lambda/node_modules/aws-sdk/lib/request.js:38:9)
    at Request.&lt;anonymous&gt; (/home/stocks/algo/webapp/lambda/node_modules/aws-sdk/lib/request.js:688:12)
    at Request.callListeners (/home/stocks/algo/webapp/lambda/node_modules/aws-sdk/lib/sequential_executor.js:116:18)
    at callNextListener (/home/stocks/algo/webapp/lambda/node_modules/aws-sdk/lib/sequential_executor.js:96:12)
    at IncomingMessage.onEnd (/home/stocks/algo/webapp/lambda/node_modules/aws-sdk/lib/event_listeners.js:417:13)
    at IncomingMessage.emit (node:events:529:35)
    at IncomingMessage.emit (node:domain:489:12)
    at endReadableNT (node:internal/streams/readable:1400:12)
    at processTicksAndRejections (node:internal/process/task_queues:82:21)</failure>
    </testcase>
    <testcase classname="Integration.REAL AWS Infrastructure Integration Tests › Real Error Handling Integration" name="API returns proper error structure" time="0">
      <failure>ValidationError: Stack with id stocks-webapp-prod does not exist
    at Request.extractError (/home/stocks/algo/webapp/lambda/node_modules/aws-sdk/lib/protocol/query.js:50:29)
    at Request.callListeners (/home/stocks/algo/webapp/lambda/node_modules/aws-sdk/lib/sequential_executor.js:106:20)
    at Request.emit (/home/stocks/algo/webapp/lambda/node_modules/aws-sdk/lib/sequential_executor.js:78:10)
    at Request.emit (/home/stocks/algo/webapp/lambda/node_modules/aws-sdk/lib/request.js:686:14)
    at Request.transition (/home/stocks/algo/webapp/lambda/node_modules/aws-sdk/lib/request.js:22:10)
    at AcceptorStateMachine.runTo (/home/stocks/algo/webapp/lambda/node_modules/aws-sdk/lib/state_machine.js:14:12)
    at /home/stocks/algo/webapp/lambda/node_modules/aws-sdk/lib/state_machine.js:26:10
    at Request.&lt;anonymous&gt; (/home/stocks/algo/webapp/lambda/node_modules/aws-sdk/lib/request.js:38:9)
    at Request.&lt;anonymous&gt; (/home/stocks/algo/webapp/lambda/node_modules/aws-sdk/lib/request.js:688:12)
    at Request.callListeners (/home/stocks/algo/webapp/lambda/node_modules/aws-sdk/lib/sequential_executor.js:116:18)
    at Request.emit (/home/stocks/algo/webapp/lambda/node_modules/aws-sdk/lib/sequential_executor.js:78:10)
    at Request.emit (/home/stocks/algo/webapp/lambda/node_modules/aws-sdk/lib/request.js:686:14)
    at Request.transition (/home/stocks/algo/webapp/lambda/node_modules/aws-sdk/lib/request.js:22:10)
    at AcceptorStateMachine.runTo (/home/stocks/algo/webapp/lambda/node_modules/aws-sdk/lib/state_machine.js:14:12)
    at /home/stocks/algo/webapp/lambda/node_modules/aws-sdk/lib/state_machine.js:26:10
    at Request.&lt;anonymous&gt; (/home/stocks/algo/webapp/lambda/node_modules/aws-sdk/lib/request.js:38:9)
    at Request.&lt;anonymous&gt; (/home/stocks/algo/webapp/lambda/node_modules/aws-sdk/lib/request.js:688:12)
    at Request.callListeners (/home/stocks/algo/webapp/lambda/node_modules/aws-sdk/lib/sequential_executor.js:116:18)
    at callNextListener (/home/stocks/algo/webapp/lambda/node_modules/aws-sdk/lib/sequential_executor.js:96:12)
    at IncomingMessage.onEnd (/home/stocks/algo/webapp/lambda/node_modules/aws-sdk/lib/event_listeners.js:417:13)
    at IncomingMessage.emit (node:events:529:35)
    at IncomingMessage.emit (node:domain:489:12)
    at endReadableNT (node:internal/streams/readable:1400:12)
    at processTicksAndRejections (node:internal/process/task_queues:82:21)</failure>
    </testcase>
    <testcase classname="Integration.REAL AWS Infrastructure Integration Tests › Real Performance Integration" name="API response times are acceptable" time="0.001">
      <failure>ValidationError: Stack with id stocks-webapp-prod does not exist
    at Request.extractError (/home/stocks/algo/webapp/lambda/node_modules/aws-sdk/lib/protocol/query.js:50:29)
    at Request.callListeners (/home/stocks/algo/webapp/lambda/node_modules/aws-sdk/lib/sequential_executor.js:106:20)
    at Request.emit (/home/stocks/algo/webapp/lambda/node_modules/aws-sdk/lib/sequential_executor.js:78:10)
    at Request.emit (/home/stocks/algo/webapp/lambda/node_modules/aws-sdk/lib/request.js:686:14)
    at Request.transition (/home/stocks/algo/webapp/lambda/node_modules/aws-sdk/lib/request.js:22:10)
    at AcceptorStateMachine.runTo (/home/stocks/algo/webapp/lambda/node_modules/aws-sdk/lib/state_machine.js:14:12)
    at /home/stocks/algo/webapp/lambda/node_modules/aws-sdk/lib/state_machine.js:26:10
    at Request.&lt;anonymous&gt; (/home/stocks/algo/webapp/lambda/node_modules/aws-sdk/lib/request.js:38:9)
    at Request.&lt;anonymous&gt; (/home/stocks/algo/webapp/lambda/node_modules/aws-sdk/lib/request.js:688:12)
    at Request.callListeners (/home/stocks/algo/webapp/lambda/node_modules/aws-sdk/lib/sequential_executor.js:116:18)
    at Request.emit (/home/stocks/algo/webapp/lambda/node_modules/aws-sdk/lib/sequential_executor.js:78:10)
    at Request.emit (/home/stocks/algo/webapp/lambda/node_modules/aws-sdk/lib/request.js:686:14)
    at Request.transition (/home/stocks/algo/webapp/lambda/node_modules/aws-sdk/lib/request.js:22:10)
    at AcceptorStateMachine.runTo (/home/stocks/algo/webapp/lambda/node_modules/aws-sdk/lib/state_machine.js:14:12)
    at /home/stocks/algo/webapp/lambda/node_modules/aws-sdk/lib/state_machine.js:26:10
    at Request.&lt;anonymous&gt; (/home/stocks/algo/webapp/lambda/node_modules/aws-sdk/lib/request.js:38:9)
    at Request.&lt;anonymous&gt; (/home/stocks/algo/webapp/lambda/node_modules/aws-sdk/lib/request.js:688:12)
    at Request.callListeners (/home/stocks/algo/webapp/lambda/node_modules/aws-sdk/lib/sequential_executor.js:116:18)
    at callNextListener (/home/stocks/algo/webapp/lambda/node_modules/aws-sdk/lib/sequential_executor.js:96:12)
    at IncomingMessage.onEnd (/home/stocks/algo/webapp/lambda/node_modules/aws-sdk/lib/event_listeners.js:417:13)
    at IncomingMessage.emit (node:events:529:35)
    at IncomingMessage.emit (node:domain:489:12)
    at endReadableNT (node:internal/streams/readable:1400:12)
    at processTicksAndRejections (node:internal/process/task_queues:82:21)</failure>
    </testcase>
    <testcase classname="Integration.REAL AWS Infrastructure Integration Tests › Real Performance Integration" name="API can handle concurrent requests" time="0">
      <failure>ValidationError: Stack with id stocks-webapp-prod does not exist
    at Request.extractError (/home/stocks/algo/webapp/lambda/node_modules/aws-sdk/lib/protocol/query.js:50:29)
    at Request.callListeners (/home/stocks/algo/webapp/lambda/node_modules/aws-sdk/lib/sequential_executor.js:106:20)
    at Request.emit (/home/stocks/algo/webapp/lambda/node_modules/aws-sdk/lib/sequential_executor.js:78:10)
    at Request.emit (/home/stocks/algo/webapp/lambda/node_modules/aws-sdk/lib/request.js:686:14)
    at Request.transition (/home/stocks/algo/webapp/lambda/node_modules/aws-sdk/lib/request.js:22:10)
    at AcceptorStateMachine.runTo (/home/stocks/algo/webapp/lambda/node_modules/aws-sdk/lib/state_machine.js:14:12)
    at /home/stocks/algo/webapp/lambda/node_modules/aws-sdk/lib/state_machine.js:26:10
    at Request.&lt;anonymous&gt; (/home/stocks/algo/webapp/lambda/node_modules/aws-sdk/lib/request.js:38:9)
    at Request.&lt;anonymous&gt; (/home/stocks/algo/webapp/lambda/node_modules/aws-sdk/lib/request.js:688:12)
    at Request.callListeners (/home/stocks/algo/webapp/lambda/node_modules/aws-sdk/lib/sequential_executor.js:116:18)
    at Request.emit (/home/stocks/algo/webapp/lambda/node_modules/aws-sdk/lib/sequential_executor.js:78:10)
    at Request.emit (/home/stocks/algo/webapp/lambda/node_modules/aws-sdk/lib/request.js:686:14)
    at Request.transition (/home/stocks/algo/webapp/lambda/node_modules/aws-sdk/lib/request.js:22:10)
    at AcceptorStateMachine.runTo (/home/stocks/algo/webapp/lambda/node_modules/aws-sdk/lib/state_machine.js:14:12)
    at /home/stocks/algo/webapp/lambda/node_modules/aws-sdk/lib/state_machine.js:26:10
    at Request.&lt;anonymous&gt; (/home/stocks/algo/webapp/lambda/node_modules/aws-sdk/lib/request.js:38:9)
    at Request.&lt;anonymous&gt; (/home/stocks/algo/webapp/lambda/node_modules/aws-sdk/lib/request.js:688:12)
    at Request.callListeners (/home/stocks/algo/webapp/lambda/node_modules/aws-sdk/lib/sequential_executor.js:116:18)
    at callNextListener (/home/stocks/algo/webapp/lambda/node_modules/aws-sdk/lib/sequential_executor.js:96:12)
    at IncomingMessage.onEnd (/home/stocks/algo/webapp/lambda/node_modules/aws-sdk/lib/event_listeners.js:417:13)
    at IncomingMessage.emit (node:events:529:35)
    at IncomingMessage.emit (node:domain:489:12)
    at endReadableNT (node:internal/streams/readable:1400:12)
    at processTicksAndRejections (node:internal/process/task_queues:82:21)</failure>
    </testcase>
  </testsuite>
</testsuites>