<?xml version="1.0" encoding="UTF-8"?>
<testsuites name="Integration Tests" tests="17" failures="10" errors="0" time="2.053">
  <testsuite name="🔐 Authentication Routes Integration Tests" errors="0" failures="10" skipped="0" timestamp="2025-07-21T05:32:42" time="2.027" tests="17">
    <testcase classname="Integration.🔐 Authentication Routes Integration Tests › 🏥 Auth Health and Status" name="GET /api/auth/health - Auth service health" time="0.153">
    </testcase>
    <testcase classname="Integration.🔐 Authentication Routes Integration Tests › 🏥 Auth Health and Status" name="GET /api/auth/status - Auth service status" time="0.022">
    </testcase>
    <testcase classname="Integration.🔐 Authentication Routes Integration Tests › 🔑 Token Validation" name="POST /api/auth/validate - Token validation with valid structure" time="0.025">
    </testcase>
    <testcase classname="Integration.🔐 Authentication Routes Integration Tests › 🔑 Token Validation" name="POST /api/auth/validate - Token validation without token" time="0.021">
      <failure>Error: expect(received).toHaveProperty(path, value)

Expected path: &quot;success&quot;
Received path: []

Expected value: false
Received value: {&quot;response&quot;: {&quot;error&quot;: &quot;Token is required&quot;, &quot;success&quot;: false, &quot;timestamp&quot;: &quot;2025-07-21T05:32:43.654Z&quot;}, &quot;statusCode&quot;: 500}
    at Object.&lt;anonymous&gt; (/home/stocks/algo/webapp/lambda/tests/integration/auth-routes-integration.test.js:68:29)
    at processTicksAndRejections (node:internal/process/task_queues:95:5)</failure>
    </testcase>
    <testcase classname="Integration.🔐 Authentication Routes Integration Tests › 🔑 Token Validation" name="POST /api/auth/validate - Token validation with empty token" time="0.018">
      <failure>Error: expect(received).toHaveProperty(path, value)

Expected path: &quot;success&quot;
Received path: []

Expected value: false
Received value: {&quot;response&quot;: {&quot;error&quot;: &quot;Token is required&quot;, &quot;success&quot;: false, &quot;timestamp&quot;: &quot;2025-07-21T05:32:43.676Z&quot;}, &quot;statusCode&quot;: 500}
    at Object.&lt;anonymous&gt; (/home/stocks/algo/webapp/lambda/tests/integration/auth-routes-integration.test.js:85:29)
    at processTicksAndRejections (node:internal/process/task_queues:95:5)</failure>
    </testcase>
    <testcase classname="Integration.🔐 Authentication Routes Integration Tests › 🔑 Token Validation" name="POST /api/auth/validate - Token validation with invalid JSON" time="0.02">
      <failure>Error: expect(received).toContain(expected) // indexOf

Expected value: 500
Received array: [400]
    at Object.&lt;anonymous&gt; (/home/stocks/algo/webapp/lambda/tests/integration/auth-routes-integration.test.js:98:21)
    at processTicksAndRejections (node:internal/process/task_queues:95:5)</failure>
    </testcase>
    <testcase classname="Integration.🔐 Authentication Routes Integration Tests › 📝 Request/Response Format" name="Auth endpoints return proper JSON format" time="0.496">
      <failure>Error: expect(received).toBe(expected) // Object.is equality

Expected: true
Received: false
    at Object.&lt;anonymous&gt; (/home/stocks/algo/webapp/lambda/tests/integration/auth-routes-integration.test.js:132:37)
    at processTicksAndRejections (node:internal/process/task_queues:95:5)</failure>
    </testcase>
    <testcase classname="Integration.🔐 Authentication Routes Integration Tests › 📝 Request/Response Format" name="Auth endpoints include timestamps" time="0.021">
      <failure>Error: expect(received).toHaveProperty(path)

Matcher error: received value must not be null nor undefined

Received has value: undefined
    at Object.&lt;anonymous&gt; (/home/stocks/algo/webapp/lambda/tests/integration/auth-routes-integration.test.js:142:34)
    at processTicksAndRejections (node:internal/process/task_queues:95:5)</failure>
    </testcase>
    <testcase classname="Integration.🔐 Authentication Routes Integration Tests › 🛡️ Security Headers" name="Auth endpoints include security headers" time="0.021">
      <failure>Error: expect(received).toBeDefined()

Received: undefined
    at Object.&lt;anonymous&gt; (/home/stocks/algo/webapp/lambda/tests/integration/auth-routes-integration.test.js:158:58)
    at processTicksAndRejections (node:internal/process/task_queues:95:5)</failure>
    </testcase>
    <testcase classname="Integration.🔐 Authentication Routes Integration Tests › 🛡️ Security Headers" name="Auth endpoints remove sensitive headers" time="0.017">
      <failure>Error: expect(received).toBeUndefined()

Received: &quot;Express&quot;
    at Object.&lt;anonymous&gt; (/home/stocks/algo/webapp/lambda/tests/integration/auth-routes-integration.test.js:170:48)
    at processTicksAndRejections (node:internal/process/task_queues:95:5)</failure>
    </testcase>
    <testcase classname="Integration.🔐 Authentication Routes Integration Tests › 🌐 CORS Support" name="Auth endpoints support CORS" time="0.017">
    </testcase>
    <testcase classname="Integration.🔐 Authentication Routes Integration Tests › 🌐 CORS Support" name="OPTIONS requests handled for auth endpoints" time="0.007">
    </testcase>
    <testcase classname="Integration.🔐 Authentication Routes Integration Tests › ⚡ Performance Testing" name="Auth endpoints respond quickly" time="0.033">
    </testcase>
    <testcase classname="Integration.🔐 Authentication Routes Integration Tests › ⚡ Performance Testing" name="Token validation performance" time="0.067">
    </testcase>
    <testcase classname="Integration.🔐 Authentication Routes Integration Tests › 🔄 Error Handling" name="Invalid HTTP methods handled" time="0.018">
      <failure>Error: expect(received).toContain(expected) // indexOf

Expected value: 429
Received array: [404, 405]
    at Object.&lt;anonymous&gt; (/home/stocks/algo/webapp/lambda/tests/integration/auth-routes-integration.test.js:276:26)
    at processTicksAndRejections (node:internal/process/task_queues:95:5)</failure>
    </testcase>
    <testcase classname="Integration.🔐 Authentication Routes Integration Tests › 🔄 Error Handling" name="Malformed requests handled gracefully" time="0.03">
      <failure>Error: expect(received).toBe(expected) // Object.is equality

Expected: true
Received: false
    at Object.&lt;anonymous&gt; (/home/stocks/algo/webapp/lambda/tests/integration/auth-routes-integration.test.js:314:26)
    at processTicksAndRejections (node:internal/process/task_queues:95:5)</failure>
    </testcase>
    <testcase classname="Integration.🔐 Authentication Routes Integration Tests › 🔄 Integration Summary" name="Authentication integration test summary" time="0.072">
      <failure>Error: expect(received).toBe(expected) // Object.is equality

Expected: 5
Received: 0
    at Object.&lt;anonymous&gt; (/home/stocks/algo/webapp/lambda/tests/integration/auth-routes-integration.test.js:379:31)
    at processTicksAndRejections (node:internal/process/task_queues:95:5)</failure>
    </testcase>
  </testsuite>
</testsuites>