<?xml version="1.0" encoding="UTF-8"?>
<testsuites name="jest tests" tests="11" failures="0" errors="0" time="1.591">
  <testsuite name="Comprehensive Health Check System" errors="0" failures="0" skipped="10" timestamp="2025-07-24T11:29:03" time="1.566" tests="11">
    <testcase classname="Comprehensive Health Check System › GET /api/health/ - Basic Health Check" name="should return quick health check without database when quick=true" time="0.041">
    </testcase>
    <testcase classname="Comprehensive Health Check System › GET /api/health/ - Basic Health Check" name="should perform full health check with database connection" time="0">
      <skipped/>
    </testcase>
    <testcase classname="Comprehensive Health Check System › GET /api/health/ - Basic Health Check" name="should handle database initialization failure" time="0">
      <skipped/>
    </testcase>
    <testcase classname="Comprehensive Health Check System › GET /api/health/database - Comprehensive Database Health" name="should return comprehensive database analysis with multi-tier health checks" time="0">
      <skipped/>
    </testcase>
    <testcase classname="Comprehensive Health Check System › POST /api/health/update-status - Health Status Updates" name="should successfully update health status with comprehensive database analysis" time="0">
      <skipped/>
    </testcase>
    <testcase classname="Comprehensive Health Check System › POST /api/health/update-status - Health Status Updates" name="should handle database connection failure gracefully" time="0">
      <skipped/>
    </testcase>
    <testcase classname="Comprehensive Health Check System › POST /api/health/update-status - Health Status Updates" name="should measure all tables across database as requested by user" time="0">
      <skipped/>
    </testcase>
    <testcase classname="Comprehensive Health Check System › POST /api/health/update-status - Health Status Updates" name="should store health data in health_status table when it exists" time="0">
      <skipped/>
    </testcase>
    <testcase classname="Comprehensive Health Check System › POST /api/health/update-status - Health Status Updates" name="should handle health_status table storage failure gracefully" time="0">
      <skipped/>
    </testcase>
    <testcase classname="Comprehensive Health Check System › POST /api/health/update-status - Health Status Updates" name="should skip storage when health_status table does not exist" time="0">
      <skipped/>
    </testcase>
    <testcase classname="Comprehensive Health Check System › POST /api/health/update-status - Health Status Updates" name="should provide performance information in response" time="0">
      <skipped/>
    </testcase>
  </testsuite>
</testsuites>