<?xml version="1.0" encoding="UTF-8"?>
<testsuites name="jest tests" tests="295" failures="54" errors="0" time="3.536">
  <testsuite name="PortfolioDatabaseService" errors="0" failures="0" skipped="0" timestamp="2025-07-26T05:24:45" time="1.771" tests="22">
    <testcase classname="PortfolioDatabaseService › storePortfolioHoldings" name="should store portfolio holdings successfully" time="0.026">
    </testcase>
    <testcase classname="PortfolioDatabaseService › storePortfolioHoldings" name="should handle empty holdings array" time="0.005">
    </testcase>
    <testcase classname="PortfolioDatabaseService › storePortfolioHoldings" name="should handle null holdings" time="0.003">
    </testcase>
    <testcase classname="PortfolioDatabaseService › storePortfolioHoldings" name="should handle database errors" time="0.023">
    </testcase>
    <testcase classname="PortfolioDatabaseService › getCachedPortfolioData" name="should retrieve cached portfolio data successfully" time="0.006">
    </testcase>
    <testcase classname="PortfolioDatabaseService › getCachedPortfolioData" name="should return null for empty results" time="0.004">
    </testcase>
    <testcase classname="PortfolioDatabaseService › getCachedPortfolioData" name="should handle database errors" time="0.004">
    </testcase>
    <testcase classname="PortfolioDatabaseService › updatePortfolioMetadata" name="should update portfolio metadata successfully" time="0.004">
    </testcase>
    <testcase classname="PortfolioDatabaseService › updatePortfolioMetadata" name="should handle database errors" time="0.004">
    </testcase>
    <testcase classname="PortfolioDatabaseService › isDataStale" name="should return true for null data" time="0.004">
    </testcase>
    <testcase classname="PortfolioDatabaseService › isDataStale" name="should return true for data without lastSync" time="0.008">
    </testcase>
    <testcase classname="PortfolioDatabaseService › isDataStale" name="should return true for stale data" time="0.004">
    </testcase>
    <testcase classname="PortfolioDatabaseService › isDataStale" name="should return false for fresh data" time="0.007">
    </testcase>
    <testcase classname="PortfolioDatabaseService › getPerformanceHistory" name="should retrieve performance history successfully" time="0.002">
    </testcase>
    <testcase classname="PortfolioDatabaseService › getPerformanceHistory" name="should handle database errors" time="0.002">
    </testcase>
    <testcase classname="PortfolioDatabaseService › storePerformanceSnapshot" name="should store performance snapshot successfully" time="0.002">
    </testcase>
    <testcase classname="PortfolioDatabaseService › storePerformanceSnapshot" name="should handle database errors" time="0.003">
    </testcase>
    <testcase classname="PortfolioDatabaseService › cleanupOldData" name="should cleanup old data successfully" time="0.004">
    </testcase>
    <testcase classname="PortfolioDatabaseService › cleanupOldData" name="should handle database errors" time="0.003">
    </testcase>
    <testcase classname="PortfolioDatabaseService › formatPortfolioResponse" name="should format empty response correctly" time="0.003">
    </testcase>
    <testcase classname="PortfolioDatabaseService › formatPortfolioResponse" name="should format portfolio response correctly" time="0.004">
    </testcase>
    <testcase classname="PortfolioDatabaseService › formatPortfolioResponse" name="should handle rows without symbols (metadata-only)" time="0.003">
    </testcase>
  </testsuite>
  <testsuite name="Optimization Engine Unit Tests" errors="0" failures="0" skipped="0" timestamp="2025-07-26T05:24:45" time="1.884" tests="36">
    <testcase classname="Optimization Engine Unit Tests › Service Initialization" name="initializes with default risk-free rate" time="0.022">
    </testcase>
    <testcase classname="Optimization Engine Unit Tests › Service Initialization" name="has all required methods" time="0.002">
    </testcase>
    <testcase classname="Optimization Engine Unit Tests › Current Portfolio Retrieval" name="retrieves portfolio from database successfully" time="0.002">
    </testcase>
    <testcase classname="Optimization Engine Unit Tests › Current Portfolio Retrieval" name="returns demo portfolio when database query fails" time="0.002">
    </testcase>
    <testcase classname="Optimization Engine Unit Tests › Current Portfolio Retrieval" name="returns demo portfolio when no holdings found" time="0.002">
    </testcase>
    <testcase classname="Optimization Engine Unit Tests › Current Portfolio Retrieval" name="calculates portfolio weights correctly" time="0.002">
    </testcase>
    <testcase classname="Optimization Engine Unit Tests › Demo Portfolio" name="generates consistent demo portfolio" time="0.002">
    </testcase>
    <testcase classname="Optimization Engine Unit Tests › Demo Portfolio" name="demo portfolio weights sum to 1" time="0.007">
    </testcase>
    <testcase classname="Optimization Engine Unit Tests › Optimization Universe" name="creates universe from current holdings" time="0.004">
    </testcase>
    <testcase classname="Optimization Engine Unit Tests › Optimization Universe" name="includes additional assets for diversification" time="0.003">
    </testcase>
    <testcase classname="Optimization Engine Unit Tests › Optimization Universe" name="respects include and exclude assets" time="0.005">
    </testcase>
    <testcase classname="Optimization Engine Unit Tests › Optimization Universe" name="limits universe size to 20 assets" time="0.003">
    </testcase>
    <testcase classname="Optimization Engine Unit Tests › Historical Price Data" name="generates mock price data for symbols" time="0.005">
    </testcase>
    <testcase classname="Optimization Engine Unit Tests › Historical Price Data" name="generates realistic price movements" time="0.003">
    </testcase>
    <testcase classname="Optimization Engine Unit Tests › Returns Matrix Calculation" name="calculates returns matrix from price data" time="0.003">
    </testcase>
    <testcase classname="Optimization Engine Unit Tests › Returns Matrix Calculation" name="handles empty price data" time="0.003">
    </testcase>
    <testcase classname="Optimization Engine Unit Tests › Returns Matrix Calculation" name="handles single price point" time="0.004">
    </testcase>
    <testcase classname="Optimization Engine Unit Tests › Rebalancing Calculations" name="calculates rebalancing trades correctly" time="0.004">
    </testcase>
    <testcase classname="Optimization Engine Unit Tests › Rebalancing Calculations" name="ignores small weight differences" time="0.002">
    </testcase>
    <testcase classname="Optimization Engine Unit Tests › Rebalancing Calculations" name="sorts trades by priority and value" time="0.002">
    </testcase>
    <testcase classname="Optimization Engine Unit Tests › Optimization Insights" name="generates risk warning for high volatility" time="0.003">
    </testcase>
    <testcase classname="Optimization Engine Unit Tests › Optimization Insights" name="generates diversification insight for small portfolios" time="0.003">
    </testcase>
    <testcase classname="Optimization Engine Unit Tests › Optimization Insights" name="generates positive insight for high Sharpe ratio" time="0.003">
    </testcase>
    <testcase classname="Optimization Engine Unit Tests › Optimization Insights" name="generates concentration warning for large positions" time="0.002">
    </testcase>
    <testcase classname="Optimization Engine Unit Tests › Formatting Functions" name="formats weights correctly" time="0.004">
    </testcase>
    <testcase classname="Optimization Engine Unit Tests › Formatting Functions" name="formats portfolio summary correctly" time="0.003">
    </testcase>
    <testcase classname="Optimization Engine Unit Tests › Formatting Functions" name="formats correlation matrix correctly" time="0.003">
    </testcase>
    <testcase classname="Optimization Engine Unit Tests › Data Quality Assessment" name="assesses high-quality data correctly" time="0.007">
    </testcase>
    <testcase classname="Optimization Engine Unit Tests › Data Quality Assessment" name="identifies missing data points" time="0.003">
    </testcase>
    <testcase classname="Optimization Engine Unit Tests › Fallback Optimization" name="generates fallback optimization with demo data" time="0.007">
    </testcase>
    <testcase classname="Optimization Engine Unit Tests › Fallback Optimization" name="uses equal weights for equalWeight objective" time="0.002">
    </testcase>
    <testcase classname="Optimization Engine Unit Tests › Fallback Optimization" name="generates mock efficient frontier" time="0.006">
    </testcase>
    <testcase classname="Optimization Engine Unit Tests › Full Optimization Integration" name="runs complete optimization successfully" time="0.09">
    </testcase>
    <testcase classname="Optimization Engine Unit Tests › Full Optimization Integration" name="falls back to demo optimization on error" time="0.014">
    </testcase>
    <testcase classname="Optimization Engine Unit Tests › Mock Price Data Generation" name="generates price data with correct structure" time="0.01">
    </testcase>
    <testcase classname="Optimization Engine Unit Tests › Mock Price Data Generation" name="applies different volatility for different assets" time="0.003">
    </testcase>
  </testsuite>
  <testsuite name="AdvancedPerformanceAnalytics" errors="0" failures="0" skipped="0" timestamp="2025-07-26T05:24:45" time="2.022" tests="11">
    <testcase classname="AdvancedPerformanceAnalytics › calculateBaseMetrics" name="calculates basic performance metrics correctly" time="0.074">
    </testcase>
    <testcase classname="AdvancedPerformanceAnalytics › calculateBaseMetrics" name="handles empty portfolio history" time="0.003">
    </testcase>
    <testcase classname="AdvancedPerformanceAnalytics › calculateRiskMetrics" name="calculates risk metrics correctly" time="0.005">
    </testcase>
    <testcase classname="AdvancedPerformanceAnalytics › calculateMaxDrawdown" name="calculates maximum drawdown correctly" time="0.004">
    </testcase>
    <testcase classname="AdvancedPerformanceAnalytics › calculateAttributionAnalysis" name="calculates attribution analysis correctly" time="0.004">
    </testcase>
    <testcase classname="AdvancedPerformanceAnalytics › calculateSectorAnalysis" name="calculates sector analysis correctly" time="0.004">
    </testcase>
    <testcase classname="AdvancedPerformanceAnalytics › calculateDiversificationScore" name="calculates diversification score correctly" time="0.002">
    </testcase>
    <testcase classname="AdvancedPerformanceAnalytics › generatePerformanceReport" name="generates comprehensive performance report" time="0.016">
    </testcase>
    <testcase classname="AdvancedPerformanceAnalytics › getPerformanceGrade" name="assigns correct performance grades" time="0.002">
    </testcase>
    <testcase classname="AdvancedPerformanceAnalytics › assessRiskProfile" name="assesses risk profile correctly" time="0.002">
    </testcase>
    <testcase classname="AdvancedPerformanceAnalytics › calculateDaysInPeriod" name="calculates days in period correctly" time="0.002">
    </testcase>
  </testsuite>
  <testsuite name="BacktestingService REAL Implementation Tests" errors="0" failures="0" skipped="0" timestamp="2025-07-26T05:24:45" time="2.072" tests="25">
    <testcase classname="BacktestingService REAL Implementation Tests › Real Service Initialization" name="initializes with YOUR actual strategy mappings" time="0.009">
    </testcase>
    <testcase classname="BacktestingService REAL Implementation Tests › Real Service Initialization" name="has real TechnicalAnalysisService instance" time="0.006">
    </testcase>
    <testcase classname="BacktestingService REAL Implementation Tests › Real Service Initialization" name="returns available strategies matching YOUR implementation" time="0.006">
    </testcase>
    <testcase classname="BacktestingService REAL Implementation Tests › Real RSI Strategy Implementation" name="RSI strategy generates BUY signal when RSI &lt; 30 using YOUR implementation" time="0.006">
    </testcase>
    <testcase classname="BacktestingService REAL Implementation Tests › Real RSI Strategy Implementation" name="RSI strategy generates SELL signal when RSI &gt; 70 using YOUR implementation" time="0.005">
    </testcase>
    <testcase classname="BacktestingService REAL Implementation Tests › Real RSI Strategy Implementation" name="RSI strategy returns null when RSI is neutral (30-70 range)" time="0.004">
    </testcase>
    <testcase classname="BacktestingService REAL Implementation Tests › Real MACD Strategy Implementation" name="MACD strategy detects bullish crossover using YOUR implementation" time="0.005">
    </testcase>
    <testcase classname="BacktestingService REAL Implementation Tests › Real MACD Strategy Implementation" name="MACD strategy handles insufficient data gracefully" time="0.003">
    </testcase>
    <testcase classname="BacktestingService REAL Implementation Tests › Real Bollinger Bands Strategy Implementation" name="Bollinger strategy generates BUY when price below lower band" time="0.004">
    </testcase>
    <testcase classname="BacktestingService REAL Implementation Tests › Real Mean Reversion Strategy Implementation" name="Mean reversion strategy detects oversold conditions" time="0.004">
    </testcase>
    <testcase classname="BacktestingService REAL Implementation Tests › Real Mean Reversion Strategy Implementation" name="Mean reversion strategy detects overbought conditions" time="0.003">
    </testcase>
    <testcase classname="BacktestingService REAL Implementation Tests › Real Momentum Strategy Implementation" name="Momentum strategy detects bullish momentum (SMA10 &gt; SMA20)" time="0.005">
    </testcase>
    <testcase classname="BacktestingService REAL Implementation Tests › Real Backtest Execution" name="runs complete backtest with YOUR actual implementation" time="0.022">
    </testcase>
    <testcase classname="BacktestingService REAL Implementation Tests › Real Backtest Execution" name="validates input parameters according to YOUR implementation" time="0.046">
    </testcase>
    <testcase classname="BacktestingService REAL Implementation Tests › Real Backtest Execution" name="processes trade execution with YOUR actual logic" time="0.011">
    </testcase>
    <testcase classname="BacktestingService REAL Implementation Tests › Real Portfolio History Tracking" name="tracks portfolio value changes through YOUR implementation" time="0.016">
    </testcase>
    <testcase classname="BacktestingService REAL Implementation Tests › Real Filter Data by Date" name="filters data by date range using YOUR implementation" time="0.003">
    </testcase>
    <testcase classname="BacktestingService REAL Implementation Tests › Real Strategy Descriptions" name="provides accurate strategy descriptions matching YOUR implementation" time="0.002">
    </testcase>
    <testcase classname="BacktestingService REAL Implementation Tests › Real Multi-Indicator Strategy Implementation" name="Multi-indicator strategy combines YOUR real technical analysis" time="0.005">
    </testcase>
    <testcase classname="BacktestingService REAL Implementation Tests › Real Trade Execution Logic" name="executeEntry creates positions according to YOUR implementation" time="0.005">
    </testcase>
    <testcase classname="BacktestingService REAL Implementation Tests › Real Trade Execution Logic" name="executeExit closes positions and records trades per YOUR implementation" time="0.005">
    </testcase>
    <testcase classname="BacktestingService REAL Implementation Tests › Real Exit Conditions Logic" name="checkExitConditions triggers stop loss per YOUR implementation" time="0.003">
    </testcase>
    <testcase classname="BacktestingService REAL Implementation Tests › Real Exit Conditions Logic" name="checkExitConditions triggers take profit per YOUR implementation" time="0.003">
    </testcase>
    <testcase classname="BacktestingService REAL Implementation Tests › Real Portfolio Value Calculation" name="calculatePortfolioValue computes correctly per YOUR implementation" time="0.003">
    </testcase>
    <testcase classname="BacktestingService REAL Implementation Tests › Real Portfolio Value Calculation" name="calculatePortfolioValue handles short positions per YOUR implementation" time="0.003">
    </testcase>
  </testsuite>
  <testsuite name="Database Utilities Unit Tests" errors="0" failures="14" skipped="0" timestamp="2025-07-26T05:24:45" time="2.056" tests="17">
    <testcase classname="Database Utilities Unit Tests › Database Configuration Management" name="handles missing database configuration gracefully" time="0.025">
      <failure>Error: expect(received).not.toThrow()

Error name:    &quot;TypeError&quot;
Error message: &quot;database.calculateOptimalPoolConfig is not a function&quot;

      27 |     it(&apos;handles missing database configuration gracefully&apos;, () =&gt; {
      28 |       // Test that configuration loading handles missing values
    &gt; 29 |       expect(() =&gt; database.calculateOptimalPoolConfig()).not.toThrow();
         |                             ^
      30 |     });
      31 |
      32 |     it(&apos;validates SSL configuration settings&apos;, () =&gt; {

      at calculateOptimalPoolConfig (tests/unit/database-utils.test.js:29:29)
      at Object.&lt;anonymous&gt; (node_modules/expect/build/toThrowMatchers.js:74:11)
      at Object.throwingMatcher [as toThrow] (node_modules/expect/build/index.js:320:21)
      at Object.toThrow (tests/unit/database-utils.test.js:29:63)
    at Object.toThrow (/home/stocks/algo/webapp/lambda/tests/unit/database-utils.test.js:29:63)
    at Promise.then.completed (/home/stocks/algo/webapp/lambda/node_modules/jest-circus/build/utils.js:298:28)
    at new Promise (&lt;anonymous&gt;)
    at callAsyncCircusFn (/home/stocks/algo/webapp/lambda/node_modules/jest-circus/build/utils.js:231:10)
    at _callCircusTest (/home/stocks/algo/webapp/lambda/node_modules/jest-circus/build/run.js:316:40)
    at processTicksAndRejections (node:internal/process/task_queues:95:5)
    at _runTest (/home/stocks/algo/webapp/lambda/node_modules/jest-circus/build/run.js:252:3)
    at _runTestsForDescribeBlock (/home/stocks/algo/webapp/lambda/node_modules/jest-circus/build/run.js:126:9)
    at _runTestsForDescribeBlock (/home/stocks/algo/webapp/lambda/node_modules/jest-circus/build/run.js:121:9)
    at _runTestsForDescribeBlock (/home/stocks/algo/webapp/lambda/node_modules/jest-circus/build/run.js:121:9)
    at run (/home/stocks/algo/webapp/lambda/node_modules/jest-circus/build/run.js:71:3)
    at runAndTransformResultsToJestFormat (/home/stocks/algo/webapp/lambda/node_modules/jest-circus/build/legacy-code-todo-rewrite/jestAdapterInit.js:122:21)
    at jestAdapter (/home/stocks/algo/webapp/lambda/node_modules/jest-circus/build/legacy-code-todo-rewrite/jestAdapter.js:79:19)
    at runTestInternal (/home/stocks/algo/webapp/lambda/node_modules/jest-runner/build/runTest.js:367:16)
    at runTest (/home/stocks/algo/webapp/lambda/node_modules/jest-runner/build/runTest.js:444:34)
    at Object.worker (/home/stocks/algo/webapp/lambda/node_modules/jest-runner/build/testWorker.js:106:12)</failure>
    </testcase>
    <testcase classname="Database Utilities Unit Tests › Database Configuration Management" name="validates SSL configuration settings" time="0.002">
      <failure>TypeError: database.calculateOptimalPoolConfig is not a function
    at Object.calculateOptimalPoolConfig (/home/stocks/algo/webapp/lambda/tests/unit/database-utils.test.js:34:31)
    at Promise.then.completed (/home/stocks/algo/webapp/lambda/node_modules/jest-circus/build/utils.js:298:28)
    at new Promise (&lt;anonymous&gt;)
    at callAsyncCircusFn (/home/stocks/algo/webapp/lambda/node_modules/jest-circus/build/utils.js:231:10)
    at _callCircusTest (/home/stocks/algo/webapp/lambda/node_modules/jest-circus/build/run.js:316:40)
    at processTicksAndRejections (node:internal/process/task_queues:95:5)
    at _runTest (/home/stocks/algo/webapp/lambda/node_modules/jest-circus/build/run.js:252:3)
    at _runTestsForDescribeBlock (/home/stocks/algo/webapp/lambda/node_modules/jest-circus/build/run.js:126:9)
    at _runTestsForDescribeBlock (/home/stocks/algo/webapp/lambda/node_modules/jest-circus/build/run.js:121:9)
    at _runTestsForDescribeBlock (/home/stocks/algo/webapp/lambda/node_modules/jest-circus/build/run.js:121:9)
    at run (/home/stocks/algo/webapp/lambda/node_modules/jest-circus/build/run.js:71:3)
    at runAndTransformResultsToJestFormat (/home/stocks/algo/webapp/lambda/node_modules/jest-circus/build/legacy-code-todo-rewrite/jestAdapterInit.js:122:21)
    at jestAdapter (/home/stocks/algo/webapp/lambda/node_modules/jest-circus/build/legacy-code-todo-rewrite/jestAdapter.js:79:19)
    at runTestInternal (/home/stocks/algo/webapp/lambda/node_modules/jest-runner/build/runTest.js:367:16)
    at runTest (/home/stocks/algo/webapp/lambda/node_modules/jest-runner/build/runTest.js:444:34)
    at Object.worker (/home/stocks/algo/webapp/lambda/node_modules/jest-runner/build/testWorker.js:106:12)</failure>
    </testcase>
    <testcase classname="Database Utilities Unit Tests › Connection Pool Management" name="handles pool warming for Lambda optimization" time="0.004">
      <failure>Error: expect(received).toBe(expected) // Object.is equality

Expected: &quot;function&quot;
Received: &quot;undefined&quot;
    at Object.toBe (/home/stocks/algo/webapp/lambda/tests/unit/database-utils.test.js:43:45)
    at Promise.then.completed (/home/stocks/algo/webapp/lambda/node_modules/jest-circus/build/utils.js:298:28)
    at new Promise (&lt;anonymous&gt;)
    at callAsyncCircusFn (/home/stocks/algo/webapp/lambda/node_modules/jest-circus/build/utils.js:231:10)
    at _callCircusTest (/home/stocks/algo/webapp/lambda/node_modules/jest-circus/build/run.js:316:40)
    at processTicksAndRejections (node:internal/process/task_queues:95:5)
    at _runTest (/home/stocks/algo/webapp/lambda/node_modules/jest-circus/build/run.js:252:3)
    at _runTestsForDescribeBlock (/home/stocks/algo/webapp/lambda/node_modules/jest-circus/build/run.js:126:9)
    at _runTestsForDescribeBlock (/home/stocks/algo/webapp/lambda/node_modules/jest-circus/build/run.js:121:9)
    at _runTestsForDescribeBlock (/home/stocks/algo/webapp/lambda/node_modules/jest-circus/build/run.js:121:9)
    at run (/home/stocks/algo/webapp/lambda/node_modules/jest-circus/build/run.js:71:3)
    at runAndTransformResultsToJestFormat (/home/stocks/algo/webapp/lambda/node_modules/jest-circus/build/legacy-code-todo-rewrite/jestAdapterInit.js:122:21)
    at jestAdapter (/home/stocks/algo/webapp/lambda/node_modules/jest-circus/build/legacy-code-todo-rewrite/jestAdapter.js:79:19)
    at runTestInternal (/home/stocks/algo/webapp/lambda/node_modules/jest-runner/build/runTest.js:367:16)
    at runTest (/home/stocks/algo/webapp/lambda/node_modules/jest-runner/build/runTest.js:444:34)
    at Object.worker (/home/stocks/algo/webapp/lambda/node_modules/jest-runner/build/testWorker.js:106:12)</failure>
    </testcase>
    <testcase classname="Database Utilities Unit Tests › Query Execution and Management" name="extracts table names from SQL queries correctly" time="0.002">
      <failure>TypeError: database.extractTableName is not a function
    at extractTableName (/home/stocks/algo/webapp/lambda/tests/unit/database-utils.test.js:60:33)
    at Array.forEach (&lt;anonymous&gt;)
    at Object.forEach (/home/stocks/algo/webapp/lambda/tests/unit/database-utils.test.js:59:17)
    at Promise.then.completed (/home/stocks/algo/webapp/lambda/node_modules/jest-circus/build/utils.js:298:28)
    at new Promise (&lt;anonymous&gt;)
    at callAsyncCircusFn (/home/stocks/algo/webapp/lambda/node_modules/jest-circus/build/utils.js:231:10)
    at _callCircusTest (/home/stocks/algo/webapp/lambda/node_modules/jest-circus/build/run.js:316:40)
    at processTicksAndRejections (node:internal/process/task_queues:95:5)
    at _runTest (/home/stocks/algo/webapp/lambda/node_modules/jest-circus/build/run.js:252:3)
    at _runTestsForDescribeBlock (/home/stocks/algo/webapp/lambda/node_modules/jest-circus/build/run.js:126:9)
    at _runTestsForDescribeBlock (/home/stocks/algo/webapp/lambda/node_modules/jest-circus/build/run.js:121:9)
    at _runTestsForDescribeBlock (/home/stocks/algo/webapp/lambda/node_modules/jest-circus/build/run.js:121:9)
    at run (/home/stocks/algo/webapp/lambda/node_modules/jest-circus/build/run.js:71:3)
    at runAndTransformResultsToJestFormat (/home/stocks/algo/webapp/lambda/node_modules/jest-circus/build/legacy-code-todo-rewrite/jestAdapterInit.js:122:21)
    at jestAdapter (/home/stocks/algo/webapp/lambda/node_modules/jest-circus/build/legacy-code-todo-rewrite/jestAdapter.js:79:19)
    at runTestInternal (/home/stocks/algo/webapp/lambda/node_modules/jest-runner/build/runTest.js:367:16)
    at runTest (/home/stocks/algo/webapp/lambda/node_modules/jest-runner/build/runTest.js:444:34)
    at Object.worker (/home/stocks/algo/webapp/lambda/node_modules/jest-runner/build/testWorker.js:106:12)</failure>
    </testcase>
    <testcase classname="Database Utilities Unit Tests › Query Execution and Management" name="handles safe queries with table existence validation" time="0.002">
      <failure>Error: expect(received).toBe(expected) // Object.is equality

Expected: &quot;function&quot;
Received: &quot;undefined&quot;
    at Object.toBe (/home/stocks/algo/webapp/lambda/tests/unit/database-utils.test.js:67:41)
    at Promise.then.completed (/home/stocks/algo/webapp/lambda/node_modules/jest-circus/build/utils.js:298:28)
    at new Promise (&lt;anonymous&gt;)
    at callAsyncCircusFn (/home/stocks/algo/webapp/lambda/node_modules/jest-circus/build/utils.js:231:10)
    at _callCircusTest (/home/stocks/algo/webapp/lambda/node_modules/jest-circus/build/run.js:316:40)
    at processTicksAndRejections (node:internal/process/task_queues:95:5)
    at _runTest (/home/stocks/algo/webapp/lambda/node_modules/jest-circus/build/run.js:252:3)
    at _runTestsForDescribeBlock (/home/stocks/algo/webapp/lambda/node_modules/jest-circus/build/run.js:126:9)
    at _runTestsForDescribeBlock (/home/stocks/algo/webapp/lambda/node_modules/jest-circus/build/run.js:121:9)
    at _runTestsForDescribeBlock (/home/stocks/algo/webapp/lambda/node_modules/jest-circus/build/run.js:121:9)
    at run (/home/stocks/algo/webapp/lambda/node_modules/jest-circus/build/run.js:71:3)
    at runAndTransformResultsToJestFormat (/home/stocks/algo/webapp/lambda/node_modules/jest-circus/build/legacy-code-todo-rewrite/jestAdapterInit.js:122:21)
    at jestAdapter (/home/stocks/algo/webapp/lambda/node_modules/jest-circus/build/legacy-code-todo-rewrite/jestAdapter.js:79:19)
    at runTestInternal (/home/stocks/algo/webapp/lambda/node_modules/jest-runner/build/runTest.js:367:16)
    at runTest (/home/stocks/algo/webapp/lambda/node_modules/jest-runner/build/runTest.js:444:34)
    at Object.worker (/home/stocks/algo/webapp/lambda/node_modules/jest-runner/build/testWorker.js:106:12)</failure>
    </testcase>
    <testcase classname="Database Utilities Unit Tests › Query Execution and Management" name="rejects safe queries when required tables are missing" time="0.007">
      <failure>Error: expect(received).toBe(expected) // Object.is equality

Expected: &quot;function&quot;
Received: &quot;undefined&quot;
    at Object.toBe (/home/stocks/algo/webapp/lambda/tests/unit/database-utils.test.js:80:41)
    at Promise.then.completed (/home/stocks/algo/webapp/lambda/node_modules/jest-circus/build/utils.js:298:28)
    at new Promise (&lt;anonymous&gt;)
    at callAsyncCircusFn (/home/stocks/algo/webapp/lambda/node_modules/jest-circus/build/utils.js:231:10)
    at _callCircusTest (/home/stocks/algo/webapp/lambda/node_modules/jest-circus/build/run.js:316:40)
    at processTicksAndRejections (node:internal/process/task_queues:95:5)
    at _runTest (/home/stocks/algo/webapp/lambda/node_modules/jest-circus/build/run.js:252:3)
    at _runTestsForDescribeBlock (/home/stocks/algo/webapp/lambda/node_modules/jest-circus/build/run.js:126:9)
    at _runTestsForDescribeBlock (/home/stocks/algo/webapp/lambda/node_modules/jest-circus/build/run.js:121:9)
    at _runTestsForDescribeBlock (/home/stocks/algo/webapp/lambda/node_modules/jest-circus/build/run.js:121:9)
    at run (/home/stocks/algo/webapp/lambda/node_modules/jest-circus/build/run.js:71:3)
    at runAndTransformResultsToJestFormat (/home/stocks/algo/webapp/lambda/node_modules/jest-circus/build/legacy-code-todo-rewrite/jestAdapterInit.js:122:21)
    at jestAdapter (/home/stocks/algo/webapp/lambda/node_modules/jest-circus/build/legacy-code-todo-rewrite/jestAdapter.js:79:19)
    at runTestInternal (/home/stocks/algo/webapp/lambda/node_modules/jest-runner/build/runTest.js:367:16)
    at runTest (/home/stocks/algo/webapp/lambda/node_modules/jest-runner/build/runTest.js:444:34)
    at Object.worker (/home/stocks/algo/webapp/lambda/node_modules/jest-runner/build/testWorker.js:106:12)</failure>
    </testcase>
    <testcase classname="Database Utilities Unit Tests › Transaction Management" name="rolls back transactions on errors" time="0.005">
      <failure>Error: expect(received).toBe(expected) // Object.is equality

Expected: &quot;function&quot;
Received: &quot;undefined&quot;
    at Object.toBe (/home/stocks/algo/webapp/lambda/tests/unit/database-utils.test.js:87:43)
    at Promise.then.completed (/home/stocks/algo/webapp/lambda/node_modules/jest-circus/build/utils.js:298:28)
    at new Promise (&lt;anonymous&gt;)
    at callAsyncCircusFn (/home/stocks/algo/webapp/lambda/node_modules/jest-circus/build/utils.js:231:10)
    at _callCircusTest (/home/stocks/algo/webapp/lambda/node_modules/jest-circus/build/run.js:316:40)
    at processTicksAndRejections (node:internal/process/task_queues:95:5)
    at _runTest (/home/stocks/algo/webapp/lambda/node_modules/jest-circus/build/run.js:252:3)
    at _runTestsForDescribeBlock (/home/stocks/algo/webapp/lambda/node_modules/jest-circus/build/run.js:126:9)
    at _runTestsForDescribeBlock (/home/stocks/algo/webapp/lambda/node_modules/jest-circus/build/run.js:121:9)
    at _runTestsForDescribeBlock (/home/stocks/algo/webapp/lambda/node_modules/jest-circus/build/run.js:121:9)
    at run (/home/stocks/algo/webapp/lambda/node_modules/jest-circus/build/run.js:71:3)
    at runAndTransformResultsToJestFormat (/home/stocks/algo/webapp/lambda/node_modules/jest-circus/build/legacy-code-todo-rewrite/jestAdapterInit.js:122:21)
    at jestAdapter (/home/stocks/algo/webapp/lambda/node_modules/jest-circus/build/legacy-code-todo-rewrite/jestAdapter.js:79:19)
    at runTestInternal (/home/stocks/algo/webapp/lambda/node_modules/jest-runner/build/runTest.js:367:16)
    at runTest (/home/stocks/algo/webapp/lambda/node_modules/jest-runner/build/runTest.js:444:34)
    at Object.worker (/home/stocks/algo/webapp/lambda/node_modules/jest-runner/build/testWorker.js:106:12)</failure>
    </testcase>
    <testcase classname="Database Utilities Unit Tests › Schema Validation and Table Management" name="checks multiple table existence efficiently" time="0.003">
      <failure>Error: expect(received).toBe(expected) // Object.is equality

Expected: &quot;function&quot;
Received: &quot;undefined&quot;
    at Object.toBe (/home/stocks/algo/webapp/lambda/tests/unit/database-utils.test.js:94:43)
    at Promise.then.completed (/home/stocks/algo/webapp/lambda/node_modules/jest-circus/build/utils.js:298:28)
    at new Promise (&lt;anonymous&gt;)
    at callAsyncCircusFn (/home/stocks/algo/webapp/lambda/node_modules/jest-circus/build/utils.js:231:10)
    at _callCircusTest (/home/stocks/algo/webapp/lambda/node_modules/jest-circus/build/run.js:316:40)
    at processTicksAndRejections (node:internal/process/task_queues:95:5)
    at _runTest (/home/stocks/algo/webapp/lambda/node_modules/jest-circus/build/run.js:252:3)
    at _runTestsForDescribeBlock (/home/stocks/algo/webapp/lambda/node_modules/jest-circus/build/run.js:126:9)
    at _runTestsForDescribeBlock (/home/stocks/algo/webapp/lambda/node_modules/jest-circus/build/run.js:121:9)
    at _runTestsForDescribeBlock (/home/stocks/algo/webapp/lambda/node_modules/jest-circus/build/run.js:121:9)
    at run (/home/stocks/algo/webapp/lambda/node_modules/jest-circus/build/run.js:71:3)
    at runAndTransformResultsToJestFormat (/home/stocks/algo/webapp/lambda/node_modules/jest-circus/build/legacy-code-todo-rewrite/jestAdapterInit.js:122:21)
    at jestAdapter (/home/stocks/algo/webapp/lambda/node_modules/jest-circus/build/legacy-code-todo-rewrite/jestAdapter.js:79:19)
    at runTestInternal (/home/stocks/algo/webapp/lambda/node_modules/jest-runner/build/runTest.js:367:16)
    at runTest (/home/stocks/algo/webapp/lambda/node_modules/jest-runner/build/runTest.js:444:34)
    at Object.worker (/home/stocks/algo/webapp/lambda/node_modules/jest-runner/build/testWorker.js:106:12)</failure>
    </testcase>
    <testcase classname="Database Utilities Unit Tests › Schema Validation and Table Management" name="provides database schema functions" time="0.002">
      <failure>Error: expect(received).toBe(expected) // Object.is equality

Expected: &quot;function&quot;
Received: &quot;undefined&quot;
    at Object.toBe (/home/stocks/algo/webapp/lambda/tests/unit/database-utils.test.js:99:43)
    at Promise.then.completed (/home/stocks/algo/webapp/lambda/node_modules/jest-circus/build/utils.js:298:28)
    at new Promise (&lt;anonymous&gt;)
    at callAsyncCircusFn (/home/stocks/algo/webapp/lambda/node_modules/jest-circus/build/utils.js:231:10)
    at _callCircusTest (/home/stocks/algo/webapp/lambda/node_modules/jest-circus/build/run.js:316:40)
    at processTicksAndRejections (node:internal/process/task_queues:95:5)
    at _runTest (/home/stocks/algo/webapp/lambda/node_modules/jest-circus/build/run.js:252:3)
    at _runTestsForDescribeBlock (/home/stocks/algo/webapp/lambda/node_modules/jest-circus/build/run.js:126:9)
    at _runTestsForDescribeBlock (/home/stocks/algo/webapp/lambda/node_modules/jest-circus/build/run.js:121:9)
    at _runTestsForDescribeBlock (/home/stocks/algo/webapp/lambda/node_modules/jest-circus/build/run.js:121:9)
    at run (/home/stocks/algo/webapp/lambda/node_modules/jest-circus/build/run.js:71:3)
    at runAndTransformResultsToJestFormat (/home/stocks/algo/webapp/lambda/node_modules/jest-circus/build/legacy-code-todo-rewrite/jestAdapterInit.js:122:21)
    at jestAdapter (/home/stocks/algo/webapp/lambda/node_modules/jest-circus/build/legacy-code-todo-rewrite/jestAdapter.js:79:19)
    at runTestInternal (/home/stocks/algo/webapp/lambda/node_modules/jest-runner/build/runTest.js:367:16)
    at runTest (/home/stocks/algo/webapp/lambda/node_modules/jest-runner/build/runTest.js:444:34)
    at Object.worker (/home/stocks/algo/webapp/lambda/node_modules/jest-runner/build/testWorker.js:106:12)</failure>
    </testcase>
    <testcase classname="Database Utilities Unit Tests › Health Checks and Monitoring" name="performs comprehensive health checks" time="0.003">
    </testcase>
    <testcase classname="Database Utilities Unit Tests › Health Checks and Monitoring" name="handles circuit breaker open state in health checks" time="0.002">
    </testcase>
    <testcase classname="Database Utilities Unit Tests › Health Checks and Monitoring" name="reports unhealthy state for database connection failures" time="0.001">
    </testcase>
    <testcase classname="Database Utilities Unit Tests › Lambda Optimization Features" name="calculates appropriate pool sizes for Lambda concurrency" time="0.001">
      <failure>TypeError: database.calculateOptimalPoolConfig is not a function
    at Object.calculateOptimalPoolConfig (/home/stocks/algo/webapp/lambda/tests/unit/database-utils.test.js:125:31)
    at Promise.then.completed (/home/stocks/algo/webapp/lambda/node_modules/jest-circus/build/utils.js:298:28)
    at new Promise (&lt;anonymous&gt;)
    at callAsyncCircusFn (/home/stocks/algo/webapp/lambda/node_modules/jest-circus/build/utils.js:231:10)
    at _callCircusTest (/home/stocks/algo/webapp/lambda/node_modules/jest-circus/build/run.js:316:40)
    at processTicksAndRejections (node:internal/process/task_queues:95:5)
    at _runTest (/home/stocks/algo/webapp/lambda/node_modules/jest-circus/build/run.js:252:3)
    at _runTestsForDescribeBlock (/home/stocks/algo/webapp/lambda/node_modules/jest-circus/build/run.js:126:9)
    at _runTestsForDescribeBlock (/home/stocks/algo/webapp/lambda/node_modules/jest-circus/build/run.js:121:9)
    at _runTestsForDescribeBlock (/home/stocks/algo/webapp/lambda/node_modules/jest-circus/build/run.js:121:9)
    at run (/home/stocks/algo/webapp/lambda/node_modules/jest-circus/build/run.js:71:3)
    at runAndTransformResultsToJestFormat (/home/stocks/algo/webapp/lambda/node_modules/jest-circus/build/legacy-code-todo-rewrite/jestAdapterInit.js:122:21)
    at jestAdapter (/home/stocks/algo/webapp/lambda/node_modules/jest-circus/build/legacy-code-todo-rewrite/jestAdapter.js:79:19)
    at runTestInternal (/home/stocks/algo/webapp/lambda/node_modules/jest-runner/build/runTest.js:367:16)
    at runTest (/home/stocks/algo/webapp/lambda/node_modules/jest-runner/build/runTest.js:444:34)
    at Object.worker (/home/stocks/algo/webapp/lambda/node_modules/jest-runner/build/testWorker.js:106:12)</failure>
    </testcase>
    <testcase classname="Database Utilities Unit Tests › Connection Cleanup and Resource Management" name="handles connection cleanup errors gracefully" time="0.002">
      <failure>Error: expect(received).toBe(expected) // Object.is equality

Expected: &quot;function&quot;
Received: &quot;undefined&quot;
    at Object.toBe (/home/stocks/algo/webapp/lambda/tests/unit/database-utils.test.js:136:45)
    at Promise.then.completed (/home/stocks/algo/webapp/lambda/node_modules/jest-circus/build/utils.js:298:28)
    at new Promise (&lt;anonymous&gt;)
    at callAsyncCircusFn (/home/stocks/algo/webapp/lambda/node_modules/jest-circus/build/utils.js:231:10)
    at _callCircusTest (/home/stocks/algo/webapp/lambda/node_modules/jest-circus/build/run.js:316:40)
    at processTicksAndRejections (node:internal/process/task_queues:95:5)
    at _runTest (/home/stocks/algo/webapp/lambda/node_modules/jest-circus/build/run.js:252:3)
    at _runTestsForDescribeBlock (/home/stocks/algo/webapp/lambda/node_modules/jest-circus/build/run.js:126:9)
    at _runTestsForDescribeBlock (/home/stocks/algo/webapp/lambda/node_modules/jest-circus/build/run.js:121:9)
    at _runTestsForDescribeBlock (/home/stocks/algo/webapp/lambda/node_modules/jest-circus/build/run.js:121:9)
    at run (/home/stocks/algo/webapp/lambda/node_modules/jest-circus/build/run.js:71:3)
    at runAndTransformResultsToJestFormat (/home/stocks/algo/webapp/lambda/node_modules/jest-circus/build/legacy-code-todo-rewrite/jestAdapterInit.js:122:21)
    at jestAdapter (/home/stocks/algo/webapp/lambda/node_modules/jest-circus/build/legacy-code-todo-rewrite/jestAdapter.js:79:19)
    at runTestInternal (/home/stocks/algo/webapp/lambda/node_modules/jest-runner/build/runTest.js:367:16)
    at runTest (/home/stocks/algo/webapp/lambda/node_modules/jest-runner/build/runTest.js:444:34)
    at Object.worker (/home/stocks/algo/webapp/lambda/node_modules/jest-runner/build/testWorker.js:106:12)</failure>
    </testcase>
    <testcase classname="Database Utilities Unit Tests › Edge Cases and Error Scenarios" name="handles malformed SQL queries gracefully" time="0.002">
      <failure>TypeError: database.extractTableName is not a function
    at extractTableName (/home/stocks/algo/webapp/lambda/tests/unit/database-utils.test.js:152:33)
    at Array.forEach (&lt;anonymous&gt;)
    at Object.forEach (/home/stocks/algo/webapp/lambda/tests/unit/database-utils.test.js:151:24)
    at Promise.then.completed (/home/stocks/algo/webapp/lambda/node_modules/jest-circus/build/utils.js:298:28)
    at new Promise (&lt;anonymous&gt;)
    at callAsyncCircusFn (/home/stocks/algo/webapp/lambda/node_modules/jest-circus/build/utils.js:231:10)
    at _callCircusTest (/home/stocks/algo/webapp/lambda/node_modules/jest-circus/build/run.js:316:40)
    at processTicksAndRejections (node:internal/process/task_queues:95:5)
    at _runTest (/home/stocks/algo/webapp/lambda/node_modules/jest-circus/build/run.js:252:3)
    at _runTestsForDescribeBlock (/home/stocks/algo/webapp/lambda/node_modules/jest-circus/build/run.js:126:9)
    at _runTestsForDescribeBlock (/home/stocks/algo/webapp/lambda/node_modules/jest-circus/build/run.js:121:9)
    at _runTestsForDescribeBlock (/home/stocks/algo/webapp/lambda/node_modules/jest-circus/build/run.js:121:9)
    at run (/home/stocks/algo/webapp/lambda/node_modules/jest-circus/build/run.js:71:3)
    at runAndTransformResultsToJestFormat (/home/stocks/algo/webapp/lambda/node_modules/jest-circus/build/legacy-code-todo-rewrite/jestAdapterInit.js:122:21)
    at jestAdapter (/home/stocks/algo/webapp/lambda/node_modules/jest-circus/build/legacy-code-todo-rewrite/jestAdapter.js:79:19)
    at runTestInternal (/home/stocks/algo/webapp/lambda/node_modules/jest-runner/build/runTest.js:367:16)
    at runTest (/home/stocks/algo/webapp/lambda/node_modules/jest-runner/build/runTest.js:444:34)
    at Object.worker (/home/stocks/algo/webapp/lambda/node_modules/jest-runner/build/testWorker.js:106:12)</failure>
    </testcase>
    <testcase classname="Database Utilities Unit Tests › Edge Cases and Error Scenarios" name="validates environment variable data types" time="0.003">
      <failure>Error: expect(received).not.toThrow()

Error name:    &quot;TypeError&quot;
Error message: &quot;database.calculateOptimalPoolConfig is not a function&quot;

      157 |     it(&apos;validates environment variable data types&apos;, () =&gt; {
      158 |       // Test environment variable handling
    &gt; 159 |       expect(() =&gt; database.calculateOptimalPoolConfig()).not.toThrow();
          |                             ^
      160 |     });
      161 |
      162 |     it(&apos;handles missing optional configuration gracefully&apos;, () =&gt; {

      at calculateOptimalPoolConfig (tests/unit/database-utils.test.js:159:29)
      at Object.&lt;anonymous&gt; (node_modules/expect/build/toThrowMatchers.js:74:11)
      at Object.throwingMatcher [as toThrow] (node_modules/expect/build/index.js:320:21)
      at Object.toThrow (tests/unit/database-utils.test.js:159:63)
    at Object.toThrow (/home/stocks/algo/webapp/lambda/tests/unit/database-utils.test.js:159:63)
    at Promise.then.completed (/home/stocks/algo/webapp/lambda/node_modules/jest-circus/build/utils.js:298:28)
    at new Promise (&lt;anonymous&gt;)
    at callAsyncCircusFn (/home/stocks/algo/webapp/lambda/node_modules/jest-circus/build/utils.js:231:10)
    at _callCircusTest (/home/stocks/algo/webapp/lambda/node_modules/jest-circus/build/run.js:316:40)
    at processTicksAndRejections (node:internal/process/task_queues:95:5)
    at _runTest (/home/stocks/algo/webapp/lambda/node_modules/jest-circus/build/run.js:252:3)
    at _runTestsForDescribeBlock (/home/stocks/algo/webapp/lambda/node_modules/jest-circus/build/run.js:126:9)
    at _runTestsForDescribeBlock (/home/stocks/algo/webapp/lambda/node_modules/jest-circus/build/run.js:121:9)
    at _runTestsForDescribeBlock (/home/stocks/algo/webapp/lambda/node_modules/jest-circus/build/run.js:121:9)
    at run (/home/stocks/algo/webapp/lambda/node_modules/jest-circus/build/run.js:71:3)
    at runAndTransformResultsToJestFormat (/home/stocks/algo/webapp/lambda/node_modules/jest-circus/build/legacy-code-todo-rewrite/jestAdapterInit.js:122:21)
    at jestAdapter (/home/stocks/algo/webapp/lambda/node_modules/jest-circus/build/legacy-code-todo-rewrite/jestAdapter.js:79:19)
    at runTestInternal (/home/stocks/algo/webapp/lambda/node_modules/jest-runner/build/runTest.js:367:16)
    at runTest (/home/stocks/algo/webapp/lambda/node_modules/jest-runner/build/runTest.js:444:34)
    at Object.worker (/home/stocks/algo/webapp/lambda/node_modules/jest-runner/build/testWorker.js:106:12)</failure>
    </testcase>
    <testcase classname="Database Utilities Unit Tests › Edge Cases and Error Scenarios" name="handles missing optional configuration gracefully" time="0.002">
      <failure>Error: expect(received).not.toThrow()

Error name:    &quot;TypeError&quot;
Error message: &quot;database.calculateOptimalPoolConfig is not a function&quot;

      165 |       delete process.env.DB_POOL_MAX;
      166 |       
    &gt; 167 |       expect(() =&gt; database.calculateOptimalPoolConfig()).not.toThrow();
          |                             ^
      168 |     });
      169 |   });
      170 | });

      at calculateOptimalPoolConfig (tests/unit/database-utils.test.js:167:29)
      at Object.&lt;anonymous&gt; (node_modules/expect/build/toThrowMatchers.js:74:11)
      at Object.throwingMatcher [as toThrow] (node_modules/expect/build/index.js:320:21)
      at Object.toThrow (tests/unit/database-utils.test.js:167:63)
    at Object.toThrow (/home/stocks/algo/webapp/lambda/tests/unit/database-utils.test.js:167:63)
    at Promise.then.completed (/home/stocks/algo/webapp/lambda/node_modules/jest-circus/build/utils.js:298:28)
    at new Promise (&lt;anonymous&gt;)
    at callAsyncCircusFn (/home/stocks/algo/webapp/lambda/node_modules/jest-circus/build/utils.js:231:10)
    at _callCircusTest (/home/stocks/algo/webapp/lambda/node_modules/jest-circus/build/run.js:316:40)
    at processTicksAndRejections (node:internal/process/task_queues:95:5)
    at _runTest (/home/stocks/algo/webapp/lambda/node_modules/jest-circus/build/run.js:252:3)
    at _runTestsForDescribeBlock (/home/stocks/algo/webapp/lambda/node_modules/jest-circus/build/run.js:126:9)
    at _runTestsForDescribeBlock (/home/stocks/algo/webapp/lambda/node_modules/jest-circus/build/run.js:121:9)
    at _runTestsForDescribeBlock (/home/stocks/algo/webapp/lambda/node_modules/jest-circus/build/run.js:121:9)
    at run (/home/stocks/algo/webapp/lambda/node_modules/jest-circus/build/run.js:71:3)
    at runAndTransformResultsToJestFormat (/home/stocks/algo/webapp/lambda/node_modules/jest-circus/build/legacy-code-todo-rewrite/jestAdapterInit.js:122:21)
    at jestAdapter (/home/stocks/algo/webapp/lambda/node_modules/jest-circus/build/legacy-code-todo-rewrite/jestAdapter.js:79:19)
    at runTestInternal (/home/stocks/algo/webapp/lambda/node_modules/jest-runner/build/runTest.js:367:16)
    at runTest (/home/stocks/algo/webapp/lambda/node_modules/jest-runner/build/runTest.js:444:34)
    at Object.worker (/home/stocks/algo/webapp/lambda/node_modules/jest-runner/build/testWorker.js:106:12)</failure>
    </testcase>
  </testsuite>
  <testsuite name="Circuit Breaker Utilities Unit Tests" errors="0" failures="0" skipped="0" timestamp="2025-07-26T05:24:45" time="2.085" tests="19">
    <testcase classname="Circuit Breaker Utilities Unit Tests › TimeoutHelper Circuit Breaker" name="should initialize with production-ready thresholds" time="0.094">
    </testcase>
    <testcase classname="Circuit Breaker Utilities Unit Tests › TimeoutHelper Circuit Breaker" name="should track failure counts correctly" time="0.013">
    </testcase>
    <testcase classname="Circuit Breaker Utilities Unit Tests › TimeoutHelper Circuit Breaker" name="should transition states correctly (closed -&gt; open -&gt; half-open -&gt; closed)" time="0.021">
    </testcase>
    <testcase classname="Circuit Breaker Utilities Unit Tests › TimeoutHelper Circuit Breaker" name="should record event history correctly" time="0.008">
    </testcase>
    <testcase classname="Circuit Breaker Utilities Unit Tests › TimeoutHelper Circuit Breaker" name="should calculate metrics correctly" time="0.007">
    </testcase>
    <testcase classname="Circuit Breaker Utilities Unit Tests › TimeoutHelper Circuit Breaker" name="should handle recent activity tracking" time="0.007">
    </testcase>
    <testcase classname="Circuit Breaker Utilities Unit Tests › TimeoutHelper Circuit Breaker" name="should calculate risk levels accurately" time="0.009">
    </testcase>
    <testcase classname="Circuit Breaker Utilities Unit Tests › DatabaseCircuitBreaker Class" name="should initialize with correct production configuration" time="0.008">
    </testcase>
    <testcase classname="Circuit Breaker Utilities Unit Tests › DatabaseCircuitBreaker Class" name="should execute operations and track results" time="0.005">
    </testcase>
    <testcase classname="Circuit Breaker Utilities Unit Tests › DatabaseCircuitBreaker Class" name="should handle operation failures correctly" time="0.008">
    </testcase>
    <testcase classname="Circuit Breaker Utilities Unit Tests › DatabaseCircuitBreaker Class" name="should open circuit after threshold failures" time="0.022">
    </testcase>
    <testcase classname="Circuit Breaker Utilities Unit Tests › DatabaseCircuitBreaker Class" name="should provide detailed status information" time="0.006">
    </testcase>
    <testcase classname="Circuit Breaker Utilities Unit Tests › DatabaseCircuitBreaker Class" name="should force reset correctly" time="0.038">
    </testcase>
    <testcase classname="Circuit Breaker Utilities Unit Tests › Circuit Breaker Reset Utilities" name="should reset all circuit breakers" time="0.019">
    </testcase>
    <testcase classname="Circuit Breaker Utilities Unit Tests › Circuit Breaker Reset Utilities" name="should reset specific circuit breaker" time="0.01">
    </testcase>
    <testcase classname="Circuit Breaker Utilities Unit Tests › Circuit Breaker Reset Utilities" name="should get comprehensive circuit breaker status" time="0.012">
    </testcase>
    <testcase classname="Circuit Breaker Utilities Unit Tests › Circuit Breaker Reset Utilities" name="should handle non-existent circuit breaker reset gracefully" time="0.009">
    </testcase>
    <testcase classname="Circuit Breaker Utilities Unit Tests › Performance and Memory Management" name="should limit history size to prevent memory leaks" time="0.005">
    </testcase>
    <testcase classname="Circuit Breaker Utilities Unit Tests › Performance and Memory Management" name="should handle rapid state changes efficiently" time="0.008">
    </testcase>
  </testsuite>
  <testsuite name="PortfolioService REAL Implementation Tests" errors="0" failures="0" skipped="0" timestamp="2025-07-26T05:24:45" time="2.104" tests="14">
    <testcase classname="PortfolioService REAL Implementation Tests › Real Database Portfolio Operations" name="getUserPortfolio returns correct structure for YOUR implementation" time="0.008">
    </testcase>
    <testcase classname="PortfolioService REAL Implementation Tests › Real Database Portfolio Operations" name="updatePortfolioHoldings performs real UPSERT operations per YOUR implementation" time="0.004">
    </testcase>
    <testcase classname="PortfolioService REAL Implementation Tests › Real Database Portfolio Operations" name="real portfolio calculations match YOUR mathematical implementation" time="0.004">
    </testcase>
    <testcase classname="PortfolioService REAL Implementation Tests › Real Portfolio Performance Calculations" name="getPortfolioPerformance calculates real financial metrics per YOUR implementation" time="0.004">
    </testcase>
    <testcase classname="PortfolioService REAL Implementation Tests › Real Portfolio Performance Calculations" name="real volatility and Sharpe ratio calculations match financial formulas" time="0.003">
    </testcase>
    <testcase classname="PortfolioService REAL Implementation Tests › Real Portfolio Optimization Integration" name="getPortfolioForOptimization formats data correctly for YOUR optimization algorithms" time="0.003">
    </testcase>
    <testcase classname="PortfolioService REAL Implementation Tests › Real Portfolio Optimization Integration" name="saveOptimizationResults stores real optimization data per YOUR implementation" time="0.004">
    </testcase>
    <testcase classname="PortfolioService REAL Implementation Tests › Real AlpacaService Integration Logic" name="getAlpacaService initializes correctly with YOUR implementation" time="0.007">
    </testcase>
    <testcase classname="PortfolioService REAL Implementation Tests › Real AlpacaService Integration Logic" name="syncPortfolioFromBroker handles broker data transformation per YOUR implementation" time="0.004">
    </testcase>
    <testcase classname="PortfolioService REAL Implementation Tests › Real AlpacaService Integration Logic" name="syncPortfolioFromBroker handles broker API errors per YOUR error handling" time="0.005">
    </testcase>
    <testcase classname="PortfolioService REAL Implementation Tests › Real Portfolio History and Analysis" name="getPortfolioHistory returns real database historical data per YOUR implementation" time="0.006">
    </testcase>
    <testcase classname="PortfolioService REAL Implementation Tests › Real Error Handling and Edge Cases" name="handles invalid user ID gracefully per YOUR implementation" time="0.002">
    </testcase>
    <testcase classname="PortfolioService REAL Implementation Tests › Real Error Handling and Edge Cases" name="validates required portfolio fields per YOUR validation logic" time="0.002">
    </testcase>
    <testcase classname="PortfolioService REAL Implementation Tests › Real Health Check Implementation" name="healthCheck returns correct status per YOUR implementation" time="0.003">
    </testcase>
  </testsuite>
  <testsuite name="Alpaca Integration Validation" errors="0" failures="0" skipped="0" timestamp="2025-07-26T05:24:45" time="2.11" tests="16">
    <testcase classname="Alpaca Integration Validation › AlpacaService Integration" name="should initialize with valid credentials" time="0.061">
    </testcase>
    <testcase classname="Alpaca Integration Validation › AlpacaService Integration" name="should throw error with missing credentials" time="0.038">
    </testcase>
    <testcase classname="Alpaca Integration Validation › AlpacaService Integration" name="should set correct URLs for paper trading" time="0.002">
    </testcase>
    <testcase classname="Alpaca Integration Validation › AlpacaService Integration" name="should set correct URLs for live trading" time="0.002">
    </testcase>
    <testcase classname="Alpaca Integration Validation › API Key Helper Function" name="should format API key response correctly" time="0.004">
    </testcase>
    <testcase classname="Alpaca Integration Validation › API Key Helper Function" name="should detect sandbox version correctly" time="0.003">
    </testcase>
    <testcase classname="Alpaca Integration Validation › Database Service Integration" name="should validate portfolio holdings storage structure" time="0.003">
    </testcase>
    <testcase classname="Alpaca Integration Validation › Database Service Integration" name="should validate data freshness checking" time="0.003">
    </testcase>
    <testcase classname="Alpaca Integration Validation › Error Handling Integration" name="should handle API key retrieval errors gracefully" time="0.002">
    </testcase>
    <testcase classname="Alpaca Integration Validation › Error Handling Integration" name="should validate fallback response structure" time="0.005">
    </testcase>
    <testcase classname="Alpaca Integration Validation › Database Schema Compatibility" name="should validate portfolio_holdings table structure" time="0.002">
    </testcase>
    <testcase classname="Alpaca Integration Validation › Database Schema Compatibility" name="should validate portfolio_metadata table structure" time="0.002">
    </testcase>
    <testcase classname="Alpaca Integration Validation › Response Format Validation" name="should validate successful response format" time="0.002">
    </testcase>
    <testcase classname="Alpaca Integration Validation › Response Format Validation" name="should validate error response format" time="0.001">
    </testcase>
    <testcase classname="Alpaca Integration Validation › Route Parameter Validation" name="should validate query parameter defaults" time="0.001">
    </testcase>
    <testcase classname="Alpaca Integration Validation › Route Parameter Validation" name="should validate account type options" time="0.002">
    </testcase>
  </testsuite>
  <testsuite name="Risk Manager Unit Tests" errors="0" failures="0" skipped="0" timestamp="2025-07-26T05:24:45" time="2.113" tests="34">
    <testcase classname="Risk Manager Unit Tests › Service Initialization" name="initializes risk manager correctly" time="0.019">
    </testcase>
    <testcase classname="Risk Manager Unit Tests › Service Initialization" name="has default risk parameters" time="0.005">
    </testcase>
    <testcase classname="Risk Manager Unit Tests › Position Size Calculation Logic" name="handles database connection failures gracefully" time="0.036">
    </testcase>
    <testcase classname="Risk Manager Unit Tests › Position Size Calculation Logic" name="validates input parameters thoroughly" time="0.102">
    </testcase>
    <testcase classname="Risk Manager Unit Tests › Position Size Calculation Logic" name="calculates signal-based adjustments correctly" time="0.021">
    </testcase>
    <testcase classname="Risk Manager Unit Tests › Position Size Calculation Logic" name="calculates real position size mathematics" time="0.002">
    </testcase>
    <testcase classname="Risk Manager Unit Tests › Position Size Calculation Logic" name="respects maximum position size limits" time="0.015">
    </testcase>
    <testcase classname="Risk Manager Unit Tests › Position Size Calculation Logic" name="applies position size bounds correctly" time="0.003">
    </testcase>
    <testcase classname="Risk Manager Unit Tests › Position Size Calculation Logic" name="handles missing signal data gracefully" time="0.073">
    </testcase>
    <testcase classname="Risk Manager Unit Tests › Base Position Size Mathematics" name="calculates position size from risk parameters" time="0.007">
    </testcase>
    <testcase classname="Risk Manager Unit Tests › Base Position Size Mathematics" name="applies confidence-based adjustments" time="0.005">
    </testcase>
    <testcase classname="Risk Manager Unit Tests › Base Position Size Mathematics" name="applies strength-based adjustments" time="0.003">
    </testcase>
    <testcase classname="Risk Manager Unit Tests › Base Position Size Mathematics" name="enforces maximum position size bounds" time="0.002">
    </testcase>
    <testcase classname="Risk Manager Unit Tests › Volatility Adjustment" name="reduces position size for high volatility assets" time="0.003">
    </testcase>
    <testcase classname="Risk Manager Unit Tests › Volatility Adjustment" name="allows larger position size for low volatility assets" time="0.003">
    </testcase>
    <testcase classname="Risk Manager Unit Tests › Volatility Adjustment" name="handles missing volatility data gracefully" time="0.003">
    </testcase>
    <testcase classname="Risk Manager Unit Tests › Volatility Adjustment" name="applies volatility adjustment bounds" time="0.002">
    </testcase>
    <testcase classname="Risk Manager Unit Tests › Portfolio Risk Assessment" name="calculates comprehensive risk metrics" time="0.004">
    </testcase>
    <testcase classname="Risk Manager Unit Tests › Portfolio Risk Assessment" name="identifies high concentration risk" time="0.006">
    </testcase>
    <testcase classname="Risk Manager Unit Tests › Portfolio Risk Assessment" name="identifies high correlation risk" time="0.003">
    </testcase>
    <testcase classname="Risk Manager Unit Tests › Concentration Limits" name="applies concentration limits correctly" time="0.003">
    </testcase>
    <testcase classname="Risk Manager Unit Tests › Concentration Limits" name="allows position when concentration is within limits" time="0.003">
    </testcase>
    <testcase classname="Risk Manager Unit Tests › Concentration Limits" name="handles new positions correctly" time="0.003">
    </testcase>
    <testcase classname="Risk Manager Unit Tests › Sector Limits" name="applies sector concentration limits" time="0.007">
    </testcase>
    <testcase classname="Risk Manager Unit Tests › Sector Limits" name="allows position in underweight sectors" time="0.002">
    </testcase>
    <testcase classname="Risk Manager Unit Tests › Risk Recommendation Generation" name="generates conservative recommendation for high risk" time="0.003">
    </testcase>
    <testcase classname="Risk Manager Unit Tests › Risk Recommendation Generation" name="generates positive recommendation for low risk" time="0.003">
    </testcase>
    <testcase classname="Risk Manager Unit Tests › Risk Recommendation Generation" name="provides actionable recommendations" time="0.002">
    </testcase>
    <testcase classname="Risk Manager Unit Tests › Error Handling" name="handles database errors gracefully" time="0.014">
    </testcase>
    <testcase classname="Risk Manager Unit Tests › Error Handling" name="handles invalid volatility data" time="0.004">
    </testcase>
    <testcase classname="Risk Manager Unit Tests › Error Handling" name="handles empty portfolio composition" time="0.012">
    </testcase>
    <testcase classname="Risk Manager Unit Tests › Performance and Edge Cases" name="completes position sizing calculation within reasonable time" time="0.014">
    </testcase>
    <testcase classname="Risk Manager Unit Tests › Performance and Edge Cases" name="handles very small portfolio values" time="0.01">
    </testcase>
    <testcase classname="Risk Manager Unit Tests › Performance and Edge Cases" name="handles very large portfolio values" time="0.007">
    </testcase>
  </testsuite>
  <testsuite name="Technical Analysis Service Unit Tests" errors="0" failures="0" skipped="0" timestamp="2025-07-26T05:24:45" time="2.129" tests="41">
    <testcase classname="Technical Analysis Service Unit Tests › Service Initialization" name="initializes technical analysis service correctly" time="0.016">
    </testcase>
    <testcase classname="Technical Analysis Service Unit Tests › Service Initialization" name="has multiple indicators calculation capability" time="0.004">
    </testcase>
    <testcase classname="Technical Analysis Service Unit Tests › Service Initialization" name="validates technical analysis mathematical foundations" time="0.007">
    </testcase>
    <testcase classname="Technical Analysis Service Unit Tests › Multiple Indicators Mathematics" name="handles data validation correctly" time="0.079">
    </testcase>
    <testcase classname="Technical Analysis Service Unit Tests › Multiple Indicators Mathematics" name="validates indicator requirements" time="0.005">
    </testcase>
    <testcase classname="Technical Analysis Service Unit Tests › Multiple Indicators Mathematics" name="handles concurrent indicator calculations safely" time="0.007">
    </testcase>
    <testcase classname="Technical Analysis Service Unit Tests › RSI (Relative Strength Index) Mathematics" name="validates RSI mathematical formula" time="0.005">
    </testcase>
    <testcase classname="Technical Analysis Service Unit Tests › RSI (Relative Strength Index) Mathematics" name="handles RSI boundary conditions" time="0.006">
    </testcase>
    <testcase classname="Technical Analysis Service Unit Tests › RSI (Relative Strength Index) Mathematics" name="calculates RSI with known data points" time="0.003">
    </testcase>
    <testcase classname="Technical Analysis Service Unit Tests › RSI (Relative Strength Index) Mathematics" name="handles different RSI periods correctly" time="0.003">
    </testcase>
    <testcase classname="Technical Analysis Service Unit Tests › RSI (Relative Strength Index) Mathematics" name="generates correct RSI signals" time="0.003">
    </testcase>
    <testcase classname="Technical Analysis Service Unit Tests › RSI (Relative Strength Index) Mathematics" name="requires sufficient data" time="0.003">
    </testcase>
    <testcase classname="Technical Analysis Service Unit Tests › RSI (Relative Strength Index) Mathematics" name="handles flat price data" time="0.005">
    </testcase>
    <testcase classname="Technical Analysis Service Unit Tests › MACD (Moving Average Convergence Divergence)" name="calculates MACD with default parameters" time="0.01">
    </testcase>
    <testcase classname="Technical Analysis Service Unit Tests › MACD (Moving Average Convergence Divergence)" name="calculates MACD with custom parameters" time="0.004">
    </testcase>
    <testcase classname="Technical Analysis Service Unit Tests › MACD (Moving Average Convergence Divergence)" name="generates MACD buy/sell signals" time="0.005">
    </testcase>
    <testcase classname="Technical Analysis Service Unit Tests › MACD (Moving Average Convergence Divergence)" name="requires sufficient data for MACD" time="0.002">
    </testcase>
    <testcase classname="Technical Analysis Service Unit Tests › Bollinger Bands" name="calculates Bollinger Bands with default parameters" time="0.003">
    </testcase>
    <testcase classname="Technical Analysis Service Unit Tests › Bollinger Bands" name="validates band relationships" time="0.002">
    </testcase>
    <testcase classname="Technical Analysis Service Unit Tests › Bollinger Bands" name="generates Bollinger Band signals" time="0.002">
    </testcase>
    <testcase classname="Technical Analysis Service Unit Tests › Bollinger Bands" name="calculates with custom standard deviation" time="0.004">
    </testcase>
    <testcase classname="Technical Analysis Service Unit Tests › Simple Moving Average (SMA)" name="calculates SMA correctly" time="0.001">
    </testcase>
    <testcase classname="Technical Analysis Service Unit Tests › Simple Moving Average (SMA)" name="handles period larger than data length" time="0.001">
    </testcase>
    <testcase classname="Technical Analysis Service Unit Tests › Simple Moving Average (SMA)" name="calculates SMA with timestamps" time="0.006">
    </testcase>
    <testcase classname="Technical Analysis Service Unit Tests › Exponential Moving Average (EMA)" name="calculates EMA correctly" time="0.005">
    </testcase>
    <testcase classname="Technical Analysis Service Unit Tests › Exponential Moving Average (EMA)" name="EMA responds faster than SMA to price changes" time="0.002">
    </testcase>
    <testcase classname="Technical Analysis Service Unit Tests › Exponential Moving Average (EMA)" name="requires sufficient data" time="0.003">
    </testcase>
    <testcase classname="Technical Analysis Service Unit Tests › Stochastic Oscillator" name="calculates Stochastic with default parameters" time="0.005">
    </testcase>
    <testcase classname="Technical Analysis Service Unit Tests › Stochastic Oscillator" name="validates Stochastic value ranges" time="0.006">
    </testcase>
    <testcase classname="Technical Analysis Service Unit Tests › Stochastic Oscillator" name="generates overbought/oversold signals" time="0.003">
    </testcase>
    <testcase classname="Technical Analysis Service Unit Tests › Williams %R" name="calculates Williams %R correctly" time="0.005">
    </testcase>
    <testcase classname="Technical Analysis Service Unit Tests › Williams %R" name="generates Williams %R signals" time="0.002">
    </testcase>
    <testcase classname="Technical Analysis Service Unit Tests › Williams %R" name="requires sufficient data" time="0.002">
    </testcase>
    <testcase classname="Technical Analysis Service Unit Tests › Edge Cases and Error Handling" name="handles missing price data fields" time="0.002">
    </testcase>
    <testcase classname="Technical Analysis Service Unit Tests › Edge Cases and Error Handling" name="handles zero and negative prices" time="0.002">
    </testcase>
    <testcase classname="Technical Analysis Service Unit Tests › Edge Cases and Error Handling" name="handles single data point" time="0.001">
    </testcase>
    <testcase classname="Technical Analysis Service Unit Tests › Edge Cases and Error Handling" name="handles very large datasets efficiently" time="0.005">
    </testcase>
    <testcase classname="Technical Analysis Service Unit Tests › Signal Generation" name="generates consistent signals across indicators" time="0.002">
    </testcase>
    <testcase classname="Technical Analysis Service Unit Tests › Signal Generation" name="signal timestamps match data timestamps" time="0.002">
    </testcase>
    <testcase classname="Technical Analysis Service Unit Tests › Mathematical Accuracy" name="SMA calculation matches manual calculation" time="0.001">
    </testcase>
    <testcase classname="Technical Analysis Service Unit Tests › Mathematical Accuracy" name="RSI boundary conditions" time="0.001">
    </testcase>
  </testsuite>
  <testsuite name="📊 Market Prices and Metrics Endpoints" errors="0" failures="0" skipped="0" timestamp="2025-07-26T05:24:45" time="2.136" tests="16">
    <testcase classname="📊 Market Prices and Metrics Endpoints › GET /api/market/prices/:symbol" name="should return price data for valid symbol when table exists" time="0.068">
    </testcase>
    <testcase classname="📊 Market Prices and Metrics Endpoints › GET /api/market/prices/:symbol" name="should return 503 when table does not exist (no fallback)" time="0.01">
    </testcase>
    <testcase classname="📊 Market Prices and Metrics Endpoints › GET /api/market/prices/:symbol" name="should return 404 when no price data found (no fallback)" time="0.008">
    </testcase>
    <testcase classname="📊 Market Prices and Metrics Endpoints › GET /api/market/prices/:symbol" name="should validate symbol format" time="0.016">
    </testcase>
    <testcase classname="📊 Market Prices and Metrics Endpoints › GET /api/market/prices/:symbol" name="should handle database errors gracefully" time="0.016">
    </testcase>
    <testcase classname="📊 Market Prices and Metrics Endpoints › GET /api/market/prices/:symbol" name="should handle case-insensitive symbols" time="0.011">
    </testcase>
    <testcase classname="📊 Market Prices and Metrics Endpoints › GET /api/market/metrics/:symbol" name="should return metrics data for valid symbol when table exists" time="0.012">
    </testcase>
    <testcase classname="📊 Market Prices and Metrics Endpoints › GET /api/market/metrics/:symbol" name="should return 503 when table does not exist (no fallback)" time="0.01">
    </testcase>
    <testcase classname="📊 Market Prices and Metrics Endpoints › GET /api/market/metrics/:symbol" name="should return 404 when no metrics data found (no fallback)" time="0.006">
    </testcase>
    <testcase classname="📊 Market Prices and Metrics Endpoints › GET /api/market/metrics/:symbol" name="should validate symbol format for metrics" time="0.011">
    </testcase>
    <testcase classname="📊 Market Prices and Metrics Endpoints › GET /api/market/metrics/:symbol" name="should handle database errors in metrics endpoint" time="0.012">
    </testcase>
    <testcase classname="📊 Market Prices and Metrics Endpoints › GET /api/market/metrics/:symbol" name="should handle null/undefined metric values" time="0.009">
    </testcase>
    <testcase classname="📊 Market Prices and Metrics Endpoints › Symbol validation" name="should properly handle valid symbols when no infrastructure" time="0.023">
    </testcase>
    <testcase classname="📊 Market Prices and Metrics Endpoints › Symbol validation" name="should handle various symbol formats with proper errors" time="0.02">
    </testcase>
    <testcase classname="📊 Market Prices and Metrics Endpoints › Error handling" name="should handle malformed database responses" time="0.005">
    </testcase>
    <testcase classname="📊 Market Prices and Metrics Endpoints › Error handling" name="should handle database query timeout" time="0.006">
    </testcase>
  </testsuite>
  <testsuite name="Risk API Paper Trading Support" errors="0" failures="21" skipped="0" timestamp="2025-07-26T05:24:45" time="2.425" tests="21">
    <testcase classname="Risk API Paper Trading Support › GET /api/risk/portfolio/:portfolioId" name="should calculate portfolio risk metrics for paper trading" time="0.051">
      <failure>Error: expected 200 &quot;OK&quot;, got 401 &quot;Unauthorized&quot;
    at Object.expect (/home/stocks/algo/webapp/lambda/tests/unit/routes/risk-paper-trading.test.js:111:10)
    at Promise.then.completed (/home/stocks/algo/webapp/lambda/node_modules/jest-circus/build/utils.js:298:28)
    at new Promise (&lt;anonymous&gt;)
    at callAsyncCircusFn (/home/stocks/algo/webapp/lambda/node_modules/jest-circus/build/utils.js:231:10)
    at _callCircusTest (/home/stocks/algo/webapp/lambda/node_modules/jest-circus/build/run.js:316:40)
    at processTicksAndRejections (node:internal/process/task_queues:95:5)
    at _runTest (/home/stocks/algo/webapp/lambda/node_modules/jest-circus/build/run.js:252:3)
    at _runTestsForDescribeBlock (/home/stocks/algo/webapp/lambda/node_modules/jest-circus/build/run.js:126:9)
    at _runTestsForDescribeBlock (/home/stocks/algo/webapp/lambda/node_modules/jest-circus/build/run.js:121:9)
    at _runTestsForDescribeBlock (/home/stocks/algo/webapp/lambda/node_modules/jest-circus/build/run.js:121:9)
    at run (/home/stocks/algo/webapp/lambda/node_modules/jest-circus/build/run.js:71:3)
    at runAndTransformResultsToJestFormat (/home/stocks/algo/webapp/lambda/node_modules/jest-circus/build/legacy-code-todo-rewrite/jestAdapterInit.js:122:21)
    at jestAdapter (/home/stocks/algo/webapp/lambda/node_modules/jest-circus/build/legacy-code-todo-rewrite/jestAdapter.js:79:19)
    at runTestInternal (/home/stocks/algo/webapp/lambda/node_modules/jest-runner/build/runTest.js:367:16)
    at runTest (/home/stocks/algo/webapp/lambda/node_modules/jest-runner/build/runTest.js:444:34)
    at Object.worker (/home/stocks/algo/webapp/lambda/node_modules/jest-runner/build/testWorker.js:106:12)
----
    at Test._assertStatus (/home/stocks/algo/webapp/lambda/node_modules/supertest/lib/test.js:252:14)
    at /home/stocks/algo/webapp/lambda/node_modules/supertest/lib/test.js:308:13
    at Test._assertFunction (/home/stocks/algo/webapp/lambda/node_modules/supertest/lib/test.js:285:13)
    at Test.assert (/home/stocks/algo/webapp/lambda/node_modules/supertest/lib/test.js:164:23)
    at Server.localAssert (/home/stocks/algo/webapp/lambda/node_modules/supertest/lib/test.js:120:14)
    at Object.onceWrapper (node:events:631:28)
    at Server.emit (node:events:517:28)
    at emitCloseNT (node:net:2215:8)
    at processTicksAndRejections (node:internal/process/task_queues:81:21)</failure>
    </testcase>
    <testcase classname="Risk API Paper Trading Support › GET /api/risk/portfolio/:portfolioId" name="should handle empty portfolio gracefully" time="0.01">
      <failure>Error: expected 200 &quot;OK&quot;, got 401 &quot;Unauthorized&quot;
    at Object.expect (/home/stocks/algo/webapp/lambda/tests/unit/routes/risk-paper-trading.test.js:144:10)
    at Promise.then.completed (/home/stocks/algo/webapp/lambda/node_modules/jest-circus/build/utils.js:298:28)
    at new Promise (&lt;anonymous&gt;)
    at callAsyncCircusFn (/home/stocks/algo/webapp/lambda/node_modules/jest-circus/build/utils.js:231:10)
    at _callCircusTest (/home/stocks/algo/webapp/lambda/node_modules/jest-circus/build/run.js:316:40)
    at processTicksAndRejections (node:internal/process/task_queues:95:5)
    at _runTest (/home/stocks/algo/webapp/lambda/node_modules/jest-circus/build/run.js:252:3)
    at _runTestsForDescribeBlock (/home/stocks/algo/webapp/lambda/node_modules/jest-circus/build/run.js:126:9)
    at _runTestsForDescribeBlock (/home/stocks/algo/webapp/lambda/node_modules/jest-circus/build/run.js:121:9)
    at _runTestsForDescribeBlock (/home/stocks/algo/webapp/lambda/node_modules/jest-circus/build/run.js:121:9)
    at run (/home/stocks/algo/webapp/lambda/node_modules/jest-circus/build/run.js:71:3)
    at runAndTransformResultsToJestFormat (/home/stocks/algo/webapp/lambda/node_modules/jest-circus/build/legacy-code-todo-rewrite/jestAdapterInit.js:122:21)
    at jestAdapter (/home/stocks/algo/webapp/lambda/node_modules/jest-circus/build/legacy-code-todo-rewrite/jestAdapter.js:79:19)
    at runTestInternal (/home/stocks/algo/webapp/lambda/node_modules/jest-runner/build/runTest.js:367:16)
    at runTest (/home/stocks/algo/webapp/lambda/node_modules/jest-runner/build/runTest.js:444:34)
    at Object.worker (/home/stocks/algo/webapp/lambda/node_modules/jest-runner/build/testWorker.js:106:12)
----
    at Test._assertStatus (/home/stocks/algo/webapp/lambda/node_modules/supertest/lib/test.js:252:14)
    at /home/stocks/algo/webapp/lambda/node_modules/supertest/lib/test.js:308:13
    at Test._assertFunction (/home/stocks/algo/webapp/lambda/node_modules/supertest/lib/test.js:285:13)
    at Test.assert (/home/stocks/algo/webapp/lambda/node_modules/supertest/lib/test.js:164:23)
    at Server.localAssert (/home/stocks/algo/webapp/lambda/node_modules/supertest/lib/test.js:120:14)
    at Object.onceWrapper (node:events:631:28)
    at Server.emit (node:events:517:28)
    at emitCloseNT (node:net:2215:8)
    at processTicksAndRejections (node:internal/process/task_queues:81:21)</failure>
    </testcase>
    <testcase classname="Risk API Paper Trading Support › GET /api/risk/portfolio/:portfolioId" name="should validate timeframe parameter" time="0.008">
      <failure>Error: expected 400 &quot;Bad Request&quot;, got 401 &quot;Unauthorized&quot;
    at Object.expect (/home/stocks/algo/webapp/lambda/tests/unit/routes/risk-paper-trading.test.js:155:10)
    at Promise.then.completed (/home/stocks/algo/webapp/lambda/node_modules/jest-circus/build/utils.js:298:28)
    at new Promise (&lt;anonymous&gt;)
    at callAsyncCircusFn (/home/stocks/algo/webapp/lambda/node_modules/jest-circus/build/utils.js:231:10)
    at _callCircusTest (/home/stocks/algo/webapp/lambda/node_modules/jest-circus/build/run.js:316:40)
    at processTicksAndRejections (node:internal/process/task_queues:95:5)
    at _runTest (/home/stocks/algo/webapp/lambda/node_modules/jest-circus/build/run.js:252:3)
    at _runTestsForDescribeBlock (/home/stocks/algo/webapp/lambda/node_modules/jest-circus/build/run.js:126:9)
    at _runTestsForDescribeBlock (/home/stocks/algo/webapp/lambda/node_modules/jest-circus/build/run.js:121:9)
    at _runTestsForDescribeBlock (/home/stocks/algo/webapp/lambda/node_modules/jest-circus/build/run.js:121:9)
    at run (/home/stocks/algo/webapp/lambda/node_modules/jest-circus/build/run.js:71:3)
    at runAndTransformResultsToJestFormat (/home/stocks/algo/webapp/lambda/node_modules/jest-circus/build/legacy-code-todo-rewrite/jestAdapterInit.js:122:21)
    at jestAdapter (/home/stocks/algo/webapp/lambda/node_modules/jest-circus/build/legacy-code-todo-rewrite/jestAdapter.js:79:19)
    at runTestInternal (/home/stocks/algo/webapp/lambda/node_modules/jest-runner/build/runTest.js:367:16)
    at runTest (/home/stocks/algo/webapp/lambda/node_modules/jest-runner/build/runTest.js:444:34)
    at Object.worker (/home/stocks/algo/webapp/lambda/node_modules/jest-runner/build/testWorker.js:106:12)
----
    at Test._assertStatus (/home/stocks/algo/webapp/lambda/node_modules/supertest/lib/test.js:252:14)
    at /home/stocks/algo/webapp/lambda/node_modules/supertest/lib/test.js:308:13
    at Test._assertFunction (/home/stocks/algo/webapp/lambda/node_modules/supertest/lib/test.js:285:13)
    at Test.assert (/home/stocks/algo/webapp/lambda/node_modules/supertest/lib/test.js:164:23)
    at Server.localAssert (/home/stocks/algo/webapp/lambda/node_modules/supertest/lib/test.js:120:14)
    at Object.onceWrapper (node:events:631:28)
    at Server.emit (node:events:517:28)
    at emitCloseNT (node:net:2215:8)
    at processTicksAndRejections (node:internal/process/task_queues:81:21)</failure>
    </testcase>
[...]
    at _callCircusTest (/home/stocks/algo/webapp/lambda/node_modules/jest-circus/build/run.js:316:40)
    at processTicksAndRejections (node:internal/process/task_queues:95:5)
    at _runTest (/home/stocks/algo/webapp/lambda/node_modules/jest-circus/build/run.js:252:3)
    at _runTestsForDescribeBlock (/home/stocks/algo/webapp/lambda/node_modules/jest-circus/build/run.js:126:9)
    at _runTestsForDescribeBlock (/home/stocks/algo/webapp/lambda/node_modules/jest-circus/build/run.js:121:9)
    at _runTestsForDescribeBlock (/home/stocks/algo/webapp/lambda/node_modules/jest-circus/build/run.js:121:9)
    at run (/home/stocks/algo/webapp/lambda/node_modules/jest-circus/build/run.js:71:3)
    at runAndTransformResultsToJestFormat (/home/stocks/algo/webapp/lambda/node_modules/jest-circus/build/legacy-code-todo-rewrite/jestAdapterInit.js:122:21)
    at jestAdapter (/home/stocks/algo/webapp/lambda/node_modules/jest-circus/build/legacy-code-todo-rewrite/jestAdapter.js:79:19)
    at runTestInternal (/home/stocks/algo/webapp/lambda/node_modules/jest-runner/build/runTest.js:367:16)
    at runTest (/home/stocks/algo/webapp/lambda/node_modules/jest-runner/build/runTest.js:444:34)
    at Object.worker (/home/stocks/algo/webapp/lambda/node_modules/jest-runner/build/testWorker.js:106:12)
----
    at Test._assertStatus (/home/stocks/algo/webapp/lambda/node_modules/supertest/lib/test.js:252:14)
    at /home/stocks/algo/webapp/lambda/node_modules/supertest/lib/test.js:308:13
    at Test._assertFunction (/home/stocks/algo/webapp/lambda/node_modules/supertest/lib/test.js:285:13)
    at Test.assert (/home/stocks/algo/webapp/lambda/node_modules/supertest/lib/test.js:164:23)
    at Server.localAssert (/home/stocks/algo/webapp/lambda/node_modules/supertest/lib/test.js:120:14)
    at Object.onceWrapper (node:events:631:28)
    at Server.emit (node:events:517:28)
    at emitCloseNT (node:net:2215:8)
    at processTicksAndRejections (node:internal/process/task_queues:81:21)</failure>
    </testcase>
    <testcase classname="Performance API Paper Trading Support › Paper Trading Integration" name="should properly setup AlpacaService for paper trading" time="0.008">
      <failure>Error: expect(jest.fn()).toHaveBeenCalledWith(...expected)

Expected: &quot;test-user-123&quot;, &quot;alpaca&quot;

Number of calls: 0
    at Object.toHaveBeenCalledWith (/home/stocks/algo/webapp/lambda/tests/unit/routes/performance-paper-trading.test.js:285:43)
    at processTicksAndRejections (node:internal/process/task_queues:95:5)</failure>
    </testcase>
    <testcase classname="Performance API Paper Trading Support › Paper Trading Integration" name="should handle missing API keys" time="0.006">
      <failure>Error: expected 500 &quot;Internal Server Error&quot;, got 401 &quot;Unauthorized&quot;
    at Object.expect (/home/stocks/algo/webapp/lambda/tests/unit/routes/performance-paper-trading.test.js:296:10)
    at Promise.then.completed (/home/stocks/algo/webapp/lambda/node_modules/jest-circus/build/utils.js:298:28)
    at new Promise (&lt;anonymous&gt;)
    at callAsyncCircusFn (/home/stocks/algo/webapp/lambda/node_modules/jest-circus/build/utils.js:231:10)
    at _callCircusTest (/home/stocks/algo/webapp/lambda/node_modules/jest-circus/build/run.js:316:40)
    at processTicksAndRejections (node:internal/process/task_queues:95:5)
    at _runTest (/home/stocks/algo/webapp/lambda/node_modules/jest-circus/build/run.js:252:3)
    at _runTestsForDescribeBlock (/home/stocks/algo/webapp/lambda/node_modules/jest-circus/build/run.js:126:9)
    at _runTestsForDescribeBlock (/home/stocks/algo/webapp/lambda/node_modules/jest-circus/build/run.js:121:9)
    at _runTestsForDescribeBlock (/home/stocks/algo/webapp/lambda/node_modules/jest-circus/build/run.js:121:9)
    at run (/home/stocks/algo/webapp/lambda/node_modules/jest-circus/build/run.js:71:3)
    at runAndTransformResultsToJestFormat (/home/stocks/algo/webapp/lambda/node_modules/jest-circus/build/legacy-code-todo-rewrite/jestAdapterInit.js:122:21)
    at jestAdapter (/home/stocks/algo/webapp/lambda/node_modules/jest-circus/build/legacy-code-todo-rewrite/jestAdapter.js:79:19)
    at runTestInternal (/home/stocks/algo/webapp/lambda/node_modules/jest-runner/build/runTest.js:367:16)
    at runTest (/home/stocks/algo/webapp/lambda/node_modules/jest-runner/build/runTest.js:444:34)
    at Object.worker (/home/stocks/algo/webapp/lambda/node_modules/jest-runner/build/testWorker.js:106:12)
----
    at Test._assertStatus (/home/stocks/algo/webapp/lambda/node_modules/supertest/lib/test.js:252:14)
    at /home/stocks/algo/webapp/lambda/node_modules/supertest/lib/test.js:308:13
    at Test._assertFunction (/home/stocks/algo/webapp/lambda/node_modules/supertest/lib/test.js:285:13)
    at Test.assert (/home/stocks/algo/webapp/lambda/node_modules/supertest/lib/test.js:164:23)
    at Server.localAssert (/home/stocks/algo/webapp/lambda/node_modules/supertest/lib/test.js:120:14)
    at Object.onceWrapper (node:events:631:28)
    at Server.emit (node:events:517:28)
    at emitCloseNT (node:net:2215:8)
    at processTicksAndRejections (node:internal/process/task_queues:81:21)</failure>
    </testcase>
    <testcase classname="Performance API Paper Trading Support › Paper Trading Integration" name="should maintain response format consistency" time="0.01">
      <failure>Error: expect(received).toHaveProperty(path)

Expected path: &quot;success&quot;
Received path: []

Received value: {&quot;details&quot;: {&quot;authHeaderPresent&quot;: false, &quot;expectedFormat&quot;: &quot;Bearer &lt;token&gt;&quot;, &quot;requestId&quot;: &quot;95c50bfa-c9ea-48ca-8b4d-bcb1e2f1dfd1&quot;}, &quot;error&quot;: &quot;Authentication required&quot;, &quot;message&quot;: &quot;Access token is missing from Authorization header&quot;}
    at Object.toHaveProperty (/home/stocks/algo/webapp/lambda/tests/unit/routes/performance-paper-trading.test.js:307:29)
    at processTicksAndRejections (node:internal/process/task_queues:95:5)</failure>
    </testcase>
    <testcase classname="Performance API Paper Trading Support › Error Handling" name="should handle AlpacaService failures gracefully" time="0.007">
      <failure>Error: expected 200 &quot;OK&quot;, got 401 &quot;Unauthorized&quot;
    at Object.expect (/home/stocks/algo/webapp/lambda/tests/unit/routes/performance-paper-trading.test.js:322:10)
    at Promise.then.completed (/home/stocks/algo/webapp/lambda/node_modules/jest-circus/build/utils.js:298:28)
    at new Promise (&lt;anonymous&gt;)
    at callAsyncCircusFn (/home/stocks/algo/webapp/lambda/node_modules/jest-circus/build/utils.js:231:10)
    at _callCircusTest (/home/stocks/algo/webapp/lambda/node_modules/jest-circus/build/run.js:316:40)
    at processTicksAndRejections (node:internal/process/task_queues:95:5)
    at _runTest (/home/stocks/algo/webapp/lambda/node_modules/jest-circus/build/run.js:252:3)
    at _runTestsForDescribeBlock (/home/stocks/algo/webapp/lambda/node_modules/jest-circus/build/run.js:126:9)
    at _runTestsForDescribeBlock (/home/stocks/algo/webapp/lambda/node_modules/jest-circus/build/run.js:121:9)
    at _runTestsForDescribeBlock (/home/stocks/algo/webapp/lambda/node_modules/jest-circus/build/run.js:121:9)
    at run (/home/stocks/algo/webapp/lambda/node_modules/jest-circus/build/run.js:71:3)
    at runAndTransformResultsToJestFormat (/home/stocks/algo/webapp/lambda/node_modules/jest-circus/build/legacy-code-todo-rewrite/jestAdapterInit.js:122:21)
    at jestAdapter (/home/stocks/algo/webapp/lambda/node_modules/jest-circus/build/legacy-code-todo-rewrite/jestAdapter.js:79:19)
    at runTestInternal (/home/stocks/algo/webapp/lambda/node_modules/jest-runner/build/runTest.js:367:16)
    at runTest (/home/stocks/algo/webapp/lambda/node_modules/jest-runner/build/runTest.js:444:34)
    at Object.worker (/home/stocks/algo/webapp/lambda/node_modules/jest-runner/build/testWorker.js:106:12)
----
    at Test._assertStatus (/home/stocks/algo/webapp/lambda/node_modules/supertest/lib/test.js:252:14)
    at /home/stocks/algo/webapp/lambda/node_modules/supertest/lib/test.js:308:13
    at Test._assertFunction (/home/stocks/algo/webapp/lambda/node_modules/supertest/lib/test.js:285:13)
    at Test.assert (/home/stocks/algo/webapp/lambda/node_modules/supertest/lib/test.js:164:23)
    at Server.localAssert (/home/stocks/algo/webapp/lambda/node_modules/supertest/lib/test.js:120:14)
    at Object.onceWrapper (node:events:631:28)
    at Server.emit (node:events:517:28)
    at emitCloseNT (node:net:2215:8)
    at processTicksAndRejections (node:internal/process/task_queues:81:21)</failure>
    </testcase>
    <testcase classname="Performance API Paper Trading Support › Error Handling" name="should handle performance analytics calculation errors" time="0.006">
      <failure>Error: expected 500 &quot;Internal Server Error&quot;, got 401 &quot;Unauthorized&quot;
    at Object.expect (/home/stocks/algo/webapp/lambda/tests/unit/routes/performance-paper-trading.test.js:332:10)
    at Promise.then.completed (/home/stocks/algo/webapp/lambda/node_modules/jest-circus/build/utils.js:298:28)
    at new Promise (&lt;anonymous&gt;)
    at callAsyncCircusFn (/home/stocks/algo/webapp/lambda/node_modules/jest-circus/build/utils.js:231:10)
    at _callCircusTest (/home/stocks/algo/webapp/lambda/node_modules/jest-circus/build/run.js:316:40)
    at processTicksAndRejections (node:internal/process/task_queues:95:5)
    at _runTest (/home/stocks/algo/webapp/lambda/node_modules/jest-circus/build/run.js:252:3)
    at _runTestsForDescribeBlock (/home/stocks/algo/webapp/lambda/node_modules/jest-circus/build/run.js:126:9)
    at _runTestsForDescribeBlock (/home/stocks/algo/webapp/lambda/node_modules/jest-circus/build/run.js:121:9)
    at _runTestsForDescribeBlock (/home/stocks/algo/webapp/lambda/node_modules/jest-circus/build/run.js:121:9)
    at run (/home/stocks/algo/webapp/lambda/node_modules/jest-circus/build/run.js:71:3)
    at runAndTransformResultsToJestFormat (/home/stocks/algo/webapp/lambda/node_modules/jest-circus/build/legacy-code-todo-rewrite/jestAdapterInit.js:122:21)
    at jestAdapter (/home/stocks/algo/webapp/lambda/node_modules/jest-circus/build/legacy-code-todo-rewrite/jestAdapter.js:79:19)
    at runTestInternal (/home/stocks/algo/webapp/lambda/node_modules/jest-runner/build/runTest.js:367:16)
    at runTest (/home/stocks/algo/webapp/lambda/node_modules/jest-runner/build/runTest.js:444:34)
    at Object.worker (/home/stocks/algo/webapp/lambda/node_modules/jest-runner/build/testWorker.js:106:12)
----
    at Test._assertStatus (/home/stocks/algo/webapp/lambda/node_modules/supertest/lib/test.js:252:14)
    at /home/stocks/algo/webapp/lambda/node_modules/supertest/lib/test.js:308:13
    at Test._assertFunction (/home/stocks/algo/webapp/lambda/node_modules/supertest/lib/test.js:285:13)
    at Test.assert (/home/stocks/algo/webapp/lambda/node_modules/supertest/lib/test.js:164:23)
    at Server.localAssert (/home/stocks/algo/webapp/lambda/node_modules/supertest/lib/test.js:120:14)
    at Object.onceWrapper (node:events:631:28)
    at Server.emit (node:events:517:28)
    at emitCloseNT (node:net:2215:8)
    at processTicksAndRejections (node:internal/process/task_queues:81:21)</failure>
    </testcase>
    <testcase classname="Performance API Paper Trading Support › Error Handling" name="should provide helpful error messages" time="0.008">
      <failure>Error: expected 500 &quot;Internal Server Error&quot;, got 401 &quot;Unauthorized&quot;
    at Object.expect (/home/stocks/algo/webapp/lambda/tests/unit/routes/performance-paper-trading.test.js:342:10)
    at Promise.then.completed (/home/stocks/algo/webapp/lambda/node_modules/jest-circus/build/utils.js:298:28)
    at new Promise (&lt;anonymous&gt;)
    at callAsyncCircusFn (/home/stocks/algo/webapp/lambda/node_modules/jest-circus/build/utils.js:231:10)
    at _callCircusTest (/home/stocks/algo/webapp/lambda/node_modules/jest-circus/build/run.js:316:40)
    at processTicksAndRejections (node:internal/process/task_queues:95:5)
    at _runTest (/home/stocks/algo/webapp/lambda/node_modules/jest-circus/build/run.js:252:3)
    at _runTestsForDescribeBlock (/home/stocks/algo/webapp/lambda/node_modules/jest-circus/build/run.js:126:9)
    at _runTestsForDescribeBlock (/home/stocks/algo/webapp/lambda/node_modules/jest-circus/build/run.js:121:9)
    at _runTestsForDescribeBlock (/home/stocks/algo/webapp/lambda/node_modules/jest-circus/build/run.js:121:9)
    at run (/home/stocks/algo/webapp/lambda/node_modules/jest-circus/build/run.js:71:3)
    at runAndTransformResultsToJestFormat (/home/stocks/algo/webapp/lambda/node_modules/jest-circus/build/legacy-code-todo-rewrite/jestAdapterInit.js:122:21)
    at jestAdapter (/home/stocks/algo/webapp/lambda/node_modules/jest-circus/build/legacy-code-todo-rewrite/jestAdapter.js:79:19)
    at runTestInternal (/home/stocks/algo/webapp/lambda/node_modules/jest-runner/build/runTest.js:367:16)
    at runTest (/home/stocks/algo/webapp/lambda/node_modules/jest-runner/build/runTest.js:444:34)
    at Object.worker (/home/stocks/algo/webapp/lambda/node_modules/jest-runner/build/testWorker.js:106:12)
----
    at Test._assertStatus (/home/stocks/algo/webapp/lambda/node_modules/supertest/lib/test.js:252:14)
    at /home/stocks/algo/webapp/lambda/node_modules/supertest/lib/test.js:308:13
    at Test._assertFunction (/home/stocks/algo/webapp/lambda/node_modules/supertest/lib/test.js:285:13)
    at Test.assert (/home/stocks/algo/webapp/lambda/node_modules/supertest/lib/test.js:164:23)
    at Server.localAssert (/home/stocks/algo/webapp/lambda/node_modules/supertest/lib/test.js:120:14)
    at Object.onceWrapper (node:events:631:28)
    at Server.emit (node:events:517:28)
    at emitCloseNT (node:net:2215:8)
    at processTicksAndRejections (node:internal/process/task_queues:81:21)</failure>
    </testcase>
  </testsuite>
  <testsuite name="Settings API Keys Route" errors="0" failures="2" skipped="0" timestamp="2025-07-26T05:24:45" time="2.79" tests="6">
    <testcase classname="Settings API Keys Route › GET /api/settings/api-keys" name="should return data in correct format expected by frontend" time="0.038">
    </testcase>
    <testcase classname="Settings API Keys Route › GET /api/settings/api-keys" name="should handle API key service disabled gracefully" time="0.011">
      <failure>Error: expected 200 &quot;OK&quot;, got 503 &quot;Service Unavailable&quot;
    at Object.expect (/home/stocks/algo/webapp/lambda/tests/unit/routes/settings-api-keys.test.js:87:10)
    at Promise.then.completed (/home/stocks/algo/webapp/lambda/node_modules/jest-circus/build/utils.js:298:28)
    at new Promise (&lt;anonymous&gt;)
    at callAsyncCircusFn (/home/stocks/algo/webapp/lambda/node_modules/jest-circus/build/utils.js:231:10)
    at _callCircusTest (/home/stocks/algo/webapp/lambda/node_modules/jest-circus/build/run.js:316:40)
    at processTicksAndRejections (node:internal/process/task_queues:95:5)
    at _runTest (/home/stocks/algo/webapp/lambda/node_modules/jest-circus/build/run.js:252:3)
    at _runTestsForDescribeBlock (/home/stocks/algo/webapp/lambda/node_modules/jest-circus/build/run.js:126:9)
    at _runTestsForDescribeBlock (/home/stocks/algo/webapp/lambda/node_modules/jest-circus/build/run.js:121:9)
    at _runTestsForDescribeBlock (/home/stocks/algo/webapp/lambda/node_modules/jest-circus/build/run.js:121:9)
    at run (/home/stocks/algo/webapp/lambda/node_modules/jest-circus/build/run.js:71:3)
    at runAndTransformResultsToJestFormat (/home/stocks/algo/webapp/lambda/node_modules/jest-circus/build/legacy-code-todo-rewrite/jestAdapterInit.js:122:21)
    at jestAdapter (/home/stocks/algo/webapp/lambda/node_modules/jest-circus/build/legacy-code-todo-rewrite/jestAdapter.js:79:19)
    at runTestInternal (/home/stocks/algo/webapp/lambda/node_modules/jest-runner/build/runTest.js:367:16)
    at runTest (/home/stocks/algo/webapp/lambda/node_modules/jest-runner/build/runTest.js:444:34)
    at Object.worker (/home/stocks/algo/webapp/lambda/node_modules/jest-runner/build/testWorker.js:106:12)
----
    at Test._assertStatus (/home/stocks/algo/webapp/lambda/node_modules/supertest/lib/test.js:252:14)
    at /home/stocks/algo/webapp/lambda/node_modules/supertest/lib/test.js:308:13
    at Test._assertFunction (/home/stocks/algo/webapp/lambda/node_modules/supertest/lib/test.js:285:13)
    at Test.assert (/home/stocks/algo/webapp/lambda/node_modules/supertest/lib/test.js:164:23)
    at Server.localAssert (/home/stocks/algo/webapp/lambda/node_modules/supertest/lib/test.js:120:14)
    at Object.onceWrapper (node:events:631:28)
    at Server.emit (node:events:517:28)
    at emitCloseNT (node:net:2215:8)
    at processTicksAndRejections (node:internal/process/task_queues:81:21)</failure>
    </testcase>
    <testcase classname="Settings API Keys Route › GET /api/settings/api-keys" name="should handle API key service errors gracefully" time="0.013">
      <failure>Error: expected 200 &quot;OK&quot;, got 503 &quot;Service Unavailable&quot;
    at Object.expect (/home/stocks/algo/webapp/lambda/tests/unit/routes/settings-api-keys.test.js:99:10)
    at Promise.then.completed (/home/stocks/algo/webapp/lambda/node_modules/jest-circus/build/utils.js:298:28)
    at new Promise (&lt;anonymous&gt;)
    at callAsyncCircusFn (/home/stocks/algo/webapp/lambda/node_modules/jest-circus/build/utils.js:231:10)
    at _callCircusTest (/home/stocks/algo/webapp/lambda/node_modules/jest-circus/build/run.js:316:40)
    at processTicksAndRejections (node:internal/process/task_queues:95:5)
    at _runTest (/home/stocks/algo/webapp/lambda/node_modules/jest-circus/build/run.js:252:3)
    at _runTestsForDescribeBlock (/home/stocks/algo/webapp/lambda/node_modules/jest-circus/build/run.js:126:9)
    at _runTestsForDescribeBlock (/home/stocks/algo/webapp/lambda/node_modules/jest-circus/build/run.js:121:9)
    at _runTestsForDescribeBlock (/home/stocks/algo/webapp/lambda/node_modules/jest-circus/build/run.js:121:9)
    at run (/home/stocks/algo/webapp/lambda/node_modules/jest-circus/build/run.js:71:3)
    at runAndTransformResultsToJestFormat (/home/stocks/algo/webapp/lambda/node_modules/jest-circus/build/legacy-code-todo-rewrite/jestAdapterInit.js:122:21)
    at jestAdapter (/home/stocks/algo/webapp/lambda/node_modules/jest-circus/build/legacy-code-todo-rewrite/jestAdapter.js:79:19)
    at runTestInternal (/home/stocks/algo/webapp/lambda/node_modules/jest-runner/build/runTest.js:367:16)
    at runTest (/home/stocks/algo/webapp/lambda/node_modules/jest-runner/build/runTest.js:444:34)
    at Object.worker (/home/stocks/algo/webapp/lambda/node_modules/jest-runner/build/testWorker.js:106:12)
----
    at Test._assertStatus (/home/stocks/algo/webapp/lambda/node_modules/supertest/lib/test.js:252:14)
    at /home/stocks/algo/webapp/lambda/node_modules/supertest/lib/test.js:308:13
    at Test._assertFunction (/home/stocks/algo/webapp/lambda/node_modules/supertest/lib/test.js:285:13)
    at Test.assert (/home/stocks/algo/webapp/lambda/node_modules/supertest/lib/test.js:164:23)
    at Server.localAssert (/home/stocks/algo/webapp/lambda/node_modules/supertest/lib/test.js:120:14)
    at Object.onceWrapper (node:events:631:28)
    at Server.emit (node:events:517:28)
    at emitCloseNT (node:net:2215:8)
    at processTicksAndRejections (node:internal/process/task_queues:81:21)</failure>
    </testcase>
    <testcase classname="Settings API Keys Route › GET /api/settings/api-keys" name="should require authentication" time="0.008">
    </testcase>
    <testcase classname="Settings API Keys Route › GET /api/settings/api-keys" name="should validate user ID from token" time="0.01">
    </testcase>
    <testcase classname="Settings API Keys Route › GET /api/settings/api-keys" name="should call API key service with correct user ID" time="0.012">
    </testcase>
  </testsuite>
</testsuites>