<?xml version="1.0" encoding="UTF-8"?>
<testsuites name="jest tests" tests="14" failures="0" errors="0" time="1.532">
  <testsuite name="PortfolioService REAL Implementation Tests" errors="0" failures="0" skipped="0" timestamp="2025-07-21T19:07:50" time="1.493" tests="14">
    <testcase classname="PortfolioService REAL Implementation Tests › Real Database Portfolio Operations" name="getUserPortfolio returns correct structure for YOUR implementation" time="0.004">
    </testcase>
    <testcase classname="PortfolioService REAL Implementation Tests › Real Database Portfolio Operations" name="updatePortfolioHoldings performs real UPSERT operations per YOUR implementation" time="0.002">
    </testcase>
    <testcase classname="PortfolioService REAL Implementation Tests › Real Database Portfolio Operations" name="real portfolio calculations match YOUR mathematical implementation" time="0.002">
    </testcase>
    <testcase classname="PortfolioService REAL Implementation Tests › Real Portfolio Performance Calculations" name="getPortfolioPerformance calculates real financial metrics per YOUR implementation" time="0.002">
    </testcase>
    <testcase classname="PortfolioService REAL Implementation Tests › Real Portfolio Performance Calculations" name="real volatility and Sharpe ratio calculations match financial formulas" time="0.002">
    </testcase>
    <testcase classname="PortfolioService REAL Implementation Tests › Real Portfolio Optimization Integration" name="getPortfolioForOptimization formats data correctly for YOUR optimization algorithms" time="0.001">
    </testcase>
    <testcase classname="PortfolioService REAL Implementation Tests › Real Portfolio Optimization Integration" name="saveOptimizationResults stores real optimization data per YOUR implementation" time="0.002">
    </testcase>
    <testcase classname="PortfolioService REAL Implementation Tests › Real AlpacaService Integration Logic" name="getAlpacaService initializes correctly with YOUR implementation" time="0.014">
    </testcase>
    <testcase classname="PortfolioService REAL Implementation Tests › Real AlpacaService Integration Logic" name="syncPortfolioFromBroker handles broker data transformation per YOUR implementation" time="0.002">
    </testcase>
    <testcase classname="PortfolioService REAL Implementation Tests › Real AlpacaService Integration Logic" name="syncPortfolioFromBroker handles broker API errors per YOUR error handling" time="0.001">
    </testcase>
    <testcase classname="PortfolioService REAL Implementation Tests › Real Portfolio History and Analysis" name="getPortfolioHistory returns real database historical data per YOUR implementation" time="0.002">
    </testcase>
    <testcase classname="PortfolioService REAL Implementation Tests › Real Error Handling and Edge Cases" name="handles invalid user ID gracefully per YOUR implementation" time="0.001">
    </testcase>
    <testcase classname="PortfolioService REAL Implementation Tests › Real Error Handling and Edge Cases" name="validates required portfolio fields per YOUR validation logic" time="0.001">
    </testcase>
    <testcase classname="PortfolioService REAL Implementation Tests › Real Health Check Implementation" name="healthCheck returns correct status per YOUR implementation" time="0.001">
    </testcase>
  </testsuite>
</testsuites>