<?xml version="1.0" encoding="UTF-8"?>
<testsuites name="jest tests" tests="7" failures="0" errors="0" time="2.16">
  <testsuite name="Embedded Real Integration Tests" errors="0" failures="0" skipped="0" timestamp="2025-07-22T12:42:14" time="2.139" tests="7">
    <testcase classname="Embedded Real Integration Tests › Embedded Real Database Operations" name="Real database CRUD operations work" time="0.011">
    </testcase>
    <testcase classname="Embedded Real Integration Tests › Embedded Real Database Operations" name="Real database transactions and rollbacks" time="0.003">
    </testcase>
    <testcase classname="Embedded Real Integration Tests › Embedded Real Cache Operations" name="Redis-compatible cache operations work" time="0.003">
    </testcase>
    <testcase classname="Embedded Real Integration Tests › Embedded Real Email Operations" name="SMTP email sending works" time="0.002">
    </testcase>
    <testcase classname="Embedded Real Integration Tests › Embedded Real API Integration" name="Real API endpoints with embedded services" time="0.158">
    </testcase>
    <testcase classname="Embedded Real Integration Tests › Embedded Real API Integration" name="Real authentication flow with embedded database" time="0.004">
    </testcase>
    <testcase classname="Embedded Real Integration Tests › Embedded Real Integration Summary" name="Complete embedded real integration test summary" time="0.008">
    </testcase>
  </testsuite>
</testsuites>