TN:
SF:middleware/auth.js
FN:10,(anonymous_0)
FN:28,(anonymous_1)
FN:105,(anonymous_2)
FN:305,(anonymous_3)
FN:306,(anonymous_4)
FN:321,(anonymous_5)
FN:340,(anonymous_6)
FN:371,(anonymous_7)
FN:372,(anonymous_8)
FN:412,(anonymous_9)
FN:442,(anonymous_10)
FN:445,(anonymous_11)
FN:482,(anonymous_12)
FN:492,(anonymous_13)
FNF:14
FNH:0
FNDA:0,(anonymous_0)
FNDA:0,(anonymous_1)
FNDA:0,(anonymous_2)
FNDA:0,(anonymous_3)
FNDA:0,(anonymous_4)
FNDA:0,(anonymous_5)
FNDA:0,(anonymous_6)
FNDA:0,(anonymous_7)
FNDA:0,(anonymous_8)
FNDA:0,(anonymous_9)
FNDA:0,(anonymous_10)
FNDA:0,(anonymous_11)
FNDA:0,(anonymous_12)
FNDA:0,(anonymous_13)
DA:1,0
DA:10,0
DA:12,0
DA:13,0
DA:15,0
DA:16,0
DA:20,0
DA:24,0
DA:28,0
DA:29,0
DA:31,0
DA:32,0
DA:36,0
DA:38,0
DA:39,0
DA:43,0
DA:44,0
DA:45,0
DA:57,0
DA:58,0
DA:62,0
DA:65,0
DA:66,0
DA:69,0
DA:71,0
DA:72,0
DA:78,0
DA:79,0
DA:80,0
DA:82,0
DA:83,0
DA:85,0
DA:87,0
DA:88,0
DA:90,0
DA:91,0
DA:93,0
DA:96,0
DA:101,0
DA:105,0
DA:106,0
DA:108,0
DA:113,0
DA:114,0
DA:117,0
DA:118,0
DA:119,0
DA:126,0
DA:127,0
DA:132,0
DA:138,0
DA:145,0
DA:146,0
DA:149,0
DA:150,0
DA:152,0
DA:153,0
DA:168,0
DA:171,0
DA:173,0
DA:174,0
DA:191,0
DA:208,0
DA:211,0
DA:212,0
DA:213,0
DA:216,0
DA:221,0
DA:223,0
DA:226,0
DA:227,0
DA:250,0
DA:254,0
DA:270,0
DA:274,0
DA:289,0
DA:305,0
DA:306,0
DA:307,0
DA:308,0
DA:316,0
DA:317,0
DA:320,0
DA:321,0
DA:323,0
DA:324,0
DA:335,0
DA:340,0
DA:341,0
DA:342,0
DA:343,0
DA:345,0
DA:346,0
DA:347,0
DA:348,0
DA:349,0
DA:350,0
DA:351,0
DA:352,0
DA:359,0
DA:364,0
DA:367,0
DA:371,0
DA:372,0
DA:373,0
DA:374,0
DA:375,0
DA:383,0
DA:384,0
DA:386,0
DA:387,0
DA:398,0
DA:399,0
DA:401,0
DA:403,0
DA:404,0
DA:412,0
DA:413,0
DA:414,0
DA:415,0
DA:418,0
DA:419,0
DA:422,0
DA:423,0
DA:424,0
DA:428,0
DA:429,0
DA:431,0
DA:434,0
DA:436,0
DA:437,0
DA:442,0
DA:443,0
DA:445,0
DA:446,0
DA:447,0
DA:448,0
DA:450,0
DA:451,0
DA:454,0
DA:457,0
DA:458,0
DA:462,0
DA:463,0
DA:474,0
DA:475,0
DA:477,0
DA:482,0
DA:483,0
DA:486,0
DA:491,0
DA:492,0
DA:493,0
DA:494,0
DA:499,0
DA:502,0
DA:505,0
LF:157
LH:0
BRDA:12,0,0,0
BRDA:12,0,1,0
BRDA:15,1,0,0
BRDA:15,1,1,0
BRDA:20,2,0,0
BRDA:20,2,1,0
BRDA:21,3,0,0
BRDA:21,3,1,0
BRDA:31,4,0,0
BRDA:31,4,1,0
BRDA:38,5,0,0
BRDA:38,5,1,0
BRDA:43,6,0,0
BRDA:43,6,1,0
BRDA:43,7,0,0
BRDA:43,7,1,0
BRDA:46,8,0,0
BRDA:46,8,1,0
BRDA:48,9,0,0
BRDA:48,9,1,0
BRDA:52,10,0,0
BRDA:52,10,1,0
BRDA:55,11,0,0
BRDA:55,11,1,0
BRDA:65,12,0,0
BRDA:65,12,1,0
BRDA:65,13,0,0
BRDA:65,13,1,0
BRDA:71,14,0,0
BRDA:71,14,1,0
BRDA:79,15,0,0
BRDA:79,15,1,0
BRDA:87,16,0,0
BRDA:87,16,1,0
BRDA:90,17,0,0
BRDA:90,17,1,0
BRDA:108,18,0,0
BRDA:108,18,1,0
BRDA:109,19,0,0
BRDA:109,19,1,0
BRDA:109,19,2,0
BRDA:113,20,0,0
BRDA:113,20,1,0
BRDA:114,21,0,0
BRDA:114,21,1,0
BRDA:117,22,0,0
BRDA:117,22,1,0
BRDA:117,23,0,0
BRDA:117,23,1,0
BRDA:117,23,2,0
BRDA:126,24,0,0
BRDA:126,24,1,0
BRDA:132,25,0,0
BRDA:132,25,1,0
BRDA:133,26,0,0
BRDA:133,26,1,0
BRDA:133,26,2,0
BRDA:133,26,3,0
BRDA:150,27,0,0
BRDA:150,27,1,0
BRDA:152,28,0,0
BRDA:152,28,1,0
BRDA:171,29,0,0
BRDA:171,29,1,0
BRDA:173,30,0,0
BRDA:173,30,1,0
BRDA:173,31,0,0
BRDA:173,31,1,0
BRDA:192,32,0,0
BRDA:192,32,1,0
BRDA:217,33,0,0
BRDA:217,33,1,0
BRDA:226,34,0,0
BRDA:226,34,1,0
BRDA:250,35,0,0
BRDA:250,35,1,0
BRDA:251,36,0,0
BRDA:251,36,1,0
BRDA:270,37,0,0
BRDA:270,37,1,0
BRDA:271,38,0,0
BRDA:271,38,1,0
BRDA:307,39,0,0
BRDA:307,39,1,0
BRDA:317,40,0,0
BRDA:317,40,1,0
BRDA:323,41,0,0
BRDA:323,41,1,0
BRDA:323,42,0,0
BRDA:323,42,1,0
BRDA:343,43,0,0
BRDA:343,43,1,0
BRDA:345,44,0,0
BRDA:345,44,1,0
BRDA:348,45,0,0
BRDA:348,45,1,0
BRDA:348,46,0,0
BRDA:348,46,1,0
BRDA:353,47,0,0
BRDA:353,47,1,0
BRDA:374,48,0,0
BRDA:374,48,1,0
BRDA:374,49,0,0
BRDA:374,49,1,0
BRDA:386,50,0,0
BRDA:386,50,1,0
BRDA:414,51,0,0
BRDA:414,51,1,0
BRDA:422,52,0,0
BRDA:422,52,1,0
BRDA:429,53,0,0
BRDA:429,53,1,0
BRDA:442,54,0,0
BRDA:446,55,0,0
BRDA:446,55,1,0
BRDA:450,56,0,0
BRDA:450,56,1,0
BRDA:457,57,0,0
BRDA:457,57,1,0
BRDA:462,58,0,0
BRDA:462,58,1,0
BRDA:487,59,0,0
BRDA:487,59,1,0
BRF:123
BRH:0
end_of_record
TN:
SF:middleware/errorHandler.js
FN:1,(anonymous_0)
FNF:1
FNH:0
FNDA:0,(anonymous_0)
DA:1,1
DA:2,0
DA:11,0
DA:12,0
DA:13,0
DA:16,0
DA:18,0
DA:19,0
DA:20,0
DA:21,0
DA:23,0
DA:24,0
DA:25,0
DA:26,0
DA:28,0
DA:29,0
DA:30,0
DA:31,0
DA:32,0
DA:33,0
DA:34,0
DA:35,0
DA:37,0
DA:38,0
DA:41,0
DA:52,0
DA:53,0
DA:56,0
DA:59,1
LF:29
LH:2
BRDA:16,0,0,0
BRDA:16,0,1,0
BRDA:21,1,0,0
BRDA:21,1,1,0
BRDA:26,2,0,0
BRDA:26,2,1,0
BRDA:31,3,0,0
BRDA:31,3,1,0
BRDA:35,4,0,0
BRDA:35,4,1,0
BRDA:37,5,0,0
BRDA:37,5,1,0
BRDA:52,6,0,0
BRDA:52,6,1,0
BRDA:52,7,0,0
BRDA:52,7,1,0
BRF:16
BRH:0
end_of_record
TN:
SF:middleware/responseFormatter.js
FN:14,(anonymous_0)
FN:19,(anonymous_1)
FN:25,(anonymous_2)
FN:31,(anonymous_3)
FN:37,(anonymous_4)
FN:43,(anonymous_5)
FN:49,(anonymous_6)
FN:55,(anonymous_7)
FN:61,(anonymous_8)
FNF:9
FNH:0
FNDA:0,(anonymous_0)
FNDA:0,(anonymous_1)
FNDA:0,(anonymous_2)
FNDA:0,(anonymous_3)
FNDA:0,(anonymous_4)
FNDA:0,(anonymous_5)
FNDA:0,(anonymous_6)
FNDA:0,(anonymous_7)
FNDA:0,(anonymous_8)
DA:6,1
DA:14,1
DA:16,0
DA:19,0
DA:20,0
DA:21,0
DA:25,0
DA:26,0
DA:27,0
DA:31,0
DA:32,0
DA:33,0
DA:37,0
DA:38,0
DA:39,0
DA:43,0
DA:44,0
DA:45,0
DA:49,0
DA:50,0
DA:51,0
DA:55,0
DA:56,0
DA:57,0
DA:61,0
DA:62,0
DA:63,0
DA:66,0
DA:69,1
LF:29
LH:3
BRDA:19,0,0,0
BRDA:19,1,0,0
BRDA:25,2,0,0
BRDA:25,3,0,0
BRDA:31,4,0,0
BRDA:43,5,0,0
BRDA:49,6,0,0
BRDA:55,7,0,0
BRDA:61,8,0,0
BRDA:61,9,0,0
BRF:10
BRH:0
end_of_record
TN:
SF:middleware/validation.js
FN:1,(anonymous_0)
FN:2,(anonymous_1)
FNF:2
FNH:0
FNDA:0,(anonymous_0)
FNDA:0,(anonymous_1)
DA:1,0
DA:2,0
DA:3,0
DA:4,0
DA:5,0
DA:7,0
DA:8,0
DA:10,0
DA:12,0
DA:16,0
DA:19,0
DA:20,0
DA:21,0
DA:23,0
DA:24,0
DA:26,0
DA:30,0
DA:34,0
DA:35,0
DA:38,0
DA:39,0
DA:43,0
DA:44,0
DA:52,0
DA:54,0
DA:55,0
DA:63,0
LF:27
LH:0
BRDA:4,0,0,0
BRDA:4,0,1,0
BRDA:4,1,0,0
BRDA:4,1,1,0
BRDA:10,2,0,0
BRDA:10,2,1,0
BRDA:10,2,2,0
BRDA:12,3,0,0
BRDA:12,3,1,0
BRDA:13,4,0,0
BRDA:13,4,1,0
BRDA:13,4,2,0
BRDA:13,4,3,0
BRDA:19,5,0,0
BRDA:19,5,1,0
BRDA:19,6,0,0
BRDA:19,6,1,0
BRDA:20,7,0,0
BRDA:20,7,1,0
BRDA:20,8,0,0
BRDA:20,8,1,0
BRDA:23,9,0,0
BRDA:23,9,1,0
BRDA:23,10,0,0
BRDA:23,10,1,0
BRDA:26,11,0,0
BRDA:26,11,1,0
BRDA:27,12,0,0
BRDA:27,12,1,0
BRDA:34,13,0,0
BRDA:34,13,1,0
BRDA:34,14,0,0
BRDA:34,14,1,0
BRDA:34,14,2,0
BRDA:38,15,0,0
BRDA:38,15,1,0
BRDA:38,16,0,0
BRDA:38,16,1,0
BRDA:38,16,2,0
BRDA:43,17,0,0
BRDA:43,17,1,0
BRF:41
BRH:0
end_of_record
TN:
SF:routes/alerts.js
FN:9,(anonymous_0)
FN:13,(anonymous_1)
FN:26,(anonymous_2)
FN:191,(anonymous_3)
FN:237,(anonymous_4)
FN:238,(anonymous_5)
FN:240,(anonymous_6)
FN:254,(anonymous_7)
FN:257,(anonymous_8)
FN:261,(anonymous_9)
FN:262,(anonymous_10)
FN:264,(anonymous_11)
FN:303,(anonymous_12)
FN:338,(anonymous_13)
FN:370,(anonymous_14)
FN:407,(anonymous_15)
FN:454,(anonymous_16)
FN:737,(anonymous_17)
FN:928,(anonymous_18)
FN:931,(anonymous_19)
FN:1001,(anonymous_20)
FN:1069,(anonymous_21)
FN:1088,(anonymous_22)
FN:1102,(anonymous_23)
FN:1103,(anonymous_24)
FN:1104,(anonymous_25)
FN:1126,(anonymous_26)
FN:1159,(anonymous_27)
FN:1160,(anonymous_28)
FN:1174,(anonymous_29)
FN:1196,(anonymous_30)
FN:1338,(anonymous_31)
FN:1343,(anonymous_32)
FN:1353,(anonymous_33)
FN:1354,(anonymous_34)
FN:1356,(anonymous_35)
FN:1360,(anonymous_36)
FN:1364,(anonymous_37)
FN:1504,(anonymous_38)
FN:1571,(anonymous_39)
FN:1620,(anonymous_40)
FN:1672,(anonymous_41)
FN:1674,(anonymous_42)
FN:1691,(anonymous_43)
FN:1697,(anonymous_44)
FN:1767,(anonymous_45)
FN:1769,(anonymous_46)
FN:1771,(anonymous_47)
FN:1789,(anonymous_48)
FN:1905,(anonymous_49)
FN:1961,checkAlertTrigger
FN:1980,updateAlertStatus
FN:1993,(anonymous_52)
FN:2045,(anonymous_53)
FN:2099,(anonymous_54)
FN:2140,(anonymous_55)
FN:2264,(anonymous_56)
FN:2272,(anonymous_57)
FN:2342,(anonymous_58)
FN:2411,(anonymous_59)
FN:2480,(anonymous_60)
FN:2483,(anonymous_61)
FN:2486,(anonymous_62)
FN:2489,(anonymous_63)
FNF:64
FNH:0
FNDA:0,(anonymous_0)
FNDA:0,(anonymous_1)
FNDA:0,(anonymous_2)
FNDA:0,(anonymous_3)
FNDA:0,(anonymous_4)
FNDA:0,(anonymous_5)
FNDA:0,(anonymous_6)
FNDA:0,(anonymous_7)
FNDA:0,(anonymous_8)
FNDA:0,(anonymous_9)
FNDA:0,(anonymous_10)
FNDA:0,(anonymous_11)
FNDA:0,(anonymous_12)
FNDA:0,(anonymous_13)
FNDA:0,(anonymous_14)
FNDA:0,(anonymous_15)
FNDA:0,(anonymous_16)
FNDA:0,(anonymous_17)
FNDA:0,(anonymous_18)
FNDA:0,(anonymous_19)
FNDA:0,(anonymous_20)
FNDA:0,(anonymous_21)
FNDA:0,(anonymous_22)
FNDA:0,(anonymous_23)
FNDA:0,(anonymous_24)
FNDA:0,(anonymous_25)
FNDA:0,(anonymous_26)
FNDA:0,(anonymous_27)
FNDA:0,(anonymous_28)
FNDA:0,(anonymous_29)
FNDA:0,(anonymous_30)
FNDA:0,(anonymous_31)
FNDA:0,(anonymous_32)
FNDA:0,(anonymous_33)
FNDA:0,(anonymous_34)
FNDA:0,(anonymous_35)
FNDA:0,(anonymous_36)
FNDA:0,(anonymous_37)
FNDA:0,(anonymous_38)
FNDA:0,(anonymous_39)
FNDA:0,(anonymous_40)
FNDA:0,(anonymous_41)
FNDA:0,(anonymous_42)
FNDA:0,(anonymous_43)
FNDA:0,(anonymous_44)
FNDA:0,(anonymous_45)
FNDA:0,(anonymous_46)
FNDA:0,(anonymous_47)
FNDA:0,(anonymous_48)
FNDA:0,(anonymous_49)
FNDA:0,checkAlertTrigger
FNDA:0,updateAlertStatus
FNDA:0,(anonymous_52)
FNDA:0,(anonymous_53)
FNDA:0,(anonymous_54)
FNDA:0,(anonymous_55)
FNDA:0,(anonymous_56)
FNDA:0,(anonymous_57)
FNDA:0,(anonymous_58)
FNDA:0,(anonymous_59)
FNDA:0,(anonymous_60)
FNDA:0,(anonymous_61)
FNDA:0,(anonymous_62)
FNDA:0,(anonymous_63)
DA:1,0
DA:3,0
DA:4,0
DA:6,0
DA:9,0
DA:11,0
DA:12,0
DA:13,0
DA:16,0
DA:18,0
DA:22,0
DA:26,0
DA:27,0
DA:28,0
DA:36,0
DA:38,0
DA:43,0
DA:128,0
DA:129,0
DA:132,0
DA:133,0
DA:134,0
DA:135,0
DA:138,0
DA:139,0
DA:140,0
DA:141,0
DA:144,0
DA:145,0
DA:146,0
DA:147,0
DA:150,0
DA:151,0
DA:152,0
DA:153,0
DA:157,0
DA:165,0
DA:166,0
DA:168,0
DA:171,0
DA:172,0
DA:191,0
DA:192,0
DA:193,0
DA:195,0
DA:236,0
DA:237,0
DA:238,0
DA:239,0
DA:240,0
DA:243,0
DA:254,0
DA:257,0
DA:261,0
DA:262,0
DA:264,0
DA:285,0
DA:286,0
DA:303,0
DA:304,0
DA:305,0
DA:306,0
DA:308,0
DA:313,0
DA:314,0
DA:317,0
DA:328,0
DA:329,0
DA:338,0
DA:339,0
DA:340,0
DA:341,0
DA:342,0
DA:344,0
DA:347,0
DA:360,0
DA:361,0
DA:370,0
DA:371,0
DA:372,0
DA:373,0
DA:374,0
DA:376,0
DA:380,0
DA:384,0
DA:397,0
DA:398,0
DA:407,0
DA:408,0
DA:409,0
DA:417,0
DA:419,0
DA:423,0
DA:437,0
DA:444,0
DA:445,0
DA:454,0
DA:455,0
DA:456,0
DA:461,0
DA:463,0
DA:468,0
DA:469,0
DA:470,0
DA:479,0
DA:487,0
DA:488,0
DA:491,0
DA:510,0
DA:511,0
DA:513,0
DA:514,0
DA:519,0
DA:526,0
DA:541,0
DA:542,0
DA:558,0
DA:560,0
DA:564,0
DA:568,0
DA:573,0
DA:574,0
DA:575,0
DA:585,0
DA:586,0
DA:587,0
DA:604,0
DA:704,0
DA:705,0
DA:708,0
DA:709,0
DA:712,0
DA:720,0
DA:726,0
DA:727,0
DA:737,0
DA:738,0
DA:739,0
DA:740,0
DA:744,0
DA:745,0
DA:751,0
DA:753,0
DA:754,0
DA:756,0
DA:760,0
DA:762,0
DA:765,0
DA:926,0
DA:928,0
DA:929,0
DA:931,0
DA:932,0
DA:936,0
DA:990,0
DA:991,0
DA:1001,0
DA:1002,0
DA:1003,0
DA:1010,0
DA:1011,0
DA:1014,0
DA:1015,0
DA:1016,0
DA:1019,0
DA:1020,0
DA:1021,0
DA:1022,0
DA:1025,0
DA:1026,0
DA:1027,0
DA:1028,0
DA:1031,0
DA:1032,0
DA:1033,0
DA:1034,0
DA:1037,0
DA:1038,0
DA:1039,0
DA:1040,0
DA:1043,0
DA:1063,0
DA:1065,0
DA:1068,0
DA:1069,0
DA:1088,0
DA:1089,0
DA:1090,0
DA:1091,0
DA:1094,0
DA:1102,0
DA:1103,0
DA:1104,0
DA:1117,0
DA:1126,0
DA:1127,0
DA:1128,0
DA:1129,0
DA:1131,0
DA:1154,0
DA:1159,0
DA:1160,0
DA:1165,0
DA:1174,0
DA:1175,0
DA:1176,0
DA:1182,0
DA:1184,0
DA:1190,0
DA:1192,0
DA:1196,0
DA:1197,0
DA:1198,0
DA:1201,0
DA:1202,0
DA:1203,0
DA:1204,0
DA:1207,0
DA:1212,0
DA:1228,0
DA:1233,0
DA:1249,0
DA:1254,0
DA:1259,0
DA:1264,0
DA:1269,0
DA:1291,0
DA:1292,0
DA:1308,0
DA:1310,0
DA:1314,0
DA:1333,0
DA:1336,0
DA:1338,0
DA:1341,0
DA:1344,0
DA:1347,0
DA:1353,0
DA:1354,0
DA:1356,0
DA:1360,0
DA:1364,0
DA:1383,0
DA:1385,0
DA:1387,0
DA:1388,0
DA:1397,0
DA:1398,0
DA:1400,0
DA:1409,0
DA:1410,0
DA:1411,0
DA:1420,0
DA:1422,0
DA:1425,0
DA:1440,0
DA:1451,0
DA:1453,0
DA:1454,0
DA:1456,0
DA:1459,0
DA:1469,0
DA:1471,0
DA:1473,0
DA:1476,0
DA:1487,0
DA:1494,0
DA:1495,0
DA:1504,0
DA:1505,0
DA:1506,0
DA:1515,0
DA:1517,0
DA:1519,0
DA:1520,0
DA:1528,0
DA:1530,0
DA:1547,0
DA:1561,0
DA:1562,0
DA:1571,0
DA:1572,0
DA:1573,0
DA:1574,0
DA:1575,0
DA:1577,0
DA:1579,0
DA:1580,0
DA:1588,0
DA:1596,0
DA:1610,0
DA:1611,0
DA:1620,0
DA:1621,0
DA:1622,0
DA:1630,0
DA:1632,0
DA:1637,0
DA:1638,0
DA:1639,0
DA:1641,0
DA:1642,0
DA:1643,0
DA:1644,0
DA:1647,0
DA:1648,0
DA:1649,0
DA:1650,0
DA:1654,0
DA:1666,0
DA:1668,0
DA:1671,0
DA:1672,0
DA:1674,0
DA:1676,0
DA:1677,0
DA:1678,0
DA:1691,0
DA:1692,0
DA:1697,0
DA:1698,0
DA:1700,0
DA:1701,0
DA:1704,0
DA:1705,0
DA:1712,0
DA:1713,0
DA:1715,0
DA:1716,0
DA:1719,0
DA:1723,0
DA:1743,0
DA:1749,0
DA:1753,0
DA:1755,0
DA:1767,0
DA:1769,0
DA:1771,0
DA:1778,0
DA:1779,0
DA:1789,0
DA:1790,0
DA:1791,0
DA:1792,0
DA:1793,0
DA:1808,0
DA:1811,0
DA:1812,0
DA:1819,0
DA:1825,0
DA:1826,0
DA:1833,0
DA:1844,0
DA:1847,0
DA:1855,0
DA:1868,0
DA:1870,0
DA:1874,0
DA:1894,0
DA:1895,0
DA:1905,0
DA:1906,0
DA:1907,0
DA:1908,0
DA:1910,0
DA:1911,0
DA:1918,0
DA:1927,0
DA:1928,0
DA:1934,0
DA:1936,0
DA:1940,0
DA:1950,0
DA:1951,0
DA:1962,0
DA:1964,0
DA:1966,0
DA:1968,0
DA:1971,0
DA:1974,0
DA:1976,0
DA:1981,0
DA:1982,0
DA:1987,0
DA:1989,0
DA:1993,0
DA:1994,0
DA:1995,0
DA:1996,0
DA:1997,0
DA:1999,0
DA:2001,0
DA:2002,0
DA:2009,0
DA:2024,0
DA:2035,0
DA:2036,0
DA:2045,0
DA:2046,0
DA:2047,0
DA:2048,0
DA:2049,0
DA:2051,0
DA:2056,0
DA:2057,0
DA:2058,0
DA:2065,0
DA:2073,0
DA:2074,0
DA:2080,0
DA:2089,0
DA:2090,0
DA:2099,0
DA:2100,0
DA:2101,0
DA:2102,0
DA:2104,0
DA:2107,0
DA:2114,0
DA:2115,0
DA:2121,0
DA:2130,0
DA:2131,0
DA:2140,0
DA:2141,0
DA:2142,0
DA:2145,0
DA:2151,0
DA:2153,0
DA:2180,0
DA:2183,0
DA:2211,0
DA:2215,0
DA:2226,0
DA:2227,0
DA:2229,0
DA:2233,0
DA:2240,0
DA:2241,0
DA:2242,0
DA:2248,0
DA:2251,0
DA:2258,0
DA:2259,0
DA:2264,0
DA:2265,0
DA:2266,0
DA:2267,0
DA:2269,0
DA:2272,0
DA:2273,0
DA:2274,0
DA:2276,0
DA:2277,0
DA:2278,0
DA:2279,0
DA:2281,0
DA:2286,0
DA:2295,0
DA:2300,0
DA:2309,0
DA:2314,0
DA:2315,0
DA:2320,0
DA:2325,0
DA:2335,0
DA:2337,0
DA:2341,0
DA:2342,0
DA:2344,0
DA:2345,0
DA:2348,0
DA:2349,0
DA:2353,0
DA:2368,0
DA:2370,0
DA:2371,0
DA:2384,0
DA:2398,0
DA:2399,0
DA:2411,0
DA:2412,0
DA:2413,0
DA:2415,0
DA:2416,0
DA:2422,0
DA:2475,0
DA:2478,0
DA:2479,0
DA:2480,0
DA:2482,0
DA:2483,0
DA:2485,0
DA:2486,0
DA:2488,0
DA:2489,0
DA:2492,0
DA:2507,0
DA:2508,0
DA:2515,0
DA:2520,0
DA:2521,0
DA:2525,0
DA:2532,0
LF:504
LH:0
BRDA:13,0,0,0
BRDA:13,0,1,0
BRDA:16,1,0,0
BRDA:16,1,1,0
BRDA:28,2,0,0
BRDA:28,2,1,0
BRDA:30,3,0,0
BRDA:31,4,0,0
BRDA:32,5,0,0
BRDA:34,6,0,0
BRDA:35,7,0,0
BRDA:132,8,0,0
BRDA:132,8,1,0
BRDA:138,9,0,0
BRDA:138,9,1,0
BRDA:144,10,0,0
BRDA:144,10,1,0
BRDA:150,11,0,0
BRDA:150,11,1,0
BRDA:171,12,0,0
BRDA:171,12,1,0
BRDA:171,13,0,0
BRDA:171,13,1,0
BRDA:171,13,2,0
BRDA:193,14,0,0
BRDA:193,14,1,0
BRDA:200,15,0,0
BRDA:200,15,1,0
BRDA:202,16,0,0
BRDA:202,16,1,0
BRDA:202,16,2,0
BRDA:212,17,0,0
BRDA:212,17,1,0
BRDA:215,18,0,0
BRDA:215,18,1,0
BRDA:221,19,0,0
BRDA:221,19,1,0
BRDA:223,20,0,0
BRDA:223,20,1,0
BRDA:271,21,0,0
BRDA:271,21,1,0
BRDA:295,22,0,0
BRDA:295,22,1,0
BRDA:305,23,0,0
BRDA:305,23,1,0
BRDA:306,24,0,0
BRDA:306,25,0,0
BRDA:306,26,0,0
BRDA:323,27,0,0
BRDA:323,27,1,0
BRDA:339,28,0,0
BRDA:341,29,0,0
BRDA:341,29,1,0
BRDA:372,30,0,0
BRDA:372,30,1,0
BRDA:374,31,0,0
BRDA:409,32,0,0
BRDA:409,32,1,0
BRDA:415,33,0,0
BRDA:416,34,0,0
BRDA:456,35,0,0
BRDA:456,35,1,0
BRDA:458,36,0,0
BRDA:459,37,0,0
BRDA:460,38,0,0
BRDA:469,39,0,0
BRDA:469,39,1,0
BRDA:519,40,0,0
BRDA:519,40,1,0
BRDA:520,41,0,0
BRDA:520,41,1,0
BRDA:520,41,2,0
BRDA:520,41,3,0
BRDA:560,42,0,0
BRDA:560,42,1,0
BRDA:564,43,0,0
BRDA:564,43,1,0
BRDA:568,44,0,0
BRDA:568,44,1,0
BRDA:574,45,0,0
BRDA:574,45,1,0
BRDA:586,46,0,0
BRDA:586,46,1,0
BRDA:620,47,0,0
BRDA:620,47,1,0
BRDA:629,48,0,0
BRDA:629,48,1,0
BRDA:638,49,0,0
BRDA:638,49,1,0
BRDA:647,50,0,0
BRDA:647,50,1,0
BRDA:658,51,0,0
BRDA:658,51,1,0
BRDA:667,52,0,0
BRDA:667,52,1,0
BRDA:676,53,0,0
BRDA:676,53,1,0
BRDA:704,54,0,0
BRDA:704,54,1,0
BRDA:708,55,0,0
BRDA:708,55,1,0
BRDA:713,56,0,0
BRDA:713,56,1,0
BRDA:739,57,0,0
BRDA:739,57,1,0
BRDA:751,58,0,0
BRDA:751,58,1,0
BRDA:760,59,0,0
BRDA:760,59,1,0
BRDA:767,60,0,0
BRDA:767,60,1,0
BRDA:1003,61,0,0
BRDA:1003,61,1,0
BRDA:1005,62,0,0
BRDA:1006,63,0,0
BRDA:1007,64,0,0
BRDA:1019,65,0,0
BRDA:1019,65,1,0
BRDA:1019,66,0,0
BRDA:1019,66,1,0
BRDA:1025,67,0,0
BRDA:1025,67,1,0
BRDA:1025,68,0,0
BRDA:1025,68,1,0
BRDA:1031,69,0,0
BRDA:1031,69,1,0
BRDA:1037,70,0,0
BRDA:1037,70,1,0
BRDA:1068,71,0,0
BRDA:1068,71,1,0
BRDA:1068,72,0,0
BRDA:1068,72,1,0
BRDA:1075,73,0,0
BRDA:1075,73,1,0
BRDA:1089,74,0,0
BRDA:1089,74,1,0
BRDA:1128,75,0,0
BRDA:1128,75,1,0
BRDA:1176,76,0,0
BRDA:1176,76,1,0
BRDA:1178,77,0,0
BRDA:1179,78,0,0
BRDA:1180,79,0,0
BRDA:1181,80,0,0
BRDA:1190,81,0,0
BRDA:1190,81,1,0
BRDA:1207,82,0,0
BRDA:1207,82,1,0
BRDA:1208,83,0,0
BRDA:1208,83,1,0
BRDA:1208,83,2,0
BRDA:1228,84,0,0
BRDA:1228,84,1,0
BRDA:1229,85,0,0
BRDA:1229,85,1,0
BRDA:1229,85,2,0
BRDA:1249,86,0,0
BRDA:1249,86,1,0
BRDA:1250,87,0,0
BRDA:1250,87,1,0
BRDA:1250,87,2,0
BRDA:1259,88,0,0
BRDA:1259,88,1,0
BRDA:1260,89,0,0
BRDA:1260,89,1,0
BRDA:1260,89,2,0
BRDA:1264,90,0,0
BRDA:1264,90,1,0
BRDA:1291,91,0,0
BRDA:1291,91,1,0
BRDA:1336,92,0,0
BRDA:1336,92,1,0
BRDA:1341,93,0,0
BRDA:1341,93,1,0
BRDA:1344,94,0,0
BRDA:1344,94,1,0
BRDA:1383,95,0,0
BRDA:1383,95,1,0
BRDA:1387,96,0,0
BRDA:1387,96,1,0
BRDA:1387,97,0,0
BRDA:1387,97,1,0
BRDA:1387,97,2,0
BRDA:1410,98,0,0
BRDA:1410,98,1,0
BRDA:1430,99,0,0
BRDA:1430,99,1,0
BRDA:1437,100,0,0
BRDA:1437,100,1,0
BRDA:1451,101,0,0
BRDA:1451,101,1,0
BRDA:1451,102,0,0
BRDA:1451,102,1,0
BRDA:1469,103,0,0
BRDA:1469,103,1,0
BRDA:1506,104,0,0
BRDA:1506,104,1,0
BRDA:1509,105,0,0
BRDA:1510,106,0,0
BRDA:1512,107,0,0
BRDA:1513,108,0,0
BRDA:1514,109,0,0
BRDA:1519,110,0,0
BRDA:1519,110,1,0
BRDA:1519,111,0,0
BRDA:1519,111,1,0
BRDA:1573,112,0,0
BRDA:1573,112,1,0
BRDA:1575,113,0,0
BRDA:1579,114,0,0
BRDA:1579,114,1,0
BRDA:1622,115,0,0
BRDA:1622,115,1,0
BRDA:1624,116,0,0
BRDA:1626,117,0,0
BRDA:1627,118,0,0
BRDA:1628,119,0,0
BRDA:1629,120,0,0
BRDA:1641,121,0,0
BRDA:1641,121,1,0
BRDA:1641,122,0,0
BRDA:1641,122,1,0
BRDA:1647,123,0,0
BRDA:1647,123,1,0
BRDA:1677,124,0,0
BRDA:1677,124,1,0
BRDA:1700,125,0,0
BRDA:1700,125,1,0
BRDA:1700,126,0,0
BRDA:1700,126,1,0
BRDA:1704,127,0,0
BRDA:1704,127,1,0
BRDA:1713,128,0,0
BRDA:1713,128,1,0
BRDA:1713,129,0,0
BRDA:1713,129,1,0
BRDA:1791,130,0,0
BRDA:1791,130,1,0
BRDA:1792,131,0,0
BRDA:1792,131,1,0
BRDA:1803,132,0,0
BRDA:1804,133,0,0
BRDA:1805,134,0,0
BRDA:1811,135,0,0
BRDA:1811,135,1,0
BRDA:1811,136,0,0
BRDA:1811,136,1,0
BRDA:1811,136,2,0
BRDA:1825,137,0,0
BRDA:1825,137,1,0
BRDA:1844,138,0,0
BRDA:1844,138,1,0
BRDA:1865,139,0,0
BRDA:1865,139,1,0
BRDA:1907,140,0,0
BRDA:1907,140,1,0
BRDA:1910,141,0,0
BRDA:1910,141,1,0
BRDA:1927,142,0,0
BRDA:1927,142,1,0
BRDA:1964,143,0,0
BRDA:1964,143,1,0
BRDA:1964,143,2,0
BRDA:1964,143,3,0
BRDA:1964,143,4,0
BRDA:1980,144,0,0
BRDA:1995,145,0,0
BRDA:1995,145,1,0
BRDA:2001,146,0,0
BRDA:2001,146,1,0
BRDA:2012,147,0,0
BRDA:2012,147,1,0
BRDA:2013,148,0,0
BRDA:2013,148,1,0
BRDA:2014,149,0,0
BRDA:2014,149,1,0
BRDA:2015,150,0,0
BRDA:2015,150,1,0
BRDA:2016,151,0,0
BRDA:2016,151,1,0
BRDA:2017,152,0,0
BRDA:2017,152,1,0
BRDA:2018,153,0,0
BRDA:2018,153,1,0
BRDA:2021,154,0,0
BRDA:2021,154,1,0
BRDA:2047,155,0,0
BRDA:2047,155,1,0
BRDA:2057,156,0,0
BRDA:2057,156,1,0
BRDA:2057,157,0,0
BRDA:2057,157,1,0
BRDA:2073,158,0,0
BRDA:2073,158,1,0
BRDA:2073,159,0,0
BRDA:2073,159,1,0
BRDA:2073,159,2,0
BRDA:2101,160,0,0
BRDA:2101,160,1,0
BRDA:2114,161,0,0
BRDA:2114,161,1,0
BRDA:2114,162,0,0
BRDA:2114,162,1,0
BRDA:2114,162,2,0
BRDA:2151,163,0,0
BRDA:2151,163,1,0
BRDA:2151,163,2,0
BRDA:2151,163,3,0
BRDA:2158,164,0,0
BRDA:2158,164,1,0
BRDA:2160,165,0,0
BRDA:2160,165,1,0
BRDA:2189,166,0,0
BRDA:2189,166,1,0
BRDA:2191,167,0,0
BRDA:2191,167,1,0
BRDA:2222,168,0,0
BRDA:2222,168,1,0
BRDA:2226,169,0,0
BRDA:2226,169,1,0
BRDA:2240,170,0,0
BRDA:2240,170,1,0
BRDA:2267,171,0,0
BRDA:2267,171,1,0
BRDA:2281,172,0,0
BRDA:2281,172,1,0
BRDA:2282,173,0,0
BRDA:2282,173,1,0
BRDA:2282,173,2,0
BRDA:2295,174,0,0
BRDA:2295,174,1,0
BRDA:2296,175,0,0
BRDA:2296,175,1,0
BRDA:2296,175,2,0
BRDA:2309,176,0,0
BRDA:2309,176,1,0
BRDA:2310,177,0,0
BRDA:2310,177,1,0
BRDA:2310,177,2,0
BRDA:2315,178,0,0
BRDA:2315,178,1,0
BRDA:2316,179,0,0
BRDA:2316,179,1,0
BRDA:2316,179,2,0
BRDA:2320,180,0,0
BRDA:2320,180,1,0
BRDA:2344,181,0,0
BRDA:2344,181,1,0
BRDA:2348,182,0,0
BRDA:2348,182,1,0
BRDA:2370,183,0,0
BRDA:2370,183,1,0
BRDA:2413,184,0,0
BRDA:2413,184,1,0
BRDA:2478,185,0,0
BRDA:2478,185,1,0
BRF:356
BRH:0
end_of_record
TN:
SF:routes/analysts.js
FN:8,(anonymous_0)
FN:29,(anonymous_1)
FN:94,(anonymous_2)
FN:122,(anonymous_3)
FN:155,(anonymous_4)
FN:188,(anonymous_5)
FN:221,(anonymous_6)
FN:262,(anonymous_7)
FN:305,(anonymous_8)
FN:358,(anonymous_9)
FN:372,(anonymous_10)
FN:383,(anonymous_11)
FN:389,(anonymous_12)
FN:393,(anonymous_13)
FN:415,(anonymous_14)
FN:422,(anonymous_15)
FN:428,(anonymous_16)
FN:432,(anonymous_17)
FN:451,(anonymous_18)
FN:454,(anonymous_19)
FN:457,(anonymous_20)
FN:466,(anonymous_21)
FN:472,(anonymous_22)
FN:490,(anonymous_23)
FN:501,(anonymous_24)
FN:574,(anonymous_25)
FN:639,(anonymous_26)
FN:648,(anonymous_27)
FN:685,(anonymous_28)
FN:752,(anonymous_29)
FN:755,(anonymous_30)
FN:758,(anonymous_31)
FN:784,(anonymous_32)
FN:809,(anonymous_33)
FN:810,(anonymous_34)
FN:811,(anonymous_35)
FN:812,(anonymous_36)
FN:813,(anonymous_37)
FN:825,(anonymous_38)
FN:833,(anonymous_39)
FN:837,(anonymous_40)
FN:844,(anonymous_41)
FN:849,(anonymous_42)
FN:887,(anonymous_43)
FN:937,(anonymous_44)
FN:953,(anonymous_45)
FN:1128,(anonymous_46)
FN:1139,(anonymous_47)
FN:1167,(anonymous_48)
FN:1172,(anonymous_49)
FN:1177,(anonymous_50)
FN:1183,(anonymous_51)
FN:1192,(anonymous_52)
FN:1197,(anonymous_53)
FN:1201,(anonymous_54)
FN:1216,(anonymous_55)
FN:1219,(anonymous_56)
FN:1262,(anonymous_57)
FN:1303,(anonymous_58)
FN:1341,(anonymous_59)
FN:1400,(anonymous_60)
FN:1462,(anonymous_61)
FNF:62
FNH:0
FNDA:0,(anonymous_0)
FNDA:0,(anonymous_1)
FNDA:0,(anonymous_2)
FNDA:0,(anonymous_3)
FNDA:0,(anonymous_4)
FNDA:0,(anonymous_5)
FNDA:0,(anonymous_6)
FNDA:0,(anonymous_7)
FNDA:0,(anonymous_8)
FNDA:0,(anonymous_9)
FNDA:0,(anonymous_10)
FNDA:0,(anonymous_11)
FNDA:0,(anonymous_12)
FNDA:0,(anonymous_13)
FNDA:0,(anonymous_14)
FNDA:0,(anonymous_15)
FNDA:0,(anonymous_16)
FNDA:0,(anonymous_17)
FNDA:0,(anonymous_18)
FNDA:0,(anonymous_19)
FNDA:0,(anonymous_20)
FNDA:0,(anonymous_21)
FNDA:0,(anonymous_22)
FNDA:0,(anonymous_23)
FNDA:0,(anonymous_24)
FNDA:0,(anonymous_25)
FNDA:0,(anonymous_26)
FNDA:0,(anonymous_27)
FNDA:0,(anonymous_28)
FNDA:0,(anonymous_29)
FNDA:0,(anonymous_30)
FNDA:0,(anonymous_31)
FNDA:0,(anonymous_32)
FNDA:0,(anonymous_33)
FNDA:0,(anonymous_34)
FNDA:0,(anonymous_35)
FNDA:0,(anonymous_36)
FNDA:0,(anonymous_37)
FNDA:0,(anonymous_38)
FNDA:0,(anonymous_39)
FNDA:0,(anonymous_40)
FNDA:0,(anonymous_41)
FNDA:0,(anonymous_42)
FNDA:0,(anonymous_43)
FNDA:0,(anonymous_44)
FNDA:0,(anonymous_45)
FNDA:0,(anonymous_46)
FNDA:0,(anonymous_47)
FNDA:0,(anonymous_48)
FNDA:0,(anonymous_49)
FNDA:0,(anonymous_50)
FNDA:0,(anonymous_51)
FNDA:0,(anonymous_52)
FNDA:0,(anonymous_53)
FNDA:0,(anonymous_54)
FNDA:0,(anonymous_55)
FNDA:0,(anonymous_56)
FNDA:0,(anonymous_57)
FNDA:0,(anonymous_58)
FNDA:0,(anonymous_59)
FNDA:0,(anonymous_60)
FNDA:0,(anonymous_61)
DA:1,0
DA:3,0
DA:5,0
DA:8,0
DA:9,0
DA:29,0
DA:30,0
DA:31,0
DA:32,0
DA:33,0
DA:34,0
DA:55,0
DA:61,0
DA:67,0
DA:73,0
DA:76,0
DA:94,0
DA:99,0
DA:100,0
DA:102,0
DA:114,0
DA:115,0
DA:122,0
DA:123,0
DA:124,0
DA:126,0
DA:140,0
DA:142,0
DA:147,0
DA:148,0
DA:155,0
DA:156,0
DA:157,0
DA:159,0
DA:173,0
DA:175,0
DA:180,0
DA:181,0
DA:188,0
DA:189,0
DA:190,0
DA:192,0
DA:206,0
DA:208,0
DA:213,0
DA:214,0
DA:221,0
DA:222,0
DA:223,0
DA:225,0
DA:240,0
DA:242,0
DA:252,0
DA:253,0
DA:262,0
DA:263,0
DA:264,0
DA:267,0
DA:283,0
DA:285,0
DA:295,0
DA:296,0
DA:305,0
DA:306,0
DA:307,0
DA:308,0
DA:310,0
DA:314,0
DA:329,0
DA:344,0
DA:349,0
DA:350,0
DA:352,0
DA:353,0
DA:354,0
DA:358,0
DA:359,0
DA:360,0
DA:363,0
DA:364,0
DA:365,0
DA:366,0
DA:369,0
DA:371,0
DA:372,0
DA:373,0
DA:374,0
DA:375,0
DA:377,0
DA:383,0
DA:384,0
DA:385,0
DA:386,0
DA:388,0
DA:389,0
DA:392,0
DA:393,0
DA:397,0
DA:399,0
DA:400,0
DA:412,0
DA:414,0
DA:415,0
DA:416,0
DA:417,0
DA:418,0
DA:422,0
DA:423,0
DA:424,0
DA:425,0
DA:427,0
DA:428,0
DA:431,0
DA:432,0
DA:436,0
DA:438,0
DA:439,0
DA:449,0
DA:451,0
DA:453,0
DA:454,0
DA:456,0
DA:457,0
DA:460,0
DA:466,0
DA:467,0
DA:468,0
DA:470,0
DA:472,0
DA:475,0
DA:476,0
DA:477,0
DA:478,0
DA:479,0
DA:482,0
DA:483,0
DA:487,0
DA:490,0
DA:499,0
DA:501,0
DA:507,0
DA:551,0
DA:555,0
DA:562,0
DA:563,0
DA:574,0
DA:575,0
DA:576,0
DA:579,0
DA:633,0
DA:639,0
DA:648,0
DA:675,0
DA:676,0
DA:685,0
DA:686,0
DA:687,0
DA:690,0
DA:698,0
DA:700,0
DA:701,0
DA:714,0
DA:717,0
DA:744,0
DA:750,0
DA:751,0
DA:752,0
DA:754,0
DA:755,0
DA:757,0
DA:758,0
DA:761,0
DA:775,0
DA:776,0
DA:784,0
DA:785,0
DA:786,0
DA:787,0
DA:790,0
DA:795,0
DA:796,0
DA:805,0
DA:806,0
DA:808,0
DA:809,0
DA:810,0
DA:811,0
DA:812,0
DA:813,0
DA:817,0
DA:824,0
DA:825,0
DA:829,0
DA:832,0
DA:833,0
DA:836,0
DA:837,0
DA:842,0
DA:845,0
DA:849,0
DA:858,0
DA:871,0
DA:877,0
DA:878,0
DA:887,0
DA:888,0
DA:889,0
DA:890,0
DA:892,0
DA:915,0
DA:927,0
DA:928,0
DA:937,0
DA:938,0
DA:946,0
DA:948,0
DA:953,0
DA:960,0
DA:983,0
DA:1006,0
DA:1012,0
DA:1027,0
DA:1028,0
DA:1030,0
DA:1038,0
DA:1040,0
DA:1043,0
DA:1045,0
DA:1046,0
DA:1049,0
DA:1050,0
DA:1053,0
DA:1054,0
DA:1057,0
DA:1062,0
DA:1064,0
DA:1067,0
DA:1068,0
DA:1072,0
DA:1073,0
DA:1074,0
DA:1076,0
DA:1128,0
DA:1130,0
DA:1131,0
DA:1132,0
DA:1139,0
DA:1140,0
DA:1152,0
DA:1155,0
DA:1164,0
DA:1168,0
DA:1169,0
DA:1173,0
DA:1174,0
DA:1177,0
DA:1184,0
DA:1193,0
DA:1194,0
DA:1197,0
DA:1201,0
DA:1207,0
DA:1216,0
DA:1219,0
DA:1251,0
DA:1252,0
DA:1262,0
DA:1263,0
DA:1264,0
DA:1265,0
DA:1267,0
DA:1287,0
DA:1293,0
DA:1294,0
DA:1303,0
DA:1304,0
DA:1305,0
DA:1306,0
DA:1308,0
DA:1331,0
DA:1332,0
DA:1341,0
DA:1342,0
DA:1343,0
DA:1344,0
DA:1346,0
DA:1390,0
DA:1391,0
DA:1400,0
DA:1401,0
DA:1402,0
DA:1404,0
DA:1452,0
DA:1453,0
DA:1462,0
DA:1463,0
DA:1464,0
DA:1472,0
DA:1481,0
LF:299
LH:0
BRDA:31,0,0,0
BRDA:31,0,1,0
BRDA:32,1,0,0
BRDA:32,1,1,0
BRDA:67,2,0,0
BRDA:67,2,1,0
BRDA:68,3,0,0
BRDA:68,3,1,0
BRDA:68,3,2,0
BRDA:68,3,3,0
BRDA:352,4,0,0
BRDA:352,4,1,0
BRDA:352,5,0,0
BRDA:352,5,1,0
BRDA:359,6,0,0
BRDA:359,6,1,0
BRDA:359,7,0,0
BRDA:359,7,1,0
BRDA:369,8,0,0
BRDA:369,8,1,0
BRDA:374,9,0,0
BRDA:374,9,1,0
BRDA:378,10,0,0
BRDA:378,10,1,0
BRDA:399,11,0,0
BRDA:399,11,1,0
BRDA:412,12,0,0
BRDA:412,12,1,0
BRDA:417,13,0,0
BRDA:417,13,1,0
BRDA:418,14,0,0
BRDA:418,14,1,0
BRDA:438,15,0,0
BRDA:438,15,1,0
BRDA:449,16,0,0
BRDA:449,16,1,0
BRDA:467,17,0,0
BRDA:467,17,1,0
BRDA:468,18,0,0
BRDA:468,18,1,0
BRDA:475,19,0,0
BRDA:475,19,1,0
BRDA:476,20,0,0
BRDA:476,20,1,0
BRDA:477,21,0,0
BRDA:477,21,1,0
BRDA:478,22,0,0
BRDA:478,22,1,0
BRDA:487,23,0,0
BRDA:487,23,1,0
BRDA:499,24,0,0
BRDA:499,24,1,0
BRDA:526,25,0,0
BRDA:526,25,1,0
BRDA:526,26,0,0
BRDA:526,26,1,0
BRDA:528,27,0,0
BRDA:528,27,1,0
BRDA:528,28,0,0
BRDA:528,28,1,0
BRDA:536,29,0,0
BRDA:536,29,1,0
BRDA:536,30,0,0
BRDA:536,30,1,0
BRDA:538,31,0,0
BRDA:538,31,1,0
BRDA:538,32,0,0
BRDA:538,32,1,0
BRDA:687,33,0,0
BRDA:687,33,1,0
BRDA:700,34,0,0
BRDA:700,34,1,0
BRDA:700,35,0,0
BRDA:700,35,1,0
BRDA:795,36,0,0
BRDA:795,36,1,0
BRDA:795,37,0,0
BRDA:795,37,1,0
BRDA:825,38,0,0
BRDA:825,38,1,0
BRDA:829,39,0,0
BRDA:829,39,1,0
BRDA:833,40,0,0
BRDA:833,40,1,0
BRDA:836,41,0,0
BRDA:836,41,1,0
BRDA:845,42,0,0
BRDA:845,42,1,0
BRDA:850,43,0,0
BRDA:850,43,1,0
BRDA:852,44,0,0
BRDA:852,44,1,0
BRDA:854,45,0,0
BRDA:854,45,1,0
BRDA:863,46,0,0
BRDA:863,46,1,0
BRDA:940,47,0,0
BRDA:941,48,0,0
BRDA:942,49,0,0
BRDA:943,50,0,0
BRDA:944,51,0,0
BRDA:945,52,0,0
BRDA:1030,53,0,0
BRDA:1030,53,1,0
BRDA:1032,54,0,0
BRDA:1032,54,1,0
BRDA:1034,55,0,0
BRDA:1034,55,1,0
BRDA:1040,56,0,0
BRDA:1040,56,1,0
BRDA:1043,57,0,0
BRDA:1043,57,1,0
BRDA:1049,58,0,0
BRDA:1049,58,1,0
BRDA:1049,59,0,0
BRDA:1049,59,1,0
BRDA:1067,60,0,0
BRDA:1067,60,1,0
BRDA:1113,61,0,0
BRDA:1113,61,1,0
BRDA:1122,62,0,0
BRDA:1122,62,1,0
BRDA:1131,63,0,0
BRDA:1131,63,1,0
BRDA:1152,64,0,0
BRDA:1152,64,1,0
BRDA:1168,65,0,0
BRDA:1168,65,1,0
BRDA:1173,66,0,0
BRDA:1173,66,1,0
BRDA:1180,67,0,0
BRDA:1180,67,1,0
BRDA:1193,68,0,0
BRDA:1193,68,1,0
BRDA:1215,69,0,0
BRDA:1215,69,1,0
BRDA:1216,70,0,0
BRDA:1216,70,1,0
BRDA:1219,71,0,0
BRDA:1219,71,1,0
BRDA:1225,72,0,0
BRDA:1225,72,1,0
BRDA:1227,73,0,0
BRDA:1227,73,1,0
BRDA:1236,74,0,0
BRDA:1236,74,1,0
BRDA:1237,75,0,0
BRDA:1237,75,1,0
BRDA:1402,76,0,0
BRDA:1409,77,0,0
BRDA:1409,77,1,0
BRDA:1410,78,0,0
BRDA:1410,78,1,0
BRDA:1421,79,0,0
BRDA:1421,79,1,0
BRDA:1422,80,0,0
BRDA:1422,80,1,0
BRDA:1433,81,0,0
BRDA:1433,81,1,0
BRDA:1434,82,0,0
BRDA:1434,82,1,0
BRF:161
BRH:0
end_of_record
TN:
SF:routes/analytics.js
FN:9,(anonymous_0)
FN:19,calculateCorrelation
FN:25,(anonymous_2)
FN:26,(anonymous_3)
FN:27,(anonymous_4)
FN:28,(anonymous_5)
FN:29,(anonymous_6)
FN:44,(anonymous_7)
FN:54,(anonymous_8)
FN:97,(anonymous_9)
FN:137,(anonymous_10)
FN:217,(anonymous_11)
FN:227,(anonymous_12)
FN:244,(anonymous_13)
FN:249,(anonymous_14)
FN:270,(anonymous_15)
FN:279,(anonymous_16)
FN:287,(anonymous_17)
FN:295,(anonymous_18)
FN:297,(anonymous_19)
FN:323,(anonymous_20)
FN:329,(anonymous_21)
FN:350,(anonymous_22)
FN:409,(anonymous_23)
FN:414,(anonymous_24)
FN:416,(anonymous_25)
FN:426,(anonymous_26)
FN:434,(anonymous_27)
FN:460,(anonymous_28)
FN:463,(anonymous_29)
FN:511,(anonymous_30)
FN:568,(anonymous_31)
FN:569,(anonymous_32)
FN:594,(anonymous_33)
FN:608,(anonymous_34)
FN:610,(anonymous_35)
FN:631,(anonymous_36)
FN:635,(anonymous_37)
FN:640,(anonymous_38)
FN:645,(anonymous_39)
FN:704,(anonymous_40)
FN:743,(anonymous_41)
FN:748,(anonymous_42)
FN:767,(anonymous_43)
FN:779,(anonymous_44)
FN:790,(anonymous_45)
FN:820,(anonymous_46)
FN:858,(anonymous_47)
FN:865,(anonymous_48)
FN:873,(anonymous_49)
FN:878,(anonymous_50)
FN:915,(anonymous_51)
FN:936,(anonymous_52)
FN:941,(anonymous_53)
FN:969,(anonymous_54)
FN:980,(anonymous_55)
FN:1009,(anonymous_56)
FN:1049,(anonymous_57)
FN:1052,(anonymous_58)
FN:1054,(anonymous_59)
FN:1073,(anonymous_60)
FN:1092,(anonymous_61)
FN:1130,(anonymous_62)
FN:1135,(anonymous_63)
FN:1136,(anonymous_64)
FN:1165,(anonymous_65)
FN:1185,(anonymous_66)
FN:1255,(anonymous_67)
FN:1355,(anonymous_68)
FN:1383,(anonymous_69)
FN:1387,(anonymous_70)
FN:1393,(anonymous_71)
FN:1409,(anonymous_72)
FN:1457,(anonymous_73)
FN:1496,(anonymous_74)
FN:1509,(anonymous_75)
FN:1532,(anonymous_76)
FN:1536,(anonymous_77)
FN:1537,(anonymous_78)
FN:1538,(anonymous_79)
FN:1539,(anonymous_80)
FN:1540,(anonymous_81)
FN:1554,(anonymous_82)
FN:1558,(anonymous_83)
FN:1559,(anonymous_84)
FN:1561,(anonymous_85)
FN:1567,(anonymous_86)
FN:1568,(anonymous_87)
FN:1584,(anonymous_88)
FN:1588,(anonymous_89)
FN:1592,(anonymous_90)
FN:1596,(anonymous_91)
FN:1628,(anonymous_92)
FNF:93
FNH:0
FNDA:0,(anonymous_0)
FNDA:0,calculateCorrelation
FNDA:0,(anonymous_2)
FNDA:0,(anonymous_3)
FNDA:0,(anonymous_4)
FNDA:0,(anonymous_5)
FNDA:0,(anonymous_6)
FNDA:0,(anonymous_7)
FNDA:0,(anonymous_8)
FNDA:0,(anonymous_9)
FNDA:0,(anonymous_10)
FNDA:0,(anonymous_11)
FNDA:0,(anonymous_12)
FNDA:0,(anonymous_13)
FNDA:0,(anonymous_14)
FNDA:0,(anonymous_15)
FNDA:0,(anonymous_16)
FNDA:0,(anonymous_17)
FNDA:0,(anonymous_18)
FNDA:0,(anonymous_19)
FNDA:0,(anonymous_20)
FNDA:0,(anonymous_21)
FNDA:0,(anonymous_22)
FNDA:0,(anonymous_23)
FNDA:0,(anonymous_24)
FNDA:0,(anonymous_25)
FNDA:0,(anonymous_26)
FNDA:0,(anonymous_27)
FNDA:0,(anonymous_28)
FNDA:0,(anonymous_29)
FNDA:0,(anonymous_30)
FNDA:0,(anonymous_31)
FNDA:0,(anonymous_32)
FNDA:0,(anonymous_33)
FNDA:0,(anonymous_34)
FNDA:0,(anonymous_35)
FNDA:0,(anonymous_36)
FNDA:0,(anonymous_37)
FNDA:0,(anonymous_38)
FNDA:0,(anonymous_39)
FNDA:0,(anonymous_40)
FNDA:0,(anonymous_41)
FNDA:0,(anonymous_42)
FNDA:0,(anonymous_43)
FNDA:0,(anonymous_44)
FNDA:0,(anonymous_45)
FNDA:0,(anonymous_46)
FNDA:0,(anonymous_47)
FNDA:0,(anonymous_48)
FNDA:0,(anonymous_49)
FNDA:0,(anonymous_50)
FNDA:0,(anonymous_51)
FNDA:0,(anonymous_52)
FNDA:0,(anonymous_53)
FNDA:0,(anonymous_54)
FNDA:0,(anonymous_55)
FNDA:0,(anonymous_56)
FNDA:0,(anonymous_57)
FNDA:0,(anonymous_58)
FNDA:0,(anonymous_59)
FNDA:0,(anonymous_60)
FNDA:0,(anonymous_61)
FNDA:0,(anonymous_62)
FNDA:0,(anonymous_63)
FNDA:0,(anonymous_64)
FNDA:0,(anonymous_65)
FNDA:0,(anonymous_66)
FNDA:0,(anonymous_67)
FNDA:0,(anonymous_68)
FNDA:0,(anonymous_69)
FNDA:0,(anonymous_70)
FNDA:0,(anonymous_71)
FNDA:0,(anonymous_72)
FNDA:0,(anonymous_73)
FNDA:0,(anonymous_74)
FNDA:0,(anonymous_75)
FNDA:0,(anonymous_76)
FNDA:0,(anonymous_77)
FNDA:0,(anonymous_78)
FNDA:0,(anonymous_79)
FNDA:0,(anonymous_80)
FNDA:0,(anonymous_81)
FNDA:0,(anonymous_82)
FNDA:0,(anonymous_83)
FNDA:0,(anonymous_84)
FNDA:0,(anonymous_85)
FNDA:0,(anonymous_86)
FNDA:0,(anonymous_87)
FNDA:0,(anonymous_88)
FNDA:0,(anonymous_89)
FNDA:0,(anonymous_90)
FNDA:0,(anonymous_91)
FNDA:0,(anonymous_92)
DA:1,0
DA:3,0
DA:4,0
DA:6,0
DA:9,0
DA:10,0
DA:20,0
DA:21,0
DA:24,0
DA:25,0
DA:26,0
DA:27,0
DA:28,0
DA:29,0
DA:31,0
DA:32,0
DA:36,0
DA:37,0
DA:40,0
DA:44,0
DA:45,0
DA:54,0
DA:55,0
DA:94,0
DA:97,0
DA:98,0
DA:99,0
DA:102,0
DA:127,0
DA:128,0
DA:137,0
DA:138,0
DA:139,0
DA:140,0
DA:142,0
DA:147,0
DA:156,0
DA:159,0
DA:174,0
DA:175,0
DA:176,0
DA:187,0
DA:188,0
DA:203,0
DA:217,0
DA:227,0
DA:228,0
DA:229,0
DA:230,0
DA:231,0
DA:232,0
DA:234,0
DA:242,0
DA:243,0
DA:244,0
DA:249,0
DA:250,0
DA:251,0
DA:252,0
DA:254,0
DA:255,0
DA:258,0
DA:259,0
DA:263,0
DA:265,0
DA:269,0
DA:270,0
DA:272,0
DA:273,0
DA:277,0
DA:279,0
DA:285,0
DA:286,0
DA:287,0
DA:288,0
DA:289,0
DA:290,0
DA:295,0
DA:297,0
DA:299,0
DA:302,0
DA:304,0
DA:323,0
DA:329,0
DA:340,0
DA:341,0
DA:350,0
DA:351,0
DA:352,0
DA:353,0
DA:354,0
DA:359,0
DA:360,0
DA:368,0
DA:383,0
DA:397,0
DA:406,0
DA:408,0
DA:409,0
DA:410,0
DA:414,0
DA:416,0
DA:418,0
DA:419,0
DA:422,0
DA:423,0
DA:424,0
DA:426,0
DA:427,0
DA:428,0
DA:429,0
DA:430,0
DA:434,0
DA:435,0
DA:436,0
DA:439,0
DA:440,0
DA:442,0
DA:458,0
DA:459,0
DA:460,0
DA:463,0
DA:473,0
DA:501,0
DA:502,0
DA:511,0
DA:512,0
DA:513,0
DA:514,0
DA:521,0
DA:522,0
DA:523,0
DA:528,0
DA:545,0
DA:546,0
DA:547,0
DA:548,0
DA:550,0
DA:552,0
DA:553,0
DA:568,0
DA:569,0
DA:570,0
DA:571,0
DA:580,0
DA:582,0
DA:583,0
DA:587,0
DA:590,0
DA:591,0
DA:594,0
DA:595,0
DA:596,0
DA:597,0
DA:598,0
DA:599,0
DA:600,0
DA:601,0
DA:607,0
DA:608,0
DA:609,0
DA:610,0
DA:611,0
DA:612,0
DA:613,0
DA:615,0
DA:616,0
DA:623,0
DA:630,0
DA:631,0
DA:634,0
DA:635,0
DA:639,0
DA:640,0
DA:644,0
DA:645,0
DA:650,0
DA:657,0
DA:661,0
DA:692,0
DA:693,0
DA:694,0
DA:704,0
DA:705,0
DA:706,0
DA:707,0
DA:708,0
DA:713,0
DA:726,0
DA:727,0
DA:741,0
DA:742,0
DA:743,0
DA:748,0
DA:749,0
DA:750,0
DA:752,0
DA:753,0
DA:756,0
DA:757,0
DA:761,0
DA:763,0
DA:767,0
DA:777,0
DA:778,0
DA:779,0
DA:781,0
DA:786,0
DA:790,0
DA:810,0
DA:811,0
DA:820,0
DA:821,0
DA:822,0
DA:823,0
DA:824,0
DA:829,0
DA:844,0
DA:858,0
DA:865,0
DA:873,0
DA:874,0
DA:877,0
DA:878,0
DA:881,0
DA:888,0
DA:905,0
DA:906,0
DA:915,0
DA:916,0
DA:917,0
DA:918,0
DA:921,0
DA:934,0
DA:935,0
DA:936,0
DA:941,0
DA:942,0
DA:943,0
DA:944,0
DA:946,0
DA:947,0
DA:956,0
DA:957,0
DA:963,0
DA:965,0
DA:969,0
DA:970,0
DA:971,0
DA:975,0
DA:976,0
DA:980,0
DA:987,0
DA:999,0
DA:1000,0
DA:1009,0
DA:1010,0
DA:1011,0
DA:1012,0
DA:1013,0
DA:1018,0
DA:1032,0
DA:1033,0
DA:1049,0
DA:1050,0
DA:1052,0
DA:1054,0
DA:1056,0
DA:1057,0
DA:1060,0
DA:1061,0
DA:1062,0
DA:1064,0
DA:1073,0
DA:1082,0
DA:1083,0
DA:1092,0
DA:1093,0
DA:1094,0
DA:1095,0
DA:1096,0
DA:1101,0
DA:1114,0
DA:1115,0
DA:1129,0
DA:1130,0
DA:1133,0
DA:1134,0
DA:1135,0
DA:1136,0
DA:1137,0
DA:1139,0
DA:1142,0
DA:1143,0
DA:1145,0
DA:1146,0
DA:1147,0
DA:1148,0
DA:1149,0
DA:1150,0
DA:1151,0
DA:1152,0
DA:1153,0
DA:1156,0
DA:1165,0
DA:1175,0
DA:1176,0
DA:1185,0
DA:1186,0
DA:1187,0
DA:1188,0
DA:1189,0
DA:1193,0
DA:1194,0
DA:1202,0
DA:1204,0
DA:1206,0
DA:1207,0
DA:1219,0
DA:1220,0
DA:1230,0
DA:1231,0
DA:1241,0
DA:1245,0
DA:1246,0
DA:1253,0
DA:1254,0
DA:1256,0
DA:1274,0
DA:1275,0
DA:1276,0
DA:1286,0
DA:1296,0
DA:1297,0
DA:1310,0
DA:1317,0
DA:1318,0
DA:1328,0
DA:1332,0
DA:1339,0
DA:1345,0
DA:1346,0
DA:1355,0
DA:1356,0
DA:1357,0
DA:1358,0
DA:1363,0
DA:1381,0
DA:1382,0
DA:1383,0
DA:1386,0
DA:1387,0
DA:1391,0
DA:1393,0
DA:1398,0
DA:1411,0
DA:1417,0
DA:1441,0
DA:1447,0
DA:1448,0
DA:1457,0
DA:1458,0
DA:1460,0
DA:1462,0
DA:1472,0
DA:1481,0
DA:1482,0
DA:1496,0
DA:1498,0
DA:1499,0
DA:1508,0
DA:1510,0
DA:1520,0
DA:1521,0
DA:1524,0
DA:1527,0
DA:1532,0
DA:1533,0
DA:1535,0
DA:1536,0
DA:1537,0
DA:1538,0
DA:1539,0
DA:1540,0
DA:1542,0
DA:1543,0
DA:1547,0
DA:1551,0
DA:1552,0
DA:1554,0
DA:1555,0
DA:1557,0
DA:1558,0
DA:1559,0
DA:1561,0
DA:1562,0
DA:1563,0
DA:1566,0
DA:1567,0
DA:1568,0
DA:1569,0
DA:1570,0
DA:1571,0
DA:1573,0
DA:1583,0
DA:1584,0
DA:1587,0
DA:1588,0
DA:1591,0
DA:1592,0
DA:1595,0
DA:1596,0
DA:1600,0
DA:1612,0
DA:1618,0
DA:1619,0
DA:1628,0
DA:1629,0
DA:1630,0
DA:1644,0
DA:1653,0
LF:421
LH:0
BRDA:20,0,0,0
BRDA:20,0,1,0
BRDA:20,1,0,0
BRDA:20,1,1,0
BRDA:20,1,2,0
BRDA:20,1,3,0
BRDA:36,2,0,0
BRDA:36,2,1,0
BRDA:140,3,0,0
BRDA:140,4,0,0
BRDA:156,5,0,0
BRDA:156,5,1,0
BRDA:219,6,0,0
BRDA:219,6,1,0
BRDA:220,7,0,0
BRDA:220,7,1,0
BRDA:221,8,0,0
BRDA:221,8,1,0
BRDA:222,9,0,0
BRDA:222,9,1,0
BRDA:223,10,0,0
BRDA:223,10,1,0
BRDA:229,11,0,0
BRDA:229,11,1,0
BRDA:250,12,0,0
BRDA:250,12,1,0
BRDA:254,13,0,0
BRDA:254,13,1,0
BRDA:277,14,0,0
BRDA:277,14,1,0
BRDA:286,15,0,0
BRDA:286,15,1,0
BRDA:290,16,0,0
BRDA:290,16,1,0
BRDA:302,17,0,0
BRDA:302,17,1,0
BRDA:352,18,0,0
BRDA:352,18,1,0
BRDA:353,19,0,0
BRDA:359,20,0,0
BRDA:359,20,1,0
BRDA:359,21,0,0
BRDA:359,21,1,0
BRDA:408,22,0,0
BRDA:408,22,1,0
BRDA:410,23,0,0
BRDA:410,23,1,0
BRDA:428,24,0,0
BRDA:428,24,1,0
BRDA:430,25,0,0
BRDA:430,25,1,0
BRDA:436,26,0,0
BRDA:436,26,1,0
BRDA:440,27,0,0
BRDA:440,27,1,0
BRDA:449,28,0,0
BRDA:449,28,1,0
BRDA:451,29,0,0
BRDA:451,29,1,0
BRDA:470,30,0,0
BRDA:470,30,1,0
BRDA:482,31,0,0
BRDA:482,31,1,0
BRDA:487,32,0,0
BRDA:487,32,1,0
BRDA:489,33,0,0
BRDA:489,33,1,0
BRDA:494,34,0,0
BRDA:494,34,1,0
BRDA:513,35,0,0
BRDA:513,35,1,0
BRDA:513,36,0,0
BRDA:513,36,1,0
BRDA:522,37,0,0
BRDA:522,38,0,0
BRDA:546,39,0,0
BRDA:546,39,1,0
BRDA:552,40,0,0
BRDA:552,40,1,0
BRDA:595,41,0,0
BRDA:595,41,1,0
BRDA:611,42,0,0
BRDA:611,42,1,0
BRDA:611,43,0,0
BRDA:611,43,1,0
BRDA:615,44,0,0
BRDA:615,44,1,0
BRDA:615,45,0,0
BRDA:615,45,1,0
BRDA:624,46,0,0
BRDA:624,46,1,0
BRDA:631,47,0,0
BRDA:631,47,1,0
BRDA:634,48,0,0
BRDA:634,48,1,0
BRDA:640,49,0,0
BRDA:640,49,1,0
BRDA:645,50,0,0
BRDA:645,50,1,0
BRDA:669,51,0,0
BRDA:669,51,1,0
BRDA:676,52,0,0
BRDA:676,52,1,0
BRDA:698,53,0,0
BRDA:698,53,1,0
BRDA:707,54,0,0
BRDA:726,55,0,0
BRDA:726,55,1,0
BRDA:749,56,0,0
BRDA:749,56,1,0
BRDA:752,57,0,0
BRDA:752,57,1,0
BRDA:770,58,0,0
BRDA:770,58,1,0
BRDA:823,59,0,0
BRDA:860,60,0,0
BRDA:860,60,1,0
BRDA:861,61,0,0
BRDA:861,61,1,0
BRDA:862,62,0,0
BRDA:862,62,1,0
BRDA:868,63,0,0
BRDA:868,63,1,0
BRDA:869,64,0,0
BRDA:869,64,1,0
BRDA:874,65,0,0
BRDA:874,65,1,0
BRDA:877,66,0,0
BRDA:877,66,1,0
BRDA:881,67,0,0
BRDA:881,67,1,0
BRDA:883,68,0,0
BRDA:883,68,1,0
BRDA:942,69,0,0
BRDA:942,69,1,0
BRDA:944,70,0,0
BRDA:944,70,1,0
BRDA:946,71,0,0
BRDA:946,71,1,0
BRDA:977,72,0,0
BRDA:977,72,1,0
BRDA:1012,73,0,0
BRDA:1032,74,0,0
BRDA:1032,74,1,0
BRDA:1050,75,0,0
BRDA:1050,75,1,0
BRDA:1061,76,0,0
BRDA:1061,76,1,0
BRDA:1062,77,0,0
BRDA:1062,77,1,0
BRDA:1075,78,0,0
BRDA:1075,78,1,0
BRDA:1095,79,0,0
BRDA:1114,80,0,0
BRDA:1114,80,1,0
BRDA:1130,81,0,0
BRDA:1130,81,1,0
BRDA:1145,82,0,0
BRDA:1145,82,1,0
BRDA:1147,83,0,0
BRDA:1147,83,1,0
BRDA:1148,84,0,0
BRDA:1148,84,1,0
BRDA:1150,85,0,0
BRDA:1150,85,1,0
BRDA:1151,86,0,0
BRDA:1151,86,1,0
BRDA:1153,87,0,0
BRDA:1153,87,1,0
BRDA:1167,88,0,0
BRDA:1167,88,1,0
BRDA:1168,89,0,0
BRDA:1168,89,1,0
BRDA:1188,90,0,0
BRDA:1188,91,0,0
BRDA:1193,92,0,0
BRDA:1193,92,1,0
BRDA:1204,93,0,0
BRDA:1204,93,1,0
BRDA:1204,93,2,0
BRDA:1216,94,0,0
BRDA:1216,94,1,0
BRDA:1216,94,2,0
BRDA:1223,95,0,0
BRDA:1223,95,1,0
BRDA:1224,96,0,0
BRDA:1224,96,1,0
BRDA:1225,97,0,0
BRDA:1225,97,1,0
BRDA:1236,98,0,0
BRDA:1236,98,1,0
BRDA:1245,99,0,0
BRDA:1245,99,1,0
BRDA:1270,100,0,0
BRDA:1270,100,1,0
BRDA:1270,100,2,0
BRDA:1274,101,0,0
BRDA:1274,101,1,0
BRDA:1278,102,0,0
BRDA:1278,102,1,0
BRDA:1279,103,0,0
BRDA:1279,103,1,0
BRDA:1280,104,0,0
BRDA:1280,104,1,0
BRDA:1281,105,0,0
BRDA:1281,105,1,0
BRDA:1282,106,0,0
BRDA:1282,106,1,0
BRDA:1296,107,0,0
BRDA:1296,107,1,0
BRDA:1300,108,0,0
BRDA:1300,108,1,0
BRDA:1323,109,0,0
BRDA:1323,109,1,0
BRDA:1357,110,0,0
BRDA:1357,111,0,0
BRDA:1378,112,0,0
BRDA:1378,112,1,0
BRDA:1378,112,2,0
BRDA:1383,113,0,0
BRDA:1383,113,1,0
BRDA:1387,114,0,0
BRDA:1387,114,1,0
BRDA:1391,115,0,0
BRDA:1391,115,1,0
BRDA:1393,116,0,0
BRDA:1393,116,1,0
BRDA:1411,117,0,0
BRDA:1411,117,1,0
BRDA:1413,118,0,0
BRDA:1413,118,1,0
BRDA:1420,119,0,0
BRDA:1420,119,1,0
BRDA:1421,120,0,0
BRDA:1421,120,1,0
BRDA:1422,121,0,0
BRDA:1422,121,1,0
BRDA:1424,122,0,0
BRDA:1424,122,1,0
BRDA:1460,123,0,0
BRDA:1460,123,1,0
BRDA:1462,124,0,0
BRDA:1462,124,1,0
BRDA:1464,125,0,0
BRDA:1464,125,1,0
BRDA:1466,126,0,0
BRDA:1466,126,1,0
BRDA:1468,127,0,0
BRDA:1468,127,1,0
BRDA:1478,128,0,0
BRDA:1478,128,1,0
BRDA:1478,128,2,0
BRDA:1481,129,0,0
BRDA:1481,129,1,0
BRDA:1498,130,0,0
BRDA:1498,130,1,0
BRDA:1520,131,0,0
BRDA:1520,131,1,0
BRDA:1533,132,0,0
BRDA:1533,132,1,0
BRDA:1533,133,0,0
BRDA:1533,133,1,0
BRDA:1547,134,0,0
BRDA:1547,134,1,0
BRDA:1557,135,0,0
BRDA:1557,135,1,0
BRDA:1562,136,0,0
BRDA:1562,136,1,0
BRDA:1566,137,0,0
BRDA:1566,137,1,0
BRDA:1571,138,0,0
BRDA:1571,138,1,0
BRDA:1584,139,0,0
BRDA:1584,139,1,0
BRDA:1587,140,0,0
BRDA:1587,140,1,0
BRDA:1592,141,0,0
BRDA:1592,141,1,0
BRDA:1596,142,0,0
BRDA:1596,142,1,0
BRF:280
BRH:0
end_of_record
TN:
SF:routes/auth.js
FN:23,(anonymous_0)
FN:127,(anonymous_1)
FN:216,(anonymous_2)
FN:318,(anonymous_3)
FN:368,(anonymous_4)
FN:409,(anonymous_5)
FN:467,(anonymous_6)
FN:522,(anonymous_7)
FN:625,(anonymous_8)
FN:632,(anonymous_9)
FN:650,(anonymous_10)
FN:668,(anonymous_11)
FN:684,(anonymous_12)
FN:695,(anonymous_13)
FNF:14
FNH:0
FNDA:0,(anonymous_0)
FNDA:0,(anonymous_1)
FNDA:0,(anonymous_2)
FNDA:0,(anonymous_3)
FNDA:0,(anonymous_4)
FNDA:0,(anonymous_5)
FNDA:0,(anonymous_6)
FNDA:0,(anonymous_7)
FNDA:0,(anonymous_8)
FNDA:0,(anonymous_9)
FNDA:0,(anonymous_10)
FNDA:0,(anonymous_11)
FNDA:0,(anonymous_12)
FNDA:0,(anonymous_13)
DA:1,0
DA:10,0
DA:12,0
DA:14,0
DA:17,0
DA:23,0
DA:24,0
DA:25,0
DA:27,0
DA:28,0
DA:34,0
DA:35,0
DA:38,0
DA:42,0
DA:43,0
DA:45,0
DA:56,0
DA:62,0
DA:76,0
DA:81,0
DA:90,0
DA:92,0
DA:94,0
DA:102,0
DA:110,0
DA:112,0
DA:113,0
DA:116,0
DA:117,0
DA:120,0
DA:127,0
DA:128,0
DA:130,0
DA:131,0
DA:134,0
DA:136,0
DA:140,0
DA:141,0
DA:143,0
DA:155,0
DA:161,0
DA:174,0
DA:181,0
DA:183,0
DA:190,0
DA:192,0
DA:194,0
DA:202,0
DA:210,0
DA:211,0
DA:216,0
DA:217,0
DA:218,0
DA:220,0
DA:221,0
DA:227,0
DA:228,0
DA:233,0
DA:234,0
DA:235,0
DA:243,0
DA:244,0
DA:252,0
DA:253,0
DA:256,0
DA:260,0
DA:261,0
DA:269,0
DA:272,0
DA:280,0
DA:291,0
DA:293,0
DA:299,0
DA:301,0
DA:302,0
DA:305,0
DA:306,0
DA:311,0
DA:318,0
DA:319,0
DA:320,0
DA:322,0
DA:323,0
DA:329,0
DA:330,0
DA:333,0
DA:334,0
DA:339,0
DA:343,0
DA:349,0
DA:351,0
DA:355,0
DA:357,0
DA:358,0
DA:361,0
DA:368,0
DA:369,0
DA:370,0
DA:372,0
DA:373,0
DA:379,0
DA:380,0
DA:383,0
DA:389,0
DA:394,0
DA:396,0
DA:401,0
DA:402,0
DA:409,0
DA:410,0
DA:412,0
DA:413,0
DA:416,0
DA:418,0
DA:419,0
DA:424,0
DA:425,0
DA:430,0
DA:438,0
DA:440,0
DA:441,0
DA:446,0
DA:453,0
DA:455,0
DA:459,0
DA:460,0
DA:467,0
DA:469,0
DA:470,0
DA:473,0
DA:475,0
DA:476,0
DA:481,0
DA:482,0
DA:487,0
DA:496,0
DA:498,0
DA:499,0
DA:504,0
DA:505,0
DA:512,0
DA:513,0
DA:517,0
DA:518,0
DA:522,0
DA:524,0
DA:525,0
DA:528,0
DA:530,0
DA:534,0
DA:535,0
DA:537,0
DA:549,0
DA:555,0
DA:572,0
DA:580,0
DA:582,0
DA:583,0
DA:588,0
DA:589,0
DA:596,0
DA:598,0
DA:599,0
DA:607,0
DA:608,0
DA:614,0
DA:619,0
DA:620,0
DA:625,0
DA:626,0
DA:632,0
DA:633,0
DA:650,0
DA:651,0
DA:668,0
DA:669,0
DA:684,0
DA:686,0
DA:695,0
DA:698,0
DA:705,0
LF:181
LH:0
BRDA:19,0,0,0
BRDA:19,0,1,0
BRDA:19,0,2,0
BRDA:27,1,0,0
BRDA:27,1,1,0
BRDA:27,2,0,0
BRDA:27,2,1,0
BRDA:34,3,0,0
BRDA:34,3,1,0
BRDA:38,4,0,0
BRDA:38,4,1,0
BRDA:39,5,0,0
BRDA:39,5,1,0
BRDA:39,5,2,0
BRDA:43,6,0,0
BRDA:43,6,1,0
BRDA:48,7,0,0
BRDA:48,7,1,0
BRDA:92,8,0,0
BRDA:92,8,1,0
BRDA:112,9,0,0
BRDA:112,9,1,0
BRDA:116,10,0,0
BRDA:116,10,1,0
BRDA:130,11,0,0
BRDA:130,11,1,0
BRDA:136,12,0,0
BRDA:136,12,1,0
BRDA:137,13,0,0
BRDA:137,13,1,0
BRDA:141,14,0,0
BRDA:141,14,1,0
BRDA:192,15,0,0
BRDA:192,15,1,0
BRDA:220,16,0,0
BRDA:220,16,1,0
BRDA:220,17,0,0
BRDA:220,17,1,0
BRDA:220,17,2,0
BRDA:227,18,0,0
BRDA:227,18,1,0
BRDA:234,19,0,0
BRDA:234,19,1,0
BRDA:243,20,0,0
BRDA:243,20,1,0
BRDA:252,21,0,0
BRDA:252,21,1,0
BRDA:260,22,0,0
BRDA:260,22,1,0
BRDA:286,23,0,0
BRDA:286,23,1,0
BRDA:287,24,0,0
BRDA:287,24,1,0
BRDA:301,25,0,0
BRDA:301,25,1,0
BRDA:305,26,0,0
BRDA:305,26,1,0
BRDA:322,27,0,0
BRDA:322,27,1,0
BRDA:322,28,0,0
BRDA:322,28,1,0
BRDA:329,29,0,0
BRDA:329,29,1,0
BRDA:333,30,0,0
BRDA:333,30,1,0
BRDA:357,31,0,0
BRDA:357,31,1,0
BRDA:372,32,0,0
BRDA:372,32,1,0
BRDA:379,33,0,0
BRDA:379,33,1,0
BRDA:412,34,0,0
BRDA:412,34,1,0
BRDA:418,35,0,0
BRDA:418,35,1,0
BRDA:418,36,0,0
BRDA:418,36,1,0
BRDA:418,36,2,0
BRDA:424,37,0,0
BRDA:424,37,1,0
BRDA:440,38,0,0
BRDA:440,38,1,0
BRDA:440,39,0,0
BRDA:440,39,1,0
BRDA:440,39,2,0
BRDA:469,40,0,0
BRDA:469,40,1,0
BRDA:475,41,0,0
BRDA:475,41,1,0
BRDA:475,42,0,0
BRDA:475,42,1,0
BRDA:475,42,2,0
BRDA:481,43,0,0
BRDA:481,43,1,0
BRDA:498,44,0,0
BRDA:498,44,1,0
BRDA:498,45,0,0
BRDA:498,45,1,0
BRDA:498,45,2,0
BRDA:518,46,0,0
BRDA:518,46,1,0
BRDA:524,47,0,0
BRDA:524,47,1,0
BRDA:530,48,0,0
BRDA:530,48,1,0
BRDA:531,49,0,0
BRDA:531,49,1,0
BRDA:535,50,0,0
BRDA:535,50,1,0
BRDA:582,51,0,0
BRDA:582,51,1,0
BRDA:582,52,0,0
BRDA:582,52,1,0
BRDA:593,53,0,0
BRDA:593,53,1,0
BRDA:598,54,0,0
BRDA:598,54,1,0
BRDA:605,55,0,0
BRDA:605,55,1,0
BRDA:607,56,0,0
BRDA:607,56,1,0
BRDA:620,57,0,0
BRDA:620,57,1,0
BRDA:638,58,0,0
BRDA:638,58,1,0
BRDA:641,59,0,0
BRDA:641,59,1,0
BRDA:643,60,0,0
BRDA:643,60,1,0
BRDA:643,60,2,0
BRDA:673,61,0,0
BRDA:673,61,1,0
BRDA:676,62,0,0
BRDA:676,62,1,0
BRDA:678,63,0,0
BRDA:678,63,1,0
BRDA:678,63,2,0
BRF:137
BRH:0
end_of_record
TN:
SF:routes/backtest.js
FN:16,(anonymous_0)
FN:81,(anonymous_1)
FN:158,(anonymous_2)
FN:181,(anonymous_3)
FN:219,(anonymous_4)
FN:274,(anonymous_5)
FN:311,(anonymous_6)
FN:329,(anonymous_7)
FN:334,(anonymous_8)
FN:353,(anonymous_9)
FN:359,(anonymous_10)
FN:370,(anonymous_11)
FN:372,(anonymous_12)
FN:394,(anonymous_13)
FN:395,(anonymous_14)
FN:401,(anonymous_15)
FN:405,(anonymous_16)
FN:434,(anonymous_17)
FN:464,(anonymous_18)
FN:504,(anonymous_19)
FN:512,(anonymous_20)
FN:518,(anonymous_21)
FN:519,(anonymous_22)
FN:532,(anonymous_23)
FN:533,(anonymous_24)
FN:563,(anonymous_25)
FN:578,(anonymous_26)
FN:593,(anonymous_27)
FN:606,(anonymous_28)
FN:613,(anonymous_29)
FN:623,(anonymous_30)
FN:629,(anonymous_31)
FN:635,getHistoricalData
FN:664,(anonymous_33)
FN:692,(anonymous_34)
FN:813,(anonymous_35)
FN:846,(anonymous_36)
FN:902,(anonymous_37)
FN:917,(anonymous_38)
FN:924,(anonymous_39)
FN:932,(anonymous_40)
FN:971,(anonymous_41)
FN:995,(anonymous_42)
FN:1033,(anonymous_43)
FN:1062,(anonymous_44)
FN:1091,(anonymous_45)
FN:1129,(anonymous_46)
FN:1171,(anonymous_47)
FN:1179,(anonymous_48)
FN:1215,(anonymous_49)
FN:1249,(anonymous_50)
FNF:51
FNH:0
FNDA:0,(anonymous_0)
FNDA:0,(anonymous_1)
FNDA:0,(anonymous_2)
FNDA:0,(anonymous_3)
FNDA:0,(anonymous_4)
FNDA:0,(anonymous_5)
FNDA:0,(anonymous_6)
FNDA:0,(anonymous_7)
FNDA:0,(anonymous_8)
FNDA:0,(anonymous_9)
FNDA:0,(anonymous_10)
FNDA:0,(anonymous_11)
FNDA:0,(anonymous_12)
FNDA:0,(anonymous_13)
FNDA:0,(anonymous_14)
FNDA:0,(anonymous_15)
FNDA:0,(anonymous_16)
FNDA:0,(anonymous_17)
FNDA:0,(anonymous_18)
FNDA:0,(anonymous_19)
FNDA:0,(anonymous_20)
FNDA:0,(anonymous_21)
FNDA:0,(anonymous_22)
FNDA:0,(anonymous_23)
FNDA:0,(anonymous_24)
FNDA:0,(anonymous_25)
FNDA:0,(anonymous_26)
FNDA:0,(anonymous_27)
FNDA:0,(anonymous_28)
FNDA:0,(anonymous_29)
FNDA:0,(anonymous_30)
FNDA:0,(anonymous_31)
FNDA:0,getHistoricalData
FNDA:0,(anonymous_33)
FNDA:0,(anonymous_34)
FNDA:0,(anonymous_35)
FNDA:0,(anonymous_36)
FNDA:0,(anonymous_37)
FNDA:0,(anonymous_38)
FNDA:0,(anonymous_39)
FNDA:0,(anonymous_40)
FNDA:0,(anonymous_41)
FNDA:0,(anonymous_42)
FNDA:0,(anonymous_43)
FNDA:0,(anonymous_44)
FNDA:0,(anonymous_45)
FNDA:0,(anonymous_46)
FNDA:0,(anonymous_47)
FNDA:0,(anonymous_48)
FNDA:0,(anonymous_49)
FNDA:0,(anonymous_50)
DA:1,0
DA:2,0
DA:4,0
DA:6,0
DA:7,0
DA:8,0
DA:10,0
DA:13,0
DA:16,0
DA:17,0
DA:18,0
DA:20,0
DA:23,0
DA:26,0
DA:27,0
DA:76,0
DA:77,0
DA:81,0
DA:86,0
DA:87,0
DA:101,0
DA:102,0
DA:111,0
DA:146,0
DA:147,0
DA:159,0
DA:170,0
DA:171,0
DA:172,0
DA:175,0
DA:176,0
DA:177,0
DA:183,0
DA:200,0
DA:203,0
DA:212,0
DA:214,0
DA:220,0
DA:221,0
DA:225,0
DA:227,0
DA:228,0
DA:231,0
DA:232,0
DA:234,0
DA:236,0
DA:240,0
DA:248,0
DA:258,0
DA:260,0
DA:270,0
DA:275,0
DA:276,0
DA:278,0
DA:279,0
DA:280,0
DA:283,0
DA:284,0
DA:286,0
DA:288,0
DA:289,0
DA:291,0
DA:296,0
DA:307,0
DA:312,0
DA:313,0
DA:314,0
DA:315,0
DA:316,0
DA:318,0
DA:319,0
DA:320,0
DA:321,0
DA:322,0
DA:323,0
DA:330,0
DA:335,0
DA:336,0
DA:337,0
DA:338,0
DA:339,0
DA:340,0
DA:341,0
DA:344,0
DA:354,0
DA:355,0
DA:358,0
DA:359,0
DA:361,0
DA:362,0
DA:363,0
DA:366,0
DA:368,0
DA:370,0
DA:372,0
DA:374,0
DA:377,0
DA:380,0
DA:381,0
DA:382,0
DA:384,0
DA:385,0
DA:386,0
DA:388,0
DA:389,0
DA:390,0
DA:394,0
DA:395,0
DA:396,0
DA:397,0
DA:400,0
DA:401,0
DA:404,0
DA:405,0
DA:407,0
DA:409,0
DA:434,0
DA:435,0
DA:464,0
DA:465,0
DA:472,0
DA:475,0
DA:476,0
DA:481,0
DA:482,0
DA:487,0
DA:488,0
DA:494,0
DA:501,0
DA:504,0
DA:505,0
DA:508,0
DA:509,0
DA:512,0
DA:513,0
DA:517,0
DA:518,0
DA:519,0
DA:522,0
DA:525,0
DA:526,0
DA:529,0
DA:530,0
DA:532,0
DA:533,0
DA:534,0
DA:535,0
DA:536,0
DA:541,0
DA:542,0
DA:544,0
DA:550,0
DA:554,0
DA:557,0
DA:563,0
DA:570,0
DA:571,0
DA:578,0
DA:579,0
DA:580,0
DA:581,0
DA:586,0
DA:587,0
DA:589,0
DA:594,0
DA:595,0
DA:596,0
DA:600,0
DA:606,0
DA:607,0
DA:613,0
DA:614,0
DA:615,0
DA:616,0
DA:619,0
DA:620,0
DA:623,0
DA:624,0
DA:625,0
DA:626,0
DA:629,0
DA:630,0
DA:631,0
DA:636,0
DA:637,0
DA:652,0
DA:653,0
DA:654,0
DA:656,0
DA:658,0
DA:659,0
DA:664,0
DA:665,0
DA:666,0
DA:668,0
DA:676,0
DA:678,0
DA:679,0
DA:682,0
DA:686,0
DA:687,0
DA:692,0
DA:693,0
DA:694,0
DA:805,0
DA:807,0
DA:808,0
DA:813,0
DA:814,0
DA:815,0
DA:817,0
DA:818,0
DA:824,0
DA:826,0
DA:827,0
DA:833,0
DA:840,0
DA:841,0
DA:846,0
DA:847,0
DA:848,0
DA:851,0
DA:885,0
DA:892,0
DA:893,0
DA:902,0
DA:903,0
DA:904,0
DA:905,0
DA:910,0
DA:912,0
DA:915,0
DA:916,0
DA:917,0
DA:922,0
DA:923,0
DA:924,0
DA:929,0
DA:932,0
DA:948,0
DA:961,0
DA:962,0
DA:971,0
DA:972,0
DA:973,0
DA:976,0
DA:978,0
DA:985,0
DA:986,0
DA:995,0
DA:996,0
DA:997,0
DA:999,0
DA:1002,0
DA:1003,0
DA:1015,0
DA:1017,0
DA:1023,0
DA:1024,0
DA:1033,0
DA:1034,0
DA:1035,0
DA:1036,0
DA:1039,0
DA:1041,0
DA:1042,0
DA:1047,0
DA:1052,0
DA:1053,0
DA:1062,0
DA:1063,0
DA:1064,0
DA:1065,0
DA:1068,0
DA:1070,0
DA:1071,0
DA:1079,0
DA:1081,0
DA:1082,0
DA:1091,0
DA:1092,0
DA:1100,0
DA:1102,0
DA:1106,0
DA:1107,0
DA:1117,0
DA:1118,0
DA:1120,0
DA:1129,0
DA:1135,0
DA:1143,0
DA:1154,0
DA:1155,0
DA:1165,0
DA:1166,0
DA:1168,0
DA:1170,0
DA:1171,0
DA:1172,0
DA:1173,0
DA:1174,0
DA:1178,0
DA:1179,0
DA:1180,0
DA:1181,0
DA:1185,0
DA:1186,0
DA:1189,0
DA:1191,0
DA:1195,0
DA:1196,0
DA:1197,0
DA:1200,0
DA:1215,0
DA:1216,0
DA:1217,0
DA:1219,0
DA:1222,0
DA:1249,0
DA:1278,0
DA:1285,0
DA:1297,0
DA:1298,0
DA:1307,0
LF:324
LH:0
BRDA:26,0,0,0
BRDA:26,0,1,0
BRDA:26,1,0,0
BRDA:26,1,1,0
BRDA:76,2,0,0
BRDA:76,2,1,0
BRDA:86,3,0,0
BRDA:86,3,1,0
BRDA:92,4,0,0
BRDA:92,4,1,0
BRDA:101,5,0,0
BRDA:101,5,1,0
BRDA:118,6,0,0
BRDA:118,6,1,0
BRDA:119,7,0,0
BRDA:119,7,1,0
BRDA:120,8,0,0
BRDA:120,8,1,0
BRDA:121,9,0,0
BRDA:121,9,1,0
BRDA:122,10,0,0
BRDA:122,10,1,0
BRDA:125,11,0,0
BRDA:125,11,1,0
BRDA:127,12,0,0
BRDA:127,12,1,0
BRDA:128,13,0,0
BRDA:128,13,1,0
BRDA:129,14,0,0
BRDA:129,14,1,0
BRDA:130,15,0,0
BRDA:130,15,1,0
BRDA:131,16,0,0
BRDA:131,16,1,0
BRDA:160,17,0,0
BRDA:160,17,1,0
BRDA:161,18,0,0
BRDA:161,18,1,0
BRDA:162,19,0,0
BRDA:162,19,1,0
BRDA:163,20,0,0
BRDA:163,20,1,0
BRDA:219,21,0,0
BRDA:219,22,0,0
BRDA:219,23,0,0
BRDA:220,24,0,0
BRDA:220,24,1,0
BRDA:227,25,0,0
BRDA:227,25,1,0
BRDA:232,26,0,0
BRDA:232,26,1,0
BRDA:244,27,0,0
BRDA:244,27,1,0
BRDA:245,28,0,0
BRDA:245,28,1,0
BRDA:274,29,0,0
BRDA:274,30,0,0
BRDA:275,31,0,0
BRDA:275,31,1,0
BRDA:279,32,0,0
BRDA:279,32,1,0
BRDA:279,33,0,0
BRDA:279,33,1,0
BRDA:288,34,0,0
BRDA:288,34,1,0
BRDA:305,35,0,0
BRDA:305,35,1,0
BRDA:316,36,0,0
BRDA:316,36,1,0
BRDA:319,37,0,0
BRDA:319,37,1,0
BRDA:319,38,0,0
BRDA:319,38,1,0
BRDA:321,39,0,0
BRDA:321,39,1,0
BRDA:321,40,0,0
BRDA:321,40,1,0
BRDA:330,41,0,0
BRDA:330,41,1,0
BRDA:339,42,0,0
BRDA:339,42,1,0
BRDA:354,43,0,0
BRDA:354,43,1,0
BRDA:377,44,0,0
BRDA:377,44,1,0
BRDA:385,45,0,0
BRDA:385,45,1,0
BRDA:394,46,0,0
BRDA:394,46,1,0
BRDA:395,47,0,0
BRDA:395,47,1,0
BRDA:397,48,0,0
BRDA:397,48,1,0
BRDA:401,49,0,0
BRDA:401,49,1,0
BRDA:405,50,0,0
BRDA:405,50,1,0
BRDA:407,51,0,0
BRDA:407,51,1,0
BRDA:468,52,0,0
BRDA:469,53,0,0
BRDA:475,54,0,0
BRDA:475,54,1,0
BRDA:481,55,0,0
BRDA:481,55,1,0
BRDA:481,56,0,0
BRDA:481,56,1,0
BRDA:487,57,0,0
BRDA:487,57,1,0
BRDA:534,58,0,0
BRDA:534,58,1,0
BRDA:580,59,0,0
BRDA:580,59,1,0
BRDA:595,60,0,0
BRDA:595,60,1,0
BRDA:615,61,0,0
BRDA:615,61,1,0
BRDA:615,62,0,0
BRDA:615,62,1,0
BRDA:625,63,0,0
BRDA:625,63,1,0
BRDA:653,64,0,0
BRDA:653,64,1,0
BRDA:653,65,0,0
BRDA:653,65,1,0
BRDA:653,65,2,0
BRDA:666,66,0,0
BRDA:666,67,0,0
BRDA:678,68,0,0
BRDA:678,68,1,0
BRDA:678,69,0,0
BRDA:678,69,1,0
BRDA:678,69,2,0
BRDA:817,70,0,0
BRDA:817,70,1,0
BRDA:904,71,0,0
BRDA:906,72,0,0
BRDA:906,72,1,0
BRDA:915,73,0,0
BRDA:915,73,1,0
BRDA:917,74,0,0
BRDA:917,74,1,0
BRDA:922,75,0,0
BRDA:922,75,1,0
BRDA:935,76,0,0
BRDA:935,76,1,0
BRDA:936,77,0,0
BRDA:936,77,1,0
BRDA:937,78,0,0
BRDA:937,78,1,0
BRDA:938,79,0,0
BRDA:938,79,1,0
BRDA:939,80,0,0
BRDA:939,80,1,0
BRDA:940,81,0,0
BRDA:940,81,1,0
BRDA:941,82,0,0
BRDA:941,82,1,0
BRDA:944,83,0,0
BRDA:944,83,1,0
BRDA:944,83,2,0
BRDA:945,84,0,0
BRDA:945,84,1,0
BRDA:954,85,0,0
BRDA:954,85,1,0
BRDA:955,86,0,0
BRDA:955,86,1,0
BRDA:1005,87,0,0
BRDA:1005,87,1,0
BRDA:1006,88,0,0
BRDA:1006,88,1,0
BRDA:1007,89,0,0
BRDA:1007,89,1,0
BRDA:1008,90,0,0
BRDA:1008,90,1,0
BRDA:1009,91,0,0
BRDA:1009,91,1,0
BRDA:1041,92,0,0
BRDA:1041,92,1,0
BRDA:1070,93,0,0
BRDA:1070,93,1,0
BRDA:1095,94,0,0
BRDA:1096,95,0,0
BRDA:1097,96,0,0
BRDA:1098,97,0,0
BRDA:1099,98,0,0
BRDA:1106,99,0,0
BRDA:1106,99,1,0
BRDA:1191,100,0,0
BRDA:1191,100,1,0
BRDA:1195,101,0,0
BRDA:1195,101,1,0
BRDA:1216,102,0,0
BRDA:1216,102,1,0
BRDA:1231,103,0,0
BRDA:1231,103,1,0
BRDA:1232,104,0,0
BRDA:1232,104,1,0
BRDA:1235,105,0,0
BRDA:1235,105,1,0
BRDA:1258,106,0,0
BRDA:1258,106,1,0
BRF:202
BRH:0
end_of_record
TN:
SF:routes/calendar.js
FN:8,(anonymous_0)
FN:19,(anonymous_1)
FN:29,(anonymous_2)
FN:117,(anonymous_3)
FN:149,(anonymous_4)
FN:193,(anonymous_5)
FN:219,(anonymous_6)
FN:230,(anonymous_7)
FN:239,(anonymous_8)
FN:253,(anonymous_9)
FN:264,(anonymous_10)
FN:267,(anonymous_11)
FN:269,(anonymous_12)
FN:300,(anonymous_13)
FN:358,(anonymous_14)
FN:397,(anonymous_15)
FN:525,(anonymous_16)
FN:559,(anonymous_17)
FN:619,(anonymous_18)
FN:627,(anonymous_19)
FN:669,(anonymous_20)
FN:727,(anonymous_21)
FN:735,(anonymous_22)
FN:780,(anonymous_23)
FN:855,(anonymous_24)
FN:863,(anonymous_25)
FN:909,(anonymous_26)
FN:924,(anonymous_27)
FN:1042,(anonymous_28)
FN:1058,(anonymous_29)
FN:1112,(anonymous_30)
FN:1126,(anonymous_31)
FN:1130,(anonymous_32)
FN:1133,(anonymous_33)
FN:1137,(anonymous_34)
FN:1179,(anonymous_35)
FN:1217,(anonymous_36)
FN:1400,(anonymous_37)
FN:1410,(anonymous_38)
FN:1420,(anonymous_39)
FN:1513,(anonymous_40)
FN:1514,(anonymous_41)
FN:1515,(anonymous_42)
FN:1517,(anonymous_43)
FN:1521,(anonymous_44)
FN:1523,(anonymous_45)
FN:1531,(anonymous_46)
FN:1591,(anonymous_47)
FN:1606,(anonymous_48)
FN:1730,(anonymous_49)
FN:1735,(anonymous_50)
FN:1777,(anonymous_51)
FN:1804,(anonymous_52)
FN:1805,(anonymous_53)
FN:1806,(anonymous_54)
FN:1808,(anonymous_55)
FNF:56
FNH:0
FNDA:0,(anonymous_0)
FNDA:0,(anonymous_1)
FNDA:0,(anonymous_2)
FNDA:0,(anonymous_3)
FNDA:0,(anonymous_4)
FNDA:0,(anonymous_5)
FNDA:0,(anonymous_6)
FNDA:0,(anonymous_7)
FNDA:0,(anonymous_8)
FNDA:0,(anonymous_9)
FNDA:0,(anonymous_10)
FNDA:0,(anonymous_11)
FNDA:0,(anonymous_12)
FNDA:0,(anonymous_13)
FNDA:0,(anonymous_14)
FNDA:0,(anonymous_15)
FNDA:0,(anonymous_16)
FNDA:0,(anonymous_17)
FNDA:0,(anonymous_18)
FNDA:0,(anonymous_19)
FNDA:0,(anonymous_20)
FNDA:0,(anonymous_21)
FNDA:0,(anonymous_22)
FNDA:0,(anonymous_23)
FNDA:0,(anonymous_24)
FNDA:0,(anonymous_25)
FNDA:0,(anonymous_26)
FNDA:0,(anonymous_27)
FNDA:0,(anonymous_28)
FNDA:0,(anonymous_29)
FNDA:0,(anonymous_30)
FNDA:0,(anonymous_31)
FNDA:0,(anonymous_32)
FNDA:0,(anonymous_33)
FNDA:0,(anonymous_34)
FNDA:0,(anonymous_35)
FNDA:0,(anonymous_36)
FNDA:0,(anonymous_37)
FNDA:0,(anonymous_38)
FNDA:0,(anonymous_39)
FNDA:0,(anonymous_40)
FNDA:0,(anonymous_41)
FNDA:0,(anonymous_42)
FNDA:0,(anonymous_43)
FNDA:0,(anonymous_44)
FNDA:0,(anonymous_45)
FNDA:0,(anonymous_46)
FNDA:0,(anonymous_47)
FNDA:0,(anonymous_48)
FNDA:0,(anonymous_49)
FNDA:0,(anonymous_50)
FNDA:0,(anonymous_51)
FNDA:0,(anonymous_52)
FNDA:0,(anonymous_53)
FNDA:0,(anonymous_54)
FNDA:0,(anonymous_55)
DA:1,0
DA:3,0
DA:5,0
DA:8,0
DA:9,0
DA:19,0
DA:20,0
DA:29,0
DA:30,0
DA:37,0
DA:40,0
DA:41,0
DA:43,0
DA:48,0
DA:55,0
DA:56,0
DA:64,0
DA:65,0
DA:72,0
DA:73,0
DA:80,0
DA:84,0
DA:85,0
DA:86,0
DA:89,0
DA:90,0
DA:91,0
DA:92,0
DA:96,0
DA:97,0
DA:98,0
DA:99,0
DA:102,0
DA:105,0
DA:106,0
DA:110,0
DA:111,0
DA:117,0
DA:118,0
DA:120,0
DA:124,0
DA:130,0
DA:131,0
DA:149,0
DA:150,0
DA:151,0
DA:152,0
DA:156,0
DA:163,0
DA:165,0
DA:174,0
DA:175,0
DA:193,0
DA:218,0
DA:219,0
DA:220,0
DA:221,0
DA:229,0
DA:230,0
DA:231,0
DA:239,0
DA:240,0
DA:241,0
DA:242,0
DA:243,0
DA:248,0
DA:253,0
DA:254,0
DA:255,0
DA:256,0
DA:258,0
DA:259,0
DA:263,0
DA:264,0
DA:266,0
DA:267,0
DA:269,0
DA:271,0
DA:290,0
DA:291,0
DA:300,0
DA:301,0
DA:302,0
DA:305,0
DA:313,0
DA:314,0
DA:316,0
DA:318,0
DA:319,0
DA:320,0
DA:323,0
DA:331,0
DA:332,0
DA:334,0
DA:343,0
DA:350,0
DA:351,0
DA:358,0
DA:359,0
DA:360,0
DA:362,0
DA:376,0
DA:378,0
DA:379,0
DA:382,0
DA:390,0
DA:391,0
DA:397,0
DA:398,0
DA:399,0
DA:401,0
DA:402,0
DA:403,0
DA:404,0
DA:406,0
DA:407,0
DA:408,0
DA:410,0
DA:411,0
DA:413,0
DA:414,0
DA:416,0
DA:417,0
DA:420,0
DA:421,0
DA:424,0
DA:426,0
DA:444,0
DA:449,0
DA:451,0
DA:457,0
DA:463,0
DA:466,0
DA:481,0
DA:488,0
DA:489,0
DA:492,0
DA:493,0
DA:499,0
DA:516,0
DA:517,0
DA:518,0
DA:525,0
DA:526,0
DA:527,0
DA:537,0
DA:539,0
DA:540,0
DA:546,0
DA:551,0
DA:552,0
DA:559,0
DA:560,0
DA:561,0
DA:562,0
DA:563,0
DA:565,0
DA:585,0
DA:591,0
DA:608,0
DA:614,0
DA:615,0
DA:618,0
DA:619,0
DA:620,0
DA:621,0
DA:622,0
DA:626,0
DA:627,0
DA:628,0
DA:637,0
DA:642,0
DA:648,0
DA:661,0
DA:662,0
DA:669,0
DA:670,0
DA:671,0
DA:672,0
DA:673,0
DA:675,0
DA:694,0
DA:700,0
DA:716,0
DA:722,0
DA:723,0
DA:726,0
DA:727,0
DA:728,0
DA:729,0
DA:730,0
DA:734,0
DA:735,0
DA:736,0
DA:748,0
DA:753,0
DA:759,0
DA:772,0
DA:773,0
DA:780,0
DA:781,0
DA:782,0
DA:783,0
DA:784,0
DA:787,0
DA:817,0
DA:823,0
DA:844,0
DA:850,0
DA:851,0
DA:854,0
DA:855,0
DA:856,0
DA:857,0
DA:858,0
DA:862,0
DA:863,0
DA:864,0
DA:876,0
DA:890,0
DA:891,0
DA:909,0
DA:910,0
DA:917,0
DA:919,0
DA:924,0
DA:925,0
DA:926,0
DA:927,0
DA:931,0
DA:1039,0
DA:1040,0
DA:1041,0
DA:1042,0
DA:1044,0
DA:1046,0
DA:1058,0
DA:1060,0
DA:1061,0
DA:1065,0
DA:1067,0
DA:1070,0
DA:1073,0
DA:1075,0
DA:1077,0
DA:1078,0
DA:1081,0
DA:1085,0
DA:1111,0
DA:1112,0
DA:1116,0
DA:1123,0
DA:1125,0
DA:1126,0
DA:1129,0
DA:1130,0
DA:1133,0
DA:1137,0
DA:1138,0
DA:1139,0
DA:1142,0
DA:1169,0
DA:1170,0
DA:1179,0
DA:1180,0
DA:1186,0
DA:1188,0
DA:1193,0
DA:1194,0
DA:1196,0
DA:1201,0
DA:1208,0
DA:1209,0
DA:1217,0
DA:1223,0
DA:1224,0
DA:1227,0
DA:1387,0
DA:1390,0
DA:1391,0
DA:1392,0
DA:1395,0
DA:1396,0
DA:1400,0
DA:1402,0
DA:1403,0
DA:1404,0
DA:1405,0
DA:1407,0
DA:1410,0
DA:1412,0
DA:1416,0
DA:1420,0
DA:1421,0
DA:1423,0
DA:1425,0
DA:1427,0
DA:1429,0
DA:1431,0
DA:1433,0
DA:1435,0
DA:1437,0
DA:1439,0
DA:1443,0
DA:1444,0
DA:1445,0
DA:1447,0
DA:1486,0
DA:1487,0
DA:1491,0
DA:1494,0
DA:1502,0
DA:1513,0
DA:1514,0
DA:1515,0
DA:1518,0
DA:1519,0
DA:1521,0
DA:1524,0
DA:1525,0
DA:1526,0
DA:1527,0
DA:1532,0
DA:1533,0
DA:1534,0
DA:1535,0
DA:1539,0
DA:1580,0
DA:1581,0
DA:1591,0
DA:1592,0
DA:1599,0
DA:1601,0
DA:1606,0
DA:1613,0
DA:1614,0
DA:1616,0
DA:1724,0
DA:1727,0
DA:1728,0
DA:1729,0
DA:1730,0
DA:1733,0
DA:1734,0
DA:1735,0
DA:1740,0
DA:1741,0
DA:1744,0
DA:1746,0
DA:1750,0
DA:1754,0
DA:1756,0
DA:1777,0
DA:1780,0
DA:1788,0
DA:1804,0
DA:1805,0
DA:1806,0
DA:1809,0
DA:1810,0
DA:1816,0
DA:1817,0
DA:1831,0
LF:363
LH:0
BRDA:35,0,0,0
BRDA:36,1,0,0
BRDA:43,2,0,0
BRDA:43,2,1,0
BRDA:44,3,0,0
BRDA:44,3,1,0
BRDA:44,3,2,0
BRDA:55,4,0,0
BRDA:55,4,1,0
BRDA:55,5,0,0
BRDA:55,5,1,0
BRDA:55,5,2,0
BRDA:64,6,0,0
BRDA:64,6,1,0
BRDA:64,7,0,0
BRDA:64,7,1,0
BRDA:72,8,0,0
BRDA:72,8,1,0
BRDA:72,9,0,0
BRDA:72,9,1,0
BRDA:81,10,0,0
BRDA:81,10,1,0
BRDA:89,11,0,0
BRDA:89,11,1,0
BRDA:96,12,0,0
BRDA:96,12,1,0
BRDA:96,13,0,0
BRDA:96,13,1,0
BRDA:150,14,0,0
BRDA:150,14,1,0
BRDA:152,15,0,0
BRDA:152,15,1,0
BRDA:153,16,0,0
BRDA:153,16,1,0
BRDA:157,17,0,0
BRDA:157,17,1,0
BRDA:174,18,0,0
BRDA:174,18,1,0
BRDA:199,19,0,0
BRDA:199,19,1,0
BRDA:200,20,0,0
BRDA:200,20,1,0
BRDA:201,21,0,0
BRDA:201,21,1,0
BRDA:201,22,0,0
BRDA:201,22,1,0
BRDA:202,23,0,0
BRDA:202,23,1,0
BRDA:205,24,0,0
BRDA:205,24,1,0
BRDA:206,25,0,0
BRDA:206,25,1,0
BRDA:209,26,0,0
BRDA:209,26,1,0
BRDA:210,27,0,0
BRDA:210,27,1,0
BRDA:220,28,0,0
BRDA:220,28,1,0
BRDA:240,29,0,0
BRDA:240,29,1,0
BRDA:255,30,0,0
BRDA:255,30,1,0
BRDA:282,31,0,0
BRDA:282,31,1,0
BRDA:283,32,0,0
BRDA:283,32,1,0
BRDA:316,33,0,0
BRDA:316,33,1,0
BRDA:378,34,0,0
BRDA:378,34,1,0
BRDA:378,35,0,0
BRDA:378,35,1,0
BRDA:378,35,2,0
BRDA:401,36,0,0
BRDA:401,36,1,0
BRDA:402,37,0,0
BRDA:402,37,1,0
BRDA:404,38,0,0
BRDA:404,38,1,0
BRDA:408,39,0,0
BRDA:408,39,1,0
BRDA:408,39,2,0
BRDA:408,39,3,0
BRDA:408,39,4,0
BRDA:457,40,0,0
BRDA:457,40,1,0
BRDA:458,41,0,0
BRDA:458,41,1,0
BRDA:458,41,2,0
BRDA:458,41,3,0
BRDA:492,42,0,0
BRDA:492,42,1,0
BRDA:492,43,0,0
BRDA:492,43,1,0
BRDA:539,44,0,0
BRDA:539,44,1,0
BRDA:539,45,0,0
BRDA:539,45,1,0
BRDA:539,45,2,0
BRDA:561,46,0,0
BRDA:561,46,1,0
BRDA:562,47,0,0
BRDA:562,47,1,0
BRDA:620,48,0,0
BRDA:620,48,1,0
BRDA:637,49,0,0
BRDA:637,49,1,0
BRDA:638,50,0,0
BRDA:638,50,1,0
BRDA:638,50,2,0
BRDA:671,51,0,0
BRDA:671,51,1,0
BRDA:672,52,0,0
BRDA:672,52,1,0
BRDA:728,53,0,0
BRDA:728,53,1,0
BRDA:748,54,0,0
BRDA:748,54,1,0
BRDA:749,55,0,0
BRDA:749,55,1,0
BRDA:749,55,2,0
BRDA:782,56,0,0
BRDA:782,56,1,0
BRDA:783,57,0,0
BRDA:783,57,1,0
BRDA:856,58,0,0
BRDA:856,58,1,0
BRDA:915,59,0,0
BRDA:916,60,0,0
BRDA:920,61,0,0
BRDA:920,61,1,0
BRDA:1040,62,0,0
BRDA:1040,62,1,0
BRDA:1044,63,0,0
BRDA:1044,63,1,0
BRDA:1065,64,0,0
BRDA:1065,64,1,0
BRDA:1070,65,0,0
BRDA:1070,65,1,0
BRDA:1125,66,0,0
BRDA:1125,66,1,0
BRDA:1138,67,0,0
BRDA:1138,67,1,0
BRDA:1162,68,0,0
BRDA:1162,68,1,0
BRDA:1182,69,0,0
BRDA:1183,70,0,0
BRDA:1184,71,0,0
BRDA:1185,72,0,0
BRDA:1196,73,0,0
BRDA:1196,73,1,0
BRDA:1197,74,0,0
BRDA:1197,74,1,0
BRDA:1197,74,2,0
BRDA:1208,75,0,0
BRDA:1208,75,1,0
BRDA:1208,76,0,0
BRDA:1208,76,1,0
BRDA:1208,76,2,0
BRDA:1387,77,0,0
BRDA:1387,77,1,0
BRDA:1395,78,0,0
BRDA:1395,78,1,0
BRDA:1395,79,0,0
BRDA:1395,79,1,0
BRDA:1403,80,0,0
BRDA:1403,80,1,0
BRDA:1404,81,0,0
BRDA:1404,81,1,0
BRDA:1405,82,0,0
BRDA:1405,82,1,0
BRDA:1412,83,0,0
BRDA:1412,83,1,0
BRDA:1413,84,0,0
BRDA:1413,84,1,0
BRDA:1421,85,0,0
BRDA:1421,85,1,0
BRDA:1421,85,2,0
BRDA:1421,85,3,0
BRDA:1421,85,4,0
BRDA:1421,85,5,0
BRDA:1421,85,6,0
BRDA:1421,85,7,0
BRDA:1421,85,8,0
BRDA:1462,86,0,0
BRDA:1462,86,1,0
BRDA:1464,87,0,0
BRDA:1464,87,1,0
BRDA:1466,88,0,0
BRDA:1466,88,1,0
BRDA:1466,89,0,0
BRDA:1466,89,1,0
BRDA:1471,90,0,0
BRDA:1471,90,1,0
BRDA:1473,91,0,0
BRDA:1473,91,1,0
BRDA:1478,92,0,0
BRDA:1478,92,1,0
BRDA:1480,93,0,0
BRDA:1480,93,1,0
BRDA:1486,94,0,0
BRDA:1486,94,1,0
BRDA:1518,95,0,0
BRDA:1518,95,1,0
BRDA:1528,96,0,0
BRDA:1528,96,1,0
BRDA:1535,97,0,0
BRDA:1535,97,1,0
BRDA:1571,98,0,0
BRDA:1571,98,1,0
BRDA:1573,99,0,0
BRDA:1573,99,1,0
BRDA:1594,100,0,0
BRDA:1595,101,0,0
BRDA:1596,102,0,0
BRDA:1597,103,0,0
BRDA:1598,104,0,0
BRDA:1724,105,0,0
BRDA:1724,105,1,0
BRDA:1728,106,0,0
BRDA:1728,106,1,0
BRDA:1733,107,0,0
BRDA:1733,107,1,0
BRDA:1741,108,0,0
BRDA:1741,108,1,0
BRDA:1744,109,0,0
BRDA:1744,109,1,0
BRDA:1754,110,0,0
BRDA:1754,110,1,0
BRDA:1809,111,0,0
BRDA:1809,111,1,0
BRF:231
BRH:0
end_of_record
TN:
SF:routes/commodities.js
FN:7,(anonymous_0)
FN:17,(anonymous_1)
FN:37,(anonymous_2)
FN:133,(anonymous_3)
FN:215,(anonymous_4)
FN:220,(anonymous_5)
FN:247,(anonymous_6)
FN:297,(anonymous_7)
FN:377,(anonymous_8)
FN:456,(anonymous_9)
FN:490,(anonymous_10)
FN:494,(anonymous_11)
FN:500,(anonymous_12)
FN:501,(anonymous_13)
FN:536,(anonymous_14)
FN:618,(anonymous_15)
FN:642,(anonymous_16)
FN:644,(anonymous_17)
FN:652,(anonymous_18)
FN:654,(anonymous_19)
FN:715,(anonymous_20)
FNF:21
FNH:0
FNDA:0,(anonymous_0)
FNDA:0,(anonymous_1)
FNDA:0,(anonymous_2)
FNDA:0,(anonymous_3)
FNDA:0,(anonymous_4)
FNDA:0,(anonymous_5)
FNDA:0,(anonymous_6)
FNDA:0,(anonymous_7)
FNDA:0,(anonymous_8)
FNDA:0,(anonymous_9)
FNDA:0,(anonymous_10)
FNDA:0,(anonymous_11)
FNDA:0,(anonymous_12)
FNDA:0,(anonymous_13)
FNDA:0,(anonymous_14)
FNDA:0,(anonymous_15)
FNDA:0,(anonymous_16)
FNDA:0,(anonymous_17)
FNDA:0,(anonymous_18)
FNDA:0,(anonymous_19)
FNDA:0,(anonymous_20)
DA:1,0
DA:3,0
DA:4,0
DA:7,0
DA:8,0
DA:17,0
DA:18,0
DA:37,0
DA:38,0
DA:39,0
DA:112,0
DA:123,0
DA:124,0
DA:133,0
DA:134,0
DA:135,0
DA:136,0
DA:138,0
DA:214,0
DA:215,0
DA:219,0
DA:220,0
DA:223,0
DA:237,0
DA:238,0
DA:247,0
DA:248,0
DA:249,0
DA:281,0
DA:287,0
DA:288,0
DA:297,0
DA:298,0
DA:299,0
DA:336,0
DA:362,0
DA:367,0
DA:368,0
DA:377,0
DA:378,0
DA:379,0
DA:380,0
DA:385,0
DA:388,0
DA:389,0
DA:390,0
DA:392,0
DA:393,0
DA:394,0
DA:395,0
DA:398,0
DA:399,0
DA:400,0
DA:401,0
DA:404,0
DA:433,0
DA:435,0
DA:436,0
DA:456,0
DA:489,0
DA:490,0
DA:493,0
DA:494,0
DA:497,0
DA:500,0
DA:501,0
DA:505,0
DA:519,0
DA:526,0
DA:527,0
DA:536,0
DA:537,0
DA:538,0
DA:539,0
DA:544,0
DA:547,0
DA:554,0
DA:556,0
DA:558,0
DA:573,0
DA:574,0
DA:577,0
DA:591,0
DA:595,0
DA:597,0
DA:618,0
DA:619,0
DA:621,0
DA:627,0
DA:640,0
DA:641,0
DA:642,0
DA:644,0
DA:651,0
DA:652,0
DA:654,0
DA:661,0
DA:674,0
DA:686,0
DA:687,0
DA:705,0
DA:706,0
DA:715,0
DA:716,0
DA:717,0
DA:718,0
DA:721,0
DA:738,0
DA:741,0
DA:742,0
DA:743,0
DA:746,0
DA:747,0
DA:757,0
DA:758,0
DA:760,0
DA:762,0
DA:763,0
DA:770,0
DA:781,0
DA:782,0
DA:790,0
LF:122
LH:0
BRDA:214,0,0,0
BRDA:214,0,1,0
BRDA:219,1,0,0
BRDA:219,1,1,0
BRDA:227,2,0,0
BRDA:227,2,1,0
BRDA:228,3,0,0
BRDA:228,3,1,0
BRDA:379,4,0,0
BRDA:379,5,0,0
BRDA:379,6,0,0
BRDA:392,7,0,0
BRDA:392,7,1,0
BRDA:398,8,0,0
BRDA:398,8,1,0
BRDA:435,9,0,0
BRDA:435,9,1,0
BRDA:435,10,0,0
BRDA:435,10,1,0
BRDA:435,10,2,0
BRDA:465,11,0,0
BRDA:465,11,1,0
BRDA:466,12,0,0
BRDA:466,12,1,0
BRDA:467,13,0,0
BRDA:467,13,1,0
BRDA:468,14,0,0
BRDA:468,14,1,0
BRDA:469,15,0,0
BRDA:469,15,1,0
BRDA:470,16,0,0
BRDA:470,16,1,0
BRDA:471,17,0,0
BRDA:471,17,1,0
BRDA:472,18,0,0
BRDA:472,18,1,0
BRDA:473,19,0,0
BRDA:473,19,1,0
BRDA:477,20,0,0
BRDA:477,20,1,0
BRDA:478,21,0,0
BRDA:478,21,1,0
BRDA:479,22,0,0
BRDA:479,22,1,0
BRDA:481,23,0,0
BRDA:481,23,1,0
BRDA:482,24,0,0
BRDA:482,24,1,0
BRDA:510,25,0,0
BRDA:510,25,1,0
BRDA:515,26,0,0
BRDA:515,26,1,0
BRDA:538,27,0,0
BRDA:538,28,0,0
BRDA:554,29,0,0
BRDA:554,29,1,0
BRDA:568,30,0,0
BRDA:568,30,1,0
BRDA:573,31,0,0
BRDA:573,31,1,0
BRDA:595,32,0,0
BRDA:595,32,1,0
BRDA:595,33,0,0
BRDA:595,33,1,0
BRDA:621,34,0,0
BRDA:621,34,1,0
BRDA:623,35,0,0
BRDA:623,35,1,0
BRDA:630,36,0,0
BRDA:630,36,1,0
BRDA:631,37,0,0
BRDA:631,37,1,0
BRDA:632,38,0,0
BRDA:632,38,1,0
BRDA:633,39,0,0
BRDA:633,39,1,0
BRDA:634,40,0,0
BRDA:634,40,1,0
BRDA:640,41,0,0
BRDA:640,41,1,0
BRDA:640,42,0,0
BRDA:640,42,1,0
BRDA:642,43,0,0
BRDA:642,43,1,0
BRDA:646,44,0,0
BRDA:646,44,1,0
BRDA:647,45,0,0
BRDA:647,45,1,0
BRDA:648,46,0,0
BRDA:648,46,1,0
BRDA:652,47,0,0
BRDA:652,47,1,0
BRDA:656,48,0,0
BRDA:656,48,1,0
BRDA:657,49,0,0
BRDA:657,49,1,0
BRDA:658,50,0,0
BRDA:658,50,1,0
BRDA:680,51,0,0
BRDA:680,51,1,0
BRDA:717,52,0,0
BRDA:718,53,0,0
BRDA:718,53,1,0
BRDA:741,54,0,0
BRDA:741,54,1,0
BRDA:762,55,0,0
BRDA:762,55,1,0
BRDA:762,56,0,0
BRDA:762,56,1,0
BRF:109
BRH:0
end_of_record
TN:
SF:routes/dashboard.js
FN:9,(anonymous_0)
FN:20,(anonymous_1)
FN:46,(anonymous_2)
FN:265,(anonymous_3)
FN:266,(anonymous_4)
FN:268,(anonymous_5)
FN:357,(anonymous_6)
FN:410,(anonymous_7)
FN:478,(anonymous_8)
FN:547,(anonymous_9)
FN:589,(anonymous_10)
FN:657,(anonymous_11)
FN:686,(anonymous_12)
FN:848,(anonymous_13)
FN:984,(anonymous_14)
FN:992,(anonymous_15)
FN:993,(anonymous_16)
FN:1004,(anonymous_17)
FN:1009,(anonymous_18)
FN:1015,(anonymous_19)
FN:1047,(anonymous_20)
FN:1138,(anonymous_21)
FN:1206,(anonymous_22)
FN:1233,(anonymous_23)
FN:1306,getIndexName
FN:1315,calculateMarketSentiment
FN:1319,(anonymous_26)
FN:1328,generateDashboardInsights
FN:1380,(anonymous_28)
FN:1410,(anonymous_29)
FNF:30
FNH:0
FNDA:0,(anonymous_0)
FNDA:0,(anonymous_1)
FNDA:0,(anonymous_2)
FNDA:0,(anonymous_3)
FNDA:0,(anonymous_4)
FNDA:0,(anonymous_5)
FNDA:0,(anonymous_6)
FNDA:0,(anonymous_7)
FNDA:0,(anonymous_8)
FNDA:0,(anonymous_9)
FNDA:0,(anonymous_10)
FNDA:0,(anonymous_11)
FNDA:0,(anonymous_12)
FNDA:0,(anonymous_13)
FNDA:0,(anonymous_14)
FNDA:0,(anonymous_15)
FNDA:0,(anonymous_16)
FNDA:0,(anonymous_17)
FNDA:0,(anonymous_18)
FNDA:0,(anonymous_19)
FNDA:0,(anonymous_20)
FNDA:0,(anonymous_21)
FNDA:0,(anonymous_22)
FNDA:0,(anonymous_23)
FNDA:0,getIndexName
FNDA:0,calculateMarketSentiment
FNDA:0,(anonymous_26)
FNDA:0,generateDashboardInsights
FNDA:0,(anonymous_28)
FNDA:0,(anonymous_29)
DA:1,0
DA:3,0
DA:4,0
DA:6,0
DA:9,0
DA:10,0
DA:20,0
DA:21,0
DA:46,0
DA:47,0
DA:48,0
DA:51,0
DA:78,0
DA:102,0
DA:126,0
DA:151,0
DA:167,0
DA:178,0
DA:198,0
DA:217,0
DA:228,0
DA:240,0
DA:250,0
DA:253,0
DA:260,0
DA:265,0
DA:266,0
DA:267,0
DA:268,0
DA:269,0
DA:270,0
DA:273,0
DA:277,0
DA:330,0
DA:331,0
DA:337,0
DA:343,0
DA:344,0
DA:357,0
DA:358,0
DA:359,0
DA:360,0
DA:362,0
DA:363,0
DA:370,0
DA:388,0
DA:399,0
DA:400,0
DA:405,0
DA:410,0
DA:421,0
DA:435,0
DA:440,0
DA:446,0
DA:451,0
DA:455,0
DA:465,0
DA:466,0
DA:478,0
DA:479,0
DA:480,0
DA:481,0
DA:483,0
DA:484,0
DA:487,0
DA:501,0
DA:512,0
DA:513,0
DA:518,0
DA:522,0
DA:527,0
DA:534,0
DA:539,0
DA:547,0
DA:557,0
DA:566,0
DA:576,0
DA:577,0
DA:589,0
DA:590,0
DA:591,0
DA:592,0
DA:594,0
DA:595,0
DA:598,0
DA:616,0
DA:626,0
DA:627,0
DA:632,0
DA:636,0
DA:637,0
DA:644,0
DA:649,0
DA:656,0
DA:657,0
DA:663,0
DA:673,0
DA:674,0
DA:686,0
DA:687,0
DA:688,0
DA:691,0
DA:692,0
DA:693,0
DA:707,0
DA:709,0
DA:710,0
DA:720,0
DA:739,0
DA:774,0
DA:775,0
DA:780,0
DA:785,0
DA:786,0
DA:803,0
DA:804,0
DA:821,0
DA:822,0
DA:823,0
DA:825,0
DA:835,0
DA:836,0
DA:848,0
DA:849,0
DA:850,0
DA:853,0
DA:873,0
DA:912,0
DA:933,0
DA:934,0
DA:940,0
DA:945,0
DA:966,0
DA:967,0
DA:974,0
DA:975,0
DA:983,0
DA:984,0
DA:985,0
DA:992,0
DA:993,0
DA:995,0
DA:1004,0
DA:1009,0
DA:1015,0
DA:1028,0
DA:1034,0
DA:1035,0
DA:1047,0
DA:1048,0
DA:1049,0
DA:1051,0
DA:1058,0
DA:1059,0
DA:1060,0
DA:1062,0
DA:1066,0
DA:1078,0
DA:1079,0
DA:1080,0
DA:1083,0
DA:1085,0
DA:1090,0
DA:1091,0
DA:1098,0
DA:1100,0
DA:1103,0
DA:1105,0
DA:1110,0
DA:1112,0
DA:1117,0
DA:1123,0
DA:1128,0
DA:1129,0
DA:1138,0
DA:1139,0
DA:1144,0
DA:1146,0
DA:1151,0
DA:1157,0
DA:1160,0
DA:1170,0
DA:1182,0
DA:1189,0
DA:1190,0
DA:1191,0
DA:1205,0
DA:1206,0
DA:1218,0
DA:1219,0
DA:1221,0
DA:1232,0
DA:1233,0
DA:1247,0
DA:1248,0
DA:1249,0
DA:1251,0
DA:1290,0
DA:1296,0
DA:1297,0
DA:1307,0
DA:1312,0
DA:1316,0
DA:1319,0
DA:1322,0
DA:1323,0
DA:1324,0
DA:1325,0
DA:1329,0
DA:1332,0
DA:1334,0
DA:1335,0
DA:1339,0
DA:1340,0
DA:1347,0
DA:1348,0
DA:1350,0
DA:1351,0
DA:1352,0
DA:1356,0
DA:1357,0
DA:1365,0
DA:1366,0
DA:1373,0
DA:1380,0
DA:1381,0
DA:1382,0
DA:1385,0
DA:1399,0
DA:1408,0
DA:1410,0
DA:1413,0
DA:1414,0
DA:1416,0
DA:1440,0
DA:1441,0
DA:1450,0
LF:237
LH:0
BRDA:240,0,0,0
BRDA:240,0,1,0
BRDA:241,1,0,0
BRDA:241,1,1,0
BRDA:241,1,2,0
BRDA:241,1,3,0
BRDA:241,1,4,0
BRDA:241,1,5,0
BRDA:241,1,6,0
BRDA:241,1,7,0
BRDA:269,2,0,0
BRDA:269,2,1,0
BRDA:269,3,0,0
BRDA:269,3,1,0
BRDA:306,4,0,0
BRDA:306,4,1,0
BRDA:318,5,0,0
BRDA:318,5,1,0
BRDA:330,6,0,0
BRDA:330,6,1,0
BRDA:330,7,0,0
BRDA:330,7,1,0
BRDA:362,8,0,0
BRDA:362,8,1,0
BRDA:412,9,0,0
BRDA:412,9,1,0
BRDA:413,10,0,0
BRDA:413,10,1,0
BRDA:414,11,0,0
BRDA:414,11,1,0
BRDA:415,12,0,0
BRDA:415,12,1,0
BRDA:416,13,0,0
BRDA:416,13,1,0
BRDA:417,14,0,0
BRDA:417,14,1,0
BRDA:421,15,0,0
BRDA:421,15,1,0
BRDA:424,16,0,0
BRDA:424,16,1,0
BRDA:426,17,0,0
BRDA:426,17,1,0
BRDA:428,18,0,0
BRDA:428,18,1,0
BRDA:430,19,0,0
BRDA:430,19,1,0
BRDA:431,20,0,0
BRDA:431,20,1,0
BRDA:435,21,0,0
BRDA:435,21,1,0
BRDA:436,22,0,0
BRDA:436,22,1,0
BRDA:436,22,2,0
BRDA:446,23,0,0
BRDA:446,23,1,0
BRDA:447,24,0,0
BRDA:447,24,1,0
BRDA:447,24,2,0
BRDA:483,25,0,0
BRDA:483,25,1,0
BRDA:522,26,0,0
BRDA:522,26,1,0
BRDA:523,27,0,0
BRDA:523,27,1,0
BRDA:523,27,2,0
BRDA:534,28,0,0
BRDA:534,28,1,0
BRDA:535,29,0,0
BRDA:535,29,1,0
BRDA:535,29,2,0
BRDA:549,30,0,0
BRDA:549,30,1,0
BRDA:550,31,0,0
BRDA:550,31,1,0
BRDA:551,32,0,0
BRDA:551,32,1,0
BRDA:552,33,0,0
BRDA:552,33,1,0
BRDA:553,34,0,0
BRDA:553,34,1,0
BRDA:559,35,0,0
BRDA:559,35,1,0
BRDA:560,36,0,0
BRDA:560,36,1,0
BRDA:561,37,0,0
BRDA:561,37,1,0
BRDA:562,38,0,0
BRDA:562,38,1,0
BRDA:563,39,0,0
BRDA:563,39,1,0
BRDA:594,40,0,0
BRDA:594,40,1,0
BRDA:636,41,0,0
BRDA:636,41,1,0
BRDA:636,42,0,0
BRDA:636,42,1,0
BRDA:636,42,2,0
BRDA:644,43,0,0
BRDA:644,43,1,0
BRDA:645,44,0,0
BRDA:645,44,1,0
BRDA:645,44,2,0
BRDA:785,45,0,0
BRDA:785,45,1,0
BRDA:785,46,0,0
BRDA:785,46,1,0
BRDA:803,47,0,0
BRDA:803,47,1,0
BRDA:803,48,0,0
BRDA:803,48,1,0
BRDA:940,49,0,0
BRDA:940,49,1,0
BRDA:941,50,0,0
BRDA:941,50,1,0
BRDA:941,50,2,0
BRDA:951,51,0,0
BRDA:951,51,1,0
BRDA:966,52,0,0
BRDA:966,52,1,0
BRDA:966,53,0,0
BRDA:966,53,1,0
BRDA:966,53,2,0
BRDA:974,54,0,0
BRDA:974,54,1,0
BRDA:974,55,0,0
BRDA:974,55,1,0
BRDA:974,55,2,0
BRDA:986,56,0,0
BRDA:986,56,1,0
BRDA:987,57,0,0
BRDA:987,57,1,0
BRDA:988,58,0,0
BRDA:988,58,1,0
BRDA:997,59,0,0
BRDA:997,59,1,0
BRDA:1006,60,0,0
BRDA:1006,60,1,0
BRDA:1007,61,0,0
BRDA:1007,61,1,0
BRDA:1011,62,0,0
BRDA:1011,62,1,0
BRDA:1012,63,0,0
BRDA:1012,63,1,0
BRDA:1017,64,0,0
BRDA:1017,64,1,0
BRDA:1018,65,0,0
BRDA:1018,65,1,0
BRDA:1105,66,0,0
BRDA:1105,66,1,0
BRDA:1106,67,0,0
BRDA:1106,67,1,0
BRDA:1106,67,2,0
BRDA:1112,68,0,0
BRDA:1112,68,1,0
BRDA:1113,69,0,0
BRDA:1113,69,1,0
BRDA:1113,69,2,0
BRDA:1141,70,0,0
BRDA:1142,71,0,0
BRDA:1143,72,0,0
BRDA:1157,73,0,0
BRDA:1157,73,1,0
BRDA:1190,74,0,0
BRDA:1190,74,1,0
BRDA:1206,75,0,0
BRDA:1206,75,1,0
BRDA:1209,76,0,0
BRDA:1209,76,1,0
BRDA:1211,77,0,0
BRDA:1211,77,1,0
BRDA:1214,78,0,0
BRDA:1214,78,1,0
BRDA:1214,79,0,0
BRDA:1214,79,1,0
BRDA:1219,80,0,0
BRDA:1219,80,1,0
BRDA:1233,81,0,0
BRDA:1233,81,1,0
BRDA:1241,82,0,0
BRDA:1241,82,1,0
BRDA:1247,83,0,0
BRDA:1247,83,1,0
BRDA:1248,84,0,0
BRDA:1248,84,1,0
BRDA:1249,85,0,0
BRDA:1249,85,1,0
BRDA:1253,86,0,0
BRDA:1253,86,1,0
BRDA:1254,87,0,0
BRDA:1254,87,1,0
BRDA:1255,88,0,0
BRDA:1255,88,1,0
BRDA:1259,89,0,0
BRDA:1259,89,1,0
BRDA:1260,90,0,0
BRDA:1260,90,1,0
BRDA:1265,91,0,0
BRDA:1265,91,1,0
BRDA:1266,92,0,0
BRDA:1266,92,1,0
BRDA:1267,93,0,0
BRDA:1267,93,1,0
BRDA:1268,94,0,0
BRDA:1268,94,1,0
BRDA:1270,95,0,0
BRDA:1270,95,1,0
BRDA:1273,96,0,0
BRDA:1273,96,1,0
BRDA:1273,97,0,0
BRDA:1273,97,1,0
BRDA:1312,98,0,0
BRDA:1312,98,1,0
BRDA:1316,99,0,0
BRDA:1316,99,1,0
BRDA:1316,100,0,0
BRDA:1316,100,1,0
BRDA:1319,101,0,0
BRDA:1319,101,1,0
BRDA:1322,102,0,0
BRDA:1322,102,1,0
BRDA:1323,103,0,0
BRDA:1323,103,1,0
BRDA:1324,104,0,0
BRDA:1324,104,1,0
BRDA:1332,105,0,0
BRDA:1332,105,1,0
BRDA:1334,106,0,0
BRDA:1334,106,1,0
BRDA:1339,107,0,0
BRDA:1339,107,1,0
BRDA:1347,108,0,0
BRDA:1347,108,1,0
BRDA:1348,109,0,0
BRDA:1348,109,1,0
BRDA:1350,110,0,0
BRDA:1350,110,1,0
BRDA:1351,111,0,0
BRDA:1351,111,1,0
BRDA:1356,112,0,0
BRDA:1356,112,1,0
BRDA:1365,113,0,0
BRDA:1365,113,1,0
BRDA:1365,114,0,0
BRDA:1365,114,1,0
BRDA:1413,115,0,0
BRDA:1413,115,1,0
BRDA:1414,116,0,0
BRDA:1414,116,1,0
BRDA:1420,117,0,0
BRDA:1420,117,1,0
BRDA:1421,118,0,0
BRDA:1421,118,1,0
BRDA:1422,119,0,0
BRDA:1422,119,1,0
BRDA:1423,120,0,0
BRDA:1423,120,1,0
BRDA:1424,121,0,0
BRDA:1424,121,1,0
BRDA:1427,122,0,0
BRDA:1427,122,1,0
BRDA:1428,123,0,0
BRDA:1428,123,1,0
BRDA:1429,124,0,0
BRDA:1429,124,1,0
BRF:264
BRH:0
end_of_record
TN:
SF:routes/data.js
FN:16,(anonymous_0)
FN:57,(anonymous_1)
FN:64,(anonymous_2)
FN:84,(anonymous_3)
FN:120,(anonymous_4)
FN:144,(anonymous_5)
FN:147,(anonymous_6)
FN:150,(anonymous_7)
FN:168,(anonymous_8)
FN:192,(anonymous_9)
FN:221,(anonymous_10)
FN:319,(anonymous_11)
FN:402,(anonymous_12)
FN:545,(anonymous_13)
FNF:14
FNH:0
FNDA:0,(anonymous_0)
FNDA:0,(anonymous_1)
FNDA:0,(anonymous_2)
FNDA:0,(anonymous_3)
FNDA:0,(anonymous_4)
FNDA:0,(anonymous_5)
FNDA:0,(anonymous_6)
FNDA:0,(anonymous_7)
FNDA:0,(anonymous_8)
FNDA:0,(anonymous_9)
FNDA:0,(anonymous_10)
FNDA:0,(anonymous_11)
FNDA:0,(anonymous_12)
FNDA:0,(anonymous_13)
DA:6,0
DA:8,0
DA:9,0
DA:16,0
DA:17,0
DA:18,0
DA:19,0
DA:24,0
DA:36,0
DA:37,0
DA:41,0
DA:42,0
DA:44,0
DA:57,0
DA:58,0
DA:60,0
DA:61,0
DA:64,0
DA:65,0
DA:66,0
DA:73,0
DA:74,0
DA:81,0
DA:83,0
DA:84,0
DA:85,0
DA:88,0
DA:89,0
DA:95,0
DA:102,0
DA:103,0
DA:107,0
DA:120,0
DA:121,0
DA:122,0
DA:126,0
DA:134,0
DA:136,0
DA:138,0
DA:145,0
DA:148,0
DA:150,0
DA:156,0
DA:157,0
DA:168,0
DA:169,0
DA:170,0
DA:182,0
DA:192,0
DA:193,0
DA:194,0
DA:207,0
DA:221,0
DA:222,0
DA:223,0
DA:225,0
DA:226,0
DA:227,0
DA:233,0
DA:242,0
DA:253,0
DA:258,0
DA:259,0
DA:261,0
DA:262,0
DA:263,0
DA:267,0
DA:268,0
DA:270,0
DA:277,0
DA:284,0
DA:285,0
DA:289,0
DA:291,0
DA:292,0
DA:296,0
DA:297,0
DA:303,0
DA:319,0
DA:320,0
DA:321,0
DA:322,0
DA:324,0
DA:325,0
DA:330,0
DA:331,0
DA:337,0
DA:339,0
DA:340,0
DA:341,0
DA:344,0
DA:345,0
DA:346,0
DA:349,0
DA:350,0
DA:352,0
DA:354,0
DA:355,0
DA:356,0
DA:362,0
DA:367,0
DA:368,0
DA:374,0
DA:381,0
DA:382,0
DA:389,0
DA:402,0
DA:403,0
DA:404,0
DA:405,0
DA:407,0
DA:408,0
DA:413,0
DA:415,0
DA:423,0
DA:425,0
DA:426,0
DA:427,0
DA:431,0
DA:436,0
DA:439,0
DA:440,0
DA:441,0
DA:442,0
DA:443,0
DA:444,0
DA:446,0
DA:448,0
DA:451,0
DA:452,0
DA:453,0
DA:456,0
DA:457,0
DA:460,0
DA:461,0
DA:462,0
DA:465,0
DA:466,0
DA:470,0
DA:488,0
DA:489,0
DA:495,0
DA:504,0
DA:513,0
DA:514,0
DA:518,0
DA:526,0
DA:527,0
DA:534,0
DA:545,0
DA:546,0
DA:547,0
DA:549,0
DA:550,0
DA:558,0
DA:559,0
DA:562,0
DA:588,0
DA:599,0
DA:600,0
DA:609,0
LF:161
LH:0
BRDA:41,0,0,0
BRDA:41,0,1,0
BRDA:60,1,0,0
BRDA:60,1,1,0
BRDA:258,2,0,0
BRDA:258,2,1,0
BRDA:259,3,0,0
BRDA:259,3,1,0
BRDA:261,4,0,0
BRDA:261,4,1,0
BRDA:261,5,0,0
BRDA:261,5,1,0
BRDA:267,6,0,0
BRDA:267,6,1,0
BRDA:296,7,0,0
BRDA:296,7,1,0
BRDA:321,8,0,0
BRDA:339,9,0,0
BRDA:339,9,1,0
BRDA:344,10,0,0
BRDA:344,10,1,0
BRDA:354,11,0,0
BRDA:354,11,1,0
BRDA:404,12,0,0
BRDA:425,13,0,0
BRDA:425,13,1,0
BRDA:439,14,0,0
BRDA:439,14,1,0
BRDA:446,15,0,0
BRDA:446,15,1,0
BRDA:448,16,0,0
BRDA:448,16,1,0
BRDA:448,16,2,0
BRDA:465,17,0,0
BRDA:465,17,1,0
BRDA:479,18,0,0
BRDA:479,18,1,0
BRDA:498,19,0,0
BRDA:498,19,1,0
BRDA:507,20,0,0
BRDA:507,20,1,0
BRDA:549,21,0,0
BRDA:549,21,1,0
BRDA:549,22,0,0
BRDA:549,22,1,0
BRDA:564,23,0,0
BRDA:564,23,1,0
BRDA:565,24,0,0
BRDA:565,24,1,0
BRDA:571,25,0,0
BRDA:571,25,1,0
BRDA:576,26,0,0
BRDA:576,26,1,0
BRDA:577,27,0,0
BRDA:577,27,1,0
BRDA:582,28,0,0
BRDA:582,28,1,0
BRF:57
BRH:0
end_of_record
TN:
SF:routes/debug.js
FN:18,(anonymous_0)
FN:68,(anonymous_1)
FN:169,(anonymous_2)
FN:207,(anonymous_3)
FN:208,(anonymous_4)
FN:209,(anonymous_5)
FN:210,(anonymous_6)
FN:225,(anonymous_7)
FN:227,(anonymous_8)
FNF:9
FNH:0
FNDA:0,(anonymous_0)
FNDA:0,(anonymous_1)
FNDA:0,(anonymous_2)
FNDA:0,(anonymous_3)
FNDA:0,(anonymous_4)
FNDA:0,(anonymous_5)
FNDA:0,(anonymous_6)
FNDA:0,(anonymous_7)
FNDA:0,(anonymous_8)
DA:6,0
DA:7,0
DA:9,0
DA:11,0
DA:12,0
DA:18,0
DA:19,0
DA:20,0
DA:23,0
DA:24,0
DA:25,0
DA:31,0
DA:35,0
DA:36,0
DA:37,0
DA:38,0
DA:40,0
DA:41,0
DA:42,0
DA:43,0
DA:44,0
DA:47,0
DA:50,0
DA:51,0
DA:52,0
DA:56,0
DA:57,0
DA:58,0
DA:59,0
DA:61,0
DA:65,0
DA:68,0
DA:69,0
DA:72,0
DA:73,0
DA:74,0
DA:76,0
DA:77,0
DA:78,0
DA:79,0
DA:80,0
DA:82,0
DA:83,0
DA:85,0
DA:86,0
DA:87,0
DA:88,0
DA:89,0
DA:90,0
DA:91,0
DA:92,0
DA:93,0
DA:94,0
DA:95,0
DA:96,0
DA:99,0
DA:100,0
DA:102,0
DA:105,0
DA:111,0
DA:117,0
DA:118,0
DA:127,0
DA:128,0
DA:129,0
DA:130,0
DA:131,0
DA:132,0
DA:133,0
DA:135,0
DA:136,0
DA:140,0
DA:142,0
DA:155,0
DA:156,0
DA:169,0
DA:170,0
DA:171,0
DA:173,0
DA:182,0
DA:184,0
DA:185,0
DA:187,0
DA:197,0
DA:200,0
DA:202,0
DA:207,0
DA:208,0
DA:209,0
DA:210,0
DA:213,0
DA:220,0
DA:225,0
DA:227,0
DA:233,0
DA:234,0
DA:243,0
LF:97
LH:0
BRDA:24,0,0,0
BRDA:24,0,1,0
BRDA:43,1,0,0
BRDA:43,1,1,0
BRDA:43,2,0,0
BRDA:43,2,1,0
BRDA:51,3,0,0
BRDA:51,3,1,0
BRDA:52,4,0,0
BRDA:52,4,1,0
BRDA:56,5,0,0
BRDA:56,5,1,0
BRDA:56,6,0,0
BRDA:56,6,1,0
BRDA:58,7,0,0
[...]
BRDA:1410,159,1,0
BRDA:1411,160,0,0
BRDA:1411,160,1,0
BRDA:1434,161,0,0
BRDA:1434,161,1,0
BRDA:1438,162,0,0
BRDA:1438,162,1,0
BRDA:1439,163,0,0
BRDA:1439,163,1,0
BRDA:1441,164,0,0
BRDA:1441,164,1,0
BRDA:1468,165,0,0
BRDA:1468,165,1,0
BRDA:1469,166,0,0
BRDA:1469,166,1,0
BRDA:1470,167,0,0
BRDA:1470,167,1,0
BRDA:1472,168,0,0
BRDA:1472,168,1,0
BRDA:1494,169,0,0
BRDA:1494,169,1,0
BRDA:1501,170,0,0
BRDA:1501,170,1,0
BRDA:1502,171,0,0
BRDA:1502,171,1,0
BRDA:1504,172,0,0
BRDA:1504,172,1,0
BRDA:1506,173,0,0
BRDA:1506,173,1,0
BRDA:1534,174,0,0
BRDA:1534,174,1,0
BRDA:1539,175,0,0
BRDA:1539,175,1,0
BRDA:1540,176,0,0
BRDA:1540,176,1,0
BRDA:1540,177,0,0
BRDA:1540,177,1,0
BRDA:1571,178,0,0
BRDA:1571,178,1,0
BRDA:1572,179,0,0
BRDA:1572,179,1,0
BRDA:1573,180,0,0
BRDA:1573,180,1,0
BRDA:1581,181,0,0
BRDA:1581,181,1,0
BRDA:1582,182,0,0
BRDA:1582,182,1,0
BRDA:1583,183,0,0
BRDA:1583,183,1,0
BRDA:1598,184,0,0
BRDA:1598,184,1,0
BRDA:1600,185,0,0
BRDA:1600,185,1,0
BRDA:1601,186,0,0
BRDA:1601,186,1,0
BRDA:1635,187,0,0
BRDA:1635,187,1,0
BRDA:1636,188,0,0
BRDA:1636,188,1,0
BRDA:1642,189,0,0
BRDA:1642,189,1,0
BRDA:1666,190,0,0
BRDA:1668,191,0,0
BRDA:1668,191,1,0
BRDA:1668,192,0,0
BRDA:1668,192,1,0
BRDA:1677,193,0,0
BRDA:1677,193,1,0
BRDA:1687,194,0,0
BRDA:1687,194,1,0
BRDA:1691,195,0,0
BRDA:1691,195,1,0
BRDA:1716,196,0,0
BRDA:1716,196,1,0
BRDA:1717,197,0,0
BRDA:1717,197,1,0
BRDA:1718,198,0,0
BRDA:1718,198,1,0
BRDA:1722,199,0,0
BRDA:1722,199,1,0
BRDA:1769,200,0,0
BRDA:1769,200,1,0
BRDA:1769,201,0,0
BRDA:1769,201,1,0
BRDA:1770,202,0,0
BRDA:1770,202,1,0
BRDA:1782,203,0,0
BRDA:1782,203,1,0
BRDA:1782,204,0,0
BRDA:1782,204,1,0
BRDA:1783,205,0,0
BRDA:1783,205,1,0
BRDA:1795,206,0,0
BRDA:1795,206,1,0
BRDA:1796,207,0,0
BRDA:1796,207,1,0
BRDA:1802,208,0,0
BRDA:1802,208,1,0
BRDA:1828,209,0,0
BRDA:1828,209,1,0
BRDA:1829,210,0,0
BRDA:1829,210,1,0
BRDA:1833,211,0,0
BRDA:1833,211,1,0
BRDA:1841,212,0,0
BRDA:1841,212,1,0
BRDA:1865,213,0,0
BRDA:1865,213,1,0
BRDA:1866,214,0,0
BRDA:1866,214,1,0
BRDA:1869,215,0,0
BRDA:1869,215,1,0
BRDA:1872,216,0,0
BRDA:1872,216,1,0
BRDA:1899,217,0,0
BRDA:1899,217,1,0
BRDA:1906,218,0,0
BRDA:1906,218,1,0
BRDA:1913,219,0,0
BRDA:1913,219,1,0
BRF:427
BRH:0
end_of_record
TN:
SF:utils/schemaValidator.js
FN:711,(anonymous_0)
FN:719,(anonymous_1)
FN:772,(anonymous_2)
FN:875,(anonymous_3)
FN:897,(anonymous_4)
FN:949,(anonymous_5)
FN:958,(anonymous_6)
FN:1130,(anonymous_7)
FN:1166,(anonymous_8)
FN:1203,(anonymous_9)
FN:1244,(anonymous_10)
FN:1276,(anonymous_11)
FN:1355,(anonymous_12)
FN:1362,(anonymous_13)
FN:1369,(anonymous_14)
FN:1375,(anonymous_15)
FN:1405,(anonymous_16)
FN:1423,(anonymous_17)
FN:1439,(anonymous_18)
FN:1453,(anonymous_19)
FN:1511,(anonymous_20)
FN:1523,(anonymous_21)
FN:1524,(anonymous_22)
FN:1531,(anonymous_23)
FN:1532,(anonymous_24)
FN:1556,(anonymous_25)
FN:1576,(anonymous_26)
FN:1577,(anonymous_27)
FN:1579,(anonymous_28)
FN:1581,(anonymous_29)
FN:1582,(anonymous_30)
FN:1584,(anonymous_31)
FN:1585,(anonymous_32)
FN:1586,(anonymous_33)
FN:1587,(anonymous_34)
FN:1589,(anonymous_35)
FN:1590,(anonymous_36)
FN:1591,(anonymous_37)
FNF:38
FNH:0
FNDA:0,(anonymous_0)
FNDA:0,(anonymous_1)
FNDA:0,(anonymous_2)
FNDA:0,(anonymous_3)
FNDA:0,(anonymous_4)
FNDA:0,(anonymous_5)
FNDA:0,(anonymous_6)
FNDA:0,(anonymous_7)
FNDA:0,(anonymous_8)
FNDA:0,(anonymous_9)
FNDA:0,(anonymous_10)
FNDA:0,(anonymous_11)
FNDA:0,(anonymous_12)
FNDA:0,(anonymous_13)
FNDA:0,(anonymous_14)
FNDA:0,(anonymous_15)
FNDA:0,(anonymous_16)
FNDA:0,(anonymous_17)
FNDA:0,(anonymous_18)
FNDA:0,(anonymous_19)
FNDA:0,(anonymous_20)
FNDA:0,(anonymous_21)
FNDA:0,(anonymous_22)
FNDA:0,(anonymous_23)
FNDA:0,(anonymous_24)
FNDA:0,(anonymous_25)
FNDA:0,(anonymous_26)
FNDA:0,(anonymous_27)
FNDA:0,(anonymous_28)
FNDA:0,(anonymous_29)
FNDA:0,(anonymous_30)
FNDA:0,(anonymous_31)
FNDA:0,(anonymous_32)
FNDA:0,(anonymous_33)
FNDA:0,(anonymous_34)
FNDA:0,(anonymous_35)
FNDA:0,(anonymous_36)
FNDA:0,(anonymous_37)
DA:6,0
DA:7,0
DA:12,0
DA:618,0
DA:712,0
DA:713,0
DA:720,0
DA:721,0
DA:722,0
DA:729,0
DA:730,0
DA:733,0
DA:734,0
DA:735,0
DA:740,0
DA:741,0
DA:742,0
DA:743,0
DA:744,0
DA:747,0
DA:752,0
DA:754,0
DA:755,0
DA:762,0
DA:773,0
DA:776,0
DA:777,0
DA:781,0
DA:783,0
DA:784,0
DA:786,0
DA:787,0
DA:791,0
DA:792,0
DA:796,0
DA:797,0
DA:801,0
DA:805,0
DA:807,0
DA:808,0
DA:810,0
DA:811,0
DA:814,0
DA:817,0
DA:818,0
DA:820,0
DA:821,0
DA:825,0
DA:826,0
DA:831,0
DA:834,0
DA:835,0
DA:837,0
DA:838,0
DA:842,0
DA:843,0
DA:848,0
DA:851,0
DA:852,0
DA:854,0
DA:857,0
DA:858,0
DA:860,0
DA:863,0
DA:864,0
DA:866,0
DA:869,0
DA:876,0
DA:877,0
DA:880,0
DA:882,0
DA:884,0
DA:886,0
DA:888,0
DA:890,0
DA:898,0
DA:899,0
DA:900,0
DA:909,0
DA:910,0
DA:913,0
DA:914,0
DA:915,0
DA:924,0
DA:925,0
DA:926,0
DA:927,0
DA:932,0
DA:935,0
DA:936,0
DA:938,0
DA:939,0
DA:946,0
DA:949,0
DA:959,0
DA:962,0
DA:963,0
DA:967,0
DA:969,0
DA:970,0
DA:975,0
DA:976,0
DA:982,0
DA:986,0
DA:987,0
DA:993,0
DA:994,0
DA:995,0
DA:1001,0
DA:1002,0
DA:1009,0
DA:1012,0
DA:1013,0
DA:1018,0
DA:1022,0
DA:1028,0
DA:1031,0
DA:1032,0
DA:1038,0
DA:1039,0
DA:1040,0
DA:1046,0
DA:1047,0
DA:1055,0
DA:1056,0
DA:1057,0
DA:1058,0
DA:1059,0
DA:1061,0
DA:1063,0
DA:1067,0
DA:1075,0
DA:1078,0
DA:1085,0
DA:1091,0
DA:1094,0
DA:1095,0
DA:1101,0
DA:1104,0
DA:1105,0
DA:1111,0
DA:1114,0
DA:1115,0
DA:1121,0
DA:1124,0
DA:1131,0
DA:1132,0
DA:1135,0
DA:1138,0
DA:1143,0
DA:1146,0
DA:1149,0
DA:1150,0
DA:1151,0
DA:1152,0
DA:1156,0
DA:1159,0
DA:1167,0
DA:1168,0
DA:1169,0
DA:1170,0
DA:1174,0
DA:1185,0
DA:1186,0
DA:1193,0
DA:1203,0
DA:1204,0
DA:1206,0
DA:1209,0
DA:1210,0
DA:1211,0
DA:1218,0
DA:1219,0
DA:1220,0
DA:1226,0
DA:1233,0
DA:1234,0
DA:1245,0
DA:1246,0
DA:1248,0
DA:1249,0
DA:1250,0
DA:1251,0
DA:1253,0
DA:1254,0
DA:1257,0
DA:1261,0
DA:1265,0
DA:1277,0
DA:1278,0
DA:1279,0
DA:1282,0
DA:1283,0
DA:1285,0
DA:1286,0
DA:1288,0
DA:1289,0
DA:1292,0
DA:1293,0
DA:1296,0
DA:1297,0
DA:1300,0
DA:1304,0
DA:1307,0
DA:1308,0
DA:1311,0
DA:1312,0
DA:1313,0
DA:1315,0
DA:1320,0
DA:1326,0
DA:1329,0
DA:1332,0
DA:1335,0
DA:1336,0
DA:1339,0
DA:1342,0
DA:1343,0
DA:1344,0
DA:1345,0
DA:1349,0
DA:1356,0
DA:1363,0
DA:1370,0
DA:1371,0
DA:1374,0
DA:1375,0
DA:1378,0
DA:1379,0
DA:1380,0
DA:1381,0
DA:1383,0
DA:1386,0
DA:1388,0
DA:1399,0
DA:1406,0
DA:1417,0
DA:1424,0
DA:1425,0
DA:1429,0
DA:1431,0
DA:1432,0
DA:1440,0
DA:1441,0
DA:1442,0
DA:1445,0
DA:1446,0
DA:1453,0
DA:1454,0
DA:1455,0
DA:1456,0
DA:1457,0
DA:1460,0
DA:1461,0
DA:1462,0
DA:1467,0
DA:1468,0
DA:1472,0
DA:1477,0
DA:1478,0
DA:1479,0
DA:1480,0
DA:1483,0
DA:1484,0
DA:1493,0
DA:1503,0
DA:1504,0
DA:1512,0
DA:1513,0
DA:1514,0
DA:1517,0
DA:1518,0
DA:1523,0
DA:1524,0
DA:1525,0
DA:1530,0
DA:1532,0
DA:1533,0
DA:1539,0
DA:1547,0
DA:1548,0
DA:1557,0
DA:1558,0
DA:1559,0
DA:1561,0
DA:1567,0
DA:1573,0
DA:1575,0
DA:1576,0
DA:1578,0
DA:1580,0
DA:1581,0
DA:1583,0
DA:1584,0
DA:1585,0
DA:1586,0
DA:1588,0
DA:1589,0
DA:1590,0
DA:1592,0
LF:300
LH:0
BRDA:721,0,0,0
BRDA:721,0,1,0
BRDA:734,1,0,0
BRDA:734,1,1,0
BRDA:734,2,0,0
BRDA:734,2,1,0
BRDA:742,3,0,0
BRDA:742,3,1,0
BRDA:754,4,0,0
BRDA:754,4,1,0
BRDA:776,5,0,0
BRDA:776,5,1,0
BRDA:776,6,0,0
BRDA:776,6,1,0
BRDA:781,7,0,0
BRDA:781,7,1,0
BRDA:781,7,2,0
BRDA:781,7,3,0
BRDA:781,7,4,0
BRDA:781,7,5,0
BRDA:783,8,0,0
BRDA:783,8,1,0
BRDA:786,9,0,0
BRDA:786,9,1,0
BRDA:786,10,0,0
BRDA:786,10,1,0
BRDA:791,11,0,0
BRDA:791,11,1,0
BRDA:791,12,0,0
BRDA:791,12,1,0
BRDA:796,13,0,0
BRDA:796,13,1,0
BRDA:796,14,0,0
BRDA:796,14,1,0
BRDA:801,15,0,0
BRDA:801,15,1,0
BRDA:802,16,0,0
BRDA:802,16,1,0
BRDA:807,17,0,0
BRDA:807,17,1,0
BRDA:807,18,0,0
BRDA:807,18,1,0
BRDA:810,19,0,0
BRDA:810,19,1,0
BRDA:810,20,0,0
BRDA:810,20,1,0
BRDA:817,21,0,0
BRDA:817,21,1,0
BRDA:817,22,0,0
BRDA:817,22,1,0
BRDA:820,23,0,0
BRDA:820,23,1,0
BRDA:820,24,0,0
BRDA:820,24,1,0
BRDA:825,25,0,0
BRDA:825,25,1,0
BRDA:825,26,0,0
BRDA:825,26,1,0
BRDA:834,27,0,0
BRDA:834,27,1,0
BRDA:837,28,0,0
BRDA:837,28,1,0
BRDA:837,29,0,0
BRDA:837,29,1,0
BRDA:842,30,0,0
BRDA:842,30,1,0
BRDA:842,31,0,0
BRDA:842,31,1,0
BRDA:851,32,0,0
BRDA:851,32,1,0
BRDA:857,33,0,0
BRDA:857,33,1,0
BRDA:863,34,0,0
BRDA:863,34,1,0
BRDA:863,35,0,0
BRDA:863,35,1,0
BRDA:876,36,0,0
BRDA:876,36,1,0
BRDA:876,37,0,0
BRDA:876,37,1,0
BRDA:880,38,0,0
BRDA:880,38,1,0
BRDA:880,38,2,0
BRDA:880,38,3,0
BRDA:880,38,4,0
BRDA:899,39,0,0
BRDA:899,39,1,0
BRDA:914,40,0,0
BRDA:914,40,1,0
BRDA:914,41,0,0
BRDA:914,41,1,0
BRDA:926,42,0,0
BRDA:926,42,1,0
BRDA:938,43,0,0
BRDA:938,43,1,0
BRDA:962,44,0,0
BRDA:962,44,1,0
BRDA:962,45,0,0
BRDA:962,45,1,0
BRDA:967,46,0,0
BRDA:967,46,1,0
BRDA:967,46,2,0
BRDA:967,46,3,0
BRDA:967,46,4,0
BRDA:967,46,5,0
BRDA:967,46,6,0
BRDA:967,46,7,0
BRDA:967,46,8,0
BRDA:969,47,0,0
BRDA:969,47,1,0
BRDA:975,48,0,0
BRDA:975,48,1,0
BRDA:975,49,0,0
BRDA:975,49,1,0
BRDA:986,50,0,0
BRDA:986,50,1,0
BRDA:994,51,0,0
BRDA:994,51,1,0
BRDA:994,52,0,0
BRDA:994,52,1,0
BRDA:1001,53,0,0
BRDA:1001,53,1,0
BRDA:1001,54,0,0
BRDA:1001,54,1,0
BRDA:1012,55,0,0
BRDA:1012,55,1,0
BRDA:1018,56,0,0
BRDA:1018,56,1,0
BRDA:1019,57,0,0
BRDA:1019,57,1,0
BRDA:1031,58,0,0
BRDA:1031,58,1,0
BRDA:1039,59,0,0
BRDA:1039,59,1,0
BRDA:1039,60,0,0
BRDA:1039,60,1,0
BRDA:1046,61,0,0
BRDA:1046,61,1,0
BRDA:1046,62,0,0
BRDA:1046,62,1,0
BRDA:1055,63,0,0
BRDA:1055,63,1,0
BRDA:1055,64,0,0
BRDA:1055,64,1,0
BRDA:1059,65,0,0
BRDA:1059,65,1,0
BRDA:1063,66,0,0
BRDA:1063,66,1,0
BRDA:1064,67,0,0
BRDA:1064,67,1,0
BRDA:1078,68,0,0
BRDA:1078,68,1,0
BRDA:1079,69,0,0
BRDA:1079,69,1,0
BRDA:1079,69,2,0
BRDA:1079,69,3,0
BRDA:1079,69,4,0
BRDA:1094,70,0,0
BRDA:1094,70,1,0
BRDA:1104,71,0,0
BRDA:1104,71,1,0
BRDA:1114,72,0,0
BRDA:1114,72,1,0
BRDA:1131,73,0,0
BRDA:1131,73,1,0
BRDA:1131,74,0,0
BRDA:1131,74,1,0
BRDA:1135,75,0,0
BRDA:1135,75,1,0
BRDA:1135,75,2,0
BRDA:1135,75,3,0
BRDA:1135,75,4,0
BRDA:1135,75,5,0
BRDA:1135,75,6,0
BRDA:1135,75,7,0
BRDA:1135,75,8,0
BRDA:1135,75,9,0
BRDA:1149,76,0,0
BRDA:1149,76,1,0
BRDA:1150,77,0,0
BRDA:1150,77,1,0
BRDA:1150,78,0,0
BRDA:1150,78,1,0
BRDA:1151,79,0,0
BRDA:1151,79,1,0
BRDA:1151,80,0,0
BRDA:1151,80,1,0
BRDA:1169,81,0,0
BRDA:1169,81,1,0
BRDA:1185,82,0,0
BRDA:1185,82,1,0
BRDA:1210,83,0,0
BRDA:1210,83,1,0
BRDA:1219,84,0,0
BRDA:1219,84,1,0
BRDA:1219,85,0,0
BRDA:1219,85,1,0
BRDA:1253,86,0,0
BRDA:1253,86,1,0
BRDA:1278,87,0,0
BRDA:1278,87,1,0
BRDA:1288,88,0,0
BRDA:1288,88,1,0
BRDA:1288,89,0,0
BRDA:1288,89,1,0
BRDA:1292,90,0,0
BRDA:1292,90,1,0
BRDA:1292,91,0,0
BRDA:1292,91,1,0
BRDA:1293,92,0,0
BRDA:1293,92,1,0
BRDA:1296,93,0,0
BRDA:1296,93,1,0
BRDA:1300,94,0,0
BRDA:1300,94,1,0
BRDA:1301,95,0,0
BRDA:1301,95,1,0
BRDA:1301,95,2,0
BRDA:1301,95,3,0
BRDA:1307,96,0,0
BRDA:1307,96,1,0
BRDA:1311,97,0,0
BRDA:1311,97,1,0
BRDA:1312,98,0,0
BRDA:1312,98,1,0
BRDA:1320,99,0,0
BRDA:1320,99,1,0
BRDA:1321,100,0,0
BRDA:1321,100,1,0
BRDA:1321,100,2,0
BRDA:1321,100,3,0
BRDA:1335,101,0,0
BRDA:1335,101,1,0
BRDA:1335,102,0,0
BRDA:1335,102,1,0
BRDA:1342,103,0,0
BRDA:1342,103,1,0
BRDA:1344,104,0,0
BRDA:1344,104,1,0
BRDA:1356,105,0,0
BRDA:1356,105,1,0
BRDA:1370,106,0,0
BRDA:1370,106,1,0
BRDA:1370,107,0,0
BRDA:1370,107,1,0
BRDA:1374,108,0,0
BRDA:1374,108,1,0
BRDA:1378,109,0,0
BRDA:1378,109,1,0
BRDA:1386,110,0,0
BRDA:1386,110,1,0
BRDA:1441,111,0,0
BRDA:1441,111,1,0
BRDA:1461,112,0,0
BRDA:1461,112,1,0
BRDA:1468,113,0,0
BRDA:1468,113,1,0
BRDA:1469,114,0,0
BRDA:1469,114,1,0
BRDA:1479,115,0,0
BRDA:1479,115,1,0
BRDA:1483,116,0,0
BRDA:1483,116,1,0
BRDA:1483,117,0,0
BRDA:1483,117,1,0
BRDA:1494,118,0,0
BRDA:1494,118,1,0
BRDA:1495,119,0,0
BRDA:1495,119,1,0
BRDA:1513,120,0,0
BRDA:1513,120,1,0
BRDA:1513,121,0,0
BRDA:1513,121,1,0
BRDA:1525,122,0,0
BRDA:1525,122,1,0
BRDA:1556,123,0,0
BRDA:1564,124,0,0
BRDA:1564,124,1,0
BRF:278
BRH:0
end_of_record
TN:
SF:utils/scoringHelpers.js
FN:13,calculateComprehensiveScores
FN:78,storeComprehensiveScores
FN:118,getBasicInfo
FN:131,getFinancialMetrics
FN:151,getTechnicalIndicators
FN:164,getSentimentData
FN:178,calculateQualityScore
FN:206,calculateGrowthScore
FN:231,calculateValueScore
FN:258,calculateMomentumScore
FN:285,calculateSentimentScore
FN:302,calculatePositioningScore
FN:319,calculateCompositeScore
FN:332,(anonymous_13)
FN:351,assessDataQuality
FNF:15
FNH:0
FNDA:0,calculateComprehensiveScores
FNDA:0,storeComprehensiveScores
FNDA:0,getBasicInfo
FNDA:0,getFinancialMetrics
FNDA:0,getTechnicalIndicators
FNDA:0,getSentimentData
FNDA:0,calculateQualityScore
FNDA:0,calculateGrowthScore
FNDA:0,calculateValueScore
FNDA:0,calculateMomentumScore
FNDA:0,calculateSentimentScore
FNDA:0,calculatePositioningScore
FNDA:0,calculateCompositeScore
FNDA:0,(anonymous_13)
FNDA:0,assessDataQuality
DA:5,0
DA:6,0
DA:14,0
DA:17,0
DA:24,0
DA:25,0
DA:26,0
DA:30,0
DA:31,0
DA:32,0
DA:33,0
DA:34,0
DA:35,0
DA:41,0
DA:50,0
DA:68,0
DA:69,0
DA:79,0
DA:80,0
DA:112,0
DA:113,0
DA:119,0
DA:120,0
DA:124,0
DA:126,0
DA:127,0
DA:132,0
DA:134,0
DA:139,0
DA:140,0
DA:141,0
DA:144,0
DA:146,0
DA:147,0
DA:152,0
DA:153,0
DA:157,0
DA:159,0
DA:160,0
DA:165,0
DA:166,0
DA:170,0
DA:172,0
DA:173,0
DA:179,0
DA:180,0
DA:182,0
DA:184,0
DA:185,0
DA:186,0
DA:187,0
DA:191,0
DA:192,0
DA:193,0
DA:194,0
DA:199,0
DA:200,0
DA:203,0
DA:207,0
DA:208,0
DA:210,0
DA:212,0
DA:216,0
DA:217,0
DA:218,0
DA:219,0
DA:224,0
DA:225,0
DA:228,0
DA:232,0
DA:233,0
DA:235,0
DA:237,0
DA:241,0
DA:242,0
DA:243,0
DA:244,0
DA:245,0
DA:251,0
DA:252,0
DA:255,0
DA:259,0
DA:260,0
DA:262,0
DA:264,0
DA:265,0
DA:267,0
DA:272,0
DA:273,0
DA:278,0
DA:279,0
DA:282,0
DA:286,0
DA:288,0
DA:290,0
DA:294,0
DA:295,0
DA:299,0
DA:303,0
DA:306,0
DA:307,0
DA:311,0
DA:312,0
DA:316,0
DA:320,0
DA:329,0
DA:330,0
DA:332,0
DA:333,0
DA:338,0
DA:339,0
DA:344,0
DA:345,0
DA:348,0
DA:357,0
DA:358,0
DA:360,0
DA:361,0
DA:362,0
DA:363,0
DA:365,0
DA:368,0
LF:122
LH:0
BRDA:24,0,0,0
BRDA:24,0,1,0
BRDA:124,1,0,0
BRDA:124,1,1,0
BRDA:140,2,0,0
BRDA:140,2,1,0
BRDA:144,3,0,0
BRDA:144,3,1,0
BRDA:157,4,0,0
BRDA:157,4,1,0
BRDA:170,5,0,0
BRDA:170,5,1,0
BRDA:182,6,0,0
BRDA:182,6,1,0
BRDA:184,7,0,0
BRDA:184,7,1,0
BRDA:184,8,0,0
BRDA:184,8,1,0
BRDA:191,9,0,0
BRDA:191,9,1,0
BRDA:191,10,0,0
BRDA:191,10,1,0
BRDA:199,11,0,0
BRDA:199,11,1,0
BRDA:199,12,0,0
BRDA:199,12,1,0
BRDA:210,13,0,0
BRDA:210,13,1,0
BRDA:212,14,0,0
BRDA:212,14,1,0
BRDA:213,15,0,0
BRDA:213,15,1,0
BRDA:224,16,0,0
BRDA:224,16,1,0
BRDA:224,17,0,0
BRDA:224,17,1,0
BRDA:235,18,0,0
BRDA:235,18,1,0
BRDA:237,19,0,0
BRDA:237,19,1,0
BRDA:238,20,0,0
BRDA:238,20,1,0
BRDA:242,21,0,0
BRDA:242,21,1,0
BRDA:242,22,0,0
BRDA:242,22,1,0
BRDA:251,23,0,0
BRDA:251,23,1,0
BRDA:251,24,0,0
BRDA:251,24,1,0
BRDA:262,25,0,0
BRDA:262,25,1,0
BRDA:264,26,0,0
BRDA:264,26,1,0
BRDA:264,27,0,0
BRDA:264,27,1,0
BRDA:267,28,0,0
BRDA:267,28,1,0
BRDA:267,29,0,0
BRDA:267,29,1,0
BRDA:269,30,0,0
BRDA:269,30,1,0
BRDA:278,31,0,0
BRDA:278,31,1,0
BRDA:278,32,0,0
BRDA:278,32,1,0
BRDA:288,33,0,0
BRDA:288,33,1,0
BRDA:290,34,0,0
BRDA:290,34,1,0
BRDA:291,35,0,0
BRDA:291,35,1,0
BRDA:306,36,0,0
BRDA:306,36,1,0
BRDA:307,37,0,0
BRDA:307,37,1,0
BRDA:308,38,0,0
BRDA:308,38,1,0
BRDA:312,39,0,0
BRDA:312,39,1,0
BRDA:333,40,0,0
BRDA:333,40,1,0
BRDA:334,41,0,0
BRDA:334,41,1,0
BRDA:334,41,2,0
BRDA:344,42,0,0
BRDA:344,42,1,0
BRDA:344,43,0,0
BRDA:344,43,1,0
BRDA:360,44,0,0
BRDA:360,44,1,0
BRDA:361,45,0,0
BRDA:361,45,1,0
BRDA:361,46,0,0
BRDA:361,46,1,0
BRDA:362,47,0,0
BRDA:362,47,1,0
BRDA:362,48,0,0
BRDA:362,48,1,0
BRDA:363,49,0,0
BRDA:363,49,1,0
BRDA:363,50,0,0
BRDA:363,50,1,0
BRF:103
BRH:0
end_of_record
TN:
SF:utils/sentimentEngine.js
FN:4,(anonymous_0)
FN:28,(anonymous_1)
FN:54,(anonymous_2)
FN:88,(anonymous_3)
FN:89,(anonymous_4)
FN:92,(anonymous_5)
FNF:6
FNH:0
FNDA:0,(anonymous_0)
FNDA:0,(anonymous_1)
FNDA:0,(anonymous_2)
FNDA:0,(anonymous_3)
FNDA:0,(anonymous_4)
FNDA:0,(anonymous_5)
DA:1,2
DA:5,0
DA:6,0
DA:13,0
DA:14,0
DA:29,0
DA:30,0
DA:31,0
DA:35,0
DA:36,0
DA:37,0
DA:38,0
DA:40,0
DA:43,0
DA:44,0
DA:55,0
DA:56,0
DA:57,0
DA:61,0
DA:72,0
DA:84,0
DA:85,0
DA:86,0
DA:88,0
DA:89,0
DA:90,0
DA:92,0
DA:93,0
DA:97,0
DA:98,0
DA:99,0
DA:101,0
DA:102,0
DA:103,0
DA:106,0
DA:108,0
DA:119,0
DA:120,0
DA:132,2
LF:39
LH:2
BRDA:4,0,0,0
BRDA:30,1,0,0
BRDA:30,1,1,0
BRDA:30,2,0,0
BRDA:30,2,1,0
BRDA:35,3,0,0
BRDA:35,3,1,0
BRDA:37,4,0,0
BRDA:37,4,1,0
BRDA:54,5,0,0
BRDA:56,6,0,0
BRDA:56,6,1,0
BRDA:56,7,0,0
BRDA:56,7,1,0
BRDA:89,8,0,0
BRDA:89,8,1,0
BRDA:92,9,0,0
BRDA:92,9,1,0
BRDA:101,10,0,0
BRDA:101,10,1,0
BRDA:112,11,0,0
BRDA:112,11,1,0
BRDA:124,12,0,0
BRDA:124,12,1,0
BRF:24
BRH:0
end_of_record
TN:
SF:utils/tradingModeHelper.js
FN:15,getUserTradingMode
FN:58,addTradingModeContext
FN:85,validateTradingOperation
FN:145,checkLiveTradingRequirements
FN:154,(anonymous_4)
FN:169,getTradingModeTable
FN:191,executeWithTradingMode
FN:271,formatPortfolioWithMode
FN:295,getCurrentMode
FN:300,switchMode
FN:343,validateModeRequirements
FN:389,configureTradingEnvironment
FN:411,performEnvironmentHealthCheck
FN:420,(anonymous_13)
FN:439,validateOrderAgainstRiskLimits
FN:474,getPaperTradingPerformance
FN:485,runBacktest
FN:499,validateCredentialSecurity
FN:508,handleSystemFailure
FN:518,checkNetworkConnectivity
FN:527,getComplianceStatus
FN:538,getCurrentRiskLimits
FN:550,processPaperOrder
FN:575,getPerformanceMetrics
FN:585,getAuditLog
FNF:25
FNH:0
FNDA:0,getUserTradingMode
FNDA:0,addTradingModeContext
FNDA:0,validateTradingOperation
FNDA:0,checkLiveTradingRequirements
FNDA:0,(anonymous_4)
FNDA:0,getTradingModeTable
FNDA:0,executeWithTradingMode
FNDA:0,formatPortfolioWithMode
FNDA:0,getCurrentMode
FNDA:0,switchMode
FNDA:0,validateModeRequirements
FNDA:0,configureTradingEnvironment
FNDA:0,performEnvironmentHealthCheck
FNDA:0,(anonymous_13)
FNDA:0,validateOrderAgainstRiskLimits
FNDA:0,getPaperTradingPerformance
FNDA:0,runBacktest
FNDA:0,validateCredentialSecurity
FNDA:0,handleSystemFailure
FNDA:0,checkNetworkConnectivity
FNDA:0,getComplianceStatus
FNDA:0,getCurrentRiskLimits
FNDA:0,processPaperOrder
FNDA:0,getPerformanceMetrics
FNDA:0,getAuditLog
DA:8,0
DA:16,0
DA:18,0
DA:23,0
DA:27,0
DA:28,0
DA:30,0
DA:37,0
DA:43,0
DA:59,0
DA:61,0
DA:86,0
DA:89,0
DA:90,0
DA:98,0
DA:100,0
DA:102,0
DA:103,0
DA:112,0
DA:113,0
DA:116,0
DA:117,0
DA:126,0
DA:133,0
DA:146,0
DA:148,0
DA:154,0
DA:156,0
DA:158,0
DA:159,0
DA:170,0
DA:174,0
DA:176,0
DA:197,0
DA:199,0
DA:201,0
DA:203,0
DA:204,0
DA:209,0
DA:211,0
DA:212,0
DA:213,0
DA:220,0
DA:221,0
DA:224,0
DA:228,0
DA:229,0
DA:236,0
DA:240,0
DA:242,0
DA:247,0
DA:254,0
DA:260,0
DA:261,0
DA:272,0
DA:274,0
DA:296,0
DA:297,0
DA:301,0
DA:302,0
DA:303,0
DA:309,0
DA:310,0
DA:316,0
DA:318,0
DA:329,0
DA:336,0
DA:344,0
DA:345,0
DA:346,0
DA:353,0
DA:364,0
DA:365,0
DA:368,0
DA:370,0
DA:373,0
DA:380,0
DA:390,0
DA:391,0
DA:403,0
DA:412,0
DA:413,0
DA:420,0
DA:422,0
DA:430,0
DA:440,0
DA:441,0
DA:448,0
DA:449,0
DA:450,0
DA:452,0
DA:453,0
DA:456,0
DA:465,0
DA:475,0
DA:486,0
DA:500,0
DA:509,0
DA:519,0
DA:528,0
DA:539,0
DA:541,0
DA:551,0
DA:553,0
DA:554,0
DA:557,0
DA:576,0
DA:586,0
DA:589,0
DA:590,0
DA:591,0
DA:605,0
DA:612,0
LF:113
LH:0
BRDA:28,0,0,0
BRDA:28,0,1,0
BRDA:34,1,0,0
BRDA:34,1,1,0
BRDA:67,2,0,0
BRDA:67,2,1,0
BRDA:70,3,0,0
BRDA:70,3,1,0
BRDA:71,4,0,0
BRDA:71,4,1,0
BRDA:85,5,0,0
BRDA:89,6,0,0
BRDA:89,6,1,0
BRDA:98,7,0,0
BRDA:98,7,1,0
BRDA:102,8,0,0
BRDA:102,8,1,0
BRDA:112,9,0,0
BRDA:112,9,1,0
BRDA:113,10,0,0
BRDA:113,10,1,0
BRDA:113,11,0,0
BRDA:113,11,1,0
BRDA:116,12,0,0
BRDA:116,12,1,0
BRDA:116,13,0,0
BRDA:116,13,1,0
BRDA:201,14,0,0
BRDA:201,14,1,0
BRDA:220,15,0,0
BRDA:220,15,1,0
BRDA:285,16,0,0
BRDA:285,16,1,0
BRDA:288,17,0,0
BRDA:288,17,1,0
BRDA:302,18,0,0
BRDA:302,18,1,0
BRDA:302,19,0,0
BRDA:302,19,1,0
BRDA:309,20,0,0
BRDA:309,20,1,0
BRDA:332,21,0,0
BRDA:332,21,1,0
BRDA:345,22,0,0
BRDA:345,22,1,0
BRDA:364,23,0,0
BRDA:364,23,1,0
BRDA:368,24,0,0
BRDA:368,24,1,0
BRDA:396,25,0,0
BRDA:396,25,1,0
BRDA:397,26,0,0
BRDA:397,26,1,0
BRDA:398,27,0,0
BRDA:398,27,1,0
BRDA:427,28,0,0
BRDA:427,28,1,0
BRDA:442,29,0,0
BRDA:442,29,1,0
BRDA:449,30,0,0
BRDA:449,30,1,0
BRDA:452,31,0,0
BRDA:452,31,1,0
BRDA:495,32,0,0
BRDA:495,32,1,0
BRDA:512,33,0,0
BRDA:512,33,1,0
BRDA:542,34,0,0
BRDA:542,34,1,0
BRDA:543,35,0,0
BRDA:543,35,1,0
BRDA:544,36,0,0
BRDA:544,36,1,0
BRDA:545,37,0,0
BRDA:545,37,1,0
BRDA:553,38,0,0
BRDA:553,38,1,0
BRDA:560,39,0,0
BRDA:560,39,1,0
BRDA:560,39,2,0
BRDA:585,40,0,0
BRDA:586,41,0,0
BRDA:586,41,1,0
BRDA:594,42,0,0
BRDA:594,42,1,0
BRDA:595,43,0,0
BRDA:595,43,1,0
BRDA:596,44,0,0
BRDA:596,44,1,0
BRF:89
BRH:0
end_of_record
