<?xml version="1.0" encoding="UTF-8" ?>
<testsuites name="vitest tests" tests="1" failures="1" errors="0" time="1.167">
    <testsuite name="src/tests/unit/contexts/AuthContext-real.test.js" timestamp="2025-07-26T22:42:28.213Z" hostname="LAPTOP-J9NJ3854" tests="1" failures="1" errors="0" skipped="0" time="0">
        <testcase classname="src/tests/unit/contexts/AuthContext-real.test.js" name="src/tests/unit/contexts/AuthContext-real.test.js" time="0">
            <failure message="Failed to parse source for import analysis because the content contains invalid JS syntax. If you are using JSX, make sure to name the file with the .jsx or .tsx extension." type="Error">
Error: Failed to parse source for import analysis because the content contains invalid JS syntax. If you are using JSX, make sure to name the file with the .jsx or .tsx extension.
 ❯ TransformPluginContext._formatError node_modules/vite/dist/node/chunks/dep-C6uTJdX2.js:49258:41
 ❯ TransformPluginContext.error node_modules/vite/dist/node/chunks/dep-C6uTJdX2.js:49253:16
 ❯ TransformPluginContext.transform node_modules/vite/dist/node/chunks/dep-C6uTJdX2.js:64243:14
 ❯ PluginContainer.transform node_modules/vite/dist/node/chunks/dep-C6uTJdX2.js:49099:18
 ❯ loadAndTransform node_modules/vite/dist/node/chunks/dep-C6uTJdX2.js:51977:27
            </failure>
        </testcase>
    </testsuite>
</testsuites>
