<?xml version="1.0" encoding="UTF-8" ?>
<testsuites name="vitest tests" tests="13" failures="12" errors="0" time="1.746">
    <testsuite name="src/tests/unit/components/dashboard-components.test.jsx" timestamp="2025-07-21T22:41:14.531Z" hostname="LAPTOP-J9NJ3854" tests="13" failures="12" errors="0" skipped="0" time="0.431">
        <testcase classname="src/tests/unit/components/dashboard-components.test.jsx" name="📱 Dashboard Components &gt; DashboardLayout Component &gt; should render dashboard layout correctly" time="0.032">
            <failure message="Unable to find an element by: [data-testid=&quot;dashboard-layout&quot;]

Ignored nodes: comments, script, style
[36m&lt;body&gt;[39m
  [36m&lt;div&gt;[39m
    [36m&lt;div[39m
      [33mclass[39m=[32m&quot;dashboard-layout&quot;[39m
      [33mstyle[39m=[32m&quot;display: grid; grid-template-columns: 250px 1fr; min-height: 100vh;&quot;[39m
      [33muser[39m=[32m&quot;[object Object]&quot;[39m
    [36m&gt;[39m
      [36m&lt;main[39m
        [33mclass[39m=[32m&quot;dashboard-main&quot;[39m
      [36m&gt;[39m
        [36m&lt;div[39m
          [33mclass[39m=[32m&quot;dashboard-content&quot;[39m
        [36m&gt;[39m
          [36m&lt;div&gt;[39m
            [0mDashboard Content[0m
          [36m&lt;/div&gt;[39m
        [36m&lt;/div&gt;[39m
      [36m&lt;/main&gt;[39m
    [36m&lt;/div&gt;[39m
  [36m&lt;/div&gt;[39m
[36m&lt;/body&gt;[39m" type="TestingLibraryElementError">
TestingLibraryElementError: Unable to find an element by: [data-testid=&quot;dashboard-layout&quot;]

Ignored nodes: comments, script, style
&lt;body&gt;
  &lt;div&gt;
    &lt;div
      class=&quot;dashboard-layout&quot;
      style=&quot;display: grid; grid-template-columns: 250px 1fr; min-height: 100vh;&quot;
      user=&quot;[object Object]&quot;
    &gt;
      &lt;main
        class=&quot;dashboard-main&quot;
      &gt;
        &lt;div
          class=&quot;dashboard-content&quot;
        &gt;
          &lt;div&gt;
            Dashboard Content
          &lt;/div&gt;
        &lt;/div&gt;
      &lt;/main&gt;
    &lt;/div&gt;
  &lt;/div&gt;
&lt;/body&gt;
 ❯ Object.getElementError node_modules/@testing-library/react/node_modules/@testing-library/dom/dist/config.js:37:19
 ❯ node_modules/@testing-library/react/node_modules/@testing-library/dom/dist/query-helpers.js:76:38
 ❯ node_modules/@testing-library/react/node_modules/@testing-library/dom/dist/query-helpers.js:52:17
 ❯ node_modules/@testing-library/react/node_modules/@testing-library/dom/dist/query-helpers.js:95:19
 ❯ src/tests/unit/components/dashboard-components.test.jsx:45:21
            </failure>
            <failure message="Unable to find an element by: [data-testid=&quot;dashboard-layout&quot;]

Ignored nodes: comments, script, style
[36m&lt;body&gt;[39m
  [36m&lt;div&gt;[39m
    [36m&lt;div[39m
      [33mclass[39m=[32m&quot;dashboard-layout&quot;[39m
      [33mstyle[39m=[32m&quot;display: grid; grid-template-columns: 250px 1fr; min-height: 100vh;&quot;[39m
      [33muser[39m=[32m&quot;[object Object]&quot;[39m
    [36m&gt;[39m
      [36m&lt;main[39m
        [33mclass[39m=[32m&quot;dashboard-main&quot;[39m
      [36m&gt;[39m
        [36m&lt;div[39m
          [33mclass[39m=[32m&quot;dashboard-content&quot;[39m
        [36m&gt;[39m
          [36m&lt;div&gt;[39m
            [0mDashboard Content[0m
          [36m&lt;/div&gt;[39m
        [36m&lt;/div&gt;[39m
      [36m&lt;/main&gt;[39m
    [36m&lt;/div&gt;[39m
  [36m&lt;/div&gt;[39m
[36m&lt;/body&gt;[39m" type="TestingLibraryElementError">
TestingLibraryElementError: Unable to find an element by: [data-testid=&quot;dashboard-layout&quot;]

Ignored nodes: comments, script, style
&lt;body&gt;
  &lt;div&gt;
    &lt;div
      class=&quot;dashboard-layout&quot;
      style=&quot;display: grid; grid-template-columns: 250px 1fr; min-height: 100vh;&quot;
      user=&quot;[object Object]&quot;
    &gt;
      &lt;main
        class=&quot;dashboard-main&quot;
      &gt;
        &lt;div
          class=&quot;dashboard-content&quot;
        &gt;
          &lt;div&gt;
            Dashboard Content
          &lt;/div&gt;
        &lt;/div&gt;
      &lt;/main&gt;
    &lt;/div&gt;
  &lt;/div&gt;
&lt;/body&gt;
 ❯ Object.getElementError node_modules/@testing-library/react/node_modules/@testing-library/dom/dist/config.js:37:19
 ❯ node_modules/@testing-library/react/node_modules/@testing-library/dom/dist/query-helpers.js:76:38
 ❯ node_modules/@testing-library/react/node_modules/@testing-library/dom/dist/query-helpers.js:52:17
 ❯ node_modules/@testing-library/react/node_modules/@testing-library/dom/dist/query-helpers.js:95:19
 ❯ src/tests/unit/components/dashboard-components.test.jsx:45:21
            </failure>
            <failure message="Unable to find an element by: [data-testid=&quot;dashboard-layout&quot;]

Ignored nodes: comments, script, style
[36m&lt;body&gt;[39m
  [36m&lt;div&gt;[39m
    [36m&lt;div[39m
      [33mclass[39m=[32m&quot;dashboard-layout&quot;[39m
      [33mstyle[39m=[32m&quot;display: grid; grid-template-columns: 250px 1fr; min-height: 100vh;&quot;[39m
      [33muser[39m=[32m&quot;[object Object]&quot;[39m
    [36m&gt;[39m
      [36m&lt;main[39m
        [33mclass[39m=[32m&quot;dashboard-main&quot;[39m
      [36m&gt;[39m
        [36m&lt;div[39m
          [33mclass[39m=[32m&quot;dashboard-content&quot;[39m
        [36m&gt;[39m
          [36m&lt;div&gt;[39m
            [0mDashboard Content[0m
          [36m&lt;/div&gt;[39m
        [36m&lt;/div&gt;[39m
      [36m&lt;/main&gt;[39m
    [36m&lt;/div&gt;[39m
  [36m&lt;/div&gt;[39m
[36m&lt;/body&gt;[39m" type="TestingLibraryElementError">
TestingLibraryElementError: Unable to find an element by: [data-testid=&quot;dashboard-layout&quot;]

Ignored nodes: comments, script, style
&lt;body&gt;
  &lt;div&gt;
    &lt;div
      class=&quot;dashboard-layout&quot;
      style=&quot;display: grid; grid-template-columns: 250px 1fr; min-height: 100vh;&quot;
      user=&quot;[object Object]&quot;
    &gt;
      &lt;main
        class=&quot;dashboard-main&quot;
      &gt;
        &lt;div
          class=&quot;dashboard-content&quot;
        &gt;
          &lt;div&gt;
            Dashboard Content
          &lt;/div&gt;
        &lt;/div&gt;
      &lt;/main&gt;
    &lt;/div&gt;
  &lt;/div&gt;
&lt;/body&gt;
 ❯ Object.getElementError node_modules/@testing-library/react/node_modules/@testing-library/dom/dist/config.js:37:19
 ❯ node_modules/@testing-library/react/node_modules/@testing-library/dom/dist/query-helpers.js:76:38
 ❯ node_modules/@testing-library/react/node_modules/@testing-library/dom/dist/query-helpers.js:52:17
 ❯ node_modules/@testing-library/react/node_modules/@testing-library/dom/dist/query-helpers.js:95:19
 ❯ src/tests/unit/components/dashboard-components.test.jsx:45:21
            </failure>
        </testcase>
        <testcase classname="src/tests/unit/components/dashboard-components.test.jsx" name="📱 Dashboard Components &gt; DashboardLayout Component &gt; should handle theme switching" time="0.137">
            <system-err>
Warning: Unknown event handler property `onThemeChange`. It will be ignored.
    at div
    at DashboardLayout (/home/stocks/algo/webapp/frontend/src/components/dashboard/DashboardLayout.jsx:5:28)

            </system-err>
            <failure message="Unable to find an accessible element with the role &quot;button&quot; and name `/theme/i`

Here are the accessible roles:

  main:

  Name &quot;&quot;:
  [36m&lt;main[39m
    [33mclass[39m=[32m&quot;dashboard-main&quot;[39m
  [36m/&gt;[39m

  --------------------------------------------------

Ignored nodes: comments, script, style
[36m&lt;body&gt;[39m
  [36m&lt;div&gt;[39m
    [36m&lt;div[39m
      [33mclass[39m=[32m&quot;dashboard-layout&quot;[39m
      [33mstyle[39m=[32m&quot;display: grid; grid-template-columns: 250px 1fr; min-height: 100vh;&quot;[39m
      [33muser[39m=[32m&quot;[object Object]&quot;[39m
    [36m&gt;[39m
      [36m&lt;main[39m
        [33mclass[39m=[32m&quot;dashboard-main&quot;[39m
      [36m&gt;[39m
        [36m&lt;div[39m
          [33mclass[39m=[32m&quot;dashboard-content&quot;[39m
        [36m&gt;[39m
          [36m&lt;div&gt;[39m
            [0mContent[0m
          [36m&lt;/div&gt;[39m
        [36m&lt;/div&gt;[39m
      [36m&lt;/main&gt;[39m
    [36m&lt;/div&gt;[39m
  [36m&lt;/div&gt;[39m
[36m&lt;/body&gt;[39m" type="TestingLibraryElementError">
TestingLibraryElementError: Unable to find an accessible element with the role &quot;button&quot; and name `/theme/i`

Here are the accessible roles:

  main:

  Name &quot;&quot;:
  &lt;main
    class=&quot;dashboard-main&quot;
  /&gt;

  --------------------------------------------------

Ignored nodes: comments, script, style
&lt;body&gt;
  &lt;div&gt;
    &lt;div
      class=&quot;dashboard-layout&quot;
      style=&quot;display: grid; grid-template-columns: 250px 1fr; min-height: 100vh;&quot;
      user=&quot;[object Object]&quot;
    &gt;
      &lt;main
        class=&quot;dashboard-main&quot;
      &gt;
        &lt;div
          class=&quot;dashboard-content&quot;
        &gt;
          &lt;div&gt;
            Content
          &lt;/div&gt;
        &lt;/div&gt;
      &lt;/main&gt;
    &lt;/div&gt;
  &lt;/div&gt;
&lt;/body&gt;
 ❯ Object.getElementError node_modules/@testing-library/react/node_modules/@testing-library/dom/dist/config.js:37:19
 ❯ node_modules/@testing-library/react/node_modules/@testing-library/dom/dist/query-helpers.js:76:38
 ❯ node_modules/@testing-library/react/node_modules/@testing-library/dom/dist/query-helpers.js:52:17
 ❯ node_modules/@testing-library/react/node_modules/@testing-library/dom/dist/query-helpers.js:95:19
 ❯ src/tests/unit/components/dashboard-components.test.jsx:62:34
            </failure>
            <failure message="Unable to find an accessible element with the role &quot;button&quot; and name `/theme/i`

Here are the accessible roles:

  main:

  Name &quot;&quot;:
  [36m&lt;main[39m
    [33mclass[39m=[32m&quot;dashboard-main&quot;[39m
  [36m/&gt;[39m

  --------------------------------------------------

Ignored nodes: comments, script, style
[36m&lt;body&gt;[39m
  [36m&lt;div&gt;[39m
    [36m&lt;div[39m
      [33mclass[39m=[32m&quot;dashboard-layout&quot;[39m
      [33mstyle[39m=[32m&quot;display: grid; grid-template-columns: 250px 1fr; min-height: 100vh;&quot;[39m
      [33muser[39m=[32m&quot;[object Object]&quot;[39m
    [36m&gt;[39m
      [36m&lt;main[39m
        [33mclass[39m=[32m&quot;dashboard-main&quot;[39m
      [36m&gt;[39m
        [36m&lt;div[39m
          [33mclass[39m=[32m&quot;dashboard-content&quot;[39m
        [36m&gt;[39m
          [36m&lt;div&gt;[39m
            [0mContent[0m
          [36m&lt;/div&gt;[39m
        [36m&lt;/div&gt;[39m
      [36m&lt;/main&gt;[39m
    [36m&lt;/div&gt;[39m
  [36m&lt;/div&gt;[39m
[36m&lt;/body&gt;[39m" type="TestingLibraryElementError">
TestingLibraryElementError: Unable to find an accessible element with the role &quot;button&quot; and name `/theme/i`

Here are the accessible roles:

  main:

  Name &quot;&quot;:
  &lt;main
    class=&quot;dashboard-main&quot;
  /&gt;

  --------------------------------------------------

Ignored nodes: comments, script, style
&lt;body&gt;
  &lt;div&gt;
    &lt;div
      class=&quot;dashboard-layout&quot;
      style=&quot;display: grid; grid-template-columns: 250px 1fr; min-height: 100vh;&quot;
      user=&quot;[object Object]&quot;
    &gt;
      &lt;main
        class=&quot;dashboard-main&quot;
      &gt;
        &lt;div
          class=&quot;dashboard-content&quot;
        &gt;
          &lt;div&gt;
            Content
          &lt;/div&gt;
        &lt;/div&gt;
      &lt;/main&gt;
    &lt;/div&gt;
  &lt;/div&gt;
&lt;/body&gt;
 ❯ Object.getElementError node_modules/@testing-library/react/node_modules/@testing-library/dom/dist/config.js:37:19
 ❯ node_modules/@testing-library/react/node_modules/@testing-library/dom/dist/query-helpers.js:76:38
 ❯ node_modules/@testing-library/react/node_modules/@testing-library/dom/dist/query-helpers.js:52:17
 ❯ node_modules/@testing-library/react/node_modules/@testing-library/dom/dist/query-helpers.js:95:19
 ❯ src/tests/unit/components/dashboard-components.test.jsx:62:34
            </failure>
            <failure message="Unable to find an accessible element with the role &quot;button&quot; and name `/theme/i`

Here are the accessible roles:

  main:

  Name &quot;&quot;:
  [36m&lt;main[39m
    [33mclass[39m=[32m&quot;dashboard-main&quot;[39m
  [36m/&gt;[39m

  --------------------------------------------------

Ignored nodes: comments, script, style
[36m&lt;body&gt;[39m
  [36m&lt;div&gt;[39m
    [36m&lt;div[39m
      [33mclass[39m=[32m&quot;dashboard-layout&quot;[39m
      [33mstyle[39m=[32m&quot;display: grid; grid-template-columns: 250px 1fr; min-height: 100vh;&quot;[39m
      [33muser[39m=[32m&quot;[object Object]&quot;[39m
    [36m&gt;[39m
      [36m&lt;main[39m
        [33mclass[39m=[32m&quot;dashboard-main&quot;[39m
      [36m&gt;[39m
        [36m&lt;div[39m
          [33mclass[39m=[32m&quot;dashboard-content&quot;[39m
        [36m&gt;[39m
          [36m&lt;div&gt;[39m
            [0mContent[0m
          [36m&lt;/div&gt;[39m
        [36m&lt;/div&gt;[39m
      [36m&lt;/main&gt;[39m
    [36m&lt;/div&gt;[39m
  [36m&lt;/div&gt;[39m
[36m&lt;/body&gt;[39m" type="TestingLibraryElementError">
TestingLibraryElementError: Unable to find an accessible element with the role &quot;button&quot; and name `/theme/i`

Here are the accessible roles:

  main:

  Name &quot;&quot;:
  &lt;main
    class=&quot;dashboard-main&quot;
  /&gt;

  --------------------------------------------------

Ignored nodes: comments, script, style
&lt;body&gt;
  &lt;div&gt;
    &lt;div
      class=&quot;dashboard-layout&quot;
      style=&quot;display: grid; grid-template-columns: 250px 1fr; min-height: 100vh;&quot;
      user=&quot;[object Object]&quot;
    &gt;
      &lt;main
        class=&quot;dashboard-main&quot;
      &gt;
        &lt;div
          class=&quot;dashboard-content&quot;
        &gt;
          &lt;div&gt;
            Content
          &lt;/div&gt;
        &lt;/div&gt;
      &lt;/main&gt;
    &lt;/div&gt;
  &lt;/div&gt;
&lt;/body&gt;
 ❯ Object.getElementError node_modules/@testing-library/react/node_modules/@testing-library/dom/dist/config.js:37:19
 ❯ node_modules/@testing-library/react/node_modules/@testing-library/dom/dist/query-helpers.js:76:38
 ❯ node_modules/@testing-library/react/node_modules/@testing-library/dom/dist/query-helpers.js:52:17
 ❯ node_modules/@testing-library/react/node_modules/@testing-library/dom/dist/query-helpers.js:95:19
 ❯ src/tests/unit/components/dashboard-components.test.jsx:62:34
            </failure>
        </testcase>
        <testcase classname="src/tests/unit/components/dashboard-components.test.jsx" name="📱 Dashboard Components &gt; DashboardHeader Component &gt; should render header with user info" time="0.017">
            <failure message="Unable to find an element with the text: $125,000. This could be because the text is broken up by multiple elements. In this case, you can provide a function for your text matcher to make your matcher more flexible.

Ignored nodes: comments, script, style
[36m&lt;body&gt;[39m
  [36m&lt;div&gt;[39m
    [36m&lt;header[39m
      [33mclass[39m=[32m&quot;dashboard-header&quot;[39m
      [33mdata[39m=[32m&quot;[object Object]&quot;[39m
      [33mstyle[39m=[32m&quot;padding: 1rem; border-bottom: 1px solid rgb(224, 224, 224); display: flex; justify-content: space-between; align-items: center;&quot;[39m
    [36m&gt;[39m
      [36m&lt;div&gt;[39m
        [36m&lt;h1[39m
          [33mstyle[39m=[32m&quot;margin: 0px; font-size: 1.5rem;&quot;[39m
        [36m&gt;[39m
          [0mDashboard[0m
        [36m&lt;/h1&gt;[39m
        [36m&lt;p[39m
          [33mstyle[39m=[32m&quot;margin: 0px; color: rgb(102, 102, 102);&quot;[39m
        [36m&gt;[39m
          [0mWelcome back, [0m
          [0mJohn[0m
        [36m&lt;/p&gt;[39m
      [36m&lt;/div&gt;[39m
    [36m&lt;/header&gt;[39m
  [36m&lt;/div&gt;[39m
[36m&lt;/body&gt;[39m" type="TestingLibraryElementError">
TestingLibraryElementError: Unable to find an element with the text: $125,000. This could be because the text is broken up by multiple elements. In this case, you can provide a function for your text matcher to make your matcher more flexible.

Ignored nodes: comments, script, style
&lt;body&gt;
  &lt;div&gt;
    &lt;header
      class=&quot;dashboard-header&quot;
      data=&quot;[object Object]&quot;
      style=&quot;padding: 1rem; border-bottom: 1px solid rgb(224, 224, 224); display: flex; justify-content: space-between; align-items: center;&quot;
    &gt;
      &lt;div&gt;
        &lt;h1
          style=&quot;margin: 0px; font-size: 1.5rem;&quot;
        &gt;
          Dashboard
        &lt;/h1&gt;
        &lt;p
          style=&quot;margin: 0px; color: rgb(102, 102, 102);&quot;
        &gt;
          Welcome back, 
          John
        &lt;/p&gt;
      &lt;/div&gt;
    &lt;/header&gt;
  &lt;/div&gt;
&lt;/body&gt;
 ❯ Object.getElementError node_modules/@testing-library/react/node_modules/@testing-library/dom/dist/config.js:37:19
 ❯ node_modules/@testing-library/react/node_modules/@testing-library/dom/dist/query-helpers.js:76:38
 ❯ node_modules/@testing-library/react/node_modules/@testing-library/dom/dist/query-helpers.js:52:17
 ❯ node_modules/@testing-library/react/node_modules/@testing-library/dom/dist/query-helpers.js:95:19
 ❯ src/tests/unit/components/dashboard-components.test.jsx:74:21
            </failure>
            <failure message="Unable to find an element with the text: $125,000. This could be because the text is broken up by multiple elements. In this case, you can provide a function for your text matcher to make your matcher more flexible.

Ignored nodes: comments, script, style
[36m&lt;body&gt;[39m
  [36m&lt;div&gt;[39m
    [36m&lt;header[39m
      [33mclass[39m=[32m&quot;dashboard-header&quot;[39m
      [33mdata[39m=[32m&quot;[object Object]&quot;[39m
      [33mstyle[39m=[32m&quot;padding: 1rem; border-bottom: 1px solid rgb(224, 224, 224); display: flex; justify-content: space-between; align-items: center;&quot;[39m
    [36m&gt;[39m
      [36m&lt;div&gt;[39m
        [36m&lt;h1[39m
          [33mstyle[39m=[32m&quot;margin: 0px; font-size: 1.5rem;&quot;[39m
        [36m&gt;[39m
          [0mDashboard[0m
        [36m&lt;/h1&gt;[39m
        [36m&lt;p[39m
          [33mstyle[39m=[32m&quot;margin: 0px; color: rgb(102, 102, 102);&quot;[39m
        [36m&gt;[39m
          [0mWelcome back, [0m
          [0mJohn[0m
        [36m&lt;/p&gt;[39m
      [36m&lt;/div&gt;[39m
    [36m&lt;/header&gt;[39m
  [36m&lt;/div&gt;[39m
[36m&lt;/body&gt;[39m" type="TestingLibraryElementError">
TestingLibraryElementError: Unable to find an element with the text: $125,000. This could be because the text is broken up by multiple elements. In this case, you can provide a function for your text matcher to make your matcher more flexible.

Ignored nodes: comments, script, style
&lt;body&gt;
  &lt;div&gt;
    &lt;header
      class=&quot;dashboard-header&quot;
      data=&quot;[object Object]&quot;
      style=&quot;padding: 1rem; border-bottom: 1px solid rgb(224, 224, 224); display: flex; justify-content: space-between; align-items: center;&quot;
    &gt;
      &lt;div&gt;
        &lt;h1
          style=&quot;margin: 0px; font-size: 1.5rem;&quot;
        &gt;
          Dashboard
        &lt;/h1&gt;
        &lt;p
          style=&quot;margin: 0px; color: rgb(102, 102, 102);&quot;
        &gt;
          Welcome back, 
          John
        &lt;/p&gt;
      &lt;/div&gt;
    &lt;/header&gt;
  &lt;/div&gt;
&lt;/body&gt;
 ❯ Object.getElementError node_modules/@testing-library/react/node_modules/@testing-library/dom/dist/config.js:37:19
 ❯ node_modules/@testing-library/react/node_modules/@testing-library/dom/dist/query-helpers.js:76:38
 ❯ node_modules/@testing-library/react/node_modules/@testing-library/dom/dist/query-helpers.js:52:17
 ❯ node_modules/@testing-library/react/node_modules/@testing-library/dom/dist/query-helpers.js:95:19
 ❯ src/tests/unit/components/dashboard-components.test.jsx:74:21
            </failure>
            <failure message="Unable to find an element with the text: $125,000. This could be because the text is broken up by multiple elements. In this case, you can provide a function for your text matcher to make your matcher more flexible.

Ignored nodes: comments, script, style
[36m&lt;body&gt;[39m
  [36m&lt;div&gt;[39m
    [36m&lt;header[39m
      [33mclass[39m=[32m&quot;dashboard-header&quot;[39m
      [33mdata[39m=[32m&quot;[object Object]&quot;[39m
      [33mstyle[39m=[32m&quot;padding: 1rem; border-bottom: 1px solid rgb(224, 224, 224); display: flex; justify-content: space-between; align-items: center;&quot;[39m
    [36m&gt;[39m
      [36m&lt;div&gt;[39m
        [36m&lt;h1[39m
          [33mstyle[39m=[32m&quot;margin: 0px; font-size: 1.5rem;&quot;[39m
        [36m&gt;[39m
          [0mDashboard[0m
        [36m&lt;/h1&gt;[39m
        [36m&lt;p[39m
          [33mstyle[39m=[32m&quot;margin: 0px; color: rgb(102, 102, 102);&quot;[39m
        [36m&gt;[39m
          [0mWelcome back, [0m
          [0mJohn[0m
        [36m&lt;/p&gt;[39m
      [36m&lt;/div&gt;[39m
    [36m&lt;/header&gt;[39m
  [36m&lt;/div&gt;[39m
[36m&lt;/body&gt;[39m" type="TestingLibraryElementError">
TestingLibraryElementError: Unable to find an element with the text: $125,000. This could be because the text is broken up by multiple elements. In this case, you can provide a function for your text matcher to make your matcher more flexible.

Ignored nodes: comments, script, style
&lt;body&gt;
  &lt;div&gt;
    &lt;header
      class=&quot;dashboard-header&quot;
      data=&quot;[object Object]&quot;
      style=&quot;padding: 1rem; border-bottom: 1px solid rgb(224, 224, 224); display: flex; justify-content: space-between; align-items: center;&quot;
    &gt;
      &lt;div&gt;
        &lt;h1
          style=&quot;margin: 0px; font-size: 1.5rem;&quot;
        &gt;
          Dashboard
        &lt;/h1&gt;
        &lt;p
          style=&quot;margin: 0px; color: rgb(102, 102, 102);&quot;
        &gt;
          Welcome back, 
          John
        &lt;/p&gt;
      &lt;/div&gt;
    &lt;/header&gt;
  &lt;/div&gt;
&lt;/body&gt;
 ❯ Object.getElementError node_modules/@testing-library/react/node_modules/@testing-library/dom/dist/config.js:37:19
 ❯ node_modules/@testing-library/react/node_modules/@testing-library/dom/dist/query-helpers.js:76:38
 ❯ node_modules/@testing-library/react/node_modules/@testing-library/dom/dist/query-helpers.js:52:17
 ❯ node_modules/@testing-library/react/node_modules/@testing-library/dom/dist/query-helpers.js:95:19
 ❯ src/tests/unit/components/dashboard-components.test.jsx:74:21
            </failure>
        </testcase>
        <testcase classname="src/tests/unit/components/dashboard-components.test.jsx" name="📱 Dashboard Components &gt; DashboardHeader Component &gt; should show market status indicator" time="0.007">
            <failure message="Unable to find an element by: [data-testid=&quot;market-status&quot;]

Ignored nodes: comments, script, style
[36m&lt;body&gt;[39m
  [36m&lt;div&gt;[39m
    [36m&lt;header[39m
      [33mclass[39m=[32m&quot;dashboard-header&quot;[39m
      [33mdata[39m=[32m&quot;[object Object]&quot;[39m
      [33mstyle[39m=[32m&quot;padding: 1rem; border-bottom: 1px solid rgb(224, 224, 224); display: flex; justify-content: space-between; align-items: center;&quot;[39m
    [36m&gt;[39m
      [36m&lt;div&gt;[39m
        [36m&lt;h1[39m
          [33mstyle[39m=[32m&quot;margin: 0px; font-size: 1.5rem;&quot;[39m
        [36m&gt;[39m
          [0mDashboard[0m
        [36m&lt;/h1&gt;[39m
        [36m&lt;p[39m
          [33mstyle[39m=[32m&quot;margin: 0px; color: rgb(102, 102, 102);&quot;[39m
        [36m&gt;[39m
          [0mWelcome back, [0m
          [0mJohn[0m
        [36m&lt;/p&gt;[39m
      [36m&lt;/div&gt;[39m
    [36m&lt;/header&gt;[39m
  [36m&lt;/div&gt;[39m
[36m&lt;/body&gt;[39m" type="TestingLibraryElementError">
TestingLibraryElementError: Unable to find an element by: [data-testid=&quot;market-status&quot;]

Ignored nodes: comments, script, style
&lt;body&gt;
  &lt;div&gt;
    &lt;header
      class=&quot;dashboard-header&quot;
      data=&quot;[object Object]&quot;
      style=&quot;padding: 1rem; border-bottom: 1px solid rgb(224, 224, 224); display: flex; justify-content: space-between; align-items: center;&quot;
    &gt;
      &lt;div&gt;
        &lt;h1
          style=&quot;margin: 0px; font-size: 1.5rem;&quot;
        &gt;
          Dashboard
        &lt;/h1&gt;
        &lt;p
          style=&quot;margin: 0px; color: rgb(102, 102, 102);&quot;
        &gt;
          Welcome back, 
          John
        &lt;/p&gt;
      &lt;/div&gt;
    &lt;/header&gt;
  &lt;/div&gt;
&lt;/body&gt;
 ❯ Object.getElementError node_modules/@testing-library/react/node_modules/@testing-library/dom/dist/config.js:37:19
 ❯ node_modules/@testing-library/react/node_modules/@testing-library/dom/dist/query-helpers.js:76:38
 ❯ node_modules/@testing-library/react/node_modules/@testing-library/dom/dist/query-helpers.js:52:17
 ❯ node_modules/@testing-library/react/node_modules/@testing-library/dom/dist/query-helpers.js:95:19
 ❯ src/tests/unit/components/dashboard-components.test.jsx:81:35
            </failure>
            <failure message="Unable to find an element by: [data-testid=&quot;market-status&quot;]

Ignored nodes: comments, script, style
[36m&lt;body&gt;[39m
  [36m&lt;div&gt;[39m
    [36m&lt;header[39m
      [33mclass[39m=[32m&quot;dashboard-header&quot;[39m
      [33mdata[39m=[32m&quot;[object Object]&quot;[39m
      [33mstyle[39m=[32m&quot;padding: 1rem; border-bottom: 1px solid rgb(224, 224, 224); display: flex; justify-content: space-between; align-items: center;&quot;[39m
    [36m&gt;[39m
      [36m&lt;div&gt;[39m
        [36m&lt;h1[39m
          [33mstyle[39m=[32m&quot;margin: 0px; font-size: 1.5rem;&quot;[39m
        [36m&gt;[39m
          [0mDashboard[0m
        [36m&lt;/h1&gt;[39m
        [36m&lt;p[39m
          [33mstyle[39m=[32m&quot;margin: 0px; color: rgb(102, 102, 102);&quot;[39m
        [36m&gt;[39m
          [0mWelcome back, [0m
          [0mJohn[0m
        [36m&lt;/p&gt;[39m
      [36m&lt;/div&gt;[39m
    [36m&lt;/header&gt;[39m
  [36m&lt;/div&gt;[39m
[36m&lt;/body&gt;[39m" type="TestingLibraryElementError">
TestingLibraryElementError: Unable to find an element by: [data-testid=&quot;market-status&quot;]

Ignored nodes: comments, script, style
&lt;body&gt;
  &lt;div&gt;
    &lt;header
      class=&quot;dashboard-header&quot;
      data=&quot;[object Object]&quot;
      style=&quot;padding: 1rem; border-bottom: 1px solid rgb(224, 224, 224); display: flex; justify-content: space-between; align-items: center;&quot;
    &gt;
      &lt;div&gt;
        &lt;h1
          style=&quot;margin: 0px; font-size: 1.5rem;&quot;
        &gt;
          Dashboard
        &lt;/h1&gt;
        &lt;p
          style=&quot;margin: 0px; color: rgb(102, 102, 102);&quot;
        &gt;
          Welcome back, 
          John
        &lt;/p&gt;
      &lt;/div&gt;
    &lt;/header&gt;
  &lt;/div&gt;
&lt;/body&gt;
 ❯ Object.getElementError node_modules/@testing-library/react/node_modules/@testing-library/dom/dist/config.js:37:19
 ❯ node_modules/@testing-library/react/node_modules/@testing-library/dom/dist/query-helpers.js:76:38
 ❯ node_modules/@testing-library/react/node_modules/@testing-library/dom/dist/query-helpers.js:52:17
 ❯ node_modules/@testing-library/react/node_modules/@testing-library/dom/dist/query-helpers.js:95:19
 ❯ src/tests/unit/components/dashboard-components.test.jsx:81:35
            </failure>
            <failure message="Unable to find an element by: [data-testid=&quot;market-status&quot;]

Ignored nodes: comments, script, style
[36m&lt;body&gt;[39m
  [36m&lt;div&gt;[39m
    [36m&lt;header[39m
      [33mclass[39m=[32m&quot;dashboard-header&quot;[39m
      [33mdata[39m=[32m&quot;[object Object]&quot;[39m
      [33mstyle[39m=[32m&quot;padding: 1rem; border-bottom: 1px solid rgb(224, 224, 224); display: flex; justify-content: space-between; align-items: center;&quot;[39m
    [36m&gt;[39m
      [36m&lt;div&gt;[39m
        [36m&lt;h1[39m
          [33mstyle[39m=[32m&quot;margin: 0px; font-size: 1.5rem;&quot;[39m
        [36m&gt;[39m
          [0mDashboard[0m
        [36m&lt;/h1&gt;[39m
        [36m&lt;p[39m
          [33mstyle[39m=[32m&quot;margin: 0px; color: rgb(102, 102, 102);&quot;[39m
        [36m&gt;[39m
          [0mWelcome back, [0m
          [0mJohn[0m
        [36m&lt;/p&gt;[39m
      [36m&lt;/div&gt;[39m
    [36m&lt;/header&gt;[39m
  [36m&lt;/div&gt;[39m
[36m&lt;/body&gt;[39m" type="TestingLibraryElementError">
TestingLibraryElementError: Unable to find an element by: [data-testid=&quot;market-status&quot;]

Ignored nodes: comments, script, style
&lt;body&gt;
  &lt;div&gt;
    &lt;header
      class=&quot;dashboard-header&quot;
      data=&quot;[object Object]&quot;
      style=&quot;padding: 1rem; border-bottom: 1px solid rgb(224, 224, 224); display: flex; justify-content: space-between; align-items: center;&quot;
    &gt;
      &lt;div&gt;
        &lt;h1
          style=&quot;margin: 0px; font-size: 1.5rem;&quot;
        &gt;
          Dashboard
        &lt;/h1&gt;
        &lt;p
          style=&quot;margin: 0px; color: rgb(102, 102, 102);&quot;
        &gt;
          Welcome back, 
          John
        &lt;/p&gt;
      &lt;/div&gt;
    &lt;/header&gt;
  &lt;/div&gt;
&lt;/body&gt;
 ❯ Object.getElementError node_modules/@testing-library/react/node_modules/@testing-library/dom/dist/config.js:37:19
 ❯ node_modules/@testing-library/react/node_modules/@testing-library/dom/dist/query-helpers.js:76:38
 ❯ node_modules/@testing-library/react/node_modules/@testing-library/dom/dist/query-helpers.js:52:17
 ❯ node_modules/@testing-library/react/node_modules/@testing-library/dom/dist/query-helpers.js:95:19
 ❯ src/tests/unit/components/dashboard-components.test.jsx:81:35
            </failure>
        </testcase>
        <testcase classname="src/tests/unit/components/dashboard-components.test.jsx" name="📱 Dashboard Components &gt; DashboardHeader Component &gt; should display notification badge" time="0.007">
            <failure message="Unable to find an element by: [data-testid=&quot;notification-badge&quot;]

Ignored nodes: comments, script, style
[36m&lt;body&gt;[39m
  [36m&lt;div&gt;[39m
    [36m&lt;header[39m
      [33mclass[39m=[32m&quot;dashboard-header&quot;[39m
      [33mdata[39m=[32m&quot;[object Object]&quot;[39m
      [33mstyle[39m=[32m&quot;padding: 1rem; border-bottom: 1px solid rgb(224, 224, 224); display: flex; justify-content: space-between; align-items: center;&quot;[39m
    [36m&gt;[39m
      [36m&lt;div&gt;[39m
        [36m&lt;h1[39m
          [33mstyle[39m=[32m&quot;margin: 0px; font-size: 1.5rem;&quot;[39m
        [36m&gt;[39m
          [0mDashboard[0m
        [36m&lt;/h1&gt;[39m
        [36m&lt;p[39m
          [33mstyle[39m=[32m&quot;margin: 0px; color: rgb(102, 102, 102);&quot;[39m
        [36m&gt;[39m
          [0mWelcome back, [0m
          [0mJohn[0m
        [36m&lt;/p&gt;[39m
      [36m&lt;/div&gt;[39m
    [36m&lt;/header&gt;[39m
  [36m&lt;/div&gt;[39m
[36m&lt;/body&gt;[39m" type="TestingLibraryElementError">
TestingLibraryElementError: Unable to find an element by: [data-testid=&quot;notification-badge&quot;]

Ignored nodes: comments, script, style
&lt;body&gt;
  &lt;div&gt;
    &lt;header
      class=&quot;dashboard-header&quot;
      data=&quot;[object Object]&quot;
      style=&quot;padding: 1rem; border-bottom: 1px solid rgb(224, 224, 224); display: flex; justify-content: space-between; align-items: center;&quot;
    &gt;
      &lt;div&gt;
        &lt;h1
          style=&quot;margin: 0px; font-size: 1.5rem;&quot;
        &gt;
          Dashboard
        &lt;/h1&gt;
        &lt;p
          style=&quot;margin: 0px; color: rgb(102, 102, 102);&quot;
        &gt;
          Welcome back, 
          John
        &lt;/p&gt;
      &lt;/div&gt;
    &lt;/header&gt;
  &lt;/div&gt;
&lt;/body&gt;
 ❯ Object.getElementError node_modules/@testing-library/react/node_modules/@testing-library/dom/dist/config.js:37:19
 ❯ node_modules/@testing-library/react/node_modules/@testing-library/dom/dist/query-helpers.js:76:38
 ❯ node_modules/@testing-library/react/node_modules/@testing-library/dom/dist/query-helpers.js:52:17
 ❯ node_modules/@testing-library/react/node_modules/@testing-library/dom/dist/query-helpers.js:95:19
 ❯ src/tests/unit/components/dashboard-components.test.jsx:89:40
            </failure>
            <failure message="Unable to find an element by: [data-testid=&quot;notification-badge&quot;]

Ignored nodes: comments, script, style
[36m&lt;body&gt;[39m
  [36m&lt;div&gt;[39m
    [36m&lt;header[39m
      [33mclass[39m=[32m&quot;dashboard-header&quot;[39m
      [33mdata[39m=[32m&quot;[object Object]&quot;[39m
      [33mstyle[39m=[32m&quot;padding: 1rem; border-bottom: 1px solid rgb(224, 224, 224); display: flex; justify-content: space-between; align-items: center;&quot;[39m
    [36m&gt;[39m
      [36m&lt;div&gt;[39m
        [36m&lt;h1[39m
          [33mstyle[39m=[32m&quot;margin: 0px; font-size: 1.5rem;&quot;[39m
        [36m&gt;[39m
          [0mDashboard[0m
        [36m&lt;/h1&gt;[39m
        [36m&lt;p[39m
          [33mstyle[39m=[32m&quot;margin: 0px; color: rgb(102, 102, 102);&quot;[39m
        [36m&gt;[39m
          [0mWelcome back, [0m
          [0mJohn[0m
        [36m&lt;/p&gt;[39m
      [36m&lt;/div&gt;[39m
    [36m&lt;/header&gt;[39m
  [36m&lt;/div&gt;[39m
[36m&lt;/body&gt;[39m" type="TestingLibraryElementError">
TestingLibraryElementError: Unable to find an element by: [data-testid=&quot;notification-badge&quot;]

Ignored nodes: comments, script, style
&lt;body&gt;
  &lt;div&gt;
    &lt;header
      class=&quot;dashboard-header&quot;
      data=&quot;[object Object]&quot;
      style=&quot;padding: 1rem; border-bottom: 1px solid rgb(224, 224, 224); display: flex; justify-content: space-between; align-items: center;&quot;
    &gt;
      &lt;div&gt;
        &lt;h1
          style=&quot;margin: 0px; font-size: 1.5rem;&quot;
        &gt;
          Dashboard
        &lt;/h1&gt;
        &lt;p
          style=&quot;margin: 0px; color: rgb(102, 102, 102);&quot;
        &gt;
          Welcome back, 
          John
        &lt;/p&gt;
      &lt;/div&gt;
    &lt;/header&gt;
  &lt;/div&gt;
&lt;/body&gt;
 ❯ Object.getElementError node_modules/@testing-library/react/node_modules/@testing-library/dom/dist/config.js:37:19
 ❯ node_modules/@testing-library/react/node_modules/@testing-library/dom/dist/query-helpers.js:76:38
 ❯ node_modules/@testing-library/react/node_modules/@testing-library/dom/dist/query-helpers.js:52:17
 ❯ node_modules/@testing-library/react/node_modules/@testing-library/dom/dist/query-helpers.js:95:19
 ❯ src/tests/unit/components/dashboard-components.test.jsx:89:40
            </failure>
            <failure message="Unable to find an element by: [data-testid=&quot;notification-badge&quot;]

Ignored nodes: comments, script, style
[36m&lt;body&gt;[39m
  [36m&lt;div&gt;[39m
    [36m&lt;header[39m
      [33mclass[39m=[32m&quot;dashboard-header&quot;[39m
      [33mdata[39m=[32m&quot;[object Object]&quot;[39m
      [33mstyle[39m=[32m&quot;padding: 1rem; border-bottom: 1px solid rgb(224, 224, 224); display: flex; justify-content: space-between; align-items: center;&quot;[39m
    [36m&gt;[39m
      [36m&lt;div&gt;[39m
        [36m&lt;h1[39m
          [33mstyle[39m=[32m&quot;margin: 0px; font-size: 1.5rem;&quot;[39m
        [36m&gt;[39m
          [0mDashboard[0m
        [36m&lt;/h1&gt;[39m
        [36m&lt;p[39m
          [33mstyle[39m=[32m&quot;margin: 0px; color: rgb(102, 102, 102);&quot;[39m
        [36m&gt;[39m
          [0mWelcome back, [0m
          [0mJohn[0m
        [36m&lt;/p&gt;[39m
      [36m&lt;/div&gt;[39m
    [36m&lt;/header&gt;[39m
  [36m&lt;/div&gt;[39m
[36m&lt;/body&gt;[39m" type="TestingLibraryElementError">
TestingLibraryElementError: Unable to find an element by: [data-testid=&quot;notification-badge&quot;]

Ignored nodes: comments, script, style
&lt;body&gt;
  &lt;div&gt;
    &lt;header
      class=&quot;dashboard-header&quot;
      data=&quot;[object Object]&quot;
      style=&quot;padding: 1rem; border-bottom: 1px solid rgb(224, 224, 224); display: flex; justify-content: space-between; align-items: center;&quot;
    &gt;
      &lt;div&gt;
        &lt;h1
          style=&quot;margin: 0px; font-size: 1.5rem;&quot;
        &gt;
          Dashboard
        &lt;/h1&gt;
        &lt;p
          style=&quot;margin: 0px; color: rgb(102, 102, 102);&quot;
        &gt;
          Welcome back, 
          John
        &lt;/p&gt;
      &lt;/div&gt;
    &lt;/header&gt;
  &lt;/div&gt;
&lt;/body&gt;
 ❯ Object.getElementError node_modules/@testing-library/react/node_modules/@testing-library/dom/dist/config.js:37:19
 ❯ node_modules/@testing-library/react/node_modules/@testing-library/dom/dist/query-helpers.js:76:38
 ❯ node_modules/@testing-library/react/node_modules/@testing-library/dom/dist/query-helpers.js:52:17
 ❯ node_modules/@testing-library/react/node_modules/@testing-library/dom/dist/query-helpers.js:95:19
 ❯ src/tests/unit/components/dashboard-components.test.jsx:89:40
            </failure>
        </testcase>
        <testcase classname="src/tests/unit/components/dashboard-components.test.jsx" name="📱 Dashboard Components &gt; WidgetContainer Component &gt; should render widget container correctly" time="0.005">
            <failure message="Unable to find an element with the text: Portfolio Overview. This could be because the text is broken up by multiple elements. In this case, you can provide a function for your text matcher to make your matcher more flexible.

Ignored nodes: comments, script, style
[36m&lt;body&gt;[39m
  [36m&lt;div&gt;[39m
    [36m&lt;div[39m
      [33mclass[39m=[32m&quot;widget-container&quot;[39m
      [33mstyle[39m=[32m&quot;padding: 1rem; border: 1px solid rgb(224, 224, 224); border-radius: 8px; background-color: rgb(255, 255, 255);&quot;[39m
      [33mwidget[39m=[32m&quot;[object Object]&quot;[39m
    [36m&gt;[39m
      [36m&lt;div[39m
        [33mclass[39m=[32m&quot;widget-content&quot;[39m
      [36m/&gt;[39m
    [36m&lt;/div&gt;[39m
  [36m&lt;/div&gt;[39m
[36m&lt;/body&gt;[39m" type="TestingLibraryElementError">
TestingLibraryElementError: Unable to find an element with the text: Portfolio Overview. This could be because the text is broken up by multiple elements. In this case, you can provide a function for your text matcher to make your matcher more flexible.

Ignored nodes: comments, script, style
&lt;body&gt;
  &lt;div&gt;
    &lt;div
      class=&quot;widget-container&quot;
      style=&quot;padding: 1rem; border: 1px solid rgb(224, 224, 224); border-radius: 8px; background-color: rgb(255, 255, 255);&quot;
      widget=&quot;[object Object]&quot;
    &gt;
      &lt;div
        class=&quot;widget-content&quot;
      /&gt;
    &lt;/div&gt;
  &lt;/div&gt;
&lt;/body&gt;
 ❯ Object.getElementError node_modules/@testing-library/react/node_modules/@testing-library/dom/dist/config.js:37:19
 ❯ node_modules/@testing-library/react/node_modules/@testing-library/dom/dist/query-helpers.js:76:38
 ❯ node_modules/@testing-library/react/node_modules/@testing-library/dom/dist/query-helpers.js:52:17
 ❯ node_modules/@testing-library/react/node_modules/@testing-library/dom/dist/query-helpers.js:95:19
 ❯ src/tests/unit/components/dashboard-components.test.jsx:106:21
            </failure>
            <failure message="Unable to find an element with the text: Portfolio Overview. This could be because the text is broken up by multiple elements. In this case, you can provide a function for your text matcher to make your matcher more flexible.

Ignored nodes: comments, script, style
[36m&lt;body&gt;[39m
  [36m&lt;div&gt;[39m
    [36m&lt;div[39m
      [33mclass[39m=[32m&quot;widget-container&quot;[39m
      [33mstyle[39m=[32m&quot;padding: 1rem; border: 1px solid rgb(224, 224, 224); border-radius: 8px; background-color: rgb(255, 255, 255);&quot;[39m
      [33mwidget[39m=[32m&quot;[object Object]&quot;[39m
    [36m&gt;[39m
      [36m&lt;div[39m
        [33mclass[39m=[32m&quot;widget-content&quot;[39m
      [36m/&gt;[39m
    [36m&lt;/div&gt;[39m
  [36m&lt;/div&gt;[39m
[36m&lt;/body&gt;[39m" type="TestingLibraryElementError">
TestingLibraryElementError: Unable to find an element with the text: Portfolio Overview. This could be because the text is broken up by multiple elements. In this case, you can provide a function for your text matcher to make your matcher more flexible.

Ignored nodes: comments, script, style
&lt;body&gt;
  &lt;div&gt;
    &lt;div
      class=&quot;widget-container&quot;
      style=&quot;padding: 1rem; border: 1px solid rgb(224, 224, 224); border-radius: 8px; background-color: rgb(255, 255, 255);&quot;
      widget=&quot;[object Object]&quot;
    &gt;
      &lt;div
        class=&quot;widget-content&quot;
      /&gt;
    &lt;/div&gt;
  &lt;/div&gt;
&lt;/body&gt;
 ❯ Object.getElementError node_modules/@testing-library/react/node_modules/@testing-library/dom/dist/config.js:37:19
 ❯ node_modules/@testing-library/react/node_modules/@testing-library/dom/dist/query-helpers.js:76:38
 ❯ node_modules/@testing-library/react/node_modules/@testing-library/dom/dist/query-helpers.js:52:17
 ❯ node_modules/@testing-library/react/node_modules/@testing-library/dom/dist/query-helpers.js:95:19
 ❯ src/tests/unit/components/dashboard-components.test.jsx:106:21
            </failure>
            <failure message="Unable to find an element with the text: Portfolio Overview. This could be because the text is broken up by multiple elements. In this case, you can provide a function for your text matcher to make your matcher more flexible.

Ignored nodes: comments, script, style
[36m&lt;body&gt;[39m
  [36m&lt;div&gt;[39m
    [36m&lt;div[39m
      [33mclass[39m=[32m&quot;widget-container&quot;[39m
      [33mstyle[39m=[32m&quot;padding: 1rem; border: 1px solid rgb(224, 224, 224); border-radius: 8px; background-color: rgb(255, 255, 255);&quot;[39m
      [33mwidget[39m=[32m&quot;[object Object]&quot;[39m
    [36m&gt;[39m
      [36m&lt;div[39m
        [33mclass[39m=[32m&quot;widget-content&quot;[39m
      [36m/&gt;[39m
    [36m&lt;/div&gt;[39m
  [36m&lt;/div&gt;[39m
[36m&lt;/body&gt;[39m" type="TestingLibraryElementError">
TestingLibraryElementError: Unable to find an element with the text: Portfolio Overview. This could be because the text is broken up by multiple elements. In this case, you can provide a function for your text matcher to make your matcher more flexible.

Ignored nodes: comments, script, style
&lt;body&gt;
  &lt;div&gt;
    &lt;div
      class=&quot;widget-container&quot;
      style=&quot;padding: 1rem; border: 1px solid rgb(224, 224, 224); border-radius: 8px; background-color: rgb(255, 255, 255);&quot;
      widget=&quot;[object Object]&quot;
    &gt;
      &lt;div
        class=&quot;widget-content&quot;
      /&gt;
    &lt;/div&gt;
  &lt;/div&gt;
&lt;/body&gt;
 ❯ Object.getElementError node_modules/@testing-library/react/node_modules/@testing-library/dom/dist/config.js:37:19
 ❯ node_modules/@testing-library/react/node_modules/@testing-library/dom/dist/query-helpers.js:76:38
 ❯ node_modules/@testing-library/react/node_modules/@testing-library/dom/dist/query-helpers.js:52:17
 ❯ node_modules/@testing-library/react/node_modules/@testing-library/dom/dist/query-helpers.js:95:19
 ❯ src/tests/unit/components/dashboard-components.test.jsx:106:21
            </failure>
        </testcase>
        <testcase classname="src/tests/unit/components/dashboard-components.test.jsx" name="📱 Dashboard Components &gt; WidgetContainer Component &gt; should handle widget settings" time="0.042">
            <system-err>
Warning: Unknown event handler property `onSettings`. It will be ignored.
    at div
    at WidgetContainer (/home/stocks/algo/webapp/frontend/src/components/dashboard/WidgetContainer.jsx:5:28)

            </system-err>
            <failure message="Unable to find an accessible element with the role &quot;button&quot; and name `/settings/i`

There are no accessible roles. But there might be some inaccessible roles. If you wish to access them, then set the `hidden` option to `true`. Learn more about this here: https://testing-library.com/docs/dom-testing-library/api-queries#byrole

Ignored nodes: comments, script, style
[36m&lt;body&gt;[39m
  [36m&lt;div&gt;[39m
    [36m&lt;div[39m
      [33mclass[39m=[32m&quot;widget-container&quot;[39m
      [33mstyle[39m=[32m&quot;padding: 1rem; border: 1px solid rgb(224, 224, 224); border-radius: 8px; background-color: rgb(255, 255, 255);&quot;[39m
      [33mwidget[39m=[32m&quot;[object Object]&quot;[39m
    [36m&gt;[39m
      [36m&lt;div[39m
        [33mclass[39m=[32m&quot;widget-content&quot;[39m
      [36m/&gt;[39m
    [36m&lt;/div&gt;[39m
  [36m&lt;/div&gt;[39m
[36m&lt;/body&gt;[39m" type="TestingLibraryElementError">
TestingLibraryElementError: Unable to find an accessible element with the role &quot;button&quot; and name `/settings/i`

There are no accessible roles. But there might be some inaccessible roles. If you wish to access them, then set the `hidden` option to `true`. Learn more about this here: https://testing-library.com/docs/dom-testing-library/api-queries#byrole

Ignored nodes: comments, script, style
&lt;body&gt;
  &lt;div&gt;
    &lt;div
      class=&quot;widget-container&quot;
      style=&quot;padding: 1rem; border: 1px solid rgb(224, 224, 224); border-radius: 8px; background-color: rgb(255, 255, 255);&quot;
      widget=&quot;[object Object]&quot;
    &gt;
      &lt;div
        class=&quot;widget-content&quot;
      /&gt;
    &lt;/div&gt;
  &lt;/div&gt;
&lt;/body&gt;
 ❯ Object.getElementError node_modules/@testing-library/react/node_modules/@testing-library/dom/dist/config.js:37:19
 ❯ node_modules/@testing-library/react/node_modules/@testing-library/dom/dist/query-helpers.js:76:38
 ❯ node_modules/@testing-library/react/node_modules/@testing-library/dom/dist/query-helpers.js:52:17
 ❯ node_modules/@testing-library/react/node_modules/@testing-library/dom/dist/query-helpers.js:95:19
 ❯ src/tests/unit/components/dashboard-components.test.jsx:116:37
            </failure>
            <failure message="Unable to find an accessible element with the role &quot;button&quot; and name `/settings/i`

There are no accessible roles. But there might be some inaccessible roles. If you wish to access them, then set the `hidden` option to `true`. Learn more about this here: https://testing-library.com/docs/dom-testing-library/api-queries#byrole

Ignored nodes: comments, script, style
[36m&lt;body&gt;[39m
  [36m&lt;div&gt;[39m
    [36m&lt;div[39m
      [33mclass[39m=[32m&quot;widget-container&quot;[39m
      [33mstyle[39m=[32m&quot;padding: 1rem; border: 1px solid rgb(224, 224, 224); border-radius: 8px; background-color: rgb(255, 255, 255);&quot;[39m
      [33mwidget[39m=[32m&quot;[object Object]&quot;[39m
    [36m&gt;[39m
      [36m&lt;div[39m
        [33mclass[39m=[32m&quot;widget-content&quot;[39m
      [36m/&gt;[39m
    [36m&lt;/div&gt;[39m
  [36m&lt;/div&gt;[39m
[36m&lt;/body&gt;[39m" type="TestingLibraryElementError">
TestingLibraryElementError: Unable to find an accessible element with the role &quot;button&quot; and name `/settings/i`

There are no accessible roles. But there might be some inaccessible roles. If you wish to access them, then set the `hidden` option to `true`. Learn more about this here: https://testing-library.com/docs/dom-testing-library/api-queries#byrole

Ignored nodes: comments, script, style
&lt;body&gt;
  &lt;div&gt;
    &lt;div
      class=&quot;widget-container&quot;
      style=&quot;padding: 1rem; border: 1px solid rgb(224, 224, 224); border-radius: 8px; background-color: rgb(255, 255, 255);&quot;
      widget=&quot;[object Object]&quot;
    &gt;
      &lt;div
        class=&quot;widget-content&quot;
      /&gt;
    &lt;/div&gt;
  &lt;/div&gt;
&lt;/body&gt;
 ❯ Object.getElementError node_modules/@testing-library/react/node_modules/@testing-library/dom/dist/config.js:37:19
 ❯ node_modules/@testing-library/react/node_modules/@testing-library/dom/dist/query-helpers.js:76:38
 ❯ node_modules/@testing-library/react/node_modules/@testing-library/dom/dist/query-helpers.js:52:17
 ❯ node_modules/@testing-library/react/node_modules/@testing-library/dom/dist/query-helpers.js:95:19
 ❯ src/tests/unit/components/dashboard-components.test.jsx:116:37
            </failure>
            <failure message="Unable to find an accessible element with the role &quot;button&quot; and name `/settings/i`

There are no accessible roles. But there might be some inaccessible roles. If you wish to access them, then set the `hidden` option to `true`. Learn more about this here: https://testing-library.com/docs/dom-testing-library/api-queries#byrole

Ignored nodes: comments, script, style
[36m&lt;body&gt;[39m
  [36m&lt;div&gt;[39m
    [36m&lt;div[39m
      [33mclass[39m=[32m&quot;widget-container&quot;[39m
      [33mstyle[39m=[32m&quot;padding: 1rem; border: 1px solid rgb(224, 224, 224); border-radius: 8px; background-color: rgb(255, 255, 255);&quot;[39m
      [33mwidget[39m=[32m&quot;[object Object]&quot;[39m
    [36m&gt;[39m
      [36m&lt;div[39m
        [33mclass[39m=[32m&quot;widget-content&quot;[39m
      [36m/&gt;[39m
    [36m&lt;/div&gt;[39m
  [36m&lt;/div&gt;[39m
[36m&lt;/body&gt;[39m" type="TestingLibraryElementError">
TestingLibraryElementError: Unable to find an accessible element with the role &quot;button&quot; and name `/settings/i`

There are no accessible roles. But there might be some inaccessible roles. If you wish to access them, then set the `hidden` option to `true`. Learn more about this here: https://testing-library.com/docs/dom-testing-library/api-queries#byrole

Ignored nodes: comments, script, style
&lt;body&gt;
  &lt;div&gt;
    &lt;div
      class=&quot;widget-container&quot;
      style=&quot;padding: 1rem; border: 1px solid rgb(224, 224, 224); border-radius: 8px; background-color: rgb(255, 255, 255);&quot;
      widget=&quot;[object Object]&quot;
    &gt;
      &lt;div
        class=&quot;widget-content&quot;
      /&gt;
    &lt;/div&gt;
  &lt;/div&gt;
&lt;/body&gt;
 ❯ Object.getElementError node_modules/@testing-library/react/node_modules/@testing-library/dom/dist/config.js:37:19
 ❯ node_modules/@testing-library/react/node_modules/@testing-library/dom/dist/query-helpers.js:76:38
 ❯ node_modules/@testing-library/react/node_modules/@testing-library/dom/dist/query-helpers.js:52:17
 ❯ node_modules/@testing-library/react/node_modules/@testing-library/dom/dist/query-helpers.js:95:19
 ❯ src/tests/unit/components/dashboard-components.test.jsx:116:37
            </failure>
        </testcase>
        <testcase classname="src/tests/unit/components/dashboard-components.test.jsx" name="📱 Dashboard Components &gt; WidgetContainer Component &gt; should show loading state" time="0.004">
            <failure message="Unable to find an element by: [data-testid=&quot;widget-loading&quot;]

Ignored nodes: comments, script, style
[36m&lt;body&gt;[39m
  [36m&lt;div&gt;[39m
    [36m&lt;div[39m
      [33mclass[39m=[32m&quot;widget-container&quot;[39m
      [33mstyle[39m=[32m&quot;padding: 1rem; border: 1px solid rgb(224, 224, 224); border-radius: 8px; background-color: rgb(255, 255, 255);&quot;[39m
      [33mwidget[39m=[32m&quot;[object Object]&quot;[39m
    [36m&gt;[39m
      [36m&lt;div[39m
        [33mclass[39m=[32m&quot;widget-content&quot;[39m
      [36m/&gt;[39m
    [36m&lt;/div&gt;[39m
  [36m&lt;/div&gt;[39m
[36m&lt;/body&gt;[39m" type="TestingLibraryElementError">
TestingLibraryElementError: Unable to find an element by: [data-testid=&quot;widget-loading&quot;]

Ignored nodes: comments, script, style
&lt;body&gt;
  &lt;div&gt;
    &lt;div
      class=&quot;widget-container&quot;
      style=&quot;padding: 1rem; border: 1px solid rgb(224, 224, 224); border-radius: 8px; background-color: rgb(255, 255, 255);&quot;
      widget=&quot;[object Object]&quot;
    &gt;
      &lt;div
        class=&quot;widget-content&quot;
      /&gt;
    &lt;/div&gt;
  &lt;/div&gt;
&lt;/body&gt;
 ❯ Object.getElementError node_modules/@testing-library/react/node_modules/@testing-library/dom/dist/config.js:37:19
 ❯ node_modules/@testing-library/react/node_modules/@testing-library/dom/dist/query-helpers.js:76:38
 ❯ node_modules/@testing-library/react/node_modules/@testing-library/dom/dist/query-helpers.js:52:17
 ❯ node_modules/@testing-library/react/node_modules/@testing-library/dom/dist/query-helpers.js:95:19
 ❯ src/tests/unit/components/dashboard-components.test.jsx:127:21
            </failure>
            <failure message="Unable to find an element by: [data-testid=&quot;widget-loading&quot;]

Ignored nodes: comments, script, style
[36m&lt;body&gt;[39m
  [36m&lt;div&gt;[39m
    [36m&lt;div[39m
      [33mclass[39m=[32m&quot;widget-container&quot;[39m
      [33mstyle[39m=[32m&quot;padding: 1rem; border: 1px solid rgb(224, 224, 224); border-radius: 8px; background-color: rgb(255, 255, 255);&quot;[39m
      [33mwidget[39m=[32m&quot;[object Object]&quot;[39m
    [36m&gt;[39m
      [36m&lt;div[39m
        [33mclass[39m=[32m&quot;widget-content&quot;[39m
      [36m/&gt;[39m
    [36m&lt;/div&gt;[39m
  [36m&lt;/div&gt;[39m
[36m&lt;/body&gt;[39m" type="TestingLibraryElementError">
TestingLibraryElementError: Unable to find an element by: [data-testid=&quot;widget-loading&quot;]

Ignored nodes: comments, script, style
&lt;body&gt;
  &lt;div&gt;
    &lt;div
      class=&quot;widget-container&quot;
      style=&quot;padding: 1rem; border: 1px solid rgb(224, 224, 224); border-radius: 8px; background-color: rgb(255, 255, 255);&quot;
      widget=&quot;[object Object]&quot;
    &gt;
      &lt;div
        class=&quot;widget-content&quot;
      /&gt;
    &lt;/div&gt;
  &lt;/div&gt;
&lt;/body&gt;
 ❯ Object.getElementError node_modules/@testing-library/react/node_modules/@testing-library/dom/dist/config.js:37:19
 ❯ node_modules/@testing-library/react/node_modules/@testing-library/dom/dist/query-helpers.js:76:38
 ❯ node_modules/@testing-library/react/node_modules/@testing-library/dom/dist/query-helpers.js:52:17
 ❯ node_modules/@testing-library/react/node_modules/@testing-library/dom/dist/query-helpers.js:95:19
 ❯ src/tests/unit/components/dashboard-components.test.jsx:127:21
            </failure>
            <failure message="Unable to find an element by: [data-testid=&quot;widget-loading&quot;]

Ignored nodes: comments, script, style
[36m&lt;body&gt;[39m
  [36m&lt;div&gt;[39m
    [36m&lt;div[39m
      [33mclass[39m=[32m&quot;widget-container&quot;[39m
      [33mstyle[39m=[32m&quot;padding: 1rem; border: 1px solid rgb(224, 224, 224); border-radius: 8px; background-color: rgb(255, 255, 255);&quot;[39m
      [33mwidget[39m=[32m&quot;[object Object]&quot;[39m
    [36m&gt;[39m
      [36m&lt;div[39m
        [33mclass[39m=[32m&quot;widget-content&quot;[39m
      [36m/&gt;[39m
    [36m&lt;/div&gt;[39m
  [36m&lt;/div&gt;[39m
[36m&lt;/body&gt;[39m" type="TestingLibraryElementError">
TestingLibraryElementError: Unable to find an element by: [data-testid=&quot;widget-loading&quot;]

Ignored nodes: comments, script, style
&lt;body&gt;
  &lt;div&gt;
    &lt;div
      class=&quot;widget-container&quot;
      style=&quot;padding: 1rem; border: 1px solid rgb(224, 224, 224); border-radius: 8px; background-color: rgb(255, 255, 255);&quot;
      widget=&quot;[object Object]&quot;
    &gt;
      &lt;div
        class=&quot;widget-content&quot;
      /&gt;
    &lt;/div&gt;
  &lt;/div&gt;
&lt;/body&gt;
 ❯ Object.getElementError node_modules/@testing-library/react/node_modules/@testing-library/dom/dist/config.js:37:19
 ❯ node_modules/@testing-library/react/node_modules/@testing-library/dom/dist/query-helpers.js:76:38
 ❯ node_modules/@testing-library/react/node_modules/@testing-library/dom/dist/query-helpers.js:52:17
 ❯ node_modules/@testing-library/react/node_modules/@testing-library/dom/dist/query-helpers.js:95:19
 ❯ src/tests/unit/components/dashboard-components.test.jsx:127:21
            </failure>
        </testcase>
        <testcase classname="src/tests/unit/components/dashboard-components.test.jsx" name="📱 Dashboard Components &gt; WidgetContainer Component &gt; should show error state" time="0.004">
            <failure message="Unable to find an element with the text: Failed to load data. This could be because the text is broken up by multiple elements. In this case, you can provide a function for your text matcher to make your matcher more flexible.

Ignored nodes: comments, script, style
[36m&lt;body&gt;[39m
  [36m&lt;div&gt;[39m
    [36m&lt;div[39m
      [33mclass[39m=[32m&quot;widget-container&quot;[39m
      [33mstyle[39m=[32m&quot;padding: 1rem; border: 1px solid rgb(224, 224, 224); border-radius: 8px; background-color: rgb(255, 255, 255);&quot;[39m
      [33mwidget[39m=[32m&quot;[object Object]&quot;[39m
    [36m&gt;[39m
      [36m&lt;div[39m
        [33mclass[39m=[32m&quot;widget-content&quot;[39m
      [36m/&gt;[39m
    [36m&lt;/div&gt;[39m
  [36m&lt;/div&gt;[39m
[36m&lt;/body&gt;[39m" type="TestingLibraryElementError">
TestingLibraryElementError: Unable to find an element with the text: Failed to load data. This could be because the text is broken up by multiple elements. In this case, you can provide a function for your text matcher to make your matcher more flexible.

Ignored nodes: comments, script, style
&lt;body&gt;
  &lt;div&gt;
    &lt;div
      class=&quot;widget-container&quot;
      style=&quot;padding: 1rem; border: 1px solid rgb(224, 224, 224); border-radius: 8px; background-color: rgb(255, 255, 255);&quot;
      widget=&quot;[object Object]&quot;
    &gt;
      &lt;div
        class=&quot;widget-content&quot;
      /&gt;
    &lt;/div&gt;
  &lt;/div&gt;
&lt;/body&gt;
 ❯ Object.getElementError node_modules/@testing-library/react/node_modules/@testing-library/dom/dist/config.js:37:19
 ❯ node_modules/@testing-library/react/node_modules/@testing-library/dom/dist/query-helpers.js:76:38
 ❯ node_modules/@testing-library/react/node_modules/@testing-library/dom/dist/query-helpers.js:52:17
 ❯ node_modules/@testing-library/react/node_modules/@testing-library/dom/dist/query-helpers.js:95:19
 ❯ src/tests/unit/components/dashboard-components.test.jsx:135:21
            </failure>
            <failure message="Unable to find an element with the text: Failed to load data. This could be because the text is broken up by multiple elements. In this case, you can provide a function for your text matcher to make your matcher more flexible.

Ignored nodes: comments, script, style
[36m&lt;body&gt;[39m
  [36m&lt;div&gt;[39m
    [36m&lt;div[39m
      [33mclass[39m=[32m&quot;widget-container&quot;[39m
      [33mstyle[39m=[32m&quot;padding: 1rem; border: 1px solid rgb(224, 224, 224); border-radius: 8px; background-color: rgb(255, 255, 255);&quot;[39m
      [33mwidget[39m=[32m&quot;[object Object]&quot;[39m
    [36m&gt;[39m
      [36m&lt;div[39m
        [33mclass[39m=[32m&quot;widget-content&quot;[39m
      [36m/&gt;[39m
    [36m&lt;/div&gt;[39m
  [36m&lt;/div&gt;[39m
[36m&lt;/body&gt;[39m" type="TestingLibraryElementError">
TestingLibraryElementError: Unable to find an element with the text: Failed to load data. This could be because the text is broken up by multiple elements. In this case, you can provide a function for your text matcher to make your matcher more flexible.

Ignored nodes: comments, script, style
&lt;body&gt;
  &lt;div&gt;
    &lt;div
      class=&quot;widget-container&quot;
      style=&quot;padding: 1rem; border: 1px solid rgb(224, 224, 224); border-radius: 8px; background-color: rgb(255, 255, 255);&quot;
      widget=&quot;[object Object]&quot;
    &gt;
      &lt;div
        class=&quot;widget-content&quot;
      /&gt;
    &lt;/div&gt;
  &lt;/div&gt;
&lt;/body&gt;
 ❯ Object.getElementError node_modules/@testing-library/react/node_modules/@testing-library/dom/dist/config.js:37:19
 ❯ node_modules/@testing-library/react/node_modules/@testing-library/dom/dist/query-helpers.js:76:38
 ❯ node_modules/@testing-library/react/node_modules/@testing-library/dom/dist/query-helpers.js:52:17
 ❯ node_modules/@testing-library/react/node_modules/@testing-library/dom/dist/query-helpers.js:95:19
 ❯ src/tests/unit/components/dashboard-components.test.jsx:135:21
            </failure>
            <failure message="Unable to find an element with the text: Failed to load data. This could be because the text is broken up by multiple elements. In this case, you can provide a function for your text matcher to make your matcher more flexible.

Ignored nodes: comments, script, style
[36m&lt;body&gt;[39m
  [36m&lt;div&gt;[39m
    [36m&lt;div[39m
      [33mclass[39m=[32m&quot;widget-container&quot;[39m
      [33mstyle[39m=[32m&quot;padding: 1rem; border: 1px solid rgb(224, 224, 224); border-radius: 8px; background-color: rgb(255, 255, 255);&quot;[39m
      [33mwidget[39m=[32m&quot;[object Object]&quot;[39m
    [36m&gt;[39m
      [36m&lt;div[39m
        [33mclass[39m=[32m&quot;widget-content&quot;[39m
      [36m/&gt;[39m
    [36m&lt;/div&gt;[39m
  [36m&lt;/div&gt;[39m
[36m&lt;/body&gt;[39m" type="TestingLibraryElementError">
TestingLibraryElementError: Unable to find an element with the text: Failed to load data. This could be because the text is broken up by multiple elements. In this case, you can provide a function for your text matcher to make your matcher more flexible.

Ignored nodes: comments, script, style
&lt;body&gt;
  &lt;div&gt;
    &lt;div
      class=&quot;widget-container&quot;
      style=&quot;padding: 1rem; border: 1px solid rgb(224, 224, 224); border-radius: 8px; background-color: rgb(255, 255, 255);&quot;
      widget=&quot;[object Object]&quot;
    &gt;
      &lt;div
        class=&quot;widget-content&quot;
      /&gt;
    &lt;/div&gt;
  &lt;/div&gt;
&lt;/body&gt;
 ❯ Object.getElementError node_modules/@testing-library/react/node_modules/@testing-library/dom/dist/config.js:37:19
 ❯ node_modules/@testing-library/react/node_modules/@testing-library/dom/dist/query-helpers.js:76:38
 ❯ node_modules/@testing-library/react/node_modules/@testing-library/dom/dist/query-helpers.js:52:17
 ❯ node_modules/@testing-library/react/node_modules/@testing-library/dom/dist/query-helpers.js:95:19
 ❯ src/tests/unit/components/dashboard-components.test.jsx:135:21
            </failure>
        </testcase>
        <testcase classname="src/tests/unit/components/dashboard-components.test.jsx" name="📱 Dashboard Components &gt; MetricsOverview Component &gt; should render metrics overview correctly" time="0.021">
            <failure message="Unable to find an element with the text: Portfolio Metrics. This could be because the text is broken up by multiple elements. In this case, you can provide a function for your text matcher to make your matcher more flexible.

Ignored nodes: comments, script, style
[36m&lt;body&gt;[39m
  [36m&lt;div&gt;[39m
    [36m&lt;div[39m
      [33mclass[39m=[32m&quot;metrics-overview&quot;[39m
      [33mstyle[39m=[32m&quot;display: grid; grid-template-columns: repeat(auto-fit, minmax(200px, 1fr)); gap: 1rem;&quot;[39m
    [36m&gt;[39m
      [36m&lt;div[39m
        [33mclass[39m=[32m&quot;metric-card&quot;[39m
        [33mstyle[39m=[32m&quot;padding: 1rem; border: 1px solid rgb(224, 224, 224); border-radius: 8px; background-color: rgb(255, 255, 255);&quot;[39m
      [36m&gt;[39m
        [36m&lt;h4[39m
          [33mstyle[39m=[32m&quot;margin: 0px 0px 0.5rem 0px; color: rgb(102, 102, 102); font-size: 0.9rem;&quot;[39m
        [36m&gt;[39m
          [0mPortfolio Value[0m
        [36m&lt;/h4&gt;[39m
        [36m&lt;div[39m
          [33mstyle[39m=[32m&quot;font-size: 1.5rem; font-weight: bold;&quot;[39m
        [36m&gt;[39m
          [0m$[0m
          [0m0[0m
        [36m&lt;/div&gt;[39m
      [36m&lt;/div&gt;[39m
      [36m&lt;div[39m
        [33mclass[39m=[32m&quot;metric-card&quot;[39m
        [33mstyle[39m=[32m&quot;padding: 1rem; border: 1px solid rgb(224, 224, 224); border-radius: 8px; background-color: rgb(255, 255, 255);&quot;[39m
      [36m&gt;[39m
        [36m&lt;h4[39m
          [33mstyle[39m=[32m&quot;margin: 0px 0px 0.5rem 0px; color: rgb(102, 102, 102); font-size: 0.9rem;&quot;[39m
        [36m&gt;[39m
          [0mDay Change[0m
        [36m&lt;/h4&gt;[39m
        [36m&lt;div[39m
          [33mstyle[39m=[32m&quot;font-size: 1.5rem; font-weight: bold; color: rgb(76, 175, 80);&quot;[39m
        [36m&gt;[39m
          [0m+[0m
          [0m$[0m
          [0m2,500[0m
          [0m ([0m
          [0m+[0m
          [0m2.04[0m
          [0m%)[0m
        [36m&lt;/div&gt;[39m
      [36m&lt;/div&gt;[39m
      [36m&lt;div[39m
        [33mclass[39m=[32m&quot;metric-card&quot;[39m
        [33mstyle[39m=[32m&quot;padding: 1rem; border: 1px solid rgb(224, 224, 224); border-radius: 8px; background-color: rgb(255, 255, 255);&quot;[39m
      [36m&gt;[39m
        [36m&lt;h4[39m
          [33mstyle[39m=[32m&quot;margin: 0px 0px 0.5rem 0px; color: rgb(102, 102, 102); font-size: 0.9rem;&quot;[39m
        [36m&gt;[39m
          [0mMarket Status[0m
        [36m&lt;/h4&gt;[39m
        [36m&lt;div[39m
          [33mstyle[39m=[32m&quot;font-size: 1.5rem; font-weight: bold; color: rgb(244, 67, 54);&quot;[39m
        [36m&gt;[39m
          [0mClosed[0m
        [36m&lt;/div&gt;[39m
      [36m&lt;/div&gt;[39m
      [36m&lt;div[39m
        [33mclass[39m=[32m&quot;metric-card&quot;[39m
        [33mstyle[39m=[32m&quot;padding: 1rem; border: 1px solid rgb(224, 224, 224); border-radius: 8px; background-color: rgb(255, 255, 255);&quot;[39m
      [36m&gt;[39m
        [36m&lt;h4[39m
          [33mstyle[39m=[32m&quot;margin: 0px 0px 0.5rem 0px; color: rgb(102, 102, 102); font-size: 0.9rem;&quot;[39m
        [36m&gt;[39m
          [0mAlerts[0m
        [36m&lt;/h4&gt;[39m
        [36m&lt;div[39m
          [33mstyle[39m=[32m&quot;font-size: 1.5rem; font-weight: bold;&quot;[39m
        [36m&gt;[39m
          [0m0[0m
        [36m&lt;/div&gt;[39m
      [36m&lt;/div&gt;[39m
    [36m&lt;/div&gt;[39m
  [36m&lt;/div&gt;[39m
[36m&lt;/body&gt;[39m" type="TestingLibraryElementError">
TestingLibraryElementError: Unable to find an element with the text: Portfolio Metrics. This could be because the text is broken up by multiple elements. In this case, you can provide a function for your text matcher to make your matcher more flexible.

Ignored nodes: comments, script, style
&lt;body&gt;
  &lt;div&gt;
    &lt;div
      class=&quot;metrics-overview&quot;
      style=&quot;display: grid; grid-template-columns: repeat(auto-fit, minmax(200px, 1fr)); gap: 1rem;&quot;
    &gt;
      &lt;div
        class=&quot;metric-card&quot;
        style=&quot;padding: 1rem; border: 1px solid rgb(224, 224, 224); border-radius: 8px; background-color: rgb(255, 255, 255);&quot;
      &gt;
        &lt;h4
          style=&quot;margin: 0px 0px 0.5rem 0px; color: rgb(102, 102, 102); font-size: 0.9rem;&quot;
        &gt;
          Portfolio Value
        &lt;/h4&gt;
        &lt;div
          style=&quot;font-size: 1.5rem; font-weight: bold;&quot;
        &gt;
          $
          0
        &lt;/div&gt;
      &lt;/div&gt;
      &lt;div
        class=&quot;metric-card&quot;
        style=&quot;padding: 1rem; border: 1px solid rgb(224, 224, 224); border-radius: 8px; background-color: rgb(255, 255, 255);&quot;
      &gt;
        &lt;h4
          style=&quot;margin: 0px 0px 0.5rem 0px; color: rgb(102, 102, 102); font-size: 0.9rem;&quot;
        &gt;
          Day Change
        &lt;/h4&gt;
        &lt;div
          style=&quot;font-size: 1.5rem; font-weight: bold; color: rgb(76, 175, 80);&quot;
        &gt;
          +
          $
          2,500
           (
          +
          2.04
          %)
        &lt;/div&gt;
      &lt;/div&gt;
      &lt;div
        class=&quot;metric-card&quot;
        style=&quot;padding: 1rem; border: 1px solid rgb(224, 224, 224); border-radius: 8px; background-color: rgb(255, 255, 255);&quot;
      &gt;
        &lt;h4
          style=&quot;margin: 0px 0px 0.5rem 0px; color: rgb(102, 102, 102); font-size: 0.9rem;&quot;
        &gt;
          Market Status
        &lt;/h4&gt;
        &lt;div
          style=&quot;font-size: 1.5rem; font-weight: bold; color: rgb(244, 67, 54);&quot;
        &gt;
          Closed
        &lt;/div&gt;
      &lt;/div&gt;
      &lt;div
        class=&quot;metric-card&quot;
        style=&quot;padding: 1rem; border: 1px solid rgb(224, 224, 224); border-radius: 8px; background-color: rgb(255, 255, 255);&quot;
      &gt;
        &lt;h4
          style=&quot;margin: 0px 0px 0.5rem 0px; color: rgb(102, 102, 102); font-size: 0.9rem;&quot;
        &gt;
          Alerts
        &lt;/h4&gt;
        &lt;div
          style=&quot;font-size: 1.5rem; font-weight: bold;&quot;
        &gt;
          0
        &lt;/div&gt;
      &lt;/div&gt;
    &lt;/div&gt;
  &lt;/div&gt;
&lt;/body&gt;
 ❯ Object.getElementError node_modules/@testing-library/react/node_modules/@testing-library/dom/dist/config.js:37:19
 ❯ node_modules/@testing-library/react/node_modules/@testing-library/dom/dist/query-helpers.js:76:38
 ❯ node_modules/@testing-library/react/node_modules/@testing-library/dom/dist/query-helpers.js:52:17
 ❯ node_modules/@testing-library/react/node_modules/@testing-library/dom/dist/query-helpers.js:95:19
 ❯ src/tests/unit/components/dashboard-components.test.jsx:152:21
            </failure>
            <failure message="Unable to find an element with the text: Portfolio Metrics. This could be because the text is broken up by multiple elements. In this case, you can provide a function for your text matcher to make your matcher more flexible.

Ignored nodes: comments, script, style
[36m&lt;body&gt;[39m
  [36m&lt;div&gt;[39m
    [36m&lt;div[39m
      [33mclass[39m=[32m&quot;metrics-overview&quot;[39m
      [33mstyle[39m=[32m&quot;display: grid; grid-template-columns: repeat(auto-fit, minmax(200px, 1fr)); gap: 1rem;&quot;[39m
    [36m&gt;[39m
      [36m&lt;div[39m
        [33mclass[39m=[32m&quot;metric-card&quot;[39m
        [33mstyle[39m=[32m&quot;padding: 1rem; border: 1px solid rgb(224, 224, 224); border-radius: 8px; background-color: rgb(255, 255, 255);&quot;[39m
      [36m&gt;[39m
        [36m&lt;h4[39m
          [33mstyle[39m=[32m&quot;margin: 0px 0px 0.5rem 0px; color: rgb(102, 102, 102); font-size: 0.9rem;&quot;[39m
        [36m&gt;[39m
          [0mPortfolio Value[0m
        [36m&lt;/h4&gt;[39m
        [36m&lt;div[39m
          [33mstyle[39m=[32m&quot;font-size: 1.5rem; font-weight: bold;&quot;[39m
        [36m&gt;[39m
          [0m$[0m
          [0m0[0m
        [36m&lt;/div&gt;[39m
      [36m&lt;/div&gt;[39m
      [36m&lt;div[39m
        [33mclass[39m=[32m&quot;metric-card&quot;[39m
        [33mstyle[39m=[32m&quot;padding: 1rem; border: 1px solid rgb(224, 224, 224); border-radius: 8px; background-color: rgb(255, 255, 255);&quot;[39m
      [36m&gt;[39m
        [36m&lt;h4[39m
          [33mstyle[39m=[32m&quot;margin: 0px 0px 0.5rem 0px; color: rgb(102, 102, 102); font-size: 0.9rem;&quot;[39m
        [36m&gt;[39m
          [0mDay Change[0m
        [36m&lt;/h4&gt;[39m
        [36m&lt;div[39m
          [33mstyle[39m=[32m&quot;font-size: 1.5rem; font-weight: bold; color: rgb(76, 175, 80);&quot;[39m
        [36m&gt;[39m
          [0m+[0m
          [0m$[0m
          [0m2,500[0m
          [0m ([0m
          [0m+[0m
          [0m2.04[0m
          [0m%)[0m
        [36m&lt;/div&gt;[39m
      [36m&lt;/div&gt;[39m
      [36m&lt;div[39m
        [33mclass[39m=[32m&quot;metric-card&quot;[39m
        [33mstyle[39m=[32m&quot;padding: 1rem; border: 1px solid rgb(224, 224, 224); border-radius: 8px; background-color: rgb(255, 255, 255);&quot;[39m
      [36m&gt;[39m
        [36m&lt;h4[39m
          [33mstyle[39m=[32m&quot;margin: 0px 0px 0.5rem 0px; color: rgb(102, 102, 102); font-size: 0.9rem;&quot;[39m
        [36m&gt;[39m
          [0mMarket Status[0m
        [36m&lt;/h4&gt;[39m
        [36m&lt;div[39m
          [33mstyle[39m=[32m&quot;font-size: 1.5rem; font-weight: bold; color: rgb(244, 67, 54);&quot;[39m
        [36m&gt;[39m
          [0mClosed[0m
        [36m&lt;/div&gt;[39m
      [36m&lt;/div&gt;[39m
      [36m&lt;div[39m
        [33mclass[39m=[32m&quot;metric-card&quot;[39m
        [33mstyle[39m=[32m&quot;padding: 1rem; border: 1px solid rgb(224, 224, 224); border-radius: 8px; background-color: rgb(255, 255, 255);&quot;[39m
      [36m&gt;[39m
        [36m&lt;h4[39m
          [33mstyle[39m=[32m&quot;margin: 0px 0px 0.5rem 0px; color: rgb(102, 102, 102); font-size: 0.9rem;&quot;[39m
        [36m&gt;[39m
          [0mAlerts[0m
        [36m&lt;/h4&gt;[39m
        [36m&lt;div[39m
          [33mstyle[39m=[32m&quot;font-size: 1.5rem; font-weight: bold;&quot;[39m
        [36m&gt;[39m
          [0m0[0m
        [36m&lt;/div&gt;[39m
      [36m&lt;/div&gt;[39m
    [36m&lt;/div&gt;[39m
  [36m&lt;/div&gt;[39m
[36m&lt;/body&gt;[39m" type="TestingLibraryElementError">
TestingLibraryElementError: Unable to find an element with the text: Portfolio Metrics. This could be because the text is broken up by multiple elements. In this case, you can provide a function for your text matcher to make your matcher more flexible.

Ignored nodes: comments, script, style
&lt;body&gt;
  &lt;div&gt;
    &lt;div
      class=&quot;metrics-overview&quot;
      style=&quot;display: grid; grid-template-columns: repeat(auto-fit, minmax(200px, 1fr)); gap: 1rem;&quot;
    &gt;
      &lt;div
        class=&quot;metric-card&quot;
        style=&quot;padding: 1rem; border: 1px solid rgb(224, 224, 224); border-radius: 8px; background-color: rgb(255, 255, 255);&quot;
      &gt;
        &lt;h4
          style=&quot;margin: 0px 0px 0.5rem 0px; color: rgb(102, 102, 102); font-size: 0.9rem;&quot;
        &gt;
          Portfolio Value
        &lt;/h4&gt;
        &lt;div
          style=&quot;font-size: 1.5rem; font-weight: bold;&quot;
        &gt;
          $
          0
        &lt;/div&gt;
      &lt;/div&gt;
      &lt;div
        class=&quot;metric-card&quot;
        style=&quot;padding: 1rem; border: 1px solid rgb(224, 224, 224); border-radius: 8px; background-color: rgb(255, 255, 255);&quot;
      &gt;
        &lt;h4
          style=&quot;margin: 0px 0px 0.5rem 0px; color: rgb(102, 102, 102); font-size: 0.9rem;&quot;
        &gt;
          Day Change
        &lt;/h4&gt;
        &lt;div
          style=&quot;font-size: 1.5rem; font-weight: bold; color: rgb(76, 175, 80);&quot;
        &gt;
          +
          $
          2,500
           (
          +
          2.04
          %)
        &lt;/div&gt;
      &lt;/div&gt;
      &lt;div
        class=&quot;metric-card&quot;
        style=&quot;padding: 1rem; border: 1px solid rgb(224, 224, 224); border-radius: 8px; background-color: rgb(255, 255, 255);&quot;
      &gt;
        &lt;h4
          style=&quot;margin: 0px 0px 0.5rem 0px; color: rgb(102, 102, 102); font-size: 0.9rem;&quot;
        &gt;
          Market Status
        &lt;/h4&gt;
        &lt;div
          style=&quot;font-size: 1.5rem; font-weight: bold; color: rgb(244, 67, 54);&quot;
        &gt;
          Closed
        &lt;/div&gt;
      &lt;/div&gt;
      &lt;div
        class=&quot;metric-card&quot;
        style=&quot;padding: 1rem; border: 1px solid rgb(224, 224, 224); border-radius: 8px; background-color: rgb(255, 255, 255);&quot;
      &gt;
        &lt;h4
          style=&quot;margin: 0px 0px 0.5rem 0px; color: rgb(102, 102, 102); font-size: 0.9rem;&quot;
        &gt;
          Alerts
        &lt;/h4&gt;
        &lt;div
          style=&quot;font-size: 1.5rem; font-weight: bold;&quot;
        &gt;
          0
        &lt;/div&gt;
      &lt;/div&gt;
    &lt;/div&gt;
  &lt;/div&gt;
&lt;/body&gt;
 ❯ Object.getElementError node_modules/@testing-library/react/node_modules/@testing-library/dom/dist/config.js:37:19
 ❯ node_modules/@testing-library/react/node_modules/@testing-library/dom/dist/query-helpers.js:76:38
 ❯ node_modules/@testing-library/react/node_modules/@testing-library/dom/dist/query-helpers.js:52:17
 ❯ node_modules/@testing-library/react/node_modules/@testing-library/dom/dist/query-helpers.js:95:19
 ❯ src/tests/unit/components/dashboard-components.test.jsx:152:21
            </failure>
            <failure message="Unable to find an element with the text: Portfolio Metrics. This could be because the text is broken up by multiple elements. In this case, you can provide a function for your text matcher to make your matcher more flexible.

Ignored nodes: comments, script, style
[36m&lt;body&gt;[39m
  [36m&lt;div&gt;[39m
    [36m&lt;div[39m
      [33mclass[39m=[32m&quot;metrics-overview&quot;[39m
      [33mstyle[39m=[32m&quot;display: grid; grid-template-columns: repeat(auto-fit, minmax(200px, 1fr)); gap: 1rem;&quot;[39m
    [36m&gt;[39m
      [36m&lt;div[39m
        [33mclass[39m=[32m&quot;metric-card&quot;[39m
        [33mstyle[39m=[32m&quot;padding: 1rem; border: 1px solid rgb(224, 224, 224); border-radius: 8px; background-color: rgb(255, 255, 255);&quot;[39m
      [36m&gt;[39m
        [36m&lt;h4[39m
          [33mstyle[39m=[32m&quot;margin: 0px 0px 0.5rem 0px; color: rgb(102, 102, 102); font-size: 0.9rem;&quot;[39m
        [36m&gt;[39m
          [0mPortfolio Value[0m
        [36m&lt;/h4&gt;[39m
        [36m&lt;div[39m
          [33mstyle[39m=[32m&quot;font-size: 1.5rem; font-weight: bold;&quot;[39m
        [36m&gt;[39m
          [0m$[0m
          [0m0[0m
        [36m&lt;/div&gt;[39m
      [36m&lt;/div&gt;[39m
      [36m&lt;div[39m
        [33mclass[39m=[32m&quot;metric-card&quot;[39m
        [33mstyle[39m=[32m&quot;padding: 1rem; border: 1px solid rgb(224, 224, 224); border-radius: 8px; background-color: rgb(255, 255, 255);&quot;[39m
      [36m&gt;[39m
        [36m&lt;h4[39m
          [33mstyle[39m=[32m&quot;margin: 0px 0px 0.5rem 0px; color: rgb(102, 102, 102); font-size: 0.9rem;&quot;[39m
        [36m&gt;[39m
          [0mDay Change[0m
        [36m&lt;/h4&gt;[39m
        [36m&lt;div[39m
          [33mstyle[39m=[32m&quot;font-size: 1.5rem; font-weight: bold; color: rgb(76, 175, 80);&quot;[39m
        [36m&gt;[39m
          [0m+[0m
          [0m$[0m
          [0m2,500[0m
          [0m ([0m
          [0m+[0m
          [0m2.04[0m
          [0m%)[0m
        [36m&lt;/div&gt;[39m
      [36m&lt;/div&gt;[39m
      [36m&lt;div[39m
        [33mclass[39m=[32m&quot;metric-card&quot;[39m
        [33mstyle[39m=[32m&quot;padding: 1rem; border: 1px solid rgb(224, 224, 224); border-radius: 8px; background-color: rgb(255, 255, 255);&quot;[39m
      [36m&gt;[39m
        [36m&lt;h4[39m
          [33mstyle[39m=[32m&quot;margin: 0px 0px 0.5rem 0px; color: rgb(102, 102, 102); font-size: 0.9rem;&quot;[39m
        [36m&gt;[39m
          [0mMarket Status[0m
        [36m&lt;/h4&gt;[39m
        [36m&lt;div[39m
          [33mstyle[39m=[32m&quot;font-size: 1.5rem; font-weight: bold; color: rgb(244, 67, 54);&quot;[39m
        [36m&gt;[39m
          [0mClosed[0m
        [36m&lt;/div&gt;[39m
      [36m&lt;/div&gt;[39m
      [36m&lt;div[39m
        [33mclass[39m=[32m&quot;metric-card&quot;[39m
        [33mstyle[39m=[32m&quot;padding: 1rem; border: 1px solid rgb(224, 224, 224); border-radius: 8px; background-color: rgb(255, 255, 255);&quot;[39m
      [36m&gt;[39m
        [36m&lt;h4[39m
          [33mstyle[39m=[32m&quot;margin: 0px 0px 0.5rem 0px; color: rgb(102, 102, 102); font-size: 0.9rem;&quot;[39m
        [36m&gt;[39m
          [0mAlerts[0m
        [36m&lt;/h4&gt;[39m
        [36m&lt;div[39m
          [33mstyle[39m=[32m&quot;font-size: 1.5rem; font-weight: bold;&quot;[39m
        [36m&gt;[39m
          [0m0[0m
        [36m&lt;/div&gt;[39m
      [36m&lt;/div&gt;[39m
    [36m&lt;/div&gt;[39m
  [36m&lt;/div&gt;[39m
[36m&lt;/body&gt;[39m" type="TestingLibraryElementError">
[...]
    [36m&gt;[39m
      [36m&lt;div[39m
        [33mclass[39m=[32m&quot;metric-card&quot;[39m
        [33mstyle[39m=[32m&quot;padding: 1rem; border: 1px solid rgb(224, 224, 224); border-radius: 8px; background-color: rgb(255, 255, 255);&quot;[39m
      [36m&gt;[39m
        [36m&lt;h4[39m
          [33mstyle[39m=[32m&quot;margin: 0px 0px 0.5rem 0px; color: rgb(102, 102, 102); font-size: 0.9rem;&quot;[39m
        [36m&gt;[39m
          [0mPortfolio Value[0m
        [36m&lt;/h4&gt;[39m
        [36m&lt;div[39m
          [33mstyle[39m=[32m&quot;font-size: 1.5rem; font-weight: bold;&quot;[39m
        [36m&gt;[39m
          [0m$[0m
          [0m0[0m
        [36m&lt;/div&gt;[39m
      [36m&lt;/div&gt;[39m
      [36m&lt;div[39m
        [33mclass[39m=[32m&quot;metric-card&quot;[39m
        [33mstyle[39m=[32m&quot;padding: 1rem; border: 1px solid rgb(224, 224, 224); border-radius: 8px; background-color: rgb(255, 255, 255);&quot;[39m
      [36m&gt;[39m
        [36m&lt;h4[39m
          [33mstyle[39m=[32m&quot;margin: 0px 0px 0.5rem 0px; color: rgb(102, 102, 102); font-size: 0.9rem;&quot;[39m
        [36m&gt;[39m
          [0mDay Change[0m
        [36m&lt;/h4&gt;[39m
        [36m&lt;div[39m
          [33mstyle[39m=[32m&quot;font-size: 1.5rem; font-weight: bold; color: rgb(244, 67, 54);&quot;[39m
        [36m&gt;[39m
          [0m$[0m
          [0m-1,500[0m
          [0m ([0m
          [0m-1.18[0m
          [0m%)[0m
        [36m&lt;/div&gt;[39m
      [36m&lt;/div&gt;[39m
      [36m&lt;div[39m
        [33mclass[39m=[32m&quot;metric-card&quot;[39m
        [33mstyle[39m=[32m&quot;padding: 1rem; border: 1px solid rgb(224, 224, 224); border-radius: 8px; background-color: rgb(255, 255, 255);&quot;[39m
      [36m&gt;[39m
        [36m&lt;h4[39m
          [33mstyle[39m=[32m&quot;margin: 0px 0px 0.5rem 0px; color: rgb(102, 102, 102); font-size: 0.9rem;&quot;[39m
        [36m&gt;[39m
          [0mMarket Status[0m
        [36m&lt;/h4&gt;[39m
        [36m&lt;div[39m
          [33mstyle[39m=[32m&quot;font-size: 1.5rem; font-weight: bold; color: rgb(244, 67, 54);&quot;[39m
        [36m&gt;[39m
          [0mClosed[0m
        [36m&lt;/div&gt;[39m
      [36m&lt;/div&gt;[39m
      [36m&lt;div[39m
        [33mclass[39m=[32m&quot;metric-card&quot;[39m
        [33mstyle[39m=[32m&quot;padding: 1rem; border: 1px solid rgb(224, 224, 224); border-radius: 8px; background-color: rgb(255, 255, 255);&quot;[39m
      [36m&gt;[39m
        [36m&lt;h4[39m
          [33mstyle[39m=[32m&quot;margin: 0px 0px 0.5rem 0px; color: rgb(102, 102, 102); font-size: 0.9rem;&quot;[39m
        [36m&gt;[39m
          [0mAlerts[0m
        [36m&lt;/h4&gt;[39m
        [36m&lt;div[39m
          [33mstyle[39m=[32m&quot;font-size: 1.5rem; font-weight: bold;&quot;[39m
        [36m&gt;[39m
          [0m0[0m
        [36m&lt;/div&gt;[39m
      [36m&lt;/div&gt;[39m
    [36m&lt;/div&gt;[39m
  [36m&lt;/div&gt;[39m
[36m&lt;/body&gt;[39m" type="TestingLibraryElementError">
TestingLibraryElementError: Unable to find an element with the text: -$1,500. This could be because the text is broken up by multiple elements. In this case, you can provide a function for your text matcher to make your matcher more flexible.

Ignored nodes: comments, script, style
&lt;body&gt;
  &lt;div&gt;
    &lt;div
      class=&quot;metrics-overview&quot;
      style=&quot;display: grid; grid-template-columns: repeat(auto-fit, minmax(200px, 1fr)); gap: 1rem;&quot;
    &gt;
      &lt;div
        class=&quot;metric-card&quot;
        style=&quot;padding: 1rem; border: 1px solid rgb(224, 224, 224); border-radius: 8px; background-color: rgb(255, 255, 255);&quot;
      &gt;
        &lt;h4
          style=&quot;margin: 0px 0px 0.5rem 0px; color: rgb(102, 102, 102); font-size: 0.9rem;&quot;
        &gt;
          Portfolio Value
        &lt;/h4&gt;
        &lt;div
          style=&quot;font-size: 1.5rem; font-weight: bold;&quot;
        &gt;
          $
          0
        &lt;/div&gt;
      &lt;/div&gt;
      &lt;div
        class=&quot;metric-card&quot;
        style=&quot;padding: 1rem; border: 1px solid rgb(224, 224, 224); border-radius: 8px; background-color: rgb(255, 255, 255);&quot;
      &gt;
        &lt;h4
          style=&quot;margin: 0px 0px 0.5rem 0px; color: rgb(102, 102, 102); font-size: 0.9rem;&quot;
        &gt;
          Day Change
        &lt;/h4&gt;
        &lt;div
          style=&quot;font-size: 1.5rem; font-weight: bold; color: rgb(244, 67, 54);&quot;
        &gt;
          $
          -1,500
           (
          -1.18
          %)
        &lt;/div&gt;
      &lt;/div&gt;
      &lt;div
        class=&quot;metric-card&quot;
        style=&quot;padding: 1rem; border: 1px solid rgb(224, 224, 224); border-radius: 8px; background-color: rgb(255, 255, 255);&quot;
      &gt;
        &lt;h4
          style=&quot;margin: 0px 0px 0.5rem 0px; color: rgb(102, 102, 102); font-size: 0.9rem;&quot;
        &gt;
          Market Status
        &lt;/h4&gt;
        &lt;div
          style=&quot;font-size: 1.5rem; font-weight: bold; color: rgb(244, 67, 54);&quot;
        &gt;
          Closed
        &lt;/div&gt;
      &lt;/div&gt;
      &lt;div
        class=&quot;metric-card&quot;
        style=&quot;padding: 1rem; border: 1px solid rgb(224, 224, 224); border-radius: 8px; background-color: rgb(255, 255, 255);&quot;
      &gt;
        &lt;h4
          style=&quot;margin: 0px 0px 0.5rem 0px; color: rgb(102, 102, 102); font-size: 0.9rem;&quot;
        &gt;
          Alerts
        &lt;/h4&gt;
        &lt;div
          style=&quot;font-size: 1.5rem; font-weight: bold;&quot;
        &gt;
          0
        &lt;/div&gt;
      &lt;/div&gt;
    &lt;/div&gt;
  &lt;/div&gt;
&lt;/body&gt;
 ❯ Object.getElementError node_modules/@testing-library/react/node_modules/@testing-library/dom/dist/config.js:37:19
 ❯ node_modules/@testing-library/react/node_modules/@testing-library/dom/dist/query-helpers.js:76:38
 ❯ node_modules/@testing-library/react/node_modules/@testing-library/dom/dist/query-helpers.js:52:17
 ❯ node_modules/@testing-library/react/node_modules/@testing-library/dom/dist/query-helpers.js:95:19
 ❯ src/tests/unit/components/dashboard-components.test.jsx:179:21
            </failure>
            <failure message="Unable to find an element with the text: -$1,500. This could be because the text is broken up by multiple elements. In this case, you can provide a function for your text matcher to make your matcher more flexible.

Ignored nodes: comments, script, style
[36m&lt;body&gt;[39m
  [36m&lt;div&gt;[39m
    [36m&lt;div[39m
      [33mclass[39m=[32m&quot;metrics-overview&quot;[39m
      [33mstyle[39m=[32m&quot;display: grid; grid-template-columns: repeat(auto-fit, minmax(200px, 1fr)); gap: 1rem;&quot;[39m
    [36m&gt;[39m
      [36m&lt;div[39m
        [33mclass[39m=[32m&quot;metric-card&quot;[39m
        [33mstyle[39m=[32m&quot;padding: 1rem; border: 1px solid rgb(224, 224, 224); border-radius: 8px; background-color: rgb(255, 255, 255);&quot;[39m
      [36m&gt;[39m
        [36m&lt;h4[39m
          [33mstyle[39m=[32m&quot;margin: 0px 0px 0.5rem 0px; color: rgb(102, 102, 102); font-size: 0.9rem;&quot;[39m
        [36m&gt;[39m
          [0mPortfolio Value[0m
        [36m&lt;/h4&gt;[39m
        [36m&lt;div[39m
          [33mstyle[39m=[32m&quot;font-size: 1.5rem; font-weight: bold;&quot;[39m
        [36m&gt;[39m
          [0m$[0m
          [0m0[0m
        [36m&lt;/div&gt;[39m
      [36m&lt;/div&gt;[39m
      [36m&lt;div[39m
        [33mclass[39m=[32m&quot;metric-card&quot;[39m
        [33mstyle[39m=[32m&quot;padding: 1rem; border: 1px solid rgb(224, 224, 224); border-radius: 8px; background-color: rgb(255, 255, 255);&quot;[39m
      [36m&gt;[39m
        [36m&lt;h4[39m
          [33mstyle[39m=[32m&quot;margin: 0px 0px 0.5rem 0px; color: rgb(102, 102, 102); font-size: 0.9rem;&quot;[39m
        [36m&gt;[39m
          [0mDay Change[0m
        [36m&lt;/h4&gt;[39m
        [36m&lt;div[39m
          [33mstyle[39m=[32m&quot;font-size: 1.5rem; font-weight: bold; color: rgb(244, 67, 54);&quot;[39m
        [36m&gt;[39m
          [0m$[0m
          [0m-1,500[0m
          [0m ([0m
          [0m-1.18[0m
          [0m%)[0m
        [36m&lt;/div&gt;[39m
      [36m&lt;/div&gt;[39m
      [36m&lt;div[39m
        [33mclass[39m=[32m&quot;metric-card&quot;[39m
        [33mstyle[39m=[32m&quot;padding: 1rem; border: 1px solid rgb(224, 224, 224); border-radius: 8px; background-color: rgb(255, 255, 255);&quot;[39m
      [36m&gt;[39m
        [36m&lt;h4[39m
          [33mstyle[39m=[32m&quot;margin: 0px 0px 0.5rem 0px; color: rgb(102, 102, 102); font-size: 0.9rem;&quot;[39m
        [36m&gt;[39m
          [0mMarket Status[0m
        [36m&lt;/h4&gt;[39m
        [36m&lt;div[39m
          [33mstyle[39m=[32m&quot;font-size: 1.5rem; font-weight: bold; color: rgb(244, 67, 54);&quot;[39m
        [36m&gt;[39m
          [0mClosed[0m
        [36m&lt;/div&gt;[39m
      [36m&lt;/div&gt;[39m
      [36m&lt;div[39m
        [33mclass[39m=[32m&quot;metric-card&quot;[39m
        [33mstyle[39m=[32m&quot;padding: 1rem; border: 1px solid rgb(224, 224, 224); border-radius: 8px; background-color: rgb(255, 255, 255);&quot;[39m
      [36m&gt;[39m
        [36m&lt;h4[39m
          [33mstyle[39m=[32m&quot;margin: 0px 0px 0.5rem 0px; color: rgb(102, 102, 102); font-size: 0.9rem;&quot;[39m
        [36m&gt;[39m
          [0mAlerts[0m
        [36m&lt;/h4&gt;[39m
        [36m&lt;div[39m
          [33mstyle[39m=[32m&quot;font-size: 1.5rem; font-weight: bold;&quot;[39m
        [36m&gt;[39m
          [0m0[0m
        [36m&lt;/div&gt;[39m
      [36m&lt;/div&gt;[39m
    [36m&lt;/div&gt;[39m
  [36m&lt;/div&gt;[39m
[36m&lt;/body&gt;[39m" type="TestingLibraryElementError">
TestingLibraryElementError: Unable to find an element with the text: -$1,500. This could be because the text is broken up by multiple elements. In this case, you can provide a function for your text matcher to make your matcher more flexible.

Ignored nodes: comments, script, style
&lt;body&gt;
  &lt;div&gt;
    &lt;div
      class=&quot;metrics-overview&quot;
      style=&quot;display: grid; grid-template-columns: repeat(auto-fit, minmax(200px, 1fr)); gap: 1rem;&quot;
    &gt;
      &lt;div
        class=&quot;metric-card&quot;
        style=&quot;padding: 1rem; border: 1px solid rgb(224, 224, 224); border-radius: 8px; background-color: rgb(255, 255, 255);&quot;
      &gt;
        &lt;h4
          style=&quot;margin: 0px 0px 0.5rem 0px; color: rgb(102, 102, 102); font-size: 0.9rem;&quot;
        &gt;
          Portfolio Value
        &lt;/h4&gt;
        &lt;div
          style=&quot;font-size: 1.5rem; font-weight: bold;&quot;
        &gt;
          $
          0
        &lt;/div&gt;
      &lt;/div&gt;
      &lt;div
        class=&quot;metric-card&quot;
        style=&quot;padding: 1rem; border: 1px solid rgb(224, 224, 224); border-radius: 8px; background-color: rgb(255, 255, 255);&quot;
      &gt;
        &lt;h4
          style=&quot;margin: 0px 0px 0.5rem 0px; color: rgb(102, 102, 102); font-size: 0.9rem;&quot;
        &gt;
          Day Change
        &lt;/h4&gt;
        &lt;div
          style=&quot;font-size: 1.5rem; font-weight: bold; color: rgb(244, 67, 54);&quot;
        &gt;
          $
          -1,500
           (
          -1.18
          %)
        &lt;/div&gt;
      &lt;/div&gt;
      &lt;div
        class=&quot;metric-card&quot;
        style=&quot;padding: 1rem; border: 1px solid rgb(224, 224, 224); border-radius: 8px; background-color: rgb(255, 255, 255);&quot;
      &gt;
        &lt;h4
          style=&quot;margin: 0px 0px 0.5rem 0px; color: rgb(102, 102, 102); font-size: 0.9rem;&quot;
        &gt;
          Market Status
        &lt;/h4&gt;
        &lt;div
          style=&quot;font-size: 1.5rem; font-weight: bold; color: rgb(244, 67, 54);&quot;
        &gt;
          Closed
        &lt;/div&gt;
      &lt;/div&gt;
      &lt;div
        class=&quot;metric-card&quot;
        style=&quot;padding: 1rem; border: 1px solid rgb(224, 224, 224); border-radius: 8px; background-color: rgb(255, 255, 255);&quot;
      &gt;
        &lt;h4
          style=&quot;margin: 0px 0px 0.5rem 0px; color: rgb(102, 102, 102); font-size: 0.9rem;&quot;
        &gt;
          Alerts
        &lt;/h4&gt;
        &lt;div
          style=&quot;font-size: 1.5rem; font-weight: bold;&quot;
        &gt;
          0
        &lt;/div&gt;
      &lt;/div&gt;
    &lt;/div&gt;
  &lt;/div&gt;
&lt;/body&gt;
 ❯ Object.getElementError node_modules/@testing-library/react/node_modules/@testing-library/dom/dist/config.js:37:19
 ❯ node_modules/@testing-library/react/node_modules/@testing-library/dom/dist/query-helpers.js:76:38
 ❯ node_modules/@testing-library/react/node_modules/@testing-library/dom/dist/query-helpers.js:52:17
 ❯ node_modules/@testing-library/react/node_modules/@testing-library/dom/dist/query-helpers.js:95:19
 ❯ src/tests/unit/components/dashboard-components.test.jsx:179:21
            </failure>
            <failure message="Unable to find an element with the text: -$1,500. This could be because the text is broken up by multiple elements. In this case, you can provide a function for your text matcher to make your matcher more flexible.

Ignored nodes: comments, script, style
[36m&lt;body&gt;[39m
  [36m&lt;div&gt;[39m
    [36m&lt;div[39m
      [33mclass[39m=[32m&quot;metrics-overview&quot;[39m
      [33mstyle[39m=[32m&quot;display: grid; grid-template-columns: repeat(auto-fit, minmax(200px, 1fr)); gap: 1rem;&quot;[39m
    [36m&gt;[39m
      [36m&lt;div[39m
        [33mclass[39m=[32m&quot;metric-card&quot;[39m
        [33mstyle[39m=[32m&quot;padding: 1rem; border: 1px solid rgb(224, 224, 224); border-radius: 8px; background-color: rgb(255, 255, 255);&quot;[39m
      [36m&gt;[39m
        [36m&lt;h4[39m
          [33mstyle[39m=[32m&quot;margin: 0px 0px 0.5rem 0px; color: rgb(102, 102, 102); font-size: 0.9rem;&quot;[39m
        [36m&gt;[39m
          [0mPortfolio Value[0m
        [36m&lt;/h4&gt;[39m
        [36m&lt;div[39m
          [33mstyle[39m=[32m&quot;font-size: 1.5rem; font-weight: bold;&quot;[39m
        [36m&gt;[39m
          [0m$[0m
          [0m0[0m
        [36m&lt;/div&gt;[39m
      [36m&lt;/div&gt;[39m
      [36m&lt;div[39m
        [33mclass[39m=[32m&quot;metric-card&quot;[39m
        [33mstyle[39m=[32m&quot;padding: 1rem; border: 1px solid rgb(224, 224, 224); border-radius: 8px; background-color: rgb(255, 255, 255);&quot;[39m
      [36m&gt;[39m
        [36m&lt;h4[39m
          [33mstyle[39m=[32m&quot;margin: 0px 0px 0.5rem 0px; color: rgb(102, 102, 102); font-size: 0.9rem;&quot;[39m
        [36m&gt;[39m
          [0mDay Change[0m
        [36m&lt;/h4&gt;[39m
        [36m&lt;div[39m
          [33mstyle[39m=[32m&quot;font-size: 1.5rem; font-weight: bold; color: rgb(244, 67, 54);&quot;[39m
        [36m&gt;[39m
          [0m$[0m
          [0m-1,500[0m
          [0m ([0m
          [0m-1.18[0m
          [0m%)[0m
        [36m&lt;/div&gt;[39m
      [36m&lt;/div&gt;[39m
      [36m&lt;div[39m
        [33mclass[39m=[32m&quot;metric-card&quot;[39m
        [33mstyle[39m=[32m&quot;padding: 1rem; border: 1px solid rgb(224, 224, 224); border-radius: 8px; background-color: rgb(255, 255, 255);&quot;[39m
      [36m&gt;[39m
        [36m&lt;h4[39m
          [33mstyle[39m=[32m&quot;margin: 0px 0px 0.5rem 0px; color: rgb(102, 102, 102); font-size: 0.9rem;&quot;[39m
        [36m&gt;[39m
          [0mMarket Status[0m
        [36m&lt;/h4&gt;[39m
        [36m&lt;div[39m
          [33mstyle[39m=[32m&quot;font-size: 1.5rem; font-weight: bold; color: rgb(244, 67, 54);&quot;[39m
        [36m&gt;[39m
          [0mClosed[0m
        [36m&lt;/div&gt;[39m
      [36m&lt;/div&gt;[39m
      [36m&lt;div[39m
        [33mclass[39m=[32m&quot;metric-card&quot;[39m
        [33mstyle[39m=[32m&quot;padding: 1rem; border: 1px solid rgb(224, 224, 224); border-radius: 8px; background-color: rgb(255, 255, 255);&quot;[39m
      [36m&gt;[39m
        [36m&lt;h4[39m
          [33mstyle[39m=[32m&quot;margin: 0px 0px 0.5rem 0px; color: rgb(102, 102, 102); font-size: 0.9rem;&quot;[39m
        [36m&gt;[39m
          [0mAlerts[0m
        [36m&lt;/h4&gt;[39m
        [36m&lt;div[39m
          [33mstyle[39m=[32m&quot;font-size: 1.5rem; font-weight: bold;&quot;[39m
        [36m&gt;[39m
          [0m0[0m
        [36m&lt;/div&gt;[39m
      [36m&lt;/div&gt;[39m
    [36m&lt;/div&gt;[39m
  [36m&lt;/div&gt;[39m
[36m&lt;/body&gt;[39m" type="TestingLibraryElementError">
TestingLibraryElementError: Unable to find an element with the text: -$1,500. This could be because the text is broken up by multiple elements. In this case, you can provide a function for your text matcher to make your matcher more flexible.

Ignored nodes: comments, script, style
&lt;body&gt;
  &lt;div&gt;
    &lt;div
      class=&quot;metrics-overview&quot;
      style=&quot;display: grid; grid-template-columns: repeat(auto-fit, minmax(200px, 1fr)); gap: 1rem;&quot;
    &gt;
      &lt;div
        class=&quot;metric-card&quot;
        style=&quot;padding: 1rem; border: 1px solid rgb(224, 224, 224); border-radius: 8px; background-color: rgb(255, 255, 255);&quot;
      &gt;
        &lt;h4
          style=&quot;margin: 0px 0px 0.5rem 0px; color: rgb(102, 102, 102); font-size: 0.9rem;&quot;
        &gt;
          Portfolio Value
        &lt;/h4&gt;
        &lt;div
          style=&quot;font-size: 1.5rem; font-weight: bold;&quot;
        &gt;
          $
          0
        &lt;/div&gt;
      &lt;/div&gt;
      &lt;div
        class=&quot;metric-card&quot;
        style=&quot;padding: 1rem; border: 1px solid rgb(224, 224, 224); border-radius: 8px; background-color: rgb(255, 255, 255);&quot;
      &gt;
        &lt;h4
          style=&quot;margin: 0px 0px 0.5rem 0px; color: rgb(102, 102, 102); font-size: 0.9rem;&quot;
        &gt;
          Day Change
        &lt;/h4&gt;
        &lt;div
          style=&quot;font-size: 1.5rem; font-weight: bold; color: rgb(244, 67, 54);&quot;
        &gt;
          $
          -1,500
           (
          -1.18
          %)
        &lt;/div&gt;
      &lt;/div&gt;
      &lt;div
        class=&quot;metric-card&quot;
        style=&quot;padding: 1rem; border: 1px solid rgb(224, 224, 224); border-radius: 8px; background-color: rgb(255, 255, 255);&quot;
      &gt;
        &lt;h4
          style=&quot;margin: 0px 0px 0.5rem 0px; color: rgb(102, 102, 102); font-size: 0.9rem;&quot;
        &gt;
          Market Status
        &lt;/h4&gt;
        &lt;div
          style=&quot;font-size: 1.5rem; font-weight: bold; color: rgb(244, 67, 54);&quot;
        &gt;
          Closed
        &lt;/div&gt;
      &lt;/div&gt;
      &lt;div
        class=&quot;metric-card&quot;
        style=&quot;padding: 1rem; border: 1px solid rgb(224, 224, 224); border-radius: 8px; background-color: rgb(255, 255, 255);&quot;
      &gt;
        &lt;h4
          style=&quot;margin: 0px 0px 0.5rem 0px; color: rgb(102, 102, 102); font-size: 0.9rem;&quot;
        &gt;
          Alerts
        &lt;/h4&gt;
        &lt;div
          style=&quot;font-size: 1.5rem; font-weight: bold;&quot;
        &gt;
          0
        &lt;/div&gt;
      &lt;/div&gt;
    &lt;/div&gt;
  &lt;/div&gt;
&lt;/body&gt;
 ❯ Object.getElementError node_modules/@testing-library/react/node_modules/@testing-library/dom/dist/config.js:37:19
 ❯ node_modules/@testing-library/react/node_modules/@testing-library/dom/dist/query-helpers.js:76:38
 ❯ node_modules/@testing-library/react/node_modules/@testing-library/dom/dist/query-helpers.js:52:17
 ❯ node_modules/@testing-library/react/node_modules/@testing-library/dom/dist/query-helpers.js:95:19
 ❯ src/tests/unit/components/dashboard-components.test.jsx:179:21
            </failure>
        </testcase>
        <testcase classname="src/tests/unit/components/dashboard-components.test.jsx" name="📱 Dashboard Components &gt; Dashboard Performance &gt; should render dashboard efficiently" time="0.001">
        </testcase>
    </testsuite>
</testsuites>
