<?xml version="1.0" encoding="UTF-8" ?>
<testsuites name="vitest tests" tests="11" failures="11" errors="0" time="3.911">
    <testsuite name="src/tests/integration/dashboard-usesimplefetch.test.jsx" timestamp="2025-07-26T17:38:46.921Z" hostname="LAPTOP-J9NJ3854" tests="11" failures="11" errors="0" skipped="0" time="0.105">
        <testcase classname="src/tests/integration/dashboard-usesimplefetch.test.jsx" name="🔄 Dashboard useSimpleFetch Integration Tests &gt; Real useSimpleFetch Integration &gt; should integrate with real useSimpleFetch hook for data loading" time="0.037">
            <system-err>
Error: Uncaught [Error: No QueryClient set, use QueryClientProvider to set one]
    at reportException (/home/stocks/algo/webapp/frontend/node_modules/jsdom/lib/jsdom/living/helpers/runtime-script-errors.js:66:24)
    at innerInvokeEventListeners (/home/stocks/algo/webapp/frontend/node_modules/jsdom/lib/jsdom/living/events/EventTarget-impl.js:353:9)
    at invokeEventListeners (/home/stocks/algo/webapp/frontend/node_modules/jsdom/lib/jsdom/living/events/EventTarget-impl.js:286:3)
    at HTMLUnknownElementImpl._dispatch (/home/stocks/algo/webapp/frontend/node_modules/jsdom/lib/jsdom/living/events/EventTarget-impl.js:233:9)
    at HTMLUnknownElementImpl.dispatchEvent (/home/stocks/algo/webapp/frontend/node_modules/jsdom/lib/jsdom/living/events/EventTarget-impl.js:104:17)
    at HTMLUnknownElement.dispatchEvent (/home/stocks/algo/webapp/frontend/node_modules/jsdom/lib/jsdom/living/generated/EventTarget.js:241:34)
    at Object.invokeGuardedCallbackDev (/home/stocks/algo/webapp/frontend/node_modules/react-dom/cjs/react-dom.development.js:4213:16)
    at invokeGuardedCallback (/home/stocks/algo/webapp/frontend/node_modules/react-dom/cjs/react-dom.development.js:4277:31)
    at beginWork$1 (/home/stocks/algo/webapp/frontend/node_modules/react-dom/cjs/react-dom.development.js:27490:7)
    at performUnitOfWork (/home/stocks/algo/webapp/frontend/node_modules/react-dom/cjs/react-dom.development.js:26599:12) Error: No QueryClient set, use QueryClientProvider to set one
    at useQueryClient (file:///home/stocks/algo/webapp/frontend/node_modules/@tanstack/react-query/src/QueryClientProvider.tsx:18:11)
    at useBaseQuery (file:///home/stocks/algo/webapp/frontend/node_modules/@tanstack/react-query/src/useBaseQuery.ts:54:18)
    at Module.useQuery (file:///home/stocks/algo/webapp/frontend/node_modules/@tanstack/react-query/src/useQuery.ts:51:10)
    at Module.useWatchlist (/home/stocks/algo/webapp/frontend/src/hooks/usePortfolioData.js:38:10)
    at usePortfolioData (/home/stocks/algo/webapp/frontend/src/pages/Dashboard.jsx:187:10)
    at Dashboard (/home/stocks/algo/webapp/frontend/src/pages/Dashboard.jsx:610:35)
    at renderWithHooks (/home/stocks/algo/webapp/frontend/node_modules/react-dom/cjs/react-dom.development.js:15486:18)
    at mountIndeterminateComponent (/home/stocks/algo/webapp/frontend/node_modules/react-dom/cjs/react-dom.development.js:20103:13)
    at beginWork (/home/stocks/algo/webapp/frontend/node_modules/react-dom/cjs/react-dom.development.js:21626:16)
    at HTMLUnknownElement.callCallback (/home/stocks/algo/webapp/frontend/node_modules/react-dom/cjs/react-dom.development.js:4164:14)
Error: Uncaught [Error: No QueryClient set, use QueryClientProvider to set one]
    at reportException (/home/stocks/algo/webapp/frontend/node_modules/jsdom/lib/jsdom/living/helpers/runtime-script-errors.js:66:24)
    at innerInvokeEventListeners (/home/stocks/algo/webapp/frontend/node_modules/jsdom/lib/jsdom/living/events/EventTarget-impl.js:353:9)
    at invokeEventListeners (/home/stocks/algo/webapp/frontend/node_modules/jsdom/lib/jsdom/living/events/EventTarget-impl.js:286:3)
    at HTMLUnknownElementImpl._dispatch (/home/stocks/algo/webapp/frontend/node_modules/jsdom/lib/jsdom/living/events/EventTarget-impl.js:233:9)
    at HTMLUnknownElementImpl.dispatchEvent (/home/stocks/algo/webapp/frontend/node_modules/jsdom/lib/jsdom/living/events/EventTarget-impl.js:104:17)
    at HTMLUnknownElement.dispatchEvent (/home/stocks/algo/webapp/frontend/node_modules/jsdom/lib/jsdom/living/generated/EventTarget.js:241:34)
    at Object.invokeGuardedCallbackDev (/home/stocks/algo/webapp/frontend/node_modules/react-dom/cjs/react-dom.development.js:4213:16)
    at invokeGuardedCallback (/home/stocks/algo/webapp/frontend/node_modules/react-dom/cjs/react-dom.development.js:4277:31)
    at beginWork$1 (/home/stocks/algo/webapp/frontend/node_modules/react-dom/cjs/react-dom.development.js:27490:7)
    at performUnitOfWork (/home/stocks/algo/webapp/frontend/node_modules/react-dom/cjs/react-dom.development.js:26599:12) Error: No QueryClient set, use QueryClientProvider to set one
    at useQueryClient (file:///home/stocks/algo/webapp/frontend/node_modules/@tanstack/react-query/src/QueryClientProvider.tsx:18:11)
    at useBaseQuery (file:///home/stocks/algo/webapp/frontend/node_modules/@tanstack/react-query/src/useBaseQuery.ts:54:18)
    at Module.useQuery (file:///home/stocks/algo/webapp/frontend/node_modules/@tanstack/react-query/src/useQuery.ts:51:10)
    at Module.useWatchlist (/home/stocks/algo/webapp/frontend/src/hooks/usePortfolioData.js:38:10)
    at usePortfolioData (/home/stocks/algo/webapp/frontend/src/pages/Dashboard.jsx:187:10)
    at Dashboard (/home/stocks/algo/webapp/frontend/src/pages/Dashboard.jsx:610:35)
    at renderWithHooks (/home/stocks/algo/webapp/frontend/node_modules/react-dom/cjs/react-dom.development.js:15486:18)
    at mountIndeterminateComponent (/home/stocks/algo/webapp/frontend/node_modules/react-dom/cjs/react-dom.development.js:20103:13)
    at beginWork (/home/stocks/algo/webapp/frontend/node_modules/react-dom/cjs/react-dom.development.js:21626:16)
    at HTMLUnknownElement.callCallback (/home/stocks/algo/webapp/frontend/node_modules/react-dom/cjs/react-dom.development.js:4164:14)
Error: Uncaught [Error: No QueryClient set, use QueryClientProvider to set one]
    at reportException (/home/stocks/algo/webapp/frontend/node_modules/jsdom/lib/jsdom/living/helpers/runtime-script-errors.js:66:24)
    at innerInvokeEventListeners (/home/stocks/algo/webapp/frontend/node_modules/jsdom/lib/jsdom/living/events/EventTarget-impl.js:353:9)
    at invokeEventListeners (/home/stocks/algo/webapp/frontend/node_modules/jsdom/lib/jsdom/living/events/EventTarget-impl.js:286:3)
    at HTMLUnknownElementImpl._dispatch (/home/stocks/algo/webapp/frontend/node_modules/jsdom/lib/jsdom/living/events/EventTarget-impl.js:233:9)
    at HTMLUnknownElementImpl.dispatchEvent (/home/stocks/algo/webapp/frontend/node_modules/jsdom/lib/jsdom/living/events/EventTarget-impl.js:104:17)
    at HTMLUnknownElement.dispatchEvent (/home/stocks/algo/webapp/frontend/node_modules/jsdom/lib/jsdom/living/generated/EventTarget.js:241:34)
    at Object.invokeGuardedCallbackDev (/home/stocks/algo/webapp/frontend/node_modules/react-dom/cjs/react-dom.development.js:4213:16)
    at invokeGuardedCallback (/home/stocks/algo/webapp/frontend/node_modules/react-dom/cjs/react-dom.development.js:4277:31)
    at beginWork$1 (/home/stocks/algo/webapp/frontend/node_modules/react-dom/cjs/react-dom.development.js:27490:7)
    at performUnitOfWork (/home/stocks/algo/webapp/frontend/node_modules/react-dom/cjs/react-dom.development.js:26599:12) Error: No QueryClient set, use QueryClientProvider to set one
    at useQueryClient (file:///home/stocks/algo/webapp/frontend/node_modules/@tanstack/react-query/src/QueryClientProvider.tsx:18:11)
    at useBaseQuery (file:///home/stocks/algo/webapp/frontend/node_modules/@tanstack/react-query/src/useBaseQuery.ts:54:18)
    at Module.useQuery (file:///home/stocks/algo/webapp/frontend/node_modules/@tanstack/react-query/src/useQuery.ts:51:10)
    at Module.useWatchlist (/home/stocks/algo/webapp/frontend/src/hooks/usePortfolioData.js:38:10)
    at usePortfolioData (/home/stocks/algo/webapp/frontend/src/pages/Dashboard.jsx:187:10)
    at Dashboard (/home/stocks/algo/webapp/frontend/src/pages/Dashboard.jsx:610:35)
    at renderWithHooks (/home/stocks/algo/webapp/frontend/node_modules/react-dom/cjs/react-dom.development.js:15486:18)
    at mountIndeterminateComponent (/home/stocks/algo/webapp/frontend/node_modules/react-dom/cjs/react-dom.development.js:20103:13)
    at beginWork (/home/stocks/algo/webapp/frontend/node_modules/react-dom/cjs/react-dom.development.js:21626:16)
    at HTMLUnknownElement.callCallback (/home/stocks/algo/webapp/frontend/node_modules/react-dom/cjs/react-dom.development.js:4164:14)
Error: Uncaught [Error: No QueryClient set, use QueryClientProvider to set one]
    at reportException (/home/stocks/algo/webapp/frontend/node_modules/jsdom/lib/jsdom/living/helpers/runtime-script-errors.js:66:24)
    at innerInvokeEventListeners (/home/stocks/algo/webapp/frontend/node_modules/jsdom/lib/jsdom/living/events/EventTarget-impl.js:353:9)
    at invokeEventListeners (/home/stocks/algo/webapp/frontend/node_modules/jsdom/lib/jsdom/living/events/EventTarget-impl.js:286:3)
    at HTMLUnknownElementImpl._dispatch (/home/stocks/algo/webapp/frontend/node_modules/jsdom/lib/jsdom/living/events/EventTarget-impl.js:233:9)
    at HTMLUnknownElementImpl.dispatchEvent (/home/stocks/algo/webapp/frontend/node_modules/jsdom/lib/jsdom/living/events/EventTarget-impl.js:104:17)
    at HTMLUnknownElement.dispatchEvent (/home/stocks/algo/webapp/frontend/node_modules/jsdom/lib/jsdom/living/generated/EventTarget.js:241:34)
    at Object.invokeGuardedCallbackDev (/home/stocks/algo/webapp/frontend/node_modules/react-dom/cjs/react-dom.development.js:4213:16)
    at invokeGuardedCallback (/home/stocks/algo/webapp/frontend/node_modules/react-dom/cjs/react-dom.development.js:4277:31)
    at beginWork$1 (/home/stocks/algo/webapp/frontend/node_modules/react-dom/cjs/react-dom.development.js:27490:7)
    at performUnitOfWork (/home/stocks/algo/webapp/frontend/node_modules/react-dom/cjs/react-dom.development.js:26599:12) Error: No QueryClient set, use QueryClientProvider to set one
    at useQueryClient (file:///home/stocks/algo/webapp/frontend/node_modules/@tanstack/react-query/src/QueryClientProvider.tsx:18:11)
    at useBaseQuery (file:///home/stocks/algo/webapp/frontend/node_modules/@tanstack/react-query/src/useBaseQuery.ts:54:18)
    at Module.useQuery (file:///home/stocks/algo/webapp/frontend/node_modules/@tanstack/react-query/src/useQuery.ts:51:10)
    at Module.useWatchlist (/home/stocks/algo/webapp/frontend/src/hooks/usePortfolioData.js:38:10)
    at usePortfolioData (/home/stocks/algo/webapp/frontend/src/pages/Dashboard.jsx:187:10)
    at Dashboard (/home/stocks/algo/webapp/frontend/src/pages/Dashboard.jsx:610:35)
    at renderWithHooks (/home/stocks/algo/webapp/frontend/node_modules/react-dom/cjs/react-dom.development.js:15486:18)
    at mountIndeterminateComponent (/home/stocks/algo/webapp/frontend/node_modules/react-dom/cjs/react-dom.development.js:20103:13)
    at beginWork (/home/stocks/algo/webapp/frontend/node_modules/react-dom/cjs/react-dom.development.js:21626:16)
    at HTMLUnknownElement.callCallback (/home/stocks/algo/webapp/frontend/node_modules/react-dom/cjs/react-dom.development.js:4164:14)
Error: Uncaught [Error: No QueryClient set, use QueryClientProvider to set one]
    at reportException (/home/stocks/algo/webapp/frontend/node_modules/jsdom/lib/jsdom/living/helpers/runtime-script-errors.js:66:24)
    at innerInvokeEventListeners (/home/stocks/algo/webapp/frontend/node_modules/jsdom/lib/jsdom/living/events/EventTarget-impl.js:353:9)
    at invokeEventListeners (/home/stocks/algo/webapp/frontend/node_modules/jsdom/lib/jsdom/living/events/EventTarget-impl.js:286:3)
    at HTMLUnknownElementImpl._dispatch (/home/stocks/algo/webapp/frontend/node_modules/jsdom/lib/jsdom/living/events/EventTarget-impl.js:233:9)
    at HTMLUnknownElementImpl.dispatchEvent (/home/stocks/algo/webapp/frontend/node_modules/jsdom/lib/jsdom/living/events/EventTarget-impl.js:104:17)
    at HTMLUnknownElement.dispatchEvent (/home/stocks/algo/webapp/frontend/node_modules/jsdom/lib/jsdom/living/generated/EventTarget.js:241:34)
    at Object.invokeGuardedCallbackDev (/home/stocks/algo/webapp/frontend/node_modules/react-dom/cjs/react-dom.development.js:4213:16)
    at invokeGuardedCallback (/home/stocks/algo/webapp/frontend/node_modules/react-dom/cjs/react-dom.development.js:4277:31)
    at beginWork$1 (/home/stocks/algo/webapp/frontend/node_modules/react-dom/cjs/react-dom.development.js:27490:7)
    at performUnitOfWork (/home/stocks/algo/webapp/frontend/node_modules/react-dom/cjs/react-dom.development.js:26599:12) Error: No QueryClient set, use QueryClientProvider to set one
    at useQueryClient (file:///home/stocks/algo/webapp/frontend/node_modules/@tanstack/react-query/src/QueryClientProvider.tsx:18:11)
    at useBaseQuery (file:///home/stocks/algo/webapp/frontend/node_modules/@tanstack/react-query/src/useBaseQuery.ts:54:18)
    at Module.useQuery (file:///home/stocks/algo/webapp/frontend/node_modules/@tanstack/react-query/src/useQuery.ts:51:10)
    at Module.useWatchlist (/home/stocks/algo/webapp/frontend/src/hooks/usePortfolioData.js:38:10)
    at usePortfolioData (/home/stocks/algo/webapp/frontend/src/pages/Dashboard.jsx:187:10)
    at Dashboard (/home/stocks/algo/webapp/frontend/src/pages/Dashboard.jsx:610:35)
    at renderWithHooks (/home/stocks/algo/webapp/frontend/node_modules/react-dom/cjs/react-dom.development.js:15486:18)
    at mountIndeterminateComponent (/home/stocks/algo/webapp/frontend/node_modules/react-dom/cjs/react-dom.development.js:20103:13)
    at beginWork (/home/stocks/algo/webapp/frontend/node_modules/react-dom/cjs/react-dom.development.js:21626:16)
    at HTMLUnknownElement.callCallback (/home/stocks/algo/webapp/frontend/node_modules/react-dom/cjs/react-dom.development.js:4164:14)
Error: Uncaught [Error: No QueryClient set, use QueryClientProvider to set one]
    at reportException (/home/stocks/algo/webapp/frontend/node_modules/jsdom/lib/jsdom/living/helpers/runtime-script-errors.js:66:24)
    at innerInvokeEventListeners (/home/stocks/algo/webapp/frontend/node_modules/jsdom/lib/jsdom/living/events/EventTarget-impl.js:353:9)
    at invokeEventListeners (/home/stocks/algo/webapp/frontend/node_modules/jsdom/lib/jsdom/living/events/EventTarget-impl.js:286:3)
    at HTMLUnknownElementImpl._dispatch (/home/stocks/algo/webapp/frontend/node_modules/jsdom/lib/jsdom/living/events/EventTarget-impl.js:233:9)
    at HTMLUnknownElementImpl.dispatchEvent (/home/stocks/algo/webapp/frontend/node_modules/jsdom/lib/jsdom/living/events/EventTarget-impl.js:104:17)
    at HTMLUnknownElement.dispatchEvent (/home/stocks/algo/webapp/frontend/node_modules/jsdom/lib/jsdom/living/generated/EventTarget.js:241:34)
    at Object.invokeGuardedCallbackDev (/home/stocks/algo/webapp/frontend/node_modules/react-dom/cjs/react-dom.development.js:4213:16)
    at invokeGuardedCallback (/home/stocks/algo/webapp/frontend/node_modules/react-dom/cjs/react-dom.development.js:4277:31)
    at beginWork$1 (/home/stocks/algo/webapp/frontend/node_modules/react-dom/cjs/react-dom.development.js:27490:7)
    at performUnitOfWork (/home/stocks/algo/webapp/frontend/node_modules/react-dom/cjs/react-dom.development.js:26599:12) Error: No QueryClient set, use QueryClientProvider to set one
    at useQueryClient (file:///home/stocks/algo/webapp/frontend/node_modules/@tanstack/react-query/src/QueryClientProvider.tsx:18:11)
    at useBaseQuery (file:///home/stocks/algo/webapp/frontend/node_modules/@tanstack/react-query/src/useBaseQuery.ts:54:18)
    at Module.useQuery (file:///home/stocks/algo/webapp/frontend/node_modules/@tanstack/react-query/src/useQuery.ts:51:10)
    at Module.useWatchlist (/home/stocks/algo/webapp/frontend/src/hooks/usePortfolioData.js:38:10)
    at usePortfolioData (/home/stocks/algo/webapp/frontend/src/pages/Dashboard.jsx:187:10)
    at Dashboard (/home/stocks/algo/webapp/frontend/src/pages/Dashboard.jsx:610:35)
    at renderWithHooks (/home/stocks/algo/webapp/frontend/node_modules/react-dom/cjs/react-dom.development.js:15486:18)
    at mountIndeterminateComponent (/home/stocks/algo/webapp/frontend/node_modules/react-dom/cjs/react-dom.development.js:20103:13)
    at beginWork (/home/stocks/algo/webapp/frontend/node_modules/react-dom/cjs/react-dom.development.js:21626:16)
    at HTMLUnknownElement.callCallback (/home/stocks/algo/webapp/frontend/node_modules/react-dom/cjs/react-dom.development.js:4164:14)

            </system-err>
            <failure message="No QueryClient set, use QueryClientProvider to set one" type="Error">
Error: No QueryClient set, use QueryClientProvider to set one
 ❯ useQueryClient node_modules/@tanstack/react-query/src/QueryClientProvider.tsx:18:11
 ❯ useBaseQuery node_modules/@tanstack/react-query/src/useBaseQuery.ts:54:18
 ❯ Module.useQuery node_modules/@tanstack/react-query/src/useQuery.ts:51:10
 ❯ Module.useWatchlist src/hooks/usePortfolioData.js:38:10
 ❯ usePortfolioData src/pages/Dashboard.jsx:187:10
 ❯ Dashboard src/pages/Dashboard.jsx:610:35
 ❯ renderWithHooks node_modules/react-dom/cjs/react-dom.development.js:15486:18
 ❯ mountIndeterminateComponent node_modules/react-dom/cjs/react-dom.development.js:20103:13
 ❯ beginWork node_modules/react-dom/cjs/react-dom.development.js:21626:16
 ❯ beginWork$1 node_modules/react-dom/cjs/react-dom.development.js:27465:14
            </failure>
            <failure message="No QueryClient set, use QueryClientProvider to set one" type="Error">
Error: No QueryClient set, use QueryClientProvider to set one
 ❯ useQueryClient node_modules/@tanstack/react-query/src/QueryClientProvider.tsx:18:11
 ❯ useBaseQuery node_modules/@tanstack/react-query/src/useBaseQuery.ts:54:18
 ❯ Module.useQuery node_modules/@tanstack/react-query/src/useQuery.ts:51:10
 ❯ Module.useWatchlist src/hooks/usePortfolioData.js:38:10
 ❯ usePortfolioData src/pages/Dashboard.jsx:187:10
 ❯ Dashboard src/pages/Dashboard.jsx:610:35
 ❯ renderWithHooks node_modules/react-dom/cjs/react-dom.development.js:15486:18
 ❯ mountIndeterminateComponent node_modules/react-dom/cjs/react-dom.development.js:20103:13
 ❯ beginWork node_modules/react-dom/cjs/react-dom.development.js:21626:16
 ❯ beginWork$1 node_modules/react-dom/cjs/react-dom.development.js:27465:14
            </failure>
            <failure message="No QueryClient set, use QueryClientProvider to set one" type="Error">
Error: No QueryClient set, use QueryClientProvider to set one
 ❯ useQueryClient node_modules/@tanstack/react-query/src/QueryClientProvider.tsx:18:11
 ❯ useBaseQuery node_modules/@tanstack/react-query/src/useBaseQuery.ts:54:18
 ❯ Module.useQuery node_modules/@tanstack/react-query/src/useQuery.ts:51:10
 ❯ Module.useWatchlist src/hooks/usePortfolioData.js:38:10
 ❯ usePortfolioData src/pages/Dashboard.jsx:187:10
 ❯ Dashboard src/pages/Dashboard.jsx:610:35
 ❯ renderWithHooks node_modules/react-dom/cjs/react-dom.development.js:15486:18
 ❯ mountIndeterminateComponent node_modules/react-dom/cjs/react-dom.development.js:20103:13
 ❯ beginWork node_modules/react-dom/cjs/react-dom.development.js:21626:16
 ❯ beginWork$1 node_modules/react-dom/cjs/react-dom.development.js:27465:14
            </failure>
        </testcase>
        <testcase classname="src/tests/integration/dashboard-usesimplefetch.test.jsx" name="🔄 Dashboard useSimpleFetch Integration Tests &gt; Real useSimpleFetch Integration &gt; should handle multiple concurrent useSimpleFetch calls" time="0.009">
            <system-err>
Error: Uncaught [Error: No QueryClient set, use QueryClientProvider to set one]
    at reportException (/home/stocks/algo/webapp/frontend/node_modules/jsdom/lib/jsdom/living/helpers/runtime-script-errors.js:66:24)
    at innerInvokeEventListeners (/home/stocks/algo/webapp/frontend/node_modules/jsdom/lib/jsdom/living/events/EventTarget-impl.js:353:9)
    at invokeEventListeners (/home/stocks/algo/webapp/frontend/node_modules/jsdom/lib/jsdom/living/events/EventTarget-impl.js:286:3)
    at HTMLUnknownElementImpl._dispatch (/home/stocks/algo/webapp/frontend/node_modules/jsdom/lib/jsdom/living/events/EventTarget-impl.js:233:9)
    at HTMLUnknownElementImpl.dispatchEvent (/home/stocks/algo/webapp/frontend/node_modules/jsdom/lib/jsdom/living/events/EventTarget-impl.js:104:17)
    at HTMLUnknownElement.dispatchEvent (/home/stocks/algo/webapp/frontend/node_modules/jsdom/lib/jsdom/living/generated/EventTarget.js:241:34)
    at Object.invokeGuardedCallbackDev (/home/stocks/algo/webapp/frontend/node_modules/react-dom/cjs/react-dom.development.js:4213:16)
    at invokeGuardedCallback (/home/stocks/algo/webapp/frontend/node_modules/react-dom/cjs/react-dom.development.js:4277:31)
    at beginWork$1 (/home/stocks/algo/webapp/frontend/node_modules/react-dom/cjs/react-dom.development.js:27490:7)
    at performUnitOfWork (/home/stocks/algo/webapp/frontend/node_modules/react-dom/cjs/react-dom.development.js:26599:12) Error: No QueryClient set, use QueryClientProvider to set one
    at useQueryClient (file:///home/stocks/algo/webapp/frontend/node_modules/@tanstack/react-query/src/QueryClientProvider.tsx:18:11)
    at useBaseQuery (file:///home/stocks/algo/webapp/frontend/node_modules/@tanstack/react-query/src/useBaseQuery.ts:54:18)
    at Module.useQuery (file:///home/stocks/algo/webapp/frontend/node_modules/@tanstack/react-query/src/useQuery.ts:51:10)
    at Module.useWatchlist (/home/stocks/algo/webapp/frontend/src/hooks/usePortfolioData.js:38:10)
    at usePortfolioData (/home/stocks/algo/webapp/frontend/src/pages/Dashboard.jsx:187:10)
    at Dashboard (/home/stocks/algo/webapp/frontend/src/pages/Dashboard.jsx:610:35)
    at renderWithHooks (/home/stocks/algo/webapp/frontend/node_modules/react-dom/cjs/react-dom.development.js:15486:18)
    at mountIndeterminateComponent (/home/stocks/algo/webapp/frontend/node_modules/react-dom/cjs/react-dom.development.js:20103:13)
    at beginWork (/home/stocks/algo/webapp/frontend/node_modules/react-dom/cjs/react-dom.development.js:21626:16)
    at HTMLUnknownElement.callCallback (/home/stocks/algo/webapp/frontend/node_modules/react-dom/cjs/react-dom.development.js:4164:14)
Error: Uncaught [Error: No QueryClient set, use QueryClientProvider to set one]
    at reportException (/home/stocks/algo/webapp/frontend/node_modules/jsdom/lib/jsdom/living/helpers/runtime-script-errors.js:66:24)
    at innerInvokeEventListeners (/home/stocks/algo/webapp/frontend/node_modules/jsdom/lib/jsdom/living/events/EventTarget-impl.js:353:9)
    at invokeEventListeners (/home/stocks/algo/webapp/frontend/node_modules/jsdom/lib/jsdom/living/events/EventTarget-impl.js:286:3)
    at HTMLUnknownElementImpl._dispatch (/home/stocks/algo/webapp/frontend/node_modules/jsdom/lib/jsdom/living/events/EventTarget-impl.js:233:9)
    at HTMLUnknownElementImpl.dispatchEvent (/home/stocks/algo/webapp/frontend/node_modules/jsdom/lib/jsdom/living/events/EventTarget-impl.js:104:17)
    at HTMLUnknownElement.dispatchEvent (/home/stocks/algo/webapp/frontend/node_modules/jsdom/lib/jsdom/living/generated/EventTarget.js:241:34)
    at Object.invokeGuardedCallbackDev (/home/stocks/algo/webapp/frontend/node_modules/react-dom/cjs/react-dom.development.js:4213:16)
    at invokeGuardedCallback (/home/stocks/algo/webapp/frontend/node_modules/react-dom/cjs/react-dom.development.js:4277:31)
    at beginWork$1 (/home/stocks/algo/webapp/frontend/node_modules/react-dom/cjs/react-dom.development.js:27490:7)
    at performUnitOfWork (/home/stocks/algo/webapp/frontend/node_modules/react-dom/cjs/react-dom.development.js:26599:12) Error: No QueryClient set, use QueryClientProvider to set one
    at useQueryClient (file:///home/stocks/algo/webapp/frontend/node_modules/@tanstack/react-query/src/QueryClientProvider.tsx:18:11)
    at useBaseQuery (file:///home/stocks/algo/webapp/frontend/node_modules/@tanstack/react-query/src/useBaseQuery.ts:54:18)
    at Module.useQuery (file:///home/stocks/algo/webapp/frontend/node_modules/@tanstack/react-query/src/useQuery.ts:51:10)
    at Module.useWatchlist (/home/stocks/algo/webapp/frontend/src/hooks/usePortfolioData.js:38:10)
    at usePortfolioData (/home/stocks/algo/webapp/frontend/src/pages/Dashboard.jsx:187:10)
    at Dashboard (/home/stocks/algo/webapp/frontend/src/pages/Dashboard.jsx:610:35)
    at renderWithHooks (/home/stocks/algo/webapp/frontend/node_modules/react-dom/cjs/react-dom.development.js:15486:18)
    at mountIndeterminateComponent (/home/stocks/algo/webapp/frontend/node_modules/react-dom/cjs/react-dom.development.js:20103:13)
    at beginWork (/home/stocks/algo/webapp/frontend/node_modules/react-dom/cjs/react-dom.development.js:21626:16)
    at HTMLUnknownElement.callCallback (/home/stocks/algo/webapp/frontend/node_modules/react-dom/cjs/react-dom.development.js:4164:14)
Error: Uncaught [Error: No QueryClient set, use QueryClientProvider to set one]
    at reportException (/home/stocks/algo/webapp/frontend/node_modules/jsdom/lib/jsdom/living/helpers/runtime-script-errors.js:66:24)
    at innerInvokeEventListeners (/home/stocks/algo/webapp/frontend/node_modules/jsdom/lib/jsdom/living/events/EventTarget-impl.js:353:9)
    at invokeEventListeners (/home/stocks/algo/webapp/frontend/node_modules/jsdom/lib/jsdom/living/events/EventTarget-impl.js:286:3)
    at HTMLUnknownElementImpl._dispatch (/home/stocks/algo/webapp/frontend/node_modules/jsdom/lib/jsdom/living/events/EventTarget-impl.js:233:9)
    at HTMLUnknownElementImpl.dispatchEvent (/home/stocks/algo/webapp/frontend/node_modules/jsdom/lib/jsdom/living/events/EventTarget-impl.js:104:17)
    at HTMLUnknownElement.dispatchEvent (/home/stocks/algo/webapp/frontend/node_modules/jsdom/lib/jsdom/living/generated/EventTarget.js:241:34)
    at Object.invokeGuardedCallbackDev (/home/stocks/algo/webapp/frontend/node_modules/react-dom/cjs/react-dom.development.js:4213:16)
    at invokeGuardedCallback (/home/stocks/algo/webapp/frontend/node_modules/react-dom/cjs/react-dom.development.js:4277:31)
    at beginWork$1 (/home/stocks/algo/webapp/frontend/node_modules/react-dom/cjs/react-dom.development.js:27490:7)
    at performUnitOfWork (/home/stocks/algo/webapp/frontend/node_modules/react-dom/cjs/react-dom.development.js:26599:12) Error: No QueryClient set, use QueryClientProvider to set one
    at useQueryClient (file:///home/stocks/algo/webapp/frontend/node_modules/@tanstack/react-query/src/QueryClientProvider.tsx:18:11)
    at useBaseQuery (file:///home/stocks/algo/webapp/frontend/node_modules/@tanstack/react-query/src/useBaseQuery.ts:54:18)
    at Module.useQuery (file:///home/stocks/algo/webapp/frontend/node_modules/@tanstack/react-query/src/useQuery.ts:51:10)
    at Module.useWatchlist (/home/stocks/algo/webapp/frontend/src/hooks/usePortfolioData.js:38:10)
    at usePortfolioData (/home/stocks/algo/webapp/frontend/src/pages/Dashboard.jsx:187:10)
    at Dashboard (/home/stocks/algo/webapp/frontend/src/pages/Dashboard.jsx:610:35)
    at renderWithHooks (/home/stocks/algo/webapp/frontend/node_modules/react-dom/cjs/react-dom.development.js:15486:18)
    at mountIndeterminateComponent (/home/stocks/algo/webapp/frontend/node_modules/react-dom/cjs/react-dom.development.js:20103:13)
    at beginWork (/home/stocks/algo/webapp/frontend/node_modules/react-dom/cjs/react-dom.development.js:21626:16)
    at HTMLUnknownElement.callCallback (/home/stocks/algo/webapp/frontend/node_modules/react-dom/cjs/react-dom.development.js:4164:14)
Error: Uncaught [Error: No QueryClient set, use QueryClientProvider to set one]
    at reportException (/home/stocks/algo/webapp/frontend/node_modules/jsdom/lib/jsdom/living/helpers/runtime-script-errors.js:66:24)
    at innerInvokeEventListeners (/home/stocks/algo/webapp/frontend/node_modules/jsdom/lib/jsdom/living/events/EventTarget-impl.js:353:9)
    at invokeEventListeners (/home/stocks/algo/webapp/frontend/node_modules/jsdom/lib/jsdom/living/events/EventTarget-impl.js:286:3)
    at HTMLUnknownElementImpl._dispatch (/home/stocks/algo/webapp/frontend/node_modules/jsdom/lib/jsdom/living/events/EventTarget-impl.js:233:9)
    at HTMLUnknownElementImpl.dispatchEvent (/home/stocks/algo/webapp/frontend/node_modules/jsdom/lib/jsdom/living/events/EventTarget-impl.js:104:17)
    at HTMLUnknownElement.dispatchEvent (/home/stocks/algo/webapp/frontend/node_modules/jsdom/lib/jsdom/living/generated/EventTarget.js:241:34)
    at Object.invokeGuardedCallbackDev (/home/stocks/algo/webapp/frontend/node_modules/react-dom/cjs/react-dom.development.js:4213:16)
    at invokeGuardedCallback (/home/stocks/algo/webapp/frontend/node_modules/react-dom/cjs/react-dom.development.js:4277:31)
    at beginWork$1 (/home/stocks/algo/webapp/frontend/node_modules/react-dom/cjs/react-dom.development.js:27490:7)
    at performUnitOfWork (/home/stocks/algo/webapp/frontend/node_modules/react-dom/cjs/react-dom.development.js:26599:12) Error: No QueryClient set, use QueryClientProvider to set one
    at useQueryClient (file:///home/stocks/algo/webapp/frontend/node_modules/@tanstack/react-query/src/QueryClientProvider.tsx:18:11)
    at useBaseQuery (file:///home/stocks/algo/webapp/frontend/node_modules/@tanstack/react-query/src/useBaseQuery.ts:54:18)
    at Module.useQuery (file:///home/stocks/algo/webapp/frontend/node_modules/@tanstack/react-query/src/useQuery.ts:51:10)
    at Module.useWatchlist (/home/stocks/algo/webapp/frontend/src/hooks/usePortfolioData.js:38:10)
    at usePortfolioData (/home/stocks/algo/webapp/frontend/src/pages/Dashboard.jsx:187:10)
    at Dashboard (/home/stocks/algo/webapp/frontend/src/pages/Dashboard.jsx:610:35)
    at renderWithHooks (/home/stocks/algo/webapp/frontend/node_modules/react-dom/cjs/react-dom.development.js:15486:18)
    at mountIndeterminateComponent (/home/stocks/algo/webapp/frontend/node_modules/react-dom/cjs/react-dom.development.js:20103:13)
    at beginWork (/home/stocks/algo/webapp/frontend/node_modules/react-dom/cjs/react-dom.development.js:21626:16)
    at HTMLUnknownElement.callCallback (/home/stocks/algo/webapp/frontend/node_modules/react-dom/cjs/react-dom.development.js:4164:14)
Error: Uncaught [Error: No QueryClient set, use QueryClientProvider to set one]
    at reportException (/home/stocks/algo/webapp/frontend/node_modules/jsdom/lib/jsdom/living/helpers/runtime-script-errors.js:66:24)
    at innerInvokeEventListeners (/home/stocks/algo/webapp/frontend/node_modules/jsdom/lib/jsdom/living/events/EventTarget-impl.js:353:9)
    at invokeEventListeners (/home/stocks/algo/webapp/frontend/node_modules/jsdom/lib/jsdom/living/events/EventTarget-impl.js:286:3)
    at HTMLUnknownElementImpl._dispatch (/home/stocks/algo/webapp/frontend/node_modules/jsdom/lib/jsdom/living/events/EventTarget-impl.js:233:9)
    at HTMLUnknownElementImpl.dispatchEvent (/home/stocks/algo/webapp/frontend/node_modules/jsdom/lib/jsdom/living/events/EventTarget-impl.js:104:17)
    at HTMLUnknownElement.dispatchEvent (/home/stocks/algo/webapp/frontend/node_modules/jsdom/lib/jsdom/living/generated/EventTarget.js:241:34)
    at Object.invokeGuardedCallbackDev (/home/stocks/algo/webapp/frontend/node_modules/react-dom/cjs/react-dom.development.js:4213:16)
    at invokeGuardedCallback (/home/stocks/algo/webapp/frontend/node_modules/react-dom/cjs/react-dom.development.js:4277:31)
    at beginWork$1 (/home/stocks/algo/webapp/frontend/node_modules/react-dom/cjs/react-dom.development.js:27490:7)
    at performUnitOfWork (/home/stocks/algo/webapp/frontend/node_modules/react-dom/cjs/react-dom.development.js:26599:12) Error: No QueryClient set, use QueryClientProvider to set one
    at useQueryClient (file:///home/stocks/algo/webapp/frontend/node_modules/@tanstack/react-query/src/QueryClientProvider.tsx:18:11)
    at useBaseQuery (file:///home/stocks/algo/webapp/frontend/node_modules/@tanstack/react-query/src/useBaseQuery.ts:54:18)
    at Module.useQuery (file:///home/stocks/algo/webapp/frontend/node_modules/@tanstack/react-query/src/useQuery.ts:51:10)
    at Module.useWatchlist (/home/stocks/algo/webapp/frontend/src/hooks/usePortfolioData.js:38:10)
    at usePortfolioData (/home/stocks/algo/webapp/frontend/src/pages/Dashboard.jsx:187:10)
    at Dashboard (/home/stocks/algo/webapp/frontend/src/pages/Dashboard.jsx:610:35)
    at renderWithHooks (/home/stocks/algo/webapp/frontend/node_modules/react-dom/cjs/react-dom.development.js:15486:18)
    at mountIndeterminateComponent (/home/stocks/algo/webapp/frontend/node_modules/react-dom/cjs/react-dom.development.js:20103:13)
    at beginWork (/home/stocks/algo/webapp/frontend/node_modules/react-dom/cjs/react-dom.development.js:21626:16)
    at HTMLUnknownElement.callCallback (/home/stocks/algo/webapp/frontend/node_modules/react-dom/cjs/react-dom.development.js:4164:14)
Error: Uncaught [Error: No QueryClient set, use QueryClientProvider to set one]
    at reportException (/home/stocks/algo/webapp/frontend/node_modules/jsdom/lib/jsdom/living/helpers/runtime-script-errors.js:66:24)
    at innerInvokeEventListeners (/home/stocks/algo/webapp/frontend/node_modules/jsdom/lib/jsdom/living/events/EventTarget-impl.js:353:9)
    at invokeEventListeners (/home/stocks/algo/webapp/frontend/node_modules/jsdom/lib/jsdom/living/events/EventTarget-impl.js:286:3)
    at HTMLUnknownElementImpl._dispatch (/home/stocks/algo/webapp/frontend/node_modules/jsdom/lib/jsdom/living/events/EventTarget-impl.js:233:9)
    at HTMLUnknownElementImpl.dispatchEvent (/home/stocks/algo/webapp/frontend/node_modules/jsdom/lib/jsdom/living/events/EventTarget-impl.js:104:17)
    at HTMLUnknownElement.dispatchEvent (/home/stocks/algo/webapp/frontend/node_modules/jsdom/lib/jsdom/living/generated/EventTarget.js:241:34)
    at Object.invokeGuardedCallbackDev (/home/stocks/algo/webapp/frontend/node_modules/react-dom/cjs/react-dom.development.js:4213:16)
    at invokeGuardedCallback (/home/stocks/algo/webapp/frontend/node_modules/react-dom/cjs/react-dom.development.js:4277:31)
    at beginWork$1 (/home/stocks/algo/webapp/frontend/node_modules/react-dom/cjs/react-dom.development.js:27490:7)
    at performUnitOfWork (/home/stocks/algo/webapp/frontend/node_modules/react-dom/cjs/react-dom.development.js:26599:12) Error: No QueryClient set, use QueryClientProvider to set one
    at useQueryClient (file:///home/stocks/algo/webapp/frontend/node_modules/@tanstack/react-query/src/QueryClientProvider.tsx:18:11)
    at useBaseQuery (file:///home/stocks/algo/webapp/frontend/node_modules/@tanstack/react-query/src/useBaseQuery.ts:54:18)
    at Module.useQuery (file:///home/stocks/algo/webapp/frontend/node_modules/@tanstack/react-query/src/useQuery.ts:51:10)
    at Module.useWatchlist (/home/stocks/algo/webapp/frontend/src/hooks/usePortfolioData.js:38:10)
    at usePortfolioData (/home/stocks/algo/webapp/frontend/src/pages/Dashboard.jsx:187:10)
    at Dashboard (/home/stocks/algo/webapp/frontend/src/pages/Dashboard.jsx:610:35)
    at renderWithHooks (/home/stocks/algo/webapp/frontend/node_modules/react-dom/cjs/react-dom.development.js:15486:18)
    at mountIndeterminateComponent (/home/stocks/algo/webapp/frontend/node_modules/react-dom/cjs/react-dom.development.js:20103:13)
    at beginWork (/home/stocks/algo/webapp/frontend/node_modules/react-dom/cjs/react-dom.development.js:21626:16)
    at HTMLUnknownElement.callCallback (/home/stocks/algo/webapp/frontend/node_modules/react-dom/cjs/react-dom.development.js:4164:14)

            </system-err>
            <failure message="No QueryClient set, use QueryClientProvider to set one" type="Error">
Error: No QueryClient set, use QueryClientProvider to set one
 ❯ useQueryClient node_modules/@tanstack/react-query/src/QueryClientProvider.tsx:18:11
 ❯ useBaseQuery node_modules/@tanstack/react-query/src/useBaseQuery.ts:54:18
 ❯ Module.useQuery node_modules/@tanstack/react-query/src/useQuery.ts:51:10
 ❯ Module.useWatchlist src/hooks/usePortfolioData.js:38:10
 ❯ usePortfolioData src/pages/Dashboard.jsx:187:10
 ❯ Dashboard src/pages/Dashboard.jsx:610:35
 ❯ renderWithHooks node_modules/react-dom/cjs/react-dom.development.js:15486:18
 ❯ mountIndeterminateComponent node_modules/react-dom/cjs/react-dom.development.js:20103:13
 ❯ beginWork node_modules/react-dom/cjs/react-dom.development.js:21626:16
 ❯ beginWork$1 node_modules/react-dom/cjs/react-dom.development.js:27465:14
            </failure>
            <failure message="No QueryClient set, use QueryClientProvider to set one" type="Error">
Error: No QueryClient set, use QueryClientProvider to set one
 ❯ useQueryClient node_modules/@tanstack/react-query/src/QueryClientProvider.tsx:18:11
 ❯ useBaseQuery node_modules/@tanstack/react-query/src/useBaseQuery.ts:54:18
 ❯ Module.useQuery node_modules/@tanstack/react-query/src/useQuery.ts:51:10
 ❯ Module.useWatchlist src/hooks/usePortfolioData.js:38:10
 ❯ usePortfolioData src/pages/Dashboard.jsx:187:10
 ❯ Dashboard src/pages/Dashboard.jsx:610:35
 ❯ renderWithHooks node_modules/react-dom/cjs/react-dom.development.js:15486:18
 ❯ mountIndeterminateComponent node_modules/react-dom/cjs/react-dom.development.js:20103:13
 ❯ beginWork node_modules/react-dom/cjs/react-dom.development.js:21626:16
 ❯ beginWork$1 node_modules/react-dom/cjs/react-dom.development.js:27465:14
            </failure>
            <failure message="No QueryClient set, use QueryClientProvider to set one" type="Error">
Error: No QueryClient set, use QueryClientProvider to set one
 ❯ useQueryClient node_modules/@tanstack/react-query/src/QueryClientProvider.tsx:18:11
 ❯ useBaseQuery node_modules/@tanstack/react-query/src/useBaseQuery.ts:54:18
 ❯ Module.useQuery node_modules/@tanstack/react-query/src/useQuery.ts:51:10
 ❯ Module.useWatchlist src/hooks/usePortfolioData.js:38:10
 ❯ usePortfolioData src/pages/Dashboard.jsx:187:10
 ❯ Dashboard src/pages/Dashboard.jsx:610:35
 ❯ renderWithHooks node_modules/react-dom/cjs/react-dom.development.js:15486:18
 ❯ mountIndeterminateComponent node_modules/react-dom/cjs/react-dom.development.js:20103:13
 ❯ beginWork node_modules/react-dom/cjs/react-dom.development.js:21626:16
 ❯ beginWork$1 node_modules/react-dom/cjs/react-dom.development.js:27465:14
            </failure>
        </testcase>
        <testcase classname="src/tests/integration/dashboard-usesimplefetch.test.jsx" name="🔄 Dashboard useSimpleFetch Integration Tests &gt; Real useSimpleFetch Integration &gt; should handle useSimpleFetch error states gracefully" time="0.01">
            <system-err>
Error: Uncaught [Error: No QueryClient set, use QueryClientProvider to set one]
    at reportException (/home/stocks/algo/webapp/frontend/node_modules/jsdom/lib/jsdom/living/helpers/runtime-script-errors.js:66:24)
    at innerInvokeEventListeners (/home/stocks/algo/webapp/frontend/node_modules/jsdom/lib/jsdom/living/events/EventTarget-impl.js:353:9)
    at invokeEventListeners (/home/stocks/algo/webapp/frontend/node_modules/jsdom/lib/jsdom/living/events/EventTarget-impl.js:286:3)
    at HTMLUnknownElementImpl._dispatch (/home/stocks/algo/webapp/frontend/node_modules/jsdom/lib/jsdom/living/events/EventTarget-impl.js:233:9)
    at HTMLUnknownElementImpl.dispatchEvent (/home/stocks/algo/webapp/frontend/node_modules/jsdom/lib/jsdom/living/events/EventTarget-impl.js:104:17)
    at HTMLUnknownElement.dispatchEvent (/home/stocks/algo/webapp/frontend/node_modules/jsdom/lib/jsdom/living/generated/EventTarget.js:241:34)
    at Object.invokeGuardedCallbackDev (/home/stocks/algo/webapp/frontend/node_modules/react-dom/cjs/react-dom.development.js:4213:16)
    at invokeGuardedCallback (/home/stocks/algo/webapp/frontend/node_modules/react-dom/cjs/react-dom.development.js:4277:31)
    at beginWork$1 (/home/stocks/algo/webapp/frontend/node_modules/react-dom/cjs/react-dom.development.js:27490:7)
    at performUnitOfWork (/home/stocks/algo/webapp/frontend/node_modules/react-dom/cjs/react-dom.development.js:26599:12) Error: No QueryClient set, use QueryClientProvider to set one
    at useQueryClient (file:///home/stocks/algo/webapp/frontend/node_modules/@tanstack/react-query/src/QueryClientProvider.tsx:18:11)
    at useBaseQuery (file:///home/stocks/algo/webapp/frontend/node_modules/@tanstack/react-query/src/useBaseQuery.ts:54:18)
    at Module.useQuery (file:///home/stocks/algo/webapp/frontend/node_modules/@tanstack/react-query/src/useQuery.ts:51:10)
    at Module.useWatchlist (/home/stocks/algo/webapp/frontend/src/hooks/usePortfolioData.js:38:10)
    at usePortfolioData (/home/stocks/algo/webapp/frontend/src/pages/Dashboard.jsx:187:10)
    at Dashboard (/home/stocks/algo/webapp/frontend/src/pages/Dashboard.jsx:610:35)
    at renderWithHooks (/home/stocks/algo/webapp/frontend/node_modules/react-dom/cjs/react-dom.development.js:15486:18)
    at mountIndeterminateComponent (/home/stocks/algo/webapp/frontend/node_modules/react-dom/cjs/react-dom.development.js:20103:13)
    at beginWork (/home/stocks/algo/webapp/frontend/node_modules/react-dom/cjs/react-dom.development.js:21626:16)
    at HTMLUnknownElement.callCallback (/home/stocks/algo/webapp/frontend/node_modules/react-dom/cjs/react-dom.development.js:4164:14)
Error: Uncaught [Error: No QueryClient set, use QueryClientProvider to set one]
    at reportException (/home/stocks/algo/webapp/frontend/node_modules/jsdom/lib/jsdom/living/helpers/runtime-script-errors.js:66:24)
    at innerInvokeEventListeners (/home/stocks/algo/webapp/frontend/node_modules/jsdom/lib/jsdom/living/events/EventTarget-impl.js:353:9)
    at invokeEventListeners (/home/stocks/algo/webapp/frontend/node_modules/jsdom/lib/jsdom/living/events/EventTarget-impl.js:286:3)
    at HTMLUnknownElementImpl._dispatch (/home/stocks/algo/webapp/frontend/node_modules/jsdom/lib/jsdom/living/events/EventTarget-impl.js:233:9)
    at HTMLUnknownElementImpl.dispatchEvent (/home/stocks/algo/webapp/frontend/node_modules/jsdom/lib/jsdom/living/events/EventTarget-impl.js:104:17)
    at HTMLUnknownElement.dispatchEvent (/home/stocks/algo/webapp/frontend/node_modules/jsdom/lib/jsdom/living/generated/EventTarget.js:241:34)
    at Object.invokeGuardedCallbackDev (/home/stocks/algo/webapp/frontend/node_modules/react-dom/cjs/react-dom.development.js:4213:16)
    at invokeGuardedCallback (/home/stocks/algo/webapp/frontend/node_modules/react-dom/cjs/react-dom.development.js:4277:31)
    at beginWork$1 (/home/stocks/algo/webapp/frontend/node_modules/react-dom/cjs/react-dom.development.js:27490:7)
    at performUnitOfWork (/home/stocks/algo/webapp/frontend/node_modules/react-dom/cjs/react-dom.development.js:26599:12) Error: No QueryClient set, use QueryClientProvider to set one
    at useQueryClient (file:///home/stocks/algo/webapp/frontend/node_modules/@tanstack/react-query/src/QueryClientProvider.tsx:18:11)
    at useBaseQuery (file:///home/stocks/algo/webapp/frontend/node_modules/@tanstack/react-query/src/useBaseQuery.ts:54:18)
    at Module.useQuery (file:///home/stocks/algo/webapp/frontend/node_modules/@tanstack/react-query/src/useQuery.ts:51:10)
    at Module.useWatchlist (/home/stocks/algo/webapp/frontend/src/hooks/usePortfolioData.js:38:10)
    at usePortfolioData (/home/stocks/algo/webapp/frontend/src/pages/Dashboard.jsx:187:10)
    at Dashboard (/home/stocks/algo/webapp/frontend/src/pages/Dashboard.jsx:610:35)
    at renderWithHooks (/home/stocks/algo/webapp/frontend/node_modules/react-dom/cjs/react-dom.development.js:15486:18)
    at mountIndeterminateComponent (/home/stocks/algo/webapp/frontend/node_modules/react-dom/cjs/react-dom.development.js:20103:13)
    at beginWork (/home/stocks/algo/webapp/frontend/node_modules/react-dom/cjs/react-dom.development.js:21626:16)
    at HTMLUnknownElement.callCallback (/home/stocks/algo/webapp/frontend/node_modules/react-dom/cjs/react-dom.development.js:4164:14)
Error: Uncaught [Error: No QueryClient set, use QueryClientProvider to set one]
    at reportException (/home/stocks/algo/webapp/frontend/node_modules/jsdom/lib/jsdom/living/helpers/runtime-script-errors.js:66:24)
    at innerInvokeEventListeners (/home/stocks/algo/webapp/frontend/node_modules/jsdom/lib/jsdom/living/events/EventTarget-impl.js:353:9)
    at invokeEventListeners (/home/stocks/algo/webapp/frontend/node_modules/jsdom/lib/jsdom/living/events/EventTarget-impl.js:286:3)
    at HTMLUnknownElementImpl._dispatch (/home/stocks/algo/webapp/frontend/node_modules/jsdom/lib/jsdom/living/events/EventTarget-impl.js:233:9)
    at HTMLUnknownElementImpl.dispatchEvent (/home/stocks/algo/webapp/frontend/node_modules/jsdom/lib/jsdom/living/events/EventTarget-impl.js:104:17)
    at HTMLUnknownElement.dispatchEvent (/home/stocks/algo/webapp/frontend/node_modules/jsdom/lib/jsdom/living/generated/EventTarget.js:241:34)
    at Object.invokeGuardedCallbackDev (/home/stocks/algo/webapp/frontend/node_modules/react-dom/cjs/react-dom.development.js:4213:16)
    at invokeGuardedCallback (/home/stocks/algo/webapp/frontend/node_modules/react-dom/cjs/react-dom.development.js:4277:31)
    at beginWork$1 (/home/stocks/algo/webapp/frontend/node_modules/react-dom/cjs/react-dom.development.js:27490:7)
    at performUnitOfWork (/home/stocks/algo/webapp/frontend/node_modules/react-dom/cjs/react-dom.development.js:26599:12) Error: No QueryClient set, use QueryClientProvider to set one
    at useQueryClient (file:///home/stocks/algo/webapp/frontend/node_modules/@tanstack/react-query/src/QueryClientProvider.tsx:18:11)
    at useBaseQuery (file:///home/stocks/algo/webapp/frontend/node_modules/@tanstack/react-query/src/useBaseQuery.ts:54:18)
    at Module.useQuery (file:///home/stocks/algo/webapp/frontend/node_modules/@tanstack/react-query/src/useQuery.ts:51:10)
    at Module.useWatchlist (/home/stocks/algo/webapp/frontend/src/hooks/usePortfolioData.js:38:10)
    at usePortfolioData (/home/stocks/algo/webapp/frontend/src/pages/Dashboard.jsx:187:10)
    at Dashboard (/home/stocks/algo/webapp/frontend/src/pages/Dashboard.jsx:610:35)
    at renderWithHooks (/home/stocks/algo/webapp/frontend/node_modules/react-dom/cjs/react-dom.development.js:15486:18)
    at mountIndeterminateComponent (/home/stocks/algo/webapp/frontend/node_modules/react-dom/cjs/react-dom.development.js:20103:13)
    at beginWork (/home/stocks/algo/webapp/frontend/node_modules/react-dom/cjs/react-dom.development.js:21626:16)
    at HTMLUnknownElement.callCallback (/home/stocks/algo/webapp/frontend/node_modules/react-dom/cjs/react-dom.development.js:4164:14)
Error: Uncaught [Error: No QueryClient set, use QueryClientProvider to set one]
    at reportException (/home/stocks/algo/webapp/frontend/node_modules/jsdom/lib/jsdom/living/helpers/runtime-script-errors.js:66:24)
    at innerInvokeEventListeners (/home/stocks/algo/webapp/frontend/node_modules/jsdom/lib/jsdom/living/events/EventTarget-impl.js:353:9)
    at invokeEventListeners (/home/stocks/algo/webapp/frontend/node_modules/jsdom/lib/jsdom/living/events/EventTarget-impl.js:286:3)
    at HTMLUnknownElementImpl._dispatch (/home/stocks/algo/webapp/frontend/node_modules/jsdom/lib/jsdom/living/events/EventTarget-impl.js:233:9)
    at HTMLUnknownElementImpl.dispatchEvent (/home/stocks/algo/webapp/frontend/node_modules/jsdom/lib/jsdom/living/events/EventTarget-impl.js:104:17)
    at HTMLUnknownElement.dispatchEvent (/home/stocks/algo/webapp/frontend/node_modules/jsdom/lib/jsdom/living/generated/EventTarget.js:241:34)
    at Object.invokeGuardedCallbackDev (/home/stocks/algo/webapp/frontend/node_modules/react-dom/cjs/react-dom.development.js:4213:16)
    at invokeGuardedCallback (/home/stocks/algo/webapp/frontend/node_modules/react-dom/cjs/react-dom.development.js:4277:31)
    at beginWork$1 (/home/stocks/algo/webapp/frontend/node_modules/react-dom/cjs/react-dom.development.js:27490:7)
    at performUnitOfWork (/home/stocks/algo/webapp/frontend/node_modules/react-dom/cjs/react-dom.development.js:26599:12) Error: No QueryClient set, use QueryClientProvider to set one
    at useQueryClient (file:///home/stocks/algo/webapp/frontend/node_modules/@tanstack/react-query/src/QueryClientProvider.tsx:18:11)
    at useBaseQuery (file:///home/stocks/algo/webapp/frontend/node_modules/@tanstack/react-query/src/useBaseQuery.ts:54:18)
    at Module.useQuery (file:///home/stocks/algo/webapp/frontend/node_modules/@tanstack/react-query/src/useQuery.ts:51:10)
    at Module.useWatchlist (/home/stocks/algo/webapp/frontend/src/hooks/usePortfolioData.js:38:10)
    at usePortfolioData (/home/stocks/algo/webapp/frontend/src/pages/Dashboard.jsx:187:10)
    at Dashboard (/home/stocks/algo/webapp/frontend/src/pages/Dashboard.jsx:610:35)
    at renderWithHooks (/home/stocks/algo/webapp/frontend/node_modules/react-dom/cjs/react-dom.development.js:15486:18)
    at mountIndeterminateComponent (/home/stocks/algo/webapp/frontend/node_modules/react-dom/cjs/react-dom.development.js:20103:13)
    at beginWork (/home/stocks/algo/webapp/frontend/node_modules/react-dom/cjs/react-dom.development.js:21626:16)
    at HTMLUnknownElement.callCallback (/home/stocks/algo/webapp/frontend/node_modules/react-dom/cjs/react-dom.development.js:4164:14)
Error: Uncaught [Error: No QueryClient set, use QueryClientProvider to set one]
    at reportException (/home/stocks/algo/webapp/frontend/node_modules/jsdom/lib/jsdom/living/helpers/runtime-script-errors.js:66:24)
    at innerInvokeEventListeners (/home/stocks/algo/webapp/frontend/node_modules/jsdom/lib/jsdom/living/events/EventTarget-impl.js:353:9)
    at invokeEventListeners (/home/stocks/algo/webapp/frontend/node_modules/jsdom/lib/jsdom/living/events/EventTarget-impl.js:286:3)
    at HTMLUnknownElementImpl._dispatch (/home/stocks/algo/webapp/frontend/node_modules/jsdom/lib/jsdom/living/events/EventTarget-impl.js:233:9)
    at HTMLUnknownElementImpl.dispatchEvent (/home/stocks/algo/webapp/frontend/node_modules/jsdom/lib/jsdom/living/events/EventTarget-impl.js:104:17)
    at HTMLUnknownElement.dispatchEvent (/home/stocks/algo/webapp/frontend/node_modules/jsdom/lib/jsdom/living/generated/EventTarget.js:241:34)
    at Object.invokeGuardedCallbackDev (/home/stocks/algo/webapp/frontend/node_modules/react-dom/cjs/react-dom.development.js:4213:16)
    at invokeGuardedCallback (/home/stocks/algo/webapp/frontend/node_modules/react-dom/cjs/react-dom.development.js:4277:31)
    at beginWork$1 (/home/stocks/algo/webapp/frontend/node_modules/react-dom/cjs/react-dom.development.js:27490:7)
    at performUnitOfWork (/home/stocks/algo/webapp/frontend/node_modules/react-dom/cjs/react-dom.development.js:26599:12) Error: No QueryClient set, use QueryClientProvider to set one
    at useQueryClient (file:///home/stocks/algo/webapp/frontend/node_modules/@tanstack/react-query/src/QueryClientProvider.tsx:18:11)
    at useBaseQuery (file:///home/stocks/algo/webapp/frontend/node_modules/@tanstack/react-query/src/useBaseQuery.ts:54:18)
    at Module.useQuery (file:///home/stocks/algo/webapp/frontend/node_modules/@tanstack/react-query/src/useQuery.ts:51:10)
    at Module.useWatchlist (/home/stocks/algo/webapp/frontend/src/hooks/usePortfolioData.js:38:10)
    at usePortfolioData (/home/stocks/algo/webapp/frontend/src/pages/Dashboard.jsx:187:10)
    at Dashboard (/home/stocks/algo/webapp/frontend/src/pages/Dashboard.jsx:610:35)
    at renderWithHooks (/home/stocks/algo/webapp/frontend/node_modules/react-dom/cjs/react-dom.development.js:15486:18)
    at mountIndeterminateComponent (/home/stocks/algo/webapp/frontend/node_modules/react-dom/cjs/react-dom.development.js:20103:13)
    at beginWork (/home/stocks/algo/webapp/frontend/node_modules/react-dom/cjs/react-dom.development.js:21626:16)
    at HTMLUnknownElement.callCallback (/home/stocks/algo/webapp/frontend/node_modules/react-dom/cjs/react-dom.development.js:4164:14)
Error: Uncaught [Error: No QueryClient set, use QueryClientProvider to set one]
    at reportException (/home/stocks/algo/webapp/frontend/node_modules/jsdom/lib/jsdom/living/helpers/runtime-script-errors.js:66:24)
    at innerInvokeEventListeners (/home/stocks/algo/webapp/frontend/node_modules/jsdom/lib/jsdom/living/events/EventTarget-impl.js:353:9)
    at invokeEventListeners (/home/stocks/algo/webapp/frontend/node_modules/jsdom/lib/jsdom/living/events/EventTarget-impl.js:286:3)
    at HTMLUnknownElementImpl._dispatch (/home/stocks/algo/webapp/frontend/node_modules/jsdom/lib/jsdom/living/events/EventTarget-impl.js:233:9)
    at HTMLUnknownElementImpl.dispatchEvent (/home/stocks/algo/webapp/frontend/node_modules/jsdom/lib/jsdom/living/events/EventTarget-impl.js:104:17)
    at HTMLUnknownElement.dispatchEvent (/home/stocks/algo/webapp/frontend/node_modules/jsdom/lib/jsdom/living/generated/EventTarget.js:241:34)
    at Object.invokeGuardedCallbackDev (/home/stocks/algo/webapp/frontend/node_modules/react-dom/cjs/react-dom.development.js:4213:16)
    at invokeGuardedCallback (/home/stocks/algo/webapp/frontend/node_modules/react-dom/cjs/react-dom.development.js:4277:31)
    at beginWork$1 (/home/stocks/algo/webapp/frontend/node_modules/react-dom/cjs/react-dom.development.js:27490:7)
    at performUnitOfWork (/home/stocks/algo/webapp/frontend/node_modules/react-dom/cjs/react-dom.development.js:26599:12) Error: No QueryClient set, use QueryClientProvider to set one
    at useQueryClient (file:///home/stocks/algo/webapp/frontend/node_modules/@tanstack/react-query/src/QueryClientProvider.tsx:18:11)
    at useBaseQuery (file:///home/stocks/algo/webapp/frontend/node_modules/@tanstack/react-query/src/useBaseQuery.ts:54:18)
    at Module.useQuery (file:///home/stocks/algo/webapp/frontend/node_modules/@tanstack/react-query/src/useQuery.ts:51:10)
    at Module.useWatchlist (/home/stocks/algo/webapp/frontend/src/hooks/usePortfolioData.js:38:10)
    at usePortfolioData (/home/stocks/algo/webapp/frontend/src/pages/Dashboard.jsx:187:10)
    at Dashboard (/home/stocks/algo/webapp/frontend/src/pages/Dashboard.jsx:610:35)
    at renderWithHooks (/home/stocks/algo/webapp/frontend/node_modules/react-dom/cjs/react-dom.development.js:15486:18)
    at mountIndeterminateComponent (/home/stocks/algo/webapp/frontend/node_modules/react-dom/cjs/react-dom.development.js:20103:13)
    at beginWork (/home/stocks/algo/webapp/frontend/node_modules/react-dom/cjs/react-dom.development.js:21626:16)
    at HTMLUnknownElement.callCallback (/home/stocks/algo/webapp/frontend/node_modules/react-dom/cjs/react-dom.development.js:4164:14)

            </system-err>
            <failure message="No QueryClient set, use QueryClientProvider to set one" type="Error">
Error: No QueryClient set, use QueryClientProvider to set one
 ❯ useQueryClient node_modules/@tanstack/react-query/src/QueryClientProvider.tsx:18:11
 ❯ useBaseQuery node_modules/@tanstack/react-query/src/useBaseQuery.ts:54:18
 ❯ Module.useQuery node_modules/@tanstack/react-query/src/useQuery.ts:51:10
 ❯ Module.useWatchlist src/hooks/usePortfolioData.js:38:10
 ❯ usePortfolioData src/pages/Dashboard.jsx:187:10
 ❯ Dashboard src/pages/Dashboard.jsx:610:35
 ❯ renderWithHooks node_modules/react-dom/cjs/react-dom.development.js:15486:18
 ❯ mountIndeterminateComponent node_modules/react-dom/cjs/react-dom.development.js:20103:13
 ❯ beginWork node_modules/react-dom/cjs/react-dom.development.js:21626:16
 ❯ beginWork$1 node_modules/react-dom/cjs/react-dom.development.js:27465:14
            </failure>
            <failure message="No QueryClient set, use QueryClientProvider to set one" type="Error">
Error: No QueryClient set, use QueryClientProvider to set one
 ❯ useQueryClient node_modules/@tanstack/react-query/src/QueryClientProvider.tsx:18:11
 ❯ useBaseQuery node_modules/@tanstack/react-query/src/useBaseQuery.ts:54:18
 ❯ Module.useQuery node_modules/@tanstack/react-query/src/useQuery.ts:51:10
 ❯ Module.useWatchlist src/hooks/usePortfolioData.js:38:10
 ❯ usePortfolioData src/pages/Dashboard.jsx:187:10
 ❯ Dashboard src/pages/Dashboard.jsx:610:35
 ❯ renderWithHooks node_modules/react-dom/cjs/react-dom.development.js:15486:18
 ❯ mountIndeterminateComponent node_modules/react-dom/cjs/react-dom.development.js:20103:13
 ❯ beginWork node_modules/react-dom/cjs/react-dom.development.js:21626:16
 ❯ beginWork$1 node_modules/react-dom/cjs/react-dom.development.js:27465:14
            </failure>
            <failure message="No QueryClient set, use QueryClientProvider to set one" type="Error">
Error: No QueryClient set, use QueryClientProvider to set one
 ❯ useQueryClient node_modules/@tanstack/react-query/src/QueryClientProvider.tsx:18:11
 ❯ useBaseQuery node_modules/@tanstack/react-query/src/useBaseQuery.ts:54:18
 ❯ Module.useQuery node_modules/@tanstack/react-query/src/useQuery.ts:51:10
 ❯ Module.useWatchlist src/hooks/usePortfolioData.js:38:10
 ❯ usePortfolioData src/pages/Dashboard.jsx:187:10
 ❯ Dashboard src/pages/Dashboard.jsx:610:35
 ❯ renderWithHooks node_modules/react-dom/cjs/react-dom.development.js:15486:18
 ❯ mountIndeterminateComponent node_modules/react-dom/cjs/react-dom.development.js:20103:13
 ❯ beginWork node_modules/react-dom/cjs/react-dom.development.js:21626:16
 ❯ beginWork$1 node_modules/react-dom/cjs/react-dom.development.js:27465:14
            </failure>
        </testcase>
        <testcase classname="src/tests/integration/dashboard-usesimplefetch.test.jsx" name="🔄 Dashboard useSimpleFetch Integration Tests &gt; Real useSimpleFetch Integration &gt; should handle mixed success/failure responses" time="0.007">
            <system-err>
Error: Uncaught [Error: No QueryClient set, use QueryClientProvider to set one]
    at reportException (/home/stocks/algo/webapp/frontend/node_modules/jsdom/lib/jsdom/living/helpers/runtime-script-errors.js:66:24)
    at innerInvokeEventListeners (/home/stocks/algo/webapp/frontend/node_modules/jsdom/lib/jsdom/living/events/EventTarget-impl.js:353:9)
    at invokeEventListeners (/home/stocks/algo/webapp/frontend/node_modules/jsdom/lib/jsdom/living/events/EventTarget-impl.js:286:3)
    at HTMLUnknownElementImpl._dispatch (/home/stocks/algo/webapp/frontend/node_modules/jsdom/lib/jsdom/living/events/EventTarget-impl.js:233:9)
    at HTMLUnknownElementImpl.dispatchEvent (/home/stocks/algo/webapp/frontend/node_modules/jsdom/lib/jsdom/living/events/EventTarget-impl.js:104:17)
    at HTMLUnknownElement.dispatchEvent (/home/stocks/algo/webapp/frontend/node_modules/jsdom/lib/jsdom/living/generated/EventTarget.js:241:34)
    at Object.invokeGuardedCallbackDev (/home/stocks/algo/webapp/frontend/node_modules/react-dom/cjs/react-dom.development.js:4213:16)
    at invokeGuardedCallback (/home/stocks/algo/webapp/frontend/node_modules/react-dom/cjs/react-dom.development.js:4277:31)
    at beginWork$1 (/home/stocks/algo/webapp/frontend/node_modules/react-dom/cjs/react-dom.development.js:27490:7)
    at performUnitOfWork (/home/stocks/algo/webapp/frontend/node_modules/react-dom/cjs/react-dom.development.js:26599:12) Error: No QueryClient set, use QueryClientProvider to set one
    at useQueryClient (file:///home/stocks/algo/webapp/frontend/node_modules/@tanstack/react-query/src/QueryClientProvider.tsx:18:11)
    at useBaseQuery (file:///home/stocks/algo/webapp/frontend/node_modules/@tanstack/react-query/src/useBaseQuery.ts:54:18)
    at Module.useQuery (file:///home/stocks/algo/webapp/frontend/node_modules/@tanstack/react-query/src/useQuery.ts:51:10)
    at Module.useWatchlist (/home/stocks/algo/webapp/frontend/src/hooks/usePortfolioData.js:38:10)
    at usePortfolioData (/home/stocks/algo/webapp/frontend/src/pages/Dashboard.jsx:187:10)
    at Dashboard (/home/stocks/algo/webapp/frontend/src/pages/Dashboard.jsx:610:35)
    at renderWithHooks (/home/stocks/algo/webapp/frontend/node_modules/react-dom/cjs/react-dom.development.js:15486:18)
    at mountIndeterminateComponent (/home/stocks/algo/webapp/frontend/node_modules/react-dom/cjs/react-dom.development.js:20103:13)
    at beginWork (/home/stocks/algo/webapp/frontend/node_modules/react-dom/cjs/react-dom.development.js:21626:16)
    at HTMLUnknownElement.callCallback (/home/stocks/algo/webapp/frontend/node_modules/react-dom/cjs/react-dom.development.js:4164:14)
Error: Uncaught [Error: No QueryClient set, use QueryClientProvider to set one]
    at reportException (/home/stocks/algo/webapp/frontend/node_modules/jsdom/lib/jsdom/living/helpers/runtime-script-errors.js:66:24)
    at innerInvokeEventListeners (/home/stocks/algo/webapp/frontend/node_modules/jsdom/lib/jsdom/living/events/EventTarget-impl.js:353:9)
    at invokeEventListeners (/home/stocks/algo/webapp/frontend/node_modules/jsdom/lib/jsdom/living/events/EventTarget-impl.js:286:3)
    at HTMLUnknownElementImpl._dispatch (/home/stocks/algo/webapp/frontend/node_modules/jsdom/lib/jsdom/living/events/EventTarget-impl.js:233:9)
    at HTMLUnknownElementImpl.dispatchEvent (/home/stocks/algo/webapp/frontend/node_modules/jsdom/lib/jsdom/living/events/EventTarget-impl.js:104:17)
    at HTMLUnknownElement.dispatchEvent (/home/stocks/algo/webapp/frontend/node_modules/jsdom/lib/jsdom/living/generated/EventTarget.js:241:34)
    at Object.invokeGuardedCallbackDev (/home/stocks/algo/webapp/frontend/node_modules/react-dom/cjs/react-dom.development.js:4213:16)
    at invokeGuardedCallback (/home/stocks/algo/webapp/frontend/node_modules/react-dom/cjs/react-dom.development.js:4277:31)
    at beginWork$1 (/home/stocks/algo/webapp/frontend/node_modules/react-dom/cjs/react-dom.development.js:27490:7)
    at performUnitOfWork (/home/stocks/algo/webapp/frontend/node_modules/react-dom/cjs/react-dom.development.js:26599:12) Error: No QueryClient set, use QueryClientProvider to set one
    at useQueryClient (file:///home/stocks/algo/webapp/frontend/node_modules/@tanstack/react-query/src/QueryClientProvider.tsx:18:11)
    at useBaseQuery (file:///home/stocks/algo/webapp/frontend/node_modules/@tanstack/react-query/src/useBaseQuery.ts:54:18)
    at Module.useQuery (file:///home/stocks/algo/webapp/frontend/node_modules/@tanstack/react-query/src/useQuery.ts:51:10)
    at Module.useWatchlist (/home/stocks/algo/webapp/frontend/src/hooks/usePortfolioData.js:38:10)
    at usePortfolioData (/home/stocks/algo/webapp/frontend/src/pages/Dashboard.jsx:187:10)
    at Dashboard (/home/stocks/algo/webapp/frontend/src/pages/Dashboard.jsx:610:35)
    at renderWithHooks (/home/stocks/algo/webapp/frontend/node_modules/react-dom/cjs/react-dom.development.js:15486:18)
    at mountIndeterminateComponent (/home/stocks/algo/webapp/frontend/node_modules/react-dom/cjs/react-dom.development.js:20103:13)
    at beginWork (/home/stocks/algo/webapp/frontend/node_modules/react-dom/cjs/react-dom.development.js:21626:16)
    at HTMLUnknownElement.callCallback (/home/stocks/algo/webapp/frontend/node_modules/react-dom/cjs/react-dom.development.js:4164:14)
Error: Uncaught [Error: No QueryClient set, use QueryClientProvider to set one]
    at reportException (/home/stocks/algo/webapp/frontend/node_modules/jsdom/lib/jsdom/living/helpers/runtime-script-errors.js:66:24)
    at innerInvokeEventListeners (/home/stocks/algo/webapp/frontend/node_modules/jsdom/lib/jsdom/living/events/EventTarget-impl.js:353:9)
    at invokeEventListeners (/home/stocks/algo/webapp/frontend/node_modules/jsdom/lib/jsdom/living/events/EventTarget-impl.js:286:3)
    at HTMLUnknownElementImpl._dispatch (/home/stocks/algo/webapp/frontend/node_modules/jsdom/lib/jsdom/living/events/EventTarget-impl.js:233:9)
    at HTMLUnknownElementImpl.dispatchEvent (/home/stocks/algo/webapp/frontend/node_modules/jsdom/lib/jsdom/living/events/EventTarget-impl.js:104:17)
    at HTMLUnknownElement.dispatchEvent (/home/stocks/algo/webapp/frontend/node_modules/jsdom/lib/jsdom/living/generated/EventTarget.js:241:34)
    at Object.invokeGuardedCallbackDev (/home/stocks/algo/webapp/frontend/node_modules/react-dom/cjs/react-dom.development.js:4213:16)
    at invokeGuardedCallback (/home/stocks/algo/webapp/frontend/node_modules/react-dom/cjs/react-dom.development.js:4277:31)
    at beginWork$1 (/home/stocks/algo/webapp/frontend/node_modules/react-dom/cjs/react-dom.development.js:27490:7)
    at performUnitOfWork (/home/stocks/algo/webapp/frontend/node_modules/react-dom/cjs/react-dom.development.js:26599:12) Error: No QueryClient set, use QueryClientProvider to set one
    at useQueryClient (file:///home/stocks/algo/webapp/frontend/node_modules/@tanstack/react-query/src/QueryClientProvider.tsx:18:11)
    at useBaseQuery (file:///home/stocks/algo/webapp/frontend/node_modules/@tanstack/react-query/src/useBaseQuery.ts:54:18)
    at Module.useQuery (file:///home/stocks/algo/webapp/frontend/node_modules/@tanstack/react-query/src/useQuery.ts:51:10)
    at Module.useWatchlist (/home/stocks/algo/webapp/frontend/src/hooks/usePortfolioData.js:38:10)
    at usePortfolioData (/home/stocks/algo/webapp/frontend/src/pages/Dashboard.jsx:187:10)
    at Dashboard (/home/stocks/algo/webapp/frontend/src/pages/Dashboard.jsx:610:35)
    at renderWithHooks (/home/stocks/algo/webapp/frontend/node_modules/react-dom/cjs/react-dom.development.js:15486:18)
    at mountIndeterminateComponent (/home/stocks/algo/webapp/frontend/node_modules/react-dom/cjs/react-dom.development.js:20103:13)
    at beginWork (/home/stocks/algo/webapp/frontend/node_modules/react-dom/cjs/react-dom.development.js:21626:16)
    at HTMLUnknownElement.callCallback (/home/stocks/algo/webapp/frontend/node_modules/react-dom/cjs/react-dom.development.js:4164:14)
Error: Uncaught [Error: No QueryClient set, use QueryClientProvider to set one]
    at reportException (/home/stocks/algo/webapp/frontend/node_modules/jsdom/lib/jsdom/living/helpers/runtime-script-errors.js:66:24)
    at innerInvokeEventListeners (/home/stocks/algo/webapp/frontend/node_modules/jsdom/lib/jsdom/living/events/EventTarget-impl.js:353:9)
    at invokeEventListeners (/home/stocks/algo/webapp/frontend/node_modules/jsdom/lib/jsdom/living/events/EventTarget-impl.js:286:3)
    at HTMLUnknownElementImpl._dispatch (/home/stocks/algo/webapp/frontend/node_modules/jsdom/lib/jsdom/living/events/EventTarget-impl.js:233:9)
    at HTMLUnknownElementImpl.dispatchEvent (/home/stocks/algo/webapp/frontend/node_modules/jsdom/lib/jsdom/living/events/EventTarget-impl.js:104:17)
    at HTMLUnknownElement.dispatchEvent (/home/stocks/algo/webapp/frontend/node_modules/jsdom/lib/jsdom/living/generated/EventTarget.js:241:34)
    at Object.invokeGuardedCallbackDev (/home/stocks/algo/webapp/frontend/node_modules/react-dom/cjs/react-dom.development.js:4213:16)
    at invokeGuardedCallback (/home/stocks/algo/webapp/frontend/node_modules/react-dom/cjs/react-dom.development.js:4277:31)
    at beginWork$1 (/home/stocks/algo/webapp/frontend/node_modules/react-dom/cjs/react-dom.development.js:27490:7)
    at performUnitOfWork (/home/stocks/algo/webapp/frontend/node_modules/react-dom/cjs/react-dom.development.js:26599:12) Error: No QueryClient set, use QueryClientProvider to set one
    at useQueryClient (file:///home/stocks/algo/webapp/frontend/node_modules/@tanstack/react-query/src/QueryClientProvider.tsx:18:11)
    at useBaseQuery (file:///home/stocks/algo/webapp/frontend/node_modules/@tanstack/react-query/src/useBaseQuery.ts:54:18)
    at Module.useQuery (file:///home/stocks/algo/webapp/frontend/node_modules/@tanstack/react-query/src/useQuery.ts:51:10)
    at Module.useWatchlist (/home/stocks/algo/webapp/frontend/src/hooks/usePortfolioData.js:38:10)
    at usePortfolioData (/home/stocks/algo/webapp/frontend/src/pages/Dashboard.jsx:187:10)
    at Dashboard (/home/stocks/algo/webapp/frontend/src/pages/Dashboard.jsx:610:35)
    at renderWithHooks (/home/stocks/algo/webapp/frontend/node_modules/react-dom/cjs/react-dom.development.js:15486:18)
    at mountIndeterminateComponent (/home/stocks/algo/webapp/frontend/node_modules/react-dom/cjs/react-dom.development.js:20103:13)
    at beginWork (/home/stocks/algo/webapp/frontend/node_modules/react-dom/cjs/react-dom.development.js:21626:16)
    at HTMLUnknownElement.callCallback (/home/stocks/algo/webapp/frontend/node_modules/react-dom/cjs/react-dom.development.js:4164:14)
Error: Uncaught [Error: No QueryClient set, use QueryClientProvider to set one]
    at reportException (/home/stocks/algo/webapp/frontend/node_modules/jsdom/lib/jsdom/living/helpers/runtime-script-errors.js:66:24)
    at innerInvokeEventListeners (/home/stocks/algo/webapp/frontend/node_modules/jsdom/lib/jsdom/living/events/EventTarget-impl.js:353:9)
    at invokeEventListeners (/home/stocks/algo/webapp/frontend/node_modules/jsdom/lib/jsdom/living/events/EventTarget-impl.js:286:3)
    at HTMLUnknownElementImpl._dispatch (/home/stocks/algo/webapp/frontend/node_modules/jsdom/lib/jsdom/living/events/EventTarget-impl.js:233:9)
    at HTMLUnknownElementImpl.dispatchEvent (/home/stocks/algo/webapp/frontend/node_modules/jsdom/lib/jsdom/living/events/EventTarget-impl.js:104:17)
    at HTMLUnknownElement.dispatchEvent (/home/stocks/algo/webapp/frontend/node_modules/jsdom/lib/jsdom/living/generated/EventTarget.js:241:34)
    at Object.invokeGuardedCallbackDev (/home/stocks/algo/webapp/frontend/node_modules/react-dom/cjs/react-dom.development.js:4213:16)
    at invokeGuardedCallback (/home/stocks/algo/webapp/frontend/node_modules/react-dom/cjs/react-dom.development.js:4277:31)
    at beginWork$1 (/home/stocks/algo/webapp/frontend/node_modules/react-dom/cjs/react-dom.development.js:27490:7)
    at performUnitOfWork (/home/stocks/algo/webapp/frontend/node_modules/react-dom/cjs/react-dom.development.js:26599:12) Error: No QueryClient set, use QueryClientProvider to set one
    at useQueryClient (file:///home/stocks/algo/webapp/frontend/node_modules/@tanstack/react-query/src/QueryClientProvider.tsx:18:11)
    at useBaseQuery (file:///home/stocks/algo/webapp/frontend/node_modules/@tanstack/react-query/src/useBaseQuery.ts:54:18)
    at Module.useQuery (file:///home/stocks/algo/webapp/frontend/node_modules/@tanstack/react-query/src/useQuery.ts:51:10)
    at Module.useWatchlist (/home/stocks/algo/webapp/frontend/src/hooks/usePortfolioData.js:38:10)
    at usePortfolioData (/home/stocks/algo/webapp/frontend/src/pages/Dashboard.jsx:187:10)
    at Dashboard (/home/stocks/algo/webapp/frontend/src/pages/Dashboard.jsx:610:35)
    at renderWithHooks (/home/stocks/algo/webapp/frontend/node_modules/react-dom/cjs/react-dom.development.js:15486:18)
    at mountIndeterminateComponent (/home/stocks/algo/webapp/frontend/node_modules/react-dom/cjs/react-dom.development.js:20103:13)
    at beginWork (/home/stocks/algo/webapp/frontend/node_modules/react-dom/cjs/react-dom.development.js:21626:16)
    at HTMLUnknownElement.callCallback (/home/stocks/algo/webapp/frontend/node_modules/react-dom/cjs/react-dom.development.js:4164:14)
Error: Uncaught [Error: No QueryClient set, use QueryClientProvider to set one]
    at reportException (/home/stocks/algo/webapp/frontend/node_modules/jsdom/lib/jsdom/living/helpers/runtime-script-errors.js:66:24)
    at innerInvokeEventListeners (/home/stocks/algo/webapp/frontend/node_modules/jsdom/lib/jsdom/living/events/EventTarget-impl.js:353:9)
    at invokeEventListeners (/home/stocks/algo/webapp/frontend/node_modules/jsdom/lib/jsdom/living/events/EventTarget-impl.js:286:3)
    at HTMLUnknownElementImpl._dispatch (/home/stocks/algo/webapp/frontend/node_modules/jsdom/lib/jsdom/living/events/EventTarget-impl.js:233:9)
    at HTMLUnknownElementImpl.dispatchEvent (/home/stocks/algo/webapp/frontend/node_modules/jsdom/lib/jsdom/living/events/EventTarget-impl.js:104:17)
    at HTMLUnknownElement.dispatchEvent (/home/stocks/algo/webapp/frontend/node_modules/jsdom/lib/jsdom/living/generated/EventTarget.js:241:34)
    at Object.invokeGuardedCallbackDev (/home/stocks/algo/webapp/frontend/node_modules/react-dom/cjs/react-dom.development.js:4213:16)
    at invokeGuardedCallback (/home/stocks/algo/webapp/frontend/node_modules/react-dom/cjs/react-dom.development.js:4277:31)
    at beginWork$1 (/home/stocks/algo/webapp/frontend/node_modules/react-dom/cjs/react-dom.development.js:27490:7)
    at performUnitOfWork (/home/stocks/algo/webapp/frontend/node_modules/react-dom/cjs/react-dom.development.js:26599:12) Error: No QueryClient set, use QueryClientProvider to set one
    at useQueryClient (file:///home/stocks/algo/webapp/frontend/node_modules/@tanstack/react-query/src/QueryClientProvider.tsx:18:11)
    at useBaseQuery (file:///home/stocks/algo/webapp/frontend/node_modules/@tanstack/react-query/src/useBaseQuery.ts:54:18)
    at Module.useQuery (file:///home/stocks/algo/webapp/frontend/node_modules/@tanstack/react-query/src/useQuery.ts:51:10)
    at Module.useWatchlist (/home/stocks/algo/webapp/frontend/src/hooks/usePortfolioData.js:38:10)
    at usePortfolioData (/home/stocks/algo/webapp/frontend/src/pages/Dashboard.jsx:187:10)
    at Dashboard (/home/stocks/algo/webapp/frontend/src/pages/Dashboard.jsx:610:35)
    at renderWithHooks (/home/stocks/algo/webapp/frontend/node_modules/react-dom/cjs/react-dom.development.js:15486:18)
    at mountIndeterminateComponent (/home/stocks/algo/webapp/frontend/node_modules/react-dom/cjs/react-dom.development.js:20103:13)
    at beginWork (/home/stocks/algo/webapp/frontend/node_modules/react-dom/cjs/react-dom.development.js:21626:16)
    at HTMLUnknownElement.callCallback (/home/stocks/algo/webapp/frontend/node_modules/react-dom/cjs/react-dom.development.js:4164:14)

            </system-err>
            <failure message="No QueryClient set, use QueryClientProvider to set one" type="Error">
Error: No QueryClient set, use QueryClientProvider to set one
 ❯ useQueryClient node_modules/@tanstack/react-query/src/QueryClientProvider.tsx:18:11
 ❯ useBaseQuery node_modules/@tanstack/react-query/src/useBaseQuery.ts:54:18
 ❯ Module.useQuery node_modules/@tanstack/react-query/src/useQuery.ts:51:10
 ❯ Module.useWatchlist src/hooks/usePortfolioData.js:38:10
 ❯ usePortfolioData src/pages/Dashboard.jsx:187:10
 ❯ Dashboard src/pages/Dashboard.jsx:610:35
 ❯ renderWithHooks node_modules/react-dom/cjs/react-dom.development.js:15486:18
 ❯ mountIndeterminateComponent node_modules/react-dom/cjs/react-dom.development.js:20103:13
 ❯ beginWork node_modules/react-dom/cjs/react-dom.development.js:21626:16
 ❯ beginWork$1 node_modules/react-dom/cjs/react-dom.development.js:27465:14
            </failure>
            <failure message="No QueryClient set, use QueryClientProvider to set one" type="Error">
Error: No QueryClient set, use QueryClientProvider to set one
 ❯ useQueryClient node_modules/@tanstack/react-query/src/QueryClientProvider.tsx:18:11
 ❯ useBaseQuery node_modules/@tanstack/react-query/src/useBaseQuery.ts:54:18
 ❯ Module.useQuery node_modules/@tanstack/react-query/src/useQuery.ts:51:10
 ❯ Module.useWatchlist src/hooks/usePortfolioData.js:38:10
 ❯ usePortfolioData src/pages/Dashboard.jsx:187:10
 ❯ Dashboard src/pages/Dashboard.jsx:610:35
 ❯ renderWithHooks node_modules/react-dom/cjs/react-dom.development.js:15486:18
 ❯ mountIndeterminateComponent node_modules/react-dom/cjs/react-dom.development.js:20103:13
 ❯ beginWork node_modules/react-dom/cjs/react-dom.development.js:21626:16
 ❯ beginWork$1 node_modules/react-dom/cjs/react-dom.development.js:27465:14
            </failure>
            <failure message="No QueryClient set, use QueryClientProvider to set one" type="Error">
Error: No QueryClient set, use QueryClientProvider to set one
 ❯ useQueryClient node_modules/@tanstack/react-query/src/QueryClientProvider.tsx:18:11
 ❯ useBaseQuery node_modules/@tanstack/react-query/src/useBaseQuery.ts:54:18
 ❯ Module.useQuery node_modules/@tanstack/react-query/src/useQuery.ts:51:10
 ❯ Module.useWatchlist src/hooks/usePortfolioData.js:38:10
 ❯ usePortfolioData src/pages/Dashboard.jsx:187:10
 ❯ Dashboard src/pages/Dashboard.jsx:610:35
 ❯ renderWithHooks node_modules/react-dom/cjs/react-dom.development.js:15486:18
 ❯ mountIndeterminateComponent node_modules/react-dom/cjs/react-dom.development.js:20103:13
 ❯ beginWork node_modules/react-dom/cjs/react-dom.development.js:21626:16
 ❯ beginWork$1 node_modules/react-dom/cjs/react-dom.development.js:27465:14
            </failure>
        </testcase>
        <testcase classname="src/tests/integration/dashboard-usesimplefetch.test.jsx" name="🔄 Dashboard useSimpleFetch Integration Tests &gt; Data Flow Integration &gt; should pass fetched data to dashboard widgets" time="0.006">
            <system-err>
Error: Uncaught [Error: No QueryClient set, use QueryClientProvider to set one]
    at reportException (/home/stocks/algo/webapp/frontend/node_modules/jsdom/lib/jsdom/living/helpers/runtime-script-errors.js:66:24)
    at innerInvokeEventListeners (/home/stocks/algo/webapp/frontend/node_modules/jsdom/lib/jsdom/living/events/EventTarget-impl.js:353:9)
    at invokeEventListeners (/home/stocks/algo/webapp/frontend/node_modules/jsdom/lib/jsdom/living/events/EventTarget-impl.js:286:3)
    at HTMLUnknownElementImpl._dispatch (/home/stocks/algo/webapp/frontend/node_modules/jsdom/lib/jsdom/living/events/EventTarget-impl.js:233:9)
    at HTMLUnknownElementImpl.dispatchEvent (/home/stocks/algo/webapp/frontend/node_modules/jsdom/lib/jsdom/living/events/EventTarget-impl.js:104:17)
    at HTMLUnknownElement.dispatchEvent (/home/stocks/algo/webapp/frontend/node_modules/jsdom/lib/jsdom/living/generated/EventTarget.js:241:34)
    at Object.invokeGuardedCallbackDev (/home/stocks/algo/webapp/frontend/node_modules/react-dom/cjs/react-dom.development.js:4213:16)
    at invokeGuardedCallback (/home/stocks/algo/webapp/frontend/node_modules/react-dom/cjs/react-dom.development.js:4277:31)
    at beginWork$1 (/home/stocks/algo/webapp/frontend/node_modules/react-dom/cjs/react-dom.development.js:27490:7)
    at performUnitOfWork (/home/stocks/algo/webapp/frontend/node_modules/react-dom/cjs/react-dom.development.js:26599:12) Error: No QueryClient set, use QueryClientProvider to set one
    at useQueryClient (file:///home/stocks/algo/webapp/frontend/node_modules/@tanstack/react-query/src/QueryClientProvider.tsx:18:11)
    at useBaseQuery (file:///home/stocks/algo/webapp/frontend/node_modules/@tanstack/react-query/src/useBaseQuery.ts:54:18)
    at Module.useQuery (file:///home/stocks/algo/webapp/frontend/node_modules/@tanstack/react-query/src/useQuery.ts:51:10)
    at Module.useWatchlist (/home/stocks/algo/webapp/frontend/src/hooks/usePortfolioData.js:38:10)
    at usePortfolioData (/home/stocks/algo/webapp/frontend/src/pages/Dashboard.jsx:187:10)
    at Dashboard (/home/stocks/algo/webapp/frontend/src/pages/Dashboard.jsx:610:35)
    at renderWithHooks (/home/stocks/algo/webapp/frontend/node_modules/react-dom/cjs/react-dom.development.js:15486:18)
    at mountIndeterminateComponent (/home/stocks/algo/webapp/frontend/node_modules/react-dom/cjs/react-dom.development.js:20103:13)
    at beginWork (/home/stocks/algo/webapp/frontend/node_modules/react-dom/cjs/react-dom.development.js:21626:16)
    at HTMLUnknownElement.callCallback (/home/stocks/algo/webapp/frontend/node_modules/react-dom/cjs/react-dom.development.js:4164:14)
Error: Uncaught [Error: No QueryClient set, use QueryClientProvider to set one]
    at reportException (/home/stocks/algo/webapp/frontend/node_modules/jsdom/lib/jsdom/living/helpers/runtime-script-errors.js:66:24)
    at innerInvokeEventListeners (/home/stocks/algo/webapp/frontend/node_modules/jsdom/lib/jsdom/living/events/EventTarget-impl.js:353:9)
    at invokeEventListeners (/home/stocks/algo/webapp/frontend/node_modules/jsdom/lib/jsdom/living/events/EventTarget-impl.js:286:3)
    at HTMLUnknownElementImpl._dispatch (/home/stocks/algo/webapp/frontend/node_modules/jsdom/lib/jsdom/living/events/EventTarget-impl.js:233:9)
    at HTMLUnknownElementImpl.dispatchEvent (/home/stocks/algo/webapp/frontend/node_modules/jsdom/lib/jsdom/living/events/EventTarget-impl.js:104:17)
    at HTMLUnknownElement.dispatchEvent (/home/stocks/algo/webapp/frontend/node_modules/jsdom/lib/jsdom/living/generated/EventTarget.js:241:34)
    at Object.invokeGuardedCallbackDev (/home/stocks/algo/webapp/frontend/node_modules/react-dom/cjs/react-dom.development.js:4213:16)
    at invokeGuardedCallback (/home/stocks/algo/webapp/frontend/node_modules/react-dom/cjs/react-dom.development.js:4277:31)
    at beginWork$1 (/home/stocks/algo/webapp/frontend/node_modules/react-dom/cjs/react-dom.development.js:27490:7)
[...]
 ❯ beginWork node_modules/react-dom/cjs/react-dom.development.js:21626:16
 ❯ beginWork$1 node_modules/react-dom/cjs/react-dom.development.js:27465:14
            </failure>
            <failure message="No QueryClient set, use QueryClientProvider to set one" type="Error">
Error: No QueryClient set, use QueryClientProvider to set one
 ❯ useQueryClient node_modules/@tanstack/react-query/src/QueryClientProvider.tsx:18:11
 ❯ useBaseQuery node_modules/@tanstack/react-query/src/useBaseQuery.ts:54:18
 ❯ Module.useQuery node_modules/@tanstack/react-query/src/useQuery.ts:51:10
 ❯ Module.useWatchlist src/hooks/usePortfolioData.js:38:10
 ❯ usePortfolioData src/pages/Dashboard.jsx:187:10
 ❯ Dashboard src/pages/Dashboard.jsx:610:35
 ❯ renderWithHooks node_modules/react-dom/cjs/react-dom.development.js:15486:18
 ❯ mountIndeterminateComponent node_modules/react-dom/cjs/react-dom.development.js:20103:13
 ❯ beginWork node_modules/react-dom/cjs/react-dom.development.js:21626:16
 ❯ beginWork$1 node_modules/react-dom/cjs/react-dom.development.js:27465:14
            </failure>
        </testcase>
        <testcase classname="src/tests/integration/dashboard-usesimplefetch.test.jsx" name="🔄 Dashboard useSimpleFetch Integration Tests &gt; Error Recovery Integration &gt; should handle API rate limiting gracefully" time="0.005">
            <system-err>
Error: Uncaught [Error: No QueryClient set, use QueryClientProvider to set one]
    at reportException (/home/stocks/algo/webapp/frontend/node_modules/jsdom/lib/jsdom/living/helpers/runtime-script-errors.js:66:24)
    at innerInvokeEventListeners (/home/stocks/algo/webapp/frontend/node_modules/jsdom/lib/jsdom/living/events/EventTarget-impl.js:353:9)
    at invokeEventListeners (/home/stocks/algo/webapp/frontend/node_modules/jsdom/lib/jsdom/living/events/EventTarget-impl.js:286:3)
    at HTMLUnknownElementImpl._dispatch (/home/stocks/algo/webapp/frontend/node_modules/jsdom/lib/jsdom/living/events/EventTarget-impl.js:233:9)
    at HTMLUnknownElementImpl.dispatchEvent (/home/stocks/algo/webapp/frontend/node_modules/jsdom/lib/jsdom/living/events/EventTarget-impl.js:104:17)
    at HTMLUnknownElement.dispatchEvent (/home/stocks/algo/webapp/frontend/node_modules/jsdom/lib/jsdom/living/generated/EventTarget.js:241:34)
    at Object.invokeGuardedCallbackDev (/home/stocks/algo/webapp/frontend/node_modules/react-dom/cjs/react-dom.development.js:4213:16)
    at invokeGuardedCallback (/home/stocks/algo/webapp/frontend/node_modules/react-dom/cjs/react-dom.development.js:4277:31)
    at beginWork$1 (/home/stocks/algo/webapp/frontend/node_modules/react-dom/cjs/react-dom.development.js:27490:7)
    at performUnitOfWork (/home/stocks/algo/webapp/frontend/node_modules/react-dom/cjs/react-dom.development.js:26599:12) Error: No QueryClient set, use QueryClientProvider to set one
    at useQueryClient (file:///home/stocks/algo/webapp/frontend/node_modules/@tanstack/react-query/src/QueryClientProvider.tsx:18:11)
    at useBaseQuery (file:///home/stocks/algo/webapp/frontend/node_modules/@tanstack/react-query/src/useBaseQuery.ts:54:18)
    at Module.useQuery (file:///home/stocks/algo/webapp/frontend/node_modules/@tanstack/react-query/src/useQuery.ts:51:10)
    at Module.useWatchlist (/home/stocks/algo/webapp/frontend/src/hooks/usePortfolioData.js:38:10)
    at usePortfolioData (/home/stocks/algo/webapp/frontend/src/pages/Dashboard.jsx:187:10)
    at Dashboard (/home/stocks/algo/webapp/frontend/src/pages/Dashboard.jsx:610:35)
    at renderWithHooks (/home/stocks/algo/webapp/frontend/node_modules/react-dom/cjs/react-dom.development.js:15486:18)
    at mountIndeterminateComponent (/home/stocks/algo/webapp/frontend/node_modules/react-dom/cjs/react-dom.development.js:20103:13)
    at beginWork (/home/stocks/algo/webapp/frontend/node_modules/react-dom/cjs/react-dom.development.js:21626:16)
    at HTMLUnknownElement.callCallback (/home/stocks/algo/webapp/frontend/node_modules/react-dom/cjs/react-dom.development.js:4164:14)
Error: Uncaught [Error: No QueryClient set, use QueryClientProvider to set one]
    at reportException (/home/stocks/algo/webapp/frontend/node_modules/jsdom/lib/jsdom/living/helpers/runtime-script-errors.js:66:24)
    at innerInvokeEventListeners (/home/stocks/algo/webapp/frontend/node_modules/jsdom/lib/jsdom/living/events/EventTarget-impl.js:353:9)
    at invokeEventListeners (/home/stocks/algo/webapp/frontend/node_modules/jsdom/lib/jsdom/living/events/EventTarget-impl.js:286:3)
    at HTMLUnknownElementImpl._dispatch (/home/stocks/algo/webapp/frontend/node_modules/jsdom/lib/jsdom/living/events/EventTarget-impl.js:233:9)
    at HTMLUnknownElementImpl.dispatchEvent (/home/stocks/algo/webapp/frontend/node_modules/jsdom/lib/jsdom/living/events/EventTarget-impl.js:104:17)
    at HTMLUnknownElement.dispatchEvent (/home/stocks/algo/webapp/frontend/node_modules/jsdom/lib/jsdom/living/generated/EventTarget.js:241:34)
    at Object.invokeGuardedCallbackDev (/home/stocks/algo/webapp/frontend/node_modules/react-dom/cjs/react-dom.development.js:4213:16)
    at invokeGuardedCallback (/home/stocks/algo/webapp/frontend/node_modules/react-dom/cjs/react-dom.development.js:4277:31)
    at beginWork$1 (/home/stocks/algo/webapp/frontend/node_modules/react-dom/cjs/react-dom.development.js:27490:7)
    at performUnitOfWork (/home/stocks/algo/webapp/frontend/node_modules/react-dom/cjs/react-dom.development.js:26599:12) Error: No QueryClient set, use QueryClientProvider to set one
    at useQueryClient (file:///home/stocks/algo/webapp/frontend/node_modules/@tanstack/react-query/src/QueryClientProvider.tsx:18:11)
    at useBaseQuery (file:///home/stocks/algo/webapp/frontend/node_modules/@tanstack/react-query/src/useBaseQuery.ts:54:18)
    at Module.useQuery (file:///home/stocks/algo/webapp/frontend/node_modules/@tanstack/react-query/src/useQuery.ts:51:10)
    at Module.useWatchlist (/home/stocks/algo/webapp/frontend/src/hooks/usePortfolioData.js:38:10)
    at usePortfolioData (/home/stocks/algo/webapp/frontend/src/pages/Dashboard.jsx:187:10)
    at Dashboard (/home/stocks/algo/webapp/frontend/src/pages/Dashboard.jsx:610:35)
    at renderWithHooks (/home/stocks/algo/webapp/frontend/node_modules/react-dom/cjs/react-dom.development.js:15486:18)
    at mountIndeterminateComponent (/home/stocks/algo/webapp/frontend/node_modules/react-dom/cjs/react-dom.development.js:20103:13)
    at beginWork (/home/stocks/algo/webapp/frontend/node_modules/react-dom/cjs/react-dom.development.js:21626:16)
    at HTMLUnknownElement.callCallback (/home/stocks/algo/webapp/frontend/node_modules/react-dom/cjs/react-dom.development.js:4164:14)
Error: Uncaught [Error: No QueryClient set, use QueryClientProvider to set one]
    at reportException (/home/stocks/algo/webapp/frontend/node_modules/jsdom/lib/jsdom/living/helpers/runtime-script-errors.js:66:24)
    at innerInvokeEventListeners (/home/stocks/algo/webapp/frontend/node_modules/jsdom/lib/jsdom/living/events/EventTarget-impl.js:353:9)
    at invokeEventListeners (/home/stocks/algo/webapp/frontend/node_modules/jsdom/lib/jsdom/living/events/EventTarget-impl.js:286:3)
    at HTMLUnknownElementImpl._dispatch (/home/stocks/algo/webapp/frontend/node_modules/jsdom/lib/jsdom/living/events/EventTarget-impl.js:233:9)
    at HTMLUnknownElementImpl.dispatchEvent (/home/stocks/algo/webapp/frontend/node_modules/jsdom/lib/jsdom/living/events/EventTarget-impl.js:104:17)
    at HTMLUnknownElement.dispatchEvent (/home/stocks/algo/webapp/frontend/node_modules/jsdom/lib/jsdom/living/generated/EventTarget.js:241:34)
    at Object.invokeGuardedCallbackDev (/home/stocks/algo/webapp/frontend/node_modules/react-dom/cjs/react-dom.development.js:4213:16)
    at invokeGuardedCallback (/home/stocks/algo/webapp/frontend/node_modules/react-dom/cjs/react-dom.development.js:4277:31)
    at beginWork$1 (/home/stocks/algo/webapp/frontend/node_modules/react-dom/cjs/react-dom.development.js:27490:7)
    at performUnitOfWork (/home/stocks/algo/webapp/frontend/node_modules/react-dom/cjs/react-dom.development.js:26599:12) Error: No QueryClient set, use QueryClientProvider to set one
    at useQueryClient (file:///home/stocks/algo/webapp/frontend/node_modules/@tanstack/react-query/src/QueryClientProvider.tsx:18:11)
    at useBaseQuery (file:///home/stocks/algo/webapp/frontend/node_modules/@tanstack/react-query/src/useBaseQuery.ts:54:18)
    at Module.useQuery (file:///home/stocks/algo/webapp/frontend/node_modules/@tanstack/react-query/src/useQuery.ts:51:10)
    at Module.useWatchlist (/home/stocks/algo/webapp/frontend/src/hooks/usePortfolioData.js:38:10)
    at usePortfolioData (/home/stocks/algo/webapp/frontend/src/pages/Dashboard.jsx:187:10)
    at Dashboard (/home/stocks/algo/webapp/frontend/src/pages/Dashboard.jsx:610:35)
    at renderWithHooks (/home/stocks/algo/webapp/frontend/node_modules/react-dom/cjs/react-dom.development.js:15486:18)
    at mountIndeterminateComponent (/home/stocks/algo/webapp/frontend/node_modules/react-dom/cjs/react-dom.development.js:20103:13)
    at beginWork (/home/stocks/algo/webapp/frontend/node_modules/react-dom/cjs/react-dom.development.js:21626:16)
    at HTMLUnknownElement.callCallback (/home/stocks/algo/webapp/frontend/node_modules/react-dom/cjs/react-dom.development.js:4164:14)
Error: Uncaught [Error: No QueryClient set, use QueryClientProvider to set one]
    at reportException (/home/stocks/algo/webapp/frontend/node_modules/jsdom/lib/jsdom/living/helpers/runtime-script-errors.js:66:24)
    at innerInvokeEventListeners (/home/stocks/algo/webapp/frontend/node_modules/jsdom/lib/jsdom/living/events/EventTarget-impl.js:353:9)
    at invokeEventListeners (/home/stocks/algo/webapp/frontend/node_modules/jsdom/lib/jsdom/living/events/EventTarget-impl.js:286:3)
    at HTMLUnknownElementImpl._dispatch (/home/stocks/algo/webapp/frontend/node_modules/jsdom/lib/jsdom/living/events/EventTarget-impl.js:233:9)
    at HTMLUnknownElementImpl.dispatchEvent (/home/stocks/algo/webapp/frontend/node_modules/jsdom/lib/jsdom/living/events/EventTarget-impl.js:104:17)
    at HTMLUnknownElement.dispatchEvent (/home/stocks/algo/webapp/frontend/node_modules/jsdom/lib/jsdom/living/generated/EventTarget.js:241:34)
    at Object.invokeGuardedCallbackDev (/home/stocks/algo/webapp/frontend/node_modules/react-dom/cjs/react-dom.development.js:4213:16)
    at invokeGuardedCallback (/home/stocks/algo/webapp/frontend/node_modules/react-dom/cjs/react-dom.development.js:4277:31)
    at beginWork$1 (/home/stocks/algo/webapp/frontend/node_modules/react-dom/cjs/react-dom.development.js:27490:7)
    at performUnitOfWork (/home/stocks/algo/webapp/frontend/node_modules/react-dom/cjs/react-dom.development.js:26599:12) Error: No QueryClient set, use QueryClientProvider to set one
    at useQueryClient (file:///home/stocks/algo/webapp/frontend/node_modules/@tanstack/react-query/src/QueryClientProvider.tsx:18:11)
    at useBaseQuery (file:///home/stocks/algo/webapp/frontend/node_modules/@tanstack/react-query/src/useBaseQuery.ts:54:18)
    at Module.useQuery (file:///home/stocks/algo/webapp/frontend/node_modules/@tanstack/react-query/src/useQuery.ts:51:10)
    at Module.useWatchlist (/home/stocks/algo/webapp/frontend/src/hooks/usePortfolioData.js:38:10)
    at usePortfolioData (/home/stocks/algo/webapp/frontend/src/pages/Dashboard.jsx:187:10)
    at Dashboard (/home/stocks/algo/webapp/frontend/src/pages/Dashboard.jsx:610:35)
    at renderWithHooks (/home/stocks/algo/webapp/frontend/node_modules/react-dom/cjs/react-dom.development.js:15486:18)
    at mountIndeterminateComponent (/home/stocks/algo/webapp/frontend/node_modules/react-dom/cjs/react-dom.development.js:20103:13)
    at beginWork (/home/stocks/algo/webapp/frontend/node_modules/react-dom/cjs/react-dom.development.js:21626:16)
    at HTMLUnknownElement.callCallback (/home/stocks/algo/webapp/frontend/node_modules/react-dom/cjs/react-dom.development.js:4164:14)
Error: Uncaught [Error: No QueryClient set, use QueryClientProvider to set one]
    at reportException (/home/stocks/algo/webapp/frontend/node_modules/jsdom/lib/jsdom/living/helpers/runtime-script-errors.js:66:24)
    at innerInvokeEventListeners (/home/stocks/algo/webapp/frontend/node_modules/jsdom/lib/jsdom/living/events/EventTarget-impl.js:353:9)
    at invokeEventListeners (/home/stocks/algo/webapp/frontend/node_modules/jsdom/lib/jsdom/living/events/EventTarget-impl.js:286:3)
    at HTMLUnknownElementImpl._dispatch (/home/stocks/algo/webapp/frontend/node_modules/jsdom/lib/jsdom/living/events/EventTarget-impl.js:233:9)
    at HTMLUnknownElementImpl.dispatchEvent (/home/stocks/algo/webapp/frontend/node_modules/jsdom/lib/jsdom/living/events/EventTarget-impl.js:104:17)
    at HTMLUnknownElement.dispatchEvent (/home/stocks/algo/webapp/frontend/node_modules/jsdom/lib/jsdom/living/generated/EventTarget.js:241:34)
    at Object.invokeGuardedCallbackDev (/home/stocks/algo/webapp/frontend/node_modules/react-dom/cjs/react-dom.development.js:4213:16)
    at invokeGuardedCallback (/home/stocks/algo/webapp/frontend/node_modules/react-dom/cjs/react-dom.development.js:4277:31)
    at beginWork$1 (/home/stocks/algo/webapp/frontend/node_modules/react-dom/cjs/react-dom.development.js:27490:7)
    at performUnitOfWork (/home/stocks/algo/webapp/frontend/node_modules/react-dom/cjs/react-dom.development.js:26599:12) Error: No QueryClient set, use QueryClientProvider to set one
    at useQueryClient (file:///home/stocks/algo/webapp/frontend/node_modules/@tanstack/react-query/src/QueryClientProvider.tsx:18:11)
    at useBaseQuery (file:///home/stocks/algo/webapp/frontend/node_modules/@tanstack/react-query/src/useBaseQuery.ts:54:18)
    at Module.useQuery (file:///home/stocks/algo/webapp/frontend/node_modules/@tanstack/react-query/src/useQuery.ts:51:10)
    at Module.useWatchlist (/home/stocks/algo/webapp/frontend/src/hooks/usePortfolioData.js:38:10)
    at usePortfolioData (/home/stocks/algo/webapp/frontend/src/pages/Dashboard.jsx:187:10)
    at Dashboard (/home/stocks/algo/webapp/frontend/src/pages/Dashboard.jsx:610:35)
    at renderWithHooks (/home/stocks/algo/webapp/frontend/node_modules/react-dom/cjs/react-dom.development.js:15486:18)
    at mountIndeterminateComponent (/home/stocks/algo/webapp/frontend/node_modules/react-dom/cjs/react-dom.development.js:20103:13)
    at beginWork (/home/stocks/algo/webapp/frontend/node_modules/react-dom/cjs/react-dom.development.js:21626:16)
    at HTMLUnknownElement.callCallback (/home/stocks/algo/webapp/frontend/node_modules/react-dom/cjs/react-dom.development.js:4164:14)
Error: Uncaught [Error: No QueryClient set, use QueryClientProvider to set one]
    at reportException (/home/stocks/algo/webapp/frontend/node_modules/jsdom/lib/jsdom/living/helpers/runtime-script-errors.js:66:24)
    at innerInvokeEventListeners (/home/stocks/algo/webapp/frontend/node_modules/jsdom/lib/jsdom/living/events/EventTarget-impl.js:353:9)
    at invokeEventListeners (/home/stocks/algo/webapp/frontend/node_modules/jsdom/lib/jsdom/living/events/EventTarget-impl.js:286:3)
    at HTMLUnknownElementImpl._dispatch (/home/stocks/algo/webapp/frontend/node_modules/jsdom/lib/jsdom/living/events/EventTarget-impl.js:233:9)
    at HTMLUnknownElementImpl.dispatchEvent (/home/stocks/algo/webapp/frontend/node_modules/jsdom/lib/jsdom/living/events/EventTarget-impl.js:104:17)
    at HTMLUnknownElement.dispatchEvent (/home/stocks/algo/webapp/frontend/node_modules/jsdom/lib/jsdom/living/generated/EventTarget.js:241:34)
    at Object.invokeGuardedCallbackDev (/home/stocks/algo/webapp/frontend/node_modules/react-dom/cjs/react-dom.development.js:4213:16)
    at invokeGuardedCallback (/home/stocks/algo/webapp/frontend/node_modules/react-dom/cjs/react-dom.development.js:4277:31)
    at beginWork$1 (/home/stocks/algo/webapp/frontend/node_modules/react-dom/cjs/react-dom.development.js:27490:7)
    at performUnitOfWork (/home/stocks/algo/webapp/frontend/node_modules/react-dom/cjs/react-dom.development.js:26599:12) Error: No QueryClient set, use QueryClientProvider to set one
    at useQueryClient (file:///home/stocks/algo/webapp/frontend/node_modules/@tanstack/react-query/src/QueryClientProvider.tsx:18:11)
    at useBaseQuery (file:///home/stocks/algo/webapp/frontend/node_modules/@tanstack/react-query/src/useBaseQuery.ts:54:18)
    at Module.useQuery (file:///home/stocks/algo/webapp/frontend/node_modules/@tanstack/react-query/src/useQuery.ts:51:10)
    at Module.useWatchlist (/home/stocks/algo/webapp/frontend/src/hooks/usePortfolioData.js:38:10)
    at usePortfolioData (/home/stocks/algo/webapp/frontend/src/pages/Dashboard.jsx:187:10)
    at Dashboard (/home/stocks/algo/webapp/frontend/src/pages/Dashboard.jsx:610:35)
    at renderWithHooks (/home/stocks/algo/webapp/frontend/node_modules/react-dom/cjs/react-dom.development.js:15486:18)
    at mountIndeterminateComponent (/home/stocks/algo/webapp/frontend/node_modules/react-dom/cjs/react-dom.development.js:20103:13)
    at beginWork (/home/stocks/algo/webapp/frontend/node_modules/react-dom/cjs/react-dom.development.js:21626:16)
    at HTMLUnknownElement.callCallback (/home/stocks/algo/webapp/frontend/node_modules/react-dom/cjs/react-dom.development.js:4164:14)

            </system-err>
            <failure message="No QueryClient set, use QueryClientProvider to set one" type="Error">
Error: No QueryClient set, use QueryClientProvider to set one
 ❯ useQueryClient node_modules/@tanstack/react-query/src/QueryClientProvider.tsx:18:11
 ❯ useBaseQuery node_modules/@tanstack/react-query/src/useBaseQuery.ts:54:18
 ❯ Module.useQuery node_modules/@tanstack/react-query/src/useQuery.ts:51:10
 ❯ Module.useWatchlist src/hooks/usePortfolioData.js:38:10
 ❯ usePortfolioData src/pages/Dashboard.jsx:187:10
 ❯ Dashboard src/pages/Dashboard.jsx:610:35
 ❯ renderWithHooks node_modules/react-dom/cjs/react-dom.development.js:15486:18
 ❯ mountIndeterminateComponent node_modules/react-dom/cjs/react-dom.development.js:20103:13
 ❯ beginWork node_modules/react-dom/cjs/react-dom.development.js:21626:16
 ❯ beginWork$1 node_modules/react-dom/cjs/react-dom.development.js:27465:14
            </failure>
            <failure message="No QueryClient set, use QueryClientProvider to set one" type="Error">
Error: No QueryClient set, use QueryClientProvider to set one
 ❯ useQueryClient node_modules/@tanstack/react-query/src/QueryClientProvider.tsx:18:11
 ❯ useBaseQuery node_modules/@tanstack/react-query/src/useBaseQuery.ts:54:18
 ❯ Module.useQuery node_modules/@tanstack/react-query/src/useQuery.ts:51:10
 ❯ Module.useWatchlist src/hooks/usePortfolioData.js:38:10
 ❯ usePortfolioData src/pages/Dashboard.jsx:187:10
 ❯ Dashboard src/pages/Dashboard.jsx:610:35
 ❯ renderWithHooks node_modules/react-dom/cjs/react-dom.development.js:15486:18
 ❯ mountIndeterminateComponent node_modules/react-dom/cjs/react-dom.development.js:20103:13
 ❯ beginWork node_modules/react-dom/cjs/react-dom.development.js:21626:16
 ❯ beginWork$1 node_modules/react-dom/cjs/react-dom.development.js:27465:14
            </failure>
            <failure message="No QueryClient set, use QueryClientProvider to set one" type="Error">
Error: No QueryClient set, use QueryClientProvider to set one
 ❯ useQueryClient node_modules/@tanstack/react-query/src/QueryClientProvider.tsx:18:11
 ❯ useBaseQuery node_modules/@tanstack/react-query/src/useBaseQuery.ts:54:18
 ❯ Module.useQuery node_modules/@tanstack/react-query/src/useQuery.ts:51:10
 ❯ Module.useWatchlist src/hooks/usePortfolioData.js:38:10
 ❯ usePortfolioData src/pages/Dashboard.jsx:187:10
 ❯ Dashboard src/pages/Dashboard.jsx:610:35
 ❯ renderWithHooks node_modules/react-dom/cjs/react-dom.development.js:15486:18
 ❯ mountIndeterminateComponent node_modules/react-dom/cjs/react-dom.development.js:20103:13
 ❯ beginWork node_modules/react-dom/cjs/react-dom.development.js:21626:16
 ❯ beginWork$1 node_modules/react-dom/cjs/react-dom.development.js:27465:14
            </failure>
        </testcase>
    </testsuite>
</testsuites>
