<?xml version="1.0" encoding="UTF-8" ?>
<testsuites name="vitest tests" tests="34" failures="32" errors="0" time="97.811">
    <testsuite name="src/tests/unit/components/real-portfolio-manager.test.jsx" timestamp="2025-07-21T19:51:28.834Z" hostname="LAPTOP-J9NJ3854" tests="34" failures="32" errors="0" skipped="0" time="94.31">
        <testcase classname="src/tests/unit/components/real-portfolio-manager.test.jsx" name="💼 Real PortfolioManager Component &gt; Component Initialization &gt; should render PortfolioManager with loading state initially" time="0.095">
        </testcase>
        <testcase classname="src/tests/unit/components/real-portfolio-manager.test.jsx" name="💼 Real PortfolioManager Component &gt; Component Initialization &gt; should load portfolio data on mount" time="3.061">
            <system-err>
Error: Uncaught [TypeError: portfolioData.map is not a function]
    at reportException (/home/stocks/algo/webapp/frontend/node_modules/jsdom/lib/jsdom/living/helpers/runtime-script-errors.js:66:24)
    at innerInvokeEventListeners (/home/stocks/algo/webapp/frontend/node_modules/jsdom/lib/jsdom/living/events/EventTarget-impl.js:353:9)
    at invokeEventListeners (/home/stocks/algo/webapp/frontend/node_modules/jsdom/lib/jsdom/living/events/EventTarget-impl.js:286:3)
    at HTMLUnknownElementImpl._dispatch (/home/stocks/algo/webapp/frontend/node_modules/jsdom/lib/jsdom/living/events/EventTarget-impl.js:233:9)
    at HTMLUnknownElementImpl.dispatchEvent (/home/stocks/algo/webapp/frontend/node_modules/jsdom/lib/jsdom/living/events/EventTarget-impl.js:104:17)
    at HTMLUnknownElement.dispatchEvent (/home/stocks/algo/webapp/frontend/node_modules/jsdom/lib/jsdom/living/generated/EventTarget.js:241:34)
    at Object.invokeGuardedCallbackDev (/home/stocks/algo/webapp/frontend/node_modules/react-dom/cjs/react-dom.development.js:4213:16)
    at invokeGuardedCallback (/home/stocks/algo/webapp/frontend/node_modules/react-dom/cjs/react-dom.development.js:4277:31)
    at beginWork$1 (/home/stocks/algo/webapp/frontend/node_modules/react-dom/cjs/react-dom.development.js:27490:7)
    at performUnitOfWork (/home/stocks/algo/webapp/frontend/node_modules/react-dom/cjs/react-dom.development.js:26599:12) TypeError: portfolioData.map is not a function
    at PortfolioManager (/home/stocks/algo/webapp/frontend/src/components/PortfolioManager.jsx:434:30)
    at renderWithHooks (/home/stocks/algo/webapp/frontend/node_modules/react-dom/cjs/react-dom.development.js:15486:18)
    at updateFunctionComponent (/home/stocks/algo/webapp/frontend/node_modules/react-dom/cjs/react-dom.development.js:19617:20)
    at beginWork (/home/stocks/algo/webapp/frontend/node_modules/react-dom/cjs/react-dom.development.js:21640:16)
    at HTMLUnknownElement.callCallback (/home/stocks/algo/webapp/frontend/node_modules/react-dom/cjs/react-dom.development.js:4164:14)
    at HTMLUnknownElement.callTheUserObjectsOperation (/home/stocks/algo/webapp/frontend/node_modules/jsdom/lib/jsdom/living/generated/EventListener.js:26:30)
    at innerInvokeEventListeners (/home/stocks/algo/webapp/frontend/node_modules/jsdom/lib/jsdom/living/events/EventTarget-impl.js:350:25)
    at invokeEventListeners (/home/stocks/algo/webapp/frontend/node_modules/jsdom/lib/jsdom/living/events/EventTarget-impl.js:286:3)
    at HTMLUnknownElementImpl._dispatch (/home/stocks/algo/webapp/frontend/node_modules/jsdom/lib/jsdom/living/events/EventTarget-impl.js:233:9)
    at HTMLUnknownElementImpl.dispatchEvent (/home/stocks/algo/webapp/frontend/node_modules/jsdom/lib/jsdom/living/events/EventTarget-impl.js:104:17)
Error: Uncaught [TypeError: portfolioData.map is not a function]
    at reportException (/home/stocks/algo/webapp/frontend/node_modules/jsdom/lib/jsdom/living/helpers/runtime-script-errors.js:66:24)
    at innerInvokeEventListeners (/home/stocks/algo/webapp/frontend/node_modules/jsdom/lib/jsdom/living/events/EventTarget-impl.js:353:9)
    at invokeEventListeners (/home/stocks/algo/webapp/frontend/node_modules/jsdom/lib/jsdom/living/events/EventTarget-impl.js:286:3)
    at HTMLUnknownElementImpl._dispatch (/home/stocks/algo/webapp/frontend/node_modules/jsdom/lib/jsdom/living/events/EventTarget-impl.js:233:9)
    at HTMLUnknownElementImpl.dispatchEvent (/home/stocks/algo/webapp/frontend/node_modules/jsdom/lib/jsdom/living/events/EventTarget-impl.js:104:17)
    at HTMLUnknownElement.dispatchEvent (/home/stocks/algo/webapp/frontend/node_modules/jsdom/lib/jsdom/living/generated/EventTarget.js:241:34)
    at Object.invokeGuardedCallbackDev (/home/stocks/algo/webapp/frontend/node_modules/react-dom/cjs/react-dom.development.js:4213:16)
    at invokeGuardedCallback (/home/stocks/algo/webapp/frontend/node_modules/react-dom/cjs/react-dom.development.js:4277:31)
    at beginWork$1 (/home/stocks/algo/webapp/frontend/node_modules/react-dom/cjs/react-dom.development.js:27490:7)
    at performUnitOfWork (/home/stocks/algo/webapp/frontend/node_modules/react-dom/cjs/react-dom.development.js:26599:12) TypeError: portfolioData.map is not a function
    at PortfolioManager (/home/stocks/algo/webapp/frontend/src/components/PortfolioManager.jsx:434:30)
    at renderWithHooks (/home/stocks/algo/webapp/frontend/node_modules/react-dom/cjs/react-dom.development.js:15486:18)
    at updateFunctionComponent (/home/stocks/algo/webapp/frontend/node_modules/react-dom/cjs/react-dom.development.js:19617:20)
    at beginWork (/home/stocks/algo/webapp/frontend/node_modules/react-dom/cjs/react-dom.development.js:21640:16)
    at HTMLUnknownElement.callCallback (/home/stocks/algo/webapp/frontend/node_modules/react-dom/cjs/react-dom.development.js:4164:14)
    at HTMLUnknownElement.callTheUserObjectsOperation (/home/stocks/algo/webapp/frontend/node_modules/jsdom/lib/jsdom/living/generated/EventListener.js:26:30)
    at innerInvokeEventListeners (/home/stocks/algo/webapp/frontend/node_modules/jsdom/lib/jsdom/living/events/EventTarget-impl.js:350:25)
    at invokeEventListeners (/home/stocks/algo/webapp/frontend/node_modules/jsdom/lib/jsdom/living/events/EventTarget-impl.js:286:3)
    at HTMLUnknownElementImpl._dispatch (/home/stocks/algo/webapp/frontend/node_modules/jsdom/lib/jsdom/living/events/EventTarget-impl.js:233:9)
    at HTMLUnknownElementImpl.dispatchEvent (/home/stocks/algo/webapp/frontend/node_modules/jsdom/lib/jsdom/living/events/EventTarget-impl.js:104:17)

Error: Uncaught [TypeError: portfolioData.map is not a function]
    at reportException (/home/stocks/algo/webapp/frontend/node_modules/jsdom/lib/jsdom/living/helpers/runtime-script-errors.js:66:24)
    at innerInvokeEventListeners (/home/stocks/algo/webapp/frontend/node_modules/jsdom/lib/jsdom/living/events/EventTarget-impl.js:353:9)
    at invokeEventListeners (/home/stocks/algo/webapp/frontend/node_modules/jsdom/lib/jsdom/living/events/EventTarget-impl.js:286:3)
    at HTMLUnknownElementImpl._dispatch (/home/stocks/algo/webapp/frontend/node_modules/jsdom/lib/jsdom/living/events/EventTarget-impl.js:233:9)
    at HTMLUnknownElementImpl.dispatchEvent (/home/stocks/algo/webapp/frontend/node_modules/jsdom/lib/jsdom/living/events/EventTarget-impl.js:104:17)
    at HTMLUnknownElement.dispatchEvent (/home/stocks/algo/webapp/frontend/node_modules/jsdom/lib/jsdom/living/generated/EventTarget.js:241:34)
    at Object.invokeGuardedCallbackDev (/home/stocks/algo/webapp/frontend/node_modules/react-dom/cjs/react-dom.development.js:4213:16)
    at invokeGuardedCallback (/home/stocks/algo/webapp/frontend/node_modules/react-dom/cjs/react-dom.development.js:4277:31)
    at beginWork$1 (/home/stocks/algo/webapp/frontend/node_modules/react-dom/cjs/react-dom.development.js:27490:7)
    at performUnitOfWork (/home/stocks/algo/webapp/frontend/node_modules/react-dom/cjs/react-dom.development.js:26599:12) TypeError: portfolioData.map is not a function
    at PortfolioManager (/home/stocks/algo/webapp/frontend/src/components/PortfolioManager.jsx:434:30)
    at renderWithHooks (/home/stocks/algo/webapp/frontend/node_modules/react-dom/cjs/react-dom.development.js:15486:18)
    at updateFunctionComponent (/home/stocks/algo/webapp/frontend/node_modules/react-dom/cjs/react-dom.development.js:19617:20)
    at beginWork (/home/stocks/algo/webapp/frontend/node_modules/react-dom/cjs/react-dom.development.js:21640:16)
    at HTMLUnknownElement.callCallback (/home/stocks/algo/webapp/frontend/node_modules/react-dom/cjs/react-dom.development.js:4164:14)
    at HTMLUnknownElement.callTheUserObjectsOperation (/home/stocks/algo/webapp/frontend/node_modules/jsdom/lib/jsdom/living/generated/EventListener.js:26:30)
    at innerInvokeEventListeners (/home/stocks/algo/webapp/frontend/node_modules/jsdom/lib/jsdom/living/events/EventTarget-impl.js:350:25)
    at invokeEventListeners (/home/stocks/algo/webapp/frontend/node_modules/jsdom/lib/jsdom/living/events/EventTarget-impl.js:286:3)
    at HTMLUnknownElementImpl._dispatch (/home/stocks/algo/webapp/frontend/node_modules/jsdom/lib/jsdom/living/events/EventTarget-impl.js:233:9)
    at HTMLUnknownElementImpl.dispatchEvent (/home/stocks/algo/webapp/frontend/node_modules/jsdom/lib/jsdom/living/events/EventTarget-impl.js:104:17)
Error: Uncaught [TypeError: portfolioData.map is not a function]
    at reportException (/home/stocks/algo/webapp/frontend/node_modules/jsdom/lib/jsdom/living/helpers/runtime-script-errors.js:66:24)
    at innerInvokeEventListeners (/home/stocks/algo/webapp/frontend/node_modules/jsdom/lib/jsdom/living/events/EventTarget-impl.js:353:9)
    at invokeEventListeners (/home/stocks/algo/webapp/frontend/node_modules/jsdom/lib/jsdom/living/events/EventTarget-impl.js:286:3)
    at HTMLUnknownElementImpl._dispatch (/home/stocks/algo/webapp/frontend/node_modules/jsdom/lib/jsdom/living/events/EventTarget-impl.js:233:9)
    at HTMLUnknownElementImpl.dispatchEvent (/home/stocks/algo/webapp/frontend/node_modules/jsdom/lib/jsdom/living/events/EventTarget-impl.js:104:17)
    at HTMLUnknownElement.dispatchEvent (/home/stocks/algo/webapp/frontend/node_modules/jsdom/lib/jsdom/living/generated/EventTarget.js:241:34)
    at Object.invokeGuardedCallbackDev (/home/stocks/algo/webapp/frontend/node_modules/react-dom/cjs/react-dom.development.js:4213:16)
    at invokeGuardedCallback (/home/stocks/algo/webapp/frontend/node_modules/react-dom/cjs/react-dom.development.js:4277:31)
    at beginWork$1 (/home/stocks/algo/webapp/frontend/node_modules/react-dom/cjs/react-dom.development.js:27490:7)
    at performUnitOfWork (/home/stocks/algo/webapp/frontend/node_modules/react-dom/cjs/react-dom.development.js:26599:12) TypeError: portfolioData.map is not a function
    at PortfolioManager (/home/stocks/algo/webapp/frontend/src/components/PortfolioManager.jsx:434:30)
    at renderWithHooks (/home/stocks/algo/webapp/frontend/node_modules/react-dom/cjs/react-dom.development.js:15486:18)
    at updateFunctionComponent (/home/stocks/algo/webapp/frontend/node_modules/react-dom/cjs/react-dom.development.js:19617:20)
    at beginWork (/home/stocks/algo/webapp/frontend/node_modules/react-dom/cjs/react-dom.development.js:21640:16)
    at HTMLUnknownElement.callCallback (/home/stocks/algo/webapp/frontend/node_modules/react-dom/cjs/react-dom.development.js:4164:14)
    at HTMLUnknownElement.callTheUserObjectsOperation (/home/stocks/algo/webapp/frontend/node_modules/jsdom/lib/jsdom/living/generated/EventListener.js:26:30)
    at innerInvokeEventListeners (/home/stocks/algo/webapp/frontend/node_modules/jsdom/lib/jsdom/living/events/EventTarget-impl.js:350:25)
    at invokeEventListeners (/home/stocks/algo/webapp/frontend/node_modules/jsdom/lib/jsdom/living/events/EventTarget-impl.js:286:3)
    at HTMLUnknownElementImpl._dispatch (/home/stocks/algo/webapp/frontend/node_modules/jsdom/lib/jsdom/living/events/EventTarget-impl.js:233:9)
    at HTMLUnknownElementImpl.dispatchEvent (/home/stocks/algo/webapp/frontend/node_modules/jsdom/lib/jsdom/living/events/EventTarget-impl.js:104:17)

Error: Uncaught [TypeError: portfolioData.map is not a function]
    at reportException (/home/stocks/algo/webapp/frontend/node_modules/jsdom/lib/jsdom/living/helpers/runtime-script-errors.js:66:24)
    at innerInvokeEventListeners (/home/stocks/algo/webapp/frontend/node_modules/jsdom/lib/jsdom/living/events/EventTarget-impl.js:353:9)
    at invokeEventListeners (/home/stocks/algo/webapp/frontend/node_modules/jsdom/lib/jsdom/living/events/EventTarget-impl.js:286:3)
    at HTMLUnknownElementImpl._dispatch (/home/stocks/algo/webapp/frontend/node_modules/jsdom/lib/jsdom/living/events/EventTarget-impl.js:233:9)
    at HTMLUnknownElementImpl.dispatchEvent (/home/stocks/algo/webapp/frontend/node_modules/jsdom/lib/jsdom/living/events/EventTarget-impl.js:104:17)
    at HTMLUnknownElement.dispatchEvent (/home/stocks/algo/webapp/frontend/node_modules/jsdom/lib/jsdom/living/generated/EventTarget.js:241:34)
    at Object.invokeGuardedCallbackDev (/home/stocks/algo/webapp/frontend/node_modules/react-dom/cjs/react-dom.development.js:4213:16)
    at invokeGuardedCallback (/home/stocks/algo/webapp/frontend/node_modules/react-dom/cjs/react-dom.development.js:4277:31)
    at beginWork$1 (/home/stocks/algo/webapp/frontend/node_modules/react-dom/cjs/react-dom.development.js:27490:7)
    at performUnitOfWork (/home/stocks/algo/webapp/frontend/node_modules/react-dom/cjs/react-dom.development.js:26599:12) TypeError: portfolioData.map is not a function
    at PortfolioManager (/home/stocks/algo/webapp/frontend/src/components/PortfolioManager.jsx:434:30)
    at renderWithHooks (/home/stocks/algo/webapp/frontend/node_modules/react-dom/cjs/react-dom.development.js:15486:18)
    at updateFunctionComponent (/home/stocks/algo/webapp/frontend/node_modules/react-dom/cjs/react-dom.development.js:19617:20)
    at beginWork (/home/stocks/algo/webapp/frontend/node_modules/react-dom/cjs/react-dom.development.js:21640:16)
    at HTMLUnknownElement.callCallback (/home/stocks/algo/webapp/frontend/node_modules/react-dom/cjs/react-dom.development.js:4164:14)
    at HTMLUnknownElement.callTheUserObjectsOperation (/home/stocks/algo/webapp/frontend/node_modules/jsdom/lib/jsdom/living/generated/EventListener.js:26:30)
    at innerInvokeEventListeners (/home/stocks/algo/webapp/frontend/node_modules/jsdom/lib/jsdom/living/events/EventTarget-impl.js:350:25)
    at invokeEventListeners (/home/stocks/algo/webapp/frontend/node_modules/jsdom/lib/jsdom/living/events/EventTarget-impl.js:286:3)
    at HTMLUnknownElementImpl._dispatch (/home/stocks/algo/webapp/frontend/node_modules/jsdom/lib/jsdom/living/events/EventTarget-impl.js:233:9)
    at HTMLUnknownElementImpl.dispatchEvent (/home/stocks/algo/webapp/frontend/node_modules/jsdom/lib/jsdom/living/events/EventTarget-impl.js:104:17)
Error: Uncaught [TypeError: portfolioData.map is not a function]
    at reportException (/home/stocks/algo/webapp/frontend/node_modules/jsdom/lib/jsdom/living/helpers/runtime-script-errors.js:66:24)
    at innerInvokeEventListeners (/home/stocks/algo/webapp/frontend/node_modules/jsdom/lib/jsdom/living/events/EventTarget-impl.js:353:9)
    at invokeEventListeners (/home/stocks/algo/webapp/frontend/node_modules/jsdom/lib/jsdom/living/events/EventTarget-impl.js:286:3)
    at HTMLUnknownElementImpl._dispatch (/home/stocks/algo/webapp/frontend/node_modules/jsdom/lib/jsdom/living/events/EventTarget-impl.js:233:9)
    at HTMLUnknownElementImpl.dispatchEvent (/home/stocks/algo/webapp/frontend/node_modules/jsdom/lib/jsdom/living/events/EventTarget-impl.js:104:17)
    at HTMLUnknownElement.dispatchEvent (/home/stocks/algo/webapp/frontend/node_modules/jsdom/lib/jsdom/living/generated/EventTarget.js:241:34)
    at Object.invokeGuardedCallbackDev (/home/stocks/algo/webapp/frontend/node_modules/react-dom/cjs/react-dom.development.js:4213:16)
    at invokeGuardedCallback (/home/stocks/algo/webapp/frontend/node_modules/react-dom/cjs/react-dom.development.js:4277:31)
    at beginWork$1 (/home/stocks/algo/webapp/frontend/node_modules/react-dom/cjs/react-dom.development.js:27490:7)
    at performUnitOfWork (/home/stocks/algo/webapp/frontend/node_modules/react-dom/cjs/react-dom.development.js:26599:12) TypeError: portfolioData.map is not a function
    at PortfolioManager (/home/stocks/algo/webapp/frontend/src/components/PortfolioManager.jsx:434:30)
    at renderWithHooks (/home/stocks/algo/webapp/frontend/node_modules/react-dom/cjs/react-dom.development.js:15486:18)
    at updateFunctionComponent (/home/stocks/algo/webapp/frontend/node_modules/react-dom/cjs/react-dom.development.js:19617:20)
    at beginWork (/home/stocks/algo/webapp/frontend/node_modules/react-dom/cjs/react-dom.development.js:21640:16)
    at HTMLUnknownElement.callCallback (/home/stocks/algo/webapp/frontend/node_modules/react-dom/cjs/react-dom.development.js:4164:14)
    at HTMLUnknownElement.callTheUserObjectsOperation (/home/stocks/algo/webapp/frontend/node_modules/jsdom/lib/jsdom/living/generated/EventListener.js:26:30)
    at innerInvokeEventListeners (/home/stocks/algo/webapp/frontend/node_modules/jsdom/lib/jsdom/living/events/EventTarget-impl.js:350:25)
    at invokeEventListeners (/home/stocks/algo/webapp/frontend/node_modules/jsdom/lib/jsdom/living/events/EventTarget-impl.js:286:3)
    at HTMLUnknownElementImpl._dispatch (/home/stocks/algo/webapp/frontend/node_modules/jsdom/lib/jsdom/living/events/EventTarget-impl.js:233:9)
    at HTMLUnknownElementImpl.dispatchEvent (/home/stocks/algo/webapp/frontend/node_modules/jsdom/lib/jsdom/living/events/EventTarget-impl.js:104:17)

            </system-err>
            <failure message="Unable to find an element with the text: Portfolio Overview. This could be because the text is broken up by multiple elements. In this case, you can provide a function for your text matcher to make your matcher more flexible.

Ignored nodes: comments, script, style
[36m&lt;body&gt;[39m
  [36m&lt;div /&gt;[39m
[36m&lt;/body&gt;[39m

Ignored nodes: comments, script, style
[36m&lt;html&gt;[39m
  [36m&lt;head /&gt;[39m
  [36m&lt;body&gt;[39m
    [36m&lt;div /&gt;[39m
  [36m&lt;/body&gt;[39m
[36m&lt;/html&gt;[39m" type="TestingLibraryElementError">
TestingLibraryElementError: Unable to find an element with the text: Portfolio Overview. This could be because the text is broken up by multiple elements. In this case, you can provide a function for your text matcher to make your matcher more flexible.

Ignored nodes: comments, script, style
&lt;body&gt;
  &lt;div /&gt;
&lt;/body&gt;

Ignored nodes: comments, script, style
&lt;html&gt;
  &lt;head /&gt;
  &lt;body&gt;
    &lt;div /&gt;
  &lt;/body&gt;
&lt;/html&gt;
 ❯ Proxy.waitForWrapper node_modules/@testing-library/react/node_modules/@testing-library/dom/dist/wait-for.js:163:27
 ❯ src/tests/unit/components/real-portfolio-manager.test.jsx:188:13
            </failure>
            <failure message="Unable to find an element with the text: Portfolio Overview. This could be because the text is broken up by multiple elements. In this case, you can provide a function for your text matcher to make your matcher more flexible.

Ignored nodes: comments, script, style
[36m&lt;body&gt;[39m
  [36m&lt;div /&gt;[39m
[36m&lt;/body&gt;[39m

Ignored nodes: comments, script, style
[36m&lt;html&gt;[39m
  [36m&lt;head /&gt;[39m
  [36m&lt;body&gt;[39m
    [36m&lt;div /&gt;[39m
  [36m&lt;/body&gt;[39m
[36m&lt;/html&gt;[39m" type="TestingLibraryElementError">
TestingLibraryElementError: Unable to find an element with the text: Portfolio Overview. This could be because the text is broken up by multiple elements. In this case, you can provide a function for your text matcher to make your matcher more flexible.

Ignored nodes: comments, script, style
&lt;body&gt;
  &lt;div /&gt;
&lt;/body&gt;

Ignored nodes: comments, script, style
&lt;html&gt;
  &lt;head /&gt;
  &lt;body&gt;
    &lt;div /&gt;
  &lt;/body&gt;
&lt;/html&gt;
 ❯ Proxy.waitForWrapper node_modules/@testing-library/react/node_modules/@testing-library/dom/dist/wait-for.js:163:27
 ❯ src/tests/unit/components/real-portfolio-manager.test.jsx:188:13
            </failure>
            <failure message="Unable to find an element with the text: Portfolio Overview. This could be because the text is broken up by multiple elements. In this case, you can provide a function for your text matcher to make your matcher more flexible.

Ignored nodes: comments, script, style
[36m&lt;body&gt;[39m
  [36m&lt;div /&gt;[39m
[36m&lt;/body&gt;[39m

Ignored nodes: comments, script, style
[36m&lt;html&gt;[39m
  [36m&lt;head /&gt;[39m
  [36m&lt;body&gt;[39m
    [36m&lt;div /&gt;[39m
  [36m&lt;/body&gt;[39m
[36m&lt;/html&gt;[39m" type="TestingLibraryElementError">
TestingLibraryElementError: Unable to find an element with the text: Portfolio Overview. This could be because the text is broken up by multiple elements. In this case, you can provide a function for your text matcher to make your matcher more flexible.

Ignored nodes: comments, script, style
&lt;body&gt;
  &lt;div /&gt;
&lt;/body&gt;

Ignored nodes: comments, script, style
&lt;html&gt;
  &lt;head /&gt;
  &lt;body&gt;
    &lt;div /&gt;
  &lt;/body&gt;
&lt;/html&gt;
 ❯ Proxy.waitForWrapper node_modules/@testing-library/react/node_modules/@testing-library/dom/dist/wait-for.js:163:27
 ❯ src/tests/unit/components/real-portfolio-manager.test.jsx:188:13
            </failure>
        </testcase>
        <testcase classname="src/tests/unit/components/real-portfolio-manager.test.jsx" name="💼 Real PortfolioManager Component &gt; Component Initialization &gt; should display portfolio summary after loading" time="3.018">
            <system-err>
Error: Uncaught [TypeError: portfolioData.map is not a function]
    at reportException (/home/stocks/algo/webapp/frontend/node_modules/jsdom/lib/jsdom/living/helpers/runtime-script-errors.js:66:24)
    at innerInvokeEventListeners (/home/stocks/algo/webapp/frontend/node_modules/jsdom/lib/jsdom/living/events/EventTarget-impl.js:353:9)
    at invokeEventListeners (/home/stocks/algo/webapp/frontend/node_modules/jsdom/lib/jsdom/living/events/EventTarget-impl.js:286:3)
    at HTMLUnknownElementImpl._dispatch (/home/stocks/algo/webapp/frontend/node_modules/jsdom/lib/jsdom/living/events/EventTarget-impl.js:233:9)
    at HTMLUnknownElementImpl.dispatchEvent (/home/stocks/algo/webapp/frontend/node_modules/jsdom/lib/jsdom/living/events/EventTarget-impl.js:104:17)
    at HTMLUnknownElement.dispatchEvent (/home/stocks/algo/webapp/frontend/node_modules/jsdom/lib/jsdom/living/generated/EventTarget.js:241:34)
    at Object.invokeGuardedCallbackDev (/home/stocks/algo/webapp/frontend/node_modules/react-dom/cjs/react-dom.development.js:4213:16)
    at invokeGuardedCallback (/home/stocks/algo/webapp/frontend/node_modules/react-dom/cjs/react-dom.development.js:4277:31)
    at beginWork$1 (/home/stocks/algo/webapp/frontend/node_modules/react-dom/cjs/react-dom.development.js:27490:7)
    at performUnitOfWork (/home/stocks/algo/webapp/frontend/node_modules/react-dom/cjs/react-dom.development.js:26599:12) TypeError: portfolioData.map is not a function
    at PortfolioManager (/home/stocks/algo/webapp/frontend/src/components/PortfolioManager.jsx:434:30)
    at renderWithHooks (/home/stocks/algo/webapp/frontend/node_modules/react-dom/cjs/react-dom.development.js:15486:18)
    at updateFunctionComponent (/home/stocks/algo/webapp/frontend/node_modules/react-dom/cjs/react-dom.development.js:19617:20)
    at beginWork (/home/stocks/algo/webapp/frontend/node_modules/react-dom/cjs/react-dom.development.js:21640:16)
    at HTMLUnknownElement.callCallback (/home/stocks/algo/webapp/frontend/node_modules/react-dom/cjs/react-dom.development.js:4164:14)
    at HTMLUnknownElement.callTheUserObjectsOperation (/home/stocks/algo/webapp/frontend/node_modules/jsdom/lib/jsdom/living/generated/EventListener.js:26:30)
    at innerInvokeEventListeners (/home/stocks/algo/webapp/frontend/node_modules/jsdom/lib/jsdom/living/events/EventTarget-impl.js:350:25)
    at invokeEventListeners (/home/stocks/algo/webapp/frontend/node_modules/jsdom/lib/jsdom/living/events/EventTarget-impl.js:286:3)
    at HTMLUnknownElementImpl._dispatch (/home/stocks/algo/webapp/frontend/node_modules/jsdom/lib/jsdom/living/events/EventTarget-impl.js:233:9)
    at HTMLUnknownElementImpl.dispatchEvent (/home/stocks/algo/webapp/frontend/node_modules/jsdom/lib/jsdom/living/events/EventTarget-impl.js:104:17)
Error: Uncaught [TypeError: portfolioData.map is not a function]
    at reportException (/home/stocks/algo/webapp/frontend/node_modules/jsdom/lib/jsdom/living/helpers/runtime-script-errors.js:66:24)
    at innerInvokeEventListeners (/home/stocks/algo/webapp/frontend/node_modules/jsdom/lib/jsdom/living/events/EventTarget-impl.js:353:9)
    at invokeEventListeners (/home/stocks/algo/webapp/frontend/node_modules/jsdom/lib/jsdom/living/events/EventTarget-impl.js:286:3)
    at HTMLUnknownElementImpl._dispatch (/home/stocks/algo/webapp/frontend/node_modules/jsdom/lib/jsdom/living/events/EventTarget-impl.js:233:9)
    at HTMLUnknownElementImpl.dispatchEvent (/home/stocks/algo/webapp/frontend/node_modules/jsdom/lib/jsdom/living/events/EventTarget-impl.js:104:17)
    at HTMLUnknownElement.dispatchEvent (/home/stocks/algo/webapp/frontend/node_modules/jsdom/lib/jsdom/living/generated/EventTarget.js:241:34)
    at Object.invokeGuardedCallbackDev (/home/stocks/algo/webapp/frontend/node_modules/react-dom/cjs/react-dom.development.js:4213:16)
    at invokeGuardedCallback (/home/stocks/algo/webapp/frontend/node_modules/react-dom/cjs/react-dom.development.js:4277:31)
    at beginWork$1 (/home/stocks/algo/webapp/frontend/node_modules/react-dom/cjs/react-dom.development.js:27490:7)
    at performUnitOfWork (/home/stocks/algo/webapp/frontend/node_modules/react-dom/cjs/react-dom.development.js:26599:12) TypeError: portfolioData.map is not a function
    at PortfolioManager (/home/stocks/algo/webapp/frontend/src/components/PortfolioManager.jsx:434:30)
    at renderWithHooks (/home/stocks/algo/webapp/frontend/node_modules/react-dom/cjs/react-dom.development.js:15486:18)
    at updateFunctionComponent (/home/stocks/algo/webapp/frontend/node_modules/react-dom/cjs/react-dom.development.js:19617:20)
    at beginWork (/home/stocks/algo/webapp/frontend/node_modules/react-dom/cjs/react-dom.development.js:21640:16)
    at HTMLUnknownElement.callCallback (/home/stocks/algo/webapp/frontend/node_modules/react-dom/cjs/react-dom.development.js:4164:14)
    at HTMLUnknownElement.callTheUserObjectsOperation (/home/stocks/algo/webapp/frontend/node_modules/jsdom/lib/jsdom/living/generated/EventListener.js:26:30)
    at innerInvokeEventListeners (/home/stocks/algo/webapp/frontend/node_modules/jsdom/lib/jsdom/living/events/EventTarget-impl.js:350:25)
    at invokeEventListeners (/home/stocks/algo/webapp/frontend/node_modules/jsdom/lib/jsdom/living/events/EventTarget-impl.js:286:3)
    at HTMLUnknownElementImpl._dispatch (/home/stocks/algo/webapp/frontend/node_modules/jsdom/lib/jsdom/living/events/EventTarget-impl.js:233:9)
    at HTMLUnknownElementImpl.dispatchEvent (/home/stocks/algo/webapp/frontend/node_modules/jsdom/lib/jsdom/living/events/EventTarget-impl.js:104:17)

Error: Uncaught [TypeError: portfolioData.map is not a function]
    at reportException (/home/stocks/algo/webapp/frontend/node_modules/jsdom/lib/jsdom/living/helpers/runtime-script-errors.js:66:24)
    at innerInvokeEventListeners (/home/stocks/algo/webapp/frontend/node_modules/jsdom/lib/jsdom/living/events/EventTarget-impl.js:353:9)
    at invokeEventListeners (/home/stocks/algo/webapp/frontend/node_modules/jsdom/lib/jsdom/living/events/EventTarget-impl.js:286:3)
    at HTMLUnknownElementImpl._dispatch (/home/stocks/algo/webapp/frontend/node_modules/jsdom/lib/jsdom/living/events/EventTarget-impl.js:233:9)
    at HTMLUnknownElementImpl.dispatchEvent (/home/stocks/algo/webapp/frontend/node_modules/jsdom/lib/jsdom/living/events/EventTarget-impl.js:104:17)
    at HTMLUnknownElement.dispatchEvent (/home/stocks/algo/webapp/frontend/node_modules/jsdom/lib/jsdom/living/generated/EventTarget.js:241:34)
    at Object.invokeGuardedCallbackDev (/home/stocks/algo/webapp/frontend/node_modules/react-dom/cjs/react-dom.development.js:4213:16)
    at invokeGuardedCallback (/home/stocks/algo/webapp/frontend/node_modules/react-dom/cjs/react-dom.development.js:4277:31)
    at beginWork$1 (/home/stocks/algo/webapp/frontend/node_modules/react-dom/cjs/react-dom.development.js:27490:7)
    at performUnitOfWork (/home/stocks/algo/webapp/frontend/node_modules/react-dom/cjs/react-dom.development.js:26599:12) TypeError: portfolioData.map is not a function
    at PortfolioManager (/home/stocks/algo/webapp/frontend/src/components/PortfolioManager.jsx:434:30)
    at renderWithHooks (/home/stocks/algo/webapp/frontend/node_modules/react-dom/cjs/react-dom.development.js:15486:18)
    at updateFunctionComponent (/home/stocks/algo/webapp/frontend/node_modules/react-dom/cjs/react-dom.development.js:19617:20)
    at beginWork (/home/stocks/algo/webapp/frontend/node_modules/react-dom/cjs/react-dom.development.js:21640:16)
    at HTMLUnknownElement.callCallback (/home/stocks/algo/webapp/frontend/node_modules/react-dom/cjs/react-dom.development.js:4164:14)
    at HTMLUnknownElement.callTheUserObjectsOperation (/home/stocks/algo/webapp/frontend/node_modules/jsdom/lib/jsdom/living/generated/EventListener.js:26:30)
    at innerInvokeEventListeners (/home/stocks/algo/webapp/frontend/node_modules/jsdom/lib/jsdom/living/events/EventTarget-impl.js:350:25)
    at invokeEventListeners (/home/stocks/algo/webapp/frontend/node_modules/jsdom/lib/jsdom/living/events/EventTarget-impl.js:286:3)
    at HTMLUnknownElementImpl._dispatch (/home/stocks/algo/webapp/frontend/node_modules/jsdom/lib/jsdom/living/events/EventTarget-impl.js:233:9)
    at HTMLUnknownElementImpl.dispatchEvent (/home/stocks/algo/webapp/frontend/node_modules/jsdom/lib/jsdom/living/events/EventTarget-impl.js:104:17)
Error: Uncaught [TypeError: portfolioData.map is not a function]
    at reportException (/home/stocks/algo/webapp/frontend/node_modules/jsdom/lib/jsdom/living/helpers/runtime-script-errors.js:66:24)
    at innerInvokeEventListeners (/home/stocks/algo/webapp/frontend/node_modules/jsdom/lib/jsdom/living/events/EventTarget-impl.js:353:9)
    at invokeEventListeners (/home/stocks/algo/webapp/frontend/node_modules/jsdom/lib/jsdom/living/events/EventTarget-impl.js:286:3)
    at HTMLUnknownElementImpl._dispatch (/home/stocks/algo/webapp/frontend/node_modules/jsdom/lib/jsdom/living/events/EventTarget-impl.js:233:9)
    at HTMLUnknownElementImpl.dispatchEvent (/home/stocks/algo/webapp/frontend/node_modules/jsdom/lib/jsdom/living/events/EventTarget-impl.js:104:17)
    at HTMLUnknownElement.dispatchEvent (/home/stocks/algo/webapp/frontend/node_modules/jsdom/lib/jsdom/living/generated/EventTarget.js:241:34)
    at Object.invokeGuardedCallbackDev (/home/stocks/algo/webapp/frontend/node_modules/react-dom/cjs/react-dom.development.js:4213:16)
    at invokeGuardedCallback (/home/stocks/algo/webapp/frontend/node_modules/react-dom/cjs/react-dom.development.js:4277:31)
    at beginWork$1 (/home/stocks/algo/webapp/frontend/node_modules/react-dom/cjs/react-dom.development.js:27490:7)
    at performUnitOfWork (/home/stocks/algo/webapp/frontend/node_modules/react-dom/cjs/react-dom.development.js:26599:12) TypeError: portfolioData.map is not a function
    at PortfolioManager (/home/stocks/algo/webapp/frontend/src/components/PortfolioManager.jsx:434:30)
    at renderWithHooks (/home/stocks/algo/webapp/frontend/node_modules/react-dom/cjs/react-dom.development.js:15486:18)
    at updateFunctionComponent (/home/stocks/algo/webapp/frontend/node_modules/react-dom/cjs/react-dom.development.js:19617:20)
    at beginWork (/home/stocks/algo/webapp/frontend/node_modules/react-dom/cjs/react-dom.development.js:21640:16)
    at HTMLUnknownElement.callCallback (/home/stocks/algo/webapp/frontend/node_modules/react-dom/cjs/react-dom.development.js:4164:14)
    at HTMLUnknownElement.callTheUserObjectsOperation (/home/stocks/algo/webapp/frontend/node_modules/jsdom/lib/jsdom/living/generated/EventListener.js:26:30)
    at innerInvokeEventListeners (/home/stocks/algo/webapp/frontend/node_modules/jsdom/lib/jsdom/living/events/EventTarget-impl.js:350:25)
    at invokeEventListeners (/home/stocks/algo/webapp/frontend/node_modules/jsdom/lib/jsdom/living/events/EventTarget-impl.js:286:3)
    at HTMLUnknownElementImpl._dispatch (/home/stocks/algo/webapp/frontend/node_modules/jsdom/lib/jsdom/living/events/EventTarget-impl.js:233:9)
    at HTMLUnknownElementImpl.dispatchEvent (/home/stocks/algo/webapp/frontend/node_modules/jsdom/lib/jsdom/living/events/EventTarget-impl.js:104:17)

Error: Uncaught [TypeError: portfolioData.map is not a function]
    at reportException (/home/stocks/algo/webapp/frontend/node_modules/jsdom/lib/jsdom/living/helpers/runtime-script-errors.js:66:24)
    at innerInvokeEventListeners (/home/stocks/algo/webapp/frontend/node_modules/jsdom/lib/jsdom/living/events/EventTarget-impl.js:353:9)
    at invokeEventListeners (/home/stocks/algo/webapp/frontend/node_modules/jsdom/lib/jsdom/living/events/EventTarget-impl.js:286:3)
    at HTMLUnknownElementImpl._dispatch (/home/stocks/algo/webapp/frontend/node_modules/jsdom/lib/jsdom/living/events/EventTarget-impl.js:233:9)
    at HTMLUnknownElementImpl.dispatchEvent (/home/stocks/algo/webapp/frontend/node_modules/jsdom/lib/jsdom/living/events/EventTarget-impl.js:104:17)
    at HTMLUnknownElement.dispatchEvent (/home/stocks/algo/webapp/frontend/node_modules/jsdom/lib/jsdom/living/generated/EventTarget.js:241:34)
    at Object.invokeGuardedCallbackDev (/home/stocks/algo/webapp/frontend/node_modules/react-dom/cjs/react-dom.development.js:4213:16)
    at invokeGuardedCallback (/home/stocks/algo/webapp/frontend/node_modules/react-dom/cjs/react-dom.development.js:4277:31)
    at beginWork$1 (/home/stocks/algo/webapp/frontend/node_modules/react-dom/cjs/react-dom.development.js:27490:7)
    at performUnitOfWork (/home/stocks/algo/webapp/frontend/node_modules/react-dom/cjs/react-dom.development.js:26599:12) TypeError: portfolioData.map is not a function
    at PortfolioManager (/home/stocks/algo/webapp/frontend/src/components/PortfolioManager.jsx:434:30)
    at renderWithHooks (/home/stocks/algo/webapp/frontend/node_modules/react-dom/cjs/react-dom.development.js:15486:18)
    at updateFunctionComponent (/home/stocks/algo/webapp/frontend/node_modules/react-dom/cjs/react-dom.development.js:19617:20)
    at beginWork (/home/stocks/algo/webapp/frontend/node_modules/react-dom/cjs/react-dom.development.js:21640:16)
    at HTMLUnknownElement.callCallback (/home/stocks/algo/webapp/frontend/node_modules/react-dom/cjs/react-dom.development.js:4164:14)
    at HTMLUnknownElement.callTheUserObjectsOperation (/home/stocks/algo/webapp/frontend/node_modules/jsdom/lib/jsdom/living/generated/EventListener.js:26:30)
    at innerInvokeEventListeners (/home/stocks/algo/webapp/frontend/node_modules/jsdom/lib/jsdom/living/events/EventTarget-impl.js:350:25)
    at invokeEventListeners (/home/stocks/algo/webapp/frontend/node_modules/jsdom/lib/jsdom/living/events/EventTarget-impl.js:286:3)
    at HTMLUnknownElementImpl._dispatch (/home/stocks/algo/webapp/frontend/node_modules/jsdom/lib/jsdom/living/events/EventTarget-impl.js:233:9)
    at HTMLUnknownElementImpl.dispatchEvent (/home/stocks/algo/webapp/frontend/node_modules/jsdom/lib/jsdom/living/events/EventTarget-impl.js:104:17)
Error: Uncaught [TypeError: portfolioData.map is not a function]
    at reportException (/home/stocks/algo/webapp/frontend/node_modules/jsdom/lib/jsdom/living/helpers/runtime-script-errors.js:66:24)
    at innerInvokeEventListeners (/home/stocks/algo/webapp/frontend/node_modules/jsdom/lib/jsdom/living/events/EventTarget-impl.js:353:9)
    at invokeEventListeners (/home/stocks/algo/webapp/frontend/node_modules/jsdom/lib/jsdom/living/events/EventTarget-impl.js:286:3)
    at HTMLUnknownElementImpl._dispatch (/home/stocks/algo/webapp/frontend/node_modules/jsdom/lib/jsdom/living/events/EventTarget-impl.js:233:9)
    at HTMLUnknownElementImpl.dispatchEvent (/home/stocks/algo/webapp/frontend/node_modules/jsdom/lib/jsdom/living/events/EventTarget-impl.js:104:17)
    at HTMLUnknownElement.dispatchEvent (/home/stocks/algo/webapp/frontend/node_modules/jsdom/lib/jsdom/living/generated/EventTarget.js:241:34)
    at Object.invokeGuardedCallbackDev (/home/stocks/algo/webapp/frontend/node_modules/react-dom/cjs/react-dom.development.js:4213:16)
    at invokeGuardedCallback (/home/stocks/algo/webapp/frontend/node_modules/react-dom/cjs/react-dom.development.js:4277:31)
    at beginWork$1 (/home/stocks/algo/webapp/frontend/node_modules/react-dom/cjs/react-dom.development.js:27490:7)
    at performUnitOfWork (/home/stocks/algo/webapp/frontend/node_modules/react-dom/cjs/react-dom.development.js:26599:12) TypeError: portfolioData.map is not a function
    at PortfolioManager (/home/stocks/algo/webapp/frontend/src/components/PortfolioManager.jsx:434:30)
    at renderWithHooks (/home/stocks/algo/webapp/frontend/node_modules/react-dom/cjs/react-dom.development.js:15486:18)
    at updateFunctionComponent (/home/stocks/algo/webapp/frontend/node_modules/react-dom/cjs/react-dom.development.js:19617:20)
    at beginWork (/home/stocks/algo/webapp/frontend/node_modules/react-dom/cjs/react-dom.development.js:21640:16)
    at HTMLUnknownElement.callCallback (/home/stocks/algo/webapp/frontend/node_modules/react-dom/cjs/react-dom.development.js:4164:14)
    at HTMLUnknownElement.callTheUserObjectsOperation (/home/stocks/algo/webapp/frontend/node_modules/jsdom/lib/jsdom/living/generated/EventListener.js:26:30)
    at innerInvokeEventListeners (/home/stocks/algo/webapp/frontend/node_modules/jsdom/lib/jsdom/living/events/EventTarget-impl.js:350:25)
    at invokeEventListeners (/home/stocks/algo/webapp/frontend/node_modules/jsdom/lib/jsdom/living/events/EventTarget-impl.js:286:3)
    at HTMLUnknownElementImpl._dispatch (/home/stocks/algo/webapp/frontend/node_modules/jsdom/lib/jsdom/living/events/EventTarget-impl.js:233:9)
    at HTMLUnknownElementImpl.dispatchEvent (/home/stocks/algo/webapp/frontend/node_modules/jsdom/lib/jsdom/living/events/EventTarget-impl.js:104:17)

            </system-err>
            <failure message="Unable to find an element with the text: $108,550. This could be because the text is broken up by multiple elements. In this case, you can provide a function for your text matcher to make your matcher more flexible.

Ignored nodes: comments, script, style
[36m&lt;body&gt;[39m
  [36m&lt;div /&gt;[39m
[36m&lt;/body&gt;[39m

Ignored nodes: comments, script, style
[36m&lt;html&gt;[39m
  [36m&lt;head /&gt;[39m
  [36m&lt;body&gt;[39m
    [36m&lt;div /&gt;[39m
  [36m&lt;/body&gt;[39m
[36m&lt;/html&gt;[39m" type="TestingLibraryElementError">
TestingLibraryElementError: Unable to find an element with the text: $108,550. This could be because the text is broken up by multiple elements. In this case, you can provide a function for your text matcher to make your matcher more flexible.

Ignored nodes: comments, script, style
&lt;body&gt;
  &lt;div /&gt;
&lt;/body&gt;

Ignored nodes: comments, script, style
&lt;html&gt;
  &lt;head /&gt;
  &lt;body&gt;
    &lt;div /&gt;
  &lt;/body&gt;
&lt;/html&gt;
 ❯ Proxy.waitForWrapper node_modules/@testing-library/react/node_modules/@testing-library/dom/dist/wait-for.js:163:27
 ❯ src/tests/unit/components/real-portfolio-manager.test.jsx:196:13
            </failure>
            <failure message="Unable to find an element with the text: $108,550. This could be because the text is broken up by multiple elements. In this case, you can provide a function for your text matcher to make your matcher more flexible.

Ignored nodes: comments, script, style
[36m&lt;body&gt;[39m
  [36m&lt;div /&gt;[39m
[36m&lt;/body&gt;[39m

Ignored nodes: comments, script, style
[36m&lt;html&gt;[39m
  [36m&lt;head /&gt;[39m
  [36m&lt;body&gt;[39m
    [36m&lt;div /&gt;[39m
  [36m&lt;/body&gt;[39m
[36m&lt;/html&gt;[39m" type="TestingLibraryElementError">
TestingLibraryElementError: Unable to find an element with the text: $108,550. This could be because the text is broken up by multiple elements. In this case, you can provide a function for your text matcher to make your matcher more flexible.

Ignored nodes: comments, script, style
&lt;body&gt;
  &lt;div /&gt;
&lt;/body&gt;

Ignored nodes: comments, script, style
&lt;html&gt;
  &lt;head /&gt;
  &lt;body&gt;
    &lt;div /&gt;
  &lt;/body&gt;
&lt;/html&gt;
 ❯ Proxy.waitForWrapper node_modules/@testing-library/react/node_modules/@testing-library/dom/dist/wait-for.js:163:27
 ❯ src/tests/unit/components/real-portfolio-manager.test.jsx:196:13
            </failure>
            <failure message="Unable to find an element with the text: $108,550. This could be because the text is broken up by multiple elements. In this case, you can provide a function for your text matcher to make your matcher more flexible.

Ignored nodes: comments, script, style
[36m&lt;body&gt;[39m
  [36m&lt;div /&gt;[39m
[36m&lt;/body&gt;[39m

Ignored nodes: comments, script, style
[36m&lt;html&gt;[39m
  [36m&lt;head /&gt;[39m
  [36m&lt;body&gt;[39m
    [36m&lt;div /&gt;[39m
  [36m&lt;/body&gt;[39m
[36m&lt;/html&gt;[39m" type="TestingLibraryElementError">
TestingLibraryElementError: Unable to find an element with the text: $108,550. This could be because the text is broken up by multiple elements. In this case, you can provide a function for your text matcher to make your matcher more flexible.

Ignored nodes: comments, script, style
&lt;body&gt;
  &lt;div /&gt;
&lt;/body&gt;

Ignored nodes: comments, script, style
&lt;html&gt;
  &lt;head /&gt;
  &lt;body&gt;
    &lt;div /&gt;
  &lt;/body&gt;
&lt;/html&gt;
 ❯ Proxy.waitForWrapper node_modules/@testing-library/react/node_modules/@testing-library/dom/dist/wait-for.js:163:27
 ❯ src/tests/unit/components/real-portfolio-manager.test.jsx:196:13
            </failure>
        </testcase>
        <testcase classname="src/tests/unit/components/real-portfolio-manager.test.jsx" name="💼 Real PortfolioManager Component &gt; Component Initialization &gt; should display API key status indicator" time="3.011">
            <system-err>
Error: Uncaught [TypeError: portfolioData.map is not a function]
    at reportException (/home/stocks/algo/webapp/frontend/node_modules/jsdom/lib/jsdom/living/helpers/runtime-script-errors.js:66:24)
    at innerInvokeEventListeners (/home/stocks/algo/webapp/frontend/node_modules/jsdom/lib/jsdom/living/events/EventTarget-impl.js:353:9)
    at invokeEventListeners (/home/stocks/algo/webapp/frontend/node_modules/jsdom/lib/jsdom/living/events/EventTarget-impl.js:286:3)
    at HTMLUnknownElementImpl._dispatch (/home/stocks/algo/webapp/frontend/node_modules/jsdom/lib/jsdom/living/events/EventTarget-impl.js:233:9)
    at HTMLUnknownElementImpl.dispatchEvent (/home/stocks/algo/webapp/frontend/node_modules/jsdom/lib/jsdom/living/events/EventTarget-impl.js:104:17)
    at HTMLUnknownElement.dispatchEvent (/home/stocks/algo/webapp/frontend/node_modules/jsdom/lib/jsdom/living/generated/EventTarget.js:241:34)
    at Object.invokeGuardedCallbackDev (/home/stocks/algo/webapp/frontend/node_modules/react-dom/cjs/react-dom.development.js:4213:16)
    at invokeGuardedCallback (/home/stocks/algo/webapp/frontend/node_modules/react-dom/cjs/react-dom.development.js:4277:31)
    at beginWork$1 (/home/stocks/algo/webapp/frontend/node_modules/react-dom/cjs/react-dom.development.js:27490:7)
    at performUnitOfWork (/home/stocks/algo/webapp/frontend/node_modules/react-dom/cjs/react-dom.development.js:26599:12) TypeError: portfolioData.map is not a function
    at PortfolioManager (/home/stocks/algo/webapp/frontend/src/components/PortfolioManager.jsx:434:30)
    at renderWithHooks (/home/stocks/algo/webapp/frontend/node_modules/react-dom/cjs/react-dom.development.js:15486:18)
    at updateFunctionComponent (/home/stocks/algo/webapp/frontend/node_modules/react-dom/cjs/react-dom.development.js:19617:20)
    at beginWork (/home/stocks/algo/webapp/frontend/node_modules/react-dom/cjs/react-dom.development.js:21640:16)
    at HTMLUnknownElement.callCallback (/home/stocks/algo/webapp/frontend/node_modules/react-dom/cjs/react-dom.development.js:4164:14)
    at HTMLUnknownElement.callTheUserObjectsOperation (/home/stocks/algo/webapp/frontend/node_modules/jsdom/lib/jsdom/living/generated/EventListener.js:26:30)
    at innerInvokeEventListeners (/home/stocks/algo/webapp/frontend/node_modules/jsdom/lib/jsdom/living/events/EventTarget-impl.js:350:25)
    at invokeEventListeners (/home/stocks/algo/webapp/frontend/node_modules/jsdom/lib/jsdom/living/events/EventTarget-impl.js:286:3)
    at HTMLUnknownElementImpl._dispatch (/home/stocks/algo/webapp/frontend/node_modules/jsdom/lib/jsdom/living/events/EventTarget-impl.js:233:9)
    at HTMLUnknownElementImpl.dispatchEvent (/home/stocks/algo/webapp/frontend/node_modules/jsdom/lib/jsdom/living/events/EventTarget-impl.js:104:17)
Error: Uncaught [TypeError: portfolioData.map is not a function]
    at reportException (/home/stocks/algo/webapp/frontend/node_modules/jsdom/lib/jsdom/living/helpers/runtime-script-errors.js:66:24)
    at innerInvokeEventListeners (/home/stocks/algo/webapp/frontend/node_modules/jsdom/lib/jsdom/living/events/EventTarget-impl.js:353:9)
    at invokeEventListeners (/home/stocks/algo/webapp/frontend/node_modules/jsdom/lib/jsdom/living/events/EventTarget-impl.js:286:3)
    at HTMLUnknownElementImpl._dispatch (/home/stocks/algo/webapp/frontend/node_modules/jsdom/lib/jsdom/living/events/EventTarget-impl.js:233:9)
    at HTMLUnknownElementImpl.dispatchEvent (/home/stocks/algo/webapp/frontend/node_modules/jsdom/lib/jsdom/living/events/EventTarget-impl.js:104:17)
    at HTMLUnknownElement.dispatchEvent (/home/stocks/algo/webapp/frontend/node_modules/jsdom/lib/jsdom/living/generated/EventTarget.js:241:34)
    at Object.invokeGuardedCallbackDev (/home/stocks/algo/webapp/frontend/node_modules/react-dom/cjs/react-dom.development.js:4213:16)
    at invokeGuardedCallback (/home/stocks/algo/webapp/frontend/node_modules/react-dom/cjs/react-dom.development.js:4277:31)
    at beginWork$1 (/home/stocks/algo/webapp/frontend/node_modules/react-dom/cjs/react-dom.development.js:27490:7)
    at performUnitOfWork (/home/stocks/algo/webapp/frontend/node_modules/react-dom/cjs/react-dom.development.js:26599:12) TypeError: portfolioData.map is not a function
    at PortfolioManager (/home/stocks/algo/webapp/frontend/src/components/PortfolioManager.jsx:434:30)
    at renderWithHooks (/home/stocks/algo/webapp/frontend/node_modules/react-dom/cjs/react-dom.development.js:15486:18)
    at updateFunctionComponent (/home/stocks/algo/webapp/frontend/node_modules/react-dom/cjs/react-dom.development.js:19617:20)
    at beginWork (/home/stocks/algo/webapp/frontend/node_modules/react-dom/cjs/react-dom.development.js:21640:16)
    at HTMLUnknownElement.callCallback (/home/stocks/algo/webapp/frontend/node_modules/react-dom/cjs/react-dom.development.js:4164:14)
    at HTMLUnknownElement.callTheUserObjectsOperation (/home/stocks/algo/webapp/frontend/node_modules/jsdom/lib/jsdom/living/generated/EventListener.js:26:30)
    at innerInvokeEventListeners (/home/stocks/algo/webapp/frontend/node_modules/jsdom/lib/jsdom/living/events/EventTarget-impl.js:350:25)
    at invokeEventListeners (/home/stocks/algo/webapp/frontend/node_modules/jsdom/lib/jsdom/living/events/EventTarget-impl.js:286:3)
    at HTMLUnknownElementImpl._dispatch (/home/stocks/algo/webapp/frontend/node_modules/jsdom/lib/jsdom/living/events/EventTarget-impl.js:233:9)
    at HTMLUnknownElementImpl.dispatchEvent (/home/stocks/algo/webapp/frontend/node_modules/jsdom/lib/jsdom/living/events/EventTarget-impl.js:104:17)

Error: Uncaught [TypeError: portfolioData.map is not a function]
    at reportException (/home/stocks/algo/webapp/frontend/node_modules/jsdom/lib/jsdom/living/helpers/runtime-script-errors.js:66:24)
    at innerInvokeEventListeners (/home/stocks/algo/webapp/frontend/node_modules/jsdom/lib/jsdom/living/events/EventTarget-impl.js:353:9)
    at invokeEventListeners (/home/stocks/algo/webapp/frontend/node_modules/jsdom/lib/jsdom/living/events/EventTarget-impl.js:286:3)
    at HTMLUnknownElementImpl._dispatch (/home/stocks/algo/webapp/frontend/node_modules/jsdom/lib/jsdom/living/events/EventTarget-impl.js:233:9)
    at HTMLUnknownElementImpl.dispatchEvent (/home/stocks/algo/webapp/frontend/node_modules/jsdom/lib/jsdom/living/events/EventTarget-impl.js:104:17)
    at HTMLUnknownElement.dispatchEvent (/home/stocks/algo/webapp/frontend/node_modules/jsdom/lib/jsdom/living/generated/EventTarget.js:241:34)
    at Object.invokeGuardedCallbackDev (/home/stocks/algo/webapp/frontend/node_modules/react-dom/cjs/react-dom.development.js:4213:16)
    at invokeGuardedCallback (/home/stocks/algo/webapp/frontend/node_modules/react-dom/cjs/react-dom.development.js:4277:31)
    at beginWork$1 (/home/stocks/algo/webapp/frontend/node_modules/react-dom/cjs/react-dom.development.js:27490:7)
    at performUnitOfWork (/home/stocks/algo/webapp/frontend/node_modules/react-dom/cjs/react-dom.development.js:26599:12) TypeError: portfolioData.map is not a function
    at PortfolioManager (/home/stocks/algo/webapp/frontend/src/components/PortfolioManager.jsx:434:30)
    at renderWithHooks (/home/stocks/algo/webapp/frontend/node_modules/react-dom/cjs/react-dom.development.js:15486:18)
    at updateFunctionComponent (/home/stocks/algo/webapp/frontend/node_modules/react-dom/cjs/react-dom.development.js:19617:20)
    at beginWork (/home/stocks/algo/webapp/frontend/node_modules/react-dom/cjs/react-dom.development.js:21640:16)
    at HTMLUnknownElement.callCallback (/home/stocks/algo/webapp/frontend/node_modules/react-dom/cjs/react-dom.development.js:4164:14)
    at HTMLUnknownElement.callTheUserObjectsOperation (/home/stocks/algo/webapp/frontend/node_modules/jsdom/lib/jsdom/living/generated/EventListener.js:26:30)
    at innerInvokeEventListeners (/home/stocks/algo/webapp/frontend/node_modules/jsdom/lib/jsdom/living/events/EventTarget-impl.js:350:25)
    at invokeEventListeners (/home/stocks/algo/webapp/frontend/node_modules/jsdom/lib/jsdom/living/events/EventTarget-impl.js:286:3)
    at HTMLUnknownElementImpl._dispatch (/home/stocks/algo/webapp/frontend/node_modules/jsdom/lib/jsdom/living/events/EventTarget-impl.js:233:9)
    at HTMLUnknownElementImpl.dispatchEvent (/home/stocks/algo/webapp/frontend/node_modules/jsdom/lib/jsdom/living/events/EventTarget-impl.js:104:17)
Error: Uncaught [TypeError: portfolioData.map is not a function]
    at reportException (/home/stocks/algo/webapp/frontend/node_modules/jsdom/lib/jsdom/living/helpers/runtime-script-errors.js:66:24)
    at innerInvokeEventListeners (/home/stocks/algo/webapp/frontend/node_modules/jsdom/lib/jsdom/living/events/EventTarget-impl.js:353:9)
    at invokeEventListeners (/home/stocks/algo/webapp/frontend/node_modules/jsdom/lib/jsdom/living/events/EventTarget-impl.js:286:3)
    at HTMLUnknownElementImpl._dispatch (/home/stocks/algo/webapp/frontend/node_modules/jsdom/lib/jsdom/living/events/EventTarget-impl.js:233:9)
    at HTMLUnknownElementImpl.dispatchEvent (/home/stocks/algo/webapp/frontend/node_modules/jsdom/lib/jsdom/living/events/EventTarget-impl.js:104:17)
    at HTMLUnknownElement.dispatchEvent (/home/stocks/algo/webapp/frontend/node_modules/jsdom/lib/jsdom/living/generated/EventTarget.js:241:34)
    at Object.invokeGuardedCallbackDev (/home/stocks/algo/webapp/frontend/node_modules/react-dom/cjs/react-dom.development.js:4213:16)
    at invokeGuardedCallback (/home/stocks/algo/webapp/frontend/node_modules/react-dom/cjs/react-dom.development.js:4277:31)
    at beginWork$1 (/home/stocks/algo/webapp/frontend/node_modules/react-dom/cjs/react-dom.development.js:27490:7)
    at performUnitOfWork (/home/stocks/algo/webapp/frontend/node_modules/react-dom/cjs/react-dom.development.js:26599:12) TypeError: portfolioData.map is not a function
    at PortfolioManager (/home/stocks/algo/webapp/frontend/src/components/PortfolioManager.jsx:434:30)
    at renderWithHooks (/home/stocks/algo/webapp/frontend/node_modules/react-dom/cjs/react-dom.development.js:15486:18)
    at updateFunctionComponent (/home/stocks/algo/webapp/frontend/node_modules/react-dom/cjs/react-dom.development.js:19617:20)
    at beginWork (/home/stocks/algo/webapp/frontend/node_modules/react-dom/cjs/react-dom.development.js:21640:16)
    at HTMLUnknownElement.callCallback (/home/stocks/algo/webapp/frontend/node_modules/react-dom/cjs/react-dom.development.js:4164:14)
    at HTMLUnknownElement.callTheUserObjectsOperation (/home/stocks/algo/webapp/frontend/node_modules/jsdom/lib/jsdom/living/generated/EventListener.js:26:30)
    at innerInvokeEventListeners (/home/stocks/algo/webapp/frontend/node_modules/jsdom/lib/jsdom/living/events/EventTarget-impl.js:350:25)
    at invokeEventListeners (/home/stocks/algo/webapp/frontend/node_modules/jsdom/lib/jsdom/living/events/EventTarget-impl.js:286:3)
    at HTMLUnknownElementImpl._dispatch (/home/stocks/algo/webapp/frontend/node_modules/jsdom/lib/jsdom/living/events/EventTarget-impl.js:233:9)
    at HTMLUnknownElementImpl.dispatchEvent (/home/stocks/algo/webapp/frontend/node_modules/jsdom/lib/jsdom/living/events/EventTarget-impl.js:104:17)

Error: Uncaught [TypeError: portfolioData.map is not a function]
    at reportException (/home/stocks/algo/webapp/frontend/node_modules/jsdom/lib/jsdom/living/helpers/runtime-script-errors.js:66:24)
    at innerInvokeEventListeners (/home/stocks/algo/webapp/frontend/node_modules/jsdom/lib/jsdom/living/events/EventTarget-impl.js:353:9)
    at invokeEventListeners (/home/stocks/algo/webapp/frontend/node_modules/jsdom/lib/jsdom/living/events/EventTarget-impl.js:286:3)
    at HTMLUnknownElementImpl._dispatch (/home/stocks/algo/webapp/frontend/node_modules/jsdom/lib/jsdom/living/events/EventTarget-impl.js:233:9)
    at HTMLUnknownElementImpl.dispatchEvent (/home/stocks/algo/webapp/frontend/node_modules/jsdom/lib/jsdom/living/events/EventTarget-impl.js:104:17)
    at HTMLUnknownElement.dispatchEvent (/home/stocks/algo/webapp/frontend/node_modules/jsdom/lib/jsdom/living/generated/EventTarget.js:241:34)
    at Object.invokeGuardedCallbackDev (/home/stocks/algo/webapp/frontend/node_modules/react-dom/cjs/react-dom.development.js:4213:16)
    at invokeGuardedCallback (/home/stocks/algo/webapp/frontend/node_modules/react-dom/cjs/react-dom.development.js:4277:31)
    at beginWork$1 (/home/stocks/algo/webapp/frontend/node_modules/react-dom/cjs/react-dom.development.js:27490:7)
    at performUnitOfWork (/home/stocks/algo/webapp/frontend/node_modules/react-dom/cjs/react-dom.development.js:26599:12) TypeError: portfolioData.map is not a function
    at PortfolioManager (/home/stocks/algo/webapp/frontend/src/components/PortfolioManager.jsx:434:30)
    at renderWithHooks (/home/stocks/algo/webapp/frontend/node_modules/react-dom/cjs/react-dom.development.js:15486:18)
    at updateFunctionComponent (/home/stocks/algo/webapp/frontend/node_modules/react-dom/cjs/react-dom.development.js:19617:20)
    at beginWork (/home/stocks/algo/webapp/frontend/node_modules/react-dom/cjs/react-dom.development.js:21640:16)
    at HTMLUnknownElement.callCallback (/home/stocks/algo/webapp/frontend/node_modules/react-dom/cjs/react-dom.development.js:4164:14)
    at HTMLUnknownElement.callTheUserObjectsOperation (/home/stocks/algo/webapp/frontend/node_modules/jsdom/lib/jsdom/living/generated/EventListener.js:26:30)
    at innerInvokeEventListeners (/home/stocks/algo/webapp/frontend/node_modules/jsdom/lib/jsdom/living/events/EventTarget-impl.js:350:25)
    at invokeEventListeners (/home/stocks/algo/webapp/frontend/node_modules/jsdom/lib/jsdom/living/events/EventTarget-impl.js:286:3)
    at HTMLUnknownElementImpl._dispatch (/home/stocks/algo/webapp/frontend/node_modules/jsdom/lib/jsdom/living/events/EventTarget-impl.js:233:9)
    at HTMLUnknownElementImpl.dispatchEvent (/home/stocks/algo/webapp/frontend/node_modules/jsdom/lib/jsdom/living/events/EventTarget-impl.js:104:17)
Error: Uncaught [TypeError: portfolioData.map is not a function]
    at reportException (/home/stocks/algo/webapp/frontend/node_modules/jsdom/lib/jsdom/living/helpers/runtime-script-errors.js:66:24)
    at innerInvokeEventListeners (/home/stocks/algo/webapp/frontend/node_modules/jsdom/lib/jsdom/living/events/EventTarget-impl.js:353:9)
    at invokeEventListeners (/home/stocks/algo/webapp/frontend/node_modules/jsdom/lib/jsdom/living/events/EventTarget-impl.js:286:3)
    at HTMLUnknownElementImpl._dispatch (/home/stocks/algo/webapp/frontend/node_modules/jsdom/lib/jsdom/living/events/EventTarget-impl.js:233:9)
    at HTMLUnknownElementImpl.dispatchEvent (/home/stocks/algo/webapp/frontend/node_modules/jsdom/lib/jsdom/living/events/EventTarget-impl.js:104:17)
    at HTMLUnknownElement.dispatchEvent (/home/stocks/algo/webapp/frontend/node_modules/jsdom/lib/jsdom/living/generated/EventTarget.js:241:34)
    at Object.invokeGuardedCallbackDev (/home/stocks/algo/webapp/frontend/node_modules/react-dom/cjs/react-dom.development.js:4213:16)
    at invokeGuardedCallback (/home/stocks/algo/webapp/frontend/node_modules/react-dom/cjs/react-dom.development.js:4277:31)
    at beginWork$1 (/home/stocks/algo/webapp/frontend/node_modules/react-dom/cjs/react-dom.development.js:27490:7)
    at performUnitOfWork (/home/stocks/algo/webapp/frontend/node_modules/react-dom/cjs/react-dom.development.js:26599:12) TypeError: portfolioData.map is not a function
    at PortfolioManager (/home/stocks/algo/webapp/frontend/src/components/PortfolioManager.jsx:434:30)
    at renderWithHooks (/home/stocks/algo/webapp/frontend/node_modules/react-dom/cjs/react-dom.development.js:15486:18)
    at updateFunctionComponent (/home/stocks/algo/webapp/frontend/node_modules/react-dom/cjs/react-dom.development.js:19617:20)
    at beginWork (/home/stocks/algo/webapp/frontend/node_modules/react-dom/cjs/react-dom.development.js:21640:16)
    at HTMLUnknownElement.callCallback (/home/stocks/algo/webapp/frontend/node_modules/react-dom/cjs/react-dom.development.js:4164:14)
    at HTMLUnknownElement.callTheUserObjectsOperation (/home/stocks/algo/webapp/frontend/node_modules/jsdom/lib/jsdom/living/generated/EventListener.js:26:30)
    at innerInvokeEventListeners (/home/stocks/algo/webapp/frontend/node_modules/jsdom/lib/jsdom/living/events/EventTarget-impl.js:350:25)
    at invokeEventListeners (/home/stocks/algo/webapp/frontend/node_modules/jsdom/lib/jsdom/living/events/EventTarget-impl.js:286:3)
    at HTMLUnknownElementImpl._dispatch (/home/stocks/algo/webapp/frontend/node_modules/jsdom/lib/jsdom/living/events/EventTarget-impl.js:233:9)
    at HTMLUnknownElementImpl.dispatchEvent (/home/stocks/algo/webapp/frontend/node_modules/jsdom/lib/jsdom/living/events/EventTarget-impl.js:104:17)

            </system-err>
            <failure message="Unable to find an element by: [data-testid=&quot;api-key-indicator&quot;]

Ignored nodes: comments, script, style
[36m&lt;body&gt;[39m
  [36m&lt;div /&gt;[39m
[36m&lt;/body&gt;[39m

Ignored nodes: comments, script, style
[36m&lt;html&gt;[39m
  [36m&lt;head /&gt;[39m
  [36m&lt;body&gt;[39m
    [36m&lt;div /&gt;[39m
  [36m&lt;/body&gt;[39m
[36m&lt;/html&gt;[39m" type="TestingLibraryElementError">
TestingLibraryElementError: Unable to find an element by: [data-testid=&quot;api-key-indicator&quot;]

Ignored nodes: comments, script, style
&lt;body&gt;
  &lt;div /&gt;
&lt;/body&gt;

Ignored nodes: comments, script, style
&lt;html&gt;
  &lt;head /&gt;
  &lt;body&gt;
    &lt;div /&gt;
  &lt;/body&gt;
&lt;/html&gt;
 ❯ Proxy.waitForWrapper node_modules/@testing-library/react/node_modules/@testing-library/dom/dist/wait-for.js:163:27
 ❯ src/tests/unit/components/real-portfolio-manager.test.jsx:206:13
            </failure>
            <failure message="Unable to find an element by: [data-testid=&quot;api-key-indicator&quot;]

Ignored nodes: comments, script, style
[36m&lt;body&gt;[39m
  [36m&lt;div /&gt;[39m
[36m&lt;/body&gt;[39m

Ignored nodes: comments, script, style
[36m&lt;html&gt;[39m
  [36m&lt;head /&gt;[39m
  [36m&lt;body&gt;[39m
    [36m&lt;div /&gt;[39m
  [36m&lt;/body&gt;[39m
[36m&lt;/html&gt;[39m" type="TestingLibraryElementError">
TestingLibraryElementError: Unable to find an element by: [data-testid=&quot;api-key-indicator&quot;]

Ignored nodes: comments, script, style
&lt;body&gt;
  &lt;div /&gt;
&lt;/body&gt;

Ignored nodes: comments, script, style
&lt;html&gt;
  &lt;head /&gt;
  &lt;body&gt;
    &lt;div /&gt;
  &lt;/body&gt;
&lt;/html&gt;
 ❯ Proxy.waitForWrapper node_modules/@testing-library/react/node_modules/@testing-library/dom/dist/wait-for.js:163:27
 ❯ src/tests/unit/components/real-portfolio-manager.test.jsx:206:13
            </failure>
            <failure message="Unable to find an element by: [data-testid=&quot;api-key-indicator&quot;]

Ignored nodes: comments, script, style
[36m&lt;body&gt;[39m
  [36m&lt;div /&gt;[39m
[36m&lt;/body&gt;[39m

Ignored nodes: comments, script, style
[36m&lt;html&gt;[39m
  [36m&lt;head /&gt;[39m
  [36m&lt;body&gt;[39m
    [36m&lt;div /&gt;[39m
  [36m&lt;/body&gt;[39m
[36m&lt;/html&gt;[39m" type="TestingLibraryElementError">
TestingLibraryElementError: Unable to find an element by: [data-testid=&quot;api-key-indicator&quot;]

Ignored nodes: comments, script, style
&lt;body&gt;
  &lt;div /&gt;
&lt;/body&gt;

Ignored nodes: comments, script, style
&lt;html&gt;
  &lt;head /&gt;
  &lt;body&gt;
    &lt;div /&gt;
  &lt;/body&gt;
&lt;/html&gt;
 ❯ Proxy.waitForWrapper node_modules/@testing-library/react/node_modules/@testing-library/dom/dist/wait-for.js:163:27
 ❯ src/tests/unit/components/real-portfolio-manager.test.jsx:206:13
            </failure>
        </testcase>
        <testcase classname="src/tests/unit/components/real-portfolio-manager.test.jsx" name="💼 Real PortfolioManager Component &gt; Component Initialization &gt; should handle portfolio loading errors" time="0.113">
        </testcase>
        <testcase classname="src/tests/unit/components/real-portfolio-manager.test.jsx" name="💼 Real PortfolioManager Component &gt; Holdings Table Display &gt; should display holdings table with all columns" time="3.016">
            <system-err>
Error: Uncaught [TypeError: portfolioData.map is not a function]
    at reportException (/home/stocks/algo/webapp/frontend/node_modules/jsdom/lib/jsdom/living/helpers/runtime-script-errors.js:66:24)
    at innerInvokeEventListeners (/home/stocks/algo/webapp/frontend/node_modules/jsdom/lib/jsdom/living/events/EventTarget-impl.js:353:9)
    at invokeEventListeners (/home/stocks/algo/webapp/frontend/node_modules/jsdom/lib/jsdom/living/events/EventTarget-impl.js:286:3)
    at HTMLUnknownElementImpl._dispatch (/home/stocks/algo/webapp/frontend/node_modules/jsdom/lib/jsdom/living/events/EventTarget-impl.js:233:9)
    at HTMLUnknownElementImpl.dispatchEvent (/home/stocks/algo/webapp/frontend/node_modules/jsdom/lib/jsdom/living/events/EventTarget-impl.js:104:17)
    at HTMLUnknownElement.dispatchEvent (/home/stocks/algo/webapp/frontend/node_modules/jsdom/lib/jsdom/living/generated/EventTarget.js:241:34)
    at Object.invokeGuardedCallbackDev (/home/stocks/algo/webapp/frontend/node_modules/react-dom/cjs/react-dom.development.js:4213:16)
    at invokeGuardedCallback (/home/stocks/algo/webapp/frontend/node_modules/react-dom/cjs/react-dom.development.js:4277:31)
    at beginWork$1 (/home/stocks/algo/webapp/frontend/node_modules/react-dom/cjs/react-dom.development.js:27490:7)
    at performUnitOfWork (/home/stocks/algo/webapp/frontend/node_modules/react-dom/cjs/react-dom.development.js:26599:12) TypeError: portfolioData.map is not a function
    at PortfolioManager (/home/stocks/algo/webapp/frontend/src/components/PortfolioManager.jsx:434:30)
    at renderWithHooks (/home/stocks/algo/webapp/frontend/node_modules/react-dom/cjs/react-dom.development.js:15486:18)
    at updateFunctionComponent (/home/stocks/algo/webapp/frontend/node_modules/react-dom/cjs/react-dom.development.js:19617:20)
    at beginWork (/home/stocks/algo/webapp/frontend/node_modules/react-dom/cjs/react-dom.development.js:21640:16)
    at HTMLUnknownElement.callCallback (/home/stocks/algo/webapp/frontend/node_modules/react-dom/cjs/react-dom.development.js:4164:14)
    at HTMLUnknownElement.callTheUserObjectsOperation (/home/stocks/algo/webapp/frontend/node_modules/jsdom/lib/jsdom/living/generated/EventListener.js:26:30)
    at innerInvokeEventListeners (/home/stocks/algo/webapp/frontend/node_modules/jsdom/lib/jsdom/living/events/EventTarget-impl.js:350:25)
    at invokeEventListeners (/home/stocks/algo/webapp/frontend/node_modules/jsdom/lib/jsdom/living/events/EventTarget-impl.js:286:3)
    at HTMLUnknownElementImpl._dispatch (/home/stocks/algo/webapp/frontend/node_modules/jsdom/lib/jsdom/living/events/EventTarget-impl.js:233:9)
    at HTMLUnknownElementImpl.dispatchEvent (/home/stocks/algo/webapp/frontend/node_modules/jsdom/lib/jsdom/living/events/EventTarget-impl.js:104:17)
Error: Uncaught [TypeError: portfolioData.map is not a function]
    at reportException (/home/stocks/algo/webapp/frontend/node_modules/jsdom/lib/jsdom/living/helpers/runtime-script-errors.js:66:24)
    at innerInvokeEventListeners (/home/stocks/algo/webapp/frontend/node_modules/jsdom/lib/jsdom/living/events/EventTarget-impl.js:353:9)
    at invokeEventListeners (/home/stocks/algo/webapp/frontend/node_modules/jsdom/lib/jsdom/living/events/EventTarget-impl.js:286:3)
    at HTMLUnknownElementImpl._dispatch (/home/stocks/algo/webapp/frontend/node_modules/jsdom/lib/jsdom/living/events/EventTarget-impl.js:233:9)
    at HTMLUnknownElementImpl.dispatchEvent (/home/stocks/algo/webapp/frontend/node_modules/jsdom/lib/jsdom/living/events/EventTarget-impl.js:104:17)
    at HTMLUnknownElement.dispatchEvent (/home/stocks/algo/webapp/frontend/node_modules/jsdom/lib/jsdom/living/generated/EventTarget.js:241:34)
    at Object.invokeGuardedCallbackDev (/home/stocks/algo/webapp/frontend/node_modules/react-dom/cjs/react-dom.development.js:4213:16)
    at invokeGuardedCallback (/home/stocks/algo/webapp/frontend/node_modules/react-dom/cjs/react-dom.development.js:4277:31)
    at beginWork$1 (/home/stocks/algo/webapp/frontend/node_modules/react-dom/cjs/react-dom.development.js:27490:7)
    at performUnitOfWork (/home/stocks/algo/webapp/frontend/node_modules/react-dom/cjs/react-dom.development.js:26599:12) TypeError: portfolioData.map is not a function
    at PortfolioManager (/home/stocks/algo/webapp/frontend/src/components/PortfolioManager.jsx:434:30)
    at renderWithHooks (/home/stocks/algo/webapp/frontend/node_modules/react-dom/cjs/react-dom.development.js:15486:18)
    at updateFunctionComponent (/home/stocks/algo/webapp/frontend/node_modules/react-dom/cjs/react-dom.development.js:19617:20)
    at beginWork (/home/stocks/algo/webapp/frontend/node_modules/react-dom/cjs/react-dom.development.js:21640:16)
    at HTMLUnknownElement.callCallback (/home/stocks/algo/webapp/frontend/node_modules/react-dom/cjs/react-dom.development.js:4164:14)
    at HTMLUnknownElement.callTheUserObjectsOperation (/home/stocks/algo/webapp/frontend/node_modules/jsdom/lib/jsdom/living/generated/EventListener.js:26:30)
    at innerInvokeEventListeners (/home/stocks/algo/webapp/frontend/node_modules/jsdom/lib/jsdom/living/events/EventTarget-impl.js:350:25)
    at invokeEventListeners (/home/stocks/algo/webapp/frontend/node_modules/jsdom/lib/jsdom/living/events/EventTarget-impl.js:286:3)
    at HTMLUnknownElementImpl._dispatch (/home/stocks/algo/webapp/frontend/node_modules/jsdom/lib/jsdom/living/events/EventTarget-impl.js:233:9)
    at HTMLUnknownElementImpl.dispatchEvent (/home/stocks/algo/webapp/frontend/node_modules/jsdom/lib/jsdom/living/events/EventTarget-impl.js:104:17)

Error: Uncaught [TypeError: portfolioData.map is not a function]
    at reportException (/home/stocks/algo/webapp/frontend/node_modules/jsdom/lib/jsdom/living/helpers/runtime-script-errors.js:66:24)
    at innerInvokeEventListeners (/home/stocks/algo/webapp/frontend/node_modules/jsdom/lib/jsdom/living/events/EventTarget-impl.js:353:9)
    at invokeEventListeners (/home/stocks/algo/webapp/frontend/node_modules/jsdom/lib/jsdom/living/events/EventTarget-impl.js:286:3)
    at HTMLUnknownElementImpl._dispatch (/home/stocks/algo/webapp/frontend/node_modules/jsdom/lib/jsdom/living/events/EventTarget-impl.js:233:9)
    at HTMLUnknownElementImpl.dispatchEvent (/home/stocks/algo/webapp/frontend/node_modules/jsdom/lib/jsdom/living/events/EventTarget-impl.js:104:17)
    at HTMLUnknownElement.dispatchEvent (/home/stocks/algo/webapp/frontend/node_modules/jsdom/lib/jsdom/living/generated/EventTarget.js:241:34)
    at Object.invokeGuardedCallbackDev (/home/stocks/algo/webapp/frontend/node_modules/react-dom/cjs/react-dom.development.js:4213:16)
    at invokeGuardedCallback (/home/stocks/algo/webapp/frontend/node_modules/react-dom/cjs/react-dom.development.js:4277:31)
    at beginWork$1 (/home/stocks/algo/webapp/frontend/node_modules/react-dom/cjs/react-dom.development.js:27490:7)
    at performUnitOfWork (/home/stocks/algo/webapp/frontend/node_modules/react-dom/cjs/react-dom.development.js:26599:12) TypeError: portfolioData.map is not a function
    at PortfolioManager (/home/stocks/algo/webapp/frontend/src/components/PortfolioManager.jsx:434:30)
    at renderWithHooks (/home/stocks/algo/webapp/frontend/node_modules/react-dom/cjs/react-dom.development.js:15486:18)
    at updateFunctionComponent (/home/stocks/algo/webapp/frontend/node_modules/react-dom/cjs/react-dom.development.js:19617:20)
    at beginWork (/home/stocks/algo/webapp/frontend/node_modules/react-dom/cjs/react-dom.development.js:21640:16)
    at HTMLUnknownElement.callCallback (/home/stocks/algo/webapp/frontend/node_modules/react-dom/cjs/react-dom.development.js:4164:14)
    at HTMLUnknownElement.callTheUserObjectsOperation (/home/stocks/algo/webapp/frontend/node_modules/jsdom/lib/jsdom/living/generated/EventListener.js:26:30)
    at innerInvokeEventListeners (/home/stocks/algo/webapp/frontend/node_modules/jsdom/lib/jsdom/living/events/EventTarget-impl.js:350:25)
    at invokeEventListeners (/home/stocks/algo/webapp/frontend/node_modules/jsdom/lib/jsdom/living/events/EventTarget-impl.js:286:3)
    at HTMLUnknownElementImpl._dispatch (/home/stocks/algo/webapp/frontend/node_modules/jsdom/lib/jsdom/living/events/EventTarget-impl.js:233:9)
    at HTMLUnknownElementImpl.dispatchEvent (/home/stocks/algo/webapp/frontend/node_modules/jsdom/lib/jsdom/living/events/EventTarget-impl.js:104:17)
Error: Uncaught [TypeError: portfolioData.map is not a function]
    at reportException (/home/stocks/algo/webapp/frontend/node_modules/jsdom/lib/jsdom/living/helpers/runtime-script-errors.js:66:24)
    at innerInvokeEventListeners (/home/stocks/algo/webapp/frontend/node_modules/jsdom/lib/jsdom/living/events/EventTarget-impl.js:353:9)
    at invokeEventListeners (/home/stocks/algo/webapp/frontend/node_modules/jsdom/lib/jsdom/living/events/EventTarget-impl.js:286:3)
    at HTMLUnknownElementImpl._dispatch (/home/stocks/algo/webapp/frontend/node_modules/jsdom/lib/jsdom/living/events/EventTarget-impl.js:233:9)
    at HTMLUnknownElementImpl.dispatchEvent (/home/stocks/algo/webapp/frontend/node_modules/jsdom/lib/jsdom/living/events/EventTarget-impl.js:104:17)
    at HTMLUnknownElement.dispatchEvent (/home/stocks/algo/webapp/frontend/node_modules/jsdom/lib/jsdom/living/generated/EventTarget.js:241:34)
    at Object.invokeGuardedCallbackDev (/home/stocks/algo/webapp/frontend/node_modules/react-dom/cjs/react-dom.development.js:4213:16)
    at invokeGuardedCallback (/home/stocks/algo/webapp/frontend/node_modules/react-dom/cjs/react-dom.development.js:4277:31)
    at beginWork$1 (/home/stocks/algo/webapp/frontend/node_modules/react-dom/cjs/react-dom.development.js:27490:7)
    at performUnitOfWork (/home/stocks/algo/webapp/frontend/node_modules/react-dom/cjs/react-dom.development.js:26599:12) TypeError: portfolioData.map is not a function
    at PortfolioManager (/home/stocks/algo/webapp/frontend/src/components/PortfolioManager.jsx:434:30)
    at renderWithHooks (/home/stocks/algo/webapp/frontend/node_modules/react-dom/cjs/react-dom.development.js:15486:18)
    at updateFunctionComponent (/home/stocks/algo/webapp/frontend/node_modules/react-dom/cjs/react-dom.development.js:19617:20)
    at beginWork (/home/stocks/algo/webapp/frontend/node_modules/react-dom/cjs/react-dom.development.js:21640:16)
    at HTMLUnknownElement.callCallback (/home/stocks/algo/webapp/frontend/node_modules/react-dom/cjs/react-dom.development.js:4164:14)
    at HTMLUnknownElement.callTheUserObjectsOperation (/home/stocks/algo/webapp/frontend/node_modules/jsdom/lib/jsdom/living/generated/EventListener.js:26:30)
    at innerInvokeEventListeners (/home/stocks/algo/webapp/frontend/node_modules/jsdom/lib/jsdom/living/events/EventTarget-impl.js:350:25)
    at invokeEventListeners (/home/stocks/algo/webapp/frontend/node_modules/jsdom/lib/jsdom/living/events/EventTarget-impl.js:286:3)
    at HTMLUnknownElementImpl._dispatch (/home/stocks/algo/webapp/frontend/node_modules/jsdom/lib/jsdom/living/events/EventTarget-impl.js:233:9)
    at HTMLUnknownElementImpl.dispatchEvent (/home/stocks/algo/webapp/frontend/node_modules/jsdom/lib/jsdom/living/events/EventTarget-impl.js:104:17)

Error: Uncaught [TypeError: portfolioData.map is not a function]
    at reportException (/home/stocks/algo/webapp/frontend/node_modules/jsdom/lib/jsdom/living/helpers/runtime-script-errors.js:66:24)
    at innerInvokeEventListeners (/home/stocks/algo/webapp/frontend/node_modules/jsdom/lib/jsdom/living/events/EventTarget-impl.js:353:9)
    at invokeEventListeners (/home/stocks/algo/webapp/frontend/node_modules/jsdom/lib/jsdom/living/events/EventTarget-impl.js:286:3)
    at HTMLUnknownElementImpl._dispatch (/home/stocks/algo/webapp/frontend/node_modules/jsdom/lib/jsdom/living/events/EventTarget-impl.js:233:9)
    at HTMLUnknownElementImpl.dispatchEvent (/home/stocks/algo/webapp/frontend/node_modules/jsdom/lib/jsdom/living/events/EventTarget-impl.js:104:17)
    at HTMLUnknownElement.dispatchEvent (/home/stocks/algo/webapp/frontend/node_modules/jsdom/lib/jsdom/living/generated/EventTarget.js:241:34)
    at Object.invokeGuardedCallbackDev (/home/stocks/algo/webapp/frontend/node_modules/react-dom/cjs/react-dom.development.js:4213:16)
    at invokeGuardedCallback (/home/stocks/algo/webapp/frontend/node_modules/react-dom/cjs/react-dom.development.js:4277:31)
    at beginWork$1 (/home/stocks/algo/webapp/frontend/node_modules/react-dom/cjs/react-dom.development.js:27490:7)
    at performUnitOfWork (/home/stocks/algo/webapp/frontend/node_modules/react-dom/cjs/react-dom.development.js:26599:12) TypeError: portfolioData.map is not a function
    at PortfolioManager (/home/stocks/algo/webapp/frontend/src/components/PortfolioManager.jsx:434:30)
    at renderWithHooks (/home/stocks/algo/webapp/frontend/node_modules/react-dom/cjs/react-dom.development.js:15486:18)
    at updateFunctionComponent (/home/stocks/algo/webapp/frontend/node_modules/react-dom/cjs/react-dom.development.js:19617:20)
    at beginWork (/home/stocks/algo/webapp/frontend/node_modules/react-dom/cjs/react-dom.development.js:21640:16)
    at HTMLUnknownElement.callCallback (/home/stocks/algo/webapp/frontend/node_modules/react-dom/cjs/react-dom.development.js:4164:14)
    at HTMLUnknownElement.callTheUserObjectsOperation (/home/stocks/algo/webapp/frontend/node_modules/jsdom/lib/jsdom/living/generated/EventListener.js:26:30)
    at innerInvokeEventListeners (/home/stocks/algo/webapp/frontend/node_modules/jsdom/lib/jsdom/living/events/EventTarget-impl.js:350:25)
    at invokeEventListeners (/home/stocks/algo/webapp/frontend/node_modules/jsdom/lib/jsdom/living/events/EventTarget-impl.js:286:3)
    at HTMLUnknownElementImpl._dispatch (/home/stocks/algo/webapp/frontend/node_modules/jsdom/lib/jsdom/living/events/EventTarget-impl.js:233:9)
    at HTMLUnknownElementImpl.dispatchEvent (/home/stocks/algo/webapp/frontend/node_modules/jsdom/lib/jsdom/living/events/EventTarget-impl.js:104:17)
Error: Uncaught [TypeError: portfolioData.map is not a function]
    at reportException (/home/stocks/algo/webapp/frontend/node_modules/jsdom/lib/jsdom/living/helpers/runtime-script-errors.js:66:24)
    at innerInvokeEventListeners (/home/stocks/algo/webapp/frontend/node_modules/jsdom/lib/jsdom/living/events/EventTarget-impl.js:353:9)
    at invokeEventListeners (/home/stocks/algo/webapp/frontend/node_modules/jsdom/lib/jsdom/living/events/EventTarget-impl.js:286:3)
    at HTMLUnknownElementImpl._dispatch (/home/stocks/algo/webapp/frontend/node_modules/jsdom/lib/jsdom/living/events/EventTarget-impl.js:233:9)
    at HTMLUnknownElementImpl.dispatchEvent (/home/stocks/algo/webapp/frontend/node_modules/jsdom/lib/jsdom/living/events/EventTarget-impl.js:104:17)
    at HTMLUnknownElement.dispatchEvent (/home/stocks/algo/webapp/frontend/node_modules/jsdom/lib/jsdom/living/generated/EventTarget.js:241:34)
    at Object.invokeGuardedCallbackDev (/home/stocks/algo/webapp/frontend/node_modules/react-dom/cjs/react-dom.development.js:4213:16)
    at invokeGuardedCallback (/home/stocks/algo/webapp/frontend/node_modules/react-dom/cjs/react-dom.development.js:4277:31)
    at beginWork$1 (/home/stocks/algo/webapp/frontend/node_modules/react-dom/cjs/react-dom.development.js:27490:7)
    at performUnitOfWork (/home/stocks/algo/webapp/frontend/node_modules/react-dom/cjs/react-dom.development.js:26599:12) TypeError: portfolioData.map is not a function
    at PortfolioManager (/home/stocks/algo/webapp/frontend/src/components/PortfolioManager.jsx:434:30)
    at renderWithHooks (/home/stocks/algo/webapp/frontend/node_modules/react-dom/cjs/react-dom.development.js:15486:18)
    at updateFunctionComponent (/home/stocks/algo/webapp/frontend/node_modules/react-dom/cjs/react-dom.development.js:19617:20)
    at beginWork (/home/stocks/algo/webapp/frontend/node_modules/react-dom/cjs/react-dom.development.js:21640:16)
    at HTMLUnknownElement.callCallback (/home/stocks/algo/webapp/frontend/node_modules/react-dom/cjs/react-dom.development.js:4164:14)
    at HTMLUnknownElement.callTheUserObjectsOperation (/home/stocks/algo/webapp/frontend/node_modules/jsdom/lib/jsdom/living/generated/EventListener.js:26:30)
    at innerInvokeEventListeners (/home/stocks/algo/webapp/frontend/node_modules/jsdom/lib/jsdom/living/events/EventTarget-impl.js:350:25)
    at invokeEventListeners (/home/stocks/algo/webapp/frontend/node_modules/jsdom/lib/jsdom/living/events/EventTarget-impl.js:286:3)
    at HTMLUnknownElementImpl._dispatch (/home/stocks/algo/webapp/frontend/node_modules/jsdom/lib/jsdom/living/events/EventTarget-impl.js:233:9)
    at HTMLUnknownElementImpl.dispatchEvent (/home/stocks/algo/webapp/frontend/node_modules/jsdom/lib/jsdom/living/events/EventTarget-impl.js:104:17)

            </system-err>
            <failure message="Unable to find an element with the text: Portfolio Overview. This could be because the text is broken up by multiple elements. In this case, you can provide a function for your text matcher to make your matcher more flexible.

Ignored nodes: comments, script, style
[36m&lt;body&gt;[39m
  [36m&lt;div /&gt;[39m
[36m&lt;/body&gt;[39m

Ignored nodes: comments, script, style
[36m&lt;html&gt;[39m
  [36m&lt;head /&gt;[39m
  [36m&lt;body&gt;[39m
    [36m&lt;div /&gt;[39m
  [36m&lt;/body&gt;[39m
[36m&lt;/html&gt;[39m..." type="TestingLibraryElementError">
TestingLibraryElementError: Unable to find an element with the text: Portfolio Overview. This could be because the text is broken up by multiple elements. In this case, you can provide a function for your text matcher to make your matcher more flexible.

Ignored nodes: comments, script, style
&lt;body&gt;
  &lt;div /&gt;
&lt;/body&gt;

Ignored nodes: comments, script, style
[...]
    at HTMLUnknownElementImpl.dispatchEvent (/home/stocks/algo/webapp/frontend/node_modules/jsdom/lib/jsdom/living/events/EventTarget-impl.js:104:17)
    at HTMLUnknownElement.dispatchEvent (/home/stocks/algo/webapp/frontend/node_modules/jsdom/lib/jsdom/living/generated/EventTarget.js:241:34)
    at Object.invokeGuardedCallbackDev (/home/stocks/algo/webapp/frontend/node_modules/react-dom/cjs/react-dom.development.js:4213:16)
    at invokeGuardedCallback (/home/stocks/algo/webapp/frontend/node_modules/react-dom/cjs/react-dom.development.js:4277:31)
    at beginWork$1 (/home/stocks/algo/webapp/frontend/node_modules/react-dom/cjs/react-dom.development.js:27490:7)
    at performUnitOfWork (/home/stocks/algo/webapp/frontend/node_modules/react-dom/cjs/react-dom.development.js:26599:12) TypeError: portfolioData.map is not a function
    at PortfolioManager (/home/stocks/algo/webapp/frontend/src/components/PortfolioManager.jsx:434:30)
    at renderWithHooks (/home/stocks/algo/webapp/frontend/node_modules/react-dom/cjs/react-dom.development.js:15486:18)
    at updateFunctionComponent (/home/stocks/algo/webapp/frontend/node_modules/react-dom/cjs/react-dom.development.js:19617:20)
    at beginWork (/home/stocks/algo/webapp/frontend/node_modules/react-dom/cjs/react-dom.development.js:21640:16)
    at HTMLUnknownElement.callCallback (/home/stocks/algo/webapp/frontend/node_modules/react-dom/cjs/react-dom.development.js:4164:14)
    at HTMLUnknownElement.callTheUserObjectsOperation (/home/stocks/algo/webapp/frontend/node_modules/jsdom/lib/jsdom/living/generated/EventListener.js:26:30)
    at innerInvokeEventListeners (/home/stocks/algo/webapp/frontend/node_modules/jsdom/lib/jsdom/living/events/EventTarget-impl.js:350:25)
    at invokeEventListeners (/home/stocks/algo/webapp/frontend/node_modules/jsdom/lib/jsdom/living/events/EventTarget-impl.js:286:3)
    at HTMLUnknownElementImpl._dispatch (/home/stocks/algo/webapp/frontend/node_modules/jsdom/lib/jsdom/living/events/EventTarget-impl.js:233:9)
    at HTMLUnknownElementImpl.dispatchEvent (/home/stocks/algo/webapp/frontend/node_modules/jsdom/lib/jsdom/living/events/EventTarget-impl.js:104:17)
Error: Uncaught [TypeError: portfolioData.map is not a function]
    at reportException (/home/stocks/algo/webapp/frontend/node_modules/jsdom/lib/jsdom/living/helpers/runtime-script-errors.js:66:24)
    at innerInvokeEventListeners (/home/stocks/algo/webapp/frontend/node_modules/jsdom/lib/jsdom/living/events/EventTarget-impl.js:353:9)
    at invokeEventListeners (/home/stocks/algo/webapp/frontend/node_modules/jsdom/lib/jsdom/living/events/EventTarget-impl.js:286:3)
    at HTMLUnknownElementImpl._dispatch (/home/stocks/algo/webapp/frontend/node_modules/jsdom/lib/jsdom/living/events/EventTarget-impl.js:233:9)
    at HTMLUnknownElementImpl.dispatchEvent (/home/stocks/algo/webapp/frontend/node_modules/jsdom/lib/jsdom/living/events/EventTarget-impl.js:104:17)
    at HTMLUnknownElement.dispatchEvent (/home/stocks/algo/webapp/frontend/node_modules/jsdom/lib/jsdom/living/generated/EventTarget.js:241:34)
    at Object.invokeGuardedCallbackDev (/home/stocks/algo/webapp/frontend/node_modules/react-dom/cjs/react-dom.development.js:4213:16)
    at invokeGuardedCallback (/home/stocks/algo/webapp/frontend/node_modules/react-dom/cjs/react-dom.development.js:4277:31)
    at beginWork$1 (/home/stocks/algo/webapp/frontend/node_modules/react-dom/cjs/react-dom.development.js:27490:7)
    at performUnitOfWork (/home/stocks/algo/webapp/frontend/node_modules/react-dom/cjs/react-dom.development.js:26599:12) TypeError: portfolioData.map is not a function
    at PortfolioManager (/home/stocks/algo/webapp/frontend/src/components/PortfolioManager.jsx:434:30)
    at renderWithHooks (/home/stocks/algo/webapp/frontend/node_modules/react-dom/cjs/react-dom.development.js:15486:18)
    at updateFunctionComponent (/home/stocks/algo/webapp/frontend/node_modules/react-dom/cjs/react-dom.development.js:19617:20)
    at beginWork (/home/stocks/algo/webapp/frontend/node_modules/react-dom/cjs/react-dom.development.js:21640:16)
    at HTMLUnknownElement.callCallback (/home/stocks/algo/webapp/frontend/node_modules/react-dom/cjs/react-dom.development.js:4164:14)
    at HTMLUnknownElement.callTheUserObjectsOperation (/home/stocks/algo/webapp/frontend/node_modules/jsdom/lib/jsdom/living/generated/EventListener.js:26:30)
    at innerInvokeEventListeners (/home/stocks/algo/webapp/frontend/node_modules/jsdom/lib/jsdom/living/events/EventTarget-impl.js:350:25)
    at invokeEventListeners (/home/stocks/algo/webapp/frontend/node_modules/jsdom/lib/jsdom/living/events/EventTarget-impl.js:286:3)
    at HTMLUnknownElementImpl._dispatch (/home/stocks/algo/webapp/frontend/node_modules/jsdom/lib/jsdom/living/events/EventTarget-impl.js:233:9)
    at HTMLUnknownElementImpl.dispatchEvent (/home/stocks/algo/webapp/frontend/node_modules/jsdom/lib/jsdom/living/events/EventTarget-impl.js:104:17)

Error: Uncaught [TypeError: portfolioData.map is not a function]
    at reportException (/home/stocks/algo/webapp/frontend/node_modules/jsdom/lib/jsdom/living/helpers/runtime-script-errors.js:66:24)
    at innerInvokeEventListeners (/home/stocks/algo/webapp/frontend/node_modules/jsdom/lib/jsdom/living/events/EventTarget-impl.js:353:9)
    at invokeEventListeners (/home/stocks/algo/webapp/frontend/node_modules/jsdom/lib/jsdom/living/events/EventTarget-impl.js:286:3)
    at HTMLUnknownElementImpl._dispatch (/home/stocks/algo/webapp/frontend/node_modules/jsdom/lib/jsdom/living/events/EventTarget-impl.js:233:9)
    at HTMLUnknownElementImpl.dispatchEvent (/home/stocks/algo/webapp/frontend/node_modules/jsdom/lib/jsdom/living/events/EventTarget-impl.js:104:17)
    at HTMLUnknownElement.dispatchEvent (/home/stocks/algo/webapp/frontend/node_modules/jsdom/lib/jsdom/living/generated/EventTarget.js:241:34)
    at Object.invokeGuardedCallbackDev (/home/stocks/algo/webapp/frontend/node_modules/react-dom/cjs/react-dom.development.js:4213:16)
    at invokeGuardedCallback (/home/stocks/algo/webapp/frontend/node_modules/react-dom/cjs/react-dom.development.js:4277:31)
    at beginWork$1 (/home/stocks/algo/webapp/frontend/node_modules/react-dom/cjs/react-dom.development.js:27490:7)
    at performUnitOfWork (/home/stocks/algo/webapp/frontend/node_modules/react-dom/cjs/react-dom.development.js:26599:12) TypeError: portfolioData.map is not a function
    at PortfolioManager (/home/stocks/algo/webapp/frontend/src/components/PortfolioManager.jsx:434:30)
    at renderWithHooks (/home/stocks/algo/webapp/frontend/node_modules/react-dom/cjs/react-dom.development.js:15486:18)
    at updateFunctionComponent (/home/stocks/algo/webapp/frontend/node_modules/react-dom/cjs/react-dom.development.js:19617:20)
    at beginWork (/home/stocks/algo/webapp/frontend/node_modules/react-dom/cjs/react-dom.development.js:21640:16)
    at HTMLUnknownElement.callCallback (/home/stocks/algo/webapp/frontend/node_modules/react-dom/cjs/react-dom.development.js:4164:14)
    at HTMLUnknownElement.callTheUserObjectsOperation (/home/stocks/algo/webapp/frontend/node_modules/jsdom/lib/jsdom/living/generated/EventListener.js:26:30)
    at innerInvokeEventListeners (/home/stocks/algo/webapp/frontend/node_modules/jsdom/lib/jsdom/living/events/EventTarget-impl.js:350:25)
    at invokeEventListeners (/home/stocks/algo/webapp/frontend/node_modules/jsdom/lib/jsdom/living/events/EventTarget-impl.js:286:3)
    at HTMLUnknownElementImpl._dispatch (/home/stocks/algo/webapp/frontend/node_modules/jsdom/lib/jsdom/living/events/EventTarget-impl.js:233:9)
    at HTMLUnknownElementImpl.dispatchEvent (/home/stocks/algo/webapp/frontend/node_modules/jsdom/lib/jsdom/living/events/EventTarget-impl.js:104:17)
Error: Uncaught [TypeError: portfolioData.map is not a function]
    at reportException (/home/stocks/algo/webapp/frontend/node_modules/jsdom/lib/jsdom/living/helpers/runtime-script-errors.js:66:24)
    at innerInvokeEventListeners (/home/stocks/algo/webapp/frontend/node_modules/jsdom/lib/jsdom/living/events/EventTarget-impl.js:353:9)
    at invokeEventListeners (/home/stocks/algo/webapp/frontend/node_modules/jsdom/lib/jsdom/living/events/EventTarget-impl.js:286:3)
    at HTMLUnknownElementImpl._dispatch (/home/stocks/algo/webapp/frontend/node_modules/jsdom/lib/jsdom/living/events/EventTarget-impl.js:233:9)
    at HTMLUnknownElementImpl.dispatchEvent (/home/stocks/algo/webapp/frontend/node_modules/jsdom/lib/jsdom/living/events/EventTarget-impl.js:104:17)
    at HTMLUnknownElement.dispatchEvent (/home/stocks/algo/webapp/frontend/node_modules/jsdom/lib/jsdom/living/generated/EventTarget.js:241:34)
    at Object.invokeGuardedCallbackDev (/home/stocks/algo/webapp/frontend/node_modules/react-dom/cjs/react-dom.development.js:4213:16)
    at invokeGuardedCallback (/home/stocks/algo/webapp/frontend/node_modules/react-dom/cjs/react-dom.development.js:4277:31)
    at beginWork$1 (/home/stocks/algo/webapp/frontend/node_modules/react-dom/cjs/react-dom.development.js:27490:7)
    at performUnitOfWork (/home/stocks/algo/webapp/frontend/node_modules/react-dom/cjs/react-dom.development.js:26599:12) TypeError: portfolioData.map is not a function
    at PortfolioManager (/home/stocks/algo/webapp/frontend/src/components/PortfolioManager.jsx:434:30)
    at renderWithHooks (/home/stocks/algo/webapp/frontend/node_modules/react-dom/cjs/react-dom.development.js:15486:18)
    at updateFunctionComponent (/home/stocks/algo/webapp/frontend/node_modules/react-dom/cjs/react-dom.development.js:19617:20)
    at beginWork (/home/stocks/algo/webapp/frontend/node_modules/react-dom/cjs/react-dom.development.js:21640:16)
    at HTMLUnknownElement.callCallback (/home/stocks/algo/webapp/frontend/node_modules/react-dom/cjs/react-dom.development.js:4164:14)
    at HTMLUnknownElement.callTheUserObjectsOperation (/home/stocks/algo/webapp/frontend/node_modules/jsdom/lib/jsdom/living/generated/EventListener.js:26:30)
    at innerInvokeEventListeners (/home/stocks/algo/webapp/frontend/node_modules/jsdom/lib/jsdom/living/events/EventTarget-impl.js:350:25)
    at invokeEventListeners (/home/stocks/algo/webapp/frontend/node_modules/jsdom/lib/jsdom/living/events/EventTarget-impl.js:286:3)
    at HTMLUnknownElementImpl._dispatch (/home/stocks/algo/webapp/frontend/node_modules/jsdom/lib/jsdom/living/events/EventTarget-impl.js:233:9)
    at HTMLUnknownElementImpl.dispatchEvent (/home/stocks/algo/webapp/frontend/node_modules/jsdom/lib/jsdom/living/events/EventTarget-impl.js:104:17)

Error: Uncaught [TypeError: portfolioData.map is not a function]
    at reportException (/home/stocks/algo/webapp/frontend/node_modules/jsdom/lib/jsdom/living/helpers/runtime-script-errors.js:66:24)
    at innerInvokeEventListeners (/home/stocks/algo/webapp/frontend/node_modules/jsdom/lib/jsdom/living/events/EventTarget-impl.js:353:9)
    at invokeEventListeners (/home/stocks/algo/webapp/frontend/node_modules/jsdom/lib/jsdom/living/events/EventTarget-impl.js:286:3)
    at HTMLUnknownElementImpl._dispatch (/home/stocks/algo/webapp/frontend/node_modules/jsdom/lib/jsdom/living/events/EventTarget-impl.js:233:9)
    at HTMLUnknownElementImpl.dispatchEvent (/home/stocks/algo/webapp/frontend/node_modules/jsdom/lib/jsdom/living/events/EventTarget-impl.js:104:17)
    at HTMLUnknownElement.dispatchEvent (/home/stocks/algo/webapp/frontend/node_modules/jsdom/lib/jsdom/living/generated/EventTarget.js:241:34)
    at Object.invokeGuardedCallbackDev (/home/stocks/algo/webapp/frontend/node_modules/react-dom/cjs/react-dom.development.js:4213:16)
    at invokeGuardedCallback (/home/stocks/algo/webapp/frontend/node_modules/react-dom/cjs/react-dom.development.js:4277:31)
    at beginWork$1 (/home/stocks/algo/webapp/frontend/node_modules/react-dom/cjs/react-dom.development.js:27490:7)
    at performUnitOfWork (/home/stocks/algo/webapp/frontend/node_modules/react-dom/cjs/react-dom.development.js:26599:12) TypeError: portfolioData.map is not a function
    at PortfolioManager (/home/stocks/algo/webapp/frontend/src/components/PortfolioManager.jsx:434:30)
    at renderWithHooks (/home/stocks/algo/webapp/frontend/node_modules/react-dom/cjs/react-dom.development.js:15486:18)
    at updateFunctionComponent (/home/stocks/algo/webapp/frontend/node_modules/react-dom/cjs/react-dom.development.js:19617:20)
    at beginWork (/home/stocks/algo/webapp/frontend/node_modules/react-dom/cjs/react-dom.development.js:21640:16)
    at HTMLUnknownElement.callCallback (/home/stocks/algo/webapp/frontend/node_modules/react-dom/cjs/react-dom.development.js:4164:14)
    at HTMLUnknownElement.callTheUserObjectsOperation (/home/stocks/algo/webapp/frontend/node_modules/jsdom/lib/jsdom/living/generated/EventListener.js:26:30)
    at innerInvokeEventListeners (/home/stocks/algo/webapp/frontend/node_modules/jsdom/lib/jsdom/living/events/EventTarget-impl.js:350:25)
    at invokeEventListeners (/home/stocks/algo/webapp/frontend/node_modules/jsdom/lib/jsdom/living/events/EventTarget-impl.js:286:3)
    at HTMLUnknownElementImpl._dispatch (/home/stocks/algo/webapp/frontend/node_modules/jsdom/lib/jsdom/living/events/EventTarget-impl.js:233:9)
    at HTMLUnknownElementImpl.dispatchEvent (/home/stocks/algo/webapp/frontend/node_modules/jsdom/lib/jsdom/living/events/EventTarget-impl.js:104:17)
Error: Uncaught [TypeError: portfolioData.map is not a function]
    at reportException (/home/stocks/algo/webapp/frontend/node_modules/jsdom/lib/jsdom/living/helpers/runtime-script-errors.js:66:24)
    at innerInvokeEventListeners (/home/stocks/algo/webapp/frontend/node_modules/jsdom/lib/jsdom/living/events/EventTarget-impl.js:353:9)
    at invokeEventListeners (/home/stocks/algo/webapp/frontend/node_modules/jsdom/lib/jsdom/living/events/EventTarget-impl.js:286:3)
    at HTMLUnknownElementImpl._dispatch (/home/stocks/algo/webapp/frontend/node_modules/jsdom/lib/jsdom/living/events/EventTarget-impl.js:233:9)
    at HTMLUnknownElementImpl.dispatchEvent (/home/stocks/algo/webapp/frontend/node_modules/jsdom/lib/jsdom/living/events/EventTarget-impl.js:104:17)
    at HTMLUnknownElement.dispatchEvent (/home/stocks/algo/webapp/frontend/node_modules/jsdom/lib/jsdom/living/generated/EventTarget.js:241:34)
    at Object.invokeGuardedCallbackDev (/home/stocks/algo/webapp/frontend/node_modules/react-dom/cjs/react-dom.development.js:4213:16)
    at invokeGuardedCallback (/home/stocks/algo/webapp/frontend/node_modules/react-dom/cjs/react-dom.development.js:4277:31)
    at beginWork$1 (/home/stocks/algo/webapp/frontend/node_modules/react-dom/cjs/react-dom.development.js:27490:7)
    at performUnitOfWork (/home/stocks/algo/webapp/frontend/node_modules/react-dom/cjs/react-dom.development.js:26599:12) TypeError: portfolioData.map is not a function
    at PortfolioManager (/home/stocks/algo/webapp/frontend/src/components/PortfolioManager.jsx:434:30)
    at renderWithHooks (/home/stocks/algo/webapp/frontend/node_modules/react-dom/cjs/react-dom.development.js:15486:18)
    at updateFunctionComponent (/home/stocks/algo/webapp/frontend/node_modules/react-dom/cjs/react-dom.development.js:19617:20)
    at beginWork (/home/stocks/algo/webapp/frontend/node_modules/react-dom/cjs/react-dom.development.js:21640:16)
    at HTMLUnknownElement.callCallback (/home/stocks/algo/webapp/frontend/node_modules/react-dom/cjs/react-dom.development.js:4164:14)
    at HTMLUnknownElement.callTheUserObjectsOperation (/home/stocks/algo/webapp/frontend/node_modules/jsdom/lib/jsdom/living/generated/EventListener.js:26:30)
    at innerInvokeEventListeners (/home/stocks/algo/webapp/frontend/node_modules/jsdom/lib/jsdom/living/events/EventTarget-impl.js:350:25)
    at invokeEventListeners (/home/stocks/algo/webapp/frontend/node_modules/jsdom/lib/jsdom/living/events/EventTarget-impl.js:286:3)
    at HTMLUnknownElementImpl._dispatch (/home/stocks/algo/webapp/frontend/node_modules/jsdom/lib/jsdom/living/events/EventTarget-impl.js:233:9)
    at HTMLUnknownElementImpl.dispatchEvent (/home/stocks/algo/webapp/frontend/node_modules/jsdom/lib/jsdom/living/events/EventTarget-impl.js:104:17)

            </system-err>
            <failure message="Unable to find an element with the text: Portfolio Overview. This could be because the text is broken up by multiple elements. In this case, you can provide a function for your text matcher to make your matcher more flexible.

Ignored nodes: comments, script, style
[36m&lt;body&gt;[39m
  [36m&lt;div /&gt;[39m
[36m&lt;/body&gt;[39m

Ignored nodes: comments, script, style
[36m&lt;html&gt;[39m
  [36m&lt;head /&gt;[39m
  [36m&lt;body&gt;[39m
    [36m&lt;div /&gt;[39m
  [36m&lt;/body&gt;[39m
[36m&lt;/html&gt;[39m..." type="TestingLibraryElementError">
TestingLibraryElementError: Unable to find an element with the text: Portfolio Overview. This could be because the text is broken up by multiple elements. In this case, you can provide a function for your text matcher to make your matcher more flexible.

Ignored nodes: comments, script, style
&lt;body&gt;
  &lt;div /&gt;
&lt;/body&gt;

Ignored nodes: comments, script, style
&lt;html&gt;
  &lt;head /&gt;
  &lt;body&gt;
    &lt;div /&gt;
  &lt;/body&gt;
&lt;/html&gt;...
 ❯ Proxy.waitForWrapper node_modules/@testing-library/react/node_modules/@testing-library/dom/dist/wait-for.js:163:27
 ❯ src/tests/unit/components/real-portfolio-manager.test.jsx:623:13
            </failure>
            <failure message="Unable to find an element with the text: Portfolio Overview. This could be because the text is broken up by multiple elements. In this case, you can provide a function for your text matcher to make your matcher more flexible.

Ignored nodes: comments, script, style
[36m&lt;body&gt;[39m
  [36m&lt;div /&gt;[39m
[36m&lt;/body&gt;[39m

Ignored nodes: comments, script, style
[36m&lt;html&gt;[39m
  [36m&lt;head /&gt;[39m
  [36m&lt;body&gt;[39m
    [36m&lt;div /&gt;[39m
  [36m&lt;/body&gt;[39m
[36m&lt;/html&gt;[39m..." type="TestingLibraryElementError">
TestingLibraryElementError: Unable to find an element with the text: Portfolio Overview. This could be because the text is broken up by multiple elements. In this case, you can provide a function for your text matcher to make your matcher more flexible.

Ignored nodes: comments, script, style
&lt;body&gt;
  &lt;div /&gt;
&lt;/body&gt;

Ignored nodes: comments, script, style
&lt;html&gt;
  &lt;head /&gt;
  &lt;body&gt;
    &lt;div /&gt;
  &lt;/body&gt;
&lt;/html&gt;...
 ❯ Proxy.waitForWrapper node_modules/@testing-library/react/node_modules/@testing-library/dom/dist/wait-for.js:163:27
 ❯ src/tests/unit/components/real-portfolio-manager.test.jsx:623:13
            </failure>
            <failure message="Unable to find an element with the text: Portfolio Overview. This could be because the text is broken up by multiple elements. In this case, you can provide a function for your text matcher to make your matcher more flexible.

Ignored nodes: comments, script, style
[36m&lt;body&gt;[39m
  [36m&lt;div /&gt;[39m
[36m&lt;/body&gt;[39m

Ignored nodes: comments, script, style
[36m&lt;html&gt;[39m
  [36m&lt;head /&gt;[39m
  [36m&lt;body&gt;[39m
    [36m&lt;div /&gt;[39m
  [36m&lt;/body&gt;[39m
[36m&lt;/html&gt;[39m..." type="TestingLibraryElementError">
TestingLibraryElementError: Unable to find an element with the text: Portfolio Overview. This could be because the text is broken up by multiple elements. In this case, you can provide a function for your text matcher to make your matcher more flexible.

Ignored nodes: comments, script, style
&lt;body&gt;
  &lt;div /&gt;
&lt;/body&gt;

Ignored nodes: comments, script, style
&lt;html&gt;
  &lt;head /&gt;
  &lt;body&gt;
    &lt;div /&gt;
  &lt;/body&gt;
&lt;/html&gt;...
 ❯ Proxy.waitForWrapper node_modules/@testing-library/react/node_modules/@testing-library/dom/dist/wait-for.js:163:27
 ❯ src/tests/unit/components/real-portfolio-manager.test.jsx:623:13
            </failure>
        </testcase>
    </testsuite>
</testsuites>
